[ 2017-10-19T14:42:31+08:00 ] 127.0.0.1 /Teacher
INFO: [ app_init ] --START--
INFO: Run Behavior\BuildLiteBehavior [ RunTime:0.000010s ]
INFO: [ app_init ] --END-- [ RunTime:0.000047s ]
NOTIC: [2] preg_match(): Unknown modifier 'f' E:\web\www\main\Library\Think\Route.class.php 第 58 行.
INFO: [ app_begin ] --START--
INFO: Run Behavior\ReadHtmlCacheBehavior [ RunTime:0.000583s ]
INFO: [ app_begin ] --END-- [ RunTime:0.000625s ]
NOTIC: [8] Undefined index: Teacher E:\web\www\tk\Common\Controller\SystemLayerController.class.php 第 24 行.
NOTIC: [8] Undefined index: Teacher E:\web\www\tk\Common\Controller\DefaultController.class.php 第 24 行.
NOTIC: [8] Undefined index: u E:\web\www\tk\Teacher\Controller\IndexController.class.php 第 14 行.
INFO: [ view_parse ] --START--
INFO: [ template_filter ] --START--
INFO: Run Behavior\ContentReplaceBehavior [ RunTime:0.000042s ]
INFO: [ template_filter ] --END-- [ RunTime:0.000103s ]
INFO: Run Behavior\ParseTemplateBehavior [ RunTime:0.008974s ]
INFO: [ view_parse ] --END-- [ RunTime:0.009015s ]
INFO: [ view_filter ] --START--
INFO: Run Behavior\WriteHtmlCacheBehavior [ RunTime:0.000379s ]
INFO: Run Behavior\TokenBuildBehavior [ RunTime:0.000577s ]
INFO: [ view_filter ] --END-- [ RunTime:0.001026s ]
INFO: [ app_end ] --START--
INFO: Run Behavior\ShowPageTraceBehavior [ RunTime:0.000646s ]
INFO: [ app_end ] --END-- [ RunTime:0.000677s ]

[ 2017-10-19T14:42:32+08:00 ] 127.0.0.1 /Teacher/Public/menu.html
INFO: [ app_init ] --START--
INFO: Run Behavior\BuildLiteBehavior [ RunTime:0.000011s ]
INFO: [ app_init ] --END-- [ RunTime:0.000052s ]
NOTIC: [2] preg_match(): Unknown modifier 'f' E:\web\www\main\Library\Think\Route.class.php 第 58 行.
NOTIC: [2] preg_match(): Unknown modifier 'f' E:\web\www\main\Library\Think\Route.class.php 第 58 行.
INFO: [ app_begin ] --START--
INFO: Run Behavior\ReadHtmlCacheBehavior [ RunTime:0.000579s ]
INFO: [ app_begin ] --END-- [ RunTime:0.000619s ]
NOTIC: [8] Undefined index: Teacher E:\web\www\tk\Common\Controller\SystemLayerController.class.php 第 24 行.
NOTIC: [8] Undefined index: Teacher E:\web\www\tk\Common\Controller\DefaultController.class.php 第 24 行.
INFO: [ view_parse ] --START--
INFO: [ template_filter ] --START--
INFO: Run Behavior\ContentReplaceBehavior [ RunTime:0.000037s ]
INFO: [ template_filter ] --END-- [ RunTime:0.000077s ]
INFO: Run Behavior\ParseTemplateBehavior [ RunTime:0.010587s ]
INFO: [ view_parse ] --END-- [ RunTime:0.010647s ]
INFO: [ view_filter ] --START--
INFO: Run Behavior\WriteHtmlCacheBehavior [ RunTime:0.000421s ]
INFO: Run Behavior\TokenBuildBehavior [ RunTime:0.000724s ]
INFO: [ view_filter ] --END-- [ RunTime:0.001199s ]
INFO: [ app_end ] --START--
INFO: Run Behavior\ShowPageTraceBehavior [ RunTime:0.000573s ]
INFO: [ app_end ] --END-- [ RunTime:0.000612s ]

[ 2017-10-19T14:42:32+08:00 ] 127.0.0.1 /Teacher/Public/top.html
INFO: [ app_init ] --START--
INFO: Run Behavior\BuildLiteBehavior [ RunTime:0.000010s ]
INFO: [ app_init ] --END-- [ RunTime:0.000048s ]
NOTIC: [2] preg_match(): Unknown modifier 'f' E:\web\www\main\Library\Think\Route.class.php 第 58 行.
NOTIC: [2] preg_match(): Unknown modifier 'f' E:\web\www\main\Library\Think\Route.class.php 第 58 行.
INFO: [ app_begin ] --START--
INFO: Run Behavior\ReadHtmlCacheBehavior [ RunTime:0.000728s ]
INFO: [ app_begin ] --END-- [ RunTime:0.000768s ]
NOTIC: [8] Undefined index: Teacher E:\web\www\tk\Common\Controller\SystemLayerController.class.php 第 24 行.
NOTIC: [8] Undefined index: Teacher E:\web\www\tk\Common\Controller\DefaultController.class.php 第 24 行.
INFO: [ view_parse ] --START--
INFO: [ template_filter ] --START--
INFO: Run Behavior\ContentReplaceBehavior [ RunTime:0.000040s ]
INFO: [ template_filter ] --END-- [ RunTime:0.000115s ]
INFO: Run Behavior\ParseTemplateBehavior [ RunTime:0.011152s ]
INFO: [ view_parse ] --END-- [ RunTime:0.011200s ]
INFO: [ view_filter ] --START--
INFO: Run Behavior\WriteHtmlCacheBehavior [ RunTime:0.000461s ]
INFO: Run Behavior\TokenBuildBehavior [ RunTime:0.000550s ]
INFO: [ view_filter ] --END-- [ RunTime:0.001066s ]
INFO: [ app_end ] --START--
INFO: Run Behavior\ShowPageTraceBehavior [ RunTime:0.000766s ]
INFO: [ app_end ] --END-- [ RunTime:0.000801s ]

[ 2017-10-19T14:42:32+08:00 ] 127.0.0.1 /Teacher/Public/drag.html
INFO: [ app_init ] --START--
INFO: Run Behavior\BuildLiteBehavior [ RunTime:0.000010s ]
INFO: [ app_init ] --END-- [ RunTime:0.000047s ]
NOTIC: [2] preg_match(): Unknown modifier 'f' E:\web\www\main\Library\Think\Route.class.php 第 58 行.
NOTIC: [2] preg_match(): Unknown modifier 'f' E:\web\www\main\Library\Think\Route.class.php 第 58 行.
INFO: [ app_begin ] --START--
INFO: Run Behavior\ReadHtmlCacheBehavior [ RunTime:0.000952s ]
INFO: [ app_begin ] --END-- [ RunTime:0.001002s ]
NOTIC: [8] Undefined index: Teacher E:\web\www\tk\Common\Controller\SystemLayerController.class.php 第 24 行.
NOTIC: [8] Undefined index: Teacher E:\web\www\tk\Common\Controller\DefaultController.class.php 第 24 行.
INFO: [ view_parse ] --START--
INFO: [ template_filter ] --START--
INFO: Run Behavior\ContentReplaceBehavior [ RunTime:0.000039s ]
INFO: [ template_filter ] --END-- [ RunTime:0.000086s ]
INFO: Run Behavior\ParseTemplateBehavior [ RunTime:0.010444s ]
INFO: [ view_parse ] --END-- [ RunTime:0.010496s ]
INFO: [ view_filter ] --START--
INFO: Run Behavior\WriteHtmlCacheBehavior [ RunTime:0.000256s ]
INFO: Run Behavior\TokenBuildBehavior [ RunTime:0.000433s ]
INFO: [ view_filter ] --END-- [ RunTime:0.000740s ]
INFO: [ app_end ] --START--
INFO: Run Behavior\ShowPageTraceBehavior [ RunTime:0.000512s ]
INFO: [ app_end ] --END-- [ RunTime:0.000544s ]

[ 2017-10-19T14:42:32+08:00 ] 127.0.0.1 /Teacher/Public/footer.html
INFO: [ app_init ] --START--
INFO: Run Behavior\BuildLiteBehavior [ RunTime:0.000009s ]
INFO: [ app_init ] --END-- [ RunTime:0.000046s ]
NOTIC: [2] preg_match(): Unknown modifier 'f' E:\web\www\main\Library\Think\Route.class.php 第 58 行.
NOTIC: [2] preg_match(): Unknown modifier 'f' E:\web\www\main\Library\Think\Route.class.php 第 58 行.
INFO: [ app_begin ] --START--
INFO: Run Behavior\ReadHtmlCacheBehavior [ RunTime:0.000518s ]
INFO: [ app_begin ] --END-- [ RunTime:0.000558s ]
NOTIC: [8] Undefined index: Teacher E:\web\www\tk\Common\Controller\SystemLayerController.class.php 第 24 行.
NOTIC: [8] Undefined index: Teacher E:\web\www\tk\Common\Controller\DefaultController.class.php 第 24 行.
INFO: [ view_parse ] --START--
INFO: [ template_filter ] --START--
INFO: Run Behavior\ContentReplaceBehavior [ RunTime:0.000057s ]
INFO: [ template_filter ] --END-- [ RunTime:0.000119s ]
INFO: Run Behavior\ParseTemplateBehavior [ RunTime:0.008944s ]
INFO: [ view_parse ] --END-- [ RunTime:0.009011s ]
INFO: [ view_filter ] --START--
INFO: Run Behavior\WriteHtmlCacheBehavior [ RunTime:0.000268s ]
INFO: Run Behavior\TokenBuildBehavior [ RunTime:0.000391s ]
INFO: [ view_filter ] --END-- [ RunTime:0.000722s ]
INFO: [ app_end ] --START--
INFO: Run Behavior\ShowPageTraceBehavior [ RunTime:0.000458s ]
INFO: [ app_end ] --END-- [ RunTime:0.000489s ]

[ 2017-10-19T14:42:32+08:00 ] 127.0.0.1 /Teacher/Public/main.html
INFO: [ app_init ] --START--
INFO: Run Behavior\BuildLiteBehavior [ RunTime:0.000011s ]
INFO: [ app_init ] --END-- [ RunTime:0.000049s ]
NOTIC: [2] preg_match(): Unknown modifier 'f' E:\web\www\main\Library\Think\Route.class.php 第 58 行.
NOTIC: [2] preg_match(): Unknown modifier 'f' E:\web\www\main\Library\Think\Route.class.php 第 58 行.
INFO: [ app_begin ] --START--
INFO: Run Behavior\ReadHtmlCacheBehavior [ RunTime:0.000478s ]
INFO: [ app_begin ] --END-- [ RunTime:0.000517s ]
NOTIC: [8] Undefined index: Teacher E:\web\www\tk\Common\Controller\SystemLayerController.class.php 第 24 行.
NOTIC: [8] Undefined index: Teacher E:\web\www\tk\Common\Controller\DefaultController.class.php 第 24 行.
INFO: [ view_parse ] --START--
INFO: [ template_filter ] --START--
INFO: Run Behavior\ContentReplaceBehavior [ RunTime:0.000040s ]
INFO: [ template_filter ] --END-- [ RunTime:0.000085s ]
INFO: Run Behavior\ParseTemplateBehavior [ RunTime:0.009517s ]
INFO: [ view_parse ] --END-- [ RunTime:0.009571s ]
INFO: [ view_filter ] --START--
INFO: Run Behavior\WriteHtmlCacheBehavior [ RunTime:0.000322s ]
INFO: Run Behavior\TokenBuildBehavior [ RunTime:0.000499s ]
INFO: [ view_filter ] --END-- [ RunTime:0.000885s ]
INFO: [ app_end ] --START--
INFO: Run Behavior\ShowPageTraceBehavior [ RunTime:0.000555s ]
INFO: [ app_end ] --END-- [ RunTime:0.000591s ]

[ 2017-10-19T14:42:37+08:00 ] 127.0.0.1 /Teacher/DocManager/index.html
INFO: [ app_init ] --START--
INFO: Run Behavior\BuildLiteBehavior [ RunTime:0.000011s ]
INFO: [ app_init ] --END-- [ RunTime:0.000047s ]
NOTIC: [2] preg_match(): Unknown modifier 'f' E:\web\www\main\Library\Think\Route.class.php 第 58 行.
NOTIC: [2] preg_match(): Unknown modifier 'f' E:\web\www\main\Library\Think\Route.class.php 第 58 行.
INFO: [ app_begin ] --START--
INFO: Run Behavior\ReadHtmlCacheBehavior [ RunTime:0.000558s ]
INFO: [ app_begin ] --END-- [ RunTime:0.000595s ]
NOTIC: [2048] Declaration of Teacher\Controller\DocManagerController::getdata() should be compatible with Common\Controller\CommonController::getData($param = Array) E:\web\www\tk\Teacher\Controller\DocManagerController.class.php 第 8 行.
NOTIC: [8] Undefined index: Teacher E:\web\www\tk\Common\Controller\SystemLayerController.class.php 第 24 行.
NOTIC: [8] Undefined index: Teacher E:\web\www\tk\Common\Controller\DefaultController.class.php 第 24 行.
NOTIC: [8] Undefined index: p E:\web\www\tk\Teacher\Controller\DocManagerController.class.php 第 13 行.
NOTIC: [8] Undefined index: name E:\web\www\tk\Teacher\Controller\DocManagerController.class.php 第 19 行.
NOTIC: [8] Undefined index: DocName E:\web\www\tk\Teacher\Controller\DocManagerController.class.php 第 24 行.
NOTIC: [8] Undefined index: DocID E:\web\www\tk\Teacher\Controller\DocManagerController.class.php 第 28 行.
NOTIC: [2] Missing argument 3 for WLNPage::init() E:\web\www\tk\Common\Tool\WLNPage.class.php 第 50 行.
NOTIC: [8] Undefined variable: thirdPram E:\web\www\tk\Common\Tool\WLNPage.class.php 第 51 行.
NOTIC: [2] array_merge(): Argument #2 is not an array E:\web\www\tk\Common\Tool\WLNPage.class.php 第 51 行.
NOTIC: [2] extract() expects parameter 1 to be array, null given E:\web\www\tk\Common\Tool\WLNPage.class.php 第 52 行.
NOTIC: [8] Undefined variable: parameter E:\web\www\tk\Common\Tool\WLNPage.class.php 第 54 行.
NOTIC: [8] Undefined index: phone E:\web\www\tk\Common\Tool\WLNPage.class.php 第 63 行.
NOTIC: [8] Undefined variable: type E:\web\www\tk\Common\Tool\WLNPage.class.php 第 88 行.
NOTIC: [8] Undefined variable: type E:\web\www\tk\Common\Tool\WLNPage.class.php 第 89 行.
INFO: [ view_parse ] --START--
INFO: [ template_filter ] --START--
INFO: Run Behavior\ContentReplaceBehavior [ RunTime:0.000055s ]
INFO: [ template_filter ] --END-- [ RunTime:0.000093s ]
INFO: Run Behavior\ParseTemplateBehavior [ RunTime:0.012208s ]
INFO: [ view_parse ] --END-- [ RunTime:0.012252s ]
INFO: [ view_filter ] --START--
INFO: Run Behavior\WriteHtmlCacheBehavior [ RunTime:0.000367s ]
INFO: Run Behavior\TokenBuildBehavior [ RunTime:0.000696s ]
INFO: [ view_filter ] --END-- [ RunTime:0.001117s ]
INFO: [ app_end ] --START--
INFO: Run Behavior\ShowPageTraceBehavior [ RunTime:0.000802s ]
INFO: [ app_end ] --END-- [ RunTime:0.000855s ]

[ 2017-10-19T14:52:39+08:00 ] 127.0.0.1 /Teacher/Public/password.html
INFO: [ app_init ] --START--
INFO: Run Behavior\BuildLiteBehavior [ RunTime:0.000027s ]
INFO: [ app_init ] --END-- [ RunTime:0.000080s ]
NOTIC: [2] preg_match(): Unknown modifier 'f' E:\web\www\main\Library\Think\Route.class.php 第 58 行.
NOTIC: [2] preg_match(): Unknown modifier 'f' E:\web\www\main\Library\Think\Route.class.php 第 58 行.
INFO: [ app_begin ] --START--
INFO: Run Behavior\ReadHtmlCacheBehavior [ RunTime:0.000496s ]
INFO: [ app_begin ] --END-- [ RunTime:0.000533s ]
NOTIC: [8] Undefined index: Teacher E:\web\www\tk\Common\Controller\SystemLayerController.class.php 第 24 行.
NOTIC: [8] Undefined index: Teacher E:\web\www\tk\Common\Controller\DefaultController.class.php 第 24 行.
INFO: [ view_parse ] --START--
INFO: [ template_filter ] --START--
INFO: Run Behavior\ContentReplaceBehavior [ RunTime:0.000039s ]
INFO: [ template_filter ] --END-- [ RunTime:0.000078s ]
NOTIC: [8] Undefined index: AdminID E:\web\www\tk\Runtime\Cache\Teacher\baf44853b1573ce7fb5c7f787e23b750.php 第 84 行.
INFO: Run Behavior\ParseTemplateBehavior [ RunTime:0.030011s ]
INFO: [ view_parse ] --END-- [ RunTime:0.030054s ]
INFO: [ view_filter ] --START--
INFO: Run Behavior\WriteHtmlCacheBehavior [ RunTime:0.000392s ]
INFO: Run Behavior\TokenBuildBehavior [ RunTime:0.000653s ]
INFO: [ view_filter ] --END-- [ RunTime:0.001098s ]
INFO: [ app_end ] --START--
INFO: Run Behavior\ShowPageTraceBehavior [ RunTime:0.000681s ]
INFO: [ app_end ] --END-- [ RunTime:0.000720s ]

[ 2017-10-19T14:52:45+08:00 ] 127.0.0.1 /Teacher/CustomIntro/individualTestList.html
INFO: [ app_init ] --START--
INFO: Run Behavior\BuildLiteBehavior [ RunTime:0.000010s ]
INFO: [ app_init ] --END-- [ RunTime:0.000046s ]
NOTIC: [2] preg_match(): Unknown modifier 'f' E:\web\www\main\Library\Think\Route.class.php 第 58 行.
NOTIC: [2] preg_match(): Unknown modifier 'f' E:\web\www\main\Library\Think\Route.class.php 第 58 行.
INFO: [ app_begin ] --START--
INFO: Run Behavior\ReadHtmlCacheBehavior [ RunTime:0.000499s ]
INFO: [ app_begin ] --END-- [ RunTime:0.000537s ]
NOTIC: [8] Undefined index: Teacher E:\web\www\tk\Common\Controller\SystemLayerController.class.php 第 24 行.
NOTIC: [8] Undefined index: Teacher E:\web\www\tk\Common\Controller\DefaultController.class.php 第 24 行.
NOTIC: [8] Undefined index: Status E:\web\www\tk\Teacher\Controller\CustomIntroController.class.php 第 94 行.
NOTIC: [8] Undefined index: Start E:\web\www\tk\Teacher\Controller\CustomIntroController.class.php 第 102 行.
NOTIC: [8] Undefined index: End E:\web\www\tk\Teacher\Controller\CustomIntroController.class.php 第 103 行.
NOTIC: [2048] Declaration of Custom\Model\CustomTestTaskListModel::insertData() should be compatible with Common\Model\BaseModel::insertData($data, $modelName = '') E:\web\www\tk\Custom\Model\CustomTestTaskListModel.class.php 第 130 行.
NOTIC: [2048] Declaration of Custom\Model\CustomTestTaskListModel::updateData() should be compatible with Common\Model\BaseModel::updateData($data, $where, $modelName = '') E:\web\www\tk\Custom\Model\CustomTestTaskListModel.class.php 第 130 行.
NOTIC: [2048] Declaration of Custom\Model\CustomTestTaskListModel::deleteData() should be compatible with Common\Model\BaseModel::deleteData($where, $modelName = '') E:\web\www\tk\Custom\Model\CustomTestTaskListModel.class.php 第 130 行.
NOTIC: [2048] Declaration of Custom\Model\CustomTestTaskListModel::findData() should be compatible with Common\Model\BaseModel::findData($field, $where, $order = '', $modelName = '') E:\web\www\tk\Custom\Model\CustomTestTaskListModel.class.php 第 130 行.
NOTIC: [8] Undefined index: p E:\web\www\tk\Teacher\Controller\CustomIntroController.class.php 第 125 行.
NOTIC: [2] Missing argument 3 for WLNPage::init() E:\web\www\tk\Common\Tool\WLNPage.class.php 第 50 行.
NOTIC: [8] Undefined variable: thirdPram E:\web\www\tk\Common\Tool\WLNPage.class.php 第 51 行.
NOTIC: [2] array_merge(): Argument #2 is not an array E:\web\www\tk\Common\Tool\WLNPage.class.php 第 51 行.
NOTIC: [2] extract() expects parameter 1 to be array, null given E:\web\www\tk\Common\Tool\WLNPage.class.php 第 52 行.
NOTIC: [8] Undefined variable: parameter E:\web\www\tk\Common\Tool\WLNPage.class.php 第 54 行.
NOTIC: [8] Undefined index: phone E:\web\www\tk\Common\Tool\WLNPage.class.php 第 63 行.
NOTIC: [8] Undefined variable: type E:\web\www\tk\Common\Tool\WLNPage.class.php 第 88 行.
NOTIC: [8] Undefined variable: type E:\web\www\tk\Common\Tool\WLNPage.class.php 第 89 行.
INFO: [ view_parse ] --START--
NOTIC: [8] Undefined index: class E:\web\www\main\Library\Think\Template\TagLib\Html.class.php 第 78 行.
NOTIC: [8] Undefined index: class E:\web\www\main\Library\Think\Template\TagLib\Html.class.php 第 78 行.
INFO: [ template_filter ] --START--
INFO: Run Behavior\ContentReplaceBehavior [ RunTime:0.000051s ]
INFO: [ template_filter ] --END-- [ RunTime:0.000092s ]
NOTIC: [8] Undefined index: name E:\web\www\tk\Runtime\Cache\Teacher\1faf2fb4bc7b47e60771f760a1eb7fc7.php 第 34 行.
NOTIC: [8] Undefined index: TestID E:\web\www\tk\Runtime\Cache\Teacher\1faf2fb4bc7b47e60771f760a1eb7fc7.php 第 44 行.
NOTIC: [8] Undefined index: Start E:\web\www\tk\Runtime\Cache\Teacher\1faf2fb4bc7b47e60771f760a1eb7fc7.php 第 48 行.
NOTIC: [8] Undefined index: End E:\web\www\tk\Runtime\Cache\Teacher\1faf2fb4bc7b47e60771f760a1eb7fc7.php 第 49 行.
INFO: Run Behavior\ParseTemplateBehavior [ RunTime:0.014786s ]
INFO: [ view_parse ] --END-- [ RunTime:0.014819s ]
INFO: [ view_filter ] --START--
INFO: Run Behavior\WriteHtmlCacheBehavior [ RunTime:0.000342s ]
INFO: Run Behavior\TokenBuildBehavior [ RunTime:0.000767s ]
INFO: [ view_filter ] --END-- [ RunTime:0.001160s ]
INFO: [ app_end ] --START--
INFO: Run Behavior\ShowPageTraceBehavior [ RunTime:0.000613s ]
INFO: [ app_end ] --END-- [ RunTime:0.000645s ]

[ 2017-10-19T14:52:46+08:00 ] 127.0.0.1 /Teacher/CustomCheck/index.html
INFO: [ app_init ] --START--
INFO: Run Behavior\BuildLiteBehavior [ RunTime:0.000024s ]
INFO: [ app_init ] --END-- [ RunTime:0.000078s ]
NOTIC: [2] preg_match(): Unknown modifier 'f' E:\web\www\main\Library\Think\Route.class.php 第 58 行.
NOTIC: [2] preg_match(): Unknown modifier 'f' E:\web\www\main\Library\Think\Route.class.php 第 58 行.
INFO: [ app_begin ] --START--
INFO: Run Behavior\ReadHtmlCacheBehavior [ RunTime:0.000502s ]
INFO: [ app_begin ] --END-- [ RunTime:0.000539s ]
NOTIC: [8] Undefined index: Teacher E:\web\www\tk\Common\Controller\SystemLayerController.class.php 第 24 行.
NOTIC: [8] Undefined index: Teacher E:\web\www\tk\Common\Controller\DefaultController.class.php 第 24 行.
NOTIC: [8] Undefined index: Status E:\web\www\tk\Teacher\Controller\CustomCheckController.class.php 第 33 行.
NOTIC: [2048] Declaration of Custom\Model\CustomTestTaskStatusModel::insertData() should be compatible with Common\Model\BaseModel::insertData($data, $modelName = '') E:\web\www\tk\Custom\Model\CustomTestTaskStatusModel.class.php 第 195 行.
NOTIC: [2048] Declaration of Custom\Model\CustomTestTaskStatusModel::deleteData() should be compatible with Common\Model\BaseModel::deleteData($where, $modelName = '') E:\web\www\tk\Custom\Model\CustomTestTaskStatusModel.class.php 第 195 行.
NOTIC: [2048] Declaration of Custom\Model\CustomTestAttrModel::insertData() should be compatible with Common\Model\BaseModel::insertData($data, $modelName = '') E:\web\www\tk\Custom\Model\CustomTestAttrModel.class.php 第 154 行.
NOTIC: [2048] Declaration of Custom\Model\CustomTestAttrModel::updateData() should be compatible with Common\Model\BaseModel::updateData($data, $where, $modelName = '') E:\web\www\tk\Custom\Model\CustomTestAttrModel.class.php 第 154 行.
NOTIC: [2048] Declaration of Custom\Model\CustomTestAttrModel::deleteData() should be compatible with Common\Model\BaseModel::deleteData($where, $modelName = '') E:\web\www\tk\Custom\Model\CustomTestAttrModel.class.php 第 154 行.
NOTIC: [8] Undefined index: p E:\web\www\tk\Teacher\Controller\CustomCheckController.class.php 第 67 行.
NOTIC: [2] Missing argument 3 for WLNPage::init() E:\web\www\tk\Common\Tool\WLNPage.class.php 第 50 行.
NOTIC: [8] Undefined variable: thirdPram E:\web\www\tk\Common\Tool\WLNPage.class.php 第 51 行.
NOTIC: [2] array_merge(): Argument #2 is not an array E:\web\www\tk\Common\Tool\WLNPage.class.php 第 51 行.
NOTIC: [2] extract() expects parameter 1 to be array, null given E:\web\www\tk\Common\Tool\WLNPage.class.php 第 52 行.
NOTIC: [8] Undefined variable: parameter E:\web\www\tk\Common\Tool\WLNPage.class.php 第 54 行.
NOTIC: [8] Undefined index: phone E:\web\www\tk\Common\Tool\WLNPage.class.php 第 63 行.
NOTIC: [8] Undefined variable: type E:\web\www\tk\Common\Tool\WLNPage.class.php 第 88 行.
NOTIC: [8] Undefined variable: type E:\web\www\tk\Common\Tool\WLNPage.class.php 第 89 行.
INFO: [ view_parse ] --START--
NOTIC: [8] Undefined index: class E:\web\www\main\Library\Think\Template\TagLib\Html.class.php 第 78 行.
NOTIC: [8] Undefined index: class E:\web\www\main\Library\Think\Template\TagLib\Html.class.php 第 78 行.
INFO: [ template_filter ] --START--
INFO: Run Behavior\ContentReplaceBehavior [ RunTime:0.000073s ]
INFO: [ template_filter ] --END-- [ RunTime:0.000112s ]
NOTIC: [8] Undefined index: name E:\web\www\tk\Runtime\Cache\Teacher\bb0483885b64c0a72a6b8f3de11897bb.php 第 34 行.
INFO: Run Behavior\ParseTemplateBehavior [ RunTime:0.010924s ]
INFO: [ view_parse ] --END-- [ RunTime:0.010961s ]
INFO: [ view_filter ] --START--
INFO: Run Behavior\WriteHtmlCacheBehavior [ RunTime:0.000352s ]
INFO: Run Behavior\TokenBuildBehavior [ RunTime:0.000520s ]
INFO: [ view_filter ] --END-- [ RunTime:0.000953s ]
INFO: [ app_end ] --START--
INFO: Run Behavior\ShowPageTraceBehavior [ RunTime:0.000467s ]
INFO: [ app_end ] --END-- [ RunTime:0.000496s ]

[ 2017-10-19T14:52:47+08:00 ] 127.0.0.1 /Teacher/CustomTestLog/index.html
INFO: [ app_init ] --START--
INFO: Run Behavior\BuildLiteBehavior [ RunTime:0.000010s ]
INFO: [ app_init ] --END-- [ RunTime:0.000046s ]
NOTIC: [2] preg_match(): Unknown modifier 'f' E:\web\www\main\Library\Think\Route.class.php 第 58 行.
NOTIC: [2] preg_match(): Unknown modifier 'f' E:\web\www\main\Library\Think\Route.class.php 第 58 行.
INFO: [ app_begin ] --START--
INFO: Run Behavior\ReadHtmlCacheBehavior [ RunTime:0.000484s ]
INFO: [ app_begin ] --END-- [ RunTime:0.000520s ]
NOTIC: [8] Undefined index: Teacher E:\web\www\tk\Common\Controller\SystemLayerController.class.php 第 24 行.
NOTIC: [8] Undefined index: Teacher E:\web\www\tk\Common\Controller\DefaultController.class.php 第 24 行.
NOTIC: [8] Undefined index: name E:\web\www\tk\Teacher\Controller\CustomTestLogController.class.php 第 27 行.
NOTIC: [8] Undefined index: name E:\web\www\tk\Teacher\Controller\CustomTestLogController.class.php 第 27 行.
NOTIC: [8] Undefined index: TestID E:\web\www\tk\Teacher\Controller\CustomTestLogController.class.php 第 33 行.
NOTIC: [8] Undefined index: Start E:\web\www\tk\Teacher\Controller\CustomTestLogController.class.php 第 37 行.
NOTIC: [8] Undefined index: End E:\web\www\tk\Teacher\Controller\CustomTestLogController.class.php 第 38 行.
NOTIC: [2] Missing argument 3 for WLNPage::init() E:\web\www\tk\Common\Tool\WLNPage.class.php 第 50 行.
NOTIC: [8] Undefined variable: thirdPram E:\web\www\tk\Common\Tool\WLNPage.class.php 第 51 行.
NOTIC: [2] array_merge(): Argument #2 is not an array E:\web\www\tk\Common\Tool\WLNPage.class.php 第 51 行.
NOTIC: [2] extract() expects parameter 1 to be array, null given E:\web\www\tk\Common\Tool\WLNPage.class.php 第 52 行.
NOTIC: [8] Undefined variable: parameter E:\web\www\tk\Common\Tool\WLNPage.class.php 第 54 行.
NOTIC: [8] Undefined index: phone E:\web\www\tk\Common\Tool\WLNPage.class.php 第 63 行.
NOTIC: [8] Undefined variable: type E:\web\www\tk\Common\Tool\WLNPage.class.php 第 88 行.
NOTIC: [8] Undefined variable: type E:\web\www\tk\Common\Tool\WLNPage.class.php 第 89 行.
NOTIC: [8] Undefined index: p E:\web\www\tk\Teacher\Controller\CustomTestLogController.class.php 第 62 行.
INFO: [ view_parse ] --START--
NOTIC: [8] Undefined index: class E:\web\www\main\Library\Think\Template\TagLib\Html.class.php 第 78 行.
NOTIC: [8] Undefined index: class E:\web\www\main\Library\Think\Template\TagLib\Html.class.php 第 78 行.
INFO: [ template_filter ] --START--
INFO: Run Behavior\ContentReplaceBehavior [ RunTime:0.000045s ]
INFO: [ template_filter ] --END-- [ RunTime:0.000082s ]
NOTIC: [8] Undefined index: name E:\web\www\tk\Runtime\Cache\Teacher\e327324e8eb88fcb62c39081b57e1840.php 第 37 行.
NOTIC: [8] Undefined index: TestID E:\web\www\tk\Runtime\Cache\Teacher\e327324e8eb88fcb62c39081b57e1840.php 第 49 行.
NOTIC: [8] Undefined index: Start E:\web\www\tk\Runtime\Cache\Teacher\e327324e8eb88fcb62c39081b57e1840.php 第 53 行.
NOTIC: [8] Undefined index: End E:\web\www\tk\Runtime\Cache\Teacher\e327324e8eb88fcb62c39081b57e1840.php 第 54 行.
INFO: Run Behavior\ParseTemplateBehavior [ RunTime:0.009611s ]
INFO: [ view_parse ] --END-- [ RunTime:0.009650s ]
INFO: [ view_filter ] --START--
INFO: Run Behavior\WriteHtmlCacheBehavior [ RunTime:0.000332s ]
INFO: Run Behavior\TokenBuildBehavior [ RunTime:0.000592s ]
INFO: [ view_filter ] --END-- [ RunTime:0.000976s ]
INFO: [ app_end ] --START--
INFO: Run Behavior\ShowPageTraceBehavior [ RunTime:0.000553s ]
INFO: [ app_end ] --END-- [ RunTime:0.000587s ]

[ 2017-10-19T14:52:48+08:00 ] 127.0.0.1 /Teacher/CustomIntro/individualTestList.html
INFO: [ app_init ] --START--
INFO: Run Behavior\BuildLiteBehavior [ RunTime:0.000011s ]
INFO: [ app_init ] --END-- [ RunTime:0.000047s ]
NOTIC: [2] preg_match(): Unknown modifier 'f' E:\web\www\main\Library\Think\Route.class.php 第 58 行.
NOTIC: [2] preg_match(): Unknown modifier 'f' E:\web\www\main\Library\Think\Route.class.php 第 58 行.
INFO: [ app_begin ] --START--
INFO: Run Behavior\ReadHtmlCacheBehavior [ RunTime:0.000589s ]
INFO: [ app_begin ] --END-- [ RunTime:0.000626s ]
NOTIC: [8] Undefined index: Teacher E:\web\www\tk\Common\Controller\SystemLayerController.class.php 第 24 行.
NOTIC: [8] Undefined index: Teacher E:\web\www\tk\Common\Controller\DefaultController.class.php 第 24 行.
NOTIC: [8] Undefined index: Status E:\web\www\tk\Teacher\Controller\CustomIntroController.class.php 第 94 行.
NOTIC: [8] Undefined index: Start E:\web\www\tk\Teacher\Controller\CustomIntroController.class.php 第 102 行.
NOTIC: [8] Undefined index: End E:\web\www\tk\Teacher\Controller\CustomIntroController.class.php 第 103 行.
NOTIC: [2048] Declaration of Custom\Model\CustomTestTaskListModel::insertData() should be compatible with Common\Model\BaseModel::insertData($data, $modelName = '') E:\web\www\tk\Custom\Model\CustomTestTaskListModel.class.php 第 130 行.
NOTIC: [2048] Declaration of Custom\Model\CustomTestTaskListModel::updateData() should be compatible with Common\Model\BaseModel::updateData($data, $where, $modelName = '') E:\web\www\tk\Custom\Model\CustomTestTaskListModel.class.php 第 130 行.
NOTIC: [2048] Declaration of Custom\Model\CustomTestTaskListModel::deleteData() should be compatible with Common\Model\BaseModel::deleteData($where, $modelName = '') E:\web\www\tk\Custom\Model\CustomTestTaskListModel.class.php 第 130 行.
NOTIC: [2048] Declaration of Custom\Model\CustomTestTaskListModel::findData() should be compatible with Common\Model\BaseModel::findData($field, $where, $order = '', $modelName = '') E:\web\www\tk\Custom\Model\CustomTestTaskListModel.class.php 第 130 行.
NOTIC: [8] Undefined index: p E:\web\www\tk\Teacher\Controller\CustomIntroController.class.php 第 125 行.
NOTIC: [2] Missing argument 3 for WLNPage::init() E:\web\www\tk\Common\Tool\WLNPage.class.php 第 50 行.
NOTIC: [8] Undefined variable: thirdPram E:\web\www\tk\Common\Tool\WLNPage.class.php 第 51 行.
NOTIC: [2] array_merge(): Argument #2 is not an array E:\web\www\tk\Common\Tool\WLNPage.class.php 第 51 行.
NOTIC: [2] extract() expects parameter 1 to be array, null given E:\web\www\tk\Common\Tool\WLNPage.class.php 第 52 行.
NOTIC: [8] Undefined variable: parameter E:\web\www\tk\Common\Tool\WLNPage.class.php 第 54 行.
NOTIC: [8] Undefined index: phone E:\web\www\tk\Common\Tool\WLNPage.class.php 第 63 行.
NOTIC: [8] Undefined variable: type E:\web\www\tk\Common\Tool\WLNPage.class.php 第 88 行.
NOTIC: [8] Undefined variable: type E:\web\www\tk\Common\Tool\WLNPage.class.php 第 89 行.
INFO: [ view_parse ] --START--
NOTIC: [8] Undefined index: class E:\web\www\main\Library\Think\Template\TagLib\Html.class.php 第 78 行.
NOTIC: [8] Undefined index: class E:\web\www\main\Library\Think\Template\TagLib\Html.class.php 第 78 行.
INFO: [ template_filter ] --START--
INFO: Run Behavior\ContentReplaceBehavior [ RunTime:0.000054s ]
INFO: [ template_filter ] --END-- [ RunTime:0.000095s ]
NOTIC: [8] Undefined index: name E:\web\www\tk\Runtime\Cache\Teacher\1faf2fb4bc7b47e60771f760a1eb7fc7.php 第 34 行.
NOTIC: [8] Undefined index: TestID E:\web\www\tk\Runtime\Cache\Teacher\1faf2fb4bc7b47e60771f760a1eb7fc7.php 第 44 行.
NOTIC: [8] Undefined index: Start E:\web\www\tk\Runtime\Cache\Teacher\1faf2fb4bc7b47e60771f760a1eb7fc7.php 第 48 行.
NOTIC: [8] Undefined index: End E:\web\www\tk\Runtime\Cache\Teacher\1faf2fb4bc7b47e60771f760a1eb7fc7.php 第 49 行.
INFO: Run Behavior\ParseTemplateBehavior [ RunTime:0.011704s ]
INFO: [ view_parse ] --END-- [ RunTime:0.011744s ]
INFO: [ view_filter ] --START--
INFO: Run Behavior\WriteHtmlCacheBehavior [ RunTime:0.000434s ]
INFO: Run Behavior\TokenBuildBehavior [ RunTime:0.000612s ]
INFO: [ view_filter ] --END-- [ RunTime:0.001106s ]
INFO: [ app_end ] --START--
INFO: Run Behavior\ShowPageTraceBehavior [ RunTime:0.000607s ]
INFO: [ app_end ] --END-- [ RunTime:0.000642s ]

[ 2017-10-19T14:52:48+08:00 ] 127.0.0.1 /Teacher/CustomIntro/taskTestList.html
INFO: [ app_init ] --START--
INFO: Run Behavior\BuildLiteBehavior [ RunTime:0.000012s ]
INFO: [ app_init ] --END-- [ RunTime:0.000090s ]
NOTIC: [2] preg_match(): Unknown modifier 'f' E:\web\www\main\Library\Think\Route.class.php 第 58 行.
NOTIC: [2] preg_match(): Unknown modifier 'f' E:\web\www\main\Library\Think\Route.class.php 第 58 行.
INFO: [ app_begin ] --START--
INFO: Run Behavior\ReadHtmlCacheBehavior [ RunTime:0.000536s ]
INFO: [ app_begin ] --END-- [ RunTime:0.000575s ]
NOTIC: [8] Undefined index: Teacher E:\web\www\tk\Common\Controller\SystemLayerController.class.php 第 24 行.
NOTIC: [8] Undefined index: Teacher E:\web\www\tk\Common\Controller\DefaultController.class.php 第 24 行.
NOTIC: [8] Undefined variable: testID E:\web\www\tk\Teacher\Controller\CustomIntroController.class.php 第 43 行.
NOTIC: [2048] Declaration of Custom\Model\CustomTestTaskStatusModel::insertData() should be compatible with Common\Model\BaseModel::insertData($data, $modelName = '') E:\web\www\tk\Custom\Model\CustomTestTaskStatusModel.class.php 第 195 行.
NOTIC: [2048] Declaration of Custom\Model\CustomTestTaskStatusModel::deleteData() should be compatible with Common\Model\BaseModel::deleteData($where, $modelName = '') E:\web\www\tk\Custom\Model\CustomTestTaskStatusModel.class.php 第 195 行.
NOTIC: [2] Missing argument 3 for WLNPage::init() E:\web\www\tk\Common\Tool\WLNPage.class.php 第 50 行.
NOTIC: [8] Undefined variable: thirdPram E:\web\www\tk\Common\Tool\WLNPage.class.php 第 51 行.
NOTIC: [2] array_merge(): Argument #2 is not an array E:\web\www\tk\Common\Tool\WLNPage.class.php 第 51 行.
NOTIC: [2] extract() expects parameter 1 to be array, null given E:\web\www\tk\Common\Tool\WLNPage.class.php 第 52 行.
NOTIC: [8] Undefined variable: parameter E:\web\www\tk\Common\Tool\WLNPage.class.php 第 54 行.
NOTIC: [8] Undefined index: phone E:\web\www\tk\Common\Tool\WLNPage.class.php 第 63 行.
NOTIC: [8] Undefined variable: type E:\web\www\tk\Common\Tool\WLNPage.class.php 第 88 行.
NOTIC: [8] Undefined variable: type E:\web\www\tk\Common\Tool\WLNPage.class.php 第 89 行.
NOTIC: [8] Undefined index: p E:\web\www\tk\Teacher\Controller\CustomIntroController.class.php 第 54 行.
INFO: [ view_parse ] --START--
NOTIC: [8] Undefined index: class E:\web\www\main\Library\Think\Template\TagLib\Html.class.php 第 78 行.
INFO: [ template_filter ] --START--
INFO: Run Behavior\ContentReplaceBehavior [ RunTime:0.000044s ]
INFO: [ template_filter ] --END-- [ RunTime:0.000087s ]
NOTIC: [8] Undefined index: TestID E:\web\www\tk\Runtime\Cache\Teacher\0f1c2449a39b91d14620e6656cccf9dd.php 第 33 行.
INFO: Run Behavior\ParseTemplateBehavior [ RunTime:0.017300s ]
INFO: [ view_parse ] --END-- [ RunTime:0.017337s ]
INFO: [ view_filter ] --START--
INFO: Run Behavior\WriteHtmlCacheBehavior [ RunTime:0.000276s ]
INFO: Run Behavior\TokenBuildBehavior [ RunTime:0.000473s ]
INFO: [ view_filter ] --END-- [ RunTime:0.000798s ]
INFO: [ app_end ] --START--
INFO: Run Behavior\ShowPageTraceBehavior [ RunTime:0.000587s ]
INFO: [ app_end ] --END-- [ RunTime:0.000633s ]

[ 2017-10-19T14:52:50+08:00 ] 127.0.0.1 /Teacher/Check/index/Status/0.html
INFO: [ app_init ] --START--
INFO: Run Behavior\BuildLiteBehavior [ RunTime:0.000025s ]
INFO: [ app_init ] --END-- [ RunTime:0.000077s ]
NOTIC: [2] preg_match(): Unknown modifier 'f' E:\web\www\main\Library\Think\Route.class.php 第 58 行.
NOTIC: [2] preg_match(): Unknown modifier 'f' E:\web\www\main\Library\Think\Route.class.php 第 58 行.
INFO: [ app_begin ] --START--
INFO: Run Behavior\ReadHtmlCacheBehavior [ RunTime:0.000475s ]
INFO: [ app_begin ] --END-- [ RunTime:0.000511s ]
NOTIC: [8] Undefined index: Teacher E:\web\www\tk\Common\Controller\SystemLayerController.class.php 第 24 行.
NOTIC: [8] Undefined index: Teacher E:\web\www\tk\Common\Controller\DefaultController.class.php 第 24 行.
NOTIC: [8] Undefined index: page E:\web\www\tk\Teacher\Controller\CheckController.class.php 第 45 行.
NOTIC: [2] Missing argument 3 for WLNPage::init() E:\web\www\tk\Common\Tool\WLNPage.class.php 第 50 行.
NOTIC: [8] Undefined variable: thirdPram E:\web\www\tk\Common\Tool\WLNPage.class.php 第 51 行.
NOTIC: [2] array_merge(): Argument #2 is not an array E:\web\www\tk\Common\Tool\WLNPage.class.php 第 51 行.
NOTIC: [2] extract() expects parameter 1 to be array, null given E:\web\www\tk\Common\Tool\WLNPage.class.php 第 52 行.
NOTIC: [8] Undefined variable: parameter E:\web\www\tk\Common\Tool\WLNPage.class.php 第 54 行.
NOTIC: [8] Undefined index: phone E:\web\www\tk\Common\Tool\WLNPage.class.php 第 63 行.
NOTIC: [8] Undefined variable: type E:\web\www\tk\Common\Tool\WLNPage.class.php 第 88 行.
NOTIC: [8] Undefined variable: type E:\web\www\tk\Common\Tool\WLNPage.class.php 第 89 行.
INFO: [ view_parse ] --START--
INFO: [ template_filter ] --START--
INFO: Run Behavior\ContentReplaceBehavior [ RunTime:0.000042s ]
INFO: [ template_filter ] --END-- [ RunTime:0.000080s ]
INFO: Run Behavior\ParseTemplateBehavior [ RunTime:0.009168s ]
INFO: [ view_parse ] --END-- [ RunTime:0.009210s ]
INFO: [ view_filter ] --START--
INFO: Run Behavior\WriteHtmlCacheBehavior [ RunTime:0.000283s ]
INFO: Run Behavior\TokenBuildBehavior [ RunTime:0.000449s ]
INFO: [ view_filter ] --END-- [ RunTime:0.000779s ]
INFO: [ app_end ] --START--
INFO: Run Behavior\ShowPageTraceBehavior [ RunTime:0.000617s ]
INFO: [ app_end ] --END-- [ RunTime:0.000651s ]

[ 2017-10-19T14:52:50+08:00 ] 127.0.0.1 /Teacher/Check/index/Status/1.html
INFO: [ app_init ] --START--
INFO: Run Behavior\BuildLiteBehavior [ RunTime:0.000012s ]
INFO: [ app_init ] --END-- [ RunTime:0.000066s ]
NOTIC: [2] preg_match(): Unknown modifier 'f' E:\web\www\main\Library\Think\Route.class.php 第 58 行.
NOTIC: [2] preg_match(): Unknown modifier 'f' E:\web\www\main\Library\Think\Route.class.php 第 58 行.
INFO: [ app_begin ] --START--
INFO: Run Behavior\ReadHtmlCacheBehavior [ RunTime:0.000535s ]
INFO: [ app_begin ] --END-- [ RunTime:0.000571s ]
NOTIC: [8] Undefined index: Teacher E:\web\www\tk\Common\Controller\SystemLayerController.class.php 第 24 行.
NOTIC: [8] Undefined index: Teacher E:\web\www\tk\Common\Controller\DefaultController.class.php 第 24 行.
NOTIC: [8] Undefined index: page E:\web\www\tk\Teacher\Controller\CheckController.class.php 第 45 行.
NOTIC: [2] Missing argument 3 for WLNPage::init() E:\web\www\tk\Common\Tool\WLNPage.class.php 第 50 行.
NOTIC: [8] Undefined variable: thirdPram E:\web\www\tk\Common\Tool\WLNPage.class.php 第 51 行.
NOTIC: [2] array_merge(): Argument #2 is not an array E:\web\www\tk\Common\Tool\WLNPage.class.php 第 51 行.
NOTIC: [2] extract() expects parameter 1 to be array, null given E:\web\www\tk\Common\Tool\WLNPage.class.php 第 52 行.
NOTIC: [8] Undefined variable: parameter E:\web\www\tk\Common\Tool\WLNPage.class.php 第 54 行.
NOTIC: [8] Undefined index: phone E:\web\www\tk\Common\Tool\WLNPage.class.php 第 63 行.
NOTIC: [8] Undefined variable: type E:\web\www\tk\Common\Tool\WLNPage.class.php 第 88 行.
NOTIC: [8] Undefined variable: type E:\web\www\tk\Common\Tool\WLNPage.class.php 第 89 行.
INFO: [ view_parse ] --START--
INFO: [ template_filter ] --START--
INFO: Run Behavior\ContentReplaceBehavior [ RunTime:0.000042s ]
INFO: [ template_filter ] --END-- [ RunTime:0.000079s ]
INFO: Run Behavior\ParseTemplateBehavior [ RunTime:0.008870s ]
INFO: [ view_parse ] --END-- [ RunTime:0.008938s ]
INFO: [ view_filter ] --START--
INFO: Run Behavior\WriteHtmlCacheBehavior [ RunTime:0.000297s ]
INFO: Run Behavior\TokenBuildBehavior [ RunTime:0.000544s ]
INFO: [ view_filter ] --END-- [ RunTime:0.000893s ]
INFO: [ app_end ] --START--
INFO: Run Behavior\ShowPageTraceBehavior [ RunTime:0.000479s ]
INFO: [ app_end ] --END-- [ RunTime:0.000508s ]

[ 2017-10-19T14:52:51+08:00 ] 127.0.0.1 /Teacher/Check/index/Status/2.html
INFO: [ app_init ] --START--
INFO: Run Behavior\BuildLiteBehavior [ RunTime:0.000011s ]
INFO: [ app_init ] --END-- [ RunTime:0.000048s ]
NOTIC: [2] preg_match(): Unknown modifier 'f' E:\web\www\main\Library\Think\Route.class.php 第 58 行.
NOTIC: [2] preg_match(): Unknown modifier 'f' E:\web\www\main\Library\Think\Route.class.php 第 58 行.
INFO: [ app_begin ] --START--
INFO: Run Behavior\ReadHtmlCacheBehavior [ RunTime:0.000517s ]
INFO: [ app_begin ] --END-- [ RunTime:0.000555s ]
NOTIC: [8] Undefined index: Teacher E:\web\www\tk\Common\Controller\SystemLayerController.class.php 第 24 行.
NOTIC: [8] Undefined index: Teacher E:\web\www\tk\Common\Controller\DefaultController.class.php 第 24 行.
NOTIC: [8] Undefined index: page E:\web\www\tk\Teacher\Controller\CheckController.class.php 第 45 行.
NOTIC: [2] Missing argument 3 for WLNPage::init() E:\web\www\tk\Common\Tool\WLNPage.class.php 第 50 行.
NOTIC: [8] Undefined variable: thirdPram E:\web\www\tk\Common\Tool\WLNPage.class.php 第 51 行.
NOTIC: [2] array_merge(): Argument #2 is not an array E:\web\www\tk\Common\Tool\WLNPage.class.php 第 51 行.
NOTIC: [2] extract() expects parameter 1 to be array, null given E:\web\www\tk\Common\Tool\WLNPage.class.php 第 52 行.
NOTIC: [8] Undefined variable: parameter E:\web\www\tk\Common\Tool\WLNPage.class.php 第 54 行.
NOTIC: [8] Undefined index: phone E:\web\www\tk\Common\Tool\WLNPage.class.php 第 63 行.
NOTIC: [8] Undefined variable: type E:\web\www\tk\Common\Tool\WLNPage.class.php 第 88 行.
NOTIC: [8] Undefined variable: type E:\web\www\tk\Common\Tool\WLNPage.class.php 第 89 行.
INFO: [ view_parse ] --START--
INFO: [ template_filter ] --START--
INFO: Run Behavior\ContentReplaceBehavior [ RunTime:0.000058s ]
INFO: [ template_filter ] --END-- [ RunTime:0.000114s ]
INFO: Run Behavior\ParseTemplateBehavior [ RunTime:0.010395s ]
INFO: [ view_parse ] --END-- [ RunTime:0.010437s ]
INFO: [ view_filter ] --START--
INFO: Run Behavior\WriteHtmlCacheBehavior [ RunTime:0.000241s ]
INFO: Run Behavior\TokenBuildBehavior [ RunTime:0.000525s ]
INFO: [ view_filter ] --END-- [ RunTime:0.000814s ]
INFO: [ app_end ] --START--
INFO: Run Behavior\ShowPageTraceBehavior [ RunTime:0.000495s ]
INFO: [ app_end ] --END-- [ RunTime:0.000525s ]

[ 2017-10-19T14:52:53+08:00 ] 127.0.0.1 /Teacher/Task/index/Status/0.html
INFO: [ app_init ] --START--
INFO: Run Behavior\BuildLiteBehavior [ RunTime:0.000010s ]
INFO: [ app_init ] --END-- [ RunTime:0.000046s ]
NOTIC: [2] preg_match(): Unknown modifier 'f' E:\web\www\main\Library\Think\Route.class.php 第 58 行.
NOTIC: [2] preg_match(): Unknown modifier 'f' E:\web\www\main\Library\Think\Route.class.php 第 58 行.
INFO: [ app_begin ] --START--
INFO: Run Behavior\ReadHtmlCacheBehavior [ RunTime:0.000576s ]
INFO: [ app_begin ] --END-- [ RunTime:0.000618s ]
NOTIC: [8] Undefined index: Teacher E:\web\www\tk\Common\Controller\SystemLayerController.class.php 第 24 行.
NOTIC: [8] Undefined index: Teacher E:\web\www\tk\Common\Controller\DefaultController.class.php 第 24 行.
NOTIC: [8] Undefined index: page E:\web\www\tk\Teacher\Controller\TaskController.class.php 第 47 行.
NOTIC: [2] Missing argument 3 for WLNPage::init() E:\web\www\tk\Common\Tool\WLNPage.class.php 第 50 行.
NOTIC: [8] Undefined variable: thirdPram E:\web\www\tk\Common\Tool\WLNPage.class.php 第 51 行.
NOTIC: [2] array_merge(): Argument #2 is not an array E:\web\www\tk\Common\Tool\WLNPage.class.php 第 51 行.
NOTIC: [2] extract() expects parameter 1 to be array, null given E:\web\www\tk\Common\Tool\WLNPage.class.php 第 52 行.
NOTIC: [8] Undefined variable: parameter E:\web\www\tk\Common\Tool\WLNPage.class.php 第 54 行.
NOTIC: [8] Undefined index: phone E:\web\www\tk\Common\Tool\WLNPage.class.php 第 63 行.
NOTIC: [8] Undefined variable: type E:\web\www\tk\Common\Tool\WLNPage.class.php 第 88 行.
NOTIC: [8] Undefined variable: type E:\web\www\tk\Common\Tool\WLNPage.class.php 第 89 行.
INFO: [ view_parse ] --START--
INFO: [ template_filter ] --START--
INFO: Run Behavior\ContentReplaceBehavior [ RunTime:0.000038s ]
INFO: [ template_filter ] --END-- [ RunTime:0.000075s ]
INFO: Run Behavior\ParseTemplateBehavior [ RunTime:0.010548s ]
INFO: [ view_parse ] --END-- [ RunTime:0.010615s ]
INFO: [ view_filter ] --START--
INFO: Run Behavior\WriteHtmlCacheBehavior [ RunTime:0.000284s ]
INFO: Run Behavior\TokenBuildBehavior [ RunTime:0.000487s ]
INFO: [ view_filter ] --END-- [ RunTime:0.000817s ]
INFO: [ app_end ] --START--
INFO: Run Behavior\ShowPageTraceBehavior [ RunTime:0.000530s ]
INFO: [ app_end ] --END-- [ RunTime:0.000560s ]

