[ 2017-10-08T10:04:21+08:00 ] 223.96.76.2 /Statistics/Index/home.html?times=0.16621397831477225&_=1507428260407
INFO: [ app_init ] --START--
INFO: Run Behavior\BuildLiteBehavior [ RunTime:0.000000s ]
INFO: [ app_init ] --END-- [ RunTime:0.000000s ]
NOTIC: [2] preg_match(): Unknown modifier 'f' E:\www\www\main\Library\Think\Route.class.php 第 58 行.
NOTIC: [2] preg_match(): Unknown modifier 'f' E:\www\www\main\Library\Think\Route.class.php 第 58 行.
INFO: [ app_begin ] --START--
INFO: Run Behavior\ReadHtmlCacheBehavior [ RunTime:0.000976s ]
INFO: [ app_begin ] --END-- [ RunTime:0.000976s ]

[ 2017-10-08T10:45:55+08:00 ] 115.60.60.208 /Statistics/Index/home.html?times=0.6951279626232842&_=1507430754391
INFO: [ app_init ] --START--
INFO: Run Behavior\BuildLiteBehavior [ RunTime:0.000000s ]
INFO: [ app_init ] --END-- [ RunTime:0.000976s ]
NOTIC: [2] preg_match(): Unknown modifier 'f' E:\www\www\main\Library\Think\Route.class.php 第 58 行.
NOTIC: [2] preg_match(): Unknown modifier 'f' E:\www\www\main\Library\Think\Route.class.php 第 58 行.
INFO: [ app_begin ] --START--
INFO: Run Behavior\ReadHtmlCacheBehavior [ RunTime:0.000976s ]
INFO: [ app_begin ] --END-- [ RunTime:0.000976s ]

[ 2017-10-08T10:46:00+08:00 ] 115.60.60.208 /Statistics/Index/home.html?times=0.751533240029111&_=1507430759389
INFO: [ app_init ] --START--
INFO: Run Behavior\BuildLiteBehavior [ RunTime:0.000000s ]
INFO: [ app_init ] --END-- [ RunTime:0.000976s ]
NOTIC: [2] preg_match(): Unknown modifier 'f' E:\www\www\main\Library\Think\Route.class.php 第 58 行.
NOTIC: [2] preg_match(): Unknown modifier 'f' E:\www\www\main\Library\Think\Route.class.php 第 58 行.
INFO: [ app_begin ] --START--
INFO: Run Behavior\ReadHtmlCacheBehavior [ RunTime:0.000977s ]
INFO: [ app_begin ] --END-- [ RunTime:0.000977s ]

[ 2017-10-08T10:46:04+08:00 ] 112.65.193.15 /Statistics/Index/home.html?times=0.6951279626232842&_=1507430754391
INFO: [ app_init ] --START--
INFO: Run Behavior\BuildLiteBehavior [ RunTime:0.000000s ]
INFO: [ app_init ] --END-- [ RunTime:0.000000s ]
NOTIC: [2] preg_match(): Unknown modifier 'f' E:\www\www\main\Library\Think\Route.class.php 第 58 行.
NOTIC: [2] preg_match(): Unknown modifier 'f' E:\www\www\main\Library\Think\Route.class.php 第 58 行.
INFO: [ app_begin ] --START--
INFO: Run Behavior\ReadHtmlCacheBehavior [ RunTime:0.000976s ]
INFO: [ app_begin ] --END-- [ RunTime:0.000976s ]
NOTIC: [8] Undefined index: return E:\www\www\tk\Common\Controller\SystemLayerController.class.php 第 395 行.
NOTIC: [2] Missing argument 4 for Common\Controller\SystemLayerController::showSuccessMsg(), called in E:\www\www\tk\Common\Controller\SystemLayerController.class.php on line 401 and defined E:\www\www\tk\Common\Controller\SystemLayerController.class.php 第 231 行.
NOTIC: [8] Undefined variable: displayContent E:\www\www\tk\Common\Controller\SystemLayerController.class.php 第 249 行.
ERR: 模板不存在:../tk/Statistics/View/Index/home.html

[ 2017-10-08T10:46:05+08:00 ] 115.60.60.208 /Statistics/Index/home.html?times=0.47893364244217884&_=1507430764389
INFO: [ app_init ] --START--
INFO: Run Behavior\BuildLiteBehavior [ RunTime:0.000000s ]
INFO: [ app_init ] --END-- [ RunTime:0.000976s ]
NOTIC: [2] preg_match(): Unknown modifier 'f' E:\www\www\main\Library\Think\Route.class.php 第 58 行.
NOTIC: [2] preg_match(): Unknown modifier 'f' E:\www\www\main\Library\Think\Route.class.php 第 58 行.
INFO: [ app_begin ] --START--
INFO: Run Behavior\ReadHtmlCacheBehavior [ RunTime:0.000000s ]
INFO: [ app_begin ] --END-- [ RunTime:0.000000s ]

[ 2017-10-08T10:46:09+08:00 ] 140.207.185.109 /Statistics/Index/home.html?times=0.751533240029111&_=1507430759389
INFO: [ app_init ] --START--
INFO: Run Behavior\BuildLiteBehavior [ RunTime:0.000000s ]
INFO: [ app_init ] --END-- [ RunTime:0.000000s ]
NOTIC: [2] preg_match(): Unknown modifier 'f' E:\www\www\main\Library\Think\Route.class.php 第 58 行.
NOTIC: [2] preg_match(): Unknown modifier 'f' E:\www\www\main\Library\Think\Route.class.php 第 58 行.
INFO: [ app_begin ] --START--
INFO: Run Behavior\ReadHtmlCacheBehavior [ RunTime:0.000977s ]
INFO: [ app_begin ] --END-- [ RunTime:0.000977s ]
NOTIC: [8] Undefined index: return E:\www\www\tk\Common\Controller\SystemLayerController.class.php 第 395 行.
NOTIC: [2] Missing argument 4 for Common\Controller\SystemLayerController::showSuccessMsg(), called in E:\www\www\tk\Common\Controller\SystemLayerController.class.php on line 401 and defined E:\www\www\tk\Common\Controller\SystemLayerController.class.php 第 231 行.
NOTIC: [8] Undefined variable: displayContent E:\www\www\tk\Common\Controller\SystemLayerController.class.php 第 249 行.
ERR: 模板不存在:../tk/Statistics/View/Index/home.html

[ 2017-10-08T10:46:10+08:00 ] 115.60.60.208 /Statistics/Index/home.html?times=0.08966727933990204&_=1507430769390
INFO: [ app_init ] --START--
INFO: Run Behavior\BuildLiteBehavior [ RunTime:0.000000s ]
INFO: [ app_init ] --END-- [ RunTime:0.000000s ]
NOTIC: [2] preg_match(): Unknown modifier 'f' E:\www\www\main\Library\Think\Route.class.php 第 58 行.
NOTIC: [2] preg_match(): Unknown modifier 'f' E:\www\www\main\Library\Think\Route.class.php 第 58 行.
INFO: [ app_begin ] --START--
INFO: Run Behavior\ReadHtmlCacheBehavior [ RunTime:0.000977s ]
INFO: [ app_begin ] --END-- [ RunTime:0.000977s ]

[ 2017-10-08T10:46:14+08:00 ] 140.207.185.112 /Statistics/Index/home.html?times=0.47893364244217884&_=1507430764389
INFO: [ app_init ] --START--
INFO: Run Behavior\BuildLiteBehavior [ RunTime:0.000000s ]
INFO: [ app_init ] --END-- [ RunTime:0.000000s ]
NOTIC: [2] preg_match(): Unknown modifier 'f' E:\www\www\main\Library\Think\Route.class.php 第 58 行.
NOTIC: [2] preg_match(): Unknown modifier 'f' E:\www\www\main\Library\Think\Route.class.php 第 58 行.
INFO: [ app_begin ] --START--
INFO: Run Behavior\ReadHtmlCacheBehavior [ RunTime:0.000977s ]
INFO: [ app_begin ] --END-- [ RunTime:0.000977s ]
NOTIC: [8] Undefined index: return E:\www\www\tk\Common\Controller\SystemLayerController.class.php 第 395 行.
NOTIC: [2] Missing argument 4 for Common\Controller\SystemLayerController::showSuccessMsg(), called in E:\www\www\tk\Common\Controller\SystemLayerController.class.php on line 401 and defined E:\www\www\tk\Common\Controller\SystemLayerController.class.php 第 231 行.
NOTIC: [8] Undefined variable: displayContent E:\www\www\tk\Common\Controller\SystemLayerController.class.php 第 249 行.
ERR: 模板不存在:../tk/Statistics/View/Index/home.html

[ 2017-10-08T10:46:19+08:00 ] 112.65.193.15 /Statistics/Index/home.html?times=0.08966727933990204&_=1507430769390
INFO: [ app_init ] --START--
INFO: Run Behavior\BuildLiteBehavior [ RunTime:0.000000s ]
INFO: [ app_init ] --END-- [ RunTime:0.000000s ]
NOTIC: [2] preg_match(): Unknown modifier 'f' E:\www\www\main\Library\Think\Route.class.php 第 58 行.
NOTIC: [2] preg_match(): Unknown modifier 'f' E:\www\www\main\Library\Think\Route.class.php 第 58 行.
INFO: [ app_begin ] --START--
INFO: Run Behavior\ReadHtmlCacheBehavior [ RunTime:0.000976s ]
INFO: [ app_begin ] --END-- [ RunTime:0.000976s ]
NOTIC: [8] Undefined index: return E:\www\www\tk\Common\Controller\SystemLayerController.class.php 第 395 行.
NOTIC: [2] Missing argument 4 for Common\Controller\SystemLayerController::showSuccessMsg(), called in E:\www\www\tk\Common\Controller\SystemLayerController.class.php on line 401 and defined E:\www\www\tk\Common\Controller\SystemLayerController.class.php 第 231 行.
NOTIC: [8] Undefined variable: displayContent E:\www\www\tk\Common\Controller\SystemLayerController.class.php 第 249 行.
ERR: 模板不存在:../tk/Statistics/View/Index/home.html

[ 2017-10-08T10:46:52+08:00 ] 115.60.60.208 /Statistics/Index/home.html?times=0.11718091273434617&_=1507430812031
INFO: [ app_init ] --START--
INFO: Run Behavior\BuildLiteBehavior [ RunTime:0.000000s ]
INFO: [ app_init ] --END-- [ RunTime:0.000977s ]
NOTIC: [2] preg_match(): Unknown modifier 'f' E:\www\www\main\Library\Think\Route.class.php 第 58 行.
NOTIC: [2] preg_match(): Unknown modifier 'f' E:\www\www\main\Library\Think\Route.class.php 第 58 行.
INFO: [ app_begin ] --START--
INFO: Run Behavior\ReadHtmlCacheBehavior [ RunTime:0.000000s ]
INFO: [ app_begin ] --END-- [ RunTime:0.000977s ]

[ 2017-10-08T10:47:02+08:00 ] 140.207.124.105 /Statistics/Index/home.html?times=0.11718091273434617&_=1507430812031
INFO: [ app_init ] --START--
INFO: Run Behavior\BuildLiteBehavior [ RunTime:0.000000s ]
INFO: [ app_init ] --END-- [ RunTime:0.000000s ]
NOTIC: [2] preg_match(): Unknown modifier 'f' E:\www\www\main\Library\Think\Route.class.php 第 58 行.
NOTIC: [2] preg_match(): Unknown modifier 'f' E:\www\www\main\Library\Think\Route.class.php 第 58 行.
INFO: [ app_begin ] --START--
INFO: Run Behavior\ReadHtmlCacheBehavior [ RunTime:0.000977s ]
INFO: [ app_begin ] --END-- [ RunTime:0.000977s ]
NOTIC: [8] Undefined index: return E:\www\www\tk\Common\Controller\SystemLayerController.class.php 第 395 行.
NOTIC: [2] Missing argument 4 for Common\Controller\SystemLayerController::showSuccessMsg(), called in E:\www\www\tk\Common\Controller\SystemLayerController.class.php on line 401 and defined E:\www\www\tk\Common\Controller\SystemLayerController.class.php 第 231 行.
NOTIC: [8] Undefined variable: displayContent E:\www\www\tk\Common\Controller\SystemLayerController.class.php 第 249 行.
ERR: 模板不存在:../tk/Statistics/View/Index/home.html

[ 2017-10-08T10:50:23+08:00 ] 101.226.33.239 /Statistics/Index/home.html?times=0.6951279626232842&_=1507430754391
INFO: [ app_init ] --START--
INFO: Run Behavior\BuildLiteBehavior [ RunTime:0.000000s ]
INFO: [ app_init ] --END-- [ RunTime:0.000976s ]
NOTIC: [2] preg_match(): Unknown modifier 'f' E:\www\www\main\Library\Think\Route.class.php 第 58 行.
NOTIC: [2] preg_match(): Unknown modifier 'f' E:\www\www\main\Library\Think\Route.class.php 第 58 行.
INFO: [ app_begin ] --START--
INFO: Run Behavior\ReadHtmlCacheBehavior [ RunTime:0.000976s ]
INFO: [ app_begin ] --END-- [ RunTime:0.000976s ]
NOTIC: [8] Undefined index: return E:\www\www\tk\Common\Controller\SystemLayerController.class.php 第 395 行.
NOTIC: [2] Missing argument 4 for Common\Controller\SystemLayerController::showSuccessMsg(), called in E:\www\www\tk\Common\Controller\SystemLayerController.class.php on line 401 and defined E:\www\www\tk\Common\Controller\SystemLayerController.class.php 第 231 行.
NOTIC: [8] Undefined variable: displayContent E:\www\www\tk\Common\Controller\SystemLayerController.class.php 第 249 行.
ERR: 模板不存在:../tk/Statistics/View/Index/home.html

[ 2017-10-08T10:50:34+08:00 ] 101.226.33.225 /Statistics/Index/home.html?times=0.47893364244217884&_=1507430764389
INFO: [ app_init ] --START--
INFO: Run Behavior\BuildLiteBehavior [ RunTime:0.000000s ]
INFO: [ app_init ] --END-- [ RunTime:0.000000s ]
NOTIC: [2] preg_match(): Unknown modifier 'f' E:\www\www\main\Library\Think\Route.class.php 第 58 行.
NOTIC: [2] preg_match(): Unknown modifier 'f' E:\www\www\main\Library\Think\Route.class.php 第 58 行.
INFO: [ app_begin ] --START--
INFO: Run Behavior\ReadHtmlCacheBehavior [ RunTime:0.000976s ]
INFO: [ app_begin ] --END-- [ RunTime:0.000976s ]
NOTIC: [8] Undefined index: return E:\www\www\tk\Common\Controller\SystemLayerController.class.php 第 395 行.
NOTIC: [2] Missing argument 4 for Common\Controller\SystemLayerController::showSuccessMsg(), called in E:\www\www\tk\Common\Controller\SystemLayerController.class.php on line 401 and defined E:\www\www\tk\Common\Controller\SystemLayerController.class.php 第 231 行.
NOTIC: [8] Undefined variable: displayContent E:\www\www\tk\Common\Controller\SystemLayerController.class.php 第 249 行.
ERR: 模板不存在:../tk/Statistics/View/Index/home.html

[ 2017-10-08T10:50:38+08:00 ] 180.163.2.88 /Statistics/Index/home.html?times=0.08966727933990204&_=1507430769390
INFO: [ app_init ] --START--
INFO: Run Behavior\BuildLiteBehavior [ RunTime:0.000000s ]
INFO: [ app_init ] --END-- [ RunTime:0.000977s ]
NOTIC: [2] preg_match(): Unknown modifier 'f' E:\www\www\main\Library\Think\Route.class.php 第 58 行.
NOTIC: [2] preg_match(): Unknown modifier 'f' E:\www\www\main\Library\Think\Route.class.php 第 58 行.
INFO: [ app_begin ] --START--
INFO: Run Behavior\ReadHtmlCacheBehavior [ RunTime:0.000977s ]
INFO: [ app_begin ] --END-- [ RunTime:0.000977s ]
NOTIC: [8] Undefined index: return E:\www\www\tk\Common\Controller\SystemLayerController.class.php 第 395 行.
NOTIC: [2] Missing argument 4 for Common\Controller\SystemLayerController::showSuccessMsg(), called in E:\www\www\tk\Common\Controller\SystemLayerController.class.php on line 401 and defined E:\www\www\tk\Common\Controller\SystemLayerController.class.php 第 231 行.
NOTIC: [8] Undefined variable: displayContent E:\www\www\tk\Common\Controller\SystemLayerController.class.php 第 249 行.
ERR: 模板不存在:../tk/Statistics/View/Index/home.html

[ 2017-10-08T10:51:21+08:00 ] 101.226.33.238 /Statistics/Index/home.html?times=0.11718091273434617&_=1507430812031
INFO: [ app_init ] --START--
INFO: Run Behavior\BuildLiteBehavior [ RunTime:0.000000s ]
INFO: [ app_init ] --END-- [ RunTime:0.000976s ]
NOTIC: [2] preg_match(): Unknown modifier 'f' E:\www\www\main\Library\Think\Route.class.php 第 58 行.
NOTIC: [2] preg_match(): Unknown modifier 'f' E:\www\www\main\Library\Think\Route.class.php 第 58 行.
INFO: [ app_begin ] --START--
INFO: Run Behavior\ReadHtmlCacheBehavior [ RunTime:0.000976s ]
INFO: [ app_begin ] --END-- [ RunTime:0.000976s ]
NOTIC: [8] Undefined index: return E:\www\www\tk\Common\Controller\SystemLayerController.class.php 第 395 行.
NOTIC: [2] Missing argument 4 for Common\Controller\SystemLayerController::showSuccessMsg(), called in E:\www\www\tk\Common\Controller\SystemLayerController.class.php on line 401 and defined E:\www\www\tk\Common\Controller\SystemLayerController.class.php 第 231 行.
NOTIC: [8] Undefined variable: displayContent E:\www\www\tk\Common\Controller\SystemLayerController.class.php 第 249 行.
ERR: 模板不存在:../tk/Statistics/View/Index/home.html

[ 2017-10-08T13:01:36+08:00 ] 115.60.60.208 /Statistics/Index/home.html?times=0.21494800320718888&_=1507438894196
INFO: [ app_init ] --START--
INFO: Run Behavior\BuildLiteBehavior [ RunTime:0.000000s ]
INFO: [ app_init ] --END-- [ RunTime:0.000977s ]
NOTIC: [2] preg_match(): Unknown modifier 'f' E:\www\www\main\Library\Think\Route.class.php 第 58 行.
NOTIC: [2] preg_match(): Unknown modifier 'f' E:\www\www\main\Library\Think\Route.class.php 第 58 行.
INFO: [ app_begin ] --START--
INFO: Run Behavior\ReadHtmlCacheBehavior [ RunTime:0.000000s ]
INFO: [ app_begin ] --END-- [ RunTime:0.000000s ]

[ 2017-10-08T13:01:40+08:00 ] 115.60.60.208 /Statistics/Index/home.html?times=0.25303629471034617&_=1507438899193
INFO: [ app_init ] --START--
INFO: Run Behavior\BuildLiteBehavior [ RunTime:0.000000s ]
INFO: [ app_init ] --END-- [ RunTime:0.000977s ]
NOTIC: [2] preg_match(): Unknown modifier 'f' E:\www\www\main\Library\Think\Route.class.php 第 58 行.
NOTIC: [2] preg_match(): Unknown modifier 'f' E:\www\www\main\Library\Think\Route.class.php 第 58 行.
INFO: [ app_begin ] --START--
INFO: Run Behavior\ReadHtmlCacheBehavior [ RunTime:0.000000s ]
INFO: [ app_begin ] --END-- [ RunTime:0.000000s ]

