[ 2017-10-19T16:39:22+08:00 ] 127.0.0.1 /Manual/Index/sj/docID/60310/subjectID/23.html
INFO: [ app_init ] --START--
INFO: Run Behavior\BuildLiteBehavior [ RunTime:0.000011s ]
INFO: [ app_init ] --END-- [ RunTime:0.000050s ]
NOTIC: [2] preg_match(): Unknown modifier 'f' E:\web\www\main\Library\Think\Route.class.php 第 58 行.
NOTIC: [2] preg_match(): Unknown modifier 'f' E:\web\www\main\Library\Think\Route.class.php 第 58 行.
INFO: [ app_begin ] --START--
INFO: Run Behavior\ReadHtmlCacheBehavior [ RunTime:0.001089s ]
INFO: [ app_begin ] --END-- [ RunTime:0.001138s ]
INFO: [ view_parse ] --START--
INFO: [ template_filter ] --START--
INFO: Run Behavior\ContentReplaceBehavior [ RunTime:0.000053s ]
INFO: [ template_filter ] --END-- [ RunTime:0.000102s ]
INFO: Run Behavior\ParseTemplateBehavior [ RunTime:0.012015s ]
INFO: [ view_parse ] --END-- [ RunTime:0.012064s ]
INFO: [ view_filter ] --START--
INFO: Run Behavior\WriteHtmlCacheBehavior [ RunTime:0.000868s ]
INFO: Run Behavior\TokenBuildBehavior [ RunTime:0.001066s ]
INFO: [ view_filter ] --END-- [ RunTime:0.001988s ]
INFO: [ app_end ] --START--
INFO: Run Behavior\ShowPageTraceBehavior [ RunTime:0.001110s ]
INFO: [ app_end ] --END-- [ RunTime:0.001148s ]

[ 2017-10-19T16:39:22+08:00 ] 127.0.0.1 /Manual/Index/getDocInit/id/23/times/0.5480780389406532.html?_=1508402362167
INFO: [ app_init ] --START--
INFO: Run Behavior\BuildLiteBehavior [ RunTime:0.000011s ]
INFO: [ app_init ] --END-- [ RunTime:0.000052s ]
NOTIC: [2] preg_match(): Unknown modifier 'f' E:\web\www\main\Library\Think\Route.class.php 第 58 行.
NOTIC: [2] preg_match(): Unknown modifier 'f' E:\web\www\main\Library\Think\Route.class.php 第 58 行.
INFO: [ app_begin ] --START--
INFO: Run Behavior\ReadHtmlCacheBehavior [ RunTime:0.000503s ]
INFO: [ app_begin ] --END-- [ RunTime:0.000542s ]

[ 2017-10-19T16:39:22+08:00 ] 127.0.0.1 /Manual/Index/getDocTest.html
INFO: [ app_init ] --START--
INFO: Run Behavior\BuildLiteBehavior [ RunTime:0.000013s ]
INFO: [ app_init ] --END-- [ RunTime:0.000056s ]
NOTIC: [2] preg_match(): Unknown modifier 'f' E:\web\www\main\Library\Think\Route.class.php 第 58 行.
NOTIC: [2] preg_match(): Unknown modifier 'f' E:\web\www\main\Library\Think\Route.class.php 第 58 行.
INFO: [ app_begin ] --START--
INFO: Run Behavior\ReadHtmlCacheBehavior [ RunTime:0.000996s ]
INFO: [ app_begin ] --END-- [ RunTime:0.001038s ]
NOTIC: [8] Undefined index: AatTestStyle E:\web\www\tk\Common\Model\IndexModel.class.php 第 267 行.
NOTIC: [8] Undefined index: subjectname E:\web\www\tk\Common\Model\IndexModel.class.php 第 983 行.
NOTIC: [8] Undefined index: specialname E:\web\www\tk\Common\Model\IndexModel.class.php 第 984 行.
NOTIC: [8] Undefined index: klnameonly E:\web\www\tk\Common\Model\IndexModel.class.php 第 985 行.
NOTIC: [8] Undefined index: klnameall E:\web\www\tk\Common\Model\IndexModel.class.php 第 985 行.
NOTIC: [8] Undefined index: kllist E:\web\www\tk\Common\Model\IndexModel.class.php 第 985 行.
NOTIC: [8] Undefined index: chaptername E:\web\www\tk\Common\Model\IndexModel.class.php 第 989 行.
NOTIC: [8] Undefined index: gradename E:\web\www\tk\Common\Model\IndexModel.class.php 第 993 行.
NOTIC: [8] Undefined index: IfDoc E:\web\www\tk\Doc\Model\HandleWordModel.class.php 第 1694 行.
NOTIC: [8] Undefined index: IfDoc E:\web\www\tk\Doc\Model\HandleWordModel.class.php 第 1694 行.
NOTIC: [8] Undefined index: IfDoc E:\web\www\tk\Doc\Model\HandleWordModel.class.php 第 1694 行.
NOTIC: [8] Undefined index: IfDoc E:\web\www\tk\Doc\Model\HandleWordModel.class.php 第 1694 行.
NOTIC: [8] Undefined index: IfDoc E:\web\www\tk\Doc\Model\HandleWordModel.class.php 第 1694 行.
NOTIC: [8] Undefined index: IfDoc E:\web\www\tk\Doc\Model\HandleWordModel.class.php 第 1694 行.
NOTIC: [8] Undefined index: IfDoc E:\web\www\tk\Doc\Model\HandleWordModel.class.php 第 1694 行.
NOTIC: [8] Undefined index: IfDoc E:\web\www\tk\Doc\Model\HandleWordModel.class.php 第 1694 行.

