[ 2017-09-25T09:12:11+08:00 ] 115.60.56.180 /Doc/WlnDoc/index.html
INFO: [ app_init ] --START--
INFO: Run Behavior\BuildLiteBehavior [ RunTime:0.000000s ]
INFO: [ app_init ] --END-- [ RunTime:0.000000s ]
NOTIC: [2] preg_match(): Unknown modifier 'f' E:\www\www\main\Library\Think\Route.class.php 第 58 行.
NOTIC: [2] preg_match(): Unknown modifier 'f' E:\www\www\main\Library\Think\Route.class.php 第 58 行.
INFO: [ app_begin ] --START--
INFO: Run Behavior\ReadHtmlCacheBehavior [ RunTime:0.000977s ]
INFO: [ app_begin ] --END-- [ RunTime:0.000977s ]
NOTIC: [8] Undefined index: Manage E:\www\www\tk\Common\Controller\SystemLayerController.class.php 第 24 行.
NOTIC: [8] Undefined index: Manage E:\www\www\tk\Common\Controller\DefaultController.class.php 第 24 行.
NOTIC: [8] Undefined index: name E:\www\www\tk\Doc\Manage\WlnDocManage.class.php 第 28 行.
NOTIC: [8] Undefined index: Admin E:\www\www\tk\Doc\Manage\WlnDocManage.class.php 第 35 行.
NOTIC: [8] Undefined index: DocName E:\www\www\tk\Doc\Manage\WlnDocManage.class.php 第 43 行.
NOTIC: [8] Undefined index: GradeID E:\www\www\tk\Doc\Manage\WlnDocManage.class.php 第 47 行.
NOTIC: [8] Undefined index: DocID E:\www\www\tk\Doc\Manage\WlnDocManage.class.php 第 51 行.
NOTIC: [8] Undefined index: SubjectID E:\www\www\tk\Doc\Manage\WlnDocManage.class.php 第 59 行.
NOTIC: [8] Undefined index: DocYear E:\www\www\tk\Doc\Manage\WlnDocManage.class.php 第 67 行.
NOTIC: [8] Undefined index: TypeID E:\www\www\tk\Doc\Manage\WlnDocManage.class.php 第 71 行.
NOTIC: [2] current() expects parameter 1 to be array, null given E:\www\www\tk\Doc\Manage\WlnDocManage.class.php 第 75 行.
NOTIC: [8] Undefined index: Status E:\www\www\tk\Doc\Manage\WlnDocManage.class.php 第 79 行.
NOTIC: [8] Undefined index: IfIntro E:\www\www\tk\Doc\Manage\WlnDocManage.class.php 第 83 行.
NOTIC: [8] Undefined index: ShowWhere E:\www\www\tk\Doc\Manage\WlnDocManage.class.php 第 87 行.
NOTIC: [2] array_filter() expects parameter 1 to be array, null given E:\www\www\tk\Doc\Manage\WlnDocManage.class.php 第 94 行.
NOTIC: [8] Undefined index: p E:\www\www\tk\Doc\Manage\WlnDocManage.class.php 第 100 行.
NOTIC: [2] Missing argument 3 for WLNPage::init() E:\www\www\tk\Common\Tool\WLNPage.class.php 第 50 行.
NOTIC: [8] Undefined variable: thirdPram E:\www\www\tk\Common\Tool\WLNPage.class.php 第 51 行.
NOTIC: [2] array_merge(): Argument #2 is not an array E:\www\www\tk\Common\Tool\WLNPage.class.php 第 51 行.
NOTIC: [2] extract() expects parameter 1 to be array, null given E:\www\www\tk\Common\Tool\WLNPage.class.php 第 52 行.
NOTIC: [8] Undefined variable: parameter E:\www\www\tk\Common\Tool\WLNPage.class.php 第 54 行.
NOTIC: [8] Undefined index: phone E:\www\www\tk\Common\Tool\WLNPage.class.php 第 63 行.
NOTIC: [8] Undefined variable: type E:\www\www\tk\Common\Tool\WLNPage.class.php 第 88 行.
NOTIC: [8] Undefined variable: type E:\www\www\tk\Common\Tool\WLNPage.class.php 第 89 行.
NOTIC: [8] Undefined offset: 0 E:\www\www\tk\Doc\Manage\WlnDocManage.class.php 第 125 行.
NOTIC: [8] Undefined offset: 0 E:\www\www\tk\Doc\Manage\WlnDocManage.class.php 第 125 行.
INFO: [ view_parse ] --START--
NOTIC: [8] Undefined index: class E:\www\www\main\Library\Think\Template\TagLib\Html.class.php 第 78 行.
NOTIC: [8] Undefined index: class E:\www\www\main\Library\Think\Template\TagLib\Html.class.php 第 78 行.
INFO: [ template_filter ] --START--
INFO: Run Behavior\ContentReplaceBehavior [ RunTime:0.000000s ]
INFO: [ template_filter ] --END-- [ RunTime:0.000000s ]
NOTIC: [8] Undefined index: name E:\www\www\tk\Runtime\Cache\Doc\5339a4a834ea63236ed54f3db948c62a.php 第 52 行.
NOTIC: [8] Undefined index: DocName E:\www\www\tk\Runtime\Cache\Doc\5339a4a834ea63236ed54f3db948c62a.php 第 63 行.
NOTIC: [8] Undefined index: SubjectID E:\www\www\tk\Runtime\Cache\Doc\5339a4a834ea63236ed54f3db948c62a.php 第 69 行.
NOTIC: [8] Undefined index: SubjectID E:\www\www\tk\Runtime\Cache\Doc\5339a4a834ea63236ed54f3db948c62a.php 第 69 行.
NOTIC: [8] Undefined index: SubjectID E:\www\www\tk\Runtime\Cache\Doc\5339a4a834ea63236ed54f3db948c62a.php 第 69 行.
NOTIC: [8] Undefined index: SubjectID E:\www\www\tk\Runtime\Cache\Doc\5339a4a834ea63236ed54f3db948c62a.php 第 69 行.
NOTIC: [8] Undefined index: SubjectID E:\www\www\tk\Runtime\Cache\Doc\5339a4a834ea63236ed54f3db948c62a.php 第 69 行.
NOTIC: [8] Undefined index: SubjectID E:\www\www\tk\Runtime\Cache\Doc\5339a4a834ea63236ed54f3db948c62a.php 第 69 行.
NOTIC: [8] Undefined index: SubjectID E:\www\www\tk\Runtime\Cache\Doc\5339a4a834ea63236ed54f3db948c62a.php 第 69 行.
NOTIC: [8] Undefined index: SubjectID E:\www\www\tk\Runtime\Cache\Doc\5339a4a834ea63236ed54f3db948c62a.php 第 69 行.
NOTIC: [8] Undefined index: SubjectID E:\www\www\tk\Runtime\Cache\Doc\5339a4a834ea63236ed54f3db948c62a.php 第 69 行.
NOTIC: [8] Undefined index: SubjectID E:\www\www\tk\Runtime\Cache\Doc\5339a4a834ea63236ed54f3db948c62a.php 第 69 行.
NOTIC: [8] Undefined index: SubjectID E:\www\www\tk\Runtime\Cache\Doc\5339a4a834ea63236ed54f3db948c62a.php 第 69 行.
NOTIC: [8] Undefined index: SubjectID E:\www\www\tk\Runtime\Cache\Doc\5339a4a834ea63236ed54f3db948c62a.php 第 69 行.
NOTIC: [8] Undefined index: SubjectID E:\www\www\tk\Runtime\Cache\Doc\5339a4a834ea63236ed54f3db948c62a.php 第 69 行.
NOTIC: [8] Undefined index: SubjectID E:\www\www\tk\Runtime\Cache\Doc\5339a4a834ea63236ed54f3db948c62a.php 第 69 行.
NOTIC: [8] Undefined index: SubjectID E:\www\www\tk\Runtime\Cache\Doc\5339a4a834ea63236ed54f3db948c62a.php 第 69 行.
NOTIC: [8] Undefined index: SubjectID E:\www\www\tk\Runtime\Cache\Doc\5339a4a834ea63236ed54f3db948c62a.php 第 69 行.
NOTIC: [8] Undefined index: SubjectID E:\www\www\tk\Runtime\Cache\Doc\5339a4a834ea63236ed54f3db948c62a.php 第 69 行.
NOTIC: [8] Undefined index: SubjectID E:\www\www\tk\Runtime\Cache\Doc\5339a4a834ea63236ed54f3db948c62a.php 第 69 行.
NOTIC: [8] Undefined index: SubjectID E:\www\www\tk\Runtime\Cache\Doc\5339a4a834ea63236ed54f3db948c62a.php 第 69 行.
NOTIC: [8] Undefined index: SubjectID E:\www\www\tk\Runtime\Cache\Doc\5339a4a834ea63236ed54f3db948c62a.php 第 69 行.
NOTIC: [8] Undefined index: SubjectID E:\www\www\tk\Runtime\Cache\Doc\5339a4a834ea63236ed54f3db948c62a.php 第 69 行.
NOTIC: [8] Undefined index: SubjectID E:\www\www\tk\Runtime\Cache\Doc\5339a4a834ea63236ed54f3db948c62a.php 第 69 行.
NOTIC: [8] Undefined index: SubjectID E:\www\www\tk\Runtime\Cache\Doc\5339a4a834ea63236ed54f3db948c62a.php 第 69 行.
NOTIC: [8] Undefined index: Admin E:\www\www\tk\Runtime\Cache\Doc\5339a4a834ea63236ed54f3db948c62a.php 第 76 行.
NOTIC: [8] Undefined index: Status E:\www\www\tk\Runtime\Cache\Doc\5339a4a834ea63236ed54f3db948c62a.php 第 81 行.
NOTIC: [8] Undefined index: Status E:\www\www\tk\Runtime\Cache\Doc\5339a4a834ea63236ed54f3db948c62a.php 第 82 行.
NOTIC: [8] Undefined index: DocYear E:\www\www\tk\Runtime\Cache\Doc\5339a4a834ea63236ed54f3db948c62a.php 第 89 行.
NOTIC: [8] Undefined index: DocYear E:\www\www\tk\Runtime\Cache\Doc\5339a4a834ea63236ed54f3db948c62a.php 第 89 行.
NOTIC: [8] Undefined index: DocYear E:\www\www\tk\Runtime\Cache\Doc\5339a4a834ea63236ed54f3db948c62a.php 第 89 行.
NOTIC: [8] Undefined index: DocYear E:\www\www\tk\Runtime\Cache\Doc\5339a4a834ea63236ed54f3db948c62a.php 第 89 行.
NOTIC: [8] Undefined index: DocYear E:\www\www\tk\Runtime\Cache\Doc\5339a4a834ea63236ed54f3db948c62a.php 第 89 行.
NOTIC: [8] Undefined index: DocYear E:\www\www\tk\Runtime\Cache\Doc\5339a4a834ea63236ed54f3db948c62a.php 第 89 行.
NOTIC: [8] Undefined index: DocYear E:\www\www\tk\Runtime\Cache\Doc\5339a4a834ea63236ed54f3db948c62a.php 第 89 行.
NOTIC: [8] Undefined index: DocYear E:\www\www\tk\Runtime\Cache\Doc\5339a4a834ea63236ed54f3db948c62a.php 第 89 行.
NOTIC: [8] Undefined index: DocYear E:\www\www\tk\Runtime\Cache\Doc\5339a4a834ea63236ed54f3db948c62a.php 第 89 行.
NOTIC: [8] Undefined index: DocYear E:\www\www\tk\Runtime\Cache\Doc\5339a4a834ea63236ed54f3db948c62a.php 第 89 行.
NOTIC: [8] Undefined index: DocYear E:\www\www\tk\Runtime\Cache\Doc\5339a4a834ea63236ed54f3db948c62a.php 第 89 行.
NOTIC: [8] Undefined index: DocYear E:\www\www\tk\Runtime\Cache\Doc\5339a4a834ea63236ed54f3db948c62a.php 第 89 行.
NOTIC: [8] Undefined index: DocYear E:\www\www\tk\Runtime\Cache\Doc\5339a4a834ea63236ed54f3db948c62a.php 第 89 行.
NOTIC: [8] Undefined index: DocYear E:\www\www\tk\Runtime\Cache\Doc\5339a4a834ea63236ed54f3db948c62a.php 第 89 行.
NOTIC: [8] Undefined index: DocYear E:\www\www\tk\Runtime\Cache\Doc\5339a4a834ea63236ed54f3db948c62a.php 第 89 行.
NOTIC: [8] Undefined index: DocYear E:\www\www\tk\Runtime\Cache\Doc\5339a4a834ea63236ed54f3db948c62a.php 第 89 行.
NOTIC: [8] Undefined index: DocYear E:\www\www\tk\Runtime\Cache\Doc\5339a4a834ea63236ed54f3db948c62a.php 第 89 行.
NOTIC: [8] Undefined index: DocYear E:\www\www\tk\Runtime\Cache\Doc\5339a4a834ea63236ed54f3db948c62a.php 第 89 行.
NOTIC: [8] Undefined index: DocYear E:\www\www\tk\Runtime\Cache\Doc\5339a4a834ea63236ed54f3db948c62a.php 第 89 行.
NOTIC: [8] Undefined index: DocYear E:\www\www\tk\Runtime\Cache\Doc\5339a4a834ea63236ed54f3db948c62a.php 第 89 行.
NOTIC: [8] Undefined index: DocYear E:\www\www\tk\Runtime\Cache\Doc\5339a4a834ea63236ed54f3db948c62a.php 第 89 行.
NOTIC: [8] Undefined index: DocYear E:\www\www\tk\Runtime\Cache\Doc\5339a4a834ea63236ed54f3db948c62a.php 第 89 行.
NOTIC: [8] Undefined index: DocYear E:\www\www\tk\Runtime\Cache\Doc\5339a4a834ea63236ed54f3db948c62a.php 第 89 行.
NOTIC: [8] Undefined index: DocYear E:\www\www\tk\Runtime\Cache\Doc\5339a4a834ea63236ed54f3db948c62a.php 第 89 行.
NOTIC: [8] Undefined index: DocYear E:\www\www\tk\Runtime\Cache\Doc\5339a4a834ea63236ed54f3db948c62a.php 第 89 行.
NOTIC: [8] Undefined index: DocYear E:\www\www\tk\Runtime\Cache\Doc\5339a4a834ea63236ed54f3db948c62a.php 第 89 行.
NOTIC: [8] Undefined index: DocYear E:\www\www\tk\Runtime\Cache\Doc\5339a4a834ea63236ed54f3db948c62a.php 第 89 行.
NOTIC: [8] Undefined index: DocYear E:\www\www\tk\Runtime\Cache\Doc\5339a4a834ea63236ed54f3db948c62a.php 第 89 行.
NOTIC: [8] Undefined index: DocID E:\www\www\tk\Runtime\Cache\Doc\5339a4a834ea63236ed54f3db948c62a.php 第 97 行.
NOTIC: [8] Undefined index: IfIntro E:\www\www\tk\Runtime\Cache\Doc\5339a4a834ea63236ed54f3db948c62a.php 第 127 行.
NOTIC: [8] Undefined index: IfIntro E:\www\www\tk\Runtime\Cache\Doc\5339a4a834ea63236ed54f3db948c62a.php 第 128 行.
NOTIC: [8] Undefined index: ShowWhere E:\www\www\tk\Runtime\Cache\Doc\5339a4a834ea63236ed54f3db948c62a.php 第 135 行.
NOTIC: [8] Undefined index: ShowWhere E:\www\www\tk\Runtime\Cache\Doc\5339a4a834ea63236ed54f3db948c62a.php 第 136 行.
NOTIC: [8] Undefined index: ShowWhere E:\www\www\tk\Runtime\Cache\Doc\5339a4a834ea63236ed54f3db948c62a.php 第 137 行.
NOTIC: [8] Undefined index: ShowWhere E:\www\www\tk\Runtime\Cache\Doc\5339a4a834ea63236ed54f3db948c62a.php 第 138 行.
INFO: Run Behavior\ParseTemplateBehavior [ RunTime:0.033205s ]
INFO: [ view_parse ] --END-- [ RunTime:0.033205s ]
INFO: [ view_filter ] --START--
INFO: Run Behavior\WriteHtmlCacheBehavior [ RunTime:0.000000s ]
INFO: Run Behavior\TokenBuildBehavior [ RunTime:0.003906s ]
INFO: [ view_filter ] --END-- [ RunTime:0.003906s ]
INFO: [ app_end ] --START--
INFO: Run Behavior\ShowPageTraceBehavior [ RunTime:0.000976s ]
INFO: [ app_end ] --END-- [ RunTime:0.000976s ]

[ 2017-09-25T09:12:12+08:00 ] 115.60.56.180 /Doc/WlnDoc/index.html
INFO: [ app_init ] --START--
INFO: Run Behavior\BuildLiteBehavior [ RunTime:0.000000s ]
INFO: [ app_init ] --END-- [ RunTime:0.000000s ]
NOTIC: [2] preg_match(): Unknown modifier 'f' E:\www\www\main\Library\Think\Route.class.php 第 58 行.
NOTIC: [2] preg_match(): Unknown modifier 'f' E:\www\www\main\Library\Think\Route.class.php 第 58 行.
INFO: [ app_begin ] --START--
INFO: Run Behavior\ReadHtmlCacheBehavior [ RunTime:0.000000s ]
INFO: [ app_begin ] --END-- [ RunTime:0.000000s ]
NOTIC: [8] Undefined index: Manage E:\www\www\tk\Common\Controller\SystemLayerController.class.php 第 24 行.
NOTIC: [8] Undefined index: Manage E:\www\www\tk\Common\Controller\DefaultController.class.php 第 24 行.
NOTIC: [8] Undefined index: name E:\www\www\tk\Doc\Manage\WlnDocManage.class.php 第 28 行.
NOTIC: [8] Undefined index: Admin E:\www\www\tk\Doc\Manage\WlnDocManage.class.php 第 35 行.
NOTIC: [8] Undefined index: DocName E:\www\www\tk\Doc\Manage\WlnDocManage.class.php 第 43 行.
NOTIC: [8] Undefined index: GradeID E:\www\www\tk\Doc\Manage\WlnDocManage.class.php 第 47 行.
NOTIC: [8] Undefined index: DocID E:\www\www\tk\Doc\Manage\WlnDocManage.class.php 第 51 行.
NOTIC: [8] Undefined index: SubjectID E:\www\www\tk\Doc\Manage\WlnDocManage.class.php 第 59 行.
NOTIC: [8] Undefined index: DocYear E:\www\www\tk\Doc\Manage\WlnDocManage.class.php 第 67 行.
NOTIC: [8] Undefined index: TypeID E:\www\www\tk\Doc\Manage\WlnDocManage.class.php 第 71 行.
NOTIC: [2] current() expects parameter 1 to be array, null given E:\www\www\tk\Doc\Manage\WlnDocManage.class.php 第 75 行.
NOTIC: [8] Undefined index: Status E:\www\www\tk\Doc\Manage\WlnDocManage.class.php 第 79 行.
NOTIC: [8] Undefined index: IfIntro E:\www\www\tk\Doc\Manage\WlnDocManage.class.php 第 83 行.
NOTIC: [8] Undefined index: ShowWhere E:\www\www\tk\Doc\Manage\WlnDocManage.class.php 第 87 行.
NOTIC: [2] array_filter() expects parameter 1 to be array, null given E:\www\www\tk\Doc\Manage\WlnDocManage.class.php 第 94 行.
NOTIC: [8] Undefined index: p E:\www\www\tk\Doc\Manage\WlnDocManage.class.php 第 100 行.
NOTIC: [2] Missing argument 3 for WLNPage::init() E:\www\www\tk\Common\Tool\WLNPage.class.php 第 50 行.
NOTIC: [8] Undefined variable: thirdPram E:\www\www\tk\Common\Tool\WLNPage.class.php 第 51 行.
NOTIC: [2] array_merge(): Argument #2 is not an array E:\www\www\tk\Common\Tool\WLNPage.class.php 第 51 行.
NOTIC: [2] extract() expects parameter 1 to be array, null given E:\www\www\tk\Common\Tool\WLNPage.class.php 第 52 行.
NOTIC: [8] Undefined variable: parameter E:\www\www\tk\Common\Tool\WLNPage.class.php 第 54 行.
NOTIC: [8] Undefined index: phone E:\www\www\tk\Common\Tool\WLNPage.class.php 第 63 行.
NOTIC: [8] Undefined variable: type E:\www\www\tk\Common\Tool\WLNPage.class.php 第 88 行.
NOTIC: [8] Undefined variable: type E:\www\www\tk\Common\Tool\WLNPage.class.php 第 89 行.
NOTIC: [8] Undefined offset: 0 E:\www\www\tk\Doc\Manage\WlnDocManage.class.php 第 125 行.
NOTIC: [8] Undefined offset: 0 E:\www\www\tk\Doc\Manage\WlnDocManage.class.php 第 125 行.
INFO: [ view_parse ] --START--
NOTIC: [8] Undefined index: class E:\www\www\main\Library\Think\Template\TagLib\Html.class.php 第 78 行.
NOTIC: [8] Undefined index: class E:\www\www\main\Library\Think\Template\TagLib\Html.class.php 第 78 行.
INFO: [ template_filter ] --START--
INFO: Run Behavior\ContentReplaceBehavior [ RunTime:0.000000s ]
INFO: [ template_filter ] --END-- [ RunTime:0.000000s ]
NOTIC: [8] Undefined index: name E:\www\www\tk\Runtime\Cache\Doc\5339a4a834ea63236ed54f3db948c62a.php 第 52 行.
NOTIC: [8] Undefined index: DocName E:\www\www\tk\Runtime\Cache\Doc\5339a4a834ea63236ed54f3db948c62a.php 第 63 行.
NOTIC: [8] Undefined index: SubjectID E:\www\www\tk\Runtime\Cache\Doc\5339a4a834ea63236ed54f3db948c62a.php 第 69 行.
NOTIC: [8] Undefined index: SubjectID E:\www\www\tk\Runtime\Cache\Doc\5339a4a834ea63236ed54f3db948c62a.php 第 69 行.
NOTIC: [8] Undefined index: SubjectID E:\www\www\tk\Runtime\Cache\Doc\5339a4a834ea63236ed54f3db948c62a.php 第 69 行.
NOTIC: [8] Undefined index: SubjectID E:\www\www\tk\Runtime\Cache\Doc\5339a4a834ea63236ed54f3db948c62a.php 第 69 行.
NOTIC: [8] Undefined index: SubjectID E:\www\www\tk\Runtime\Cache\Doc\5339a4a834ea63236ed54f3db948c62a.php 第 69 行.
NOTIC: [8] Undefined index: SubjectID E:\www\www\tk\Runtime\Cache\Doc\5339a4a834ea63236ed54f3db948c62a.php 第 69 行.
NOTIC: [8] Undefined index: SubjectID E:\www\www\tk\Runtime\Cache\Doc\5339a4a834ea63236ed54f3db948c62a.php 第 69 行.
NOTIC: [8] Undefined index: SubjectID E:\www\www\tk\Runtime\Cache\Doc\5339a4a834ea63236ed54f3db948c62a.php 第 69 行.
NOTIC: [8] Undefined index: SubjectID E:\www\www\tk\Runtime\Cache\Doc\5339a4a834ea63236ed54f3db948c62a.php 第 69 行.
NOTIC: [8] Undefined index: SubjectID E:\www\www\tk\Runtime\Cache\Doc\5339a4a834ea63236ed54f3db948c62a.php 第 69 行.
NOTIC: [8] Undefined index: SubjectID E:\www\www\tk\Runtime\Cache\Doc\5339a4a834ea63236ed54f3db948c62a.php 第 69 行.
NOTIC: [8] Undefined index: SubjectID E:\www\www\tk\Runtime\Cache\Doc\5339a4a834ea63236ed54f3db948c62a.php 第 69 行.
NOTIC: [8] Undefined index: SubjectID E:\www\www\tk\Runtime\Cache\Doc\5339a4a834ea63236ed54f3db948c62a.php 第 69 行.
NOTIC: [8] Undefined index: SubjectID E:\www\www\tk\Runtime\Cache\Doc\5339a4a834ea63236ed54f3db948c62a.php 第 69 行.
NOTIC: [8] Undefined index: SubjectID E:\www\www\tk\Runtime\Cache\Doc\5339a4a834ea63236ed54f3db948c62a.php 第 69 行.
NOTIC: [8] Undefined index: SubjectID E:\www\www\tk\Runtime\Cache\Doc\5339a4a834ea63236ed54f3db948c62a.php 第 69 行.
NOTIC: [8] Undefined index: SubjectID E:\www\www\tk\Runtime\Cache\Doc\5339a4a834ea63236ed54f3db948c62a.php 第 69 行.
NOTIC: [8] Undefined index: SubjectID E:\www\www\tk\Runtime\Cache\Doc\5339a4a834ea63236ed54f3db948c62a.php 第 69 行.
NOTIC: [8] Undefined index: SubjectID E:\www\www\tk\Runtime\Cache\Doc\5339a4a834ea63236ed54f3db948c62a.php 第 69 行.
NOTIC: [8] Undefined index: SubjectID E:\www\www\tk\Runtime\Cache\Doc\5339a4a834ea63236ed54f3db948c62a.php 第 69 行.
NOTIC: [8] Undefined index: SubjectID E:\www\www\tk\Runtime\Cache\Doc\5339a4a834ea63236ed54f3db948c62a.php 第 69 行.
NOTIC: [8] Undefined index: SubjectID E:\www\www\tk\Runtime\Cache\Doc\5339a4a834ea63236ed54f3db948c62a.php 第 69 行.
NOTIC: [8] Undefined index: SubjectID E:\www\www\tk\Runtime\Cache\Doc\5339a4a834ea63236ed54f3db948c62a.php 第 69 行.
NOTIC: [8] Undefined index: Admin E:\www\www\tk\Runtime\Cache\Doc\5339a4a834ea63236ed54f3db948c62a.php 第 76 行.
NOTIC: [8] Undefined index: Status E:\www\www\tk\Runtime\Cache\Doc\5339a4a834ea63236ed54f3db948c62a.php 第 81 行.
NOTIC: [8] Undefined index: Status E:\www\www\tk\Runtime\Cache\Doc\5339a4a834ea63236ed54f3db948c62a.php 第 82 行.
NOTIC: [8] Undefined index: DocYear E:\www\www\tk\Runtime\Cache\Doc\5339a4a834ea63236ed54f3db948c62a.php 第 89 行.
NOTIC: [8] Undefined index: DocYear E:\www\www\tk\Runtime\Cache\Doc\5339a4a834ea63236ed54f3db948c62a.php 第 89 行.
NOTIC: [8] Undefined index: DocYear E:\www\www\tk\Runtime\Cache\Doc\5339a4a834ea63236ed54f3db948c62a.php 第 89 行.
NOTIC: [8] Undefined index: DocYear E:\www\www\tk\Runtime\Cache\Doc\5339a4a834ea63236ed54f3db948c62a.php 第 89 行.
NOTIC: [8] Undefined index: DocYear E:\www\www\tk\Runtime\Cache\Doc\5339a4a834ea63236ed54f3db948c62a.php 第 89 行.
NOTIC: [8] Undefined index: DocYear E:\www\www\tk\Runtime\Cache\Doc\5339a4a834ea63236ed54f3db948c62a.php 第 89 行.
NOTIC: [8] Undefined index: DocYear E:\www\www\tk\Runtime\Cache\Doc\5339a4a834ea63236ed54f3db948c62a.php 第 89 行.
NOTIC: [8] Undefined index: DocYear E:\www\www\tk\Runtime\Cache\Doc\5339a4a834ea63236ed54f3db948c62a.php 第 89 行.
NOTIC: [8] Undefined index: DocYear E:\www\www\tk\Runtime\Cache\Doc\5339a4a834ea63236ed54f3db948c62a.php 第 89 行.
NOTIC: [8] Undefined index: DocYear E:\www\www\tk\Runtime\Cache\Doc\5339a4a834ea63236ed54f3db948c62a.php 第 89 行.
NOTIC: [8] Undefined index: DocYear E:\www\www\tk\Runtime\Cache\Doc\5339a4a834ea63236ed54f3db948c62a.php 第 89 行.
NOTIC: [8] Undefined index: DocYear E:\www\www\tk\Runtime\Cache\Doc\5339a4a834ea63236ed54f3db948c62a.php 第 89 行.
NOTIC: [8] Undefined index: DocYear E:\www\www\tk\Runtime\Cache\Doc\5339a4a834ea63236ed54f3db948c62a.php 第 89 行.
NOTIC: [8] Undefined index: DocYear E:\www\www\tk\Runtime\Cache\Doc\5339a4a834ea63236ed54f3db948c62a.php 第 89 行.
NOTIC: [8] Undefined index: DocYear E:\www\www\tk\Runtime\Cache\Doc\5339a4a834ea63236ed54f3db948c62a.php 第 89 行.
NOTIC: [8] Undefined index: DocYear E:\www\www\tk\Runtime\Cache\Doc\5339a4a834ea63236ed54f3db948c62a.php 第 89 行.
NOTIC: [8] Undefined index: DocYear E:\www\www\tk\Runtime\Cache\Doc\5339a4a834ea63236ed54f3db948c62a.php 第 89 行.
NOTIC: [8] Undefined index: DocYear E:\www\www\tk\Runtime\Cache\Doc\5339a4a834ea63236ed54f3db948c62a.php 第 89 行.
NOTIC: [8] Undefined index: DocYear E:\www\www\tk\Runtime\Cache\Doc\5339a4a834ea63236ed54f3db948c62a.php 第 89 行.
NOTIC: [8] Undefined index: DocYear E:\www\www\tk\Runtime\Cache\Doc\5339a4a834ea63236ed54f3db948c62a.php 第 89 行.
NOTIC: [8] Undefined index: DocYear E:\www\www\tk\Runtime\Cache\Doc\5339a4a834ea63236ed54f3db948c62a.php 第 89 行.
NOTIC: [8] Undefined index: DocYear E:\www\www\tk\Runtime\Cache\Doc\5339a4a834ea63236ed54f3db948c62a.php 第 89 行.
NOTIC: [8] Undefined index: DocYear E:\www\www\tk\Runtime\Cache\Doc\5339a4a834ea63236ed54f3db948c62a.php 第 89 行.
NOTIC: [8] Undefined index: DocYear E:\www\www\tk\Runtime\Cache\Doc\5339a4a834ea63236ed54f3db948c62a.php 第 89 行.
NOTIC: [8] Undefined index: DocYear E:\www\www\tk\Runtime\Cache\Doc\5339a4a834ea63236ed54f3db948c62a.php 第 89 行.
NOTIC: [8] Undefined index: DocYear E:\www\www\tk\Runtime\Cache\Doc\5339a4a834ea63236ed54f3db948c62a.php 第 89 行.
NOTIC: [8] Undefined index: DocYear E:\www\www\tk\Runtime\Cache\Doc\5339a4a834ea63236ed54f3db948c62a.php 第 89 行.
NOTIC: [8] Undefined index: DocYear E:\www\www\tk\Runtime\Cache\Doc\5339a4a834ea63236ed54f3db948c62a.php 第 89 行.
NOTIC: [8] Undefined index: DocID E:\www\www\tk\Runtime\Cache\Doc\5339a4a834ea63236ed54f3db948c62a.php 第 97 行.
NOTIC: [8] Undefined index: IfIntro E:\www\www\tk\Runtime\Cache\Doc\5339a4a834ea63236ed54f3db948c62a.php 第 127 行.
NOTIC: [8] Undefined index: IfIntro E:\www\www\tk\Runtime\Cache\Doc\5339a4a834ea63236ed54f3db948c62a.php 第 128 行.
NOTIC: [8] Undefined index: ShowWhere E:\www\www\tk\Runtime\Cache\Doc\5339a4a834ea63236ed54f3db948c62a.php 第 135 行.
NOTIC: [8] Undefined index: ShowWhere E:\www\www\tk\Runtime\Cache\Doc\5339a4a834ea63236ed54f3db948c62a.php 第 136 行.
NOTIC: [8] Undefined index: ShowWhere E:\www\www\tk\Runtime\Cache\Doc\5339a4a834ea63236ed54f3db948c62a.php 第 137 行.
NOTIC: [8] Undefined index: ShowWhere E:\www\www\tk\Runtime\Cache\Doc\5339a4a834ea63236ed54f3db948c62a.php 第 138 行.
INFO: Run Behavior\ParseTemplateBehavior [ RunTime:0.033204s ]
INFO: [ view_parse ] --END-- [ RunTime:0.033204s ]
INFO: [ view_filter ] --START--
INFO: Run Behavior\WriteHtmlCacheBehavior [ RunTime:0.000000s ]
INFO: Run Behavior\TokenBuildBehavior [ RunTime:0.003907s ]
INFO: [ view_filter ] --END-- [ RunTime:0.003907s ]
INFO: [ app_end ] --START--
INFO: Run Behavior\ShowPageTraceBehavior [ RunTime:0.000977s ]
INFO: [ app_end ] --END-- [ RunTime:0.000977s ]

[ 2017-09-25T09:12:21+08:00 ] 140.206.161.160 /Doc/WlnDoc/index.html
INFO: [ app_init ] --START--
INFO: Run Behavior\BuildLiteBehavior [ RunTime:0.000000s ]
INFO: [ app_init ] --END-- [ RunTime:0.000000s ]
NOTIC: [2] preg_match(): Unknown modifier 'f' E:\www\www\main\Library\Think\Route.class.php 第 58 行.
NOTIC: [2] preg_match(): Unknown modifier 'f' E:\www\www\main\Library\Think\Route.class.php 第 58 行.
INFO: [ app_begin ] --START--
INFO: Run Behavior\ReadHtmlCacheBehavior [ RunTime:0.000977s ]
INFO: [ app_begin ] --END-- [ RunTime:0.000977s ]
NOTIC: [8] Undefined index: Manage E:\www\www\tk\Common\Controller\SystemLayerController.class.php 第 24 行.
NOTIC: [8] Undefined index: Manage E:\www\www\tk\Common\Controller\DefaultController.class.php 第 24 行.
INFO: [ view_parse ] --START--
INFO: [ template_filter ] --START--
INFO: Run Behavior\ContentReplaceBehavior [ RunTime:0.000000s ]
INFO: [ template_filter ] --END-- [ RunTime:0.000000s ]
INFO: Run Behavior\ParseTemplateBehavior [ RunTime:0.009766s ]
INFO: [ view_parse ] --END-- [ RunTime:0.009766s ]
INFO: [ view_filter ] --START--
INFO: Run Behavior\WriteHtmlCacheBehavior [ RunTime:0.000976s ]
INFO: Run Behavior\TokenBuildBehavior [ RunTime:0.000977s ]
INFO: [ view_filter ] --END-- [ RunTime:0.001953s ]

[ 2017-09-25T10:09:12+08:00 ] 115.60.56.180 /Doc/WlnDoc/index.html
INFO: [ app_init ] --START--
INFO: Run Behavior\BuildLiteBehavior [ RunTime:0.000000s ]
INFO: [ app_init ] --END-- [ RunTime:0.000000s ]
NOTIC: [2] preg_match(): Unknown modifier 'f' E:\www\www\main\Library\Think\Route.class.php 第 58 行.
NOTIC: [2] preg_match(): Unknown modifier 'f' E:\www\www\main\Library\Think\Route.class.php 第 58 行.
INFO: [ app_begin ] --START--
INFO: Run Behavior\ReadHtmlCacheBehavior [ RunTime:0.000977s ]
INFO: [ app_begin ] --END-- [ RunTime:0.000977s ]
NOTIC: [8] Undefined index: Manage E:\www\www\tk\Common\Controller\SystemLayerController.class.php 第 24 行.
NOTIC: [8] Undefined index: Manage E:\www\www\tk\Common\Controller\DefaultController.class.php 第 24 行.
NOTIC: [8] Undefined index: name E:\www\www\tk\Doc\Manage\WlnDocManage.class.php 第 28 行.
NOTIC: [8] Undefined index: Admin E:\www\www\tk\Doc\Manage\WlnDocManage.class.php 第 35 行.
NOTIC: [8] Undefined index: DocName E:\www\www\tk\Doc\Manage\WlnDocManage.class.php 第 43 行.
NOTIC: [8] Undefined index: GradeID E:\www\www\tk\Doc\Manage\WlnDocManage.class.php 第 47 行.
NOTIC: [8] Undefined index: DocID E:\www\www\tk\Doc\Manage\WlnDocManage.class.php 第 51 行.
NOTIC: [8] Undefined index: SubjectID E:\www\www\tk\Doc\Manage\WlnDocManage.class.php 第 59 行.
NOTIC: [8] Undefined index: DocYear E:\www\www\tk\Doc\Manage\WlnDocManage.class.php 第 67 行.
NOTIC: [8] Undefined index: TypeID E:\www\www\tk\Doc\Manage\WlnDocManage.class.php 第 71 行.
NOTIC: [2] current() expects parameter 1 to be array, null given E:\www\www\tk\Doc\Manage\WlnDocManage.class.php 第 75 行.
NOTIC: [8] Undefined index: Status E:\www\www\tk\Doc\Manage\WlnDocManage.class.php 第 79 行.
NOTIC: [8] Undefined index: IfIntro E:\www\www\tk\Doc\Manage\WlnDocManage.class.php 第 83 行.
NOTIC: [8] Undefined index: ShowWhere E:\www\www\tk\Doc\Manage\WlnDocManage.class.php 第 87 行.
NOTIC: [2] array_filter() expects parameter 1 to be array, null given E:\www\www\tk\Doc\Manage\WlnDocManage.class.php 第 94 行.
NOTIC: [8] Undefined index: p E:\www\www\tk\Doc\Manage\WlnDocManage.class.php 第 100 行.
NOTIC: [2] Missing argument 3 for WLNPage::init() E:\www\www\tk\Common\Tool\WLNPage.class.php 第 50 行.
NOTIC: [8] Undefined variable: thirdPram E:\www\www\tk\Common\Tool\WLNPage.class.php 第 51 行.
NOTIC: [2] array_merge(): Argument #2 is not an array E:\www\www\tk\Common\Tool\WLNPage.class.php 第 51 行.
NOTIC: [2] extract() expects parameter 1 to be array, null given E:\www\www\tk\Common\Tool\WLNPage.class.php 第 52 行.
NOTIC: [8] Undefined variable: parameter E:\www\www\tk\Common\Tool\WLNPage.class.php 第 54 行.
NOTIC: [8] Undefined index: phone E:\www\www\tk\Common\Tool\WLNPage.class.php 第 63 行.
NOTIC: [8] Undefined variable: type E:\www\www\tk\Common\Tool\WLNPage.class.php 第 88 行.
NOTIC: [8] Undefined variable: type E:\www\www\tk\Common\Tool\WLNPage.class.php 第 89 行.
NOTIC: [8] Undefined offset: 0 E:\www\www\tk\Doc\Manage\WlnDocManage.class.php 第 125 行.
NOTIC: [8] Undefined offset: 0 E:\www\www\tk\Doc\Manage\WlnDocManage.class.php 第 125 行.
INFO: [ view_parse ] --START--
NOTIC: [8] Undefined index: class E:\www\www\main\Library\Think\Template\TagLib\Html.class.php 第 78 行.
NOTIC: [8] Undefined index: class E:\www\www\main\Library\Think\Template\TagLib\Html.class.php 第 78 行.
INFO: [ template_filter ] --START--
INFO: Run Behavior\ContentReplaceBehavior [ RunTime:0.000000s ]
INFO: [ template_filter ] --END-- [ RunTime:0.000000s ]
NOTIC: [8] Undefined index: name E:\www\www\tk\Runtime\Cache\Doc\5339a4a834ea63236ed54f3db948c62a.php 第 52 行.
NOTIC: [8] Undefined index: DocName E:\www\www\tk\Runtime\Cache\Doc\5339a4a834ea63236ed54f3db948c62a.php 第 63 行.
NOTIC: [8] Undefined index: SubjectID E:\www\www\tk\Runtime\Cache\Doc\5339a4a834ea63236ed54f3db948c62a.php 第 69 行.
NOTIC: [8] Undefined index: SubjectID E:\www\www\tk\Runtime\Cache\Doc\5339a4a834ea63236ed54f3db948c62a.php 第 69 行.
NOTIC: [8] Undefined index: SubjectID E:\www\www\tk\Runtime\Cache\Doc\5339a4a834ea63236ed54f3db948c62a.php 第 69 行.
NOTIC: [8] Undefined index: SubjectID E:\www\www\tk\Runtime\Cache\Doc\5339a4a834ea63236ed54f3db948c62a.php 第 69 行.
NOTIC: [8] Undefined index: SubjectID E:\www\www\tk\Runtime\Cache\Doc\5339a4a834ea63236ed54f3db948c62a.php 第 69 行.
NOTIC: [8] Undefined index: SubjectID E:\www\www\tk\Runtime\Cache\Doc\5339a4a834ea63236ed54f3db948c62a.php 第 69 行.
NOTIC: [8] Undefined index: SubjectID E:\www\www\tk\Runtime\Cache\Doc\5339a4a834ea63236ed54f3db948c62a.php 第 69 行.
NOTIC: [8] Undefined index: SubjectID E:\www\www\tk\Runtime\Cache\Doc\5339a4a834ea63236ed54f3db948c62a.php 第 69 行.
NOTIC: [8] Undefined index: SubjectID E:\www\www\tk\Runtime\Cache\Doc\5339a4a834ea63236ed54f3db948c62a.php 第 69 行.
NOTIC: [8] Undefined index: SubjectID E:\www\www\tk\Runtime\Cache\Doc\5339a4a834ea63236ed54f3db948c62a.php 第 69 行.
NOTIC: [8] Undefined index: SubjectID E:\www\www\tk\Runtime\Cache\Doc\5339a4a834ea63236ed54f3db948c62a.php 第 69 行.
NOTIC: [8] Undefined index: SubjectID E:\www\www\tk\Runtime\Cache\Doc\5339a4a834ea63236ed54f3db948c62a.php 第 69 行.
NOTIC: [8] Undefined index: SubjectID E:\www\www\tk\Runtime\Cache\Doc\5339a4a834ea63236ed54f3db948c62a.php 第 69 行.
NOTIC: [8] Undefined index: SubjectID E:\www\www\tk\Runtime\Cache\Doc\5339a4a834ea63236ed54f3db948c62a.php 第 69 行.
NOTIC: [8] Undefined index: SubjectID E:\www\www\tk\Runtime\Cache\Doc\5339a4a834ea63236ed54f3db948c62a.php 第 69 行.
NOTIC: [8] Undefined index: SubjectID E:\www\www\tk\Runtime\Cache\Doc\5339a4a834ea63236ed54f3db948c62a.php 第 69 行.
NOTIC: [8] Undefined index: SubjectID E:\www\www\tk\Runtime\Cache\Doc\5339a4a834ea63236ed54f3db948c62a.php 第 69 行.
NOTIC: [8] Undefined index: SubjectID E:\www\www\tk\Runtime\Cache\Doc\5339a4a834ea63236ed54f3db948c62a.php 第 69 行.
NOTIC: [8] Undefined index: SubjectID E:\www\www\tk\Runtime\Cache\Doc\5339a4a834ea63236ed54f3db948c62a.php 第 69 行.
NOTIC: [8] Undefined index: SubjectID E:\www\www\tk\Runtime\Cache\Doc\5339a4a834ea63236ed54f3db948c62a.php 第 69 行.
NOTIC: [8] Undefined index: SubjectID E:\www\www\tk\Runtime\Cache\Doc\5339a4a834ea63236ed54f3db948c62a.php 第 69 行.
NOTIC: [8] Undefined index: SubjectID E:\www\www\tk\Runtime\Cache\Doc\5339a4a834ea63236ed54f3db948c62a.php 第 69 行.
NOTIC: [8] Undefined index: SubjectID E:\www\www\tk\Runtime\Cache\Doc\5339a4a834ea63236ed54f3db948c62a.php 第 69 行.
NOTIC: [8] Undefined index: Admin E:\www\www\tk\Runtime\Cache\Doc\5339a4a834ea63236ed54f3db948c62a.php 第 76 行.
NOTIC: [8] Undefined index: Status E:\www\www\tk\Runtime\Cache\Doc\5339a4a834ea63236ed54f3db948c62a.php 第 81 行.
NOTIC: [8] Undefined index: Status E:\www\www\tk\Runtime\Cache\Doc\5339a4a834ea63236ed54f3db948c62a.php 第 82 行.
NOTIC: [8] Undefined index: DocYear E:\www\www\tk\Runtime\Cache\Doc\5339a4a834ea63236ed54f3db948c62a.php 第 89 行.
NOTIC: [8] Undefined index: DocYear E:\www\www\tk\Runtime\Cache\Doc\5339a4a834ea63236ed54f3db948c62a.php 第 89 行.
NOTIC: [8] Undefined index: DocYear E:\www\www\tk\Runtime\Cache\Doc\5339a4a834ea63236ed54f3db948c62a.php 第 89 行.
NOTIC: [8] Undefined index: DocYear E:\www\www\tk\Runtime\Cache\Doc\5339a4a834ea63236ed54f3db948c62a.php 第 89 行.
NOTIC: [8] Undefined index: DocYear E:\www\www\tk\Runtime\Cache\Doc\5339a4a834ea63236ed54f3db948c62a.php 第 89 行.
NOTIC: [8] Undefined index: DocYear E:\www\www\tk\Runtime\Cache\Doc\5339a4a834ea63236ed54f3db948c62a.php 第 89 行.
NOTIC: [8] Undefined index: DocYear E:\www\www\tk\Runtime\Cache\Doc\5339a4a834ea63236ed54f3db948c62a.php 第 89 行.
NOTIC: [8] Undefined index: DocYear E:\www\www\tk\Runtime\Cache\Doc\5339a4a834ea63236ed54f3db948c62a.php 第 89 行.
NOTIC: [8] Undefined index: DocYear E:\www\www\tk\Runtime\Cache\Doc\5339a4a834ea63236ed54f3db948c62a.php 第 89 行.
NOTIC: [8] Undefined index: DocYear E:\www\www\tk\Runtime\Cache\Doc\5339a4a834ea63236ed54f3db948c62a.php 第 89 行.
NOTIC: [8] Undefined index: DocYear E:\www\www\tk\Runtime\Cache\Doc\5339a4a834ea63236ed54f3db948c62a.php 第 89 行.
NOTIC: [8] Undefined index: DocYear E:\www\www\tk\Runtime\Cache\Doc\5339a4a834ea63236ed54f3db948c62a.php 第 89 行.
NOTIC: [8] Undefined index: DocYear E:\www\www\tk\Runtime\Cache\Doc\5339a4a834ea63236ed54f3db948c62a.php 第 89 行.
NOTIC: [8] Undefined index: DocYear E:\www\www\tk\Runtime\Cache\Doc\5339a4a834ea63236ed54f3db948c62a.php 第 89 行.
NOTIC: [8] Undefined index: DocYear E:\www\www\tk\Runtime\Cache\Doc\5339a4a834ea63236ed54f3db948c62a.php 第 89 行.
NOTIC: [8] Undefined index: DocYear E:\www\www\tk\Runtime\Cache\Doc\5339a4a834ea63236ed54f3db948c62a.php 第 89 行.
NOTIC: [8] Undefined index: DocYear E:\www\www\tk\Runtime\Cache\Doc\5339a4a834ea63236ed54f3db948c62a.php 第 89 行.
NOTIC: [8] Undefined index: DocYear E:\www\www\tk\Runtime\Cache\Doc\5339a4a834ea63236ed54f3db948c62a.php 第 89 行.
NOTIC: [8] Undefined index: DocYear E:\www\www\tk\Runtime\Cache\Doc\5339a4a834ea63236ed54f3db948c62a.php 第 89 行.
NOTIC: [8] Undefined index: DocYear E:\www\www\tk\Runtime\Cache\Doc\5339a4a834ea63236ed54f3db948c62a.php 第 89 行.
NOTIC: [8] Undefined index: DocYear E:\www\www\tk\Runtime\Cache\Doc\5339a4a834ea63236ed54f3db948c62a.php 第 89 行.
NOTIC: [8] Undefined index: DocYear E:\www\www\tk\Runtime\Cache\Doc\5339a4a834ea63236ed54f3db948c62a.php 第 89 行.
NOTIC: [8] Undefined index: DocYear E:\www\www\tk\Runtime\Cache\Doc\5339a4a834ea63236ed54f3db948c62a.php 第 89 行.
NOTIC: [8] Undefined index: DocYear E:\www\www\tk\Runtime\Cache\Doc\5339a4a834ea63236ed54f3db948c62a.php 第 89 行.
NOTIC: [8] Undefined index: DocYear E:\www\www\tk\Runtime\Cache\Doc\5339a4a834ea63236ed54f3db948c62a.php 第 89 行.
NOTIC: [8] Undefined index: DocYear E:\www\www\tk\Runtime\Cache\Doc\5339a4a834ea63236ed54f3db948c62a.php 第 89 行.
NOTIC: [8] Undefined index: DocYear E:\www\www\tk\Runtime\Cache\Doc\5339a4a834ea63236ed54f3db948c62a.php 第 89 行.
NOTIC: [8] Undefined index: DocYear E:\www\www\tk\Runtime\Cache\Doc\5339a4a834ea63236ed54f3db948c62a.php 第 89 行.
NOTIC: [8] Undefined index: DocID E:\www\www\tk\Runtime\Cache\Doc\5339a4a834ea63236ed54f3db948c62a.php 第 97 行.
NOTIC: [8] Undefined index: IfIntro E:\www\www\tk\Runtime\Cache\Doc\5339a4a834ea63236ed54f3db948c62a.php 第 127 行.
NOTIC: [8] Undefined index: IfIntro E:\www\www\tk\Runtime\Cache\Doc\5339a4a834ea63236ed54f3db948c62a.php 第 128 行.
NOTIC: [8] Undefined index: ShowWhere E:\www\www\tk\Runtime\Cache\Doc\5339a4a834ea63236ed54f3db948c62a.php 第 135 行.
NOTIC: [8] Undefined index: ShowWhere E:\www\www\tk\Runtime\Cache\Doc\5339a4a834ea63236ed54f3db948c62a.php 第 136 行.
NOTIC: [8] Undefined index: ShowWhere E:\www\www\tk\Runtime\Cache\Doc\5339a4a834ea63236ed54f3db948c62a.php 第 137 行.
NOTIC: [8] Undefined index: ShowWhere E:\www\www\tk\Runtime\Cache\Doc\5339a4a834ea63236ed54f3db948c62a.php 第 138 行.
INFO: Run Behavior\ParseTemplateBehavior [ RunTime:0.030275s ]
INFO: [ view_parse ] --END-- [ RunTime:0.030275s ]
INFO: [ view_filter ] --START--
INFO: Run Behavior\WriteHtmlCacheBehavior [ RunTime:0.000976s ]
INFO: Run Behavior\TokenBuildBehavior [ RunTime:0.002930s ]
INFO: [ view_filter ] --END-- [ RunTime:0.003906s ]
INFO: [ app_end ] --START--
INFO: Run Behavior\ShowPageTraceBehavior [ RunTime:0.000976s ]
INFO: [ app_end ] --END-- [ RunTime:0.000976s ]

[ 2017-09-25T10:09:14+08:00 ] 115.60.56.180 /Doc/WlnDoc/showWord/docID/60258.html
INFO: [ app_init ] --START--
INFO: Run Behavior\BuildLiteBehavior [ RunTime:0.000000s ]
INFO: [ app_init ] --END-- [ RunTime:0.000000s ]
NOTIC: [2] preg_match(): Unknown modifier 'f' E:\www\www\main\Library\Think\Route.class.php 第 58 行.
NOTIC: [2] preg_match(): Unknown modifier 'f' E:\www\www\main\Library\Think\Route.class.php 第 58 行.
INFO: [ app_begin ] --START--
INFO: Run Behavior\ReadHtmlCacheBehavior [ RunTime:0.000977s ]
INFO: [ app_begin ] --END-- [ RunTime:0.000977s ]
NOTIC: [8] Undefined index: Manage E:\www\www\tk\Common\Controller\SystemLayerController.class.php 第 24 行.
NOTIC: [8] Undefined index: Manage E:\www\www\tk\Common\Controller\DefaultController.class.php 第 24 行.
NOTIC: [8] Undefined index: style E:\www\www\tk\Doc\Manage\WlnDocManage.class.php 第 316 行.
INFO: [ app_end ] --START--
INFO: Run Behavior\ShowPageTraceBehavior [ RunTime:0.000977s ]
INFO: [ app_end ] --END-- [ RunTime:0.000977s ]

[ 2017-09-25T10:09:19+08:00 ] 115.60.56.180 /Doc/WlnDoc/showWord/docID/60258.html
INFO: [ app_init ] --START--
INFO: Run Behavior\BuildLiteBehavior [ RunTime:0.000000s ]
INFO: [ app_init ] --END-- [ RunTime:0.000976s ]
NOTIC: [2] preg_match(): Unknown modifier 'f' E:\www\www\main\Library\Think\Route.class.php 第 58 行.
NOTIC: [2] preg_match(): Unknown modifier 'f' E:\www\www\main\Library\Think\Route.class.php 第 58 行.
INFO: [ app_begin ] --START--
INFO: Run Behavior\ReadHtmlCacheBehavior [ RunTime:0.000976s ]
INFO: [ app_begin ] --END-- [ RunTime:0.000976s ]
NOTIC: [8] Undefined index: Manage E:\www\www\tk\Common\Controller\SystemLayerController.class.php 第 24 行.
NOTIC: [8] Undefined index: Manage E:\www\www\tk\Common\Controller\DefaultController.class.php 第 24 行.
NOTIC: [8] Undefined index: style E:\www\www\tk\Doc\Manage\WlnDocManage.class.php 第 316 行.
INFO: [ app_end ] --START--
INFO: Run Behavior\ShowPageTraceBehavior [ RunTime:0.000000s ]
INFO: [ app_end ] --END-- [ RunTime:0.000000s ]

