[ 2017-09-27T22:45:50+08:00 ] 112.227.193.169 /Aat/Default/ajaxSubject.html
INFO: [ app_init ] --START--
INFO: Run Behavior\BuildLiteBehavior [ RunTime:0.000000s ]
INFO: [ app_init ] --END-- [ RunTime:0.000000s ]
NOTIC: [2] preg_match(): Unknown modifier 'f' E:\www\www\main\Library\Think\Route.class.php 第 58 行.
NOTIC: [2] preg_match(): Unknown modifier 'f' E:\www\www\main\Library\Think\Route.class.php 第 58 行.
INFO: [ app_begin ] --START--
INFO: Run Behavior\ReadHtmlCacheBehavior [ RunTime:0.000977s ]
INFO: [ app_begin ] --END-- [ RunTime:0.000977s ]
NOTIC: [8] Undefined index: SubjectID E:\www\www\tk\Aat\Api\PushTestApi.class.php 第 190 行.

[ 2017-09-27T22:45:50+08:00 ] 112.227.193.169 /Aat/MyHomework/getNew.html
INFO: [ app_init ] --START--
INFO: Run Behavior\BuildLiteBehavior [ RunTime:0.000000s ]
INFO: [ app_init ] --END-- [ RunTime:0.000000s ]
NOTIC: [2] preg_match(): Unknown modifier 'f' E:\www\www\main\Library\Think\Route.class.php 第 58 行.
NOTIC: [2] preg_match(): Unknown modifier 'f' E:\www\www\main\Library\Think\Route.class.php 第 58 行.
INFO: [ app_begin ] --START--
INFO: Run Behavior\ReadHtmlCacheBehavior [ RunTime:0.000976s ]
INFO: [ app_begin ] --END-- [ RunTime:0.000976s ]
NOTIC: [8] Undefined index: phone E:\www\www\tk\Common\Controller\PowerLayerController.class.php 第 1112 行.

[ 2017-09-27T22:45:52+08:00 ] 112.227.193.169 /Aat/Default/logout.html?_csrf=97b115491c2c3caeccde21b10a4638b2&times=0.6978082708083093&_=1506523550531
INFO: [ app_init ] --START--
INFO: Run Behavior\BuildLiteBehavior [ RunTime:0.000000s ]
INFO: [ app_init ] --END-- [ RunTime:0.000976s ]
NOTIC: [2] preg_match(): Unknown modifier 'f' E:\www\www\main\Library\Think\Route.class.php 第 58 行.
NOTIC: [2] preg_match(): Unknown modifier 'f' E:\www\www\main\Library\Think\Route.class.php 第 58 行.
INFO: [ app_begin ] --START--
INFO: Run Behavior\ReadHtmlCacheBehavior [ RunTime:0.000977s ]
INFO: [ app_begin ] --END-- [ RunTime:0.000977s ]
NOTIC: [8] Undefined offset: 2 E:\www\www\tk\Common\Controller\CommonController.class.php 第 330 行.

[ 2017-09-27T22:50:45+08:00 ] 1.180.237.229 /Aat/MyHomework/index.html?session=9A8287B43FE926855FF2A73A8C&device=androidPadCKL
INFO: [ app_init ] --START--
INFO: Run Behavior\BuildLiteBehavior [ RunTime:0.000000s ]
INFO: [ app_init ] --END-- [ RunTime:0.000000s ]
NOTIC: [2] preg_match(): Unknown modifier 'f' E:\www\www\main\Library\Think\Route.class.php 第 58 行.
NOTIC: [2] preg_match(): Unknown modifier 'f' E:\www\www\main\Library\Think\Route.class.php 第 58 行.
INFO: [ app_begin ] --START--
INFO: Run Behavior\ReadHtmlCacheBehavior [ RunTime:0.000977s ]
INFO: [ app_begin ] --END-- [ RunTime:0.000977s ]
NOTIC: [8] Undefined offset: 1 E:\www\www\tk\Common\Controller\CommonController.class.php 第 337 行.
NOTIC: [8] Undefined offset: 2 E:\www\www\tk\Common\Controller\CommonController.class.php 第 337 行.

[ 2017-09-27T22:50:51+08:00 ] 1.180.237.228 /Aat/MyHomework/index.html?session=9A8287B43FE926855FF2A73A8C&device=androidPadCKL
INFO: [ app_init ] --START--
INFO: Run Behavior\BuildLiteBehavior [ RunTime:0.000000s ]
INFO: [ app_init ] --END-- [ RunTime:0.000977s ]
NOTIC: [2] preg_match(): Unknown modifier 'f' E:\www\www\main\Library\Think\Route.class.php 第 58 行.
NOTIC: [2] preg_match(): Unknown modifier 'f' E:\www\www\main\Library\Think\Route.class.php 第 58 行.
INFO: [ app_begin ] --START--
INFO: Run Behavior\ReadHtmlCacheBehavior [ RunTime:0.000977s ]
INFO: [ app_begin ] --END-- [ RunTime:0.000977s ]
NOTIC: [8] Undefined offset: 1 E:\www\www\tk\Common\Controller\CommonController.class.php 第 337 行.
NOTIC: [8] Undefined offset: 2 E:\www\www\tk\Common\Controller\CommonController.class.php 第 337 行.

[ 2017-09-27T22:51:04+08:00 ] 1.180.237.226 /Aat/MyHomework/index.html?session=9A8287B43FE926855FF2A73A8C&device=androidPadCKL
INFO: [ app_init ] --START--
INFO: Run Behavior\BuildLiteBehavior [ RunTime:0.000000s ]
INFO: [ app_init ] --END-- [ RunTime:0.000000s ]
NOTIC: [2] preg_match(): Unknown modifier 'f' E:\www\www\main\Library\Think\Route.class.php 第 58 行.
NOTIC: [2] preg_match(): Unknown modifier 'f' E:\www\www\main\Library\Think\Route.class.php 第 58 行.
INFO: [ app_begin ] --START--
INFO: Run Behavior\ReadHtmlCacheBehavior [ RunTime:0.000000s ]
INFO: [ app_begin ] --END-- [ RunTime:0.000000s ]
NOTIC: [8] Undefined offset: 1 E:\www\www\tk\Common\Controller\CommonController.class.php 第 337 行.
NOTIC: [8] Undefined offset: 2 E:\www\www\tk\Common\Controller\CommonController.class.php 第 337 行.

[ 2017-09-27T22:51:30+08:00 ] 112.227.193.169 /Aat/MyHomework/index.html?session=12D83E3BD4AA38CD9BCC63816187&device=androidPadCKL
INFO: [ app_init ] --START--
INFO: Run Behavior\BuildLiteBehavior [ RunTime:0.000000s ]
INFO: [ app_init ] --END-- [ RunTime:0.000977s ]
NOTIC: [2] preg_match(): Unknown modifier 'f' E:\www\www\main\Library\Think\Route.class.php 第 58 行.
NOTIC: [2] preg_match(): Unknown modifier 'f' E:\www\www\main\Library\Think\Route.class.php 第 58 行.
INFO: [ app_begin ] --START--
INFO: Run Behavior\ReadHtmlCacheBehavior [ RunTime:0.000977s ]
INFO: [ app_begin ] --END-- [ RunTime:0.000977s ]
NOTIC: [8] Undefined index: phone E:\www\www\tk\Common\Controller\PowerLayerController.class.php 第 1112 行.
INFO: [ view_parse ] --START--
INFO: [ template_filter ] --START--
INFO: Run Behavior\ContentReplaceBehavior [ RunTime:0.000000s ]
INFO: [ template_filter ] --END-- [ RunTime:0.000000s ]
NOTIC: [8] Use of undefined constant WLN_UPDATE_FILE_DATE - assumed 'WLN_UPDATE_FILE_DATE' E:\www\www\tk\Runtime\Cache\Aat\e7be11ca46a2086f0f3928c2347b54d7.php 第 12 行.
NOTIC: [8] Use of undefined constant WLN_UPDATE_FILE_DATE - assumed 'WLN_UPDATE_FILE_DATE' E:\www\www\tk\Runtime\Cache\Aat\e7be11ca46a2086f0f3928c2347b54d7.php 第 14 行.
NOTIC: [8] Use of undefined constant WLN_UPDATE_FILE_DATE - assumed 'WLN_UPDATE_FILE_DATE' E:\www\www\tk\Runtime\Cache\Aat\e7be11ca46a2086f0f3928c2347b54d7.php 第 15 行.
NOTIC: [8] Use of undefined constant WLN_UPDATE_FILE_DATE - assumed 'WLN_UPDATE_FILE_DATE' E:\www\www\tk\Runtime\Cache\Aat\e7be11ca46a2086f0f3928c2347b54d7.php 第 17 行.
NOTIC: [8] Use of undefined constant WLN_UPDATE_FILE_DATE - assumed 'WLN_UPDATE_FILE_DATE' E:\www\www\tk\Runtime\Cache\Aat\e7be11ca46a2086f0f3928c2347b54d7.php 第 19 行.
NOTIC: [8] Use of undefined constant WLN_UPDATE_FILE_DATE - assumed 'WLN_UPDATE_FILE_DATE' E:\www\www\tk\Runtime\Cache\Aat\e7be11ca46a2086f0f3928c2347b54d7.php 第 20 行.
NOTIC: [8] Use of undefined constant WLN_UPDATE_FILE_DATE - assumed 'WLN_UPDATE_FILE_DATE' E:\www\www\tk\Runtime\Cache\Aat\e7be11ca46a2086f0f3928c2347b54d7.php 第 21 行.
NOTIC: [8] Use of undefined constant WLN_UPDATE_FILE_DATE - assumed 'WLN_UPDATE_FILE_DATE' E:\www\www\tk\Runtime\Cache\Aat\e7be11ca46a2086f0f3928c2347b54d7.php 第 23 行.
NOTIC: [8] Use of undefined constant WLN_UPDATE_FILE_DATE - assumed 'WLN_UPDATE_FILE_DATE' E:\www\www\tk\Runtime\Cache\Aat\e7be11ca46a2086f0f3928c2347b54d7.php 第 24 行.
NOTIC: [8] Use of undefined constant WLN_UPDATE_FILE_DATE - assumed 'WLN_UPDATE_FILE_DATE' E:\www\www\tk\Runtime\Cache\Aat\e7be11ca46a2086f0f3928c2347b54d7.php 第 26 行.
NOTIC: [8] Use of undefined constant WLN_UPDATE_FILE_DATE - assumed 'WLN_UPDATE_FILE_DATE' E:\www\www\tk\Runtime\Cache\Aat\e7be11ca46a2086f0f3928c2347b54d7.php 第 28 行.
NOTIC: [8] Use of undefined constant WLN_UPDATE_FILE_DATE - assumed 'WLN_UPDATE_FILE_DATE' E:\www\www\tk\Runtime\Cache\Aat\e7be11ca46a2086f0f3928c2347b54d7.php 第 30 行.
NOTIC: [8] Use of undefined constant URL_PATHINFO_DEPR - assumed 'URL_PATHINFO_DEPR' E:\www\www\tk\Runtime\Cache\Aat\e7be11ca46a2086f0f3928c2347b54d7.php 第 36 行.
NOTIC: [8] Use of undefined constant WLN_AAT_USER_AUTH_KEY - assumed 'WLN_AAT_USER_AUTH_KEY' E:\www\www\tk\Runtime\Cache\Aat\e7be11ca46a2086f0f3928c2347b54d7.php 第 40 行.
NOTIC: [8] Use of undefined constant WLN_AAT_USER_AUTH_KEY - assumed 'WLN_AAT_USER_AUTH_KEY' E:\www\www\tk\Runtime\Cache\Aat\e7be11ca46a2086f0f3928c2347b54d7.php 第 41 行.
NOTIC: [8] Use of undefined constant WLN_AAT_USER_AUTH_KEY - assumed 'WLN_AAT_USER_AUTH_KEY' E:\www\www\tk\Runtime\Cache\Aat\e7be11ca46a2086f0f3928c2347b54d7.php 第 42 行.
NOTIC: [8] Use of undefined constant WLN_AAT_USER_AUTH_KEY - assumed 'WLN_AAT_USER_AUTH_KEY' E:\www\www\tk\Runtime\Cache\Aat\e7be11ca46a2086f0f3928c2347b54d7.php 第 43 行.
NOTIC: [8] Use of undefined constant WLN_AAT_USER_AUTH_KEY - assumed 'WLN_AAT_USER_AUTH_KEY' E:\www\www\tk\Runtime\Cache\Aat\e7be11ca46a2086f0f3928c2347b54d7.php 第 44 行.
NOTIC: [8] Use of undefined constant WLN_AAT_USER_AUTH_KEY - assumed 'WLN_AAT_USER_AUTH_KEY' E:\www\www\tk\Runtime\Cache\Aat\e7be11ca46a2086f0f3928c2347b54d7.php 第 45 行.
NOTIC: [8] Use of undefined constant WLN_AAT_USER_AUTH_KEY - assumed 'WLN_AAT_USER_AUTH_KEY' E:\www\www\tk\Runtime\Cache\Aat\e7be11ca46a2086f0f3928c2347b54d7.php 第 46 行.
INFO: Run Behavior\ParseTemplateBehavior [ RunTime:0.016602s ]
INFO: [ view_parse ] --END-- [ RunTime:0.016602s ]
INFO: [ view_filter ] --START--
INFO: Run Behavior\WriteHtmlCacheBehavior [ RunTime:0.000000s ]
INFO: Run Behavior\TokenBuildBehavior [ RunTime:0.002930s ]
INFO: [ view_filter ] --END-- [ RunTime:0.002930s ]
INFO: [ app_end ] --START--
INFO: Run Behavior\ShowPageTraceBehavior [ RunTime:0.000977s ]
INFO: [ app_end ] --END-- [ RunTime:0.000977s ]

[ 2017-09-27T22:51:31+08:00 ] 112.227.193.169 /Aat/Default/ajaxSubject.html
INFO: [ app_init ] --START--
INFO: Run Behavior\BuildLiteBehavior [ RunTime:0.000000s ]
INFO: [ app_init ] --END-- [ RunTime:0.000000s ]
NOTIC: [2] preg_match(): Unknown modifier 'f' E:\www\www\main\Library\Think\Route.class.php 第 58 行.
NOTIC: [2] preg_match(): Unknown modifier 'f' E:\www\www\main\Library\Think\Route.class.php 第 58 行.
INFO: [ app_begin ] --START--
INFO: Run Behavior\ReadHtmlCacheBehavior [ RunTime:0.000977s ]
INFO: [ app_begin ] --END-- [ RunTime:0.000977s ]
NOTIC: [8] Undefined index: SubjectID E:\www\www\tk\Aat\Api\PushTestApi.class.php 第 190 行.

[ 2017-09-27T22:51:31+08:00 ] 112.227.193.169 /Aat/MyHomework/getNew.html
INFO: [ app_init ] --START--
INFO: Run Behavior\BuildLiteBehavior [ RunTime:0.000000s ]
INFO: [ app_init ] --END-- [ RunTime:0.000976s ]
NOTIC: [2] preg_match(): Unknown modifier 'f' E:\www\www\main\Library\Think\Route.class.php 第 58 行.
NOTIC: [2] preg_match(): Unknown modifier 'f' E:\www\www\main\Library\Think\Route.class.php 第 58 行.
INFO: [ app_begin ] --START--
INFO: Run Behavior\ReadHtmlCacheBehavior [ RunTime:0.000977s ]
INFO: [ app_begin ] --END-- [ RunTime:0.000977s ]
NOTIC: [8] Undefined index: phone E:\www\www\tk\Common\Controller\PowerLayerController.class.php 第 1112 行.

[ 2017-09-27T22:51:34+08:00 ] 112.227.193.169 /Aat/Default/logout.html?_csrf=97b115491c2c3caeccde21b10a4638b2&times=0.7129774878267199&_=1506523890819
INFO: [ app_init ] --START--
INFO: Run Behavior\BuildLiteBehavior [ RunTime:0.000000s ]
INFO: [ app_init ] --END-- [ RunTime:0.000000s ]
NOTIC: [2] preg_match(): Unknown modifier 'f' E:\www\www\main\Library\Think\Route.class.php 第 58 行.
NOTIC: [2] preg_match(): Unknown modifier 'f' E:\www\www\main\Library\Think\Route.class.php 第 58 行.
INFO: [ app_begin ] --START--
INFO: Run Behavior\ReadHtmlCacheBehavior [ RunTime:0.000000s ]
INFO: [ app_begin ] --END-- [ RunTime:0.000000s ]
NOTIC: [8] Undefined offset: 2 E:\www\www\tk\Common\Controller\CommonController.class.php 第 330 行.

[ 2017-09-27T23:54:49+08:00 ] 124.239.251.33 /Aat?session=AB9C84CA4D44A3C1B02192A6997&device=androidPadCKL
INFO: [ app_init ] --START--
INFO: Run Behavior\BuildLiteBehavior [ RunTime:0.000000s ]
INFO: [ app_init ] --END-- [ RunTime:0.000000s ]
NOTIC: [2] preg_match(): Unknown modifier 'f' E:\www\www\main\Library\Think\Route.class.php 第 58 行.
INFO: [ app_begin ] --START--
INFO: Run Behavior\ReadHtmlCacheBehavior [ RunTime:0.000976s ]
INFO: [ app_begin ] --END-- [ RunTime:0.000976s ]
NOTIC: [8] Undefined index: phone E:\www\www\tk\Common\Controller\PowerLayerController.class.php 第 1112 行.
NOTIC: [8] Undefined index: url E:\www\www\tk\Aat\Controller\DefaultController.class.php 第 22 行.
INFO: [ view_parse ] --START--
INFO: [ template_filter ] --START--
INFO: Run Behavior\ContentReplaceBehavior [ RunTime:0.000977s ]
INFO: [ template_filter ] --END-- [ RunTime:0.000977s ]
NOTIC: [8] Use of undefined constant WLN_UPDATE_FILE_DATE - assumed 'WLN_UPDATE_FILE_DATE' E:\www\www\tk\Runtime\Cache\Aat\f1e256b4e6b03e2193eef0b1e8b1e0e4.php 第 12 行.
NOTIC: [8] Use of undefined constant WLN_UPDATE_FILE_DATE - assumed 'WLN_UPDATE_FILE_DATE' E:\www\www\tk\Runtime\Cache\Aat\f1e256b4e6b03e2193eef0b1e8b1e0e4.php 第 14 行.
NOTIC: [8] Use of undefined constant WLN_UPDATE_FILE_DATE - assumed 'WLN_UPDATE_FILE_DATE' E:\www\www\tk\Runtime\Cache\Aat\f1e256b4e6b03e2193eef0b1e8b1e0e4.php 第 15 行.
NOTIC: [8] Use of undefined constant WLN_UPDATE_FILE_DATE - assumed 'WLN_UPDATE_FILE_DATE' E:\www\www\tk\Runtime\Cache\Aat\f1e256b4e6b03e2193eef0b1e8b1e0e4.php 第 17 行.
NOTIC: [8] Use of undefined constant WLN_UPDATE_FILE_DATE - assumed 'WLN_UPDATE_FILE_DATE' E:\www\www\tk\Runtime\Cache\Aat\f1e256b4e6b03e2193eef0b1e8b1e0e4.php 第 19 行.
NOTIC: [8] Use of undefined constant WLN_UPDATE_FILE_DATE - assumed 'WLN_UPDATE_FILE_DATE' E:\www\www\tk\Runtime\Cache\Aat\f1e256b4e6b03e2193eef0b1e8b1e0e4.php 第 20 行.
NOTIC: [8] Use of undefined constant WLN_UPDATE_FILE_DATE - assumed 'WLN_UPDATE_FILE_DATE' E:\www\www\tk\Runtime\Cache\Aat\f1e256b4e6b03e2193eef0b1e8b1e0e4.php 第 21 行.
NOTIC: [8] Use of undefined constant WLN_UPDATE_FILE_DATE - assumed 'WLN_UPDATE_FILE_DATE' E:\www\www\tk\Runtime\Cache\Aat\f1e256b4e6b03e2193eef0b1e8b1e0e4.php 第 23 行.
NOTIC: [8] Use of undefined constant WLN_UPDATE_FILE_DATE - assumed 'WLN_UPDATE_FILE_DATE' E:\www\www\tk\Runtime\Cache\Aat\f1e256b4e6b03e2193eef0b1e8b1e0e4.php 第 24 行.
NOTIC: [8] Use of undefined constant WLN_UPDATE_FILE_DATE - assumed 'WLN_UPDATE_FILE_DATE' E:\www\www\tk\Runtime\Cache\Aat\f1e256b4e6b03e2193eef0b1e8b1e0e4.php 第 26 行.
NOTIC: [8] Use of undefined constant WLN_UPDATE_FILE_DATE - assumed 'WLN_UPDATE_FILE_DATE' E:\www\www\tk\Runtime\Cache\Aat\f1e256b4e6b03e2193eef0b1e8b1e0e4.php 第 28 行.
NOTIC: [8] Use of undefined constant WLN_UPDATE_FILE_DATE - assumed 'WLN_UPDATE_FILE_DATE' E:\www\www\tk\Runtime\Cache\Aat\f1e256b4e6b03e2193eef0b1e8b1e0e4.php 第 30 行.
NOTIC: [8] Use of undefined constant URL_PATHINFO_DEPR - assumed 'URL_PATHINFO_DEPR' E:\www\www\tk\Runtime\Cache\Aat\f1e256b4e6b03e2193eef0b1e8b1e0e4.php 第 36 行.
NOTIC: [8] Use of undefined constant WLN_AAT_USER_AUTH_KEY - assumed 'WLN_AAT_USER_AUTH_KEY' E:\www\www\tk\Runtime\Cache\Aat\f1e256b4e6b03e2193eef0b1e8b1e0e4.php 第 40 行.
NOTIC: [8] Use of undefined constant WLN_AAT_USER_AUTH_KEY - assumed 'WLN_AAT_USER_AUTH_KEY' E:\www\www\tk\Runtime\Cache\Aat\f1e256b4e6b03e2193eef0b1e8b1e0e4.php 第 41 行.
NOTIC: [8] Use of undefined constant WLN_AAT_USER_AUTH_KEY - assumed 'WLN_AAT_USER_AUTH_KEY' E:\www\www\tk\Runtime\Cache\Aat\f1e256b4e6b03e2193eef0b1e8b1e0e4.php 第 42 行.
NOTIC: [8] Use of undefined constant WLN_AAT_USER_AUTH_KEY - assumed 'WLN_AAT_USER_AUTH_KEY' E:\www\www\tk\Runtime\Cache\Aat\f1e256b4e6b03e2193eef0b1e8b1e0e4.php 第 43 行.
NOTIC: [8] Use of undefined constant WLN_AAT_USER_AUTH_KEY - assumed 'WLN_AAT_USER_AUTH_KEY' E:\www\www\tk\Runtime\Cache\Aat\f1e256b4e6b03e2193eef0b1e8b1e0e4.php 第 44 行.
NOTIC: [8] Use of undefined constant WLN_AAT_USER_AUTH_KEY - assumed 'WLN_AAT_USER_AUTH_KEY' E:\www\www\tk\Runtime\Cache\Aat\f1e256b4e6b03e2193eef0b1e8b1e0e4.php 第 45 行.
NOTIC: [8] Use of undefined constant WLN_AAT_USER_AUTH_KEY - assumed 'WLN_AAT_USER_AUTH_KEY' E:\www\www\tk\Runtime\Cache\Aat\f1e256b4e6b03e2193eef0b1e8b1e0e4.php 第 46 行.
NOTIC: [8] Use of undefined constant WLN_UPDATE_FILE_DATE - assumed 'WLN_UPDATE_FILE_DATE' E:\www\www\tk\Runtime\Cache\Aat\f1e256b4e6b03e2193eef0b1e8b1e0e4.php 第 54 行.
INFO: Run Behavior\ParseTemplateBehavior [ RunTime:0.016602s ]
INFO: [ view_parse ] --END-- [ RunTime:0.016602s ]
INFO: [ view_filter ] --START--
INFO: Run Behavior\WriteHtmlCacheBehavior [ RunTime:0.000977s ]
INFO: Run Behavior\TokenBuildBehavior [ RunTime:0.001953s ]
INFO: [ view_filter ] --END-- [ RunTime:0.002930s ]
INFO: [ app_end ] --START--
INFO: Run Behavior\ShowPageTraceBehavior [ RunTime:0.000000s ]
INFO: [ app_end ] --END-- [ RunTime:0.000000s ]

[ 2017-09-27T23:54:50+08:00 ] 124.239.251.33 /Aat/Default/verify.html
INFO: [ app_init ] --START--
INFO: Run Behavior\BuildLiteBehavior [ RunTime:0.000000s ]
INFO: [ app_init ] --END-- [ RunTime:0.000000s ]
NOTIC: [2] preg_match(): Unknown modifier 'f' E:\www\www\main\Library\Think\Route.class.php 第 58 行.
NOTIC: [2] preg_match(): Unknown modifier 'f' E:\www\www\main\Library\Think\Route.class.php 第 58 行.
INFO: [ app_begin ] --START--
INFO: Run Behavior\ReadHtmlCacheBehavior [ RunTime:0.000000s ]
INFO: [ app_begin ] --END-- [ RunTime:0.000000s ]
INFO: [ app_end ] --START--
INFO: Run Behavior\ShowPageTraceBehavior [ RunTime:0.000977s ]
INFO: [ app_end ] --END-- [ RunTime:0.000977s ]

[ 2017-09-27T23:54:50+08:00 ] 124.239.251.33 /Aat/Default/ajaxSubject.html
INFO: [ app_init ] --START--
INFO: Run Behavior\BuildLiteBehavior [ RunTime:0.000000s ]
INFO: [ app_init ] --END-- [ RunTime:0.000000s ]
NOTIC: [2] preg_match(): Unknown modifier 'f' E:\www\www\main\Library\Think\Route.class.php 第 58 行.
NOTIC: [2] preg_match(): Unknown modifier 'f' E:\www\www\main\Library\Think\Route.class.php 第 58 行.
INFO: [ app_begin ] --START--
INFO: Run Behavior\ReadHtmlCacheBehavior [ RunTime:0.000976s ]
INFO: [ app_begin ] --END-- [ RunTime:0.000976s ]

[ 2017-09-27T23:54:50+08:00 ] 124.239.251.33 /Aat/AddUserInfo/check.html
INFO: [ app_init ] --START--
INFO: Run Behavior\BuildLiteBehavior [ RunTime:0.000000s ]
INFO: [ app_init ] --END-- [ RunTime:0.000976s ]
NOTIC: [2] preg_match(): Unknown modifier 'f' E:\www\www\main\Library\Think\Route.class.php 第 58 行.
NOTIC: [2] preg_match(): Unknown modifier 'f' E:\www\www\main\Library\Think\Route.class.php 第 58 行.
INFO: [ app_begin ] --START--
INFO: Run Behavior\ReadHtmlCacheBehavior [ RunTime:0.000976s ]
INFO: [ app_begin ] --END-- [ RunTime:0.000976s ]
NOTIC: [8] Undefined index: phone E:\www\www\tk\Common\Controller\PowerLayerController.class.php 第 1112 行.

[ 2017-09-27T23:54:53+08:00 ] 124.239.251.33 /Aat/Default/logout.html?_csrf=9642d1220433154b50719e3cd6077fba&times=0.6862263989169151&_=1506527692056
INFO: [ app_init ] --START--
INFO: Run Behavior\BuildLiteBehavior [ RunTime:0.000000s ]
INFO: [ app_init ] --END-- [ RunTime:0.000977s ]
NOTIC: [2] preg_match(): Unknown modifier 'f' E:\www\www\main\Library\Think\Route.class.php 第 58 行.
NOTIC: [2] preg_match(): Unknown modifier 'f' E:\www\www\main\Library\Think\Route.class.php 第 58 行.
INFO: [ app_begin ] --START--
INFO: Run Behavior\ReadHtmlCacheBehavior [ RunTime:0.000977s ]
INFO: [ app_begin ] --END-- [ RunTime:0.000977s ]
NOTIC: [8] Undefined offset: 2 E:\www\www\tk\Common\Controller\CommonController.class.php 第 330 行.

