[ 2017-09-14T10:36:09+08:00 ] 115.60.58.108 /Dir/Index/index.html
INFO: [ app_init ] --START--
INFO: Run Behavior\BuildLiteBehavior [ RunTime:0.000000s ]
INFO: [ app_init ] --END-- [ RunTime:0.000000s ]
NOTIC: [2] preg_match(): Unknown modifier 'f' E:\www\www\main\Library\Think\Route.class.php 第 58 行.
NOTIC: [2] preg_match(): Unknown modifier 'f' E:\www\www\main\Library\Think\Route.class.php 第 58 行.
INFO: [ app_begin ] --START--
INFO: Run Behavior\ReadHtmlCacheBehavior [ RunTime:0.000000s ]
INFO: [ app_begin ] --END-- [ RunTime:0.000000s ]
NOTIC: [8] Undefined variable: ID E:\www\www\tk\Doc\Api\DocTypeApi.class.php 第 48 行.
NOTIC: [8] Undefined variable: ifDel E:\www\www\tk\Doc\Api\DocTypeApi.class.php 第 53 行.
INFO: [ view_parse ] --START--
INFO: [ template_filter ] --START--
INFO: Run Behavior\ContentReplaceBehavior [ RunTime:0.015625s ]
INFO: [ template_filter ] --END-- [ RunTime:0.015625s ]
INFO: Run Behavior\ParseTemplateBehavior [ RunTime:0.015625s ]
INFO: [ view_parse ] --END-- [ RunTime:0.015625s ]
INFO: [ view_filter ] --START--
INFO: Run Behavior\WriteHtmlCacheBehavior [ RunTime:0.000000s ]
INFO: Run Behavior\TokenBuildBehavior [ RunTime:0.000000s ]
INFO: [ view_filter ] --END-- [ RunTime:0.000000s ]
INFO: [ app_end ] --START--
INFO: Run Behavior\ShowPageTraceBehavior [ RunTime:0.000000s ]
INFO: [ app_end ] --END-- [ RunTime:0.000000s ]

[ 2017-09-14T10:36:09+08:00 ] 115.60.58.108 /Dir/Index/getData.html
INFO: [ app_init ] --START--
INFO: Run Behavior\BuildLiteBehavior [ RunTime:0.000000s ]
INFO: [ app_init ] --END-- [ RunTime:0.000000s ]
NOTIC: [2] preg_match(): Unknown modifier 'f' E:\www\www\main\Library\Think\Route.class.php 第 58 行.
NOTIC: [2] preg_match(): Unknown modifier 'f' E:\www\www\main\Library\Think\Route.class.php 第 58 行.
INFO: [ app_begin ] --START--
INFO: Run Behavior\ReadHtmlCacheBehavior [ RunTime:0.000000s ]
INFO: [ app_begin ] --END-- [ RunTime:0.000000s ]
NOTIC: [8] Undefined variable: getAllGrade E:\www\www\tk\Common\Model\ApiCacheModel.class.php 第 931 行.

[ 2017-09-14T10:36:50+08:00 ] 115.60.58.108 /Dir/Index/getData.html
INFO: [ app_init ] --START--
INFO: Run Behavior\BuildLiteBehavior [ RunTime:0.000000s ]
INFO: [ app_init ] --END-- [ RunTime:0.000000s ]
NOTIC: [2] preg_match(): Unknown modifier 'f' E:\www\www\main\Library\Think\Route.class.php 第 58 行.
NOTIC: [2] preg_match(): Unknown modifier 'f' E:\www\www\main\Library\Think\Route.class.php 第 58 行.
INFO: [ app_begin ] --START--
INFO: Run Behavior\ReadHtmlCacheBehavior [ RunTime:0.000000s ]
INFO: [ app_begin ] --END-- [ RunTime:0.000000s ]
NOTIC: [8] Undefined variable: pID E:\www\www\tk\Common\Model\ApiCacheModel.class.php 第 1094 行.

[ 2017-09-14T10:36:53+08:00 ] 115.60.58.108 /Dir/Index/getData.html
INFO: [ app_init ] --START--
INFO: Run Behavior\BuildLiteBehavior [ RunTime:0.000000s ]
INFO: [ app_init ] --END-- [ RunTime:0.000000s ]
NOTIC: [2] preg_match(): Unknown modifier 'f' E:\www\www\main\Library\Think\Route.class.php 第 58 行.
NOTIC: [2] preg_match(): Unknown modifier 'f' E:\www\www\main\Library\Think\Route.class.php 第 58 行.
INFO: [ app_begin ] --START--
INFO: Run Behavior\ReadHtmlCacheBehavior [ RunTime:0.000000s ]
INFO: [ app_begin ] --END-- [ RunTime:0.000000s ]
NOTIC: [8] Undefined variable: pID E:\www\www\tk\Common\Model\ApiCacheModel.class.php 第 1094 行.

[ 2017-09-14T10:37:12+08:00 ] 115.60.58.108 /Dir/Index/getData.html
INFO: [ app_init ] --START--
INFO: Run Behavior\BuildLiteBehavior [ RunTime:0.000000s ]
INFO: [ app_init ] --END-- [ RunTime:0.000000s ]
NOTIC: [2] preg_match(): Unknown modifier 'f' E:\www\www\main\Library\Think\Route.class.php 第 58 行.
NOTIC: [2] preg_match(): Unknown modifier 'f' E:\www\www\main\Library\Think\Route.class.php 第 58 行.
INFO: [ app_begin ] --START--
INFO: Run Behavior\ReadHtmlCacheBehavior [ RunTime:0.000000s ]
INFO: [ app_begin ] --END-- [ RunTime:0.000000s ]

[ 2017-09-14T10:37:14+08:00 ] 115.60.58.108 /Dir/Index/getData.html
INFO: [ app_init ] --START--
INFO: Run Behavior\BuildLiteBehavior [ RunTime:0.000000s ]
INFO: [ app_init ] --END-- [ RunTime:0.000000s ]
NOTIC: [2] preg_match(): Unknown modifier 'f' E:\www\www\main\Library\Think\Route.class.php 第 58 行.
NOTIC: [2] preg_match(): Unknown modifier 'f' E:\www\www\main\Library\Think\Route.class.php 第 58 行.
INFO: [ app_begin ] --START--
INFO: Run Behavior\ReadHtmlCacheBehavior [ RunTime:0.000000s ]
INFO: [ app_begin ] --END-- [ RunTime:0.000000s ]

[ 2017-09-14T10:37:30+08:00 ] 115.60.58.108 /Dir/Index/getData.html
INFO: [ app_init ] --START--
INFO: Run Behavior\BuildLiteBehavior [ RunTime:0.000000s ]
INFO: [ app_init ] --END-- [ RunTime:0.000000s ]
NOTIC: [2] preg_match(): Unknown modifier 'f' E:\www\www\main\Library\Think\Route.class.php 第 58 行.
NOTIC: [2] preg_match(): Unknown modifier 'f' E:\www\www\main\Library\Think\Route.class.php 第 58 行.
INFO: [ app_begin ] --START--
INFO: Run Behavior\ReadHtmlCacheBehavior [ RunTime:0.000000s ]
INFO: [ app_begin ] --END-- [ RunTime:0.000000s ]
NOTIC: [8] Undefined variable: pID E:\www\www\tk\Common\Model\ApiCacheModel.class.php 第 1094 行.

[ 2017-09-14T10:37:34+08:00 ] 115.60.58.108 /Dir/Index/getData.html
INFO: [ app_init ] --START--
INFO: Run Behavior\BuildLiteBehavior [ RunTime:0.000000s ]
INFO: [ app_init ] --END-- [ RunTime:0.000000s ]
NOTIC: [2] preg_match(): Unknown modifier 'f' E:\www\www\main\Library\Think\Route.class.php 第 58 行.
NOTIC: [2] preg_match(): Unknown modifier 'f' E:\www\www\main\Library\Think\Route.class.php 第 58 行.
INFO: [ app_begin ] --START--
INFO: Run Behavior\ReadHtmlCacheBehavior [ RunTime:0.000000s ]
INFO: [ app_begin ] --END-- [ RunTime:0.000000s ]

[ 2017-09-14T10:37:38+08:00 ] 115.60.58.108 /Dir/Index/getData.html
INFO: [ app_init ] --START--
INFO: Run Behavior\BuildLiteBehavior [ RunTime:0.000000s ]
INFO: [ app_init ] --END-- [ RunTime:0.000000s ]
NOTIC: [2] preg_match(): Unknown modifier 'f' E:\www\www\main\Library\Think\Route.class.php 第 58 行.
NOTIC: [2] preg_match(): Unknown modifier 'f' E:\www\www\main\Library\Think\Route.class.php 第 58 行.
INFO: [ app_begin ] --START--
INFO: Run Behavior\ReadHtmlCacheBehavior [ RunTime:0.000000s ]
INFO: [ app_begin ] --END-- [ RunTime:0.000000s ]
NOTIC: [8] Undefined variable: pID E:\www\www\tk\Common\Model\ApiCacheModel.class.php 第 1094 行.

[ 2017-09-14T10:37:48+08:00 ] 115.60.58.108 /Dir/Index/getData.html
INFO: [ app_init ] --START--
INFO: Run Behavior\BuildLiteBehavior [ RunTime:0.000000s ]
INFO: [ app_init ] --END-- [ RunTime:0.000000s ]
NOTIC: [2] preg_match(): Unknown modifier 'f' E:\www\www\main\Library\Think\Route.class.php 第 58 行.
NOTIC: [2] preg_match(): Unknown modifier 'f' E:\www\www\main\Library\Think\Route.class.php 第 58 行.
INFO: [ app_begin ] --START--
INFO: Run Behavior\ReadHtmlCacheBehavior [ RunTime:0.000000s ]
INFO: [ app_begin ] --END-- [ RunTime:0.000000s ]

[ 2017-09-14T10:37:52+08:00 ] 115.60.58.108 /Dir/Index/getTestByContent.html
INFO: [ app_init ] --START--
INFO: Run Behavior\BuildLiteBehavior [ RunTime:0.000000s ]
INFO: [ app_init ] --END-- [ RunTime:0.000000s ]
NOTIC: [2] preg_match(): Unknown modifier 'f' E:\www\www\main\Library\Think\Route.class.php 第 58 行.
NOTIC: [2] preg_match(): Unknown modifier 'f' E:\www\www\main\Library\Think\Route.class.php 第 58 行.
INFO: [ app_begin ] --START--
INFO: Run Behavior\ReadHtmlCacheBehavior [ RunTime:0.000000s ]
INFO: [ app_begin ] --END-- [ RunTime:0.000000s ]
NOTIC: [2] assert(): Assertion failed E:\www\www\tk\Common\Tool\coreseek\api\sphinxapi.php 第 847 行.
NOTIC: [2] assert(): Assertion failed E:\www\www\tk\Common\Tool\coreseek\api\sphinxapi.php 第 848 行.
NOTIC: [8] Undefined index: TypeFilter E:\www\www\tk\Common\Model\IndexModel.class.php 第 178 行.
NOTIC: [8] Undefined offset: 1941 E:\www\www\tk\Common\Model\IndexModel.class.php 第 219 行.
NOTIC: [8] Undefined index: AatTestStyle E:\www\www\tk\Common\Model\IndexModel.class.php 第 267 行.
NOTIC: [8] Undefined index: diff E:\www\www\tk\Common\Model\IndexModel.class.php 第 978 行.
NOTIC: [8] Undefined index: diffid E:\www\www\tk\Common\Model\IndexModel.class.php 第 978 行.
NOTIC: [8] Undefined index: diffname E:\www\www\tk\Common\Model\IndexModel.class.php 第 978 行.
NOTIC: [8] Undefined index: typesname E:\www\www\tk\Common\Model\IndexModel.class.php 第 982 行.
NOTIC: [8] Undefined index: subjectname E:\www\www\tk\Common\Model\IndexModel.class.php 第 983 行.
NOTIC: [8] Undefined index: specialname E:\www\www\tk\Common\Model\IndexModel.class.php 第 984 行.
NOTIC: [8] Undefined index: klnameonly E:\www\www\tk\Common\Model\IndexModel.class.php 第 985 行.
NOTIC: [8] Undefined index: klnameall E:\www\www\tk\Common\Model\IndexModel.class.php 第 985 行.
NOTIC: [8] Undefined index: kllist E:\www\www\tk\Common\Model\IndexModel.class.php 第 985 行.
NOTIC: [8] Undefined index: chaptername E:\www\www\tk\Common\Model\IndexModel.class.php 第 989 行.
NOTIC: [8] Undefined index: gradename E:\www\www\tk\Common\Model\IndexModel.class.php 第 993 行.
NOTIC: [8] Undefined index: IfDoc E:\www\www\tk\Doc\Model\HandleWordModel.class.php 第 1694 行.
NOTIC: [2] assert(): Assertion failed E:\www\www\tk\Common\Tool\coreseek\api\sphinxapi.php 第 847 行.
NOTIC: [2] assert(): Assertion failed E:\www\www\tk\Common\Tool\coreseek\api\sphinxapi.php 第 848 行.
NOTIC: [8] Undefined index: TypeFilter E:\www\www\tk\Common\Model\IndexModel.class.php 第 178 行.
NOTIC: [8] Undefined index: AatTestStyle E:\www\www\tk\Common\Model\IndexModel.class.php 第 267 行.
NOTIC: [8] Undefined index: diff E:\www\www\tk\Common\Model\IndexModel.class.php 第 978 行.
NOTIC: [8] Undefined index: diffid E:\www\www\tk\Common\Model\IndexModel.class.php 第 978 行.
NOTIC: [8] Undefined index: diffname E:\www\www\tk\Common\Model\IndexModel.class.php 第 978 行.
NOTIC: [8] Undefined index: typesname E:\www\www\tk\Common\Model\IndexModel.class.php 第 982 行.
NOTIC: [8] Undefined index: subjectname E:\www\www\tk\Common\Model\IndexModel.class.php 第 983 行.
NOTIC: [8] Undefined index: specialname E:\www\www\tk\Common\Model\IndexModel.class.php 第 984 行.
NOTIC: [8] Undefined index: klnameonly E:\www\www\tk\Common\Model\IndexModel.class.php 第 985 行.
NOTIC: [8] Undefined index: klnameall E:\www\www\tk\Common\Model\IndexModel.class.php 第 985 行.
NOTIC: [8] Undefined index: kllist E:\www\www\tk\Common\Model\IndexModel.class.php 第 985 行.
NOTIC: [8] Undefined index: chaptername E:\www\www\tk\Common\Model\IndexModel.class.php 第 989 行.
NOTIC: [8] Undefined index: gradename E:\www\www\tk\Common\Model\IndexModel.class.php 第 993 行.
NOTIC: [8] Undefined index: IfDoc E:\www\www\tk\Doc\Model\HandleWordModel.class.php 第 1694 行.
NOTIC: [2] assert(): Assertion failed E:\www\www\tk\Common\Tool\coreseek\api\sphinxapi.php 第 847 行.
NOTIC: [2] assert(): Assertion failed E:\www\www\tk\Common\Tool\coreseek\api\sphinxapi.php 第 848 行.
NOTIC: [8] Undefined index: TypeFilter E:\www\www\tk\Common\Model\IndexModel.class.php 第 178 行.
NOTIC: [8] Undefined index: AatTestStyle E:\www\www\tk\Common\Model\IndexModel.class.php 第 267 行.
NOTIC: [8] Undefined index: diff E:\www\www\tk\Common\Model\IndexModel.class.php 第 978 行.
NOTIC: [8] Undefined index: diffid E:\www\www\tk\Common\Model\IndexModel.class.php 第 978 行.
NOTIC: [8] Undefined index: diffname E:\www\www\tk\Common\Model\IndexModel.class.php 第 978 行.
NOTIC: [8] Undefined index: typesname E:\www\www\tk\Common\Model\IndexModel.class.php 第 982 行.
NOTIC: [8] Undefined index: subjectname E:\www\www\tk\Common\Model\IndexModel.class.php 第 983 行.
NOTIC: [8] Undefined index: specialname E:\www\www\tk\Common\Model\IndexModel.class.php 第 984 行.
NOTIC: [8] Undefined index: klnameonly E:\www\www\tk\Common\Model\IndexModel.class.php 第 985 行.
NOTIC: [8] Undefined index: klnameall E:\www\www\tk\Common\Model\IndexModel.class.php 第 985 行.
NOTIC: [8] Undefined index: kllist E:\www\www\tk\Common\Model\IndexModel.class.php 第 985 行.
NOTIC: [8] Undefined index: chaptername E:\www\www\tk\Common\Model\IndexModel.class.php 第 989 行.
NOTIC: [8] Undefined index: gradename E:\www\www\tk\Common\Model\IndexModel.class.php 第 993 行.
NOTIC: [8] Undefined index: IfDoc E:\www\www\tk\Doc\Model\HandleWordModel.class.php 第 1694 行.
NOTIC: [2] assert(): Assertion failed E:\www\www\tk\Common\Tool\coreseek\api\sphinxapi.php 第 847 行.
NOTIC: [2] assert(): Assertion failed E:\www\www\tk\Common\Tool\coreseek\api\sphinxapi.php 第 848 行.
NOTIC: [8] Undefined index: TypeFilter E:\www\www\tk\Common\Model\IndexModel.class.php 第 178 行.
NOTIC: [8] Undefined index: AatTestStyle E:\www\www\tk\Common\Model\IndexModel.class.php 第 267 行.
NOTIC: [8] Undefined index: diff E:\www\www\tk\Common\Model\IndexModel.class.php 第 978 行.
NOTIC: [8] Undefined index: diffid E:\www\www\tk\Common\Model\IndexModel.class.php 第 978 行.
NOTIC: [8] Undefined index: diffname E:\www\www\tk\Common\Model\IndexModel.class.php 第 978 行.
NOTIC: [8] Undefined index: typesname E:\www\www\tk\Common\Model\IndexModel.class.php 第 982 行.
NOTIC: [8] Undefined index: subjectname E:\www\www\tk\Common\Model\IndexModel.class.php 第 983 行.
NOTIC: [8] Undefined index: specialname E:\www\www\tk\Common\Model\IndexModel.class.php 第 984 行.
NOTIC: [8] Undefined index: klnameonly E:\www\www\tk\Common\Model\IndexModel.class.php 第 985 行.
NOTIC: [8] Undefined index: klnameall E:\www\www\tk\Common\Model\IndexModel.class.php 第 985 行.
NOTIC: [8] Undefined index: kllist E:\www\www\tk\Common\Model\IndexModel.class.php 第 985 行.
NOTIC: [8] Undefined index: chaptername E:\www\www\tk\Common\Model\IndexModel.class.php 第 989 行.
NOTIC: [8] Undefined index: gradename E:\www\www\tk\Common\Model\IndexModel.class.php 第 993 行.
NOTIC: [8] Undefined index: IfDoc E:\www\www\tk\Doc\Model\HandleWordModel.class.php 第 1694 行.
NOTIC: [2] assert(): Assertion failed E:\www\www\tk\Common\Tool\coreseek\api\sphinxapi.php 第 847 行.
NOTIC: [2] assert(): Assertion failed E:\www\www\tk\Common\Tool\coreseek\api\sphinxapi.php 第 848 行.
NOTIC: [8] Undefined index: TypeFilter E:\www\www\tk\Common\Model\IndexModel.class.php 第 178 行.
NOTIC: [8] Undefined index: AatTestStyle E:\www\www\tk\Common\Model\IndexModel.class.php 第 267 行.
NOTIC: [8] Undefined index: diff E:\www\www\tk\Common\Model\IndexModel.class.php 第 978 行.
NOTIC: [8] Undefined index: diffid E:\www\www\tk\Common\Model\IndexModel.class.php 第 978 行.
NOTIC: [8] Undefined index: diffname E:\www\www\tk\Common\Model\IndexModel.class.php 第 978 行.
NOTIC: [8] Undefined index: typesname E:\www\www\tk\Common\Model\IndexModel.class.php 第 982 行.
NOTIC: [8] Undefined index: subjectname E:\www\www\tk\Common\Model\IndexModel.class.php 第 983 行.
NOTIC: [8] Undefined index: specialname E:\www\www\tk\Common\Model\IndexModel.class.php 第 984 行.
NOTIC: [8] Undefined index: klnameonly E:\www\www\tk\Common\Model\IndexModel.class.php 第 985 行.
NOTIC: [8] Undefined index: klnameall E:\www\www\tk\Common\Model\IndexModel.class.php 第 985 行.
NOTIC: [8] Undefined index: kllist E:\www\www\tk\Common\Model\IndexModel.class.php 第 985 行.
NOTIC: [8] Undefined index: chaptername E:\www\www\tk\Common\Model\IndexModel.class.php 第 989 行.
NOTIC: [8] Undefined index: gradename E:\www\www\tk\Common\Model\IndexModel.class.php 第 993 行.
NOTIC: [8] Undefined index: IfDoc E:\www\www\tk\Doc\Model\HandleWordModel.class.php 第 1694 行.
NOTIC: [2] assert(): Assertion failed E:\www\www\tk\Common\Tool\coreseek\api\sphinxapi.php 第 847 行.
NOTIC: [2] assert(): Assertion failed E:\www\www\tk\Common\Tool\coreseek\api\sphinxapi.php 第 848 行.
NOTIC: [8] Undefined index: TypeFilter E:\www\www\tk\Common\Model\IndexModel.class.php 第 178 行.
NOTIC: [8] Undefined index: AatTestStyle E:\www\www\tk\Common\Model\IndexModel.class.php 第 267 行.
NOTIC: [8] Undefined index: diff E:\www\www\tk\Common\Model\IndexModel.class.php 第 978 行.
NOTIC: [8] Undefined index: diffid E:\www\www\tk\Common\Model\IndexModel.class.php 第 978 行.
NOTIC: [8] Undefined index: diffname E:\www\www\tk\Common\Model\IndexModel.class.php 第 978 行.
NOTIC: [8] Undefined index: typesname E:\www\www\tk\Common\Model\IndexModel.class.php 第 982 行.
NOTIC: [8] Undefined index: subjectname E:\www\www\tk\Common\Model\IndexModel.class.php 第 983 行.
NOTIC: [8] Undefined index: specialname E:\www\www\tk\Common\Model\IndexModel.class.php 第 984 行.
NOTIC: [8] Undefined index: klnameonly E:\www\www\tk\Common\Model\IndexModel.class.php 第 985 行.
NOTIC: [8] Undefined index: klnameall E:\www\www\tk\Common\Model\IndexModel.class.php 第 985 行.
NOTIC: [8] Undefined index: kllist E:\www\www\tk\Common\Model\IndexModel.class.php 第 985 行.
NOTIC: [8] Undefined index: chaptername E:\www\www\tk\Common\Model\IndexModel.class.php 第 989 行.
NOTIC: [8] Undefined index: gradename E:\www\www\tk\Common\Model\IndexModel.class.php 第 993 行.
NOTIC: [8] Undefined index: IfDoc E:\www\www\tk\Doc\Model\HandleWordModel.class.php 第 1694 行.
NOTIC: [2] assert(): Assertion failed E:\www\www\tk\Common\Tool\coreseek\api\sphinxapi.php 第 847 行.
NOTIC: [2] assert(): Assertion failed E:\www\www\tk\Common\Tool\coreseek\api\sphinxapi.php 第 848 行.
NOTIC: [8] Undefined index: TypeFilter E:\www\www\tk\Common\Model\IndexModel.class.php 第 178 行.
NOTIC: [8] Undefined index: AatTestStyle E:\www\www\tk\Common\Model\IndexModel.class.php 第 267 行.
NOTIC: [8] Undefined index: diff E:\www\www\tk\Common\Model\IndexModel.class.php 第 978 行.
NOTIC: [8] Undefined index: diffid E:\www\www\tk\Common\Model\IndexModel.class.php 第 978 行.
NOTIC: [8] Undefined index: diffname E:\www\www\tk\Common\Model\IndexModel.class.php 第 978 行.
NOTIC: [8] Undefined index: typesname E:\www\www\tk\Common\Model\IndexModel.class.php 第 982 行.
NOTIC: [8] Undefined index: subjectname E:\www\www\tk\Common\Model\IndexModel.class.php 第 983 行.
NOTIC: [8] Undefined index: specialname E:\www\www\tk\Common\Model\IndexModel.class.php 第 984 行.
NOTIC: [8] Undefined index: klnameonly E:\www\www\tk\Common\Model\IndexModel.class.php 第 985 行.
NOTIC: [8] Undefined index: klnameall E:\www\www\tk\Common\Model\IndexModel.class.php 第 985 行.
NOTIC: [8] Undefined index: kllist E:\www\www\tk\Common\Model\IndexModel.class.php 第 985 行.
NOTIC: [8] Undefined index: chaptername E:\www\www\tk\Common\Model\IndexModel.class.php 第 989 行.
NOTIC: [8] Undefined index: gradename E:\www\www\tk\Common\Model\IndexModel.class.php 第 993 行.
NOTIC: [8] Undefined index: IfDoc E:\www\www\tk\Doc\Model\HandleWordModel.class.php 第 1694 行.
NOTIC: [2] assert(): Assertion failed E:\www\www\tk\Common\Tool\coreseek\api\sphinxapi.php 第 847 行.
NOTIC: [2] assert(): Assertion failed E:\www\www\tk\Common\Tool\coreseek\api\sphinxapi.php 第 848 行.
NOTIC: [8] Undefined index: TypeFilter E:\www\www\tk\Common\Model\IndexModel.class.php 第 178 行.
NOTIC: [8] Undefined offset: 1941 E:\www\www\tk\Common\Model\IndexModel.class.php 第 219 行.
NOTIC: [8] Undefined index: AatTestStyle E:\www\www\tk\Common\Model\IndexModel.class.php 第 267 行.
NOTIC: [8] Undefined index: matches E:\www\www\tk\Common\Model\IndexModel.class.php 第 816 行.
NOTIC: [2] Invalid argument supplied for foreach() E:\www\www\tk\Common\Model\IndexModel.class.php 第 819 行.
NOTIC: [8] Undefined index: matches E:\www\www\tk\Common\Model\IndexModel.class.php 第 949 行.
NOTIC: [2] assert(): Assertion failed E:\www\www\tk\Common\Tool\coreseek\api\sphinxapi.php 第 847 行.
NOTIC: [2] assert(): Assertion failed E:\www\www\tk\Common\Tool\coreseek\api\sphinxapi.php 第 848 行.
NOTIC: [8] Undefined index: TypeFilter E:\www\www\tk\Common\Model\IndexModel.class.php 第 178 行.
NOTIC: [8] Undefined index: AatTestStyle E:\www\www\tk\Common\Model\IndexModel.class.php 第 267 行.
NOTIC: [8] Undefined index: matches E:\www\www\tk\Common\Model\IndexModel.class.php 第 816 行.
NOTIC: [2] Invalid argument supplied for foreach() E:\www\www\tk\Common\Model\IndexModel.class.php 第 819 行.
NOTIC: [8] Undefined index: matches E:\www\www\tk\Common\Model\IndexModel.class.php 第 949 行.
NOTIC: [2] assert(): Assertion failed E:\www\www\tk\Common\Tool\coreseek\api\sphinxapi.php 第 847 行.
NOTIC: [2] assert(): Assertion failed E:\www\www\tk\Common\Tool\coreseek\api\sphinxapi.php 第 848 行.
NOTIC: [8] Undefined index: TypeFilter E:\www\www\tk\Common\Model\IndexModel.class.php 第 178 行.
NOTIC: [8] Undefined index: AatTestStyle E:\www\www\tk\Common\Model\IndexModel.class.php 第 267 行.
NOTIC: [8] Undefined index: matches E:\www\www\tk\Common\Model\IndexModel.class.php 第 816 行.
NOTIC: [2] Invalid argument supplied for foreach() E:\www\www\tk\Common\Model\IndexModel.class.php 第 819 行.
NOTIC: [8] Undefined index: matches E:\www\www\tk\Common\Model\IndexModel.class.php 第 949 行.
NOTIC: [2] assert(): Assertion failed E:\www\www\tk\Common\Tool\coreseek\api\sphinxapi.php 第 847 行.
NOTIC: [2] assert(): Assertion failed E:\www\www\tk\Common\Tool\coreseek\api\sphinxapi.php 第 848 行.
NOTIC: [8] Undefined index: TypeFilter E:\www\www\tk\Common\Model\IndexModel.class.php 第 178 行.
NOTIC: [8] Undefined index: AatTestStyle E:\www\www\tk\Common\Model\IndexModel.class.php 第 267 行.
NOTIC: [8] Undefined index: matches E:\www\www\tk\Common\Model\IndexModel.class.php 第 816 行.
NOTIC: [2] Invalid argument supplied for foreach() E:\www\www\tk\Common\Model\IndexModel.class.php 第 819 行.
NOTIC: [8] Undefined index: matches E:\www\www\tk\Common\Model\IndexModel.class.php 第 949 行.

[ 2017-09-14T15:44:15+08:00 ] 115.60.58.108 /Dir/DirTemplate/index.html
INFO: [ app_init ] --START--
INFO: Run Behavior\BuildLiteBehavior [ RunTime:0.000000s ]
INFO: [ app_init ] --END-- [ RunTime:0.000000s ]
NOTIC: [2] preg_match(): Unknown modifier 'f' E:\www\www\main\Library\Think\Route.class.php 第 58 行.
NOTIC: [2] preg_match(): Unknown modifier 'f' E:\www\www\main\Library\Think\Route.class.php 第 58 行.
INFO: [ app_begin ] --START--
INFO: Run Behavior\ReadHtmlCacheBehavior [ RunTime:0.000000s ]
INFO: [ app_begin ] --END-- [ RunTime:0.000000s ]
NOTIC: [8] Undefined index: Manage E:\www\www\tk\Common\Controller\SystemLayerController.class.php 第 24 行.
NOTIC: [8] Undefined index: Manage E:\www\www\tk\Common\Controller\DefaultController.class.php 第 24 行.
NOTIC: [8] Undefined index: name E:\www\www\tk\Dir\Manage\DirTemplateManage.class.php 第 25 行.
NOTIC: [8] Undefined index: p E:\www\www\tk\Dir\Manage\DirTemplateManage.class.php 第 37 行.
NOTIC: [2] Missing argument 3 for WLNPage::init() E:\www\www\tk\Common\Tool\WLNPage.class.php 第 50 行.
NOTIC: [8] Undefined variable: thirdPram E:\www\www\tk\Common\Tool\WLNPage.class.php 第 51 行.
NOTIC: [2] array_merge(): Argument #2 is not an array E:\www\www\tk\Common\Tool\WLNPage.class.php 第 51 行.
NOTIC: [2] extract() expects parameter 1 to be array, null given E:\www\www\tk\Common\Tool\WLNPage.class.php 第 52 行.
NOTIC: [8] Undefined variable: parameter E:\www\www\tk\Common\Tool\WLNPage.class.php 第 54 行.
NOTIC: [8] Undefined index: phone E:\www\www\tk\Common\Tool\WLNPage.class.php 第 63 行.
NOTIC: [8] Undefined variable: type E:\www\www\tk\Common\Tool\WLNPage.class.php 第 88 行.
NOTIC: [8] Undefined variable: type E:\www\www\tk\Common\Tool\WLNPage.class.php 第 89 行.
INFO: [ view_parse ] --START--
NOTIC: [8] Undefined index: class E:\www\www\main\Library\Think\Template\TagLib\Html.class.php 第 78 行.
INFO: [ template_filter ] --START--
INFO: Run Behavior\ContentReplaceBehavior [ RunTime:0.000000s ]
INFO: [ template_filter ] --END-- [ RunTime:0.000000s ]
NOTIC: [8] Undefined index: name E:\www\www\tk\Runtime\Cache\Dir\de4030d51cb96d6fd7443d3703c34dbe.php 第 47 行.
INFO: Run Behavior\ParseTemplateBehavior [ RunTime:0.015625s ]
INFO: [ view_parse ] --END-- [ RunTime:0.015625s ]
INFO: [ view_filter ] --START--
INFO: Run Behavior\WriteHtmlCacheBehavior [ RunTime:0.000000s ]
INFO: Run Behavior\TokenBuildBehavior [ RunTime:0.000000s ]
INFO: [ view_filter ] --END-- [ RunTime:0.000000s ]
INFO: [ app_end ] --START--
INFO: Run Behavior\ShowPageTraceBehavior [ RunTime:0.000000s ]
INFO: [ app_end ] --END-- [ RunTime:0.000000s ]

[ 2017-09-14T15:49:10+08:00 ] 115.60.58.108 /Dir/DirTemplate/index.html
INFO: [ app_init ] --START--
INFO: Run Behavior\BuildLiteBehavior [ RunTime:0.000000s ]
INFO: [ app_init ] --END-- [ RunTime:0.000000s ]
NOTIC: [2] preg_match(): Unknown modifier 'f' E:\www\www\main\Library\Think\Route.class.php 第 58 行.
NOTIC: [2] preg_match(): Unknown modifier 'f' E:\www\www\main\Library\Think\Route.class.php 第 58 行.
INFO: [ app_begin ] --START--
INFO: Run Behavior\ReadHtmlCacheBehavior [ RunTime:0.000000s ]
INFO: [ app_begin ] --END-- [ RunTime:0.000000s ]
NOTIC: [8] Undefined index: Manage E:\www\www\tk\Common\Controller\SystemLayerController.class.php 第 24 行.
NOTIC: [8] Undefined index: Manage E:\www\www\tk\Common\Controller\DefaultController.class.php 第 24 行.
NOTIC: [8] Undefined index: name E:\www\www\tk\Dir\Manage\DirTemplateManage.class.php 第 25 行.
NOTIC: [8] Undefined index: p E:\www\www\tk\Dir\Manage\DirTemplateManage.class.php 第 37 行.
NOTIC: [2] Missing argument 3 for WLNPage::init() E:\www\www\tk\Common\Tool\WLNPage.class.php 第 50 行.
NOTIC: [8] Undefined variable: thirdPram E:\www\www\tk\Common\Tool\WLNPage.class.php 第 51 行.
NOTIC: [2] array_merge(): Argument #2 is not an array E:\www\www\tk\Common\Tool\WLNPage.class.php 第 51 行.
NOTIC: [2] extract() expects parameter 1 to be array, null given E:\www\www\tk\Common\Tool\WLNPage.class.php 第 52 行.
NOTIC: [8] Undefined variable: parameter E:\www\www\tk\Common\Tool\WLNPage.class.php 第 54 行.
NOTIC: [8] Undefined index: phone E:\www\www\tk\Common\Tool\WLNPage.class.php 第 63 行.
NOTIC: [8] Undefined variable: type E:\www\www\tk\Common\Tool\WLNPage.class.php 第 88 行.
NOTIC: [8] Undefined variable: type E:\www\www\tk\Common\Tool\WLNPage.class.php 第 89 行.
INFO: [ view_parse ] --START--
NOTIC: [8] Undefined index: class E:\www\www\main\Library\Think\Template\TagLib\Html.class.php 第 78 行.
INFO: [ template_filter ] --START--
INFO: Run Behavior\ContentReplaceBehavior [ RunTime:0.000000s ]
INFO: [ template_filter ] --END-- [ RunTime:0.000000s ]
NOTIC: [8] Undefined index: name E:\www\www\tk\Runtime\Cache\Dir\de4030d51cb96d6fd7443d3703c34dbe.php 第 47 行.
INFO: Run Behavior\ParseTemplateBehavior [ RunTime:0.015625s ]
INFO: [ view_parse ] --END-- [ RunTime:0.015625s ]
INFO: [ view_filter ] --START--
INFO: Run Behavior\WriteHtmlCacheBehavior [ RunTime:0.000000s ]
INFO: Run Behavior\TokenBuildBehavior [ RunTime:0.000000s ]
INFO: [ view_filter ] --END-- [ RunTime:0.000000s ]
INFO: [ app_end ] --START--
INFO: Run Behavior\ShowPageTraceBehavior [ RunTime:0.000000s ]
INFO: [ app_end ] --END-- [ RunTime:0.000000s ]

[ 2017-09-14T15:50:05+08:00 ] 115.60.58.108 /Dir/LogTplPaper/index.html
INFO: [ app_init ] --START--
INFO: Run Behavior\BuildLiteBehavior [ RunTime:0.000000s ]
INFO: [ app_init ] --END-- [ RunTime:0.000000s ]
NOTIC: [2] preg_match(): Unknown modifier 'f' E:\www\www\main\Library\Think\Route.class.php 第 58 行.
NOTIC: [2] preg_match(): Unknown modifier 'f' E:\www\www\main\Library\Think\Route.class.php 第 58 行.
INFO: [ app_begin ] --START--
INFO: Run Behavior\ReadHtmlCacheBehavior [ RunTime:0.000000s ]
INFO: [ app_begin ] --END-- [ RunTime:0.000000s ]
NOTIC: [8] Undefined index: Manage E:\www\www\tk\Common\Controller\SystemLayerController.class.php 第 24 行.
NOTIC: [8] Undefined index: Manage E:\www\www\tk\Common\Controller\DefaultController.class.php 第 24 行.
NOTIC: [8] Undefined index: name E:\www\www\tk\Dir\Manage\LogTplPaperManage.class.php 第 134 行.
NOTIC: [8] Undefined index: UserName E:\www\www\tk\Dir\Manage\LogTplPaperManage.class.php 第 144 行.
NOTIC: [8] Undefined index: SubjectID E:\www\www\tk\Dir\Manage\LogTplPaperManage.class.php 第 152 行.
NOTIC: [8] Undefined index: Start E:\www\www\tk\Dir\Manage\LogTplPaperManage.class.php 第 155 行.
NOTIC: [8] Undefined index: End E:\www\www\tk\Dir\Manage\LogTplPaperManage.class.php 第 159 行.
NOTIC: [8] Undefined index: p E:\www\www\tk\Dir\Manage\LogTplPaperManage.class.php 第 26 行.
NOTIC: [2] Missing argument 3 for WLNPage::init() E:\www\www\tk\Common\Tool\WLNPage.class.php 第 50 行.
NOTIC: [8] Undefined variable: thirdPram E:\www\www\tk\Common\Tool\WLNPage.class.php 第 51 行.
NOTIC: [2] array_merge(): Argument #2 is not an array E:\www\www\tk\Common\Tool\WLNPage.class.php 第 51 行.
NOTIC: [2] extract() expects parameter 1 to be array, null given E:\www\www\tk\Common\Tool\WLNPage.class.php 第 52 行.
NOTIC: [8] Undefined variable: parameter E:\www\www\tk\Common\Tool\WLNPage.class.php 第 54 行.
NOTIC: [8] Undefined index: phone E:\www\www\tk\Common\Tool\WLNPage.class.php 第 63 行.
NOTIC: [8] Undefined variable: type E:\www\www\tk\Common\Tool\WLNPage.class.php 第 88 行.
NOTIC: [8] Undefined variable: type E:\www\www\tk\Common\Tool\WLNPage.class.php 第 89 行.
INFO: [ view_parse ] --START--
NOTIC: [8] Undefined index: class E:\www\www\main\Library\Think\Template\TagLib\Html.class.php 第 78 行.
NOTIC: [8] Undefined index: class E:\www\www\main\Library\Think\Template\TagLib\Html.class.php 第 78 行.
INFO: [ template_filter ] --START--
INFO: Run Behavior\ContentReplaceBehavior [ RunTime:0.000000s ]
INFO: [ template_filter ] --END-- [ RunTime:0.000000s ]
NOTIC: [8] Undefined index: name E:\www\www\tk\Runtime\Cache\Dir\d27007d704d1092a11746bb0ef3f2174.php 第 45 行.
NOTIC: [8] Undefined index: UserName E:\www\www\tk\Runtime\Cache\Dir\d27007d704d1092a11746bb0ef3f2174.php 第 54 行.
NOTIC: [8] Undefined index: Start E:\www\www\tk\Runtime\Cache\Dir\d27007d704d1092a11746bb0ef3f2174.php 第 56 行.
NOTIC: [8] Undefined index: End E:\www\www\tk\Runtime\Cache\Dir\d27007d704d1092a11746bb0ef3f2174.php 第 57 行.
NOTIC: [8] Undefined index: SubjectID E:\www\www\tk\Runtime\Cache\Dir\d27007d704d1092a11746bb0ef3f2174.php 第 63 行.
NOTIC: [8] Undefined index: SubjectID E:\www\www\tk\Runtime\Cache\Dir\d27007d704d1092a11746bb0ef3f2174.php 第 63 行.
NOTIC: [8] Undefined index: SubjectID E:\www\www\tk\Runtime\Cache\Dir\d27007d704d1092a11746bb0ef3f2174.php 第 63 行.
NOTIC: [8] Undefined index: SubjectID E:\www\www\tk\Runtime\Cache\Dir\d27007d704d1092a11746bb0ef3f2174.php 第 63 行.
NOTIC: [8] Undefined index: SubjectID E:\www\www\tk\Runtime\Cache\Dir\d27007d704d1092a11746bb0ef3f2174.php 第 63 行.
NOTIC: [8] Undefined index: SubjectID E:\www\www\tk\Runtime\Cache\Dir\d27007d704d1092a11746bb0ef3f2174.php 第 63 行.
NOTIC: [8] Undefined index: SubjectID E:\www\www\tk\Runtime\Cache\Dir\d27007d704d1092a11746bb0ef3f2174.php 第 63 行.
NOTIC: [8] Undefined index: SubjectID E:\www\www\tk\Runtime\Cache\Dir\d27007d704d1092a11746bb0ef3f2174.php 第 63 行.
NOTIC: [8] Undefined index: SubjectID E:\www\www\tk\Runtime\Cache\Dir\d27007d704d1092a11746bb0ef3f2174.php 第 63 行.
NOTIC: [8] Undefined index: SubjectID E:\www\www\tk\Runtime\Cache\Dir\d27007d704d1092a11746bb0ef3f2174.php 第 63 行.
NOTIC: [8] Undefined index: SubjectID E:\www\www\tk\Runtime\Cache\Dir\d27007d704d1092a11746bb0ef3f2174.php 第 63 行.
NOTIC: [8] Undefined index: SubjectID E:\www\www\tk\Runtime\Cache\Dir\d27007d704d1092a11746bb0ef3f2174.php 第 63 行.
NOTIC: [8] Undefined index: SubjectID E:\www\www\tk\Runtime\Cache\Dir\d27007d704d1092a11746bb0ef3f2174.php 第 63 行.
NOTIC: [8] Undefined index: SubjectID E:\www\www\tk\Runtime\Cache\Dir\d27007d704d1092a11746bb0ef3f2174.php 第 63 行.
NOTIC: [8] Undefined index: SubjectID E:\www\www\tk\Runtime\Cache\Dir\d27007d704d1092a11746bb0ef3f2174.php 第 63 行.
NOTIC: [8] Undefined index: SubjectID E:\www\www\tk\Runtime\Cache\Dir\d27007d704d1092a11746bb0ef3f2174.php 第 63 行.
NOTIC: [8] Undefined index: SubjectID E:\www\www\tk\Runtime\Cache\Dir\d27007d704d1092a11746bb0ef3f2174.php 第 63 行.
NOTIC: [8] Undefined index: SubjectID E:\www\www\tk\Runtime\Cache\Dir\d27007d704d1092a11746bb0ef3f2174.php 第 63 行.
NOTIC: [8] Use of undefined constant PaperID - assumed 'PaperID' E:\www\www\tk\Runtime\Cache\Dir\d27007d704d1092a11746bb0ef3f2174.php 第 96 行.
NOTIC: [8] Use of undefined constant PaperID - assumed 'PaperID' E:\www\www\tk\Runtime\Cache\Dir\d27007d704d1092a11746bb0ef3f2174.php 第 96 行.
NOTIC: [8] Use of undefined constant PaperID - assumed 'PaperID' E:\www\www\tk\Runtime\Cache\Dir\d27007d704d1092a11746bb0ef3f2174.php 第 96 行.
NOTIC: [8] Use of undefined constant PaperID - assumed 'PaperID' E:\www\www\tk\Runtime\Cache\Dir\d27007d704d1092a11746bb0ef3f2174.php 第 96 行.
NOTIC: [8] Use of undefined constant PaperID - assumed 'PaperID' E:\www\www\tk\Runtime\Cache\Dir\d27007d704d1092a11746bb0ef3f2174.php 第 96 行.
NOTIC: [8] Use of undefined constant PaperID - assumed 'PaperID' E:\www\www\tk\Runtime\Cache\Dir\d27007d704d1092a11746bb0ef3f2174.php 第 96 行.
NOTIC: [8] Use of undefined constant PaperID - assumed 'PaperID' E:\www\www\tk\Runtime\Cache\Dir\d27007d704d1092a11746bb0ef3f2174.php 第 96 行.
NOTIC: [8] Use of undefined constant PaperID - assumed 'PaperID' E:\www\www\tk\Runtime\Cache\Dir\d27007d704d1092a11746bb0ef3f2174.php 第 96 行.
NOTIC: [8] Use of undefined constant PaperID - assumed 'PaperID' E:\www\www\tk\Runtime\Cache\Dir\d27007d704d1092a11746bb0ef3f2174.php 第 96 行.
NOTIC: [8] Use of undefined constant PaperID - assumed 'PaperID' E:\www\www\tk\Runtime\Cache\Dir\d27007d704d1092a11746bb0ef3f2174.php 第 96 行.
NOTIC: [8] Use of undefined constant PaperID - assumed 'PaperID' E:\www\www\tk\Runtime\Cache\Dir\d27007d704d1092a11746bb0ef3f2174.php 第 96 行.
NOTIC: [8] Use of undefined constant PaperID - assumed 'PaperID' E:\www\www\tk\Runtime\Cache\Dir\d27007d704d1092a11746bb0ef3f2174.php 第 96 行.
NOTIC: [8] Use of undefined constant PaperID - assumed 'PaperID' E:\www\www\tk\Runtime\Cache\Dir\d27007d704d1092a11746bb0ef3f2174.php 第 96 行.
NOTIC: [8] Use of undefined constant PaperID - assumed 'PaperID' E:\www\www\tk\Runtime\Cache\Dir\d27007d704d1092a11746bb0ef3f2174.php 第 96 行.
NOTIC: [8] Use of undefined constant PaperID - assumed 'PaperID' E:\www\www\tk\Runtime\Cache\Dir\d27007d704d1092a11746bb0ef3f2174.php 第 96 行.
NOTIC: [8] Use of undefined constant PaperID - assumed 'PaperID' E:\www\www\tk\Runtime\Cache\Dir\d27007d704d1092a11746bb0ef3f2174.php 第 96 行.
NOTIC: [8] Use of undefined constant PaperID - assumed 'PaperID' E:\www\www\tk\Runtime\Cache\Dir\d27007d704d1092a11746bb0ef3f2174.php 第 96 行.
NOTIC: [8] Use of undefined constant PaperID - assumed 'PaperID' E:\www\www\tk\Runtime\Cache\Dir\d27007d704d1092a11746bb0ef3f2174.php 第 96 行.
NOTIC: [8] Use of undefined constant PaperID - assumed 'PaperID' E:\www\www\tk\Runtime\Cache\Dir\d27007d704d1092a11746bb0ef3f2174.php 第 96 行.
NOTIC: [8] Use of undefined constant PaperID - assumed 'PaperID' E:\www\www\tk\Runtime\Cache\Dir\d27007d704d1092a11746bb0ef3f2174.php 第 96 行.
INFO: Run Behavior\ParseTemplateBehavior [ RunTime:0.015625s ]
INFO: [ view_parse ] --END-- [ RunTime:0.015625s ]
INFO: [ view_filter ] --START--
INFO: Run Behavior\WriteHtmlCacheBehavior [ RunTime:0.000000s ]
INFO: Run Behavior\TokenBuildBehavior [ RunTime:0.000000s ]
INFO: [ view_filter ] --END-- [ RunTime:0.000000s ]
INFO: [ app_end ] --START--
INFO: Run Behavior\ShowPageTraceBehavior [ RunTime:0.000000s ]
INFO: [ app_end ] --END-- [ RunTime:0.000000s ]

