[ 2017-09-19T08:10:10+08:00 ] 222.134.133.242 /Work/MyClass/myClass.html
INFO: [ app_init ] --START--
INFO: Run Behavior\BuildLiteBehavior [ RunTime:0.000000s ]
INFO: [ app_init ] --END-- [ RunTime:0.000000s ]
NOTIC: [2] preg_match(): Unknown modifier 'f' E:\www\www\main\Library\Think\Route.class.php 第 58 行.
NOTIC: [2] preg_match(): Unknown modifier 'f' E:\www\www\main\Library\Think\Route.class.php 第 58 行.
INFO: [ app_begin ] --START--
INFO: Run Behavior\ReadHtmlCacheBehavior [ RunTime:0.000976s ]
INFO: [ app_begin ] --END-- [ RunTime:0.000976s ]
INFO: [ view_parse ] --START--
NOTIC: [2] file_get_contents(../tk/Work/View/Public/bottom.html): failed to open stream: No such file or directory E:\www\www\main\Library\Think\Template.class.php 第 696 行.
INFO: [ template_filter ] --START--
INFO: Run Behavior\ContentReplaceBehavior [ RunTime:0.000000s ]
INFO: [ template_filter ] --END-- [ RunTime:0.000000s ]
NOTIC: [8] Undefined variable: pageName E:\www\www\tk\Runtime\Cache\Work\2d7c2725d38ac0028449aa0982d84fe9.php 第 4 行.
INFO: Run Behavior\ParseTemplateBehavior [ RunTime:0.008789s ]
INFO: [ view_parse ] --END-- [ RunTime:0.008789s ]
INFO: [ view_filter ] --START--
INFO: Run Behavior\WriteHtmlCacheBehavior [ RunTime:0.000977s ]
INFO: Run Behavior\TokenBuildBehavior [ RunTime:0.000977s ]
INFO: [ view_filter ] --END-- [ RunTime:0.001954s ]
INFO: [ app_end ] --START--
INFO: Run Behavior\ShowPageTraceBehavior [ RunTime:0.000000s ]
INFO: [ app_end ] --END-- [ RunTime:0.000976s ]

[ 2017-09-19T08:10:11+08:00 ] 222.134.133.242 /Work/MyClass/getClassList.html
INFO: [ app_init ] --START--
INFO: Run Behavior\BuildLiteBehavior [ RunTime:0.000000s ]
INFO: [ app_init ] --END-- [ RunTime:0.000000s ]
NOTIC: [2] preg_match(): Unknown modifier 'f' E:\www\www\main\Library\Think\Route.class.php 第 58 行.
NOTIC: [2] preg_match(): Unknown modifier 'f' E:\www\www\main\Library\Think\Route.class.php 第 58 行.
INFO: [ app_begin ] --START--
INFO: Run Behavior\ReadHtmlCacheBehavior [ RunTime:0.000000s ]
INFO: [ app_begin ] --END-- [ RunTime:0.000000s ]

[ 2017-09-19T08:10:11+08:00 ] 222.134.133.242 /Work/MyClass/getClassInfo.html
INFO: [ app_init ] --START--
INFO: Run Behavior\BuildLiteBehavior [ RunTime:0.000000s ]
INFO: [ app_init ] --END-- [ RunTime:0.000000s ]
NOTIC: [2] preg_match(): Unknown modifier 'f' E:\www\www\main\Library\Think\Route.class.php 第 58 行.
NOTIC: [2] preg_match(): Unknown modifier 'f' E:\www\www\main\Library\Think\Route.class.php 第 58 行.
INFO: [ app_begin ] --START--
INFO: Run Behavior\ReadHtmlCacheBehavior [ RunTime:0.000977s ]
INFO: [ app_begin ] --END-- [ RunTime:0.000977s ]

[ 2017-09-19T08:10:16+08:00 ] 222.134.133.242 /Work/MyClass/getClassInfo.html
INFO: [ app_init ] --START--
INFO: Run Behavior\BuildLiteBehavior [ RunTime:0.000000s ]
INFO: [ app_init ] --END-- [ RunTime:0.000000s ]
NOTIC: [2] preg_match(): Unknown modifier 'f' E:\www\www\main\Library\Think\Route.class.php 第 58 行.
NOTIC: [2] preg_match(): Unknown modifier 'f' E:\www\www\main\Library\Think\Route.class.php 第 58 行.
INFO: [ app_begin ] --START--
INFO: Run Behavior\ReadHtmlCacheBehavior [ RunTime:0.000000s ]
INFO: [ app_begin ] --END-- [ RunTime:0.000000s ]

[ 2017-09-19T08:10:17+08:00 ] 222.134.133.242 /Work/MyClass/getClassInfo.html
INFO: [ app_init ] --START--
INFO: Run Behavior\BuildLiteBehavior [ RunTime:0.000000s ]
INFO: [ app_init ] --END-- [ RunTime:0.000976s ]
NOTIC: [2] preg_match(): Unknown modifier 'f' E:\www\www\main\Library\Think\Route.class.php 第 58 行.
NOTIC: [2] preg_match(): Unknown modifier 'f' E:\www\www\main\Library\Think\Route.class.php 第 58 行.
INFO: [ app_begin ] --START--
INFO: Run Behavior\ReadHtmlCacheBehavior [ RunTime:0.000976s ]
INFO: [ app_begin ] --END-- [ RunTime:0.000976s ]

[ 2017-09-19T13:46:51+08:00 ] 115.60.60.86 /Work/ClassGrade/index.html
INFO: [ app_init ] --START--
INFO: Run Behavior\BuildLiteBehavior [ RunTime:0.000000s ]
INFO: [ app_init ] --END-- [ RunTime:0.000000s ]
NOTIC: [2] preg_match(): Unknown modifier 'f' E:\www\www\main\Library\Think\Route.class.php 第 58 行.
NOTIC: [2] preg_match(): Unknown modifier 'f' E:\www\www\main\Library\Think\Route.class.php 第 58 行.
INFO: [ app_begin ] --START--
INFO: Run Behavior\ReadHtmlCacheBehavior [ RunTime:0.000977s ]
INFO: [ app_begin ] --END-- [ RunTime:0.000977s ]
NOTIC: [8] Undefined index: Manage E:\www\www\tk\Common\Controller\SystemLayerController.class.php 第 24 行.
NOTIC: [8] Undefined index: Manage E:\www\www\tk\Common\Controller\DefaultController.class.php 第 24 行.
INFO: [ view_parse ] --START--
INFO: [ template_filter ] --START--
INFO: Run Behavior\ContentReplaceBehavior [ RunTime:0.000977s ]
INFO: [ template_filter ] --END-- [ RunTime:0.000977s ]
INFO: Run Behavior\ParseTemplateBehavior [ RunTime:0.010743s ]
INFO: [ view_parse ] --END-- [ RunTime:0.010743s ]
INFO: [ view_filter ] --START--
INFO: Run Behavior\WriteHtmlCacheBehavior [ RunTime:0.000000s ]
INFO: Run Behavior\TokenBuildBehavior [ RunTime:0.000977s ]
INFO: [ view_filter ] --END-- [ RunTime:0.000977s ]
INFO: [ app_end ] --START--
INFO: Run Behavior\ShowPageTraceBehavior [ RunTime:0.000976s ]
INFO: [ app_end ] --END-- [ RunTime:0.000976s ]

[ 2017-09-19T13:46:52+08:00 ] 115.60.60.86 /Work/ClassList/index.html
INFO: [ app_init ] --START--
INFO: Run Behavior\BuildLiteBehavior [ RunTime:0.000000s ]
INFO: [ app_init ] --END-- [ RunTime:0.000977s ]
NOTIC: [2] preg_match(): Unknown modifier 'f' E:\www\www\main\Library\Think\Route.class.php 第 58 行.
NOTIC: [2] preg_match(): Unknown modifier 'f' E:\www\www\main\Library\Think\Route.class.php 第 58 行.
INFO: [ app_begin ] --START--
INFO: Run Behavior\ReadHtmlCacheBehavior [ RunTime:0.000977s ]
INFO: [ app_begin ] --END-- [ RunTime:0.000977s ]
NOTIC: [8] Undefined index: Manage E:\www\www\tk\Common\Controller\SystemLayerController.class.php 第 24 行.
NOTIC: [8] Undefined index: Manage E:\www\www\tk\Common\Controller\DefaultController.class.php 第 24 行.
NOTIC: [8] Undefined index: ClassID E:\www\www\tk\Work\Manage\ClassListManage.class.php 第 19 行.
NOTIC: [8] Undefined index: ClassNum E:\www\www\tk\Work\Manage\ClassListManage.class.php 第 25 行.
NOTIC: [8] Undefined index: UserName E:\www\www\tk\Work\Manage\ClassListManage.class.php 第 33 行.
NOTIC: [8] Undefined index: GradeID E:\www\www\tk\Work\Manage\ClassListManage.class.php 第 37 行.
NOTIC: [2] end() expects parameter 1 to be array, null given E:\www\www\tk\Work\Manage\ClassListManage.class.php 第 41 行.
NOTIC: [8] Undefined index: p E:\www\www\tk\Work\Manage\ClassListManage.class.php 第 50 行.
NOTIC: [8] Undefined variable: map E:\www\www\tk\Work\Manage\ClassListManage.class.php 第 53 行.
NOTIC: [2] Missing argument 3 for WLNPage::init() E:\www\www\tk\Common\Tool\WLNPage.class.php 第 50 行.
NOTIC: [8] Undefined variable: thirdPram E:\www\www\tk\Common\Tool\WLNPage.class.php 第 51 行.
NOTIC: [2] array_merge(): Argument #2 is not an array E:\www\www\tk\Common\Tool\WLNPage.class.php 第 51 行.
NOTIC: [2] extract() expects parameter 1 to be array, null given E:\www\www\tk\Common\Tool\WLNPage.class.php 第 52 行.
NOTIC: [8] Undefined variable: parameter E:\www\www\tk\Common\Tool\WLNPage.class.php 第 54 行.
NOTIC: [8] Undefined index: phone E:\www\www\tk\Common\Tool\WLNPage.class.php 第 63 行.
NOTIC: [8] Undefined variable: type E:\www\www\tk\Common\Tool\WLNPage.class.php 第 88 行.
NOTIC: [8] Undefined variable: type E:\www\www\tk\Common\Tool\WLNPage.class.php 第 89 行.
INFO: [ view_parse ] --START--
NOTIC: [8] Undefined index: class E:\www\www\main\Library\Think\Template\TagLib\Html.class.php 第 78 行.
NOTIC: [8] Undefined index: class E:\www\www\main\Library\Think\Template\TagLib\Html.class.php 第 78 行.
INFO: [ template_filter ] --START--
INFO: Run Behavior\ContentReplaceBehavior [ RunTime:0.000000s ]
INFO: [ template_filter ] --END-- [ RunTime:0.000000s ]
NOTIC: [8] Undefined index: name E:\www\www\tk\Runtime\Cache\Work\620f0a7ead398b1e52ff33ec52f34fc6.php 第 46 行.
NOTIC: [8] Undefined index: ClassNum E:\www\www\tk\Runtime\Cache\Work\620f0a7ead398b1e52ff33ec52f34fc6.php 第 55 行.
NOTIC: [8] Undefined index: UserName E:\www\www\tk\Runtime\Cache\Work\620f0a7ead398b1e52ff33ec52f34fc6.php 第 57 行.
NOTIC: [8] Undefined index: GradeID E:\www\www\tk\Runtime\Cache\Work\620f0a7ead398b1e52ff33ec52f34fc6.php 第 62 行.
NOTIC: [8] Undefined index: GradeID E:\www\www\tk\Runtime\Cache\Work\620f0a7ead398b1e52ff33ec52f34fc6.php 第 62 行.
NOTIC: [8] Undefined index: GradeID E:\www\www\tk\Runtime\Cache\Work\620f0a7ead398b1e52ff33ec52f34fc6.php 第 62 行.
NOTIC: [8] Undefined index: GradeID E:\www\www\tk\Runtime\Cache\Work\620f0a7ead398b1e52ff33ec52f34fc6.php 第 62 行.
NOTIC: [8] Undefined index: GradeID E:\www\www\tk\Runtime\Cache\Work\620f0a7ead398b1e52ff33ec52f34fc6.php 第 62 行.
NOTIC: [8] Undefined index: GradeID E:\www\www\tk\Runtime\Cache\Work\620f0a7ead398b1e52ff33ec52f34fc6.php 第 62 行.
NOTIC: [8] Undefined index: GradeID E:\www\www\tk\Runtime\Cache\Work\620f0a7ead398b1e52ff33ec52f34fc6.php 第 62 行.
NOTIC: [8] Undefined index: GradeName E:\www\www\tk\Runtime\Cache\Work\620f0a7ead398b1e52ff33ec52f34fc6.php 第 99 行.
NOTIC: [8] Undefined index: GradeName E:\www\www\tk\Runtime\Cache\Work\620f0a7ead398b1e52ff33ec52f34fc6.php 第 99 行.
NOTIC: [8] Undefined index: GradeName E:\www\www\tk\Runtime\Cache\Work\620f0a7ead398b1e52ff33ec52f34fc6.php 第 99 行.
NOTIC: [8] Undefined index: GradeName E:\www\www\tk\Runtime\Cache\Work\620f0a7ead398b1e52ff33ec52f34fc6.php 第 99 行.
NOTIC: [8] Undefined index: GradeName E:\www\www\tk\Runtime\Cache\Work\620f0a7ead398b1e52ff33ec52f34fc6.php 第 99 行.
NOTIC: [8] Undefined index: GradeName E:\www\www\tk\Runtime\Cache\Work\620f0a7ead398b1e52ff33ec52f34fc6.php 第 99 行.
NOTIC: [8] Undefined index: GradeName E:\www\www\tk\Runtime\Cache\Work\620f0a7ead398b1e52ff33ec52f34fc6.php 第 99 行.
NOTIC: [8] Undefined index: GradeName E:\www\www\tk\Runtime\Cache\Work\620f0a7ead398b1e52ff33ec52f34fc6.php 第 99 行.
NOTIC: [8] Undefined index: GradeName E:\www\www\tk\Runtime\Cache\Work\620f0a7ead398b1e52ff33ec52f34fc6.php 第 99 行.
NOTIC: [8] Undefined index: GradeName E:\www\www\tk\Runtime\Cache\Work\620f0a7ead398b1e52ff33ec52f34fc6.php 第 99 行.
NOTIC: [8] Undefined index: GradeName E:\www\www\tk\Runtime\Cache\Work\620f0a7ead398b1e52ff33ec52f34fc6.php 第 99 行.
NOTIC: [8] Undefined index: GradeName E:\www\www\tk\Runtime\Cache\Work\620f0a7ead398b1e52ff33ec52f34fc6.php 第 99 行.
NOTIC: [8] Undefined index: GradeName E:\www\www\tk\Runtime\Cache\Work\620f0a7ead398b1e52ff33ec52f34fc6.php 第 99 行.
NOTIC: [8] Undefined index: GradeName E:\www\www\tk\Runtime\Cache\Work\620f0a7ead398b1e52ff33ec52f34fc6.php 第 99 行.
NOTIC: [8] Undefined index: GradeName E:\www\www\tk\Runtime\Cache\Work\620f0a7ead398b1e52ff33ec52f34fc6.php 第 99 行.
NOTIC: [8] Undefined index: GradeName E:\www\www\tk\Runtime\Cache\Work\620f0a7ead398b1e52ff33ec52f34fc6.php 第 99 行.
NOTIC: [8] Undefined index: GradeName E:\www\www\tk\Runtime\Cache\Work\620f0a7ead398b1e52ff33ec52f34fc6.php 第 99 行.
NOTIC: [8] Undefined index: GradeName E:\www\www\tk\Runtime\Cache\Work\620f0a7ead398b1e52ff33ec52f34fc6.php 第 99 行.
NOTIC: [8] Undefined index: GradeName E:\www\www\tk\Runtime\Cache\Work\620f0a7ead398b1e52ff33ec52f34fc6.php 第 99 行.
NOTIC: [8] Undefined index: GradeName E:\www\www\tk\Runtime\Cache\Work\620f0a7ead398b1e52ff33ec52f34fc6.php 第 99 行.
INFO: Run Behavior\ParseTemplateBehavior [ RunTime:0.015626s ]
INFO: [ view_parse ] --END-- [ RunTime:0.015626s ]
INFO: [ view_filter ] --START--
INFO: Run Behavior\WriteHtmlCacheBehavior [ RunTime:0.000000s ]
INFO: Run Behavior\TokenBuildBehavior [ RunTime:0.001953s ]
INFO: [ view_filter ] --END-- [ RunTime:0.001953s ]
INFO: [ app_end ] --START--
INFO: Run Behavior\ShowPageTraceBehavior [ RunTime:0.000977s ]
INFO: [ app_end ] --END-- [ RunTime:0.000977s ]

[ 2017-09-19T13:46:55+08:00 ] 115.60.60.86 /Work/ClassGrade/index.html
INFO: [ app_init ] --START--
INFO: Run Behavior\BuildLiteBehavior [ RunTime:0.000000s ]
INFO: [ app_init ] --END-- [ RunTime:0.000976s ]
NOTIC: [2] preg_match(): Unknown modifier 'f' E:\www\www\main\Library\Think\Route.class.php 第 58 行.
NOTIC: [2] preg_match(): Unknown modifier 'f' E:\www\www\main\Library\Think\Route.class.php 第 58 行.
INFO: [ app_begin ] --START--
INFO: Run Behavior\ReadHtmlCacheBehavior [ RunTime:0.000977s ]
INFO: [ app_begin ] --END-- [ RunTime:0.000977s ]
NOTIC: [8] Undefined index: Manage E:\www\www\tk\Common\Controller\SystemLayerController.class.php 第 24 行.
NOTIC: [8] Undefined index: Manage E:\www\www\tk\Common\Controller\DefaultController.class.php 第 24 行.
INFO: [ view_parse ] --START--
INFO: [ template_filter ] --START--
INFO: Run Behavior\ContentReplaceBehavior [ RunTime:0.000000s ]
INFO: [ template_filter ] --END-- [ RunTime:0.000000s ]
INFO: Run Behavior\ParseTemplateBehavior [ RunTime:0.010743s ]
INFO: [ view_parse ] --END-- [ RunTime:0.010743s ]
INFO: [ view_filter ] --START--
INFO: Run Behavior\WriteHtmlCacheBehavior [ RunTime:0.000000s ]
INFO: Run Behavior\TokenBuildBehavior [ RunTime:0.000977s ]
INFO: [ view_filter ] --END-- [ RunTime:0.000977s ]
INFO: [ app_end ] --START--
INFO: Run Behavior\ShowPageTraceBehavior [ RunTime:0.000976s ]
INFO: [ app_end ] --END-- [ RunTime:0.000976s ]

[ 2017-09-19T13:52:31+08:00 ] 115.60.60.86 /Work/ClassGrade/index.html
INFO: [ app_init ] --START--
INFO: Run Behavior\BuildLiteBehavior [ RunTime:0.000000s ]
INFO: [ app_init ] --END-- [ RunTime:0.000000s ]
NOTIC: [2] preg_match(): Unknown modifier 'f' E:\www\www\main\Library\Think\Route.class.php 第 58 行.
NOTIC: [2] preg_match(): Unknown modifier 'f' E:\www\www\main\Library\Think\Route.class.php 第 58 行.
INFO: [ app_begin ] --START--
INFO: Run Behavior\ReadHtmlCacheBehavior [ RunTime:0.000977s ]
INFO: [ app_begin ] --END-- [ RunTime:0.000977s ]
NOTIC: [8] Undefined index: Manage E:\www\www\tk\Common\Controller\SystemLayerController.class.php 第 24 行.
NOTIC: [8] Undefined index: Manage E:\www\www\tk\Common\Controller\DefaultController.class.php 第 24 行.
INFO: [ view_parse ] --START--
INFO: [ template_filter ] --START--
INFO: Run Behavior\ContentReplaceBehavior [ RunTime:0.000000s ]
INFO: [ template_filter ] --END-- [ RunTime:0.000000s ]
INFO: Run Behavior\ParseTemplateBehavior [ RunTime:0.009766s ]
INFO: [ view_parse ] --END-- [ RunTime:0.010743s ]
INFO: [ view_filter ] --START--
INFO: Run Behavior\WriteHtmlCacheBehavior [ RunTime:0.000000s ]
INFO: Run Behavior\TokenBuildBehavior [ RunTime:0.000977s ]
INFO: [ view_filter ] --END-- [ RunTime:0.000977s ]
INFO: [ app_end ] --START--
INFO: Run Behavior\ShowPageTraceBehavior [ RunTime:0.000976s ]
INFO: [ app_end ] --END-- [ RunTime:0.000976s ]

[ 2017-09-19T13:52:32+08:00 ] 115.60.60.86 /Work/ClassList/index.html
INFO: [ app_init ] --START--
INFO: Run Behavior\BuildLiteBehavior [ RunTime:0.000000s ]
INFO: [ app_init ] --END-- [ RunTime:0.000977s ]
NOTIC: [2] preg_match(): Unknown modifier 'f' E:\www\www\main\Library\Think\Route.class.php 第 58 行.
NOTIC: [2] preg_match(): Unknown modifier 'f' E:\www\www\main\Library\Think\Route.class.php 第 58 行.
INFO: [ app_begin ] --START--
INFO: Run Behavior\ReadHtmlCacheBehavior [ RunTime:0.000977s ]
INFO: [ app_begin ] --END-- [ RunTime:0.000977s ]
NOTIC: [8] Undefined index: Manage E:\www\www\tk\Common\Controller\SystemLayerController.class.php 第 24 行.
NOTIC: [8] Undefined index: Manage E:\www\www\tk\Common\Controller\DefaultController.class.php 第 24 行.
NOTIC: [8] Undefined index: ClassID E:\www\www\tk\Work\Manage\ClassListManage.class.php 第 19 行.
NOTIC: [8] Undefined index: ClassNum E:\www\www\tk\Work\Manage\ClassListManage.class.php 第 25 行.
NOTIC: [8] Undefined index: UserName E:\www\www\tk\Work\Manage\ClassListManage.class.php 第 33 行.
NOTIC: [8] Undefined index: GradeID E:\www\www\tk\Work\Manage\ClassListManage.class.php 第 37 行.
NOTIC: [2] end() expects parameter 1 to be array, null given E:\www\www\tk\Work\Manage\ClassListManage.class.php 第 41 行.
NOTIC: [8] Undefined index: p E:\www\www\tk\Work\Manage\ClassListManage.class.php 第 50 行.
NOTIC: [8] Undefined variable: map E:\www\www\tk\Work\Manage\ClassListManage.class.php 第 53 行.
NOTIC: [2] Missing argument 3 for WLNPage::init() E:\www\www\tk\Common\Tool\WLNPage.class.php 第 50 行.
NOTIC: [8] Undefined variable: thirdPram E:\www\www\tk\Common\Tool\WLNPage.class.php 第 51 行.
NOTIC: [2] array_merge(): Argument #2 is not an array E:\www\www\tk\Common\Tool\WLNPage.class.php 第 51 行.
NOTIC: [2] extract() expects parameter 1 to be array, null given E:\www\www\tk\Common\Tool\WLNPage.class.php 第 52 行.
NOTIC: [8] Undefined variable: parameter E:\www\www\tk\Common\Tool\WLNPage.class.php 第 54 行.
NOTIC: [8] Undefined index: phone E:\www\www\tk\Common\Tool\WLNPage.class.php 第 63 行.
NOTIC: [8] Undefined variable: type E:\www\www\tk\Common\Tool\WLNPage.class.php 第 88 行.
NOTIC: [8] Undefined variable: type E:\www\www\tk\Common\Tool\WLNPage.class.php 第 89 行.
INFO: [ view_parse ] --START--
NOTIC: [8] Undefined index: class E:\www\www\main\Library\Think\Template\TagLib\Html.class.php 第 78 行.
NOTIC: [8] Undefined index: class E:\www\www\main\Library\Think\Template\TagLib\Html.class.php 第 78 行.
INFO: [ template_filter ] --START--
INFO: Run Behavior\ContentReplaceBehavior [ RunTime:0.000000s ]
INFO: [ template_filter ] --END-- [ RunTime:0.000000s ]
NOTIC: [8] Undefined index: name E:\www\www\tk\Runtime\Cache\Work\620f0a7ead398b1e52ff33ec52f34fc6.php 第 46 行.
NOTIC: [8] Undefined index: ClassNum E:\www\www\tk\Runtime\Cache\Work\620f0a7ead398b1e52ff33ec52f34fc6.php 第 55 行.
NOTIC: [8] Undefined index: UserName E:\www\www\tk\Runtime\Cache\Work\620f0a7ead398b1e52ff33ec52f34fc6.php 第 57 行.
NOTIC: [8] Undefined index: GradeID E:\www\www\tk\Runtime\Cache\Work\620f0a7ead398b1e52ff33ec52f34fc6.php 第 62 行.
NOTIC: [8] Undefined index: GradeID E:\www\www\tk\Runtime\Cache\Work\620f0a7ead398b1e52ff33ec52f34fc6.php 第 62 行.
NOTIC: [8] Undefined index: GradeID E:\www\www\tk\Runtime\Cache\Work\620f0a7ead398b1e52ff33ec52f34fc6.php 第 62 行.
NOTIC: [8] Undefined index: GradeID E:\www\www\tk\Runtime\Cache\Work\620f0a7ead398b1e52ff33ec52f34fc6.php 第 62 行.
NOTIC: [8] Undefined index: GradeID E:\www\www\tk\Runtime\Cache\Work\620f0a7ead398b1e52ff33ec52f34fc6.php 第 62 行.
NOTIC: [8] Undefined index: GradeID E:\www\www\tk\Runtime\Cache\Work\620f0a7ead398b1e52ff33ec52f34fc6.php 第 62 行.
NOTIC: [8] Undefined index: GradeID E:\www\www\tk\Runtime\Cache\Work\620f0a7ead398b1e52ff33ec52f34fc6.php 第 62 行.
NOTIC: [8] Undefined index: GradeName E:\www\www\tk\Runtime\Cache\Work\620f0a7ead398b1e52ff33ec52f34fc6.php 第 99 行.
NOTIC: [8] Undefined index: GradeName E:\www\www\tk\Runtime\Cache\Work\620f0a7ead398b1e52ff33ec52f34fc6.php 第 99 行.
NOTIC: [8] Undefined index: GradeName E:\www\www\tk\Runtime\Cache\Work\620f0a7ead398b1e52ff33ec52f34fc6.php 第 99 行.
NOTIC: [8] Undefined index: GradeName E:\www\www\tk\Runtime\Cache\Work\620f0a7ead398b1e52ff33ec52f34fc6.php 第 99 行.
NOTIC: [8] Undefined index: GradeName E:\www\www\tk\Runtime\Cache\Work\620f0a7ead398b1e52ff33ec52f34fc6.php 第 99 行.
NOTIC: [8] Undefined index: GradeName E:\www\www\tk\Runtime\Cache\Work\620f0a7ead398b1e52ff33ec52f34fc6.php 第 99 行.
NOTIC: [8] Undefined index: GradeName E:\www\www\tk\Runtime\Cache\Work\620f0a7ead398b1e52ff33ec52f34fc6.php 第 99 行.
NOTIC: [8] Undefined index: GradeName E:\www\www\tk\Runtime\Cache\Work\620f0a7ead398b1e52ff33ec52f34fc6.php 第 99 行.
NOTIC: [8] Undefined index: GradeName E:\www\www\tk\Runtime\Cache\Work\620f0a7ead398b1e52ff33ec52f34fc6.php 第 99 行.
NOTIC: [8] Undefined index: GradeName E:\www\www\tk\Runtime\Cache\Work\620f0a7ead398b1e52ff33ec52f34fc6.php 第 99 行.
NOTIC: [8] Undefined index: GradeName E:\www\www\tk\Runtime\Cache\Work\620f0a7ead398b1e52ff33ec52f34fc6.php 第 99 行.
NOTIC: [8] Undefined index: GradeName E:\www\www\tk\Runtime\Cache\Work\620f0a7ead398b1e52ff33ec52f34fc6.php 第 99 行.
NOTIC: [8] Undefined index: GradeName E:\www\www\tk\Runtime\Cache\Work\620f0a7ead398b1e52ff33ec52f34fc6.php 第 99 行.
NOTIC: [8] Undefined index: GradeName E:\www\www\tk\Runtime\Cache\Work\620f0a7ead398b1e52ff33ec52f34fc6.php 第 99 行.
NOTIC: [8] Undefined index: GradeName E:\www\www\tk\Runtime\Cache\Work\620f0a7ead398b1e52ff33ec52f34fc6.php 第 99 行.
NOTIC: [8] Undefined index: GradeName E:\www\www\tk\Runtime\Cache\Work\620f0a7ead398b1e52ff33ec52f34fc6.php 第 99 行.
NOTIC: [8] Undefined index: GradeName E:\www\www\tk\Runtime\Cache\Work\620f0a7ead398b1e52ff33ec52f34fc6.php 第 99 行.
NOTIC: [8] Undefined index: GradeName E:\www\www\tk\Runtime\Cache\Work\620f0a7ead398b1e52ff33ec52f34fc6.php 第 99 行.
NOTIC: [8] Undefined index: GradeName E:\www\www\tk\Runtime\Cache\Work\620f0a7ead398b1e52ff33ec52f34fc6.php 第 99 行.
NOTIC: [8] Undefined index: GradeName E:\www\www\tk\Runtime\Cache\Work\620f0a7ead398b1e52ff33ec52f34fc6.php 第 99 行.
INFO: Run Behavior\ParseTemplateBehavior [ RunTime:0.014649s ]
INFO: [ view_parse ] --END-- [ RunTime:0.014649s ]
INFO: [ view_filter ] --START--
INFO: Run Behavior\WriteHtmlCacheBehavior [ RunTime:0.000000s ]
INFO: Run Behavior\TokenBuildBehavior [ RunTime:0.000977s ]
INFO: [ view_filter ] --END-- [ RunTime:0.000977s ]
INFO: [ app_end ] --START--
INFO: Run Behavior\ShowPageTraceBehavior [ RunTime:0.000976s ]
INFO: [ app_end ] --END-- [ RunTime:0.000976s ]

[ 2017-09-19T13:52:33+08:00 ] 115.60.60.86 /Work/ClassGrade/index.html
INFO: [ app_init ] --START--
INFO: Run Behavior\BuildLiteBehavior [ RunTime:0.000000s ]
INFO: [ app_init ] --END-- [ RunTime:0.000977s ]
NOTIC: [2] preg_match(): Unknown modifier 'f' E:\www\www\main\Library\Think\Route.class.php 第 58 行.
NOTIC: [2] preg_match(): Unknown modifier 'f' E:\www\www\main\Library\Think\Route.class.php 第 58 行.
INFO: [ app_begin ] --START--
INFO: Run Behavior\ReadHtmlCacheBehavior [ RunTime:0.000976s ]
INFO: [ app_begin ] --END-- [ RunTime:0.000976s ]
NOTIC: [8] Undefined index: Manage E:\www\www\tk\Common\Controller\SystemLayerController.class.php 第 24 行.
NOTIC: [8] Undefined index: Manage E:\www\www\tk\Common\Controller\DefaultController.class.php 第 24 行.
INFO: [ view_parse ] --START--
INFO: [ template_filter ] --START--
INFO: Run Behavior\ContentReplaceBehavior [ RunTime:0.000977s ]
INFO: [ template_filter ] --END-- [ RunTime:0.000977s ]
INFO: Run Behavior\ParseTemplateBehavior [ RunTime:0.009766s ]
INFO: [ view_parse ] --END-- [ RunTime:0.009766s ]
INFO: [ view_filter ] --START--
INFO: Run Behavior\WriteHtmlCacheBehavior [ RunTime:0.000977s ]
INFO: Run Behavior\TokenBuildBehavior [ RunTime:0.000000s ]
INFO: [ view_filter ] --END-- [ RunTime:0.000977s ]
INFO: [ app_end ] --START--
INFO: Run Behavior\ShowPageTraceBehavior [ RunTime:0.000977s ]
INFO: [ app_end ] --END-- [ RunTime:0.000977s ]

[ 2017-09-19T13:52:34+08:00 ] 115.60.60.86 /Work/ClassList/index.html
INFO: [ app_init ] --START--
INFO: Run Behavior\BuildLiteBehavior [ RunTime:0.000000s ]
INFO: [ app_init ] --END-- [ RunTime:0.000000s ]
NOTIC: [2] preg_match(): Unknown modifier 'f' E:\www\www\main\Library\Think\Route.class.php 第 58 行.
NOTIC: [2] preg_match(): Unknown modifier 'f' E:\www\www\main\Library\Think\Route.class.php 第 58 行.
INFO: [ app_begin ] --START--
INFO: Run Behavior\ReadHtmlCacheBehavior [ RunTime:0.000976s ]
INFO: [ app_begin ] --END-- [ RunTime:0.000976s ]
NOTIC: [8] Undefined index: Manage E:\www\www\tk\Common\Controller\SystemLayerController.class.php 第 24 行.
NOTIC: [8] Undefined index: Manage E:\www\www\tk\Common\Controller\DefaultController.class.php 第 24 行.
NOTIC: [8] Undefined index: ClassID E:\www\www\tk\Work\Manage\ClassListManage.class.php 第 19 行.
NOTIC: [8] Undefined index: ClassNum E:\www\www\tk\Work\Manage\ClassListManage.class.php 第 25 行.
NOTIC: [8] Undefined index: UserName E:\www\www\tk\Work\Manage\ClassListManage.class.php 第 33 行.
NOTIC: [8] Undefined index: GradeID E:\www\www\tk\Work\Manage\ClassListManage.class.php 第 37 行.
NOTIC: [2] end() expects parameter 1 to be array, null given E:\www\www\tk\Work\Manage\ClassListManage.class.php 第 41 行.
NOTIC: [8] Undefined index: p E:\www\www\tk\Work\Manage\ClassListManage.class.php 第 50 行.
NOTIC: [8] Undefined variable: map E:\www\www\tk\Work\Manage\ClassListManage.class.php 第 53 行.
NOTIC: [2] Missing argument 3 for WLNPage::init() E:\www\www\tk\Common\Tool\WLNPage.class.php 第 50 行.
NOTIC: [8] Undefined variable: thirdPram E:\www\www\tk\Common\Tool\WLNPage.class.php 第 51 行.
NOTIC: [2] array_merge(): Argument #2 is not an array E:\www\www\tk\Common\Tool\WLNPage.class.php 第 51 行.
NOTIC: [2] extract() expects parameter 1 to be array, null given E:\www\www\tk\Common\Tool\WLNPage.class.php 第 52 行.
NOTIC: [8] Undefined variable: parameter E:\www\www\tk\Common\Tool\WLNPage.class.php 第 54 行.
NOTIC: [8] Undefined index: phone E:\www\www\tk\Common\Tool\WLNPage.class.php 第 63 行.
NOTIC: [8] Undefined variable: type E:\www\www\tk\Common\Tool\WLNPage.class.php 第 88 行.
NOTIC: [8] Undefined variable: type E:\www\www\tk\Common\Tool\WLNPage.class.php 第 89 行.
INFO: [ view_parse ] --START--
NOTIC: [8] Undefined index: class E:\www\www\main\Library\Think\Template\TagLib\Html.class.php 第 78 行.
NOTIC: [8] Undefined index: class E:\www\www\main\Library\Think\Template\TagLib\Html.class.php 第 78 行.
INFO: [ template_filter ] --START--
INFO: Run Behavior\ContentReplaceBehavior [ RunTime:0.000000s ]
INFO: [ template_filter ] --END-- [ RunTime:0.000000s ]
NOTIC: [8] Undefined index: name E:\www\www\tk\Runtime\Cache\Work\620f0a7ead398b1e52ff33ec52f34fc6.php 第 46 行.
NOTIC: [8] Undefined index: ClassNum E:\www\www\tk\Runtime\Cache\Work\620f0a7ead398b1e52ff33ec52f34fc6.php 第 55 行.
NOTIC: [8] Undefined index: UserName E:\www\www\tk\Runtime\Cache\Work\620f0a7ead398b1e52ff33ec52f34fc6.php 第 57 行.
NOTIC: [8] Undefined index: GradeID E:\www\www\tk\Runtime\Cache\Work\620f0a7ead398b1e52ff33ec52f34fc6.php 第 62 行.
NOTIC: [8] Undefined index: GradeID E:\www\www\tk\Runtime\Cache\Work\620f0a7ead398b1e52ff33ec52f34fc6.php 第 62 行.
NOTIC: [8] Undefined index: GradeID E:\www\www\tk\Runtime\Cache\Work\620f0a7ead398b1e52ff33ec52f34fc6.php 第 62 行.
NOTIC: [8] Undefined index: GradeID E:\www\www\tk\Runtime\Cache\Work\620f0a7ead398b1e52ff33ec52f34fc6.php 第 62 行.
NOTIC: [8] Undefined index: GradeID E:\www\www\tk\Runtime\Cache\Work\620f0a7ead398b1e52ff33ec52f34fc6.php 第 62 行.
NOTIC: [8] Undefined index: GradeID E:\www\www\tk\Runtime\Cache\Work\620f0a7ead398b1e52ff33ec52f34fc6.php 第 62 行.
NOTIC: [8] Undefined index: GradeID E:\www\www\tk\Runtime\Cache\Work\620f0a7ead398b1e52ff33ec52f34fc6.php 第 62 行.
NOTIC: [8] Undefined index: GradeName E:\www\www\tk\Runtime\Cache\Work\620f0a7ead398b1e52ff33ec52f34fc6.php 第 99 行.
NOTIC: [8] Undefined index: GradeName E:\www\www\tk\Runtime\Cache\Work\620f0a7ead398b1e52ff33ec52f34fc6.php 第 99 行.
NOTIC: [8] Undefined index: GradeName E:\www\www\tk\Runtime\Cache\Work\620f0a7ead398b1e52ff33ec52f34fc6.php 第 99 行.
NOTIC: [8] Undefined index: GradeName E:\www\www\tk\Runtime\Cache\Work\620f0a7ead398b1e52ff33ec52f34fc6.php 第 99 行.
NOTIC: [8] Undefined index: GradeName E:\www\www\tk\Runtime\Cache\Work\620f0a7ead398b1e52ff33ec52f34fc6.php 第 99 行.
NOTIC: [8] Undefined index: GradeName E:\www\www\tk\Runtime\Cache\Work\620f0a7ead398b1e52ff33ec52f34fc6.php 第 99 行.
NOTIC: [8] Undefined index: GradeName E:\www\www\tk\Runtime\Cache\Work\620f0a7ead398b1e52ff33ec52f34fc6.php 第 99 行.
NOTIC: [8] Undefined index: GradeName E:\www\www\tk\Runtime\Cache\Work\620f0a7ead398b1e52ff33ec52f34fc6.php 第 99 行.
NOTIC: [8] Undefined index: GradeName E:\www\www\tk\Runtime\Cache\Work\620f0a7ead398b1e52ff33ec52f34fc6.php 第 99 行.
NOTIC: [8] Undefined index: GradeName E:\www\www\tk\Runtime\Cache\Work\620f0a7ead398b1e52ff33ec52f34fc6.php 第 99 行.
NOTIC: [8] Undefined index: GradeName E:\www\www\tk\Runtime\Cache\Work\620f0a7ead398b1e52ff33ec52f34fc6.php 第 99 行.
NOTIC: [8] Undefined index: GradeName E:\www\www\tk\Runtime\Cache\Work\620f0a7ead398b1e52ff33ec52f34fc6.php 第 99 行.
NOTIC: [8] Undefined index: GradeName E:\www\www\tk\Runtime\Cache\Work\620f0a7ead398b1e52ff33ec52f34fc6.php 第 99 行.
NOTIC: [8] Undefined index: GradeName E:\www\www\tk\Runtime\Cache\Work\620f0a7ead398b1e52ff33ec52f34fc6.php 第 99 行.
NOTIC: [8] Undefined index: GradeName E:\www\www\tk\Runtime\Cache\Work\620f0a7ead398b1e52ff33ec52f34fc6.php 第 99 行.
NOTIC: [8] Undefined index: GradeName E:\www\www\tk\Runtime\Cache\Work\620f0a7ead398b1e52ff33ec52f34fc6.php 第 99 行.
NOTIC: [8] Undefined index: GradeName E:\www\www\tk\Runtime\Cache\Work\620f0a7ead398b1e52ff33ec52f34fc6.php 第 99 行.
NOTIC: [8] Undefined index: GradeName E:\www\www\tk\Runtime\Cache\Work\620f0a7ead398b1e52ff33ec52f34fc6.php 第 99 行.
NOTIC: [8] Undefined index: GradeName E:\www\www\tk\Runtime\Cache\Work\620f0a7ead398b1e52ff33ec52f34fc6.php 第 99 行.
NOTIC: [8] Undefined index: GradeName E:\www\www\tk\Runtime\Cache\Work\620f0a7ead398b1e52ff33ec52f34fc6.php 第 99 行.
INFO: Run Behavior\ParseTemplateBehavior [ RunTime:0.013672s ]
INFO: [ view_parse ] --END-- [ RunTime:0.013672s ]
INFO: [ view_filter ] --START--
INFO: Run Behavior\WriteHtmlCacheBehavior [ RunTime:0.000000s ]
INFO: Run Behavior\TokenBuildBehavior [ RunTime:0.000976s ]
INFO: [ view_filter ] --END-- [ RunTime:0.000976s ]
INFO: [ app_end ] --START--
INFO: Run Behavior\ShowPageTraceBehavior [ RunTime:0.000977s ]
INFO: [ app_end ] --END-- [ RunTime:0.000977s ]

[ 2017-09-19T13:52:35+08:00 ] 115.60.60.86 /Work/ClassUser/index.html
INFO: [ app_init ] --START--
INFO: Run Behavior\BuildLiteBehavior [ RunTime:0.000000s ]
INFO: [ app_init ] --END-- [ RunTime:0.000000s ]
NOTIC: [2] preg_match(): Unknown modifier 'f' E:\www\www\main\Library\Think\Route.class.php 第 58 行.
NOTIC: [2] preg_match(): Unknown modifier 'f' E:\www\www\main\Library\Think\Route.class.php 第 58 行.
INFO: [ app_begin ] --START--
INFO: Run Behavior\ReadHtmlCacheBehavior [ RunTime:0.000000s ]
INFO: [ app_begin ] --END-- [ RunTime:0.000000s ]
NOTIC: [8] Undefined index: Manage E:\www\www\tk\Common\Controller\SystemLayerController.class.php 第 24 行.
NOTIC: [8] Undefined index: Manage E:\www\www\tk\Common\Controller\DefaultController.class.php 第 24 行.
NOTIC: [8] Undefined index: ClassID E:\www\www\tk\Work\Manage\ClassUserManage.class.php 第 21 行.
NOTIC: [8] Undefined index: esayusername E:\www\www\tk\Work\Manage\ClassUserManage.class.php 第 29 行.
NOTIC: [8] Undefined index: ClassNum E:\www\www\tk\Work\Manage\ClassUserManage.class.php 第 33 行.
NOTIC: [8] Undefined index: UserName E:\www\www\tk\Work\Manage\ClassUserManage.class.php 第 41 行.
NOTIC: [8] Undefined index: OrderID E:\www\www\tk\Work\Manage\ClassUserManage.class.php 第 45 行.
NOTIC: [8] Undefined index: SchoolID E:\www\www\tk\Work\Manage\ClassUserManage.class.php 第 49 行.
NOTIC: [8] Undefined index: GradeID E:\www\www\tk\Work\Manage\ClassUserManage.class.php 第 53 行.
NOTIC: [8] Undefined index: AreaID E:\www\www\tk\Work\Manage\ClassUserManage.class.php 第 58 行.
NOTIC: [8] Undefined index: Status E:\www\www\tk\Work\Manage\ClassUserManage.class.php 第 62 行.
NOTIC: [8] Undefined index: p E:\www\www\tk\Work\Manage\ClassUserManage.class.php 第 70 行.
NOTIC: [2] Missing argument 3 for WLNPage::init() E:\www\www\tk\Common\Tool\WLNPage.class.php 第 50 行.
NOTIC: [8] Undefined variable: thirdPram E:\www\www\tk\Common\Tool\WLNPage.class.php 第 51 行.
NOTIC: [2] array_merge(): Argument #2 is not an array E:\www\www\tk\Common\Tool\WLNPage.class.php 第 51 行.
NOTIC: [2] extract() expects parameter 1 to be array, null given E:\www\www\tk\Common\Tool\WLNPage.class.php 第 52 行.
NOTIC: [8] Undefined variable: parameter E:\www\www\tk\Common\Tool\WLNPage.class.php 第 54 行.
NOTIC: [8] Undefined index: phone E:\www\www\tk\Common\Tool\WLNPage.class.php 第 63 行.
NOTIC: [8] Undefined variable: type E:\www\www\tk\Common\Tool\WLNPage.class.php 第 88 行.
NOTIC: [8] Undefined variable: type E:\www\www\tk\Common\Tool\WLNPage.class.php 第 89 行.
NOTIC: [8] Undefined index: ClassID E:\www\www\tk\Work\Manage\ClassUserManage.class.php 第 82 行.
INFO: [ view_parse ] --START--
NOTIC: [8] Undefined index: class E:\www\www\main\Library\Think\Template\TagLib\Html.class.php 第 78 行.
NOTIC: [8] Undefined index: class E:\www\www\main\Library\Think\Template\TagLib\Html.class.php 第 78 行.
INFO: [ template_filter ] --START--
INFO: Run Behavior\ContentReplaceBehavior [ RunTime:0.000000s ]
INFO: [ template_filter ] --END-- [ RunTime:0.000000s ]
NOTIC: [8] Undefined variable: areaParent E:\www\www\tk\Runtime\Cache\Work\25ba1f372f1fed209b5ff63b14131b4e.php 第 34 行.
NOTIC: [8] Undefined variable: act E:\www\www\tk\Runtime\Cache\Work\25ba1f372f1fed209b5ff63b14131b4e.php 第 36 行.
NOTIC: [8] Undefined index: name E:\www\www\tk\Runtime\Cache\Work\25ba1f372f1fed209b5ff63b14131b4e.php 第 54 行.
NOTIC: [8] Undefined index: GradeID E:\www\www\tk\Runtime\Cache\Work\25ba1f372f1fed209b5ff63b14131b4e.php 第 83 行.
NOTIC: [8] Undefined index: GradeID E:\www\www\tk\Runtime\Cache\Work\25ba1f372f1fed209b5ff63b14131b4e.php 第 83 行.
NOTIC: [8] Undefined index: GradeID E:\www\www\tk\Runtime\Cache\Work\25ba1f372f1fed209b5ff63b14131b4e.php 第 83 行.
NOTIC: [8] Undefined index: GradeID E:\www\www\tk\Runtime\Cache\Work\25ba1f372f1fed209b5ff63b14131b4e.php 第 83 行.
NOTIC: [8] Undefined index: GradeID E:\www\www\tk\Runtime\Cache\Work\25ba1f372f1fed209b5ff63b14131b4e.php 第 83 行.
NOTIC: [8] Undefined index: GradeID E:\www\www\tk\Runtime\Cache\Work\25ba1f372f1fed209b5ff63b14131b4e.php 第 83 行.
NOTIC: [8] Undefined index: GradeID E:\www\www\tk\Runtime\Cache\Work\25ba1f372f1fed209b5ff63b14131b4e.php 第 83 行.
NOTIC: [8] Undefined variable: ClassID E:\www\www\tk\Runtime\Cache\Work\25ba1f372f1fed209b5ff63b14131b4e.php 第 135 行.
NOTIC: [8] Undefined variable: ClassID E:\www\www\tk\Runtime\Cache\Work\25ba1f372f1fed209b5ff63b14131b4e.php 第 135 行.
NOTIC: [8] Undefined variable: ClassID E:\www\www\tk\Runtime\Cache\Work\25ba1f372f1fed209b5ff63b14131b4e.php 第 135 行.
NOTIC: [8] Undefined variable: ClassID E:\www\www\tk\Runtime\Cache\Work\25ba1f372f1fed209b5ff63b14131b4e.php 第 135 行.
NOTIC: [8] Undefined variable: ClassID E:\www\www\tk\Runtime\Cache\Work\25ba1f372f1fed209b5ff63b14131b4e.php 第 135 行.
NOTIC: [8] Undefined variable: ClassID E:\www\www\tk\Runtime\Cache\Work\25ba1f372f1fed209b5ff63b14131b4e.php 第 135 行.
NOTIC: [8] Undefined variable: ClassID E:\www\www\tk\Runtime\Cache\Work\25ba1f372f1fed209b5ff63b14131b4e.php 第 135 行.
NOTIC: [8] Undefined variable: ClassID E:\www\www\tk\Runtime\Cache\Work\25ba1f372f1fed209b5ff63b14131b4e.php 第 135 行.
NOTIC: [8] Undefined variable: ClassID E:\www\www\tk\Runtime\Cache\Work\25ba1f372f1fed209b5ff63b14131b4e.php 第 135 行.
NOTIC: [8] Undefined variable: ClassID E:\www\www\tk\Runtime\Cache\Work\25ba1f372f1fed209b5ff63b14131b4e.php 第 135 行.
NOTIC: [8] Undefined variable: ClassID E:\www\www\tk\Runtime\Cache\Work\25ba1f372f1fed209b5ff63b14131b4e.php 第 135 行.
NOTIC: [8] Undefined variable: ClassID E:\www\www\tk\Runtime\Cache\Work\25ba1f372f1fed209b5ff63b14131b4e.php 第 135 行.
NOTIC: [8] Undefined variable: ClassID E:\www\www\tk\Runtime\Cache\Work\25ba1f372f1fed209b5ff63b14131b4e.php 第 135 行.
NOTIC: [8] Undefined variable: ClassID E:\www\www\tk\Runtime\Cache\Work\25ba1f372f1fed209b5ff63b14131b4e.php 第 135 行.
NOTIC: [8] Undefined variable: ClassID E:\www\www\tk\Runtime\Cache\Work\25ba1f372f1fed209b5ff63b14131b4e.php 第 135 行.
NOTIC: [8] Undefined variable: ClassID E:\www\www\tk\Runtime\Cache\Work\25ba1f372f1fed209b5ff63b14131b4e.php 第 135 行.
NOTIC: [8] Undefined variable: ClassID E:\www\www\tk\Runtime\Cache\Work\25ba1f372f1fed209b5ff63b14131b4e.php 第 135 行.
NOTIC: [8] Undefined variable: ClassID E:\www\www\tk\Runtime\Cache\Work\25ba1f372f1fed209b5ff63b14131b4e.php 第 135 行.
NOTIC: [8] Undefined variable: ClassID E:\www\www\tk\Runtime\Cache\Work\25ba1f372f1fed209b5ff63b14131b4e.php 第 135 行.
NOTIC: [8] Undefined variable: ClassID E:\www\www\tk\Runtime\Cache\Work\25ba1f372f1fed209b5ff63b14131b4e.php 第 135 行.
INFO: Run Behavior\ParseTemplateBehavior [ RunTime:0.013673s ]
INFO: [ view_parse ] --END-- [ RunTime:0.013673s ]
INFO: [ view_filter ] --START--
INFO: Run Behavior\WriteHtmlCacheBehavior [ RunTime:0.000976s ]
INFO: Run Behavior\TokenBuildBehavior [ RunTime:0.000977s ]
INFO: [ view_filter ] --END-- [ RunTime:0.001953s ]
INFO: [ app_end ] --START--
INFO: Run Behavior\ShowPageTraceBehavior [ RunTime:0.000977s ]
INFO: [ app_end ] --END-- [ RunTime:0.000977s ]

[ 2017-09-19T14:22:04+08:00 ] 115.60.60.86 /Work/ClassGrade/index.html
INFO: [ app_init ] --START--
INFO: Run Behavior\BuildLiteBehavior [ RunTime:0.000000s ]
INFO: [ app_init ] --END-- [ RunTime:0.000976s ]
NOTIC: [2] preg_match(): Unknown modifier 'f' E:\www\www\main\Library\Think\Route.class.php 第 58 行.
NOTIC: [2] preg_match(): Unknown modifier 'f' E:\www\www\main\Library\Think\Route.class.php 第 58 行.
INFO: [ app_begin ] --START--
INFO: Run Behavior\ReadHtmlCacheBehavior [ RunTime:0.000977s ]
INFO: [ app_begin ] --END-- [ RunTime:0.000977s ]
NOTIC: [8] Undefined index: Manage E:\www\www\tk\Common\Controller\SystemLayerController.class.php 第 24 行.
NOTIC: [8] Undefined index: Manage E:\www\www\tk\Common\Controller\DefaultController.class.php 第 24 行.
INFO: [ view_parse ] --START--
INFO: [ template_filter ] --START--
INFO: Run Behavior\ContentReplaceBehavior [ RunTime:0.000000s ]
INFO: [ template_filter ] --END-- [ RunTime:0.000000s ]
INFO: Run Behavior\ParseTemplateBehavior [ RunTime:0.010742s ]
INFO: [ view_parse ] --END-- [ RunTime:0.010742s ]
INFO: [ view_filter ] --START--
INFO: Run Behavior\WriteHtmlCacheBehavior [ RunTime:0.000000s ]
INFO: Run Behavior\TokenBuildBehavior [ RunTime:0.000976s ]
INFO: [ view_filter ] --END-- [ RunTime:0.000976s ]
INFO: [ app_end ] --START--
INFO: Run Behavior\ShowPageTraceBehavior [ RunTime:0.000977s ]
INFO: [ app_end ] --END-- [ RunTime:0.000977s ]

[ 2017-09-19T14:22:05+08:00 ] 115.60.60.86 /Work/ClassList/index.html
INFO: [ app_init ] --START--
INFO: Run Behavior\BuildLiteBehavior [ RunTime:0.000000s ]
INFO: [ app_init ] --END-- [ RunTime:0.000977s ]
NOTIC: [2] preg_match(): Unknown modifier 'f' E:\www\www\main\Library\Think\Route.class.php 第 58 行.
NOTIC: [2] preg_match(): Unknown modifier 'f' E:\www\www\main\Library\Think\Route.class.php 第 58 行.
INFO: [ app_begin ] --START--
INFO: Run Behavior\ReadHtmlCacheBehavior [ RunTime:0.000976s ]
INFO: [ app_begin ] --END-- [ RunTime:0.000976s ]
NOTIC: [8] Undefined index: Manage E:\www\www\tk\Common\Controller\SystemLayerController.class.php 第 24 行.
NOTIC: [8] Undefined index: Manage E:\www\www\tk\Common\Controller\DefaultController.class.php 第 24 行.
NOTIC: [8] Undefined index: ClassID E:\www\www\tk\Work\Manage\ClassListManage.class.php 第 19 行.
NOTIC: [8] Undefined index: ClassNum E:\www\www\tk\Work\Manage\ClassListManage.class.php 第 25 行.
NOTIC: [8] Undefined index: UserName E:\www\www\tk\Work\Manage\ClassListManage.class.php 第 33 行.
NOTIC: [8] Undefined index: GradeID E:\www\www\tk\Work\Manage\ClassListManage.class.php 第 37 行.
NOTIC: [2] end() expects parameter 1 to be array, null given E:\www\www\tk\Work\Manage\ClassListManage.class.php 第 41 行.
NOTIC: [8] Undefined index: p E:\www\www\tk\Work\Manage\ClassListManage.class.php 第 50 行.
NOTIC: [8] Undefined variable: map E:\www\www\tk\Work\Manage\ClassListManage.class.php 第 53 行.
NOTIC: [2] Missing argument 3 for WLNPage::init() E:\www\www\tk\Common\Tool\WLNPage.class.php 第 50 行.
NOTIC: [8] Undefined variable: thirdPram E:\www\www\tk\Common\Tool\WLNPage.class.php 第 51 行.
NOTIC: [2] array_merge(): Argument #2 is not an array E:\www\www\tk\Common\Tool\WLNPage.class.php 第 51 行.
NOTIC: [2] extract() expects parameter 1 to be array, null given E:\www\www\tk\Common\Tool\WLNPage.class.php 第 52 行.
NOTIC: [8] Undefined variable: parameter E:\www\www\tk\Common\Tool\WLNPage.class.php 第 54 行.
NOTIC: [8] Undefined index: phone E:\www\www\tk\Common\Tool\WLNPage.class.php 第 63 行.
NOTIC: [8] Undefined variable: type E:\www\www\tk\Common\Tool\WLNPage.class.php 第 88 行.
NOTIC: [8] Undefined variable: type E:\www\www\tk\Common\Tool\WLNPage.class.php 第 89 行.
INFO: [ view_parse ] --START--
NOTIC: [8] Undefined index: class E:\www\www\main\Library\Think\Template\TagLib\Html.class.php 第 78 行.
NOTIC: [8] Undefined index: class E:\www\www\main\Library\Think\Template\TagLib\Html.class.php 第 78 行.
INFO: [ template_filter ] --START--
INFO: Run Behavior\ContentReplaceBehavior [ RunTime:0.000000s ]
INFO: [ template_filter ] --END-- [ RunTime:0.000000s ]
NOTIC: [8] Undefined index: name E:\www\www\tk\Runtime\Cache\Work\620f0a7ead398b1e52ff33ec52f34fc6.php 第 46 行.
NOTIC: [8] Undefined index: ClassNum E:\www\www\tk\Runtime\Cache\Work\620f0a7ead398b1e52ff33ec52f34fc6.php 第 55 行.
NOTIC: [8] Undefined index: UserName E:\www\www\tk\Runtime\Cache\Work\620f0a7ead398b1e52ff33ec52f34fc6.php 第 57 行.
NOTIC: [8] Undefined index: GradeID E:\www\www\tk\Runtime\Cache\Work\620f0a7ead398b1e52ff33ec52f34fc6.php 第 62 行.
NOTIC: [8] Undefined index: GradeID E:\www\www\tk\Runtime\Cache\Work\620f0a7ead398b1e52ff33ec52f34fc6.php 第 62 行.
NOTIC: [8] Undefined index: GradeID E:\www\www\tk\Runtime\Cache\Work\620f0a7ead398b1e52ff33ec52f34fc6.php 第 62 行.
NOTIC: [8] Undefined index: GradeID E:\www\www\tk\Runtime\Cache\Work\620f0a7ead398b1e52ff33ec52f34fc6.php 第 62 行.
NOTIC: [8] Undefined index: GradeID E:\www\www\tk\Runtime\Cache\Work\620f0a7ead398b1e52ff33ec52f34fc6.php 第 62 行.
NOTIC: [8] Undefined index: GradeID E:\www\www\tk\Runtime\Cache\Work\620f0a7ead398b1e52ff33ec52f34fc6.php 第 62 行.
NOTIC: [8] Undefined index: GradeID E:\www\www\tk\Runtime\Cache\Work\620f0a7ead398b1e52ff33ec52f34fc6.php 第 62 行.
NOTIC: [8] Undefined index: GradeName E:\www\www\tk\Runtime\Cache\Work\620f0a7ead398b1e52ff33ec52f34fc6.php 第 99 行.
NOTIC: [8] Undefined index: GradeName E:\www\www\tk\Runtime\Cache\Work\620f0a7ead398b1e52ff33ec52f34fc6.php 第 99 行.
NOTIC: [8] Undefined index: GradeName E:\www\www\tk\Runtime\Cache\Work\620f0a7ead398b1e52ff33ec52f34fc6.php 第 99 行.
NOTIC: [8] Undefined index: GradeName E:\www\www\tk\Runtime\Cache\Work\620f0a7ead398b1e52ff33ec52f34fc6.php 第 99 行.
NOTIC: [8] Undefined index: GradeName E:\www\www\tk\Runtime\Cache\Work\620f0a7ead398b1e52ff33ec52f34fc6.php 第 99 行.
NOTIC: [8] Undefined index: GradeName E:\www\www\tk\Runtime\Cache\Work\620f0a7ead398b1e52ff33ec52f34fc6.php 第 99 行.
NOTIC: [8] Undefined index: GradeName E:\www\www\tk\Runtime\Cache\Work\620f0a7ead398b1e52ff33ec52f34fc6.php 第 99 行.
NOTIC: [8] Undefined index: GradeName E:\www\www\tk\Runtime\Cache\Work\620f0a7ead398b1e52ff33ec52f34fc6.php 第 99 行.
NOTIC: [8] Undefined index: GradeName E:\www\www\tk\Runtime\Cache\Work\620f0a7ead398b1e52ff33ec52f34fc6.php 第 99 行.
NOTIC: [8] Undefined index: GradeName E:\www\www\tk\Runtime\Cache\Work\620f0a7ead398b1e52ff33ec52f34fc6.php 第 99 行.
NOTIC: [8] Undefined index: GradeName E:\www\www\tk\Runtime\Cache\Work\620f0a7ead398b1e52ff33ec52f34fc6.php 第 99 行.
NOTIC: [8] Undefined index: GradeName E:\www\www\tk\Runtime\Cache\Work\620f0a7ead398b1e52ff33ec52f34fc6.php 第 99 行.
NOTIC: [8] Undefined index: GradeName E:\www\www\tk\Runtime\Cache\Work\620f0a7ead398b1e52ff33ec52f34fc6.php 第 99 行.
NOTIC: [8] Undefined index: GradeName E:\www\www\tk\Runtime\Cache\Work\620f0a7ead398b1e52ff33ec52f34fc6.php 第 99 行.
NOTIC: [8] Undefined index: GradeName E:\www\www\tk\Runtime\Cache\Work\620f0a7ead398b1e52ff33ec52f34fc6.php 第 99 行.
NOTIC: [8] Undefined index: GradeName E:\www\www\tk\Runtime\Cache\Work\620f0a7ead398b1e52ff33ec52f34fc6.php 第 99 行.
NOTIC: [8] Undefined index: GradeName E:\www\www\tk\Runtime\Cache\Work\620f0a7ead398b1e52ff33ec52f34fc6.php 第 99 行.
NOTIC: [8] Undefined index: GradeName E:\www\www\tk\Runtime\Cache\Work\620f0a7ead398b1e52ff33ec52f34fc6.php 第 99 行.
NOTIC: [8] Undefined index: GradeName E:\www\www\tk\Runtime\Cache\Work\620f0a7ead398b1e52ff33ec52f34fc6.php 第 99 行.
NOTIC: [8] Undefined index: GradeName E:\www\www\tk\Runtime\Cache\Work\620f0a7ead398b1e52ff33ec52f34fc6.php 第 99 行.
INFO: Run Behavior\ParseTemplateBehavior [ RunTime:0.013671s ]
INFO: [ view_parse ] --END-- [ RunTime:0.013671s ]
INFO: [ view_filter ] --START--
INFO: Run Behavior\WriteHtmlCacheBehavior [ RunTime:0.000977s ]
INFO: Run Behavior\TokenBuildBehavior [ RunTime:0.000976s ]
INFO: [ view_filter ] --END-- [ RunTime:0.001953s ]
INFO: [ app_end ] --START--
INFO: Run Behavior\ShowPageTraceBehavior [ RunTime:0.000977s ]
INFO: [ app_end ] --END-- [ RunTime:0.000977s ]

[ 2017-09-19T14:22:07+08:00 ] 115.60.60.86 /Work/ClassGrade/index.html
INFO: [ app_init ] --START--
INFO: Run Behavior\BuildLiteBehavior [ RunTime:0.000000s ]
INFO: [ app_init ] --END-- [ RunTime:0.000000s ]
NOTIC: [2] preg_match(): Unknown modifier 'f' E:\www\www\main\Library\Think\Route.class.php 第 58 行.
NOTIC: [2] preg_match(): Unknown modifier 'f' E:\www\www\main\Library\Think\Route.class.php 第 58 行.
INFO: [ app_begin ] --START--
INFO: Run Behavior\ReadHtmlCacheBehavior [ RunTime:0.000977s ]
INFO: [ app_begin ] --END-- [ RunTime:0.000977s ]
NOTIC: [8] Undefined index: Manage E:\www\www\tk\Common\Controller\SystemLayerController.class.php 第 24 行.
NOTIC: [8] Undefined index: Manage E:\www\www\tk\Common\Controller\DefaultController.class.php 第 24 行.
INFO: [ view_parse ] --START--
INFO: [ template_filter ] --START--
INFO: Run Behavior\ContentReplaceBehavior [ RunTime:0.000977s ]
INFO: [ template_filter ] --END-- [ RunTime:0.000977s ]
INFO: Run Behavior\ParseTemplateBehavior [ RunTime:0.009765s ]
INFO: [ view_parse ] --END-- [ RunTime:0.009765s ]
INFO: [ view_filter ] --START--
INFO: Run Behavior\WriteHtmlCacheBehavior [ RunTime:0.000977s ]
INFO: Run Behavior\TokenBuildBehavior [ RunTime:0.000000s ]
INFO: [ view_filter ] --END-- [ RunTime:0.000977s ]
INFO: [ app_end ] --START--
INFO: Run Behavior\ShowPageTraceBehavior [ RunTime:0.000976s ]
INFO: [ app_end ] --END-- [ RunTime:0.000976s ]

[ 2017-09-19T14:32:45+08:00 ] 115.60.60.86 /Work/ClassGrade/index.html
INFO: [ app_init ] --START--
INFO: Run Behavior\BuildLiteBehavior [ RunTime:0.000000s ]
INFO: [ app_init ] --END-- [ RunTime:0.000000s ]
NOTIC: [2] preg_match(): Unknown modifier 'f' E:\www\www\main\Library\Think\Route.class.php 第 58 行.
NOTIC: [2] preg_match(): Unknown modifier 'f' E:\www\www\main\Library\Think\Route.class.php 第 58 行.
INFO: [ app_begin ] --START--
INFO: Run Behavior\ReadHtmlCacheBehavior [ RunTime:0.000976s ]
INFO: [ app_begin ] --END-- [ RunTime:0.000976s ]
NOTIC: [8] Undefined index: Manage E:\www\www\tk\Common\Controller\SystemLayerController.class.php 第 24 行.
NOTIC: [8] Undefined index: Manage E:\www\www\tk\Common\Controller\DefaultController.class.php 第 24 行.
INFO: [ view_parse ] --START--
INFO: [ template_filter ] --START--
INFO: Run Behavior\ContentReplaceBehavior [ RunTime:0.000000s ]
INFO: [ template_filter ] --END-- [ RunTime:0.000000s ]
INFO: Run Behavior\ParseTemplateBehavior [ RunTime:0.011718s ]
INFO: [ view_parse ] --END-- [ RunTime:0.011718s ]
INFO: [ view_filter ] --START--
INFO: Run Behavior\WriteHtmlCacheBehavior [ RunTime:0.000000s ]
INFO: Run Behavior\TokenBuildBehavior [ RunTime:0.000976s ]
INFO: [ view_filter ] --END-- [ RunTime:0.000976s ]
INFO: [ app_end ] --START--
INFO: Run Behavior\ShowPageTraceBehavior [ RunTime:0.000977s ]
INFO: [ app_end ] --END-- [ RunTime:0.000977s ]

[ 2017-09-19T14:32:47+08:00 ] 115.60.60.86 /Work/ClassList/index.html
INFO: [ app_init ] --START--
INFO: Run Behavior\BuildLiteBehavior [ RunTime:0.000000s ]
INFO: [ app_init ] --END-- [ RunTime:0.000977s ]
NOTIC: [2] preg_match(): Unknown modifier 'f' E:\www\www\main\Library\Think\Route.class.php 第 58 行.
NOTIC: [2] preg_match(): Unknown modifier 'f' E:\www\www\main\Library\Think\Route.class.php 第 58 行.
INFO: [ app_begin ] --START--
INFO: Run Behavior\ReadHtmlCacheBehavior [ RunTime:0.000976s ]
INFO: [ app_begin ] --END-- [ RunTime:0.000976s ]
NOTIC: [8] Undefined index: Manage E:\www\www\tk\Common\Controller\SystemLayerController.class.php 第 24 行.
NOTIC: [8] Undefined index: Manage E:\www\www\tk\Common\Controller\DefaultController.class.php 第 24 行.
NOTIC: [8] Undefined index: ClassID E:\www\www\tk\Work\Manage\ClassListManage.class.php 第 19 行.
NOTIC: [8] Undefined index: ClassNum E:\www\www\tk\Work\Manage\ClassListManage.class.php 第 25 行.
NOTIC: [8] Undefined index: UserName E:\www\www\tk\Work\Manage\ClassListManage.class.php 第 33 行.
NOTIC: [8] Undefined index: GradeID E:\www\www\tk\Work\Manage\ClassListManage.class.php 第 37 行.
NOTIC: [2] end() expects parameter 1 to be array, null given E:\www\www\tk\Work\Manage\ClassListManage.class.php 第 41 行.
NOTIC: [8] Undefined index: p E:\www\www\tk\Work\Manage\ClassListManage.class.php 第 50 行.
NOTIC: [8] Undefined variable: map E:\www\www\tk\Work\Manage\ClassListManage.class.php 第 53 行.
NOTIC: [2] Missing argument 3 for WLNPage::init() E:\www\www\tk\Common\Tool\WLNPage.class.php 第 50 行.
NOTIC: [8] Undefined variable: thirdPram E:\www\www\tk\Common\Tool\WLNPage.class.php 第 51 行.
NOTIC: [2] array_merge(): Argument #2 is not an array E:\www\www\tk\Common\Tool\WLNPage.class.php 第 51 行.
NOTIC: [2] extract() expects parameter 1 to be array, null given E:\www\www\tk\Common\Tool\WLNPage.class.php 第 52 行.
NOTIC: [8] Undefined variable: parameter E:\www\www\tk\Common\Tool\WLNPage.class.php 第 54 行.
NOTIC: [8] Undefined index: phone E:\www\www\tk\Common\Tool\WLNPage.class.php 第 63 行.
NOTIC: [8] Undefined variable: type E:\www\www\tk\Common\Tool\WLNPage.class.php 第 88 行.
NOTIC: [8] Undefined variable: type E:\www\www\tk\Common\Tool\WLNPage.class.php 第 89 行.
INFO: [ view_parse ] --START--
NOTIC: [8] Undefined index: class E:\www\www\main\Library\Think\Template\TagLib\Html.class.php 第 78 行.
NOTIC: [8] Undefined index: class E:\www\www\main\Library\Think\Template\TagLib\Html.class.php 第 78 行.
INFO: [ template_filter ] --START--
INFO: Run Behavior\ContentReplaceBehavior [ RunTime:0.000000s ]
INFO: [ template_filter ] --END-- [ RunTime:0.000000s ]
NOTIC: [8] Undefined index: name E:\www\www\tk\Runtime\Cache\Work\620f0a7ead398b1e52ff33ec52f34fc6.php 第 46 行.
NOTIC: [8] Undefined index: ClassNum E:\www\www\tk\Runtime\Cache\Work\620f0a7ead398b1e52ff33ec52f34fc6.php 第 55 行.
NOTIC: [8] Undefined index: UserName E:\www\www\tk\Runtime\Cache\Work\620f0a7ead398b1e52ff33ec52f34fc6.php 第 57 行.
NOTIC: [8] Undefined index: GradeID E:\www\www\tk\Runtime\Cache\Work\620f0a7ead398b1e52ff33ec52f34fc6.php 第 62 行.
NOTIC: [8] Undefined index: GradeID E:\www\www\tk\Runtime\Cache\Work\620f0a7ead398b1e52ff33ec52f34fc6.php 第 62 行.
NOTIC: [8] Undefined index: GradeID E:\www\www\tk\Runtime\Cache\Work\620f0a7ead398b1e52ff33ec52f34fc6.php 第 62 行.
NOTIC: [8] Undefined index: GradeID E:\www\www\tk\Runtime\Cache\Work\620f0a7ead398b1e52ff33ec52f34fc6.php 第 62 行.
NOTIC: [8] Undefined index: GradeID E:\www\www\tk\Runtime\Cache\Work\620f0a7ead398b1e52ff33ec52f34fc6.php 第 62 行.
NOTIC: [8] Undefined index: GradeID E:\www\www\tk\Runtime\Cache\Work\620f0a7ead398b1e52ff33ec52f34fc6.php 第 62 行.
NOTIC: [8] Undefined index: GradeID E:\www\www\tk\Runtime\Cache\Work\620f0a7ead398b1e52ff33ec52f34fc6.php 第 62 行.
NOTIC: [8] Undefined index: GradeName E:\www\www\tk\Runtime\Cache\Work\620f0a7ead398b1e52ff33ec52f34fc6.php 第 99 行.
NOTIC: [8] Undefined index: GradeName E:\www\www\tk\Runtime\Cache\Work\620f0a7ead398b1e52ff33ec52f34fc6.php 第 99 行.
NOTIC: [8] Undefined index: GradeName E:\www\www\tk\Runtime\Cache\Work\620f0a7ead398b1e52ff33ec52f34fc6.php 第 99 行.
NOTIC: [8] Undefined index: GradeName E:\www\www\tk\Runtime\Cache\Work\620f0a7ead398b1e52ff33ec52f34fc6.php 第 99 行.
NOTIC: [8] Undefined index: GradeName E:\www\www\tk\Runtime\Cache\Work\620f0a7ead398b1e52ff33ec52f34fc6.php 第 99 行.
NOTIC: [8] Undefined index: GradeName E:\www\www\tk\Runtime\Cache\Work\620f0a7ead398b1e52ff33ec52f34fc6.php 第 99 行.
NOTIC: [8] Undefined index: GradeName E:\www\www\tk\Runtime\Cache\Work\620f0a7ead398b1e52ff33ec52f34fc6.php 第 99 行.
NOTIC: [8] Undefined index: GradeName E:\www\www\tk\Runtime\Cache\Work\620f0a7ead398b1e52ff33ec52f34fc6.php 第 99 行.
NOTIC: [8] Undefined index: GradeName E:\www\www\tk\Runtime\Cache\Work\620f0a7ead398b1e52ff33ec52f34fc6.php 第 99 行.
NOTIC: [8] Undefined index: GradeName E:\www\www\tk\Runtime\Cache\Work\620f0a7ead398b1e52ff33ec52f34fc6.php 第 99 行.
NOTIC: [8] Undefined index: GradeName E:\www\www\tk\Runtime\Cache\Work\620f0a7ead398b1e52ff33ec52f34fc6.php 第 99 行.
NOTIC: [8] Undefined index: GradeName E:\www\www\tk\Runtime\Cache\Work\620f0a7ead398b1e52ff33ec52f34fc6.php 第 99 行.
NOTIC: [8] Undefined index: GradeName E:\www\www\tk\Runtime\Cache\Work\620f0a7ead398b1e52ff33ec52f34fc6.php 第 99 行.
NOTIC: [8] Undefined index: GradeName E:\www\www\tk\Runtime\Cache\Work\620f0a7ead398b1e52ff33ec52f34fc6.php 第 99 行.
NOTIC: [8] Undefined index: GradeName E:\www\www\tk\Runtime\Cache\Work\620f0a7ead398b1e52ff33ec52f34fc6.php 第 99 行.
NOTIC: [8] Undefined index: GradeName E:\www\www\tk\Runtime\Cache\Work\620f0a7ead398b1e52ff33ec52f34fc6.php 第 99 行.
NOTIC: [8] Undefined index: GradeName E:\www\www\tk\Runtime\Cache\Work\620f0a7ead398b1e52ff33ec52f34fc6.php 第 99 行.
NOTIC: [8] Undefined index: GradeName E:\www\www\tk\Runtime\Cache\Work\620f0a7ead398b1e52ff33ec52f34fc6.php 第 99 行.
NOTIC: [8] Undefined index: GradeName E:\www\www\tk\Runtime\Cache\Work\620f0a7ead398b1e52ff33ec52f34fc6.php 第 99 行.
NOTIC: [8] Undefined index: GradeName E:\www\www\tk\Runtime\Cache\Work\620f0a7ead398b1e52ff33ec52f34fc6.php 第 99 行.
INFO: Run Behavior\ParseTemplateBehavior [ RunTime:0.014647s ]
INFO: [ view_parse ] --END-- [ RunTime:0.014647s ]
INFO: [ view_filter ] --START--
INFO: Run Behavior\WriteHtmlCacheBehavior [ RunTime:0.000977s ]
INFO: Run Behavior\TokenBuildBehavior [ RunTime:0.000976s ]
INFO: [ view_filter ] --END-- [ RunTime:0.001953s ]
INFO: [ app_end ] --START--
INFO: Run Behavior\ShowPageTraceBehavior [ RunTime:0.000977s ]
INFO: [ app_end ] --END-- [ RunTime:0.000977s ]

[ 2017-09-19T14:32:49+08:00 ] 115.60.60.86 /Work/ClassUser/index.html
INFO: [ app_init ] --START--
INFO: Run Behavior\BuildLiteBehavior [ RunTime:0.000000s ]
INFO: [ app_init ] --END-- [ RunTime:0.000000s ]
NOTIC: [2] preg_match(): Unknown modifier 'f' E:\www\www\main\Library\Think\Route.class.php 第 58 行.
NOTIC: [2] preg_match(): Unknown modifier 'f' E:\www\www\main\Library\Think\Route.class.php 第 58 行.
INFO: [ app_begin ] --START--
INFO: Run Behavior\ReadHtmlCacheBehavior [ RunTime:0.000000s ]
INFO: [ app_begin ] --END-- [ RunTime:0.000000s ]
NOTIC: [8] Undefined index: Manage E:\www\www\tk\Common\Controller\SystemLayerController.class.php 第 24 行.
NOTIC: [8] Undefined index: Manage E:\www\www\tk\Common\Controller\DefaultController.class.php 第 24 行.
NOTIC: [8] Undefined index: ClassID E:\www\www\tk\Work\Manage\ClassUserManage.class.php 第 21 行.
NOTIC: [8] Undefined index: esayusername E:\www\www\tk\Work\Manage\ClassUserManage.class.php 第 29 行.
NOTIC: [8] Undefined index: ClassNum E:\www\www\tk\Work\Manage\ClassUserManage.class.php 第 33 行.
NOTIC: [8] Undefined index: UserName E:\www\www\tk\Work\Manage\ClassUserManage.class.php 第 41 行.
NOTIC: [8] Undefined index: OrderID E:\www\www\tk\Work\Manage\ClassUserManage.class.php 第 45 行.
NOTIC: [8] Undefined index: SchoolID E:\www\www\tk\Work\Manage\ClassUserManage.class.php 第 49 行.
NOTIC: [8] Undefined index: GradeID E:\www\www\tk\Work\Manage\ClassUserManage.class.php 第 53 行.
NOTIC: [8] Undefined index: AreaID E:\www\www\tk\Work\Manage\ClassUserManage.class.php 第 58 行.
NOTIC: [8] Undefined index: Status E:\www\www\tk\Work\Manage\ClassUserManage.class.php 第 62 行.
NOTIC: [8] Undefined index: p E:\www\www\tk\Work\Manage\ClassUserManage.class.php 第 70 行.
NOTIC: [2] Missing argument 3 for WLNPage::init() E:\www\www\tk\Common\Tool\WLNPage.class.php 第 50 行.
NOTIC: [8] Undefined variable: thirdPram E:\www\www\tk\Common\Tool\WLNPage.class.php 第 51 行.
NOTIC: [2] array_merge(): Argument #2 is not an array E:\www\www\tk\Common\Tool\WLNPage.class.php 第 51 行.
NOTIC: [2] extract() expects parameter 1 to be array, null given E:\www\www\tk\Common\Tool\WLNPage.class.php 第 52 行.
NOTIC: [8] Undefined variable: parameter E:\www\www\tk\Common\Tool\WLNPage.class.php 第 54 行.
NOTIC: [8] Undefined index: phone E:\www\www\tk\Common\Tool\WLNPage.class.php 第 63 行.
NOTIC: [8] Undefined variable: type E:\www\www\tk\Common\Tool\WLNPage.class.php 第 88 行.
NOTIC: [8] Undefined variable: type E:\www\www\tk\Common\Tool\WLNPage.class.php 第 89 行.
NOTIC: [8] Undefined index: ClassID E:\www\www\tk\Work\Manage\ClassUserManage.class.php 第 82 行.
INFO: [ view_parse ] --START--
NOTIC: [8] Undefined index: class E:\www\www\main\Library\Think\Template\TagLib\Html.class.php 第 78 行.
NOTIC: [8] Undefined index: class E:\www\www\main\Library\Think\Template\TagLib\Html.class.php 第 78 行.
INFO: [ template_filter ] --START--
INFO: Run Behavior\ContentReplaceBehavior [ RunTime:0.000977s ]
INFO: [ template_filter ] --END-- [ RunTime:0.000977s ]
NOTIC: [8] Undefined variable: areaParent E:\www\www\tk\Runtime\Cache\Work\25ba1f372f1fed209b5ff63b14131b4e.php 第 34 行.
NOTIC: [8] Undefined variable: act E:\www\www\tk\Runtime\Cache\Work\25ba1f372f1fed209b5ff63b14131b4e.php 第 36 行.
NOTIC: [8] Undefined index: name E:\www\www\tk\Runtime\Cache\Work\25ba1f372f1fed209b5ff63b14131b4e.php 第 54 行.
NOTIC: [8] Undefined index: GradeID E:\www\www\tk\Runtime\Cache\Work\25ba1f372f1fed209b5ff63b14131b4e.php 第 83 行.
NOTIC: [8] Undefined index: GradeID E:\www\www\tk\Runtime\Cache\Work\25ba1f372f1fed209b5ff63b14131b4e.php 第 83 行.
NOTIC: [8] Undefined index: GradeID E:\www\www\tk\Runtime\Cache\Work\25ba1f372f1fed209b5ff63b14131b4e.php 第 83 行.
NOTIC: [8] Undefined index: GradeID E:\www\www\tk\Runtime\Cache\Work\25ba1f372f1fed209b5ff63b14131b4e.php 第 83 行.
NOTIC: [8] Undefined index: GradeID E:\www\www\tk\Runtime\Cache\Work\25ba1f372f1fed209b5ff63b14131b4e.php 第 83 行.
NOTIC: [8] Undefined index: GradeID E:\www\www\tk\Runtime\Cache\Work\25ba1f372f1fed209b5ff63b14131b4e.php 第 83 行.
NOTIC: [8] Undefined index: GradeID E:\www\www\tk\Runtime\Cache\Work\25ba1f372f1fed209b5ff63b14131b4e.php 第 83 行.
NOTIC: [8] Undefined variable: ClassID E:\www\www\tk\Runtime\Cache\Work\25ba1f372f1fed209b5ff63b14131b4e.php 第 135 行.
NOTIC: [8] Undefined variable: ClassID E:\www\www\tk\Runtime\Cache\Work\25ba1f372f1fed209b5ff63b14131b4e.php 第 135 行.
NOTIC: [8] Undefined variable: ClassID E:\www\www\tk\Runtime\Cache\Work\25ba1f372f1fed209b5ff63b14131b4e.php 第 135 行.
NOTIC: [8] Undefined variable: ClassID E:\www\www\tk\Runtime\Cache\Work\25ba1f372f1fed209b5ff63b14131b4e.php 第 135 行.
NOTIC: [8] Undefined variable: ClassID E:\www\www\tk\Runtime\Cache\Work\25ba1f372f1fed209b5ff63b14131b4e.php 第 135 行.
NOTIC: [8] Undefined variable: ClassID E:\www\www\tk\Runtime\Cache\Work\25ba1f372f1fed209b5ff63b14131b4e.php 第 135 行.
NOTIC: [8] Undefined variable: ClassID E:\www\www\tk\Runtime\Cache\Work\25ba1f372f1fed209b5ff63b14131b4e.php 第 135 行.
NOTIC: [8] Undefined variable: ClassID E:\www\www\tk\Runtime\Cache\Work\25ba1f372f1fed209b5ff63b14131b4e.php 第 135 行.
NOTIC: [8] Undefined variable: ClassID E:\www\www\tk\Runtime\Cache\Work\25ba1f372f1fed209b5ff63b14131b4e.php 第 135 行.
NOTIC: [8] Undefined variable: ClassID E:\www\www\tk\Runtime\Cache\Work\25ba1f372f1fed209b5ff63b14131b4e.php 第 135 行.
NOTIC: [8] Undefined variable: ClassID E:\www\www\tk\Runtime\Cache\Work\25ba1f372f1fed209b5ff63b14131b4e.php 第 135 行.
NOTIC: [8] Undefined variable: ClassID E:\www\www\tk\Runtime\Cache\Work\25ba1f372f1fed209b5ff63b14131b4e.php 第 135 行.
NOTIC: [8] Undefined variable: ClassID E:\www\www\tk\Runtime\Cache\Work\25ba1f372f1fed209b5ff63b14131b4e.php 第 135 行.
NOTIC: [8] Undefined variable: ClassID E:\www\www\tk\Runtime\Cache\Work\25ba1f372f1fed209b5ff63b14131b4e.php 第 135 行.
NOTIC: [8] Undefined variable: ClassID E:\www\www\tk\Runtime\Cache\Work\25ba1f372f1fed209b5ff63b14131b4e.php 第 135 行.
NOTIC: [8] Undefined variable: ClassID E:\www\www\tk\Runtime\Cache\Work\25ba1f372f1fed209b5ff63b14131b4e.php 第 135 行.
NOTIC: [8] Undefined variable: ClassID E:\www\www\tk\Runtime\Cache\Work\25ba1f372f1fed209b5ff63b14131b4e.php 第 135 行.
NOTIC: [8] Undefined variable: ClassID E:\www\www\tk\Runtime\Cache\Work\25ba1f372f1fed209b5ff63b14131b4e.php 第 135 行.
NOTIC: [8] Undefined variable: ClassID E:\www\www\tk\Runtime\Cache\Work\25ba1f372f1fed209b5ff63b14131b4e.php 第 135 行.
NOTIC: [8] Undefined variable: ClassID E:\www\www\tk\Runtime\Cache\Work\25ba1f372f1fed209b5ff63b14131b4e.php 第 135 行.
INFO: Run Behavior\ParseTemplateBehavior [ RunTime:0.014647s ]
INFO: [ view_parse ] --END-- [ RunTime:0.014647s ]
INFO: [ view_filter ] --START--
INFO: Run Behavior\WriteHtmlCacheBehavior [ RunTime:0.000000s ]
INFO: Run Behavior\TokenBuildBehavior [ RunTime:0.000977s ]
INFO: [ view_filter ] --END-- [ RunTime:0.000977s ]
INFO: [ app_end ] --START--
INFO: Run Behavior\ShowPageTraceBehavior [ RunTime:0.000000s ]
INFO: [ app_end ] --END-- [ RunTime:0.000000s ]

[ 2017-09-19T14:33:06+08:00 ] 115.60.60.86 /Work/ClassUser/edit/id/1350_28_.html
INFO: [ app_init ] --START--
INFO: Run Behavior\BuildLiteBehavior [ RunTime:0.000000s ]
INFO: [ app_init ] --END-- [ RunTime:0.000000s ]
NOTIC: [2] preg_match(): Unknown modifier 'f' E:\www\www\main\Library\Think\Route.class.php 第 58 行.
NOTIC: [2] preg_match(): Unknown modifier 'f' E:\www\www\main\Library\Think\Route.class.php 第 58 行.
INFO: [ app_begin ] --START--
INFO: Run Behavior\ReadHtmlCacheBehavior [ RunTime:0.000976s ]
INFO: [ app_begin ] --END-- [ RunTime:0.000976s ]
NOTIC: [8] Undefined index: Manage E:\www\www\tk\Common\Controller\SystemLayerController.class.php 第 24 行.
NOTIC: [8] Undefined index: Manage E:\www\www\tk\Common\Controller\DefaultController.class.php 第 24 行.
INFO: [ view_parse ] --START--
INFO: [ template_filter ] --START--
INFO: Run Behavior\ContentReplaceBehavior [ RunTime:0.000000s ]
INFO: [ template_filter ] --END-- [ RunTime:0.000000s ]
INFO: Run Behavior\ParseTemplateBehavior [ RunTime:0.009765s ]
INFO: [ view_parse ] --END-- [ RunTime:0.009765s ]
INFO: [ view_filter ] --START--
INFO: Run Behavior\WriteHtmlCacheBehavior [ RunTime:0.000977s ]
INFO: Run Behavior\TokenBuildBehavior [ RunTime:0.000000s ]
INFO: [ view_filter ] --END-- [ RunTime:0.000977s ]
INFO: [ app_end ] --START--
INFO: Run Behavior\ShowPageTraceBehavior [ RunTime:0.000976s ]
INFO: [ app_end ] --END-- [ RunTime:0.000976s ]

[ 2017-09-19T14:33:07+08:00 ] 115.60.60.86 /Work/ClassUser/index.html
INFO: [ app_init ] --START--
INFO: Run Behavior\BuildLiteBehavior [ RunTime:0.000000s ]
INFO: [ app_init ] --END-- [ RunTime:0.000000s ]
NOTIC: [2] preg_match(): Unknown modifier 'f' E:\www\www\main\Library\Think\Route.class.php 第 58 行.
NOTIC: [2] preg_match(): Unknown modifier 'f' E:\www\www\main\Library\Think\Route.class.php 第 58 行.
INFO: [ app_begin ] --START--
INFO: Run Behavior\ReadHtmlCacheBehavior [ RunTime:0.000000s ]
INFO: [ app_begin ] --END-- [ RunTime:0.000000s ]
NOTIC: [8] Undefined index: Manage E:\www\www\tk\Common\Controller\SystemLayerController.class.php 第 24 行.
NOTIC: [8] Undefined index: Manage E:\www\www\tk\Common\Controller\DefaultController.class.php 第 24 行.
NOTIC: [8] Undefined index: ClassID E:\www\www\tk\Work\Manage\ClassUserManage.class.php 第 21 行.
NOTIC: [8] Undefined index: esayusername E:\www\www\tk\Work\Manage\ClassUserManage.class.php 第 29 行.
NOTIC: [8] Undefined index: ClassNum E:\www\www\tk\Work\Manage\ClassUserManage.class.php 第 33 行.
NOTIC: [8] Undefined index: UserName E:\www\www\tk\Work\Manage\ClassUserManage.class.php 第 41 行.
NOTIC: [8] Undefined index: OrderID E:\www\www\tk\Work\Manage\ClassUserManage.class.php 第 45 行.
NOTIC: [8] Undefined index: SchoolID E:\www\www\tk\Work\Manage\ClassUserManage.class.php 第 49 行.
NOTIC: [8] Undefined index: GradeID E:\www\www\tk\Work\Manage\ClassUserManage.class.php 第 53 行.
NOTIC: [8] Undefined index: AreaID E:\www\www\tk\Work\Manage\ClassUserManage.class.php 第 58 行.
NOTIC: [8] Undefined index: Status E:\www\www\tk\Work\Manage\ClassUserManage.class.php 第 62 行.
NOTIC: [8] Undefined index: p E:\www\www\tk\Work\Manage\ClassUserManage.class.php 第 70 行.
NOTIC: [2] Missing argument 3 for WLNPage::init() E:\www\www\tk\Common\Tool\WLNPage.class.php 第 50 行.
NOTIC: [8] Undefined variable: thirdPram E:\www\www\tk\Common\Tool\WLNPage.class.php 第 51 行.
NOTIC: [2] array_merge(): Argument #2 is not an array E:\www\www\tk\Common\Tool\WLNPage.class.php 第 51 行.
NOTIC: [2] extract() expects parameter 1 to be array, null given E:\www\www\tk\Common\Tool\WLNPage.class.php 第 52 行.
NOTIC: [8] Undefined variable: parameter E:\www\www\tk\Common\Tool\WLNPage.class.php 第 54 行.
NOTIC: [8] Undefined index: phone E:\www\www\tk\Common\Tool\WLNPage.class.php 第 63 行.
NOTIC: [8] Undefined variable: type E:\www\www\tk\Common\Tool\WLNPage.class.php 第 88 行.
NOTIC: [8] Undefined variable: type E:\www\www\tk\Common\Tool\WLNPage.class.php 第 89 行.
NOTIC: [8] Undefined index: ClassID E:\www\www\tk\Work\Manage\ClassUserManage.class.php 第 82 行.
INFO: [ view_parse ] --START--
NOTIC: [8] Undefined index: class E:\www\www\main\Library\Think\Template\TagLib\Html.class.php 第 78 行.
NOTIC: [8] Undefined index: class E:\www\www\main\Library\Think\Template\TagLib\Html.class.php 第 78 行.
INFO: [ template_filter ] --START--
INFO: Run Behavior\ContentReplaceBehavior [ RunTime:0.000000s ]
INFO: [ template_filter ] --END-- [ RunTime:0.000000s ]
NOTIC: [8] Undefined variable: areaParent E:\www\www\tk\Runtime\Cache\Work\25ba1f372f1fed209b5ff63b14131b4e.php 第 34 行.
NOTIC: [8] Undefined variable: act E:\www\www\tk\Runtime\Cache\Work\25ba1f372f1fed209b5ff63b14131b4e.php 第 36 行.
NOTIC: [8] Undefined index: name E:\www\www\tk\Runtime\Cache\Work\25ba1f372f1fed209b5ff63b14131b4e.php 第 54 行.
NOTIC: [8] Undefined index: GradeID E:\www\www\tk\Runtime\Cache\Work\25ba1f372f1fed209b5ff63b14131b4e.php 第 83 行.
NOTIC: [8] Undefined index: GradeID E:\www\www\tk\Runtime\Cache\Work\25ba1f372f1fed209b5ff63b14131b4e.php 第 83 行.
NOTIC: [8] Undefined index: GradeID E:\www\www\tk\Runtime\Cache\Work\25ba1f372f1fed209b5ff63b14131b4e.php 第 83 行.
NOTIC: [8] Undefined index: GradeID E:\www\www\tk\Runtime\Cache\Work\25ba1f372f1fed209b5ff63b14131b4e.php 第 83 行.
NOTIC: [8] Undefined index: GradeID E:\www\www\tk\Runtime\Cache\Work\25ba1f372f1fed209b5ff63b14131b4e.php 第 83 行.
NOTIC: [8] Undefined index: GradeID E:\www\www\tk\Runtime\Cache\Work\25ba1f372f1fed209b5ff63b14131b4e.php 第 83 行.
NOTIC: [8] Undefined index: GradeID E:\www\www\tk\Runtime\Cache\Work\25ba1f372f1fed209b5ff63b14131b4e.php 第 83 行.
NOTIC: [8] Undefined variable: ClassID E:\www\www\tk\Runtime\Cache\Work\25ba1f372f1fed209b5ff63b14131b4e.php 第 135 行.
NOTIC: [8] Undefined variable: ClassID E:\www\www\tk\Runtime\Cache\Work\25ba1f372f1fed209b5ff63b14131b4e.php 第 135 行.
NOTIC: [8] Undefined variable: ClassID E:\www\www\tk\Runtime\Cache\Work\25ba1f372f1fed209b5ff63b14131b4e.php 第 135 行.
NOTIC: [8] Undefined variable: ClassID E:\www\www\tk\Runtime\Cache\Work\25ba1f372f1fed209b5ff63b14131b4e.php 第 135 行.
NOTIC: [8] Undefined variable: ClassID E:\www\www\tk\Runtime\Cache\Work\25ba1f372f1fed209b5ff63b14131b4e.php 第 135 行.
NOTIC: [8] Undefined variable: ClassID E:\www\www\tk\Runtime\Cache\Work\25ba1f372f1fed209b5ff63b14131b4e.php 第 135 行.
NOTIC: [8] Undefined variable: ClassID E:\www\www\tk\Runtime\Cache\Work\25ba1f372f1fed209b5ff63b14131b4e.php 第 135 行.
NOTIC: [8] Undefined variable: ClassID E:\www\www\tk\Runtime\Cache\Work\25ba1f372f1fed209b5ff63b14131b4e.php 第 135 行.
NOTIC: [8] Undefined variable: ClassID E:\www\www\tk\Runtime\Cache\Work\25ba1f372f1fed209b5ff63b14131b4e.php 第 135 行.
NOTIC: [8] Undefined variable: ClassID E:\www\www\tk\Runtime\Cache\Work\25ba1f372f1fed209b5ff63b14131b4e.php 第 135 行.
NOTIC: [8] Undefined variable: ClassID E:\www\www\tk\Runtime\Cache\Work\25ba1f372f1fed209b5ff63b14131b4e.php 第 135 行.
NOTIC: [8] Undefined variable: ClassID E:\www\www\tk\Runtime\Cache\Work\25ba1f372f1fed209b5ff63b14131b4e.php 第 135 行.
NOTIC: [8] Undefined variable: ClassID E:\www\www\tk\Runtime\Cache\Work\25ba1f372f1fed209b5ff63b14131b4e.php 第 135 行.
NOTIC: [8] Undefined variable: ClassID E:\www\www\tk\Runtime\Cache\Work\25ba1f372f1fed209b5ff63b14131b4e.php 第 135 行.
NOTIC: [8] Undefined variable: ClassID E:\www\www\tk\Runtime\Cache\Work\25ba1f372f1fed209b5ff63b14131b4e.php 第 135 行.
NOTIC: [8] Undefined variable: ClassID E:\www\www\tk\Runtime\Cache\Work\25ba1f372f1fed209b5ff63b14131b4e.php 第 135 行.
NOTIC: [8] Undefined variable: ClassID E:\www\www\tk\Runtime\Cache\Work\25ba1f372f1fed209b5ff63b14131b4e.php 第 135 行.
NOTIC: [8] Undefined variable: ClassID E:\www\www\tk\Runtime\Cache\Work\25ba1f372f1fed209b5ff63b14131b4e.php 第 135 行.
NOTIC: [8] Undefined variable: ClassID E:\www\www\tk\Runtime\Cache\Work\25ba1f372f1fed209b5ff63b14131b4e.php 第 135 行.
NOTIC: [8] Undefined variable: ClassID E:\www\www\tk\Runtime\Cache\Work\25ba1f372f1fed209b5ff63b14131b4e.php 第 135 行.
INFO: Run Behavior\ParseTemplateBehavior [ RunTime:0.013671s ]
INFO: [ view_parse ] --END-- [ RunTime:0.013671s ]
INFO: [ view_filter ] --START--
INFO: Run Behavior\WriteHtmlCacheBehavior [ RunTime:0.000977s ]
INFO: Run Behavior\TokenBuildBehavior [ RunTime:0.000976s ]
INFO: [ view_filter ] --END-- [ RunTime:0.001953s ]
INFO: [ app_end ] --START--
INFO: Run Behavior\ShowPageTraceBehavior [ RunTime:0.000977s ]
INFO: [ app_end ] --END-- [ RunTime:0.000977s ]

[ 2017-09-19T16:12:53+08:00 ] 115.60.60.86 /Work/MyClass/myClass.html
INFO: [ app_init ] --START--
INFO: Run Behavior\BuildLiteBehavior [ RunTime:0.000976s ]
INFO: [ app_init ] --END-- [ RunTime:0.000976s ]
NOTIC: [2] preg_match(): Unknown modifier 'f' E:\www\www\main\Library\Think\Route.class.php 第 58 行.
NOTIC: [2] preg_match(): Unknown modifier 'f' E:\www\www\main\Library\Think\Route.class.php 第 58 行.
INFO: [ app_begin ] --START--
INFO: Run Behavior\ReadHtmlCacheBehavior [ RunTime:0.000977s ]
INFO: [ app_begin ] --END-- [ RunTime:0.000977s ]
INFO: [ view_parse ] --START--
NOTIC: [2] file_get_contents(../tk/Work/View/Public/bottom.html): failed to open stream: No such file or directory E:\www\www\main\Library\Think\Template.class.php 第 696 行.
INFO: [ template_filter ] --START--
INFO: Run Behavior\ContentReplaceBehavior [ RunTime:0.000000s ]
INFO: [ template_filter ] --END-- [ RunTime:0.000000s ]
NOTIC: [8] Undefined variable: pageName E:\www\www\tk\Runtime\Cache\Work\2d7c2725d38ac0028449aa0982d84fe9.php 第 4 行.
INFO: Run Behavior\ParseTemplateBehavior [ RunTime:0.008789s ]
INFO: [ view_parse ] --END-- [ RunTime:0.008789s ]
INFO: [ view_filter ] --START--
INFO: Run Behavior\WriteHtmlCacheBehavior [ RunTime:0.000000s ]
INFO: Run Behavior\TokenBuildBehavior [ RunTime:0.000976s ]
INFO: [ view_filter ] --END-- [ RunTime:0.000976s ]
INFO: [ app_end ] --START--
INFO: Run Behavior\ShowPageTraceBehavior [ RunTime:0.000000s ]
INFO: [ app_end ] --END-- [ RunTime:0.000000s ]

[ 2017-09-19T16:12:53+08:00 ] 115.60.60.86 /Work/MyClass/getClassList.html
INFO: [ app_init ] --START--
INFO: Run Behavior\BuildLiteBehavior [ RunTime:0.000000s ]
INFO: [ app_init ] --END-- [ RunTime:0.000977s ]
NOTIC: [2] preg_match(): Unknown modifier 'f' E:\www\www\main\Library\Think\Route.class.php 第 58 行.
NOTIC: [2] preg_match(): Unknown modifier 'f' E:\www\www\main\Library\Think\Route.class.php 第 58 行.
INFO: [ app_begin ] --START--
INFO: Run Behavior\ReadHtmlCacheBehavior [ RunTime:0.000976s ]
INFO: [ app_begin ] --END-- [ RunTime:0.000976s ]

[ 2017-09-19T16:12:53+08:00 ] 115.60.60.86 /Work/MyClass/getClassInfo.html
INFO: [ app_init ] --START--
INFO: Run Behavior\BuildLiteBehavior [ RunTime:0.000000s ]
INFO: [ app_init ] --END-- [ RunTime:0.000000s ]
NOTIC: [2] preg_match(): Unknown modifier 'f' E:\www\www\main\Library\Think\Route.class.php 第 58 行.
NOTIC: [2] preg_match(): Unknown modifier 'f' E:\www\www\main\Library\Think\Route.class.php 第 58 行.
INFO: [ app_begin ] --START--
INFO: Run Behavior\ReadHtmlCacheBehavior [ RunTime:0.000976s ]
INFO: [ app_begin ] --END-- [ RunTime:0.000976s ]

[ 2017-09-19T16:12:55+08:00 ] 115.60.60.86 /Work/MyClass/getStudentList.html
INFO: [ app_init ] --START--
INFO: Run Behavior\BuildLiteBehavior [ RunTime:0.000000s ]
INFO: [ app_init ] --END-- [ RunTime:0.000000s ]
NOTIC: [2] preg_match(): Unknown modifier 'f' E:\www\www\main\Library\Think\Route.class.php 第 58 行.
NOTIC: [2] preg_match(): Unknown modifier 'f' E:\www\www\main\Library\Think\Route.class.php 第 58 行.
INFO: [ app_begin ] --START--
INFO: Run Behavior\ReadHtmlCacheBehavior [ RunTime:0.000000s ]
INFO: [ app_begin ] --END-- [ RunTime:0.000977s ]

[ 2017-09-19T16:13:02+08:00 ] 115.60.60.86 /Work/MyClass/getTeacherList.html
INFO: [ app_init ] --START--
INFO: Run Behavior\BuildLiteBehavior [ RunTime:0.000000s ]
INFO: [ app_init ] --END-- [ RunTime:0.000977s ]
NOTIC: [2] preg_match(): Unknown modifier 'f' E:\www\www\main\Library\Think\Route.class.php 第 58 行.
NOTIC: [2] preg_match(): Unknown modifier 'f' E:\www\www\main\Library\Think\Route.class.php 第 58 行.
INFO: [ app_begin ] --START--
INFO: Run Behavior\ReadHtmlCacheBehavior [ RunTime:0.000976s ]
INFO: [ app_begin ] --END-- [ RunTime:0.000976s ]

[ 2017-09-19T16:13:08+08:00 ] 115.60.60.86 /Work/MyClass/getClassDynamic.html
INFO: [ app_init ] --START--
INFO: Run Behavior\BuildLiteBehavior [ RunTime:0.000000s ]
INFO: [ app_init ] --END-- [ RunTime:0.000977s ]
NOTIC: [2] preg_match(): Unknown modifier 'f' E:\www\www\main\Library\Think\Route.class.php 第 58 行.
NOTIC: [2] preg_match(): Unknown modifier 'f' E:\www\www\main\Library\Think\Route.class.php 第 58 行.
INFO: [ app_begin ] --START--
INFO: Run Behavior\ReadHtmlCacheBehavior [ RunTime:0.000976s ]
INFO: [ app_begin ] --END-- [ RunTime:0.000976s ]

[ 2017-09-19T16:13:14+08:00 ] 115.60.60.86 /Work/MyClass/getClassInfo.html
INFO: [ app_init ] --START--
INFO: Run Behavior\BuildLiteBehavior [ RunTime:0.000000s ]
INFO: [ app_init ] --END-- [ RunTime:0.000000s ]
NOTIC: [2] preg_match(): Unknown modifier 'f' E:\www\www\main\Library\Think\Route.class.php 第 58 行.
NOTIC: [2] preg_match(): Unknown modifier 'f' E:\www\www\main\Library\Think\Route.class.php 第 58 行.
INFO: [ app_begin ] --START--
INFO: Run Behavior\ReadHtmlCacheBehavior [ RunTime:0.000000s ]
INFO: [ app_begin ] --END-- [ RunTime:0.000000s ]

[ 2017-09-19T16:13:19+08:00 ] 115.60.60.86 /Work/MyClass/getClassInfo.html
INFO: [ app_init ] --START--
INFO: Run Behavior\BuildLiteBehavior [ RunTime:0.000000s ]
INFO: [ app_init ] --END-- [ RunTime:0.000000s ]
NOTIC: [2] preg_match(): Unknown modifier 'f' E:\www\www\main\Library\Think\Route.class.php 第 58 行.
NOTIC: [2] preg_match(): Unknown modifier 'f' E:\www\www\main\Library\Think\Route.class.php 第 58 行.
INFO: [ app_begin ] --START--
INFO: Run Behavior\ReadHtmlCacheBehavior [ RunTime:0.000000s ]
INFO: [ app_begin ] --END-- [ RunTime:0.000000s ]

[ 2017-09-19T17:37:05+08:00 ] 115.60.60.86 /Work/ClassGrade/index.html
INFO: [ app_init ] --START--
INFO: Run Behavior\BuildLiteBehavior [ RunTime:0.000000s ]
INFO: [ app_init ] --END-- [ RunTime:0.000000s ]
NOTIC: [2] preg_match(): Unknown modifier 'f' E:\www\www\main\Library\Think\Route.class.php 第 58 行.
NOTIC: [2] preg_match(): Unknown modifier 'f' E:\www\www\main\Library\Think\Route.class.php 第 58 行.
INFO: [ app_begin ] --START--
INFO: Run Behavior\ReadHtmlCacheBehavior [ RunTime:0.000000s ]
INFO: [ app_begin ] --END-- [ RunTime:0.000976s ]
NOTIC: [8] Undefined index: Manage E:\www\www\tk\Common\Controller\SystemLayerController.class.php 第 24 行.
NOTIC: [8] Undefined index: Manage E:\www\www\tk\Common\Controller\DefaultController.class.php 第 24 行.
INFO: [ view_parse ] --START--
INFO: [ template_filter ] --START--
INFO: Run Behavior\ContentReplaceBehavior [ RunTime:0.000000s ]
INFO: [ template_filter ] --END-- [ RunTime:0.000000s ]
INFO: Run Behavior\ParseTemplateBehavior [ RunTime:0.010742s ]
INFO: [ view_parse ] --END-- [ RunTime:0.010742s ]
INFO: [ view_filter ] --START--
INFO: Run Behavior\WriteHtmlCacheBehavior [ RunTime:0.000000s ]
INFO: Run Behavior\TokenBuildBehavior [ RunTime:0.000977s ]
INFO: [ view_filter ] --END-- [ RunTime:0.000977s ]
INFO: [ app_end ] --START--
INFO: Run Behavior\ShowPageTraceBehavior [ RunTime:0.000977s ]
INFO: [ app_end ] --END-- [ RunTime:0.000977s ]

