[ 2017-10-07T14:51:29+08:00 ] 115.60.56.166 /Work/Work/addWork.html
INFO: [ app_init ] --START--
INFO: Run Behavior\BuildLiteBehavior [ RunTime:0.000000s ]
INFO: [ app_init ] --END-- [ RunTime:0.000000s ]
NOTIC: [2] preg_match(): Unknown modifier 'f' E:\www\www\main\Library\Think\Route.class.php 第 58 行.
NOTIC: [2] preg_match(): Unknown modifier 'f' E:\www\www\main\Library\Think\Route.class.php 第 58 行.
INFO: [ app_begin ] --START--
INFO: Run Behavior\ReadHtmlCacheBehavior [ RunTime:0.000000s ]
INFO: [ app_begin ] --END-- [ RunTime:0.000977s ]
NOTIC: [8] Undefined index: workStyle E:\www\www\tk\Work\Controller\WorkController.class.php 第 21 行.
INFO: [ view_parse ] --START--
NOTIC: [2] file_get_contents(../tk/Work/View/Public/bottom.html): failed to open stream: No such file or directory E:\www\www\main\Library\Think\Template.class.php 第 696 行.
INFO: [ template_filter ] --START--
INFO: Run Behavior\ContentReplaceBehavior [ RunTime:0.000000s ]
INFO: [ template_filter ] --END-- [ RunTime:0.000000s ]
INFO: Run Behavior\ParseTemplateBehavior [ RunTime:0.008789s ]
INFO: [ view_parse ] --END-- [ RunTime:0.008789s ]
INFO: [ view_filter ] --START--
INFO: Run Behavior\WriteHtmlCacheBehavior [ RunTime:0.000000s ]
INFO: Run Behavior\TokenBuildBehavior [ RunTime:0.000977s ]
INFO: [ view_filter ] --END-- [ RunTime:0.000977s ]
INFO: [ app_end ] --START--
INFO: Run Behavior\ShowPageTraceBehavior [ RunTime:0.000000s ]
INFO: [ app_end ] --END-- [ RunTime:0.000000s ]

[ 2017-10-07T14:51:30+08:00 ] 115.60.56.166 /Work/Work/getLeavedUserWork/workStyle/test.html
INFO: [ app_init ] --START--
INFO: Run Behavior\BuildLiteBehavior [ RunTime:0.000000s ]
INFO: [ app_init ] --END-- [ RunTime:0.000000s ]
NOTIC: [2] preg_match(): Unknown modifier 'f' E:\www\www\main\Library\Think\Route.class.php 第 58 行.
NOTIC: [2] preg_match(): Unknown modifier 'f' E:\www\www\main\Library\Think\Route.class.php 第 58 行.
INFO: [ app_begin ] --START--
INFO: Run Behavior\ReadHtmlCacheBehavior [ RunTime:0.000976s ]
INFO: [ app_begin ] --END-- [ RunTime:0.000976s ]
NOTIC: [2] Illegal string offset 'count' E:\www\www\tk\Work\Controller\WorkController.class.php 第 68 行.
NOTIC: [8] Uninitialized string offset: 0 E:\www\www\tk\Work\Controller\WorkController.class.php 第 68 行.

[ 2017-10-07T14:52:02+08:00 ] 115.60.56.166 /Work/Work/checkWork.html
INFO: [ app_init ] --START--
INFO: Run Behavior\BuildLiteBehavior [ RunTime:0.000000s ]
INFO: [ app_init ] --END-- [ RunTime:0.000000s ]
NOTIC: [2] preg_match(): Unknown modifier 'f' E:\www\www\main\Library\Think\Route.class.php 第 58 行.
NOTIC: [2] preg_match(): Unknown modifier 'f' E:\www\www\main\Library\Think\Route.class.php 第 58 行.
INFO: [ app_begin ] --START--
INFO: Run Behavior\ReadHtmlCacheBehavior [ RunTime:0.000977s ]
INFO: [ app_begin ] --END-- [ RunTime:0.000977s ]
NOTIC: [8] Undefined index: workStyle E:\www\www\tk\Work\Controller\WorkController.class.php 第 21 行.
NOTIC: [8] Undefined index: cid E:\www\www\tk\Work\Controller\WorkController.class.php 第 385 行.
INFO: [ view_parse ] --START--
INFO: [ template_filter ] --START--
INFO: Run Behavior\ContentReplaceBehavior [ RunTime:0.000000s ]
INFO: [ template_filter ] --END-- [ RunTime:0.000000s ]
INFO: Run Behavior\ParseTemplateBehavior [ RunTime:0.008789s ]
INFO: [ view_parse ] --END-- [ RunTime:0.008789s ]
INFO: [ view_filter ] --START--
INFO: Run Behavior\WriteHtmlCacheBehavior [ RunTime:0.000000s ]
INFO: Run Behavior\TokenBuildBehavior [ RunTime:0.000977s ]
INFO: [ view_filter ] --END-- [ RunTime:0.000977s ]
INFO: [ app_end ] --START--
INFO: Run Behavior\ShowPageTraceBehavior [ RunTime:0.000977s ]
INFO: [ app_end ] --END-- [ RunTime:0.000977s ]

[ 2017-10-07T14:52:02+08:00 ] 115.60.56.166 /Work/MyClass/getClassList.html
INFO: [ app_init ] --START--
INFO: Run Behavior\BuildLiteBehavior [ RunTime:0.000000s ]
INFO: [ app_init ] --END-- [ RunTime:0.000000s ]
NOTIC: [2] preg_match(): Unknown modifier 'f' E:\www\www\main\Library\Think\Route.class.php 第 58 行.
NOTIC: [2] preg_match(): Unknown modifier 'f' E:\www\www\main\Library\Think\Route.class.php 第 58 行.
INFO: [ app_begin ] --START--
INFO: Run Behavior\ReadHtmlCacheBehavior [ RunTime:0.000000s ]
INFO: [ app_begin ] --END-- [ RunTime:0.000000s ]

[ 2017-10-07T14:52:05+08:00 ] 115.60.56.166 /Work/MyClass/myClass.html
INFO: [ app_init ] --START--
INFO: Run Behavior\BuildLiteBehavior [ RunTime:0.000000s ]
INFO: [ app_init ] --END-- [ RunTime:0.000000s ]
NOTIC: [2] preg_match(): Unknown modifier 'f' E:\www\www\main\Library\Think\Route.class.php 第 58 行.
NOTIC: [2] preg_match(): Unknown modifier 'f' E:\www\www\main\Library\Think\Route.class.php 第 58 行.
INFO: [ app_begin ] --START--
INFO: Run Behavior\ReadHtmlCacheBehavior [ RunTime:0.000000s ]
INFO: [ app_begin ] --END-- [ RunTime:0.000000s ]
INFO: [ view_parse ] --START--
NOTIC: [2] file_get_contents(../tk/Work/View/Public/bottom.html): failed to open stream: No such file or directory E:\www\www\main\Library\Think\Template.class.php 第 696 行.
INFO: [ template_filter ] --START--
INFO: Run Behavior\ContentReplaceBehavior [ RunTime:0.000000s ]
INFO: [ template_filter ] --END-- [ RunTime:0.000000s ]
NOTIC: [8] Undefined variable: pageName E:\www\www\tk\Runtime\Cache\Work\2d7c2725d38ac0028449aa0982d84fe9.php 第 4 行.
INFO: Run Behavior\ParseTemplateBehavior [ RunTime:0.008790s ]
INFO: [ view_parse ] --END-- [ RunTime:0.008790s ]
INFO: [ view_filter ] --START--
INFO: Run Behavior\WriteHtmlCacheBehavior [ RunTime:0.000000s ]
INFO: Run Behavior\TokenBuildBehavior [ RunTime:0.000977s ]
INFO: [ view_filter ] --END-- [ RunTime:0.001953s ]
INFO: [ app_end ] --START--
INFO: Run Behavior\ShowPageTraceBehavior [ RunTime:0.000977s ]
INFO: [ app_end ] --END-- [ RunTime:0.000977s ]

[ 2017-10-07T14:52:05+08:00 ] 115.60.56.166 /Work/MyClass/getClassList.html
INFO: [ app_init ] --START--
INFO: Run Behavior\BuildLiteBehavior [ RunTime:0.000000s ]
INFO: [ app_init ] --END-- [ RunTime:0.000976s ]
NOTIC: [2] preg_match(): Unknown modifier 'f' E:\www\www\main\Library\Think\Route.class.php 第 58 行.
NOTIC: [2] preg_match(): Unknown modifier 'f' E:\www\www\main\Library\Think\Route.class.php 第 58 行.
INFO: [ app_begin ] --START--
INFO: Run Behavior\ReadHtmlCacheBehavior [ RunTime:0.000976s ]
INFO: [ app_begin ] --END-- [ RunTime:0.000976s ]

[ 2017-10-07T15:17:21+08:00 ] 115.60.56.166 /Work/Work/addWork.html
INFO: [ app_init ] --START--
INFO: Run Behavior\BuildLiteBehavior [ RunTime:0.000000s ]
INFO: [ app_init ] --END-- [ RunTime:0.000000s ]
NOTIC: [2] preg_match(): Unknown modifier 'f' E:\www\www\main\Library\Think\Route.class.php 第 58 行.
NOTIC: [2] preg_match(): Unknown modifier 'f' E:\www\www\main\Library\Think\Route.class.php 第 58 行.
INFO: [ app_begin ] --START--
INFO: Run Behavior\ReadHtmlCacheBehavior [ RunTime:0.000976s ]
INFO: [ app_begin ] --END-- [ RunTime:0.000976s ]
NOTIC: [8] Undefined index: workStyle E:\www\www\tk\Work\Controller\WorkController.class.php 第 21 行.
INFO: [ view_parse ] --START--
NOTIC: [2] file_get_contents(../tk/Work/View/Public/bottom.html): failed to open stream: No such file or directory E:\www\www\main\Library\Think\Template.class.php 第 696 行.
INFO: [ template_filter ] --START--
INFO: Run Behavior\ContentReplaceBehavior [ RunTime:0.000000s ]
INFO: [ template_filter ] --END-- [ RunTime:0.000000s ]
INFO: Run Behavior\ParseTemplateBehavior [ RunTime:0.008789s ]
INFO: [ view_parse ] --END-- [ RunTime:0.008789s ]
INFO: [ view_filter ] --START--
INFO: Run Behavior\WriteHtmlCacheBehavior [ RunTime:0.000977s ]
INFO: Run Behavior\TokenBuildBehavior [ RunTime:0.000000s ]
INFO: [ view_filter ] --END-- [ RunTime:0.000977s ]
INFO: [ app_end ] --START--
INFO: Run Behavior\ShowPageTraceBehavior [ RunTime:0.000977s ]
INFO: [ app_end ] --END-- [ RunTime:0.000977s ]

[ 2017-10-07T15:17:21+08:00 ] 115.60.56.166 /Work/Work/getLeavedUserWork/workStyle/test.html
INFO: [ app_init ] --START--
INFO: Run Behavior\BuildLiteBehavior [ RunTime:0.000000s ]
INFO: [ app_init ] --END-- [ RunTime:0.000000s ]
NOTIC: [2] preg_match(): Unknown modifier 'f' E:\www\www\main\Library\Think\Route.class.php 第 58 行.
NOTIC: [2] preg_match(): Unknown modifier 'f' E:\www\www\main\Library\Think\Route.class.php 第 58 行.
INFO: [ app_begin ] --START--
INFO: Run Behavior\ReadHtmlCacheBehavior [ RunTime:0.000976s ]
INFO: [ app_begin ] --END-- [ RunTime:0.000976s ]
NOTIC: [2] Illegal string offset 'count' E:\www\www\tk\Work\Controller\WorkController.class.php 第 68 行.
NOTIC: [8] Uninitialized string offset: 0 E:\www\www\tk\Work\Controller\WorkController.class.php 第 68 行.

[ 2017-10-07T15:17:23+08:00 ] 115.60.56.166 /Work/Work/checkWork.html
INFO: [ app_init ] --START--
INFO: Run Behavior\BuildLiteBehavior [ RunTime:0.000000s ]
INFO: [ app_init ] --END-- [ RunTime:0.000977s ]
NOTIC: [2] preg_match(): Unknown modifier 'f' E:\www\www\main\Library\Think\Route.class.php 第 58 行.
NOTIC: [2] preg_match(): Unknown modifier 'f' E:\www\www\main\Library\Think\Route.class.php 第 58 行.
INFO: [ app_begin ] --START--
INFO: Run Behavior\ReadHtmlCacheBehavior [ RunTime:0.000977s ]
INFO: [ app_begin ] --END-- [ RunTime:0.000977s ]
NOTIC: [8] Undefined index: workStyle E:\www\www\tk\Work\Controller\WorkController.class.php 第 21 行.
NOTIC: [8] Undefined index: cid E:\www\www\tk\Work\Controller\WorkController.class.php 第 385 行.
INFO: [ view_parse ] --START--
INFO: [ template_filter ] --START--
INFO: Run Behavior\ContentReplaceBehavior [ RunTime:0.000000s ]
INFO: [ template_filter ] --END-- [ RunTime:0.000000s ]
INFO: Run Behavior\ParseTemplateBehavior [ RunTime:0.008789s ]
INFO: [ view_parse ] --END-- [ RunTime:0.008789s ]
INFO: [ view_filter ] --START--
INFO: Run Behavior\WriteHtmlCacheBehavior [ RunTime:0.000977s ]
INFO: Run Behavior\TokenBuildBehavior [ RunTime:0.000976s ]
INFO: [ view_filter ] --END-- [ RunTime:0.001953s ]
INFO: [ app_end ] --START--
INFO: Run Behavior\ShowPageTraceBehavior [ RunTime:0.000000s ]
INFO: [ app_end ] --END-- [ RunTime:0.000000s ]

[ 2017-10-07T15:17:23+08:00 ] 115.60.56.166 /Work/MyClass/getClassList.html
INFO: [ app_init ] --START--
INFO: Run Behavior\BuildLiteBehavior [ RunTime:0.000000s ]
INFO: [ app_init ] --END-- [ RunTime:0.000000s ]
NOTIC: [2] preg_match(): Unknown modifier 'f' E:\www\www\main\Library\Think\Route.class.php 第 58 行.
NOTIC: [2] preg_match(): Unknown modifier 'f' E:\www\www\main\Library\Think\Route.class.php 第 58 行.
INFO: [ app_begin ] --START--
INFO: Run Behavior\ReadHtmlCacheBehavior [ RunTime:0.000976s ]
INFO: [ app_begin ] --END-- [ RunTime:0.000976s ]

[ 2017-10-07T15:17:27+08:00 ] 115.60.56.166 /Work/Work/addWork.html
INFO: [ app_init ] --START--
INFO: Run Behavior\BuildLiteBehavior [ RunTime:0.000000s ]
INFO: [ app_init ] --END-- [ RunTime:0.000977s ]
NOTIC: [2] preg_match(): Unknown modifier 'f' E:\www\www\main\Library\Think\Route.class.php 第 58 行.
NOTIC: [2] preg_match(): Unknown modifier 'f' E:\www\www\main\Library\Think\Route.class.php 第 58 行.
INFO: [ app_begin ] --START--
INFO: Run Behavior\ReadHtmlCacheBehavior [ RunTime:0.000976s ]
INFO: [ app_begin ] --END-- [ RunTime:0.000976s ]
NOTIC: [8] Undefined index: workStyle E:\www\www\tk\Work\Controller\WorkController.class.php 第 21 行.
INFO: [ view_parse ] --START--
NOTIC: [2] file_get_contents(../tk/Work/View/Public/bottom.html): failed to open stream: No such file or directory E:\www\www\main\Library\Think\Template.class.php 第 696 行.
INFO: [ template_filter ] --START--
INFO: Run Behavior\ContentReplaceBehavior [ RunTime:0.000000s ]
INFO: [ template_filter ] --END-- [ RunTime:0.000000s ]
INFO: Run Behavior\ParseTemplateBehavior [ RunTime:0.008789s ]
INFO: [ view_parse ] --END-- [ RunTime:0.009766s ]
INFO: [ view_filter ] --START--
INFO: Run Behavior\WriteHtmlCacheBehavior [ RunTime:0.000000s ]
INFO: Run Behavior\TokenBuildBehavior [ RunTime:0.000977s ]
INFO: [ view_filter ] --END-- [ RunTime:0.000977s ]
INFO: [ app_end ] --START--
INFO: Run Behavior\ShowPageTraceBehavior [ RunTime:0.000976s ]
INFO: [ app_end ] --END-- [ RunTime:0.000976s ]

[ 2017-10-07T15:17:27+08:00 ] 115.60.56.166 /Work/Work/getLeavedUserWork/workStyle/test.html
INFO: [ app_init ] --START--
INFO: Run Behavior\BuildLiteBehavior [ RunTime:0.000976s ]
INFO: [ app_init ] --END-- [ RunTime:0.000976s ]
NOTIC: [2] preg_match(): Unknown modifier 'f' E:\www\www\main\Library\Think\Route.class.php 第 58 行.
NOTIC: [2] preg_match(): Unknown modifier 'f' E:\www\www\main\Library\Think\Route.class.php 第 58 行.
INFO: [ app_begin ] --START--
INFO: Run Behavior\ReadHtmlCacheBehavior [ RunTime:0.000977s ]
INFO: [ app_begin ] --END-- [ RunTime:0.000977s ]
NOTIC: [2] Illegal string offset 'count' E:\www\www\tk\Work\Controller\WorkController.class.php 第 68 行.
NOTIC: [8] Uninitialized string offset: 0 E:\www\www\tk\Work\Controller\WorkController.class.php 第 68 行.

[ 2017-10-07T15:18:25+08:00 ] 115.60.56.166 /Work/MyClass/getClassList.html
INFO: [ app_init ] --START--
INFO: Run Behavior\BuildLiteBehavior [ RunTime:0.000000s ]
INFO: [ app_init ] --END-- [ RunTime:0.000000s ]
NOTIC: [2] preg_match(): Unknown modifier 'f' E:\www\www\main\Library\Think\Route.class.php 第 58 行.
NOTIC: [2] preg_match(): Unknown modifier 'f' E:\www\www\main\Library\Think\Route.class.php 第 58 行.
INFO: [ app_begin ] --START--
INFO: Run Behavior\ReadHtmlCacheBehavior [ RunTime:0.000977s ]
INFO: [ app_begin ] --END-- [ RunTime:0.000977s ]

[ 2017-10-07T15:18:27+08:00 ] 115.60.56.166 /Work/MyClass/myClass.html
INFO: [ app_init ] --START--
INFO: Run Behavior\BuildLiteBehavior [ RunTime:0.000000s ]
INFO: [ app_init ] --END-- [ RunTime:0.000977s ]
NOTIC: [2] preg_match(): Unknown modifier 'f' E:\www\www\main\Library\Think\Route.class.php 第 58 行.
NOTIC: [2] preg_match(): Unknown modifier 'f' E:\www\www\main\Library\Think\Route.class.php 第 58 行.
INFO: [ app_begin ] --START--
INFO: Run Behavior\ReadHtmlCacheBehavior [ RunTime:0.000976s ]
INFO: [ app_begin ] --END-- [ RunTime:0.000976s ]
INFO: [ view_parse ] --START--
NOTIC: [2] file_get_contents(../tk/Work/View/Public/bottom.html): failed to open stream: No such file or directory E:\www\www\main\Library\Think\Template.class.php 第 696 行.
INFO: [ template_filter ] --START--
INFO: Run Behavior\ContentReplaceBehavior [ RunTime:0.000000s ]
INFO: [ template_filter ] --END-- [ RunTime:0.000000s ]
NOTIC: [8] Undefined variable: pageName E:\www\www\tk\Runtime\Cache\Work\2d7c2725d38ac0028449aa0982d84fe9.php 第 4 行.
INFO: Run Behavior\ParseTemplateBehavior [ RunTime:0.008789s ]
INFO: [ view_parse ] --END-- [ RunTime:0.008789s ]
INFO: [ view_filter ] --START--
INFO: Run Behavior\WriteHtmlCacheBehavior [ RunTime:0.000000s ]
INFO: Run Behavior\TokenBuildBehavior [ RunTime:0.000977s ]
INFO: [ view_filter ] --END-- [ RunTime:0.000977s ]
INFO: [ app_end ] --START--
INFO: Run Behavior\ShowPageTraceBehavior [ RunTime:0.000977s ]
INFO: [ app_end ] --END-- [ RunTime:0.000977s ]

[ 2017-10-07T15:18:27+08:00 ] 115.60.56.166 /Work/MyClass/getClassList.html
INFO: [ app_init ] --START--
INFO: Run Behavior\BuildLiteBehavior [ RunTime:0.000000s ]
INFO: [ app_init ] --END-- [ RunTime:0.000976s ]
NOTIC: [2] preg_match(): Unknown modifier 'f' E:\www\www\main\Library\Think\Route.class.php 第 58 行.
NOTIC: [2] preg_match(): Unknown modifier 'f' E:\www\www\main\Library\Think\Route.class.php 第 58 行.
INFO: [ app_begin ] --START--
INFO: Run Behavior\ReadHtmlCacheBehavior [ RunTime:0.000977s ]
INFO: [ app_begin ] --END-- [ RunTime:0.000977s ]

[ 2017-10-07T16:36:11+08:00 ] 115.60.56.166 /Work/ClassUser/index.html
INFO: [ app_init ] --START--
INFO: Run Behavior\BuildLiteBehavior [ RunTime:0.000000s ]
INFO: [ app_init ] --END-- [ RunTime:0.000977s ]
NOTIC: [2] preg_match(): Unknown modifier 'f' E:\www\www\main\Library\Think\Route.class.php 第 58 行.
NOTIC: [2] preg_match(): Unknown modifier 'f' E:\www\www\main\Library\Think\Route.class.php 第 58 行.
INFO: [ app_begin ] --START--
INFO: Run Behavior\ReadHtmlCacheBehavior [ RunTime:0.000977s ]
INFO: [ app_begin ] --END-- [ RunTime:0.000977s ]
NOTIC: [8] Undefined index: Manage E:\www\www\tk\Common\Controller\SystemLayerController.class.php 第 24 行.
NOTIC: [8] Undefined index: Manage E:\www\www\tk\Common\Controller\DefaultController.class.php 第 24 行.
NOTIC: [8] Undefined index: ClassID E:\www\www\tk\Work\Manage\ClassUserManage.class.php 第 21 行.
NOTIC: [8] Undefined index: esayusername E:\www\www\tk\Work\Manage\ClassUserManage.class.php 第 29 行.
NOTIC: [8] Undefined index: ClassNum E:\www\www\tk\Work\Manage\ClassUserManage.class.php 第 33 行.
NOTIC: [8] Undefined index: UserName E:\www\www\tk\Work\Manage\ClassUserManage.class.php 第 41 行.
NOTIC: [8] Undefined index: OrderID E:\www\www\tk\Work\Manage\ClassUserManage.class.php 第 45 行.
NOTIC: [8] Undefined index: SchoolID E:\www\www\tk\Work\Manage\ClassUserManage.class.php 第 49 行.
NOTIC: [8] Undefined index: GradeID E:\www\www\tk\Work\Manage\ClassUserManage.class.php 第 53 行.
NOTIC: [8] Undefined index: AreaID E:\www\www\tk\Work\Manage\ClassUserManage.class.php 第 58 行.
NOTIC: [8] Undefined index: Status E:\www\www\tk\Work\Manage\ClassUserManage.class.php 第 62 行.
NOTIC: [8] Undefined index: p E:\www\www\tk\Work\Manage\ClassUserManage.class.php 第 70 行.
NOTIC: [2] Missing argument 3 for WLNPage::init() E:\www\www\tk\Common\Tool\WLNPage.class.php 第 50 行.
NOTIC: [8] Undefined variable: thirdPram E:\www\www\tk\Common\Tool\WLNPage.class.php 第 51 行.
NOTIC: [2] array_merge(): Argument #2 is not an array E:\www\www\tk\Common\Tool\WLNPage.class.php 第 51 行.
NOTIC: [2] extract() expects parameter 1 to be array, null given E:\www\www\tk\Common\Tool\WLNPage.class.php 第 52 行.
NOTIC: [8] Undefined variable: parameter E:\www\www\tk\Common\Tool\WLNPage.class.php 第 54 行.
NOTIC: [8] Undefined index: phone E:\www\www\tk\Common\Tool\WLNPage.class.php 第 63 行.
NOTIC: [8] Undefined variable: type E:\www\www\tk\Common\Tool\WLNPage.class.php 第 88 行.
NOTIC: [8] Undefined variable: type E:\www\www\tk\Common\Tool\WLNPage.class.php 第 89 行.
NOTIC: [8] Undefined index: ClassID E:\www\www\tk\Work\Manage\ClassUserManage.class.php 第 82 行.
INFO: [ view_parse ] --START--
NOTIC: [8] Undefined index: class E:\www\www\main\Library\Think\Template\TagLib\Html.class.php 第 78 行.
NOTIC: [8] Undefined index: class E:\www\www\main\Library\Think\Template\TagLib\Html.class.php 第 78 行.
INFO: [ template_filter ] --START--
INFO: Run Behavior\ContentReplaceBehavior [ RunTime:0.000977s ]
INFO: [ template_filter ] --END-- [ RunTime:0.000977s ]
NOTIC: [8] Undefined variable: areaParent E:\www\www\tk\Runtime\Cache\Work\25ba1f372f1fed209b5ff63b14131b4e.php 第 34 行.
NOTIC: [8] Undefined variable: act E:\www\www\tk\Runtime\Cache\Work\25ba1f372f1fed209b5ff63b14131b4e.php 第 36 行.
NOTIC: [8] Undefined index: name E:\www\www\tk\Runtime\Cache\Work\25ba1f372f1fed209b5ff63b14131b4e.php 第 54 行.
NOTIC: [8] Undefined index: GradeID E:\www\www\tk\Runtime\Cache\Work\25ba1f372f1fed209b5ff63b14131b4e.php 第 83 行.
NOTIC: [8] Undefined index: GradeID E:\www\www\tk\Runtime\Cache\Work\25ba1f372f1fed209b5ff63b14131b4e.php 第 83 行.
NOTIC: [8] Undefined index: GradeID E:\www\www\tk\Runtime\Cache\Work\25ba1f372f1fed209b5ff63b14131b4e.php 第 83 行.
NOTIC: [8] Undefined index: GradeID E:\www\www\tk\Runtime\Cache\Work\25ba1f372f1fed209b5ff63b14131b4e.php 第 83 行.
NOTIC: [8] Undefined index: GradeID E:\www\www\tk\Runtime\Cache\Work\25ba1f372f1fed209b5ff63b14131b4e.php 第 83 行.
NOTIC: [8] Undefined index: GradeID E:\www\www\tk\Runtime\Cache\Work\25ba1f372f1fed209b5ff63b14131b4e.php 第 83 行.
NOTIC: [8] Undefined index: GradeID E:\www\www\tk\Runtime\Cache\Work\25ba1f372f1fed209b5ff63b14131b4e.php 第 83 行.
NOTIC: [8] Undefined variable: ClassID E:\www\www\tk\Runtime\Cache\Work\25ba1f372f1fed209b5ff63b14131b4e.php 第 135 行.
NOTIC: [8] Undefined variable: ClassID E:\www\www\tk\Runtime\Cache\Work\25ba1f372f1fed209b5ff63b14131b4e.php 第 135 行.
NOTIC: [8] Undefined variable: ClassID E:\www\www\tk\Runtime\Cache\Work\25ba1f372f1fed209b5ff63b14131b4e.php 第 135 行.
NOTIC: [8] Undefined variable: ClassID E:\www\www\tk\Runtime\Cache\Work\25ba1f372f1fed209b5ff63b14131b4e.php 第 135 行.
NOTIC: [8] Undefined variable: ClassID E:\www\www\tk\Runtime\Cache\Work\25ba1f372f1fed209b5ff63b14131b4e.php 第 135 行.
NOTIC: [8] Undefined variable: ClassID E:\www\www\tk\Runtime\Cache\Work\25ba1f372f1fed209b5ff63b14131b4e.php 第 135 行.
NOTIC: [8] Undefined variable: ClassID E:\www\www\tk\Runtime\Cache\Work\25ba1f372f1fed209b5ff63b14131b4e.php 第 135 行.
NOTIC: [8] Undefined variable: ClassID E:\www\www\tk\Runtime\Cache\Work\25ba1f372f1fed209b5ff63b14131b4e.php 第 135 行.
NOTIC: [8] Undefined variable: ClassID E:\www\www\tk\Runtime\Cache\Work\25ba1f372f1fed209b5ff63b14131b4e.php 第 135 行.
NOTIC: [8] Undefined variable: ClassID E:\www\www\tk\Runtime\Cache\Work\25ba1f372f1fed209b5ff63b14131b4e.php 第 135 行.
NOTIC: [8] Undefined variable: ClassID E:\www\www\tk\Runtime\Cache\Work\25ba1f372f1fed209b5ff63b14131b4e.php 第 135 行.
NOTIC: [8] Undefined variable: ClassID E:\www\www\tk\Runtime\Cache\Work\25ba1f372f1fed209b5ff63b14131b4e.php 第 135 行.
NOTIC: [8] Undefined variable: ClassID E:\www\www\tk\Runtime\Cache\Work\25ba1f372f1fed209b5ff63b14131b4e.php 第 135 行.
NOTIC: [8] Undefined variable: ClassID E:\www\www\tk\Runtime\Cache\Work\25ba1f372f1fed209b5ff63b14131b4e.php 第 135 行.
NOTIC: [8] Undefined variable: ClassID E:\www\www\tk\Runtime\Cache\Work\25ba1f372f1fed209b5ff63b14131b4e.php 第 135 行.
NOTIC: [8] Undefined variable: ClassID E:\www\www\tk\Runtime\Cache\Work\25ba1f372f1fed209b5ff63b14131b4e.php 第 135 行.
NOTIC: [8] Undefined variable: ClassID E:\www\www\tk\Runtime\Cache\Work\25ba1f372f1fed209b5ff63b14131b4e.php 第 135 行.
NOTIC: [8] Undefined variable: ClassID E:\www\www\tk\Runtime\Cache\Work\25ba1f372f1fed209b5ff63b14131b4e.php 第 135 行.
NOTIC: [8] Undefined variable: ClassID E:\www\www\tk\Runtime\Cache\Work\25ba1f372f1fed209b5ff63b14131b4e.php 第 135 行.
NOTIC: [8] Undefined variable: ClassID E:\www\www\tk\Runtime\Cache\Work\25ba1f372f1fed209b5ff63b14131b4e.php 第 135 行.
INFO: Run Behavior\ParseTemplateBehavior [ RunTime:0.014649s ]
INFO: [ view_parse ] --END-- [ RunTime:0.014649s ]
INFO: [ view_filter ] --START--
INFO: Run Behavior\WriteHtmlCacheBehavior [ RunTime:0.000000s ]
INFO: Run Behavior\TokenBuildBehavior [ RunTime:0.001953s ]
INFO: [ view_filter ] --END-- [ RunTime:0.001953s ]
INFO: [ app_end ] --START--
INFO: Run Behavior\ShowPageTraceBehavior [ RunTime:0.000976s ]
INFO: [ app_end ] --END-- [ RunTime:0.000976s ]

[ 2017-10-07T16:36:21+08:00 ] 115.60.56.166 /Work/ClassUser/edit/id/1369_36_.html
INFO: [ app_init ] --START--
INFO: Run Behavior\BuildLiteBehavior [ RunTime:0.000000s ]
INFO: [ app_init ] --END-- [ RunTime:0.000977s ]
NOTIC: [2] preg_match(): Unknown modifier 'f' E:\www\www\main\Library\Think\Route.class.php 第 58 行.
NOTIC: [2] preg_match(): Unknown modifier 'f' E:\www\www\main\Library\Think\Route.class.php 第 58 行.
INFO: [ app_begin ] --START--
INFO: Run Behavior\ReadHtmlCacheBehavior [ RunTime:0.000977s ]
INFO: [ app_begin ] --END-- [ RunTime:0.000977s ]
NOTIC: [8] Undefined index: Manage E:\www\www\tk\Common\Controller\SystemLayerController.class.php 第 24 行.
NOTIC: [8] Undefined index: Manage E:\www\www\tk\Common\Controller\DefaultController.class.php 第 24 行.
INFO: [ view_parse ] --START--
INFO: [ template_filter ] --START--
INFO: Run Behavior\ContentReplaceBehavior [ RunTime:0.000000s ]
INFO: [ template_filter ] --END-- [ RunTime:0.000000s ]
INFO: Run Behavior\ParseTemplateBehavior [ RunTime:0.009766s ]
INFO: [ view_parse ] --END-- [ RunTime:0.009766s ]
INFO: [ view_filter ] --START--
INFO: Run Behavior\WriteHtmlCacheBehavior [ RunTime:0.000977s ]
INFO: Run Behavior\TokenBuildBehavior [ RunTime:0.000000s ]
INFO: [ view_filter ] --END-- [ RunTime:0.000977s ]
INFO: [ app_end ] --START--
INFO: Run Behavior\ShowPageTraceBehavior [ RunTime:0.000977s ]
INFO: [ app_end ] --END-- [ RunTime:0.000977s ]

[ 2017-10-07T16:36:56+08:00 ] 115.60.56.166 /Work/WorkReport/classExerciseIndex.html
INFO: [ app_init ] --START--
INFO: Run Behavior\BuildLiteBehavior [ RunTime:0.000000s ]
INFO: [ app_init ] --END-- [ RunTime:0.000976s ]
NOTIC: [2] preg_match(): Unknown modifier 'f' E:\www\www\main\Library\Think\Route.class.php 第 58 行.
NOTIC: [2] preg_match(): Unknown modifier 'f' E:\www\www\main\Library\Think\Route.class.php 第 58 行.
INFO: [ app_begin ] --START--
INFO: Run Behavior\ReadHtmlCacheBehavior [ RunTime:0.000000s ]
INFO: [ app_begin ] --END-- [ RunTime:0.000000s ]
INFO: [ view_parse ] --START--
NOTIC: [2] file_get_contents(../tk/Work/View/Public/bottom.html): failed to open stream: No such file or directory E:\www\www\main\Library\Think\Template.class.php 第 696 行.
INFO: [ template_filter ] --START--
INFO: Run Behavior\ContentReplaceBehavior [ RunTime:0.000000s ]
INFO: [ template_filter ] --END-- [ RunTime:0.000000s ]
NOTIC: [8] Undefined variable: pageName E:\www\www\tk\Runtime\Cache\Work\3587a3d16ed3e00dd905c965951019d5.php 第 4 行.
INFO: Run Behavior\ParseTemplateBehavior [ RunTime:0.010742s ]
INFO: [ view_parse ] --END-- [ RunTime:0.010742s ]
INFO: [ view_filter ] --START--
INFO: Run Behavior\WriteHtmlCacheBehavior [ RunTime:0.000000s ]
INFO: Run Behavior\TokenBuildBehavior [ RunTime:0.001953s ]
INFO: [ view_filter ] --END-- [ RunTime:0.001953s ]
INFO: [ app_end ] --START--
INFO: Run Behavior\ShowPageTraceBehavior [ RunTime:0.000977s ]
INFO: [ app_end ] --END-- [ RunTime:0.000977s ]

[ 2017-10-07T16:36:57+08:00 ] 115.60.56.166 /Work/MyClass/getClassList.html
INFO: [ app_init ] --START--
INFO: Run Behavior\BuildLiteBehavior [ RunTime:0.000000s ]
INFO: [ app_init ] --END-- [ RunTime:0.000977s ]
NOTIC: [2] preg_match(): Unknown modifier 'f' E:\www\www\main\Library\Think\Route.class.php 第 58 行.
NOTIC: [2] preg_match(): Unknown modifier 'f' E:\www\www\main\Library\Think\Route.class.php 第 58 行.
INFO: [ app_begin ] --START--
INFO: Run Behavior\ReadHtmlCacheBehavior [ RunTime:0.000977s ]
INFO: [ app_begin ] --END-- [ RunTime:0.000977s ]

