[ 2017-10-13T10:30:31+08:00 ] 115.60.62.97 /Work/WorkReport/classIndex.html
INFO: [ app_init ] --START--
INFO: Run Behavior\BuildLiteBehavior [ RunTime:0.000000s ]
INFO: [ app_init ] --END-- [ RunTime:0.000000s ]
NOTIC: [2] preg_match(): Unknown modifier 'f' E:\www\www\main\Library\Think\Route.class.php 第 58 行.
NOTIC: [2] preg_match(): Unknown modifier 'f' E:\www\www\main\Library\Think\Route.class.php 第 58 行.
INFO: [ app_begin ] --START--
INFO: Run Behavior\ReadHtmlCacheBehavior [ RunTime:0.000976s ]
INFO: [ app_begin ] --END-- [ RunTime:0.000976s ]
NOTIC: [8] Undefined index: cid E:\www\www\tk\Work\Controller\WorkReportController.class.php 第 18 行.
INFO: [ view_parse ] --START--
NOTIC: [2] file_get_contents(../tk/Work/View/Public/bottom.html): failed to open stream: No such file or directory E:\www\www\main\Library\Think\Template.class.php 第 696 行.
INFO: [ template_filter ] --START--
INFO: Run Behavior\ContentReplaceBehavior [ RunTime:0.000000s ]
INFO: [ template_filter ] --END-- [ RunTime:0.000000s ]
NOTIC: [8] Undefined variable: pageName E:\www\www\tk\Runtime\Cache\Work\ad91b1e8e0b2bc9c02cab130fa450b5c.php 第 4 行.
INFO: Run Behavior\ParseTemplateBehavior [ RunTime:0.009766s ]
INFO: [ view_parse ] --END-- [ RunTime:0.010742s ]
INFO: [ view_filter ] --START--
INFO: Run Behavior\WriteHtmlCacheBehavior [ RunTime:0.000000s ]
INFO: Run Behavior\TokenBuildBehavior [ RunTime:0.000977s ]
INFO: [ view_filter ] --END-- [ RunTime:0.000977s ]
INFO: [ app_end ] --START--
INFO: Run Behavior\ShowPageTraceBehavior [ RunTime:0.000976s ]
INFO: [ app_end ] --END-- [ RunTime:0.000976s ]

[ 2017-10-13T10:30:31+08:00 ] 115.60.62.97 /Work/MyClass/getClassList.html
INFO: [ app_init ] --START--
INFO: Run Behavior\BuildLiteBehavior [ RunTime:0.000000s ]
INFO: [ app_init ] --END-- [ RunTime:0.000000s ]
NOTIC: [2] preg_match(): Unknown modifier 'f' E:\www\www\main\Library\Think\Route.class.php 第 58 行.
NOTIC: [2] preg_match(): Unknown modifier 'f' E:\www\www\main\Library\Think\Route.class.php 第 58 行.
INFO: [ app_begin ] --START--
INFO: Run Behavior\ReadHtmlCacheBehavior [ RunTime:0.000976s ]
INFO: [ app_begin ] --END-- [ RunTime:0.000976s ]

[ 2017-10-13T10:30:31+08:00 ] 115.60.62.97 /Work/WorkReport/classIndexData.html
INFO: [ app_init ] --START--
INFO: Run Behavior\BuildLiteBehavior [ RunTime:0.000000s ]
INFO: [ app_init ] --END-- [ RunTime:0.000976s ]
NOTIC: [2] preg_match(): Unknown modifier 'f' E:\www\www\main\Library\Think\Route.class.php 第 58 行.
NOTIC: [2] preg_match(): Unknown modifier 'f' E:\www\www\main\Library\Think\Route.class.php 第 58 行.
INFO: [ app_begin ] --START--
INFO: Run Behavior\ReadHtmlCacheBehavior [ RunTime:0.000976s ]
INFO: [ app_begin ] --END-- [ RunTime:0.000976s ]
NOTIC: [8] Undefined variable: pID E:\www\www\tk\Common\Model\ApiCacheModel.class.php 第 1094 行.
NOTIC: [2] array_reverse() expects parameter 1 to be array, null given E:\www\www\tk\Work\Controller\WorkReportController.class.php 第 100 行.
NOTIC: [2] Invalid argument supplied for foreach() E:\www\www\tk\Work\Controller\WorkReportController.class.php 第 103 行.

[ 2017-10-13T10:30:33+08:00 ] 115.60.62.97 /Work/WorkReport/classIndexData.html
INFO: [ app_init ] --START--
INFO: Run Behavior\BuildLiteBehavior [ RunTime:0.000000s ]
INFO: [ app_init ] --END-- [ RunTime:0.000977s ]
NOTIC: [2] preg_match(): Unknown modifier 'f' E:\www\www\main\Library\Think\Route.class.php 第 58 行.
NOTIC: [2] preg_match(): Unknown modifier 'f' E:\www\www\main\Library\Think\Route.class.php 第 58 行.
INFO: [ app_begin ] --START--
INFO: Run Behavior\ReadHtmlCacheBehavior [ RunTime:0.000976s ]
INFO: [ app_begin ] --END-- [ RunTime:0.000976s ]
NOTIC: [8] Undefined variable: pID E:\www\www\tk\Common\Model\ApiCacheModel.class.php 第 1094 行.
NOTIC: [2] array_reverse() expects parameter 1 to be array, null given E:\www\www\tk\Work\Controller\WorkReportController.class.php 第 100 行.
NOTIC: [2] Invalid argument supplied for foreach() E:\www\www\tk\Work\Controller\WorkReportController.class.php 第 103 行.

[ 2017-10-13T10:30:36+08:00 ] 115.60.62.97 /Work/WorkReport/studentIndex/id/2/cid/1.html
INFO: [ app_init ] --START--
INFO: Run Behavior\BuildLiteBehavior [ RunTime:0.000000s ]
INFO: [ app_init ] --END-- [ RunTime:0.000977s ]
NOTIC: [2] preg_match(): Unknown modifier 'f' E:\www\www\main\Library\Think\Route.class.php 第 58 行.
NOTIC: [2] preg_match(): Unknown modifier 'f' E:\www\www\main\Library\Think\Route.class.php 第 58 行.
INFO: [ app_begin ] --START--
INFO: Run Behavior\ReadHtmlCacheBehavior [ RunTime:0.000000s ]
INFO: [ app_begin ] --END-- [ RunTime:0.000000s ]
INFO: [ view_parse ] --START--
NOTIC: [2] file_get_contents(../tk/Work/View/Public/bottom.html): failed to open stream: No such file or directory E:\www\www\main\Library\Think\Template.class.php 第 696 行.
INFO: [ template_filter ] --START--
INFO: Run Behavior\ContentReplaceBehavior [ RunTime:0.000000s ]
INFO: [ template_filter ] --END-- [ RunTime:0.000000s ]
NOTIC: [8] Undefined variable: userID E:\www\www\tk\Runtime\Cache\Work\21ee100d9c78a2b411f6c6e120d93e06.php 第 4 行.
INFO: Run Behavior\ParseTemplateBehavior [ RunTime:0.011719s ]
INFO: [ view_parse ] --END-- [ RunTime:0.011719s ]
INFO: [ view_filter ] --START--
INFO: Run Behavior\WriteHtmlCacheBehavior [ RunTime:0.000000s ]
INFO: Run Behavior\TokenBuildBehavior [ RunTime:0.001953s ]
INFO: [ view_filter ] --END-- [ RunTime:0.001953s ]
INFO: [ app_end ] --START--
INFO: Run Behavior\ShowPageTraceBehavior [ RunTime:0.000000s ]
INFO: [ app_end ] --END-- [ RunTime:0.000977s ]

[ 2017-10-13T10:30:36+08:00 ] 115.60.62.97 /Work/MyClass/getClassList.html
INFO: [ app_init ] --START--
INFO: Run Behavior\BuildLiteBehavior [ RunTime:0.000000s ]
INFO: [ app_init ] --END-- [ RunTime:0.000000s ]
NOTIC: [2] preg_match(): Unknown modifier 'f' E:\www\www\main\Library\Think\Route.class.php 第 58 行.
NOTIC: [2] preg_match(): Unknown modifier 'f' E:\www\www\main\Library\Think\Route.class.php 第 58 行.
INFO: [ app_begin ] --START--
INFO: Run Behavior\ReadHtmlCacheBehavior [ RunTime:0.000000s ]
INFO: [ app_begin ] --END-- [ RunTime:0.000000s ]

[ 2017-10-13T10:30:36+08:00 ] 115.60.62.97 /Work/WorkReport/studentIndexData.html
INFO: [ app_init ] --START--
INFO: Run Behavior\BuildLiteBehavior [ RunTime:0.000000s ]
INFO: [ app_init ] --END-- [ RunTime:0.000000s ]
NOTIC: [2] preg_match(): Unknown modifier 'f' E:\www\www\main\Library\Think\Route.class.php 第 58 行.
NOTIC: [2] preg_match(): Unknown modifier 'f' E:\www\www\main\Library\Think\Route.class.php 第 58 行.
INFO: [ app_begin ] --START--
INFO: Run Behavior\ReadHtmlCacheBehavior [ RunTime:0.000000s ]
INFO: [ app_begin ] --END-- [ RunTime:0.000000s ]
NOTIC: [8] Undefined variable: pID E:\www\www\tk\Common\Model\ApiCacheModel.class.php 第 1094 行.
NOTIC: [8] Undefined variable: newKlList E:\www\www\tk\Work\Controller\WorkReportController.class.php 第 264 行.
NOTIC: [8] Undefined variable: newKlList E:\www\www\tk\Work\Controller\WorkReportController.class.php 第 265 行.
NOTIC: [8] Undefined variable: newKlList E:\www\www\tk\Work\Controller\WorkReportController.class.php 第 274 行.
NOTIC: [8] Undefined variable: newKlList E:\www\www\tk\Work\Controller\WorkReportController.class.php 第 275 行.
NOTIC: [8] Undefined variable: newKlList E:\www\www\tk\Work\Controller\WorkReportController.class.php 第 274 行.
NOTIC: [8] Undefined variable: newKlList E:\www\www\tk\Work\Controller\WorkReportController.class.php 第 275 行.
NOTIC: [8] Undefined variable: newKlList E:\www\www\tk\Work\Controller\WorkReportController.class.php 第 274 行.
NOTIC: [8] Undefined variable: newKlList E:\www\www\tk\Work\Controller\WorkReportController.class.php 第 275 行.
NOTIC: [8] Undefined variable: newKlList E:\www\www\tk\Work\Controller\WorkReportController.class.php 第 274 行.
NOTIC: [8] Undefined variable: newKlList E:\www\www\tk\Work\Controller\WorkReportController.class.php 第 275 行.
NOTIC: [8] Undefined variable: newKlList E:\www\www\tk\Work\Controller\WorkReportController.class.php 第 274 行.
NOTIC: [8] Undefined variable: newKlList E:\www\www\tk\Work\Controller\WorkReportController.class.php 第 275 行.
NOTIC: [8] Undefined variable: newKlList E:\www\www\tk\Work\Controller\WorkReportController.class.php 第 274 行.
NOTIC: [8] Undefined variable: newKlList E:\www\www\tk\Work\Controller\WorkReportController.class.php 第 275 行.
NOTIC: [8] Undefined variable: newKlList E:\www\www\tk\Work\Controller\WorkReportController.class.php 第 264 行.
NOTIC: [8] Undefined variable: newKlList E:\www\www\tk\Work\Controller\WorkReportController.class.php 第 265 行.
NOTIC: [8] Undefined variable: newKlList E:\www\www\tk\Work\Controller\WorkReportController.class.php 第 274 行.
NOTIC: [8] Undefined variable: newKlList E:\www\www\tk\Work\Controller\WorkReportController.class.php 第 275 行.
NOTIC: [8] Undefined variable: newKlList E:\www\www\tk\Work\Controller\WorkReportController.class.php 第 274 行.
NOTIC: [8] Undefined variable: newKlList E:\www\www\tk\Work\Controller\WorkReportController.class.php 第 275 行.
NOTIC: [8] Undefined variable: newKlList E:\www\www\tk\Work\Controller\WorkReportController.class.php 第 274 行.
NOTIC: [8] Undefined variable: newKlList E:\www\www\tk\Work\Controller\WorkReportController.class.php 第 275 行.
NOTIC: [8] Undefined variable: newKlList E:\www\www\tk\Work\Controller\WorkReportController.class.php 第 274 行.
NOTIC: [8] Undefined variable: newKlList E:\www\www\tk\Work\Controller\WorkReportController.class.php 第 275 行.
NOTIC: [8] Undefined variable: newKlList E:\www\www\tk\Work\Controller\WorkReportController.class.php 第 274 行.
NOTIC: [8] Undefined variable: newKlList E:\www\www\tk\Work\Controller\WorkReportController.class.php 第 275 行.
NOTIC: [8] Undefined variable: newKlList E:\www\www\tk\Work\Controller\WorkReportController.class.php 第 274 行.
NOTIC: [8] Undefined variable: newKlList E:\www\www\tk\Work\Controller\WorkReportController.class.php 第 275 行.
NOTIC: [8] Undefined variable: newKlList E:\www\www\tk\Work\Controller\WorkReportController.class.php 第 274 行.
NOTIC: [8] Undefined variable: newKlList E:\www\www\tk\Work\Controller\WorkReportController.class.php 第 275 行.
NOTIC: [8] Undefined variable: newKlList E:\www\www\tk\Work\Controller\WorkReportController.class.php 第 264 行.
NOTIC: [8] Undefined variable: newKlList E:\www\www\tk\Work\Controller\WorkReportController.class.php 第 265 行.
NOTIC: [8] Undefined variable: newKlList E:\www\www\tk\Work\Controller\WorkReportController.class.php 第 274 行.
NOTIC: [8] Undefined variable: newKlList E:\www\www\tk\Work\Controller\WorkReportController.class.php 第 275 行.
NOTIC: [8] Undefined variable: newKlList E:\www\www\tk\Work\Controller\WorkReportController.class.php 第 274 行.
NOTIC: [8] Undefined variable: newKlList E:\www\www\tk\Work\Controller\WorkReportController.class.php 第 275 行.
NOTIC: [8] Undefined variable: newKlList E:\www\www\tk\Work\Controller\WorkReportController.class.php 第 274 行.
NOTIC: [8] Undefined variable: newKlList E:\www\www\tk\Work\Controller\WorkReportController.class.php 第 275 行.
NOTIC: [8] Undefined variable: newKlList E:\www\www\tk\Work\Controller\WorkReportController.class.php 第 274 行.
NOTIC: [8] Undefined variable: newKlList E:\www\www\tk\Work\Controller\WorkReportController.class.php 第 275 行.
NOTIC: [8] Undefined variable: newKlList E:\www\www\tk\Work\Controller\WorkReportController.class.php 第 274 行.
NOTIC: [8] Undefined variable: newKlList E:\www\www\tk\Work\Controller\WorkReportController.class.php 第 275 行.
NOTIC: [8] Undefined variable: newKlList E:\www\www\tk\Work\Controller\WorkReportController.class.php 第 264 行.
NOTIC: [8] Undefined variable: newKlList E:\www\www\tk\Work\Controller\WorkReportController.class.php 第 265 行.
NOTIC: [8] Undefined variable: newKlList E:\www\www\tk\Work\Controller\WorkReportController.class.php 第 274 行.
NOTIC: [8] Undefined variable: newKlList E:\www\www\tk\Work\Controller\WorkReportController.class.php 第 275 行.
NOTIC: [8] Undefined variable: newKlList E:\www\www\tk\Work\Controller\WorkReportController.class.php 第 274 行.
NOTIC: [8] Undefined variable: newKlList E:\www\www\tk\Work\Controller\WorkReportController.class.php 第 275 行.
NOTIC: [8] Undefined variable: newKlList E:\www\www\tk\Work\Controller\WorkReportController.class.php 第 274 行.
NOTIC: [8] Undefined variable: newKlList E:\www\www\tk\Work\Controller\WorkReportController.class.php 第 275 行.
NOTIC: [8] Undefined variable: newKlList E:\www\www\tk\Work\Controller\WorkReportController.class.php 第 274 行.
NOTIC: [8] Undefined variable: newKlList E:\www\www\tk\Work\Controller\WorkReportController.class.php 第 275 行.
NOTIC: [8] Undefined variable: newKlList E:\www\www\tk\Work\Controller\WorkReportController.class.php 第 274 行.
NOTIC: [8] Undefined variable: newKlList E:\www\www\tk\Work\Controller\WorkReportController.class.php 第 275 行.
NOTIC: [8] Undefined variable: newKlList E:\www\www\tk\Work\Controller\WorkReportController.class.php 第 264 行.
NOTIC: [8] Undefined variable: newKlList E:\www\www\tk\Work\Controller\WorkReportController.class.php 第 265 行.
NOTIC: [8] Undefined variable: newKlList E:\www\www\tk\Work\Controller\WorkReportController.class.php 第 274 行.
NOTIC: [8] Undefined variable: newKlList E:\www\www\tk\Work\Controller\WorkReportController.class.php 第 275 行.
NOTIC: [8] Undefined variable: newKlList E:\www\www\tk\Work\Controller\WorkReportController.class.php 第 274 行.
NOTIC: [8] Undefined variable: newKlList E:\www\www\tk\Work\Controller\WorkReportController.class.php 第 275 行.
NOTIC: [8] Undefined variable: newKlList E:\www\www\tk\Work\Controller\WorkReportController.class.php 第 274 行.
NOTIC: [8] Undefined variable: newKlList E:\www\www\tk\Work\Controller\WorkReportController.class.php 第 275 行.
NOTIC: [8] Undefined variable: newKlList E:\www\www\tk\Work\Controller\WorkReportController.class.php 第 264 行.
NOTIC: [8] Undefined variable: newKlList E:\www\www\tk\Work\Controller\WorkReportController.class.php 第 265 行.
NOTIC: [8] Undefined variable: newKlList E:\www\www\tk\Work\Controller\WorkReportController.class.php 第 274 行.
NOTIC: [8] Undefined variable: newKlList E:\www\www\tk\Work\Controller\WorkReportController.class.php 第 275 行.
NOTIC: [8] Undefined variable: newKlList E:\www\www\tk\Work\Controller\WorkReportController.class.php 第 274 行.
NOTIC: [8] Undefined variable: newKlList E:\www\www\tk\Work\Controller\WorkReportController.class.php 第 275 行.
NOTIC: [8] Undefined variable: newKlList E:\www\www\tk\Work\Controller\WorkReportController.class.php 第 274 行.
NOTIC: [8] Undefined variable: newKlList E:\www\www\tk\Work\Controller\WorkReportController.class.php 第 275 行.
NOTIC: [8] Undefined variable: newKlList E:\www\www\tk\Work\Controller\WorkReportController.class.php 第 274 行.
NOTIC: [8] Undefined variable: newKlList E:\www\www\tk\Work\Controller\WorkReportController.class.php 第 275 行.
NOTIC: [8] Undefined variable: newKlList E:\www\www\tk\Work\Controller\WorkReportController.class.php 第 274 行.
NOTIC: [8] Undefined variable: newKlList E:\www\www\tk\Work\Controller\WorkReportController.class.php 第 275 行.
NOTIC: [8] Undefined variable: newKlList E:\www\www\tk\Work\Controller\WorkReportController.class.php 第 274 行.
NOTIC: [8] Undefined variable: newKlList E:\www\www\tk\Work\Controller\WorkReportController.class.php 第 275 行.
NOTIC: [8] Undefined variable: newKlList E:\www\www\tk\Work\Controller\WorkReportController.class.php 第 274 行.
NOTIC: [8] Undefined variable: newKlList E:\www\www\tk\Work\Controller\WorkReportController.class.php 第 275 行.
NOTIC: [8] Undefined variable: newKlList E:\www\www\tk\Work\Controller\WorkReportController.class.php 第 264 行.
NOTIC: [8] Undefined variable: newKlList E:\www\www\tk\Work\Controller\WorkReportController.class.php 第 265 行.
NOTIC: [8] Undefined variable: newKlList E:\www\www\tk\Work\Controller\WorkReportController.class.php 第 274 行.
NOTIC: [8] Undefined variable: newKlList E:\www\www\tk\Work\Controller\WorkReportController.class.php 第 275 行.
NOTIC: [8] Undefined variable: newKlList E:\www\www\tk\Work\Controller\WorkReportController.class.php 第 274 行.
NOTIC: [8] Undefined variable: newKlList E:\www\www\tk\Work\Controller\WorkReportController.class.php 第 275 行.
NOTIC: [8] Undefined variable: newKlList E:\www\www\tk\Work\Controller\WorkReportController.class.php 第 274 行.
NOTIC: [8] Undefined variable: newKlList E:\www\www\tk\Work\Controller\WorkReportController.class.php 第 275 行.
NOTIC: [8] Undefined variable: newKlList E:\www\www\tk\Work\Controller\WorkReportController.class.php 第 274 行.
NOTIC: [8] Undefined variable: newKlList E:\www\www\tk\Work\Controller\WorkReportController.class.php 第 275 行.
NOTIC: [8] Undefined variable: newKlList E:\www\www\tk\Work\Controller\WorkReportController.class.php 第 274 行.
NOTIC: [8] Undefined variable: newKlList E:\www\www\tk\Work\Controller\WorkReportController.class.php 第 275 行.
NOTIC: [8] Undefined variable: newKlList E:\www\www\tk\Work\Controller\WorkReportController.class.php 第 274 行.
NOTIC: [8] Undefined variable: newKlList E:\www\www\tk\Work\Controller\WorkReportController.class.php 第 275 行.
NOTIC: [8] Undefined variable: newKlList E:\www\www\tk\Work\Controller\WorkReportController.class.php 第 264 行.
NOTIC: [8] Undefined variable: newKlList E:\www\www\tk\Work\Controller\WorkReportController.class.php 第 265 行.
NOTIC: [8] Undefined index: sub E:\www\www\tk\Work\Controller\WorkReportController.class.php 第 271 行.

[ 2017-10-13T10:30:40+08:00 ] 115.60.62.97 /Work/MyClass/myClass.html
INFO: [ app_init ] --START--
INFO: Run Behavior\BuildLiteBehavior [ RunTime:0.000000s ]
INFO: [ app_init ] --END-- [ RunTime:0.000000s ]
NOTIC: [2] preg_match(): Unknown modifier 'f' E:\www\www\main\Library\Think\Route.class.php 第 58 行.
NOTIC: [2] preg_match(): Unknown modifier 'f' E:\www\www\main\Library\Think\Route.class.php 第 58 行.
INFO: [ app_begin ] --START--
INFO: Run Behavior\ReadHtmlCacheBehavior [ RunTime:0.000000s ]
INFO: [ app_begin ] --END-- [ RunTime:0.000000s ]
INFO: [ view_parse ] --START--
NOTIC: [2] file_get_contents(../tk/Work/View/Public/bottom.html): failed to open stream: No such file or directory E:\www\www\main\Library\Think\Template.class.php 第 696 行.
INFO: [ template_filter ] --START--
INFO: Run Behavior\ContentReplaceBehavior [ RunTime:0.000000s ]
INFO: [ template_filter ] --END-- [ RunTime:0.000000s ]
NOTIC: [8] Undefined variable: pageName E:\www\www\tk\Runtime\Cache\Work\2d7c2725d38ac0028449aa0982d84fe9.php 第 4 行.
INFO: Run Behavior\ParseTemplateBehavior [ RunTime:0.008790s ]
INFO: [ view_parse ] --END-- [ RunTime:0.008790s ]
INFO: [ view_filter ] --START--
INFO: Run Behavior\WriteHtmlCacheBehavior [ RunTime:0.000000s ]
INFO: Run Behavior\TokenBuildBehavior [ RunTime:0.000976s ]
INFO: [ view_filter ] --END-- [ RunTime:0.000976s ]
INFO: [ app_end ] --START--
INFO: Run Behavior\ShowPageTraceBehavior [ RunTime:0.000977s ]
INFO: [ app_end ] --END-- [ RunTime:0.000977s ]

[ 2017-10-13T10:30:40+08:00 ] 115.60.62.97 /Work/MyClass/getClassList.html
INFO: [ app_init ] --START--
INFO: Run Behavior\BuildLiteBehavior [ RunTime:0.000000s ]
INFO: [ app_init ] --END-- [ RunTime:0.000976s ]
NOTIC: [2] preg_match(): Unknown modifier 'f' E:\www\www\main\Library\Think\Route.class.php 第 58 行.
NOTIC: [2] preg_match(): Unknown modifier 'f' E:\www\www\main\Library\Think\Route.class.php 第 58 行.
INFO: [ app_begin ] --START--
INFO: Run Behavior\ReadHtmlCacheBehavior [ RunTime:0.000976s ]
INFO: [ app_begin ] --END-- [ RunTime:0.000976s ]

[ 2017-10-13T10:30:41+08:00 ] 115.60.62.97 /Work/MyClass/getClassInfo.html
INFO: [ app_init ] --START--
INFO: Run Behavior\BuildLiteBehavior [ RunTime:0.000000s ]
INFO: [ app_init ] --END-- [ RunTime:0.000000s ]
NOTIC: [2] preg_match(): Unknown modifier 'f' E:\www\www\main\Library\Think\Route.class.php 第 58 行.
NOTIC: [2] preg_match(): Unknown modifier 'f' E:\www\www\main\Library\Think\Route.class.php 第 58 行.
INFO: [ app_begin ] --START--
INFO: Run Behavior\ReadHtmlCacheBehavior [ RunTime:0.000977s ]
INFO: [ app_begin ] --END-- [ RunTime:0.000977s ]

[ 2017-10-13T10:30:43+08:00 ] 115.60.62.97 /Work/Work/addWork.html
INFO: [ app_init ] --START--
INFO: Run Behavior\BuildLiteBehavior [ RunTime:0.000000s ]
INFO: [ app_init ] --END-- [ RunTime:0.000000s ]
NOTIC: [2] preg_match(): Unknown modifier 'f' E:\www\www\main\Library\Think\Route.class.php 第 58 行.
NOTIC: [2] preg_match(): Unknown modifier 'f' E:\www\www\main\Library\Think\Route.class.php 第 58 行.
INFO: [ app_begin ] --START--
INFO: Run Behavior\ReadHtmlCacheBehavior [ RunTime:0.000000s ]
INFO: [ app_begin ] --END-- [ RunTime:0.000976s ]
NOTIC: [8] Undefined index: workStyle E:\www\www\tk\Work\Controller\WorkController.class.php 第 21 行.
INFO: [ view_parse ] --START--
NOTIC: [2] file_get_contents(../tk/Work/View/Public/bottom.html): failed to open stream: No such file or directory E:\www\www\main\Library\Think\Template.class.php 第 696 行.
INFO: [ template_filter ] --START--
INFO: Run Behavior\ContentReplaceBehavior [ RunTime:0.000000s ]
INFO: [ template_filter ] --END-- [ RunTime:0.000000s ]
INFO: Run Behavior\ParseTemplateBehavior [ RunTime:0.008789s ]
INFO: [ view_parse ] --END-- [ RunTime:0.008789s ]
INFO: [ view_filter ] --START--
INFO: Run Behavior\WriteHtmlCacheBehavior [ RunTime:0.000000s ]
INFO: Run Behavior\TokenBuildBehavior [ RunTime:0.000000s ]
INFO: [ view_filter ] --END-- [ RunTime:0.000977s ]
INFO: [ app_end ] --START--
INFO: Run Behavior\ShowPageTraceBehavior [ RunTime:0.000976s ]
INFO: [ app_end ] --END-- [ RunTime:0.000976s ]

[ 2017-10-13T10:30:44+08:00 ] 115.60.62.97 /Work/Work/getLeavedUserWork/workStyle/test.html
INFO: [ app_init ] --START--
INFO: Run Behavior\BuildLiteBehavior [ RunTime:0.000000s ]
INFO: [ app_init ] --END-- [ RunTime:0.000000s ]
NOTIC: [2] preg_match(): Unknown modifier 'f' E:\www\www\main\Library\Think\Route.class.php 第 58 行.
NOTIC: [2] preg_match(): Unknown modifier 'f' E:\www\www\main\Library\Think\Route.class.php 第 58 行.
INFO: [ app_begin ] --START--
INFO: Run Behavior\ReadHtmlCacheBehavior [ RunTime:0.000977s ]
INFO: [ app_begin ] --END-- [ RunTime:0.000977s ]
NOTIC: [2] Illegal string offset 'count' E:\www\www\tk\Work\Controller\WorkController.class.php 第 68 行.
NOTIC: [8] Uninitialized string offset: 0 E:\www\www\tk\Work\Controller\WorkController.class.php 第 68 行.

[ 2017-10-13T10:30:44+08:00 ] 115.60.62.97 /Work/MyClass/myClass.html
INFO: [ app_init ] --START--
INFO: Run Behavior\BuildLiteBehavior [ RunTime:0.000000s ]
INFO: [ app_init ] --END-- [ RunTime:0.000000s ]
NOTIC: [2] preg_match(): Unknown modifier 'f' E:\www\www\main\Library\Think\Route.class.php 第 58 行.
NOTIC: [2] preg_match(): Unknown modifier 'f' E:\www\www\main\Library\Think\Route.class.php 第 58 行.
INFO: [ app_begin ] --START--
INFO: Run Behavior\ReadHtmlCacheBehavior [ RunTime:0.000977s ]
INFO: [ app_begin ] --END-- [ RunTime:0.000977s ]
INFO: [ view_parse ] --START--
NOTIC: [2] file_get_contents(../tk/Work/View/Public/bottom.html): failed to open stream: No such file or directory E:\www\www\main\Library\Think\Template.class.php 第 696 行.
INFO: [ template_filter ] --START--
INFO: Run Behavior\ContentReplaceBehavior [ RunTime:0.000000s ]
INFO: [ template_filter ] --END-- [ RunTime:0.000976s ]
NOTIC: [8] Undefined variable: pageName E:\www\www\tk\Runtime\Cache\Work\2d7c2725d38ac0028449aa0982d84fe9.php 第 4 行.
INFO: Run Behavior\ParseTemplateBehavior [ RunTime:0.008790s ]
INFO: [ view_parse ] --END-- [ RunTime:0.008790s ]
INFO: [ view_filter ] --START--
INFO: Run Behavior\WriteHtmlCacheBehavior [ RunTime:0.000000s ]
INFO: Run Behavior\TokenBuildBehavior [ RunTime:0.000976s ]
INFO: [ view_filter ] --END-- [ RunTime:0.000976s ]
INFO: [ app_end ] --START--
INFO: Run Behavior\ShowPageTraceBehavior [ RunTime:0.000977s ]
INFO: [ app_end ] --END-- [ RunTime:0.000977s ]

[ 2017-10-13T10:30:44+08:00 ] 115.60.62.97 /Work/MyClass/getClassList.html
INFO: [ app_init ] --START--
INFO: Run Behavior\BuildLiteBehavior [ RunTime:0.000977s ]
INFO: [ app_init ] --END-- [ RunTime:0.000977s ]
NOTIC: [2] preg_match(): Unknown modifier 'f' E:\www\www\main\Library\Think\Route.class.php 第 58 行.
NOTIC: [2] preg_match(): Unknown modifier 'f' E:\www\www\main\Library\Think\Route.class.php 第 58 行.
INFO: [ app_begin ] --START--
INFO: Run Behavior\ReadHtmlCacheBehavior [ RunTime:0.000976s ]
INFO: [ app_begin ] --END-- [ RunTime:0.000976s ]

[ 2017-10-13T10:30:44+08:00 ] 115.60.62.97 /Work/MyClass/getClassInfo.html
INFO: [ app_init ] --START--
INFO: Run Behavior\BuildLiteBehavior [ RunTime:0.000000s ]
INFO: [ app_init ] --END-- [ RunTime:0.000977s ]
NOTIC: [2] preg_match(): Unknown modifier 'f' E:\www\www\main\Library\Think\Route.class.php 第 58 行.
NOTIC: [2] preg_match(): Unknown modifier 'f' E:\www\www\main\Library\Think\Route.class.php 第 58 行.
INFO: [ app_begin ] --START--
INFO: Run Behavior\ReadHtmlCacheBehavior [ RunTime:0.000976s ]
INFO: [ app_begin ] --END-- [ RunTime:0.000976s ]

[ 2017-10-13T10:30:50+08:00 ] 115.60.62.97 /Work/MyClass/getStudentList.html
INFO: [ app_init ] --START--
INFO: Run Behavior\BuildLiteBehavior [ RunTime:0.000000s ]
INFO: [ app_init ] --END-- [ RunTime:0.000000s ]
NOTIC: [2] preg_match(): Unknown modifier 'f' E:\www\www\main\Library\Think\Route.class.php 第 58 行.
NOTIC: [2] preg_match(): Unknown modifier 'f' E:\www\www\main\Library\Think\Route.class.php 第 58 行.
INFO: [ app_begin ] --START--
INFO: Run Behavior\ReadHtmlCacheBehavior [ RunTime:0.000000s ]
INFO: [ app_begin ] --END-- [ RunTime:0.000000s ]

[ 2017-10-13T10:30:53+08:00 ] 115.60.62.97 /Work/Work/addWork.html
INFO: [ app_init ] --START--
INFO: Run Behavior\BuildLiteBehavior [ RunTime:0.000000s ]
INFO: [ app_init ] --END-- [ RunTime:0.000977s ]
NOTIC: [2] preg_match(): Unknown modifier 'f' E:\www\www\main\Library\Think\Route.class.php 第 58 行.
NOTIC: [2] preg_match(): Unknown modifier 'f' E:\www\www\main\Library\Think\Route.class.php 第 58 行.
INFO: [ app_begin ] --START--
INFO: Run Behavior\ReadHtmlCacheBehavior [ RunTime:0.000000s ]
INFO: [ app_begin ] --END-- [ RunTime:0.000000s ]
NOTIC: [8] Undefined index: workStyle E:\www\www\tk\Work\Controller\WorkController.class.php 第 21 行.
INFO: [ view_parse ] --START--
NOTIC: [2] file_get_contents(../tk/Work/View/Public/bottom.html): failed to open stream: No such file or directory E:\www\www\main\Library\Think\Template.class.php 第 696 行.
INFO: [ template_filter ] --START--
INFO: Run Behavior\ContentReplaceBehavior [ RunTime:0.000000s ]
INFO: [ template_filter ] --END-- [ RunTime:0.000000s ]
INFO: Run Behavior\ParseTemplateBehavior [ RunTime:0.007813s ]
INFO: [ view_parse ] --END-- [ RunTime:0.007813s ]
INFO: [ view_filter ] --START--
INFO: Run Behavior\WriteHtmlCacheBehavior [ RunTime:0.000977s ]
INFO: Run Behavior\TokenBuildBehavior [ RunTime:0.000000s ]
INFO: [ view_filter ] --END-- [ RunTime:0.000977s ]
INFO: [ app_end ] --START--
INFO: Run Behavior\ShowPageTraceBehavior [ RunTime:0.000976s ]
INFO: [ app_end ] --END-- [ RunTime:0.000976s ]

[ 2017-10-13T10:30:53+08:00 ] 115.60.62.97 /Work/Work/getLeavedUserWork/workStyle/test.html
INFO: [ app_init ] --START--
INFO: Run Behavior\BuildLiteBehavior [ RunTime:0.000000s ]
INFO: [ app_init ] --END-- [ RunTime:0.000977s ]
NOTIC: [2] preg_match(): Unknown modifier 'f' E:\www\www\main\Library\Think\Route.class.php 第 58 行.
NOTIC: [2] preg_match(): Unknown modifier 'f' E:\www\www\main\Library\Think\Route.class.php 第 58 行.
INFO: [ app_begin ] --START--
INFO: Run Behavior\ReadHtmlCacheBehavior [ RunTime:0.000977s ]
INFO: [ app_begin ] --END-- [ RunTime:0.000977s ]
NOTIC: [2] Illegal string offset 'count' E:\www\www\tk\Work\Controller\WorkController.class.php 第 68 行.
NOTIC: [8] Uninitialized string offset: 0 E:\www\www\tk\Work\Controller\WorkController.class.php 第 68 行.

[ 2017-10-13T10:30:54+08:00 ] 115.60.62.97 /Work/Work/checkWork.html
INFO: [ app_init ] --START--
INFO: Run Behavior\BuildLiteBehavior [ RunTime:0.000000s ]
INFO: [ app_init ] --END-- [ RunTime:0.000000s ]
NOTIC: [2] preg_match(): Unknown modifier 'f' E:\www\www\main\Library\Think\Route.class.php 第 58 行.
NOTIC: [2] preg_match(): Unknown modifier 'f' E:\www\www\main\Library\Think\Route.class.php 第 58 行.
INFO: [ app_begin ] --START--
INFO: Run Behavior\ReadHtmlCacheBehavior [ RunTime:0.000000s ]
INFO: [ app_begin ] --END-- [ RunTime:0.000000s ]
NOTIC: [8] Undefined index: workStyle E:\www\www\tk\Work\Controller\WorkController.class.php 第 21 行.
NOTIC: [8] Undefined index: cid E:\www\www\tk\Work\Controller\WorkController.class.php 第 385 行.
INFO: [ view_parse ] --START--
INFO: [ template_filter ] --START--
INFO: Run Behavior\ContentReplaceBehavior [ RunTime:0.000000s ]
INFO: [ template_filter ] --END-- [ RunTime:0.000000s ]
INFO: Run Behavior\ParseTemplateBehavior [ RunTime:0.008790s ]
INFO: [ view_parse ] --END-- [ RunTime:0.008790s ]
INFO: [ view_filter ] --START--
INFO: Run Behavior\WriteHtmlCacheBehavior [ RunTime:0.000000s ]
INFO: Run Behavior\TokenBuildBehavior [ RunTime:0.000976s ]
INFO: [ view_filter ] --END-- [ RunTime:0.000976s ]
INFO: [ app_end ] --START--
INFO: Run Behavior\ShowPageTraceBehavior [ RunTime:0.000977s ]
INFO: [ app_end ] --END-- [ RunTime:0.000977s ]

[ 2017-10-13T10:30:55+08:00 ] 115.60.62.97 /Work/MyClass/getClassList.html
INFO: [ app_init ] --START--
INFO: Run Behavior\BuildLiteBehavior [ RunTime:0.000000s ]
INFO: [ app_init ] --END-- [ RunTime:0.000977s ]
NOTIC: [2] preg_match(): Unknown modifier 'f' E:\www\www\main\Library\Think\Route.class.php 第 58 行.
NOTIC: [2] preg_match(): Unknown modifier 'f' E:\www\www\main\Library\Think\Route.class.php 第 58 行.
INFO: [ app_begin ] --START--
INFO: Run Behavior\ReadHtmlCacheBehavior [ RunTime:0.000977s ]
INFO: [ app_begin ] --END-- [ RunTime:0.000977s ]

[ 2017-10-13T10:30:55+08:00 ] 115.60.62.97 /Work/Work/getAssignedWork/workStyle/test.html
INFO: [ app_init ] --START--
INFO: Run Behavior\BuildLiteBehavior [ RunTime:0.000000s ]
INFO: [ app_init ] --END-- [ RunTime:0.000000s ]
NOTIC: [2] preg_match(): Unknown modifier 'f' E:\www\www\main\Library\Think\Route.class.php 第 58 行.
NOTIC: [2] preg_match(): Unknown modifier 'f' E:\www\www\main\Library\Think\Route.class.php 第 58 行.
INFO: [ app_begin ] --START--
INFO: Run Behavior\ReadHtmlCacheBehavior [ RunTime:0.000976s ]
INFO: [ app_begin ] --END-- [ RunTime:0.000976s ]

[ 2017-10-13T10:32:37+08:00 ] 115.60.62.97 /Work/WorkReport/classIndex.html
INFO: [ app_init ] --START--
INFO: Run Behavior\BuildLiteBehavior [ RunTime:0.000000s ]
INFO: [ app_init ] --END-- [ RunTime:0.000000s ]
NOTIC: [2] preg_match(): Unknown modifier 'f' E:\www\www\main\Library\Think\Route.class.php 第 58 行.
NOTIC: [2] preg_match(): Unknown modifier 'f' E:\www\www\main\Library\Think\Route.class.php 第 58 行.
INFO: [ app_begin ] --START--
INFO: Run Behavior\ReadHtmlCacheBehavior [ RunTime:0.000977s ]
INFO: [ app_begin ] --END-- [ RunTime:0.000977s ]
NOTIC: [8] Undefined index: cid E:\www\www\tk\Work\Controller\WorkReportController.class.php 第 18 行.
INFO: [ view_parse ] --START--
NOTIC: [2] file_get_contents(../tk/Work/View/Public/bottom.html): failed to open stream: No such file or directory E:\www\www\main\Library\Think\Template.class.php 第 696 行.
INFO: [ template_filter ] --START--
INFO: Run Behavior\ContentReplaceBehavior [ RunTime:0.000000s ]
INFO: [ template_filter ] --END-- [ RunTime:0.000000s ]
NOTIC: [8] Undefined variable: pageName E:\www\www\tk\Runtime\Cache\Work\ad91b1e8e0b2bc9c02cab130fa450b5c.php 第 4 行.
INFO: Run Behavior\ParseTemplateBehavior [ RunTime:0.009766s ]
INFO: [ view_parse ] --END-- [ RunTime:0.009766s ]
INFO: [ view_filter ] --START--
INFO: Run Behavior\WriteHtmlCacheBehavior [ RunTime:0.000000s ]
INFO: Run Behavior\TokenBuildBehavior [ RunTime:0.000976s ]
INFO: [ view_filter ] --END-- [ RunTime:0.000976s ]
INFO: [ app_end ] --START--
INFO: Run Behavior\ShowPageTraceBehavior [ RunTime:0.000977s ]
INFO: [ app_end ] --END-- [ RunTime:0.000977s ]

[ 2017-10-13T10:32:37+08:00 ] 115.60.62.97 /Work/MyClass/getClassList.html
INFO: [ app_init ] --START--
INFO: Run Behavior\BuildLiteBehavior [ RunTime:0.000000s ]
INFO: [ app_init ] --END-- [ RunTime:0.000976s ]
NOTIC: [2] preg_match(): Unknown modifier 'f' E:\www\www\main\Library\Think\Route.class.php 第 58 行.
NOTIC: [2] preg_match(): Unknown modifier 'f' E:\www\www\main\Library\Think\Route.class.php 第 58 行.
INFO: [ app_begin ] --START--
INFO: Run Behavior\ReadHtmlCacheBehavior [ RunTime:0.000976s ]
INFO: [ app_begin ] --END-- [ RunTime:0.000976s ]

[ 2017-10-13T10:32:37+08:00 ] 115.60.62.97 /Work/WorkReport/classIndexData.html
INFO: [ app_init ] --START--
INFO: Run Behavior\BuildLiteBehavior [ RunTime:0.000000s ]
INFO: [ app_init ] --END-- [ RunTime:0.000000s ]
NOTIC: [2] preg_match(): Unknown modifier 'f' E:\www\www\main\Library\Think\Route.class.php 第 58 行.
NOTIC: [2] preg_match(): Unknown modifier 'f' E:\www\www\main\Library\Think\Route.class.php 第 58 行.
INFO: [ app_begin ] --START--
INFO: Run Behavior\ReadHtmlCacheBehavior [ RunTime:0.000000s ]
INFO: [ app_begin ] --END-- [ RunTime:0.000000s ]
NOTIC: [8] Undefined variable: pID E:\www\www\tk\Common\Model\ApiCacheModel.class.php 第 1094 行.
NOTIC: [2] array_reverse() expects parameter 1 to be array, null given E:\www\www\tk\Work\Controller\WorkReportController.class.php 第 100 行.
NOTIC: [2] Invalid argument supplied for foreach() E:\www\www\tk\Work\Controller\WorkReportController.class.php 第 103 行.

[ 2017-10-13T10:32:41+08:00 ] 115.60.62.97 /Work/WorkReport/classExerciseIndex.html
INFO: [ app_init ] --START--
INFO: Run Behavior\BuildLiteBehavior [ RunTime:0.000000s ]
INFO: [ app_init ] --END-- [ RunTime:0.000000s ]
NOTIC: [2] preg_match(): Unknown modifier 'f' E:\www\www\main\Library\Think\Route.class.php 第 58 行.
NOTIC: [2] preg_match(): Unknown modifier 'f' E:\www\www\main\Library\Think\Route.class.php 第 58 行.
INFO: [ app_begin ] --START--
INFO: Run Behavior\ReadHtmlCacheBehavior [ RunTime:0.000000s ]
INFO: [ app_begin ] --END-- [ RunTime:0.000000s ]
INFO: [ view_parse ] --START--
NOTIC: [2] file_get_contents(../tk/Work/View/Public/bottom.html): failed to open stream: No such file or directory E:\www\www\main\Library\Think\Template.class.php 第 696 行.
INFO: [ template_filter ] --START--
INFO: Run Behavior\ContentReplaceBehavior [ RunTime:0.000000s ]
INFO: [ template_filter ] --END-- [ RunTime:0.000000s ]
NOTIC: [8] Undefined variable: pageName E:\www\www\tk\Runtime\Cache\Work\3587a3d16ed3e00dd905c965951019d5.php 第 4 行.
INFO: Run Behavior\ParseTemplateBehavior [ RunTime:0.010742s ]
INFO: [ view_parse ] --END-- [ RunTime:0.010742s ]
INFO: [ view_filter ] --START--
INFO: Run Behavior\WriteHtmlCacheBehavior [ RunTime:0.000000s ]
INFO: Run Behavior\TokenBuildBehavior [ RunTime:0.000977s ]
INFO: [ view_filter ] --END-- [ RunTime:0.000977s ]
INFO: [ app_end ] --START--
INFO: Run Behavior\ShowPageTraceBehavior [ RunTime:0.000000s ]
INFO: [ app_end ] --END-- [ RunTime:0.000000s ]

[ 2017-10-13T10:32:41+08:00 ] 115.60.62.97 /Work/MyClass/getClassList.html
INFO: [ app_init ] --START--
INFO: Run Behavior\BuildLiteBehavior [ RunTime:0.000000s ]
INFO: [ app_init ] --END-- [ RunTime:0.000000s ]
NOTIC: [2] preg_match(): Unknown modifier 'f' E:\www\www\main\Library\Think\Route.class.php 第 58 行.
NOTIC: [2] preg_match(): Unknown modifier 'f' E:\www\www\main\Library\Think\Route.class.php 第 58 行.
INFO: [ app_begin ] --START--
INFO: Run Behavior\ReadHtmlCacheBehavior [ RunTime:0.000000s ]
INFO: [ app_begin ] --END-- [ RunTime:0.000000s ]

[ 2017-10-13T10:32:41+08:00 ] 115.60.62.97 /Work/WorkReport/classExerciseData.html
INFO: [ app_init ] --START--
INFO: Run Behavior\BuildLiteBehavior [ RunTime:0.000000s ]
INFO: [ app_init ] --END-- [ RunTime:0.000000s ]
NOTIC: [2] preg_match(): Unknown modifier 'f' E:\www\www\main\Library\Think\Route.class.php 第 58 行.
NOTIC: [2] preg_match(): Unknown modifier 'f' E:\www\www\main\Library\Think\Route.class.php 第 58 行.
INFO: [ app_begin ] --START--
INFO: Run Behavior\ReadHtmlCacheBehavior [ RunTime:0.000000s ]
INFO: [ app_begin ] --END-- [ RunTime:0.000000s ]

[ 2017-10-13T10:32:43+08:00 ] 115.60.62.97 /Work/WorkReport/studentExercise.html
INFO: [ app_init ] --START--
INFO: Run Behavior\BuildLiteBehavior [ RunTime:0.000000s ]
INFO: [ app_init ] --END-- [ RunTime:0.000000s ]
NOTIC: [2] preg_match(): Unknown modifier 'f' E:\www\www\main\Library\Think\Route.class.php 第 58 行.
NOTIC: [2] preg_match(): Unknown modifier 'f' E:\www\www\main\Library\Think\Route.class.php 第 58 行.
INFO: [ app_begin ] --START--
INFO: Run Behavior\ReadHtmlCacheBehavior [ RunTime:0.000000s ]
INFO: [ app_begin ] --END-- [ RunTime:0.000000s ]

[ 2017-10-13T10:32:44+08:00 ] 115.60.62.97 /Work/WorkReport/studentExercise.html
INFO: [ app_init ] --START--
INFO: Run Behavior\BuildLiteBehavior [ RunTime:0.000000s ]
INFO: [ app_init ] --END-- [ RunTime:0.000000s ]
NOTIC: [2] preg_match(): Unknown modifier 'f' E:\www\www\main\Library\Think\Route.class.php 第 58 行.
NOTIC: [2] preg_match(): Unknown modifier 'f' E:\www\www\main\Library\Think\Route.class.php 第 58 行.
INFO: [ app_begin ] --START--
INFO: Run Behavior\ReadHtmlCacheBehavior [ RunTime:0.000000s ]
INFO: [ app_begin ] --END-- [ RunTime:0.000977s ]

[ 2017-10-13T17:49:22+08:00 ] 115.60.62.97 /Work/WorkReport/classIndex.html
INFO: [ app_init ] --START--
INFO: Run Behavior\BuildLiteBehavior [ RunTime:0.000000s ]
INFO: [ app_init ] --END-- [ RunTime:0.000000s ]
NOTIC: [2] preg_match(): Unknown modifier 'f' E:\www\www\main\Library\Think\Route.class.php 第 58 行.
NOTIC: [2] preg_match(): Unknown modifier 'f' E:\www\www\main\Library\Think\Route.class.php 第 58 行.
INFO: [ app_begin ] --START--
INFO: Run Behavior\ReadHtmlCacheBehavior [ RunTime:0.000976s ]
INFO: [ app_begin ] --END-- [ RunTime:0.000976s ]
NOTIC: [8] Undefined index: cid E:\www\www\tk\Work\Controller\WorkReportController.class.php 第 18 行.
INFO: [ view_parse ] --START--
NOTIC: [2] file_get_contents(../tk/Work/View/Public/bottom.html): failed to open stream: No such file or directory E:\www\www\main\Library\Think\Template.class.php 第 696 行.
INFO: [ template_filter ] --START--
INFO: Run Behavior\ContentReplaceBehavior [ RunTime:0.000000s ]
INFO: [ template_filter ] --END-- [ RunTime:0.000977s ]
NOTIC: [8] Undefined variable: pageName E:\www\www\tk\Runtime\Cache\Work\ad91b1e8e0b2bc9c02cab130fa450b5c.php 第 4 行.
INFO: Run Behavior\ParseTemplateBehavior [ RunTime:0.009766s ]
INFO: [ view_parse ] --END-- [ RunTime:0.009766s ]
INFO: [ view_filter ] --START--
INFO: Run Behavior\WriteHtmlCacheBehavior [ RunTime:0.000000s ]
INFO: Run Behavior\TokenBuildBehavior [ RunTime:0.000977s ]
INFO: [ view_filter ] --END-- [ RunTime:0.000977s ]
INFO: [ app_end ] --START--
INFO: Run Behavior\ShowPageTraceBehavior [ RunTime:0.000000s ]
INFO: [ app_end ] --END-- [ RunTime:0.000000s ]

[ 2017-10-13T17:49:22+08:00 ] 115.60.62.97 /Work/MyClass/getClassList.html
INFO: [ app_init ] --START--
INFO: Run Behavior\BuildLiteBehavior [ RunTime:0.000000s ]
INFO: [ app_init ] --END-- [ RunTime:0.000000s ]
NOTIC: [2] preg_match(): Unknown modifier 'f' E:\www\www\main\Library\Think\Route.class.php 第 58 行.
NOTIC: [2] preg_match(): Unknown modifier 'f' E:\www\www\main\Library\Think\Route.class.php 第 58 行.
INFO: [ app_begin ] --START--
INFO: Run Behavior\ReadHtmlCacheBehavior [ RunTime:0.000977s ]
INFO: [ app_begin ] --END-- [ RunTime:0.000977s ]

[ 2017-10-13T17:49:27+08:00 ] 115.60.62.97 /Work/MyClass/myClass.html
INFO: [ app_init ] --START--
INFO: Run Behavior\BuildLiteBehavior [ RunTime:0.000000s ]
INFO: [ app_init ] --END-- [ RunTime:0.000976s ]
NOTIC: [2] preg_match(): Unknown modifier 'f' E:\www\www\main\Library\Think\Route.class.php 第 58 行.
NOTIC: [2] preg_match(): Unknown modifier 'f' E:\www\www\main\Library\Think\Route.class.php 第 58 行.
INFO: [ app_begin ] --START--
INFO: Run Behavior\ReadHtmlCacheBehavior [ RunTime:0.000977s ]
INFO: [ app_begin ] --END-- [ RunTime:0.000977s ]
INFO: [ view_parse ] --START--
NOTIC: [2] file_get_contents(../tk/Work/View/Public/bottom.html): failed to open stream: No such file or directory E:\www\www\main\Library\Think\Template.class.php 第 696 行.
INFO: [ template_filter ] --START--
INFO: Run Behavior\ContentReplaceBehavior [ RunTime:0.000000s ]
INFO: [ template_filter ] --END-- [ RunTime:0.000976s ]
NOTIC: [8] Undefined variable: pageName E:\www\www\tk\Runtime\Cache\Work\2d7c2725d38ac0028449aa0982d84fe9.php 第 4 行.
INFO: Run Behavior\ParseTemplateBehavior [ RunTime:0.008789s ]
INFO: [ view_parse ] --END-- [ RunTime:0.008789s ]
INFO: [ view_filter ] --START--
INFO: Run Behavior\WriteHtmlCacheBehavior [ RunTime:0.000000s ]
INFO: Run Behavior\TokenBuildBehavior [ RunTime:0.000977s ]
INFO: [ view_filter ] --END-- [ RunTime:0.000977s ]
INFO: [ app_end ] --START--
INFO: Run Behavior\ShowPageTraceBehavior [ RunTime:0.000976s ]
INFO: [ app_end ] --END-- [ RunTime:0.000976s ]

[ 2017-10-13T17:49:27+08:00 ] 115.60.62.97 /Work/MyClass/getClassList.html
INFO: [ app_init ] --START--
INFO: Run Behavior\BuildLiteBehavior [ RunTime:0.000000s ]
INFO: [ app_init ] --END-- [ RunTime:0.000000s ]
NOTIC: [2] preg_match(): Unknown modifier 'f' E:\www\www\main\Library\Think\Route.class.php 第 58 行.
NOTIC: [2] preg_match(): Unknown modifier 'f' E:\www\www\main\Library\Think\Route.class.php 第 58 行.
INFO: [ app_begin ] --START--
INFO: Run Behavior\ReadHtmlCacheBehavior [ RunTime:0.000976s ]
INFO: [ app_begin ] --END-- [ RunTime:0.000976s ]

