[ 2017-09-27T11:44:27+08:00 ] 115.60.59.207 /Guide/CaseMyLore/index.html
INFO: [ app_init ] --START--
INFO: Run Behavior\BuildLiteBehavior [ RunTime:0.000000s ]
INFO: [ app_init ] --END-- [ RunTime:0.000000s ]
NOTIC: [2] preg_match(): Unknown modifier 'f' E:\www\www\main\Library\Think\Route.class.php 第 58 行.
NOTIC: [2] preg_match(): Unknown modifier 'f' E:\www\www\main\Library\Think\Route.class.php 第 58 行.
INFO: [ app_begin ] --START--
INFO: Run Behavior\ReadHtmlCacheBehavior [ RunTime:0.000976s ]
INFO: [ app_begin ] --END-- [ RunTime:0.000976s ]
NOTIC: [8] Undefined index: Manage E:\www\www\tk\Common\Controller\SystemLayerController.class.php 第 24 行.
NOTIC: [8] Undefined index: Manage E:\www\www\tk\Common\Controller\DefaultController.class.php 第 24 行.
NOTIC: [8] Undefined index: UserName E:\www\www\tk\Guide\Model\CaseCustomLoreModel.class.php 第 107 行.
NOTIC: [8] Undefined index: chapterid E:\www\www\tk\Guide\Model\CaseCustomLoreModel.class.php 第 110 行.
ERR: 1064:You have an error in your SQL syntax; check the manual that corresponds to your MySQL server version for the right syntax to use near '' at line 1
 [ SQL语句 ] : SELECT COUNT(`lore`.LoreID) as total FROM zj_case_custom_lore `lore` LEFT JOIN zj_case_custom_lore_attr `attr` ON `attr`.LoreID=`lore`.LoreID LEFT JOIN zj_case_menu `menu` ON `menu`.MenuID=`attr`.MenuID WHERE `attr`.SubjectID=
ERR: 1064:You have an error in your SQL syntax; check the manual that corresponds to your MySQL server version for the right syntax to use near 'ORDER BY AddTime DESC LIMIT 0,20' at line 1
 [ SQL语句 ] : SELECT `lore`.LoreID,Lore,Answer,`attr`.SubjectID,ChapterID,`attr`.MenuID,AddTime,ForumID FROM zj_case_custom_lore `lore` LEFT JOIN zj_case_custom_lore_attr `attr` ON `attr`.LoreID=`lore`.LoreID LEFT JOIN zj_case_menu `menu` ON `menu`.MenuID=`attr`.MenuID WHERE `attr`.SubjectID= ORDER BY AddTime DESC LIMIT 0,20
NOTIC: [8] Undefined index:  E:\www\www\tk\Common\Model\ApiCacheModel.class.php 第 170 行.
NOTIC: [2] Invalid argument supplied for foreach() E:\www\www\tk\Guide\Manage\CaseMyLoreManage.class.php 第 153 行.
NOTIC: [2] Missing argument 3 for WLNPage::init() E:\www\www\tk\Common\Tool\WLNPage.class.php 第 50 行.
NOTIC: [8] Undefined variable: thirdPram E:\www\www\tk\Common\Tool\WLNPage.class.php 第 51 行.
NOTIC: [2] array_merge(): Argument #2 is not an array E:\www\www\tk\Common\Tool\WLNPage.class.php 第 51 行.
NOTIC: [2] extract() expects parameter 1 to be array, null given E:\www\www\tk\Common\Tool\WLNPage.class.php 第 52 行.
NOTIC: [8] Undefined variable: parameter E:\www\www\tk\Common\Tool\WLNPage.class.php 第 54 行.
NOTIC: [8] Undefined index: phone E:\www\www\tk\Common\Tool\WLNPage.class.php 第 63 行.
NOTIC: [8] Undefined variable: type E:\www\www\tk\Common\Tool\WLNPage.class.php 第 88 行.
NOTIC: [8] Undefined variable: type E:\www\www\tk\Common\Tool\WLNPage.class.php 第 89 行.
INFO: [ view_parse ] --START--
NOTIC: [8] Undefined index: class E:\www\www\main\Library\Think\Template\TagLib\Html.class.php 第 78 行.
NOTIC: [8] Undefined index: class E:\www\www\main\Library\Think\Template\TagLib\Html.class.php 第 78 行.
INFO: [ template_filter ] --START--
INFO: Run Behavior\ContentReplaceBehavior [ RunTime:0.000000s ]
INFO: [ template_filter ] --END-- [ RunTime:0.000000s ]
NOTIC: [8] Undefined index: name E:\www\www\tk\Runtime\Cache\Guide\a494b03b593c54d9c1d1250b9bbdeea8.php 第 55 行.
NOTIC: [8] Undefined index: TestID E:\www\www\tk\Runtime\Cache\Guide\a494b03b593c54d9c1d1250b9bbdeea8.php 第 66 行.
INFO: Run Behavior\ParseTemplateBehavior [ RunTime:0.014649s ]
INFO: [ view_parse ] --END-- [ RunTime:0.014649s ]
INFO: [ view_filter ] --START--
INFO: Run Behavior\WriteHtmlCacheBehavior [ RunTime:0.000977s ]
INFO: Run Behavior\TokenBuildBehavior [ RunTime:0.000976s ]
INFO: [ view_filter ] --END-- [ RunTime:0.001953s ]
INFO: [ app_end ] --START--
INFO: Run Behavior\ShowPageTraceBehavior [ RunTime:0.000977s ]
INFO: [ app_end ] --END-- [ RunTime:0.000977s ]

[ 2017-09-27T11:44:28+08:00 ] 115.60.59.207 /Guide/CaseAnnounce/index.html
INFO: [ app_init ] --START--
INFO: Run Behavior\BuildLiteBehavior [ RunTime:0.000000s ]
INFO: [ app_init ] --END-- [ RunTime:0.000977s ]
NOTIC: [2] preg_match(): Unknown modifier 'f' E:\www\www\main\Library\Think\Route.class.php 第 58 行.
NOTIC: [2] preg_match(): Unknown modifier 'f' E:\www\www\main\Library\Think\Route.class.php 第 58 行.
INFO: [ app_begin ] --START--
INFO: Run Behavior\ReadHtmlCacheBehavior [ RunTime:0.000976s ]
INFO: [ app_begin ] --END-- [ RunTime:0.000976s ]
NOTIC: [8] Undefined index: Manage E:\www\www\tk\Common\Controller\SystemLayerController.class.php 第 24 行.
NOTIC: [8] Undefined index: Manage E:\www\www\tk\Common\Controller\DefaultController.class.php 第 24 行.
NOTIC: [8] Undefined index: name E:\www\www\tk\Guide\Manage\CaseAnnounceManage.class.php 第 24 行.
NOTIC: [8] Undefined index: SubjectID E:\www\www\tk\Guide\Manage\CaseAnnounceManage.class.php 第 30 行.
NOTIC: [8] Undefined index: UserName E:\www\www\tk\Guide\Manage\CaseAnnounceManage.class.php 第 39 行.
NOTIC: [8] Undefined index: p E:\www\www\tk\Guide\Manage\CaseAnnounceManage.class.php 第 50 行.
NOTIC: [2] Missing argument 3 for WLNPage::init() E:\www\www\tk\Common\Tool\WLNPage.class.php 第 50 行.
NOTIC: [8] Undefined variable: thirdPram E:\www\www\tk\Common\Tool\WLNPage.class.php 第 51 行.
NOTIC: [2] array_merge(): Argument #2 is not an array E:\www\www\tk\Common\Tool\WLNPage.class.php 第 51 行.
NOTIC: [2] extract() expects parameter 1 to be array, null given E:\www\www\tk\Common\Tool\WLNPage.class.php 第 52 行.
NOTIC: [8] Undefined variable: parameter E:\www\www\tk\Common\Tool\WLNPage.class.php 第 54 行.
NOTIC: [8] Undefined index: phone E:\www\www\tk\Common\Tool\WLNPage.class.php 第 63 行.
NOTIC: [8] Undefined variable: type E:\www\www\tk\Common\Tool\WLNPage.class.php 第 88 行.
NOTIC: [8] Undefined variable: type E:\www\www\tk\Common\Tool\WLNPage.class.php 第 89 行.
INFO: [ view_parse ] --START--
NOTIC: [8] Undefined index: class E:\www\www\main\Library\Think\Template\TagLib\Html.class.php 第 78 行.
NOTIC: [8] Undefined index: class E:\www\www\main\Library\Think\Template\TagLib\Html.class.php 第 78 行.
INFO: [ template_filter ] --START--
INFO: Run Behavior\ContentReplaceBehavior [ RunTime:0.000000s ]
INFO: [ template_filter ] --END-- [ RunTime:0.000000s ]
NOTIC: [8] Undefined index: name E:\www\www\tk\Runtime\Cache\Guide\b9318905d298c38c8aca654a59cf94b3.php 第 44 行.
NOTIC: [8] Undefined variable: edit E:\www\www\tk\Runtime\Cache\Guide\b9318905d298c38c8aca654a59cf94b3.php 第 56 行.
NOTIC: [8] Undefined variable: edit E:\www\www\tk\Runtime\Cache\Guide\b9318905d298c38c8aca654a59cf94b3.php 第 56 行.
NOTIC: [8] Undefined variable: edit E:\www\www\tk\Runtime\Cache\Guide\b9318905d298c38c8aca654a59cf94b3.php 第 56 行.
NOTIC: [8] Undefined variable: edit E:\www\www\tk\Runtime\Cache\Guide\b9318905d298c38c8aca654a59cf94b3.php 第 56 行.
NOTIC: [8] Undefined variable: edit E:\www\www\tk\Runtime\Cache\Guide\b9318905d298c38c8aca654a59cf94b3.php 第 56 行.
NOTIC: [8] Undefined variable: edit E:\www\www\tk\Runtime\Cache\Guide\b9318905d298c38c8aca654a59cf94b3.php 第 56 行.
NOTIC: [8] Undefined variable: edit E:\www\www\tk\Runtime\Cache\Guide\b9318905d298c38c8aca654a59cf94b3.php 第 56 行.
NOTIC: [8] Undefined variable: edit E:\www\www\tk\Runtime\Cache\Guide\b9318905d298c38c8aca654a59cf94b3.php 第 56 行.
NOTIC: [8] Undefined variable: edit E:\www\www\tk\Runtime\Cache\Guide\b9318905d298c38c8aca654a59cf94b3.php 第 56 行.
NOTIC: [8] Undefined variable: edit E:\www\www\tk\Runtime\Cache\Guide\b9318905d298c38c8aca654a59cf94b3.php 第 56 行.
NOTIC: [8] Undefined variable: edit E:\www\www\tk\Runtime\Cache\Guide\b9318905d298c38c8aca654a59cf94b3.php 第 56 行.
NOTIC: [8] Undefined variable: edit E:\www\www\tk\Runtime\Cache\Guide\b9318905d298c38c8aca654a59cf94b3.php 第 56 行.
NOTIC: [8] Undefined variable: edit E:\www\www\tk\Runtime\Cache\Guide\b9318905d298c38c8aca654a59cf94b3.php 第 56 行.
NOTIC: [8] Undefined variable: edit E:\www\www\tk\Runtime\Cache\Guide\b9318905d298c38c8aca654a59cf94b3.php 第 56 行.
NOTIC: [8] Undefined variable: edit E:\www\www\tk\Runtime\Cache\Guide\b9318905d298c38c8aca654a59cf94b3.php 第 56 行.
NOTIC: [8] Undefined variable: edit E:\www\www\tk\Runtime\Cache\Guide\b9318905d298c38c8aca654a59cf94b3.php 第 56 行.
NOTIC: [8] Undefined variable: edit E:\www\www\tk\Runtime\Cache\Guide\b9318905d298c38c8aca654a59cf94b3.php 第 56 行.
NOTIC: [8] Undefined variable: edit E:\www\www\tk\Runtime\Cache\Guide\b9318905d298c38c8aca654a59cf94b3.php 第 56 行.
NOTIC: [8] Undefined variable: edit E:\www\www\tk\Runtime\Cache\Guide\b9318905d298c38c8aca654a59cf94b3.php 第 56 行.
NOTIC: [8] Undefined variable: edit E:\www\www\tk\Runtime\Cache\Guide\b9318905d298c38c8aca654a59cf94b3.php 第 56 行.
NOTIC: [8] Undefined variable: edit E:\www\www\tk\Runtime\Cache\Guide\b9318905d298c38c8aca654a59cf94b3.php 第 56 行.
NOTIC: [8] Undefined variable: edit E:\www\www\tk\Runtime\Cache\Guide\b9318905d298c38c8aca654a59cf94b3.php 第 56 行.
NOTIC: [8] Undefined variable: edit E:\www\www\tk\Runtime\Cache\Guide\b9318905d298c38c8aca654a59cf94b3.php 第 56 行.
NOTIC: [8] Undefined variable: edit E:\www\www\tk\Runtime\Cache\Guide\b9318905d298c38c8aca654a59cf94b3.php 第 56 行.
NOTIC: [8] Undefined variable: edit E:\www\www\tk\Runtime\Cache\Guide\b9318905d298c38c8aca654a59cf94b3.php 第 56 行.
INFO: Run Behavior\ParseTemplateBehavior [ RunTime:0.018555s ]
INFO: [ view_parse ] --END-- [ RunTime:0.018555s ]
INFO: [ view_filter ] --START--
INFO: Run Behavior\WriteHtmlCacheBehavior [ RunTime:0.000000s ]
INFO: Run Behavior\TokenBuildBehavior [ RunTime:0.000977s ]
INFO: [ view_filter ] --END-- [ RunTime:0.000977s ]
INFO: [ app_end ] --START--
INFO: Run Behavior\ShowPageTraceBehavior [ RunTime:0.000976s ]
INFO: [ app_end ] --END-- [ RunTime:0.000976s ]

[ 2017-09-27T11:44:29+08:00 ] 115.60.59.207 /Guide/CaseLoreDocLabel/index.html
INFO: [ app_init ] --START--
INFO: Run Behavior\BuildLiteBehavior [ RunTime:0.000000s ]
INFO: [ app_init ] --END-- [ RunTime:0.000977s ]
NOTIC: [2] preg_match(): Unknown modifier 'f' E:\www\www\main\Library\Think\Route.class.php 第 58 行.
NOTIC: [2] preg_match(): Unknown modifier 'f' E:\www\www\main\Library\Think\Route.class.php 第 58 行.
INFO: [ app_begin ] --START--
INFO: Run Behavior\ReadHtmlCacheBehavior [ RunTime:0.000977s ]
INFO: [ app_begin ] --END-- [ RunTime:0.000977s ]
NOTIC: [8] Undefined index: Manage E:\www\www\tk\Common\Controller\SystemLayerController.class.php 第 24 行.
NOTIC: [8] Undefined index: Manage E:\www\www\tk\Common\Controller\DefaultController.class.php 第 24 行.
INFO: [ view_parse ] --START--
INFO: [ template_filter ] --START--
INFO: Run Behavior\ContentReplaceBehavior [ RunTime:0.000000s ]
INFO: [ template_filter ] --END-- [ RunTime:0.000000s ]
INFO: Run Behavior\ParseTemplateBehavior [ RunTime:0.010743s ]
INFO: [ view_parse ] --END-- [ RunTime:0.010743s ]
INFO: [ view_filter ] --START--
INFO: Run Behavior\WriteHtmlCacheBehavior [ RunTime:0.000000s ]
INFO: Run Behavior\TokenBuildBehavior [ RunTime:0.000976s ]
INFO: [ view_filter ] --END-- [ RunTime:0.000976s ]
INFO: [ app_end ] --START--
INFO: Run Behavior\ShowPageTraceBehavior [ RunTime:0.000977s ]
INFO: [ app_end ] --END-- [ RunTime:0.000977s ]

[ 2017-09-27T11:44:30+08:00 ] 115.60.59.207 /Guide/CaseMenu/index.html
INFO: [ app_init ] --START--
INFO: Run Behavior\BuildLiteBehavior [ RunTime:0.000000s ]
INFO: [ app_init ] --END-- [ RunTime:0.000000s ]
NOTIC: [2] preg_match(): Unknown modifier 'f' E:\www\www\main\Library\Think\Route.class.php 第 58 行.
NOTIC: [2] preg_match(): Unknown modifier 'f' E:\www\www\main\Library\Think\Route.class.php 第 58 行.
INFO: [ app_begin ] --START--
INFO: Run Behavior\ReadHtmlCacheBehavior [ RunTime:0.000977s ]
INFO: [ app_begin ] --END-- [ RunTime:0.000977s ]
NOTIC: [8] Undefined index: Manage E:\www\www\tk\Common\Controller\SystemLayerController.class.php 第 24 行.
NOTIC: [8] Undefined index: Manage E:\www\www\tk\Common\Controller\DefaultController.class.php 第 24 行.
NOTIC: [8] Undefined index: name E:\www\www\tk\Guide\Manage\CaseMenuManage.class.php 第 23 行.
NOTIC: [8] Undefined index: SubjectID E:\www\www\tk\Guide\Manage\CaseMenuManage.class.php 第 29 行.
NOTIC: [8] Undefined index: ForumID E:\www\www\tk\Guide\Manage\CaseMenuManage.class.php 第 38 行.
NOTIC: [8] Undefined index: p E:\www\www\tk\Guide\Manage\CaseMenuManage.class.php 第 50 行.
NOTIC: [2] Missing argument 3 for WLNPage::init() E:\www\www\tk\Common\Tool\WLNPage.class.php 第 50 行.
NOTIC: [8] Undefined variable: thirdPram E:\www\www\tk\Common\Tool\WLNPage.class.php 第 51 行.
NOTIC: [2] array_merge(): Argument #2 is not an array E:\www\www\tk\Common\Tool\WLNPage.class.php 第 51 行.
NOTIC: [2] extract() expects parameter 1 to be array, null given E:\www\www\tk\Common\Tool\WLNPage.class.php 第 52 行.
NOTIC: [8] Undefined variable: parameter E:\www\www\tk\Common\Tool\WLNPage.class.php 第 54 行.
NOTIC: [8] Undefined index: phone E:\www\www\tk\Common\Tool\WLNPage.class.php 第 63 行.
NOTIC: [8] Undefined variable: type E:\www\www\tk\Common\Tool\WLNPage.class.php 第 88 行.
NOTIC: [8] Undefined variable: type E:\www\www\tk\Common\Tool\WLNPage.class.php 第 89 行.
INFO: [ view_parse ] --START--
NOTIC: [8] Undefined index: class E:\www\www\main\Library\Think\Template\TagLib\Html.class.php 第 78 行.
NOTIC: [8] Undefined index: class E:\www\www\main\Library\Think\Template\TagLib\Html.class.php 第 78 行.
INFO: [ template_filter ] --START--
INFO: Run Behavior\ContentReplaceBehavior [ RunTime:0.000000s ]
INFO: [ template_filter ] --END-- [ RunTime:0.000000s ]
NOTIC: [8] Undefined index: name E:\www\www\tk\Runtime\Cache\Guide\497f1af9780ce379695207cacbc38db1.php 第 47 行.
NOTIC: [8] Undefined variable: edit E:\www\www\tk\Runtime\Cache\Guide\497f1af9780ce379695207cacbc38db1.php 第 59 行.
NOTIC: [8] Undefined variable: edit E:\www\www\tk\Runtime\Cache\Guide\497f1af9780ce379695207cacbc38db1.php 第 59 行.
NOTIC: [8] Undefined variable: edit E:\www\www\tk\Runtime\Cache\Guide\497f1af9780ce379695207cacbc38db1.php 第 59 行.
NOTIC: [8] Undefined variable: edit E:\www\www\tk\Runtime\Cache\Guide\497f1af9780ce379695207cacbc38db1.php 第 59 行.
NOTIC: [8] Undefined variable: edit E:\www\www\tk\Runtime\Cache\Guide\497f1af9780ce379695207cacbc38db1.php 第 59 行.
NOTIC: [8] Undefined variable: edit E:\www\www\tk\Runtime\Cache\Guide\497f1af9780ce379695207cacbc38db1.php 第 59 行.
NOTIC: [8] Undefined variable: edit E:\www\www\tk\Runtime\Cache\Guide\497f1af9780ce379695207cacbc38db1.php 第 59 行.
NOTIC: [8] Undefined variable: edit E:\www\www\tk\Runtime\Cache\Guide\497f1af9780ce379695207cacbc38db1.php 第 59 行.
NOTIC: [8] Undefined variable: edit E:\www\www\tk\Runtime\Cache\Guide\497f1af9780ce379695207cacbc38db1.php 第 59 行.
NOTIC: [8] Undefined variable: edit E:\www\www\tk\Runtime\Cache\Guide\497f1af9780ce379695207cacbc38db1.php 第 59 行.
NOTIC: [8] Undefined variable: edit E:\www\www\tk\Runtime\Cache\Guide\497f1af9780ce379695207cacbc38db1.php 第 59 行.
NOTIC: [8] Undefined variable: edit E:\www\www\tk\Runtime\Cache\Guide\497f1af9780ce379695207cacbc38db1.php 第 59 行.
NOTIC: [8] Undefined variable: edit E:\www\www\tk\Runtime\Cache\Guide\497f1af9780ce379695207cacbc38db1.php 第 59 行.
NOTIC: [8] Undefined variable: edit E:\www\www\tk\Runtime\Cache\Guide\497f1af9780ce379695207cacbc38db1.php 第 59 行.
NOTIC: [8] Undefined variable: edit E:\www\www\tk\Runtime\Cache\Guide\497f1af9780ce379695207cacbc38db1.php 第 59 行.
NOTIC: [8] Undefined variable: edit E:\www\www\tk\Runtime\Cache\Guide\497f1af9780ce379695207cacbc38db1.php 第 59 行.
NOTIC: [8] Undefined variable: edit E:\www\www\tk\Runtime\Cache\Guide\497f1af9780ce379695207cacbc38db1.php 第 59 行.
NOTIC: [8] Undefined variable: edit E:\www\www\tk\Runtime\Cache\Guide\497f1af9780ce379695207cacbc38db1.php 第 59 行.
NOTIC: [8] Undefined variable: edit E:\www\www\tk\Runtime\Cache\Guide\497f1af9780ce379695207cacbc38db1.php 第 59 行.
NOTIC: [8] Undefined variable: edit E:\www\www\tk\Runtime\Cache\Guide\497f1af9780ce379695207cacbc38db1.php 第 59 行.
NOTIC: [8] Undefined variable: edit E:\www\www\tk\Runtime\Cache\Guide\497f1af9780ce379695207cacbc38db1.php 第 59 行.
NOTIC: [8] Undefined variable: edit E:\www\www\tk\Runtime\Cache\Guide\497f1af9780ce379695207cacbc38db1.php 第 59 行.
NOTIC: [8] Undefined variable: edit E:\www\www\tk\Runtime\Cache\Guide\497f1af9780ce379695207cacbc38db1.php 第 59 行.
NOTIC: [8] Undefined variable: edit E:\www\www\tk\Runtime\Cache\Guide\497f1af9780ce379695207cacbc38db1.php 第 59 行.
NOTIC: [8] Undefined variable: edit E:\www\www\tk\Runtime\Cache\Guide\497f1af9780ce379695207cacbc38db1.php 第 59 行.
INFO: Run Behavior\ParseTemplateBehavior [ RunTime:0.014649s ]
INFO: [ view_parse ] --END-- [ RunTime:0.014649s ]
INFO: [ view_filter ] --START--
INFO: Run Behavior\WriteHtmlCacheBehavior [ RunTime:0.000000s ]
INFO: Run Behavior\TokenBuildBehavior [ RunTime:0.001953s ]
INFO: [ view_filter ] --END-- [ RunTime:0.001953s ]
INFO: [ app_end ] --START--
INFO: Run Behavior\ShowPageTraceBehavior [ RunTime:0.000977s ]
INFO: [ app_end ] --END-- [ RunTime:0.000977s ]

[ 2017-09-27T11:47:28+08:00 ] 115.60.59.207 /Guide/CaseMenu/updateCache.html
INFO: [ app_init ] --START--
INFO: Run Behavior\BuildLiteBehavior [ RunTime:0.000000s ]
INFO: [ app_init ] --END-- [ RunTime:0.000000s ]
NOTIC: [2] preg_match(): Unknown modifier 'f' E:\www\www\main\Library\Think\Route.class.php 第 58 行.
NOTIC: [2] preg_match(): Unknown modifier 'f' E:\www\www\main\Library\Think\Route.class.php 第 58 行.
INFO: [ app_begin ] --START--
INFO: Run Behavior\ReadHtmlCacheBehavior [ RunTime:0.000000s ]
INFO: [ app_begin ] --END-- [ RunTime:0.000000s ]
NOTIC: [8] Undefined index: Manage E:\www\www\tk\Common\Controller\SystemLayerController.class.php 第 24 行.
NOTIC: [8] Undefined index: Manage E:\www\www\tk\Common\Controller\DefaultController.class.php 第 24 行.
INFO: [ view_parse ] --START--
INFO: [ template_filter ] --START--
INFO: Run Behavior\ContentReplaceBehavior [ RunTime:0.000000s ]
INFO: [ template_filter ] --END-- [ RunTime:0.000000s ]
INFO: Run Behavior\ParseTemplateBehavior [ RunTime:0.007813s ]
INFO: [ view_parse ] --END-- [ RunTime:0.007813s ]
INFO: [ view_filter ] --START--
INFO: Run Behavior\WriteHtmlCacheBehavior [ RunTime:0.000000s ]
INFO: Run Behavior\TokenBuildBehavior [ RunTime:0.000977s ]
INFO: [ view_filter ] --END-- [ RunTime:0.000977s ]

[ 2017-09-27T11:47:31+08:00 ] 115.60.59.207 /Guide/CaseMenu
INFO: [ app_init ] --START--
INFO: Run Behavior\BuildLiteBehavior [ RunTime:0.000000s ]
INFO: [ app_init ] --END-- [ RunTime:0.000000s ]
NOTIC: [2] preg_match(): Unknown modifier 'f' E:\www\www\main\Library\Think\Route.class.php 第 58 行.
NOTIC: [2] preg_match(): Unknown modifier 'f' E:\www\www\main\Library\Think\Route.class.php 第 58 行.
INFO: [ app_begin ] --START--
INFO: Run Behavior\ReadHtmlCacheBehavior [ RunTime:0.000976s ]
INFO: [ app_begin ] --END-- [ RunTime:0.000976s ]
NOTIC: [8] Undefined index: Manage E:\www\www\tk\Common\Controller\SystemLayerController.class.php 第 24 行.
NOTIC: [8] Undefined index: Manage E:\www\www\tk\Common\Controller\DefaultController.class.php 第 24 行.
NOTIC: [8] Undefined index: name E:\www\www\tk\Guide\Manage\CaseMenuManage.class.php 第 23 行.
NOTIC: [8] Undefined index: SubjectID E:\www\www\tk\Guide\Manage\CaseMenuManage.class.php 第 29 行.
NOTIC: [8] Undefined index: ForumID E:\www\www\tk\Guide\Manage\CaseMenuManage.class.php 第 38 行.
NOTIC: [8] Undefined index: p E:\www\www\tk\Guide\Manage\CaseMenuManage.class.php 第 50 行.
NOTIC: [2] Missing argument 3 for WLNPage::init() E:\www\www\tk\Common\Tool\WLNPage.class.php 第 50 行.
NOTIC: [8] Undefined variable: thirdPram E:\www\www\tk\Common\Tool\WLNPage.class.php 第 51 行.
NOTIC: [2] array_merge(): Argument #2 is not an array E:\www\www\tk\Common\Tool\WLNPage.class.php 第 51 行.
NOTIC: [2] extract() expects parameter 1 to be array, null given E:\www\www\tk\Common\Tool\WLNPage.class.php 第 52 行.
NOTIC: [8] Undefined variable: parameter E:\www\www\tk\Common\Tool\WLNPage.class.php 第 54 行.
NOTIC: [8] Undefined index: phone E:\www\www\tk\Common\Tool\WLNPage.class.php 第 63 行.
NOTIC: [8] Undefined variable: type E:\www\www\tk\Common\Tool\WLNPage.class.php 第 88 行.
NOTIC: [8] Undefined variable: type E:\www\www\tk\Common\Tool\WLNPage.class.php 第 89 行.
INFO: [ view_parse ] --START--
NOTIC: [8] Undefined index: class E:\www\www\main\Library\Think\Template\TagLib\Html.class.php 第 78 行.
NOTIC: [8] Undefined index: class E:\www\www\main\Library\Think\Template\TagLib\Html.class.php 第 78 行.
INFO: [ template_filter ] --START--
INFO: Run Behavior\ContentReplaceBehavior [ RunTime:0.000977s ]
INFO: [ template_filter ] --END-- [ RunTime:0.000977s ]
NOTIC: [8] Undefined index: name E:\www\www\tk\Runtime\Cache\Guide\497f1af9780ce379695207cacbc38db1.php 第 47 行.
NOTIC: [8] Undefined variable: edit E:\www\www\tk\Runtime\Cache\Guide\497f1af9780ce379695207cacbc38db1.php 第 59 行.
NOTIC: [8] Undefined variable: edit E:\www\www\tk\Runtime\Cache\Guide\497f1af9780ce379695207cacbc38db1.php 第 59 行.
NOTIC: [8] Undefined variable: edit E:\www\www\tk\Runtime\Cache\Guide\497f1af9780ce379695207cacbc38db1.php 第 59 行.
NOTIC: [8] Undefined variable: edit E:\www\www\tk\Runtime\Cache\Guide\497f1af9780ce379695207cacbc38db1.php 第 59 行.
NOTIC: [8] Undefined variable: edit E:\www\www\tk\Runtime\Cache\Guide\497f1af9780ce379695207cacbc38db1.php 第 59 行.
NOTIC: [8] Undefined variable: edit E:\www\www\tk\Runtime\Cache\Guide\497f1af9780ce379695207cacbc38db1.php 第 59 行.
NOTIC: [8] Undefined variable: edit E:\www\www\tk\Runtime\Cache\Guide\497f1af9780ce379695207cacbc38db1.php 第 59 行.
NOTIC: [8] Undefined variable: edit E:\www\www\tk\Runtime\Cache\Guide\497f1af9780ce379695207cacbc38db1.php 第 59 行.
NOTIC: [8] Undefined variable: edit E:\www\www\tk\Runtime\Cache\Guide\497f1af9780ce379695207cacbc38db1.php 第 59 行.
NOTIC: [8] Undefined variable: edit E:\www\www\tk\Runtime\Cache\Guide\497f1af9780ce379695207cacbc38db1.php 第 59 行.
NOTIC: [8] Undefined variable: edit E:\www\www\tk\Runtime\Cache\Guide\497f1af9780ce379695207cacbc38db1.php 第 59 行.
NOTIC: [8] Undefined variable: edit E:\www\www\tk\Runtime\Cache\Guide\497f1af9780ce379695207cacbc38db1.php 第 59 行.
NOTIC: [8] Undefined variable: edit E:\www\www\tk\Runtime\Cache\Guide\497f1af9780ce379695207cacbc38db1.php 第 59 行.
NOTIC: [8] Undefined variable: edit E:\www\www\tk\Runtime\Cache\Guide\497f1af9780ce379695207cacbc38db1.php 第 59 行.
NOTIC: [8] Undefined variable: edit E:\www\www\tk\Runtime\Cache\Guide\497f1af9780ce379695207cacbc38db1.php 第 59 行.
NOTIC: [8] Undefined variable: edit E:\www\www\tk\Runtime\Cache\Guide\497f1af9780ce379695207cacbc38db1.php 第 59 行.
NOTIC: [8] Undefined variable: edit E:\www\www\tk\Runtime\Cache\Guide\497f1af9780ce379695207cacbc38db1.php 第 59 行.
NOTIC: [8] Undefined variable: edit E:\www\www\tk\Runtime\Cache\Guide\497f1af9780ce379695207cacbc38db1.php 第 59 行.
NOTIC: [8] Undefined variable: edit E:\www\www\tk\Runtime\Cache\Guide\497f1af9780ce379695207cacbc38db1.php 第 59 行.
NOTIC: [8] Undefined variable: edit E:\www\www\tk\Runtime\Cache\Guide\497f1af9780ce379695207cacbc38db1.php 第 59 行.
NOTIC: [8] Undefined variable: edit E:\www\www\tk\Runtime\Cache\Guide\497f1af9780ce379695207cacbc38db1.php 第 59 行.
NOTIC: [8] Undefined variable: edit E:\www\www\tk\Runtime\Cache\Guide\497f1af9780ce379695207cacbc38db1.php 第 59 行.
NOTIC: [8] Undefined variable: edit E:\www\www\tk\Runtime\Cache\Guide\497f1af9780ce379695207cacbc38db1.php 第 59 行.
NOTIC: [8] Undefined variable: edit E:\www\www\tk\Runtime\Cache\Guide\497f1af9780ce379695207cacbc38db1.php 第 59 行.
NOTIC: [8] Undefined variable: edit E:\www\www\tk\Runtime\Cache\Guide\497f1af9780ce379695207cacbc38db1.php 第 59 行.
INFO: Run Behavior\ParseTemplateBehavior [ RunTime:0.013673s ]
INFO: [ view_parse ] --END-- [ RunTime:0.013673s ]
INFO: [ view_filter ] --START--
INFO: Run Behavior\WriteHtmlCacheBehavior [ RunTime:0.000976s ]
INFO: Run Behavior\TokenBuildBehavior [ RunTime:0.000977s ]
INFO: [ view_filter ] --END-- [ RunTime:0.001953s ]
INFO: [ app_end ] --START--
INFO: Run Behavior\ShowPageTraceBehavior [ RunTime:0.000977s ]
INFO: [ app_end ] --END-- [ RunTime:0.000977s ]

[ 2017-09-27T11:55:30+08:00 ] 115.60.59.207 /Guide/Case/index.html
INFO: [ app_init ] --START--
INFO: Run Behavior\BuildLiteBehavior [ RunTime:0.000000s ]
INFO: [ app_init ] --END-- [ RunTime:0.000976s ]
NOTIC: [2] preg_match(): Unknown modifier 'f' E:\www\www\main\Library\Think\Route.class.php 第 58 行.
NOTIC: [2] preg_match(): Unknown modifier 'f' E:\www\www\main\Library\Think\Route.class.php 第 58 行.
INFO: [ app_begin ] --START--
INFO: Run Behavior\ReadHtmlCacheBehavior [ RunTime:0.000000s ]
INFO: [ app_begin ] --END-- [ RunTime:0.000977s ]
INFO: [ view_parse ] --START--
INFO: [ template_filter ] --START--
INFO: Run Behavior\ContentReplaceBehavior [ RunTime:0.000000s ]
INFO: [ template_filter ] --END-- [ RunTime:0.000000s ]
INFO: Run Behavior\ParseTemplateBehavior [ RunTime:0.008789s ]
INFO: [ view_parse ] --END-- [ RunTime:0.008789s ]
INFO: [ view_filter ] --START--
INFO: Run Behavior\WriteHtmlCacheBehavior [ RunTime:0.000977s ]
INFO: Run Behavior\TokenBuildBehavior [ RunTime:0.000977s ]
INFO: [ view_filter ] --END-- [ RunTime:0.001954s ]
INFO: [ app_end ] --START--
INFO: Run Behavior\ShowPageTraceBehavior [ RunTime:0.000000s ]
INFO: [ app_end ] --END-- [ RunTime:0.000000s ]

[ 2017-09-27T11:55:30+08:00 ] 115.60.59.207 /Guide/Case/getChapterList.html
INFO: [ app_init ] --START--
INFO: Run Behavior\BuildLiteBehavior [ RunTime:0.000000s ]
INFO: [ app_init ] --END-- [ RunTime:0.000000s ]
NOTIC: [2] preg_match(): Unknown modifier 'f' E:\www\www\main\Library\Think\Route.class.php 第 58 行.
NOTIC: [2] preg_match(): Unknown modifier 'f' E:\www\www\main\Library\Think\Route.class.php 第 58 行.
INFO: [ app_begin ] --START--
INFO: Run Behavior\ReadHtmlCacheBehavior [ RunTime:0.000977s ]
INFO: [ app_begin ] --END-- [ RunTime:0.000977s ]
NOTIC: [8] Undefined variable: pID E:\www\www\tk\Common\Model\ApiCacheModel.class.php 第 302 行.

[ 2017-09-27T12:02:05+08:00 ] 115.60.59.207 /Guide/Case/index.html
INFO: [ app_init ] --START--
INFO: Run Behavior\BuildLiteBehavior [ RunTime:0.000000s ]
INFO: [ app_init ] --END-- [ RunTime:0.000976s ]
NOTIC: [2] preg_match(): Unknown modifier 'f' E:\www\www\main\Library\Think\Route.class.php 第 58 行.
NOTIC: [2] preg_match(): Unknown modifier 'f' E:\www\www\main\Library\Think\Route.class.php 第 58 行.
INFO: [ app_begin ] --START--
INFO: Run Behavior\ReadHtmlCacheBehavior [ RunTime:0.000977s ]
INFO: [ app_begin ] --END-- [ RunTime:0.000977s ]
INFO: [ view_parse ] --START--
INFO: [ template_filter ] --START--
INFO: Run Behavior\ContentReplaceBehavior [ RunTime:0.000976s ]
INFO: [ template_filter ] --END-- [ RunTime:0.000976s ]
INFO: Run Behavior\ParseTemplateBehavior [ RunTime:0.008789s ]
INFO: [ view_parse ] --END-- [ RunTime:0.008789s ]
INFO: [ view_filter ] --START--
INFO: Run Behavior\WriteHtmlCacheBehavior [ RunTime:0.000000s ]
INFO: Run Behavior\TokenBuildBehavior [ RunTime:0.001953s ]
INFO: [ view_filter ] --END-- [ RunTime:0.001953s ]
INFO: [ app_end ] --START--
INFO: Run Behavior\ShowPageTraceBehavior [ RunTime:0.000977s ]
INFO: [ app_end ] --END-- [ RunTime:0.000977s ]

[ 2017-09-27T12:02:05+08:00 ] 115.60.59.207 /Guide/Case/getChapterList.html
INFO: [ app_init ] --START--
INFO: Run Behavior\BuildLiteBehavior [ RunTime:0.000000s ]
INFO: [ app_init ] --END-- [ RunTime:0.000976s ]
NOTIC: [2] preg_match(): Unknown modifier 'f' E:\www\www\main\Library\Think\Route.class.php 第 58 行.
NOTIC: [2] preg_match(): Unknown modifier 'f' E:\www\www\main\Library\Think\Route.class.php 第 58 行.
INFO: [ app_begin ] --START--
INFO: Run Behavior\ReadHtmlCacheBehavior [ RunTime:0.000977s ]
INFO: [ app_begin ] --END-- [ RunTime:0.000977s ]
NOTIC: [8] Undefined variable: pID E:\www\www\tk\Common\Model\ApiCacheModel.class.php 第 302 行.

[ 2017-09-27T12:02:08+08:00 ] 115.60.59.207 /Guide/Case/myLoreManager.html
INFO: [ app_init ] --START--
INFO: Run Behavior\BuildLiteBehavior [ RunTime:0.000000s ]
INFO: [ app_init ] --END-- [ RunTime:0.000000s ]
NOTIC: [2] preg_match(): Unknown modifier 'f' E:\www\www\main\Library\Think\Route.class.php 第 58 行.
NOTIC: [2] preg_match(): Unknown modifier 'f' E:\www\www\main\Library\Think\Route.class.php 第 58 行.
INFO: [ app_begin ] --START--
INFO: Run Behavior\ReadHtmlCacheBehavior [ RunTime:0.000977s ]
INFO: [ app_begin ] --END-- [ RunTime:0.000977s ]
NOTIC: [8] Undefined variable: pID E:\www\www\tk\Common\Model\ApiCacheModel.class.php 第 302 行.
NOTIC: [8] Undefined offset: 24 E:\www\www\tk\Guide\Controller\CaseController.class.php 第 85 行.
NOTIC: [2] Invalid argument supplied for foreach() E:\www\www\tk\Guide\Controller\CaseController.class.php 第 87 行.
INFO: [ view_parse ] --START--
INFO: [ template_filter ] --START--
INFO: Run Behavior\ContentReplaceBehavior [ RunTime:0.000000s ]
INFO: [ template_filter ] --END-- [ RunTime:0.000000s ]
INFO: Run Behavior\ParseTemplateBehavior [ RunTime:0.008790s ]
INFO: [ view_parse ] --END-- [ RunTime:0.008790s ]
INFO: [ view_filter ] --START--
INFO: Run Behavior\WriteHtmlCacheBehavior [ RunTime:0.000000s ]
INFO: Run Behavior\TokenBuildBehavior [ RunTime:0.000977s ]
INFO: [ view_filter ] --END-- [ RunTime:0.001953s ]
INFO: [ app_end ] --START--
INFO: Run Behavior\ShowPageTraceBehavior [ RunTime:0.000976s ]
INFO: [ app_end ] --END-- [ RunTime:0.000976s ]

[ 2017-09-27T12:02:08+08:00 ] 115.60.59.207 /Guide/Case/getLoreList.html
INFO: [ app_init ] --START--
INFO: Run Behavior\BuildLiteBehavior [ RunTime:0.000000s ]
INFO: [ app_init ] --END-- [ RunTime:0.000000s ]
NOTIC: [2] preg_match(): Unknown modifier 'f' E:\www\www\main\Library\Think\Route.class.php 第 58 行.
NOTIC: [2] preg_match(): Unknown modifier 'f' E:\www\www\main\Library\Think\Route.class.php 第 58 行.
INFO: [ app_begin ] --START--
INFO: Run Behavior\ReadHtmlCacheBehavior [ RunTime:0.000976s ]
INFO: [ app_begin ] --END-- [ RunTime:0.000976s ]
NOTIC: [8] Undefined index: page E:\www\www\tk\Guide\Controller\CaseController.class.php 第 108 行.
NOTIC: [8] Undefined index: id E:\www\www\tk\Guide\Controller\CaseController.class.php 第 115 行.
NOTIC: [8] Undefined index: menuid E:\www\www\tk\Guide\Controller\CaseController.class.php 第 116 行.
NOTIC: [8] Undefined index: chapterid E:\www\www\tk\Guide\Controller\CaseController.class.php 第 117 行.

[ 2017-09-27T15:19:44+08:00 ] 221.4.220.243 /Guide/Case/index.html
INFO: [ app_init ] --START--
INFO: Run Behavior\BuildLiteBehavior [ RunTime:0.000000s ]
INFO: [ app_init ] --END-- [ RunTime:0.000000s ]
NOTIC: [2] preg_match(): Unknown modifier 'f' E:\www\www\main\Library\Think\Route.class.php 第 58 行.
NOTIC: [2] preg_match(): Unknown modifier 'f' E:\www\www\main\Library\Think\Route.class.php 第 58 行.
INFO: [ app_begin ] --START--
INFO: Run Behavior\ReadHtmlCacheBehavior [ RunTime:0.000000s ]
INFO: [ app_begin ] --END-- [ RunTime:0.000976s ]
INFO: [ view_parse ] --START--
INFO: [ template_filter ] --START--
INFO: Run Behavior\ContentReplaceBehavior [ RunTime:0.000000s ]
INFO: [ template_filter ] --END-- [ RunTime:0.000000s ]
INFO: Run Behavior\ParseTemplateBehavior [ RunTime:0.007813s ]
INFO: [ view_parse ] --END-- [ RunTime:0.007813s ]
INFO: [ view_filter ] --START--
INFO: Run Behavior\WriteHtmlCacheBehavior [ RunTime:0.000976s ]
INFO: Run Behavior\TokenBuildBehavior [ RunTime:0.000977s ]
INFO: [ view_filter ] --END-- [ RunTime:0.001953s ]
INFO: [ app_end ] --START--
INFO: Run Behavior\ShowPageTraceBehavior [ RunTime:0.000976s ]
INFO: [ app_end ] --END-- [ RunTime:0.000976s ]

[ 2017-09-27T15:19:46+08:00 ] 221.4.220.243 /Guide/Case/getChapterList.html
INFO: [ app_init ] --START--
INFO: Run Behavior\BuildLiteBehavior [ RunTime:0.000000s ]
INFO: [ app_init ] --END-- [ RunTime:0.000000s ]
NOTIC: [2] preg_match(): Unknown modifier 'f' E:\www\www\main\Library\Think\Route.class.php 第 58 行.
NOTIC: [2] preg_match(): Unknown modifier 'f' E:\www\www\main\Library\Think\Route.class.php 第 58 行.
INFO: [ app_begin ] --START--
INFO: Run Behavior\ReadHtmlCacheBehavior [ RunTime:0.000000s ]
INFO: [ app_begin ] --END-- [ RunTime:0.000000s ]
NOTIC: [8] Undefined variable: pID E:\www\www\tk\Common\Model\ApiCacheModel.class.php 第 302 行.

