[ 2017-10-19T13:12:18+08:00 ] 127.0.0.1 /Guide/CaseTpl/index.html
INFO: [ app_init ] --START--
INFO: Run Behavior\BuildLiteBehavior [ RunTime:0.000016s ]
INFO: [ app_init ] --END-- [ RunTime:0.000134s ]
NOTIC: [2] preg_match(): Unknown modifier 'f' E:\web\www\main\Library\Think\Route.class.php 第 58 行.
NOTIC: [2] preg_match(): Unknown modifier 'f' E:\web\www\main\Library\Think\Route.class.php 第 58 行.
INFO: [ app_begin ] --START--
INFO: Run Behavior\ReadHtmlCacheBehavior [ RunTime:0.000653s ]
INFO: [ app_begin ] --END-- [ RunTime:0.000735s ]
NOTIC: [8] Undefined index: Manage E:\web\www\tk\Common\Controller\SystemLayerController.class.php 第 24 行.
NOTIC: [8] Undefined index: Manage E:\web\www\tk\Common\Controller\DefaultController.class.php 第 24 行.
NOTIC: [8] Undefined index: name E:\web\www\tk\Guide\Manage\CaseTplManage.class.php 第 24 行.
NOTIC: [8] Undefined index: UserName E:\web\www\tk\Guide\Manage\CaseTplManage.class.php 第 30 行.
NOTIC: [8] Undefined index: TempName E:\web\www\tk\Guide\Manage\CaseTplManage.class.php 第 34 行.
NOTIC: [8] Undefined index: SubjectID E:\web\www\tk\Guide\Manage\CaseTplManage.class.php 第 38 行.
NOTIC: [8] Undefined index: IfSystem E:\web\www\tk\Guide\Manage\CaseTplManage.class.php 第 42 行.
NOTIC: [8] Undefined index: p E:\web\www\tk\Guide\Manage\CaseTplManage.class.php 第 53 行.
NOTIC: [2] Missing argument 3 for WLNPage::init() E:\web\www\tk\Common\Tool\WLNPage.class.php 第 50 行.
NOTIC: [8] Undefined variable: thirdPram E:\web\www\tk\Common\Tool\WLNPage.class.php 第 51 行.
NOTIC: [2] array_merge(): Argument #2 is not an array E:\web\www\tk\Common\Tool\WLNPage.class.php 第 51 行.
NOTIC: [2] extract() expects parameter 1 to be array, null given E:\web\www\tk\Common\Tool\WLNPage.class.php 第 52 行.
NOTIC: [8] Undefined variable: parameter E:\web\www\tk\Common\Tool\WLNPage.class.php 第 54 行.
NOTIC: [8] Undefined index: phone E:\web\www\tk\Common\Tool\WLNPage.class.php 第 63 行.
NOTIC: [8] Undefined variable: type E:\web\www\tk\Common\Tool\WLNPage.class.php 第 88 行.
NOTIC: [8] Undefined variable: type E:\web\www\tk\Common\Tool\WLNPage.class.php 第 89 行.
NOTIC: [8] Undefined index: ChapterName E:\web\www\tk\Manage\Model\ChapterModel.class.php 第 490 行.
NOTIC: [8] Undefined index: ChapterName E:\web\www\tk\Manage\Model\ChapterModel.class.php 第 490 行.
NOTIC: [8] Undefined index: ChapterName E:\web\www\tk\Manage\Model\ChapterModel.class.php 第 490 行.
NOTIC: [8] Undefined index: ChapterName E:\web\www\tk\Manage\Model\ChapterModel.class.php 第 490 行.
NOTIC: [8] Undefined index: ChapterName E:\web\www\tk\Manage\Model\ChapterModel.class.php 第 490 行.
NOTIC: [8] Undefined index: ChapterName E:\web\www\tk\Manage\Model\ChapterModel.class.php 第 490 行.
NOTIC: [8] Undefined index: ChapterName E:\web\www\tk\Manage\Model\ChapterModel.class.php 第 490 行.
NOTIC: [8] Undefined index: ChapterName E:\web\www\tk\Manage\Model\ChapterModel.class.php 第 490 行.
NOTIC: [8] Undefined index: ChapterName E:\web\www\tk\Manage\Model\ChapterModel.class.php 第 490 行.
NOTIC: [8] Undefined index: ChapterName E:\web\www\tk\Manage\Model\ChapterModel.class.php 第 490 行.
NOTIC: [8] Undefined index: ChapterName E:\web\www\tk\Manage\Model\ChapterModel.class.php 第 490 行.
NOTIC: [8] Undefined index: ChapterName E:\web\www\tk\Manage\Model\ChapterModel.class.php 第 490 行.
NOTIC: [8] Undefined index: ChapterName E:\web\www\tk\Manage\Model\ChapterModel.class.php 第 490 行.
NOTIC: [8] Undefined index: ChapterName E:\web\www\tk\Manage\Model\ChapterModel.class.php 第 490 行.
NOTIC: [8] Undefined index: ChapterName E:\web\www\tk\Manage\Model\ChapterModel.class.php 第 490 行.
NOTIC: [8] Undefined index: ChapterName E:\web\www\tk\Manage\Model\ChapterModel.class.php 第 490 行.
NOTIC: [8] Undefined index: ChapterName E:\web\www\tk\Manage\Model\ChapterModel.class.php 第 490 行.
NOTIC: [8] Undefined index: ChapterName E:\web\www\tk\Manage\Model\ChapterModel.class.php 第 490 行.
NOTIC: [8] Undefined index: ChapterName E:\web\www\tk\Manage\Model\ChapterModel.class.php 第 490 行.
NOTIC: [8] Undefined index: ChapterName E:\web\www\tk\Manage\Model\ChapterModel.class.php 第 490 行.
INFO: [ view_parse ] --START--
NOTIC: [8] Undefined index: class E:\web\www\main\Library\Think\Template\TagLib\Html.class.php 第 78 行.
NOTIC: [8] Undefined index: class E:\web\www\main\Library\Think\Template\TagLib\Html.class.php 第 78 行.
INFO: [ template_filter ] --START--
INFO: Run Behavior\ContentReplaceBehavior [ RunTime:0.000078s ]
INFO: [ template_filter ] --END-- [ RunTime:0.000116s ]
NOTIC: [8] Undefined index: name E:\web\www\tk\Runtime\Cache\Guide\e992fee0e55633bff1ef0c6244f1956d.php 第 47 行.
NOTIC: [8] Undefined index: UserName E:\web\www\tk\Runtime\Cache\Guide\e992fee0e55633bff1ef0c6244f1956d.php 第 55 行.
NOTIC: [8] Undefined index: TempName E:\web\www\tk\Runtime\Cache\Guide\e992fee0e55633bff1ef0c6244f1956d.php 第 57 行.
NOTIC: [8] Undefined index: SubjectID E:\web\www\tk\Runtime\Cache\Guide\e992fee0e55633bff1ef0c6244f1956d.php 第 63 行.
NOTIC: [8] Undefined index: SubjectID E:\web\www\tk\Runtime\Cache\Guide\e992fee0e55633bff1ef0c6244f1956d.php 第 63 行.
NOTIC: [8] Undefined index: SubjectID E:\web\www\tk\Runtime\Cache\Guide\e992fee0e55633bff1ef0c6244f1956d.php 第 63 行.
NOTIC: [8] Undefined index: SubjectID E:\web\www\tk\Runtime\Cache\Guide\e992fee0e55633bff1ef0c6244f1956d.php 第 63 行.
NOTIC: [8] Undefined index: SubjectID E:\web\www\tk\Runtime\Cache\Guide\e992fee0e55633bff1ef0c6244f1956d.php 第 63 行.
NOTIC: [8] Undefined index: SubjectID E:\web\www\tk\Runtime\Cache\Guide\e992fee0e55633bff1ef0c6244f1956d.php 第 63 行.
NOTIC: [8] Undefined index: SubjectID E:\web\www\tk\Runtime\Cache\Guide\e992fee0e55633bff1ef0c6244f1956d.php 第 63 行.
NOTIC: [8] Undefined index: SubjectID E:\web\www\tk\Runtime\Cache\Guide\e992fee0e55633bff1ef0c6244f1956d.php 第 63 行.
NOTIC: [8] Undefined index: SubjectID E:\web\www\tk\Runtime\Cache\Guide\e992fee0e55633bff1ef0c6244f1956d.php 第 63 行.
NOTIC: [8] Undefined index: SubjectID E:\web\www\tk\Runtime\Cache\Guide\e992fee0e55633bff1ef0c6244f1956d.php 第 63 行.
NOTIC: [8] Undefined index: SubjectID E:\web\www\tk\Runtime\Cache\Guide\e992fee0e55633bff1ef0c6244f1956d.php 第 63 行.
NOTIC: [8] Undefined index: SubjectID E:\web\www\tk\Runtime\Cache\Guide\e992fee0e55633bff1ef0c6244f1956d.php 第 63 行.
NOTIC: [8] Undefined index: SubjectID E:\web\www\tk\Runtime\Cache\Guide\e992fee0e55633bff1ef0c6244f1956d.php 第 63 行.
NOTIC: [8] Undefined index: SubjectID E:\web\www\tk\Runtime\Cache\Guide\e992fee0e55633bff1ef0c6244f1956d.php 第 63 行.
NOTIC: [8] Undefined index: SubjectID E:\web\www\tk\Runtime\Cache\Guide\e992fee0e55633bff1ef0c6244f1956d.php 第 63 行.
NOTIC: [8] Undefined index: SubjectID E:\web\www\tk\Runtime\Cache\Guide\e992fee0e55633bff1ef0c6244f1956d.php 第 63 行.
NOTIC: [8] Undefined index: SubjectID E:\web\www\tk\Runtime\Cache\Guide\e992fee0e55633bff1ef0c6244f1956d.php 第 63 行.
NOTIC: [8] Undefined index: SubjectID E:\web\www\tk\Runtime\Cache\Guide\e992fee0e55633bff1ef0c6244f1956d.php 第 63 行.
NOTIC: [8] Undefined index: SubjectID E:\web\www\tk\Runtime\Cache\Guide\e992fee0e55633bff1ef0c6244f1956d.php 第 63 行.
NOTIC: [8] Undefined index: SubjectID E:\web\www\tk\Runtime\Cache\Guide\e992fee0e55633bff1ef0c6244f1956d.php 第 63 行.
NOTIC: [8] Undefined index: SubjectID E:\web\www\tk\Runtime\Cache\Guide\e992fee0e55633bff1ef0c6244f1956d.php 第 63 行.
NOTIC: [8] Undefined index: SubjectID E:\web\www\tk\Runtime\Cache\Guide\e992fee0e55633bff1ef0c6244f1956d.php 第 63 行.
NOTIC: [8] Undefined index: SubjectID E:\web\www\tk\Runtime\Cache\Guide\e992fee0e55633bff1ef0c6244f1956d.php 第 63 行.
NOTIC: [8] Undefined index: SubjectID E:\web\www\tk\Runtime\Cache\Guide\e992fee0e55633bff1ef0c6244f1956d.php 第 63 行.
NOTIC: [8] Undefined index: SubjectID E:\web\www\tk\Runtime\Cache\Guide\e992fee0e55633bff1ef0c6244f1956d.php 第 63 行.
NOTIC: [8] Undefined index: IfSystem E:\web\www\tk\Runtime\Cache\Guide\e992fee0e55633bff1ef0c6244f1956d.php 第 73 行.
NOTIC: [8] Undefined index: IfSystem E:\web\www\tk\Runtime\Cache\Guide\e992fee0e55633bff1ef0c6244f1956d.php 第 74 行.
NOTIC: [8] Undefined index: IfSystem E:\web\www\tk\Runtime\Cache\Guide\e992fee0e55633bff1ef0c6244f1956d.php 第 75 行.
INFO: Run Behavior\ParseTemplateBehavior [ RunTime:0.023651s ]
INFO: [ view_parse ] --END-- [ RunTime:0.023694s ]
INFO: [ view_filter ] --START--
INFO: Run Behavior\WriteHtmlCacheBehavior [ RunTime:0.000394s ]
INFO: Run Behavior\TokenBuildBehavior [ RunTime:0.001286s ]
INFO: [ view_filter ] --END-- [ RunTime:0.001747s ]
INFO: [ app_end ] --START--
INFO: Run Behavior\ShowPageTraceBehavior [ RunTime:0.000710s ]
INFO: [ app_end ] --END-- [ RunTime:0.000785s ]

[ 2017-10-19T13:12:22+08:00 ] 127.0.0.1 /Guide/CaseTpl/edit/id/2415.html
INFO: [ app_init ] --START--
INFO: Run Behavior\BuildLiteBehavior [ RunTime:0.000010s ]
INFO: [ app_init ] --END-- [ RunTime:0.000045s ]
NOTIC: [2] preg_match(): Unknown modifier 'f' E:\web\www\main\Library\Think\Route.class.php 第 58 行.
NOTIC: [2] preg_match(): Unknown modifier 'f' E:\web\www\main\Library\Think\Route.class.php 第 58 行.
INFO: [ app_begin ] --START--
INFO: Run Behavior\ReadHtmlCacheBehavior [ RunTime:0.000565s ]
INFO: [ app_begin ] --END-- [ RunTime:0.000602s ]
NOTIC: [8] Undefined index: Manage E:\web\www\tk\Common\Controller\SystemLayerController.class.php 第 24 行.
NOTIC: [8] Undefined index: Manage E:\web\www\tk\Common\Controller\DefaultController.class.php 第 24 行.
NOTIC: [8] Undefined index: ChapterName E:\web\www\tk\Manage\Model\ChapterModel.class.php 第 490 行.
NOTIC: [8] Undefined offset: 7 E:\web\www\tk\Guide\Model\CaseTplModel.class.php 第 64 行.
NOTIC: [8] Undefined offset: 8 E:\web\www\tk\Guide\Model\CaseTplModel.class.php 第 64 行.
NOTIC: [8] Undefined offset: 9 E:\web\www\tk\Guide\Model\CaseTplModel.class.php 第 64 行.
NOTIC: [8] Undefined offset: 11 E:\web\www\tk\Guide\Model\CaseTplModel.class.php 第 64 行.
NOTIC: [8] Undefined offset: 12 E:\web\www\tk\Guide\Model\CaseTplModel.class.php 第 64 行.
NOTIC: [8] Undefined offset: 14 E:\web\www\tk\Guide\Model\CaseTplModel.class.php 第 64 行.
NOTIC: [8] Undefined offset: 15 E:\web\www\tk\Guide\Model\CaseTplModel.class.php 第 64 行.
NOTIC: [8] Undefined offset: 16 E:\web\www\tk\Guide\Model\CaseTplModel.class.php 第 64 行.
INFO: [ view_parse ] --START--
INFO: [ template_filter ] --START--
INFO: Run Behavior\ContentReplaceBehavior [ RunTime:0.000057s ]
INFO: [ template_filter ] --END-- [ RunTime:0.000095s ]
NOTIC: [8] Undefined variable: act E:\web\www\tk\Runtime\Cache\Guide\c487b59279200f5150f9e04979ee4174.php 第 97 行.
INFO: Run Behavior\ParseTemplateBehavior [ RunTime:0.013582s ]
INFO: [ view_parse ] --END-- [ RunTime:0.013646s ]
INFO: [ view_filter ] --START--
INFO: Run Behavior\WriteHtmlCacheBehavior [ RunTime:0.000351s ]
INFO: Run Behavior\TokenBuildBehavior [ RunTime:0.000654s ]
INFO: [ view_filter ] --END-- [ RunTime:0.001055s ]
INFO: [ app_end ] --START--
INFO: Run Behavior\ShowPageTraceBehavior [ RunTime:0.000530s ]
INFO: [ app_end ] --END-- [ RunTime:0.000562s ]

[ 2017-10-19T13:12:25+08:00 ] 127.0.0.1 /Guide/CaseTpl/index.html
INFO: [ app_init ] --START--
INFO: Run Behavior\BuildLiteBehavior [ RunTime:0.000011s ]
INFO: [ app_init ] --END-- [ RunTime:0.000059s ]
NOTIC: [2] preg_match(): Unknown modifier 'f' E:\web\www\main\Library\Think\Route.class.php 第 58 行.
NOTIC: [2] preg_match(): Unknown modifier 'f' E:\web\www\main\Library\Think\Route.class.php 第 58 行.
INFO: [ app_begin ] --START--
INFO: Run Behavior\ReadHtmlCacheBehavior [ RunTime:0.000547s ]
INFO: [ app_begin ] --END-- [ RunTime:0.000585s ]
NOTIC: [8] Undefined index: Manage E:\web\www\tk\Common\Controller\SystemLayerController.class.php 第 24 行.
NOTIC: [8] Undefined index: Manage E:\web\www\tk\Common\Controller\DefaultController.class.php 第 24 行.
NOTIC: [8] Undefined index: name E:\web\www\tk\Guide\Manage\CaseTplManage.class.php 第 24 行.
NOTIC: [8] Undefined index: UserName E:\web\www\tk\Guide\Manage\CaseTplManage.class.php 第 30 行.
NOTIC: [8] Undefined index: TempName E:\web\www\tk\Guide\Manage\CaseTplManage.class.php 第 34 行.
NOTIC: [8] Undefined index: SubjectID E:\web\www\tk\Guide\Manage\CaseTplManage.class.php 第 38 行.
NOTIC: [8] Undefined index: IfSystem E:\web\www\tk\Guide\Manage\CaseTplManage.class.php 第 42 行.
NOTIC: [8] Undefined index: p E:\web\www\tk\Guide\Manage\CaseTplManage.class.php 第 53 行.
NOTIC: [2] Missing argument 3 for WLNPage::init() E:\web\www\tk\Common\Tool\WLNPage.class.php 第 50 行.
NOTIC: [8] Undefined variable: thirdPram E:\web\www\tk\Common\Tool\WLNPage.class.php 第 51 行.
NOTIC: [2] array_merge(): Argument #2 is not an array E:\web\www\tk\Common\Tool\WLNPage.class.php 第 51 行.
NOTIC: [2] extract() expects parameter 1 to be array, null given E:\web\www\tk\Common\Tool\WLNPage.class.php 第 52 行.
NOTIC: [8] Undefined variable: parameter E:\web\www\tk\Common\Tool\WLNPage.class.php 第 54 行.
NOTIC: [8] Undefined index: phone E:\web\www\tk\Common\Tool\WLNPage.class.php 第 63 行.
NOTIC: [8] Undefined variable: type E:\web\www\tk\Common\Tool\WLNPage.class.php 第 88 行.
NOTIC: [8] Undefined variable: type E:\web\www\tk\Common\Tool\WLNPage.class.php 第 89 行.
NOTIC: [8] Undefined index: ChapterName E:\web\www\tk\Manage\Model\ChapterModel.class.php 第 490 行.
NOTIC: [8] Undefined index: ChapterName E:\web\www\tk\Manage\Model\ChapterModel.class.php 第 490 行.
NOTIC: [8] Undefined index: ChapterName E:\web\www\tk\Manage\Model\ChapterModel.class.php 第 490 行.
NOTIC: [8] Undefined index: ChapterName E:\web\www\tk\Manage\Model\ChapterModel.class.php 第 490 行.
NOTIC: [8] Undefined index: ChapterName E:\web\www\tk\Manage\Model\ChapterModel.class.php 第 490 行.
NOTIC: [8] Undefined index: ChapterName E:\web\www\tk\Manage\Model\ChapterModel.class.php 第 490 行.
NOTIC: [8] Undefined index: ChapterName E:\web\www\tk\Manage\Model\ChapterModel.class.php 第 490 行.
NOTIC: [8] Undefined index: ChapterName E:\web\www\tk\Manage\Model\ChapterModel.class.php 第 490 行.
NOTIC: [8] Undefined index: ChapterName E:\web\www\tk\Manage\Model\ChapterModel.class.php 第 490 行.
NOTIC: [8] Undefined index: ChapterName E:\web\www\tk\Manage\Model\ChapterModel.class.php 第 490 行.
NOTIC: [8] Undefined index: ChapterName E:\web\www\tk\Manage\Model\ChapterModel.class.php 第 490 行.
NOTIC: [8] Undefined index: ChapterName E:\web\www\tk\Manage\Model\ChapterModel.class.php 第 490 行.
NOTIC: [8] Undefined index: ChapterName E:\web\www\tk\Manage\Model\ChapterModel.class.php 第 490 行.
NOTIC: [8] Undefined index: ChapterName E:\web\www\tk\Manage\Model\ChapterModel.class.php 第 490 行.
NOTIC: [8] Undefined index: ChapterName E:\web\www\tk\Manage\Model\ChapterModel.class.php 第 490 行.
NOTIC: [8] Undefined index: ChapterName E:\web\www\tk\Manage\Model\ChapterModel.class.php 第 490 行.
NOTIC: [8] Undefined index: ChapterName E:\web\www\tk\Manage\Model\ChapterModel.class.php 第 490 行.
NOTIC: [8] Undefined index: ChapterName E:\web\www\tk\Manage\Model\ChapterModel.class.php 第 490 行.
NOTIC: [8] Undefined index: ChapterName E:\web\www\tk\Manage\Model\ChapterModel.class.php 第 490 行.
NOTIC: [8] Undefined index: ChapterName E:\web\www\tk\Manage\Model\ChapterModel.class.php 第 490 行.
INFO: [ view_parse ] --START--
NOTIC: [8] Undefined index: class E:\web\www\main\Library\Think\Template\TagLib\Html.class.php 第 78 行.
NOTIC: [8] Undefined index: class E:\web\www\main\Library\Think\Template\TagLib\Html.class.php 第 78 行.
INFO: [ template_filter ] --START--
INFO: Run Behavior\ContentReplaceBehavior [ RunTime:0.000074s ]
INFO: [ template_filter ] --END-- [ RunTime:0.000115s ]
NOTIC: [8] Undefined index: name E:\web\www\tk\Runtime\Cache\Guide\e992fee0e55633bff1ef0c6244f1956d.php 第 47 行.
NOTIC: [8] Undefined index: UserName E:\web\www\tk\Runtime\Cache\Guide\e992fee0e55633bff1ef0c6244f1956d.php 第 55 行.
NOTIC: [8] Undefined index: TempName E:\web\www\tk\Runtime\Cache\Guide\e992fee0e55633bff1ef0c6244f1956d.php 第 57 行.
NOTIC: [8] Undefined index: SubjectID E:\web\www\tk\Runtime\Cache\Guide\e992fee0e55633bff1ef0c6244f1956d.php 第 63 行.
NOTIC: [8] Undefined index: SubjectID E:\web\www\tk\Runtime\Cache\Guide\e992fee0e55633bff1ef0c6244f1956d.php 第 63 行.
NOTIC: [8] Undefined index: SubjectID E:\web\www\tk\Runtime\Cache\Guide\e992fee0e55633bff1ef0c6244f1956d.php 第 63 行.
NOTIC: [8] Undefined index: SubjectID E:\web\www\tk\Runtime\Cache\Guide\e992fee0e55633bff1ef0c6244f1956d.php 第 63 行.
NOTIC: [8] Undefined index: SubjectID E:\web\www\tk\Runtime\Cache\Guide\e992fee0e55633bff1ef0c6244f1956d.php 第 63 行.
NOTIC: [8] Undefined index: SubjectID E:\web\www\tk\Runtime\Cache\Guide\e992fee0e55633bff1ef0c6244f1956d.php 第 63 行.
NOTIC: [8] Undefined index: SubjectID E:\web\www\tk\Runtime\Cache\Guide\e992fee0e55633bff1ef0c6244f1956d.php 第 63 行.
NOTIC: [8] Undefined index: SubjectID E:\web\www\tk\Runtime\Cache\Guide\e992fee0e55633bff1ef0c6244f1956d.php 第 63 行.
NOTIC: [8] Undefined index: SubjectID E:\web\www\tk\Runtime\Cache\Guide\e992fee0e55633bff1ef0c6244f1956d.php 第 63 行.
NOTIC: [8] Undefined index: SubjectID E:\web\www\tk\Runtime\Cache\Guide\e992fee0e55633bff1ef0c6244f1956d.php 第 63 行.
NOTIC: [8] Undefined index: SubjectID E:\web\www\tk\Runtime\Cache\Guide\e992fee0e55633bff1ef0c6244f1956d.php 第 63 行.
NOTIC: [8] Undefined index: SubjectID E:\web\www\tk\Runtime\Cache\Guide\e992fee0e55633bff1ef0c6244f1956d.php 第 63 行.
NOTIC: [8] Undefined index: SubjectID E:\web\www\tk\Runtime\Cache\Guide\e992fee0e55633bff1ef0c6244f1956d.php 第 63 行.
NOTIC: [8] Undefined index: SubjectID E:\web\www\tk\Runtime\Cache\Guide\e992fee0e55633bff1ef0c6244f1956d.php 第 63 行.
NOTIC: [8] Undefined index: SubjectID E:\web\www\tk\Runtime\Cache\Guide\e992fee0e55633bff1ef0c6244f1956d.php 第 63 行.
NOTIC: [8] Undefined index: SubjectID E:\web\www\tk\Runtime\Cache\Guide\e992fee0e55633bff1ef0c6244f1956d.php 第 63 行.
NOTIC: [8] Undefined index: SubjectID E:\web\www\tk\Runtime\Cache\Guide\e992fee0e55633bff1ef0c6244f1956d.php 第 63 行.
NOTIC: [8] Undefined index: SubjectID E:\web\www\tk\Runtime\Cache\Guide\e992fee0e55633bff1ef0c6244f1956d.php 第 63 行.
NOTIC: [8] Undefined index: SubjectID E:\web\www\tk\Runtime\Cache\Guide\e992fee0e55633bff1ef0c6244f1956d.php 第 63 行.
NOTIC: [8] Undefined index: SubjectID E:\web\www\tk\Runtime\Cache\Guide\e992fee0e55633bff1ef0c6244f1956d.php 第 63 行.
NOTIC: [8] Undefined index: SubjectID E:\web\www\tk\Runtime\Cache\Guide\e992fee0e55633bff1ef0c6244f1956d.php 第 63 行.
NOTIC: [8] Undefined index: SubjectID E:\web\www\tk\Runtime\Cache\Guide\e992fee0e55633bff1ef0c6244f1956d.php 第 63 行.
NOTIC: [8] Undefined index: SubjectID E:\web\www\tk\Runtime\Cache\Guide\e992fee0e55633bff1ef0c6244f1956d.php 第 63 行.
NOTIC: [8] Undefined index: SubjectID E:\web\www\tk\Runtime\Cache\Guide\e992fee0e55633bff1ef0c6244f1956d.php 第 63 行.
NOTIC: [8] Undefined index: SubjectID E:\web\www\tk\Runtime\Cache\Guide\e992fee0e55633bff1ef0c6244f1956d.php 第 63 行.
NOTIC: [8] Undefined index: IfSystem E:\web\www\tk\Runtime\Cache\Guide\e992fee0e55633bff1ef0c6244f1956d.php 第 73 行.
NOTIC: [8] Undefined index: IfSystem E:\web\www\tk\Runtime\Cache\Guide\e992fee0e55633bff1ef0c6244f1956d.php 第 74 行.
NOTIC: [8] Undefined index: IfSystem E:\web\www\tk\Runtime\Cache\Guide\e992fee0e55633bff1ef0c6244f1956d.php 第 75 行.
INFO: Run Behavior\ParseTemplateBehavior [ RunTime:0.016211s ]
INFO: [ view_parse ] --END-- [ RunTime:0.016248s ]
INFO: [ view_filter ] --START--
INFO: Run Behavior\WriteHtmlCacheBehavior [ RunTime:0.000355s ]
INFO: Run Behavior\TokenBuildBehavior [ RunTime:0.001595s ]
INFO: [ view_filter ] --END-- [ RunTime:0.002025s ]
INFO: [ app_end ] --START--
INFO: Run Behavior\ShowPageTraceBehavior [ RunTime:0.001958s ]
INFO: [ app_end ] --END-- [ RunTime:0.002040s ]

[ 2017-10-19T13:12:31+08:00 ] 127.0.0.1 /Guide/CaseTpl/edit/id/2413.html
INFO: [ app_init ] --START--
INFO: Run Behavior\BuildLiteBehavior [ RunTime:0.000011s ]
INFO: [ app_init ] --END-- [ RunTime:0.000053s ]
NOTIC: [2] preg_match(): Unknown modifier 'f' E:\web\www\main\Library\Think\Route.class.php 第 58 行.
NOTIC: [2] preg_match(): Unknown modifier 'f' E:\web\www\main\Library\Think\Route.class.php 第 58 行.
INFO: [ app_begin ] --START--
INFO: Run Behavior\ReadHtmlCacheBehavior [ RunTime:0.000638s ]
INFO: [ app_begin ] --END-- [ RunTime:0.000701s ]
NOTIC: [8] Undefined index: Manage E:\web\www\tk\Common\Controller\SystemLayerController.class.php 第 24 行.
NOTIC: [8] Undefined index: Manage E:\web\www\tk\Common\Controller\DefaultController.class.php 第 24 行.
NOTIC: [8] Undefined index: ChapterName E:\web\www\tk\Manage\Model\ChapterModel.class.php 第 490 行.
NOTIC: [8] Undefined offset: 7 E:\web\www\tk\Guide\Model\CaseTplModel.class.php 第 64 行.
NOTIC: [8] Undefined offset: 8 E:\web\www\tk\Guide\Model\CaseTplModel.class.php 第 64 行.
NOTIC: [8] Undefined offset: 9 E:\web\www\tk\Guide\Model\CaseTplModel.class.php 第 64 行.
NOTIC: [8] Undefined offset: 10 E:\web\www\tk\Guide\Model\CaseTplModel.class.php 第 64 行.
NOTIC: [8] Undefined offset: 11 E:\web\www\tk\Guide\Model\CaseTplModel.class.php 第 64 行.
NOTIC: [8] Undefined offset: 13 E:\web\www\tk\Guide\Model\CaseTplModel.class.php 第 64 行.
NOTIC: [8] Undefined offset: 14 E:\web\www\tk\Guide\Model\CaseTplModel.class.php 第 64 行.
NOTIC: [8] Undefined offset: 16 E:\web\www\tk\Guide\Model\CaseTplModel.class.php 第 64 行.
NOTIC: [8] Undefined offset: 17 E:\web\www\tk\Guide\Model\CaseTplModel.class.php 第 64 行.
NOTIC: [8] Undefined offset: 18 E:\web\www\tk\Guide\Model\CaseTplModel.class.php 第 64 行.
INFO: [ view_parse ] --START--
INFO: [ template_filter ] --START--
INFO: Run Behavior\ContentReplaceBehavior [ RunTime:0.000056s ]
INFO: [ template_filter ] --END-- [ RunTime:0.000094s ]
NOTIC: [8] Undefined variable: act E:\web\www\tk\Runtime\Cache\Guide\c487b59279200f5150f9e04979ee4174.php 第 97 行.
INFO: Run Behavior\ParseTemplateBehavior [ RunTime:0.012393s ]
INFO: [ view_parse ] --END-- [ RunTime:0.012463s ]
INFO: [ view_filter ] --START--
INFO: Run Behavior\WriteHtmlCacheBehavior [ RunTime:0.000314s ]
INFO: Run Behavior\TokenBuildBehavior [ RunTime:0.000786s ]
INFO: [ view_filter ] --END-- [ RunTime:0.001152s ]
INFO: [ app_end ] --START--
INFO: Run Behavior\ShowPageTraceBehavior [ RunTime:0.000485s ]
INFO: [ app_end ] --END-- [ RunTime:0.000521s ]

[ 2017-10-19T13:12:46+08:00 ] 127.0.0.1 /Guide/CaseLoreDoc/index.html
INFO: [ app_init ] --START--
INFO: Run Behavior\BuildLiteBehavior [ RunTime:0.000011s ]
INFO: [ app_init ] --END-- [ RunTime:0.000046s ]
NOTIC: [2] preg_match(): Unknown modifier 'f' E:\web\www\main\Library\Think\Route.class.php 第 58 行.
NOTIC: [2] preg_match(): Unknown modifier 'f' E:\web\www\main\Library\Think\Route.class.php 第 58 行.
INFO: [ app_begin ] --START--
INFO: Run Behavior\ReadHtmlCacheBehavior [ RunTime:0.000463s ]
INFO: [ app_begin ] --END-- [ RunTime:0.000501s ]
NOTIC: [8] Undefined index: Manage E:\web\www\tk\Common\Controller\SystemLayerController.class.php 第 24 行.
NOTIC: [8] Undefined index: Manage E:\web\www\tk\Common\Controller\DefaultController.class.php 第 24 行.
NOTIC: [8] Undefined index: p E:\web\www\tk\Guide\Manage\CaseLoreDocManage.class.php 第 50 行.
NOTIC: [2] Missing argument 3 for WLNPage::init() E:\web\www\tk\Common\Tool\WLNPage.class.php 第 50 行.
NOTIC: [8] Undefined variable: thirdPram E:\web\www\tk\Common\Tool\WLNPage.class.php 第 51 行.
NOTIC: [2] array_merge(): Argument #2 is not an array E:\web\www\tk\Common\Tool\WLNPage.class.php 第 51 行.
NOTIC: [2] extract() expects parameter 1 to be array, null given E:\web\www\tk\Common\Tool\WLNPage.class.php 第 52 行.
NOTIC: [8] Undefined variable: parameter E:\web\www\tk\Common\Tool\WLNPage.class.php 第 54 行.
NOTIC: [8] Undefined index: phone E:\web\www\tk\Common\Tool\WLNPage.class.php 第 63 行.
NOTIC: [8] Undefined variable: type E:\web\www\tk\Common\Tool\WLNPage.class.php 第 88 行.
NOTIC: [8] Undefined variable: type E:\web\www\tk\Common\Tool\WLNPage.class.php 第 89 行.
INFO: [ view_parse ] --START--
NOTIC: [8] Undefined index: class E:\web\www\main\Library\Think\Template\TagLib\Html.class.php 第 78 行.
NOTIC: [8] Undefined index: class E:\web\www\main\Library\Think\Template\TagLib\Html.class.php 第 78 行.
INFO: [ template_filter ] --START--
INFO: Run Behavior\ContentReplaceBehavior [ RunTime:0.000072s ]
INFO: [ template_filter ] --END-- [ RunTime:0.000112s ]
NOTIC: [8] Undefined index: name E:\web\www\tk\Runtime\Cache\Guide\98b260923cae8fd15c54e4c48c045314.php 第 48 行.
NOTIC: [8] Undefined index: DocName E:\web\www\tk\Runtime\Cache\Guide\98b260923cae8fd15c54e4c48c045314.php 第 57 行.
NOTIC: [8] Undefined variable: edit E:\web\www\tk\Runtime\Cache\Guide\98b260923cae8fd15c54e4c48c045314.php 第 62 行.
NOTIC: [8] Undefined variable: edit E:\web\www\tk\Runtime\Cache\Guide\98b260923cae8fd15c54e4c48c045314.php 第 62 行.
NOTIC: [8] Undefined variable: edit E:\web\www\tk\Runtime\Cache\Guide\98b260923cae8fd15c54e4c48c045314.php 第 62 行.
NOTIC: [8] Undefined variable: edit E:\web\www\tk\Runtime\Cache\Guide\98b260923cae8fd15c54e4c48c045314.php 第 62 行.
NOTIC: [8] Undefined variable: edit E:\web\www\tk\Runtime\Cache\Guide\98b260923cae8fd15c54e4c48c045314.php 第 62 行.
NOTIC: [8] Undefined variable: edit E:\web\www\tk\Runtime\Cache\Guide\98b260923cae8fd15c54e4c48c045314.php 第 62 行.
NOTIC: [8] Undefined variable: edit E:\web\www\tk\Runtime\Cache\Guide\98b260923cae8fd15c54e4c48c045314.php 第 62 行.
NOTIC: [8] Undefined variable: edit E:\web\www\tk\Runtime\Cache\Guide\98b260923cae8fd15c54e4c48c045314.php 第 62 行.
NOTIC: [8] Undefined variable: edit E:\web\www\tk\Runtime\Cache\Guide\98b260923cae8fd15c54e4c48c045314.php 第 62 行.
NOTIC: [8] Undefined variable: edit E:\web\www\tk\Runtime\Cache\Guide\98b260923cae8fd15c54e4c48c045314.php 第 62 行.
NOTIC: [8] Undefined variable: edit E:\web\www\tk\Runtime\Cache\Guide\98b260923cae8fd15c54e4c48c045314.php 第 62 行.
NOTIC: [8] Undefined variable: edit E:\web\www\tk\Runtime\Cache\Guide\98b260923cae8fd15c54e4c48c045314.php 第 62 行.
NOTIC: [8] Undefined variable: edit E:\web\www\tk\Runtime\Cache\Guide\98b260923cae8fd15c54e4c48c045314.php 第 62 行.
NOTIC: [8] Undefined variable: edit E:\web\www\tk\Runtime\Cache\Guide\98b260923cae8fd15c54e4c48c045314.php 第 62 行.
NOTIC: [8] Undefined variable: edit E:\web\www\tk\Runtime\Cache\Guide\98b260923cae8fd15c54e4c48c045314.php 第 62 行.
NOTIC: [8] Undefined variable: edit E:\web\www\tk\Runtime\Cache\Guide\98b260923cae8fd15c54e4c48c045314.php 第 62 行.
NOTIC: [8] Undefined variable: edit E:\web\www\tk\Runtime\Cache\Guide\98b260923cae8fd15c54e4c48c045314.php 第 62 行.
NOTIC: [8] Undefined variable: edit E:\web\www\tk\Runtime\Cache\Guide\98b260923cae8fd15c54e4c48c045314.php 第 62 行.
NOTIC: [8] Undefined variable: edit E:\web\www\tk\Runtime\Cache\Guide\98b260923cae8fd15c54e4c48c045314.php 第 62 行.
NOTIC: [8] Undefined variable: edit E:\web\www\tk\Runtime\Cache\Guide\98b260923cae8fd15c54e4c48c045314.php 第 62 行.
NOTIC: [8] Undefined variable: edit E:\web\www\tk\Runtime\Cache\Guide\98b260923cae8fd15c54e4c48c045314.php 第 62 行.
NOTIC: [8] Undefined variable: edit E:\web\www\tk\Runtime\Cache\Guide\98b260923cae8fd15c54e4c48c045314.php 第 62 行.
NOTIC: [8] Undefined variable: edit E:\web\www\tk\Runtime\Cache\Guide\98b260923cae8fd15c54e4c48c045314.php 第 62 行.
NOTIC: [8] Undefined variable: edit E:\web\www\tk\Runtime\Cache\Guide\98b260923cae8fd15c54e4c48c045314.php 第 62 行.
NOTIC: [8] Undefined variable: edit E:\web\www\tk\Runtime\Cache\Guide\98b260923cae8fd15c54e4c48c045314.php 第 62 行.
INFO: Run Behavior\ParseTemplateBehavior [ RunTime:0.046298s ]
INFO: [ view_parse ] --END-- [ RunTime:0.046383s ]
INFO: [ view_filter ] --START--
INFO: Run Behavior\WriteHtmlCacheBehavior [ RunTime:0.000585s ]
INFO: Run Behavior\TokenBuildBehavior [ RunTime:0.000838s ]
INFO: [ view_filter ] --END-- [ RunTime:0.001508s ]
INFO: [ app_end ] --START--
INFO: Run Behavior\ShowPageTraceBehavior [ RunTime:0.000823s ]
INFO: [ app_end ] --END-- [ RunTime:0.000880s ]

[ 2017-10-19T13:12:47+08:00 ] 127.0.0.1 /Guide/CaseLore/index.html
INFO: [ app_init ] --START--
INFO: Run Behavior\BuildLiteBehavior [ RunTime:0.000010s ]
INFO: [ app_init ] --END-- [ RunTime:0.000046s ]
NOTIC: [2] preg_match(): Unknown modifier 'f' E:\web\www\main\Library\Think\Route.class.php 第 58 行.
NOTIC: [2] preg_match(): Unknown modifier 'f' E:\web\www\main\Library\Think\Route.class.php 第 58 行.
INFO: [ app_begin ] --START--
INFO: Run Behavior\ReadHtmlCacheBehavior [ RunTime:0.000514s ]
INFO: [ app_begin ] --END-- [ RunTime:0.000552s ]
NOTIC: [8] Undefined index: Manage E:\web\www\tk\Common\Controller\SystemLayerController.class.php 第 24 行.
NOTIC: [8] Undefined index: Manage E:\web\www\tk\Common\Controller\DefaultController.class.php 第 24 行.
NOTIC: [8] Undefined index: name E:\web\www\tk\Guide\Manage\CaseLoreManage.class.php 第 32 行.
NOTIC: [8] Undefined index: LoreID E:\web\www\tk\Guide\Manage\CaseLoreManage.class.php 第 42 行.
NOTIC: [8] Undefined index: SubjectID E:\web\www\tk\Guide\Manage\CaseLoreManage.class.php 第 50 行.
NOTIC: [8] Undefined index: DocID E:\web\www\tk\Guide\Manage\CaseLoreManage.class.php 第 58 行.
NOTIC: [2] Missing argument 3 for WLNPage::init() E:\web\www\tk\Common\Tool\WLNPage.class.php 第 50 行.
NOTIC: [8] Undefined variable: thirdPram E:\web\www\tk\Common\Tool\WLNPage.class.php 第 51 行.
NOTIC: [2] array_merge(): Argument #2 is not an array E:\web\www\tk\Common\Tool\WLNPage.class.php 第 51 行.
NOTIC: [2] extract() expects parameter 1 to be array, null given E:\web\www\tk\Common\Tool\WLNPage.class.php 第 52 行.
NOTIC: [8] Undefined variable: parameter E:\web\www\tk\Common\Tool\WLNPage.class.php 第 54 行.
NOTIC: [8] Undefined index: phone E:\web\www\tk\Common\Tool\WLNPage.class.php 第 63 行.
NOTIC: [8] Undefined variable: type E:\web\www\tk\Common\Tool\WLNPage.class.php 第 88 行.
NOTIC: [8] Undefined variable: type E:\web\www\tk\Common\Tool\WLNPage.class.php 第 89 行.
NOTIC: [8] Undefined index: p E:\web\www\tk\Guide\Manage\CaseLoreManage.class.php 第 74 行.
INFO: [ view_parse ] --START--
NOTIC: [8] Undefined index: class E:\web\www\main\Library\Think\Template\TagLib\Html.class.php 第 78 行.
NOTIC: [8] Undefined index: class E:\web\www\main\Library\Think\Template\TagLib\Html.class.php 第 78 行.
INFO: [ template_filter ] --START--
INFO: Run Behavior\ContentReplaceBehavior [ RunTime:0.000089s ]
INFO: [ template_filter ] --END-- [ RunTime:0.000149s ]
NOTIC: [8] Undefined index: name E:\web\www\tk\Runtime\Cache\Guide\92835ef336baab0cad5a385d1b217604.php 第 49 行.
NOTIC: [8] Undefined index: TestID E:\web\www\tk\Runtime\Cache\Guide\92835ef336baab0cad5a385d1b217604.php 第 57 行.
NOTIC: [8] Undefined variable: edit E:\web\www\tk\Runtime\Cache\Guide\92835ef336baab0cad5a385d1b217604.php 第 62 行.
NOTIC: [8] Undefined variable: edit E:\web\www\tk\Runtime\Cache\Guide\92835ef336baab0cad5a385d1b217604.php 第 62 行.
NOTIC: [8] Undefined variable: edit E:\web\www\tk\Runtime\Cache\Guide\92835ef336baab0cad5a385d1b217604.php 第 62 行.
NOTIC: [8] Undefined variable: edit E:\web\www\tk\Runtime\Cache\Guide\92835ef336baab0cad5a385d1b217604.php 第 62 行.
NOTIC: [8] Undefined variable: edit E:\web\www\tk\Runtime\Cache\Guide\92835ef336baab0cad5a385d1b217604.php 第 62 行.
NOTIC: [8] Undefined variable: edit E:\web\www\tk\Runtime\Cache\Guide\92835ef336baab0cad5a385d1b217604.php 第 62 行.
NOTIC: [8] Undefined variable: edit E:\web\www\tk\Runtime\Cache\Guide\92835ef336baab0cad5a385d1b217604.php 第 62 行.
NOTIC: [8] Undefined variable: edit E:\web\www\tk\Runtime\Cache\Guide\92835ef336baab0cad5a385d1b217604.php 第 62 行.
NOTIC: [8] Undefined variable: edit E:\web\www\tk\Runtime\Cache\Guide\92835ef336baab0cad5a385d1b217604.php 第 62 行.
NOTIC: [8] Undefined variable: edit E:\web\www\tk\Runtime\Cache\Guide\92835ef336baab0cad5a385d1b217604.php 第 62 行.
NOTIC: [8] Undefined variable: edit E:\web\www\tk\Runtime\Cache\Guide\92835ef336baab0cad5a385d1b217604.php 第 62 行.
NOTIC: [8] Undefined variable: edit E:\web\www\tk\Runtime\Cache\Guide\92835ef336baab0cad5a385d1b217604.php 第 62 行.
NOTIC: [8] Undefined variable: edit E:\web\www\tk\Runtime\Cache\Guide\92835ef336baab0cad5a385d1b217604.php 第 62 行.
NOTIC: [8] Undefined variable: edit E:\web\www\tk\Runtime\Cache\Guide\92835ef336baab0cad5a385d1b217604.php 第 62 行.
NOTIC: [8] Undefined variable: edit E:\web\www\tk\Runtime\Cache\Guide\92835ef336baab0cad5a385d1b217604.php 第 62 行.
NOTIC: [8] Undefined variable: edit E:\web\www\tk\Runtime\Cache\Guide\92835ef336baab0cad5a385d1b217604.php 第 62 行.
NOTIC: [8] Undefined variable: edit E:\web\www\tk\Runtime\Cache\Guide\92835ef336baab0cad5a385d1b217604.php 第 62 行.
NOTIC: [8] Undefined variable: edit E:\web\www\tk\Runtime\Cache\Guide\92835ef336baab0cad5a385d1b217604.php 第 62 行.
NOTIC: [8] Undefined variable: edit E:\web\www\tk\Runtime\Cache\Guide\92835ef336baab0cad5a385d1b217604.php 第 62 行.
NOTIC: [8] Undefined variable: edit E:\web\www\tk\Runtime\Cache\Guide\92835ef336baab0cad5a385d1b217604.php 第 62 行.
NOTIC: [8] Undefined variable: edit E:\web\www\tk\Runtime\Cache\Guide\92835ef336baab0cad5a385d1b217604.php 第 62 行.
NOTIC: [8] Undefined variable: edit E:\web\www\tk\Runtime\Cache\Guide\92835ef336baab0cad5a385d1b217604.php 第 62 行.
NOTIC: [8] Undefined variable: edit E:\web\www\tk\Runtime\Cache\Guide\92835ef336baab0cad5a385d1b217604.php 第 62 行.
NOTIC: [8] Undefined variable: edit E:\web\www\tk\Runtime\Cache\Guide\92835ef336baab0cad5a385d1b217604.php 第 62 行.
NOTIC: [8] Undefined variable: edit E:\web\www\tk\Runtime\Cache\Guide\92835ef336baab0cad5a385d1b217604.php 第 62 行.
INFO: Run Behavior\ParseTemplateBehavior [ RunTime:0.013808s ]
INFO: [ view_parse ] --END-- [ RunTime:0.013847s ]
INFO: [ view_filter ] --START--
INFO: Run Behavior\WriteHtmlCacheBehavior [ RunTime:0.000356s ]
INFO: Run Behavior\TokenBuildBehavior [ RunTime:0.000849s ]
INFO: [ view_filter ] --END-- [ RunTime:0.001259s ]
INFO: [ app_end ] --START--
INFO: Run Behavior\ShowPageTraceBehavior [ RunTime:0.000733s ]
INFO: [ app_end ] --END-- [ RunTime:0.000842s ]

[ 2017-10-19T13:12:48+08:00 ] 127.0.0.1 /Guide/CaseMenu/index.html
INFO: [ app_init ] --START--
INFO: Run Behavior\BuildLiteBehavior [ RunTime:0.000011s ]
INFO: [ app_init ] --END-- [ RunTime:0.000062s ]
NOTIC: [2] preg_match(): Unknown modifier 'f' E:\web\www\main\Library\Think\Route.class.php 第 58 行.
NOTIC: [2] preg_match(): Unknown modifier 'f' E:\web\www\main\Library\Think\Route.class.php 第 58 行.
INFO: [ app_begin ] --START--
INFO: Run Behavior\ReadHtmlCacheBehavior [ RunTime:0.000569s ]
INFO: [ app_begin ] --END-- [ RunTime:0.000609s ]
NOTIC: [8] Undefined index: Manage E:\web\www\tk\Common\Controller\SystemLayerController.class.php 第 24 行.
NOTIC: [8] Undefined index: Manage E:\web\www\tk\Common\Controller\DefaultController.class.php 第 24 行.
NOTIC: [8] Undefined index: name E:\web\www\tk\Guide\Manage\CaseMenuManage.class.php 第 23 行.
NOTIC: [8] Undefined index: SubjectID E:\web\www\tk\Guide\Manage\CaseMenuManage.class.php 第 29 行.
NOTIC: [8] Undefined index: ForumID E:\web\www\tk\Guide\Manage\CaseMenuManage.class.php 第 38 行.
NOTIC: [8] Undefined index: p E:\web\www\tk\Guide\Manage\CaseMenuManage.class.php 第 50 行.
NOTIC: [2] Missing argument 3 for WLNPage::init() E:\web\www\tk\Common\Tool\WLNPage.class.php 第 50 行.
NOTIC: [8] Undefined variable: thirdPram E:\web\www\tk\Common\Tool\WLNPage.class.php 第 51 行.
NOTIC: [2] array_merge(): Argument #2 is not an array E:\web\www\tk\Common\Tool\WLNPage.class.php 第 51 行.
NOTIC: [2] extract() expects parameter 1 to be array, null given E:\web\www\tk\Common\Tool\WLNPage.class.php 第 52 行.
NOTIC: [8] Undefined variable: parameter E:\web\www\tk\Common\Tool\WLNPage.class.php 第 54 行.
NOTIC: [8] Undefined index: phone E:\web\www\tk\Common\Tool\WLNPage.class.php 第 63 行.
NOTIC: [8] Undefined variable: type E:\web\www\tk\Common\Tool\WLNPage.class.php 第 88 行.
NOTIC: [8] Undefined variable: type E:\web\www\tk\Common\Tool\WLNPage.class.php 第 89 行.
INFO: [ view_parse ] --START--
NOTIC: [8] Undefined index: class E:\web\www\main\Library\Think\Template\TagLib\Html.class.php 第 78 行.
NOTIC: [8] Undefined index: class E:\web\www\main\Library\Think\Template\TagLib\Html.class.php 第 78 行.
INFO: [ template_filter ] --START--
INFO: Run Behavior\ContentReplaceBehavior [ RunTime:0.000072s ]
INFO: [ template_filter ] --END-- [ RunTime:0.000111s ]
NOTIC: [8] Undefined index: name E:\web\www\tk\Runtime\Cache\Guide\497f1af9780ce379695207cacbc38db1.php 第 47 行.
NOTIC: [8] Undefined variable: edit E:\web\www\tk\Runtime\Cache\Guide\497f1af9780ce379695207cacbc38db1.php 第 59 行.
NOTIC: [8] Undefined variable: edit E:\web\www\tk\Runtime\Cache\Guide\497f1af9780ce379695207cacbc38db1.php 第 59 行.
NOTIC: [8] Undefined variable: edit E:\web\www\tk\Runtime\Cache\Guide\497f1af9780ce379695207cacbc38db1.php 第 59 行.
NOTIC: [8] Undefined variable: edit E:\web\www\tk\Runtime\Cache\Guide\497f1af9780ce379695207cacbc38db1.php 第 59 行.
NOTIC: [8] Undefined variable: edit E:\web\www\tk\Runtime\Cache\Guide\497f1af9780ce379695207cacbc38db1.php 第 59 行.
NOTIC: [8] Undefined variable: edit E:\web\www\tk\Runtime\Cache\Guide\497f1af9780ce379695207cacbc38db1.php 第 59 行.
NOTIC: [8] Undefined variable: edit E:\web\www\tk\Runtime\Cache\Guide\497f1af9780ce379695207cacbc38db1.php 第 59 行.
NOTIC: [8] Undefined variable: edit E:\web\www\tk\Runtime\Cache\Guide\497f1af9780ce379695207cacbc38db1.php 第 59 行.
NOTIC: [8] Undefined variable: edit E:\web\www\tk\Runtime\Cache\Guide\497f1af9780ce379695207cacbc38db1.php 第 59 行.
NOTIC: [8] Undefined variable: edit E:\web\www\tk\Runtime\Cache\Guide\497f1af9780ce379695207cacbc38db1.php 第 59 行.
NOTIC: [8] Undefined variable: edit E:\web\www\tk\Runtime\Cache\Guide\497f1af9780ce379695207cacbc38db1.php 第 59 行.
NOTIC: [8] Undefined variable: edit E:\web\www\tk\Runtime\Cache\Guide\497f1af9780ce379695207cacbc38db1.php 第 59 行.
NOTIC: [8] Undefined variable: edit E:\web\www\tk\Runtime\Cache\Guide\497f1af9780ce379695207cacbc38db1.php 第 59 行.
NOTIC: [8] Undefined variable: edit E:\web\www\tk\Runtime\Cache\Guide\497f1af9780ce379695207cacbc38db1.php 第 59 行.
NOTIC: [8] Undefined variable: edit E:\web\www\tk\Runtime\Cache\Guide\497f1af9780ce379695207cacbc38db1.php 第 59 行.
NOTIC: [8] Undefined variable: edit E:\web\www\tk\Runtime\Cache\Guide\497f1af9780ce379695207cacbc38db1.php 第 59 行.
NOTIC: [8] Undefined variable: edit E:\web\www\tk\Runtime\Cache\Guide\497f1af9780ce379695207cacbc38db1.php 第 59 行.
NOTIC: [8] Undefined variable: edit E:\web\www\tk\Runtime\Cache\Guide\497f1af9780ce379695207cacbc38db1.php 第 59 行.
NOTIC: [8] Undefined variable: edit E:\web\www\tk\Runtime\Cache\Guide\497f1af9780ce379695207cacbc38db1.php 第 59 行.
NOTIC: [8] Undefined variable: edit E:\web\www\tk\Runtime\Cache\Guide\497f1af9780ce379695207cacbc38db1.php 第 59 行.
NOTIC: [8] Undefined variable: edit E:\web\www\tk\Runtime\Cache\Guide\497f1af9780ce379695207cacbc38db1.php 第 59 行.
NOTIC: [8] Undefined variable: edit E:\web\www\tk\Runtime\Cache\Guide\497f1af9780ce379695207cacbc38db1.php 第 59 行.
NOTIC: [8] Undefined variable: edit E:\web\www\tk\Runtime\Cache\Guide\497f1af9780ce379695207cacbc38db1.php 第 59 行.
NOTIC: [8] Undefined variable: edit E:\web\www\tk\Runtime\Cache\Guide\497f1af9780ce379695207cacbc38db1.php 第 59 行.
NOTIC: [8] Undefined variable: edit E:\web\www\tk\Runtime\Cache\Guide\497f1af9780ce379695207cacbc38db1.php 第 59 行.
INFO: Run Behavior\ParseTemplateBehavior [ RunTime:0.013793s ]
INFO: [ view_parse ] --END-- [ RunTime:0.013830s ]
INFO: [ view_filter ] --START--
INFO: Run Behavior\WriteHtmlCacheBehavior [ RunTime:0.000302s ]
INFO: Run Behavior\TokenBuildBehavior [ RunTime:0.000968s ]
INFO: [ view_filter ] --END-- [ RunTime:0.001349s ]
INFO: [ app_end ] --START--
INFO: Run Behavior\ShowPageTraceBehavior [ RunTime:0.000762s ]
INFO: [ app_end ] --END-- [ RunTime:0.000801s ]

[ 2017-10-19T13:12:52+08:00 ] 127.0.0.1 /Guide/CaseMenu/edit/id/119.html
INFO: [ app_init ] --START--
INFO: Run Behavior\BuildLiteBehavior [ RunTime:0.000013s ]
INFO: [ app_init ] --END-- [ RunTime:0.000059s ]
NOTIC: [2] preg_match(): Unknown modifier 'f' E:\web\www\main\Library\Think\Route.class.php 第 58 行.
NOTIC: [2] preg_match(): Unknown modifier 'f' E:\web\www\main\Library\Think\Route.class.php 第 58 行.
INFO: [ app_begin ] --START--
INFO: Run Behavior\ReadHtmlCacheBehavior [ RunTime:0.000648s ]
INFO: [ app_begin ] --END-- [ RunTime:0.000687s ]
NOTIC: [8] Undefined index: Manage E:\web\www\tk\Common\Controller\SystemLayerController.class.php 第 24 行.
NOTIC: [8] Undefined index: Manage E:\web\www\tk\Common\Controller\DefaultController.class.php 第 24 行.
INFO: [ view_parse ] --START--
INFO: [ template_filter ] --START--
INFO: Run Behavior\ContentReplaceBehavior [ RunTime:0.000061s ]
INFO: [ template_filter ] --END-- [ RunTime:0.000100s ]
INFO: Run Behavior\ParseTemplateBehavior [ RunTime:0.037578s ]
INFO: [ view_parse ] --END-- [ RunTime:0.037623s ]
INFO: [ view_filter ] --START--
INFO: Run Behavior\WriteHtmlCacheBehavior [ RunTime:0.000388s ]
INFO: Run Behavior\TokenBuildBehavior [ RunTime:0.000860s ]
INFO: [ view_filter ] --END-- [ RunTime:0.001339s ]
INFO: [ app_end ] --START--
INFO: Run Behavior\ShowPageTraceBehavior [ RunTime:0.000550s ]
INFO: [ app_end ] --END-- [ RunTime:0.000584s ]

[ 2017-10-19T13:12:56+08:00 ] 127.0.0.1 /Guide/CaseLoreDocLabel/index.html
INFO: [ app_init ] --START--
INFO: Run Behavior\BuildLiteBehavior [ RunTime:0.000025s ]
INFO: [ app_init ] --END-- [ RunTime:0.000075s ]
NOTIC: [2] preg_match(): Unknown modifier 'f' E:\web\www\main\Library\Think\Route.class.php 第 58 行.
NOTIC: [2] preg_match(): Unknown modifier 'f' E:\web\www\main\Library\Think\Route.class.php 第 58 行.
INFO: [ app_begin ] --START--
INFO: Run Behavior\ReadHtmlCacheBehavior [ RunTime:0.000560s ]
INFO: [ app_begin ] --END-- [ RunTime:0.000618s ]
NOTIC: [8] Undefined index: Manage E:\web\www\tk\Common\Controller\SystemLayerController.class.php 第 24 行.
NOTIC: [8] Undefined index: Manage E:\web\www\tk\Common\Controller\DefaultController.class.php 第 24 行.
INFO: [ view_parse ] --START--
INFO: [ template_filter ] --START--
INFO: Run Behavior\ContentReplaceBehavior [ RunTime:0.000076s ]
INFO: [ template_filter ] --END-- [ RunTime:0.000117s ]
INFO: Run Behavior\ParseTemplateBehavior [ RunTime:0.056692s ]
INFO: [ view_parse ] --END-- [ RunTime:0.056735s ]
INFO: [ view_filter ] --START--
INFO: Run Behavior\WriteHtmlCacheBehavior [ RunTime:0.000346s ]
INFO: Run Behavior\TokenBuildBehavior [ RunTime:0.000642s ]
INFO: [ view_filter ] --END-- [ RunTime:0.001040s ]
INFO: [ app_end ] --START--
INFO: Run Behavior\ShowPageTraceBehavior [ RunTime:0.000621s ]
INFO: [ app_end ] --END-- [ RunTime:0.000652s ]

[ 2017-10-19T13:13:01+08:00 ] 127.0.0.1 /Guide/CaseMyLore/index.html
INFO: [ app_init ] --START--
INFO: Run Behavior\BuildLiteBehavior [ RunTime:0.000013s ]
INFO: [ app_init ] --END-- [ RunTime:0.000058s ]
NOTIC: [2] preg_match(): Unknown modifier 'f' E:\web\www\main\Library\Think\Route.class.php 第 58 行.
NOTIC: [2] preg_match(): Unknown modifier 'f' E:\web\www\main\Library\Think\Route.class.php 第 58 行.
INFO: [ app_begin ] --START--
INFO: Run Behavior\ReadHtmlCacheBehavior [ RunTime:0.000555s ]
INFO: [ app_begin ] --END-- [ RunTime:0.000593s ]
NOTIC: [8] Undefined index: Manage E:\web\www\tk\Common\Controller\SystemLayerController.class.php 第 24 行.
NOTIC: [8] Undefined index: Manage E:\web\www\tk\Common\Controller\DefaultController.class.php 第 24 行.
NOTIC: [8] Undefined index: UserName E:\web\www\tk\Guide\Model\CaseCustomLoreModel.class.php 第 107 行.
NOTIC: [8] Undefined index: chapterid E:\web\www\tk\Guide\Model\CaseCustomLoreModel.class.php 第 110 行.
NOTIC: [8] Undefined offset: 23 E:\web\www\tk\Common\Model\ApiCacheModel.class.php 第 170 行.
NOTIC: [2] Missing argument 3 for WLNPage::init() E:\web\www\tk\Common\Tool\WLNPage.class.php 第 50 行.
NOTIC: [8] Undefined variable: thirdPram E:\web\www\tk\Common\Tool\WLNPage.class.php 第 51 行.
NOTIC: [2] array_merge(): Argument #2 is not an array E:\web\www\tk\Common\Tool\WLNPage.class.php 第 51 行.
NOTIC: [2] extract() expects parameter 1 to be array, null given E:\web\www\tk\Common\Tool\WLNPage.class.php 第 52 行.
NOTIC: [8] Undefined variable: parameter E:\web\www\tk\Common\Tool\WLNPage.class.php 第 54 行.
NOTIC: [8] Undefined index: phone E:\web\www\tk\Common\Tool\WLNPage.class.php 第 63 行.
NOTIC: [8] Undefined variable: type E:\web\www\tk\Common\Tool\WLNPage.class.php 第 88 行.
NOTIC: [8] Undefined variable: type E:\web\www\tk\Common\Tool\WLNPage.class.php 第 89 行.
INFO: [ view_parse ] --START--
NOTIC: [8] Undefined index: class E:\web\www\main\Library\Think\Template\TagLib\Html.class.php 第 78 行.
NOTIC: [8] Undefined index: class E:\web\www\main\Library\Think\Template\TagLib\Html.class.php 第 78 行.
INFO: [ template_filter ] --START--
INFO: Run Behavior\ContentReplaceBehavior [ RunTime:0.000104s ]
INFO: [ template_filter ] --END-- [ RunTime:0.000153s ]
NOTIC: [8] Undefined index: name E:\web\www\tk\Runtime\Cache\Guide\a494b03b593c54d9c1d1250b9bbdeea8.php 第 55 行.
NOTIC: [8] Undefined index: TestID E:\web\www\tk\Runtime\Cache\Guide\a494b03b593c54d9c1d1250b9bbdeea8.php 第 66 行.
INFO: Run Behavior\ParseTemplateBehavior [ RunTime:0.020342s ]
INFO: [ view_parse ] --END-- [ RunTime:0.020375s ]
INFO: [ view_filter ] --START--
INFO: Run Behavior\WriteHtmlCacheBehavior [ RunTime:0.000309s ]
INFO: Run Behavior\TokenBuildBehavior [ RunTime:0.000820s ]
INFO: [ view_filter ] --END-- [ RunTime:0.001184s ]
INFO: [ app_end ] --START--
INFO: Run Behavior\ShowPageTraceBehavior [ RunTime:0.000924s ]
INFO: [ app_end ] --END-- [ RunTime:0.000984s ]

