[ 2017-10-16T09:32:03+08:00 ] 115.60.60.60 /Guide/CaseTpl/index.html
INFO: [ app_init ] --START--
INFO: Run Behavior\BuildLiteBehavior [ RunTime:0.000000s ]
INFO: [ app_init ] --END-- [ RunTime:0.000000s ]
NOTIC: [2] preg_match(): Unknown modifier 'f' E:\www\www\main\Library\Think\Route.class.php 第 58 行.
NOTIC: [2] preg_match(): Unknown modifier 'f' E:\www\www\main\Library\Think\Route.class.php 第 58 行.
INFO: [ app_begin ] --START--
INFO: Run Behavior\ReadHtmlCacheBehavior [ RunTime:0.000000s ]
INFO: [ app_begin ] --END-- [ RunTime:0.000977s ]
NOTIC: [8] Undefined index: Manage E:\www\www\tk\Common\Controller\SystemLayerController.class.php 第 24 行.
NOTIC: [8] Undefined index: Manage E:\www\www\tk\Common\Controller\DefaultController.class.php 第 24 行.
NOTIC: [8] Undefined index: name E:\www\www\tk\Guide\Manage\CaseTplManage.class.php 第 24 行.
NOTIC: [8] Undefined index: UserName E:\www\www\tk\Guide\Manage\CaseTplManage.class.php 第 30 行.
NOTIC: [8] Undefined index: TempName E:\www\www\tk\Guide\Manage\CaseTplManage.class.php 第 34 行.
NOTIC: [8] Undefined index: SubjectID E:\www\www\tk\Guide\Manage\CaseTplManage.class.php 第 38 行.
NOTIC: [8] Undefined index: IfSystem E:\www\www\tk\Guide\Manage\CaseTplManage.class.php 第 42 行.
NOTIC: [8] Undefined index: p E:\www\www\tk\Guide\Manage\CaseTplManage.class.php 第 53 行.
NOTIC: [2] Missing argument 3 for WLNPage::init() E:\www\www\tk\Common\Tool\WLNPage.class.php 第 50 行.
NOTIC: [8] Undefined variable: thirdPram E:\www\www\tk\Common\Tool\WLNPage.class.php 第 51 行.
NOTIC: [2] array_merge(): Argument #2 is not an array E:\www\www\tk\Common\Tool\WLNPage.class.php 第 51 行.
NOTIC: [2] extract() expects parameter 1 to be array, null given E:\www\www\tk\Common\Tool\WLNPage.class.php 第 52 行.
NOTIC: [8] Undefined variable: parameter E:\www\www\tk\Common\Tool\WLNPage.class.php 第 54 行.
NOTIC: [8] Undefined index: phone E:\www\www\tk\Common\Tool\WLNPage.class.php 第 63 行.
NOTIC: [8] Undefined variable: type E:\www\www\tk\Common\Tool\WLNPage.class.php 第 88 行.
NOTIC: [8] Undefined variable: type E:\www\www\tk\Common\Tool\WLNPage.class.php 第 89 行.
NOTIC: [8] Undefined index: ChapterName E:\www\www\tk\Manage\Model\ChapterModel.class.php 第 490 行.
NOTIC: [8] Undefined index: ChapterName E:\www\www\tk\Manage\Model\ChapterModel.class.php 第 490 行.
NOTIC: [8] Undefined index: ChapterName E:\www\www\tk\Manage\Model\ChapterModel.class.php 第 490 行.
NOTIC: [8] Undefined index: ChapterName E:\www\www\tk\Manage\Model\ChapterModel.class.php 第 490 行.
NOTIC: [8] Undefined index: ChapterName E:\www\www\tk\Manage\Model\ChapterModel.class.php 第 490 行.
NOTIC: [8] Undefined index: ChapterName E:\www\www\tk\Manage\Model\ChapterModel.class.php 第 490 行.
NOTIC: [8] Undefined index: ChapterName E:\www\www\tk\Manage\Model\ChapterModel.class.php 第 490 行.
NOTIC: [8] Undefined index: ChapterName E:\www\www\tk\Manage\Model\ChapterModel.class.php 第 490 行.
NOTIC: [8] Undefined index: ChapterName E:\www\www\tk\Manage\Model\ChapterModel.class.php 第 490 行.
NOTIC: [8] Undefined index: ChapterName E:\www\www\tk\Manage\Model\ChapterModel.class.php 第 490 行.
NOTIC: [8] Undefined index: ChapterName E:\www\www\tk\Manage\Model\ChapterModel.class.php 第 490 行.
NOTIC: [8] Undefined index: ChapterName E:\www\www\tk\Manage\Model\ChapterModel.class.php 第 490 行.
NOTIC: [8] Undefined index: ChapterName E:\www\www\tk\Manage\Model\ChapterModel.class.php 第 490 行.
NOTIC: [8] Undefined index: ChapterName E:\www\www\tk\Manage\Model\ChapterModel.class.php 第 490 行.
NOTIC: [8] Undefined index: ChapterName E:\www\www\tk\Manage\Model\ChapterModel.class.php 第 490 行.
NOTIC: [8] Undefined index: ChapterName E:\www\www\tk\Manage\Model\ChapterModel.class.php 第 490 行.
NOTIC: [8] Undefined index: ChapterName E:\www\www\tk\Manage\Model\ChapterModel.class.php 第 490 行.
NOTIC: [8] Undefined index: ChapterName E:\www\www\tk\Manage\Model\ChapterModel.class.php 第 490 行.
NOTIC: [8] Undefined index: ChapterName E:\www\www\tk\Manage\Model\ChapterModel.class.php 第 490 行.
NOTIC: [8] Undefined index: ChapterName E:\www\www\tk\Manage\Model\ChapterModel.class.php 第 490 行.
INFO: [ view_parse ] --START--
NOTIC: [8] Undefined index: class E:\www\www\main\Library\Think\Template\TagLib\Html.class.php 第 78 行.
NOTIC: [8] Undefined index: class E:\www\www\main\Library\Think\Template\TagLib\Html.class.php 第 78 行.
INFO: [ template_filter ] --START--
INFO: Run Behavior\ContentReplaceBehavior [ RunTime:0.000000s ]
INFO: [ template_filter ] --END-- [ RunTime:0.000000s ]
NOTIC: [8] Undefined index: name E:\www\www\tk\Runtime\Cache\Guide\e992fee0e55633bff1ef0c6244f1956d.php 第 47 行.
NOTIC: [8] Undefined index: UserName E:\www\www\tk\Runtime\Cache\Guide\e992fee0e55633bff1ef0c6244f1956d.php 第 55 行.
NOTIC: [8] Undefined index: TempName E:\www\www\tk\Runtime\Cache\Guide\e992fee0e55633bff1ef0c6244f1956d.php 第 57 行.
NOTIC: [8] Undefined index: SubjectID E:\www\www\tk\Runtime\Cache\Guide\e992fee0e55633bff1ef0c6244f1956d.php 第 63 行.
NOTIC: [8] Undefined index: SubjectID E:\www\www\tk\Runtime\Cache\Guide\e992fee0e55633bff1ef0c6244f1956d.php 第 63 行.
NOTIC: [8] Undefined index: SubjectID E:\www\www\tk\Runtime\Cache\Guide\e992fee0e55633bff1ef0c6244f1956d.php 第 63 行.
NOTIC: [8] Undefined index: SubjectID E:\www\www\tk\Runtime\Cache\Guide\e992fee0e55633bff1ef0c6244f1956d.php 第 63 行.
NOTIC: [8] Undefined index: SubjectID E:\www\www\tk\Runtime\Cache\Guide\e992fee0e55633bff1ef0c6244f1956d.php 第 63 行.
NOTIC: [8] Undefined index: SubjectID E:\www\www\tk\Runtime\Cache\Guide\e992fee0e55633bff1ef0c6244f1956d.php 第 63 行.
NOTIC: [8] Undefined index: SubjectID E:\www\www\tk\Runtime\Cache\Guide\e992fee0e55633bff1ef0c6244f1956d.php 第 63 行.
NOTIC: [8] Undefined index: SubjectID E:\www\www\tk\Runtime\Cache\Guide\e992fee0e55633bff1ef0c6244f1956d.php 第 63 行.
NOTIC: [8] Undefined index: SubjectID E:\www\www\tk\Runtime\Cache\Guide\e992fee0e55633bff1ef0c6244f1956d.php 第 63 行.
NOTIC: [8] Undefined index: SubjectID E:\www\www\tk\Runtime\Cache\Guide\e992fee0e55633bff1ef0c6244f1956d.php 第 63 行.
NOTIC: [8] Undefined index: SubjectID E:\www\www\tk\Runtime\Cache\Guide\e992fee0e55633bff1ef0c6244f1956d.php 第 63 行.
NOTIC: [8] Undefined index: SubjectID E:\www\www\tk\Runtime\Cache\Guide\e992fee0e55633bff1ef0c6244f1956d.php 第 63 行.
NOTIC: [8] Undefined index: SubjectID E:\www\www\tk\Runtime\Cache\Guide\e992fee0e55633bff1ef0c6244f1956d.php 第 63 行.
NOTIC: [8] Undefined index: SubjectID E:\www\www\tk\Runtime\Cache\Guide\e992fee0e55633bff1ef0c6244f1956d.php 第 63 行.
NOTIC: [8] Undefined index: SubjectID E:\www\www\tk\Runtime\Cache\Guide\e992fee0e55633bff1ef0c6244f1956d.php 第 63 行.
NOTIC: [8] Undefined index: SubjectID E:\www\www\tk\Runtime\Cache\Guide\e992fee0e55633bff1ef0c6244f1956d.php 第 63 行.
NOTIC: [8] Undefined index: SubjectID E:\www\www\tk\Runtime\Cache\Guide\e992fee0e55633bff1ef0c6244f1956d.php 第 63 行.
NOTIC: [8] Undefined index: SubjectID E:\www\www\tk\Runtime\Cache\Guide\e992fee0e55633bff1ef0c6244f1956d.php 第 63 行.
NOTIC: [8] Undefined index: SubjectID E:\www\www\tk\Runtime\Cache\Guide\e992fee0e55633bff1ef0c6244f1956d.php 第 63 行.
NOTIC: [8] Undefined index: SubjectID E:\www\www\tk\Runtime\Cache\Guide\e992fee0e55633bff1ef0c6244f1956d.php 第 63 行.
NOTIC: [8] Undefined index: SubjectID E:\www\www\tk\Runtime\Cache\Guide\e992fee0e55633bff1ef0c6244f1956d.php 第 63 行.
NOTIC: [8] Undefined index: SubjectID E:\www\www\tk\Runtime\Cache\Guide\e992fee0e55633bff1ef0c6244f1956d.php 第 63 行.
NOTIC: [8] Undefined index: SubjectID E:\www\www\tk\Runtime\Cache\Guide\e992fee0e55633bff1ef0c6244f1956d.php 第 63 行.
NOTIC: [8] Undefined index: SubjectID E:\www\www\tk\Runtime\Cache\Guide\e992fee0e55633bff1ef0c6244f1956d.php 第 63 行.
NOTIC: [8] Undefined index: SubjectID E:\www\www\tk\Runtime\Cache\Guide\e992fee0e55633bff1ef0c6244f1956d.php 第 63 行.
NOTIC: [8] Undefined index: IfSystem E:\www\www\tk\Runtime\Cache\Guide\e992fee0e55633bff1ef0c6244f1956d.php 第 73 行.
NOTIC: [8] Undefined index: IfSystem E:\www\www\tk\Runtime\Cache\Guide\e992fee0e55633bff1ef0c6244f1956d.php 第 74 行.
NOTIC: [8] Undefined index: IfSystem E:\www\www\tk\Runtime\Cache\Guide\e992fee0e55633bff1ef0c6244f1956d.php 第 75 行.
INFO: Run Behavior\ParseTemplateBehavior [ RunTime:0.014649s ]
INFO: [ view_parse ] --END-- [ RunTime:0.014649s ]
INFO: [ view_filter ] --START--
INFO: Run Behavior\WriteHtmlCacheBehavior [ RunTime:0.000000s ]
INFO: Run Behavior\TokenBuildBehavior [ RunTime:0.001953s ]
INFO: [ view_filter ] --END-- [ RunTime:0.001953s ]
INFO: [ app_end ] --START--
INFO: Run Behavior\ShowPageTraceBehavior [ RunTime:0.000977s ]
INFO: [ app_end ] --END-- [ RunTime:0.000977s ]

[ 2017-10-16T09:32:05+08:00 ] 115.60.60.60 /Guide/CaseLoreDoc/index.html
INFO: [ app_init ] --START--
INFO: Run Behavior\BuildLiteBehavior [ RunTime:0.000000s ]
INFO: [ app_init ] --END-- [ RunTime:0.000977s ]
NOTIC: [2] preg_match(): Unknown modifier 'f' E:\www\www\main\Library\Think\Route.class.php 第 58 行.
NOTIC: [2] preg_match(): Unknown modifier 'f' E:\www\www\main\Library\Think\Route.class.php 第 58 行.
INFO: [ app_begin ] --START--
INFO: Run Behavior\ReadHtmlCacheBehavior [ RunTime:0.000976s ]
INFO: [ app_begin ] --END-- [ RunTime:0.000976s ]
NOTIC: [8] Undefined index: Manage E:\www\www\tk\Common\Controller\SystemLayerController.class.php 第 24 行.
NOTIC: [8] Undefined index: Manage E:\www\www\tk\Common\Controller\DefaultController.class.php 第 24 行.
NOTIC: [8] Undefined index: p E:\www\www\tk\Guide\Manage\CaseLoreDocManage.class.php 第 50 行.
NOTIC: [2] Missing argument 3 for WLNPage::init() E:\www\www\tk\Common\Tool\WLNPage.class.php 第 50 行.
NOTIC: [8] Undefined variable: thirdPram E:\www\www\tk\Common\Tool\WLNPage.class.php 第 51 行.
NOTIC: [2] array_merge(): Argument #2 is not an array E:\www\www\tk\Common\Tool\WLNPage.class.php 第 51 行.
NOTIC: [2] extract() expects parameter 1 to be array, null given E:\www\www\tk\Common\Tool\WLNPage.class.php 第 52 行.
NOTIC: [8] Undefined variable: parameter E:\www\www\tk\Common\Tool\WLNPage.class.php 第 54 行.
NOTIC: [8] Undefined index: phone E:\www\www\tk\Common\Tool\WLNPage.class.php 第 63 行.
NOTIC: [8] Undefined variable: type E:\www\www\tk\Common\Tool\WLNPage.class.php 第 88 行.
NOTIC: [8] Undefined variable: type E:\www\www\tk\Common\Tool\WLNPage.class.php 第 89 行.
INFO: [ view_parse ] --START--
NOTIC: [8] Undefined index: class E:\www\www\main\Library\Think\Template\TagLib\Html.class.php 第 78 行.
NOTIC: [8] Undefined index: class E:\www\www\main\Library\Think\Template\TagLib\Html.class.php 第 78 行.
INFO: [ template_filter ] --START--
INFO: Run Behavior\ContentReplaceBehavior [ RunTime:0.000000s ]
INFO: [ template_filter ] --END-- [ RunTime:0.000000s ]
NOTIC: [8] Undefined index: name E:\www\www\tk\Runtime\Cache\Guide\98b260923cae8fd15c54e4c48c045314.php 第 48 行.
NOTIC: [8] Undefined index: DocName E:\www\www\tk\Runtime\Cache\Guide\98b260923cae8fd15c54e4c48c045314.php 第 57 行.
NOTIC: [8] Undefined variable: edit E:\www\www\tk\Runtime\Cache\Guide\98b260923cae8fd15c54e4c48c045314.php 第 62 行.
NOTIC: [8] Undefined variable: edit E:\www\www\tk\Runtime\Cache\Guide\98b260923cae8fd15c54e4c48c045314.php 第 62 行.
NOTIC: [8] Undefined variable: edit E:\www\www\tk\Runtime\Cache\Guide\98b260923cae8fd15c54e4c48c045314.php 第 62 行.
NOTIC: [8] Undefined variable: edit E:\www\www\tk\Runtime\Cache\Guide\98b260923cae8fd15c54e4c48c045314.php 第 62 行.
NOTIC: [8] Undefined variable: edit E:\www\www\tk\Runtime\Cache\Guide\98b260923cae8fd15c54e4c48c045314.php 第 62 行.
NOTIC: [8] Undefined variable: edit E:\www\www\tk\Runtime\Cache\Guide\98b260923cae8fd15c54e4c48c045314.php 第 62 行.
NOTIC: [8] Undefined variable: edit E:\www\www\tk\Runtime\Cache\Guide\98b260923cae8fd15c54e4c48c045314.php 第 62 行.
NOTIC: [8] Undefined variable: edit E:\www\www\tk\Runtime\Cache\Guide\98b260923cae8fd15c54e4c48c045314.php 第 62 行.
NOTIC: [8] Undefined variable: edit E:\www\www\tk\Runtime\Cache\Guide\98b260923cae8fd15c54e4c48c045314.php 第 62 行.
NOTIC: [8] Undefined variable: edit E:\www\www\tk\Runtime\Cache\Guide\98b260923cae8fd15c54e4c48c045314.php 第 62 行.
NOTIC: [8] Undefined variable: edit E:\www\www\tk\Runtime\Cache\Guide\98b260923cae8fd15c54e4c48c045314.php 第 62 行.
NOTIC: [8] Undefined variable: edit E:\www\www\tk\Runtime\Cache\Guide\98b260923cae8fd15c54e4c48c045314.php 第 62 行.
NOTIC: [8] Undefined variable: edit E:\www\www\tk\Runtime\Cache\Guide\98b260923cae8fd15c54e4c48c045314.php 第 62 行.
NOTIC: [8] Undefined variable: edit E:\www\www\tk\Runtime\Cache\Guide\98b260923cae8fd15c54e4c48c045314.php 第 62 行.
NOTIC: [8] Undefined variable: edit E:\www\www\tk\Runtime\Cache\Guide\98b260923cae8fd15c54e4c48c045314.php 第 62 行.
NOTIC: [8] Undefined variable: edit E:\www\www\tk\Runtime\Cache\Guide\98b260923cae8fd15c54e4c48c045314.php 第 62 行.
NOTIC: [8] Undefined variable: edit E:\www\www\tk\Runtime\Cache\Guide\98b260923cae8fd15c54e4c48c045314.php 第 62 行.
NOTIC: [8] Undefined variable: edit E:\www\www\tk\Runtime\Cache\Guide\98b260923cae8fd15c54e4c48c045314.php 第 62 行.
NOTIC: [8] Undefined variable: edit E:\www\www\tk\Runtime\Cache\Guide\98b260923cae8fd15c54e4c48c045314.php 第 62 行.
NOTIC: [8] Undefined variable: edit E:\www\www\tk\Runtime\Cache\Guide\98b260923cae8fd15c54e4c48c045314.php 第 62 行.
NOTIC: [8] Undefined variable: edit E:\www\www\tk\Runtime\Cache\Guide\98b260923cae8fd15c54e4c48c045314.php 第 62 行.
NOTIC: [8] Undefined variable: edit E:\www\www\tk\Runtime\Cache\Guide\98b260923cae8fd15c54e4c48c045314.php 第 62 行.
NOTIC: [8] Undefined variable: edit E:\www\www\tk\Runtime\Cache\Guide\98b260923cae8fd15c54e4c48c045314.php 第 62 行.
NOTIC: [8] Undefined variable: edit E:\www\www\tk\Runtime\Cache\Guide\98b260923cae8fd15c54e4c48c045314.php 第 62 行.
NOTIC: [8] Undefined variable: edit E:\www\www\tk\Runtime\Cache\Guide\98b260923cae8fd15c54e4c48c045314.php 第 62 行.
INFO: Run Behavior\ParseTemplateBehavior [ RunTime:0.014649s ]
INFO: [ view_parse ] --END-- [ RunTime:0.014649s ]
INFO: [ view_filter ] --START--
INFO: Run Behavior\WriteHtmlCacheBehavior [ RunTime:0.000000s ]
INFO: Run Behavior\TokenBuildBehavior [ RunTime:0.000976s ]
INFO: [ view_filter ] --END-- [ RunTime:0.000976s ]
INFO: [ app_end ] --START--
INFO: Run Behavior\ShowPageTraceBehavior [ RunTime:0.000977s ]
INFO: [ app_end ] --END-- [ RunTime:0.000977s ]

[ 2017-10-16T09:32:07+08:00 ] 115.60.60.60 /Guide/CaseLore/index.html
INFO: [ app_init ] --START--
INFO: Run Behavior\BuildLiteBehavior [ RunTime:0.000000s ]
INFO: [ app_init ] --END-- [ RunTime:0.000000s ]
NOTIC: [2] preg_match(): Unknown modifier 'f' E:\www\www\main\Library\Think\Route.class.php 第 58 行.
NOTIC: [2] preg_match(): Unknown modifier 'f' E:\www\www\main\Library\Think\Route.class.php 第 58 行.
INFO: [ app_begin ] --START--
INFO: Run Behavior\ReadHtmlCacheBehavior [ RunTime:0.000976s ]
INFO: [ app_begin ] --END-- [ RunTime:0.000976s ]
NOTIC: [8] Undefined index: Manage E:\www\www\tk\Common\Controller\SystemLayerController.class.php 第 24 行.
NOTIC: [8] Undefined index: Manage E:\www\www\tk\Common\Controller\DefaultController.class.php 第 24 行.
NOTIC: [8] Undefined index: name E:\www\www\tk\Guide\Manage\CaseLoreManage.class.php 第 32 行.
NOTIC: [8] Undefined index: LoreID E:\www\www\tk\Guide\Manage\CaseLoreManage.class.php 第 42 行.
NOTIC: [8] Undefined index: SubjectID E:\www\www\tk\Guide\Manage\CaseLoreManage.class.php 第 50 行.
NOTIC: [8] Undefined index: DocID E:\www\www\tk\Guide\Manage\CaseLoreManage.class.php 第 58 行.
NOTIC: [2] Missing argument 3 for WLNPage::init() E:\www\www\tk\Common\Tool\WLNPage.class.php 第 50 行.
NOTIC: [8] Undefined variable: thirdPram E:\www\www\tk\Common\Tool\WLNPage.class.php 第 51 行.
NOTIC: [2] array_merge(): Argument #2 is not an array E:\www\www\tk\Common\Tool\WLNPage.class.php 第 51 行.
NOTIC: [2] extract() expects parameter 1 to be array, null given E:\www\www\tk\Common\Tool\WLNPage.class.php 第 52 行.
NOTIC: [8] Undefined variable: parameter E:\www\www\tk\Common\Tool\WLNPage.class.php 第 54 行.
NOTIC: [8] Undefined index: phone E:\www\www\tk\Common\Tool\WLNPage.class.php 第 63 行.
NOTIC: [8] Undefined variable: type E:\www\www\tk\Common\Tool\WLNPage.class.php 第 88 行.
NOTIC: [8] Undefined variable: type E:\www\www\tk\Common\Tool\WLNPage.class.php 第 89 行.
NOTIC: [8] Undefined index: p E:\www\www\tk\Guide\Manage\CaseLoreManage.class.php 第 74 行.
INFO: [ view_parse ] --START--
NOTIC: [8] Undefined index: class E:\www\www\main\Library\Think\Template\TagLib\Html.class.php 第 78 行.
NOTIC: [8] Undefined index: class E:\www\www\main\Library\Think\Template\TagLib\Html.class.php 第 78 行.
INFO: [ template_filter ] --START--
INFO: Run Behavior\ContentReplaceBehavior [ RunTime:0.000000s ]
INFO: [ template_filter ] --END-- [ RunTime:0.000000s ]
NOTIC: [8] Undefined index: name E:\www\www\tk\Runtime\Cache\Guide\92835ef336baab0cad5a385d1b217604.php 第 49 行.
NOTIC: [8] Undefined index: TestID E:\www\www\tk\Runtime\Cache\Guide\92835ef336baab0cad5a385d1b217604.php 第 57 行.
NOTIC: [8] Undefined variable: edit E:\www\www\tk\Runtime\Cache\Guide\92835ef336baab0cad5a385d1b217604.php 第 62 行.
NOTIC: [8] Undefined variable: edit E:\www\www\tk\Runtime\Cache\Guide\92835ef336baab0cad5a385d1b217604.php 第 62 行.
NOTIC: [8] Undefined variable: edit E:\www\www\tk\Runtime\Cache\Guide\92835ef336baab0cad5a385d1b217604.php 第 62 行.
NOTIC: [8] Undefined variable: edit E:\www\www\tk\Runtime\Cache\Guide\92835ef336baab0cad5a385d1b217604.php 第 62 行.
NOTIC: [8] Undefined variable: edit E:\www\www\tk\Runtime\Cache\Guide\92835ef336baab0cad5a385d1b217604.php 第 62 行.
NOTIC: [8] Undefined variable: edit E:\www\www\tk\Runtime\Cache\Guide\92835ef336baab0cad5a385d1b217604.php 第 62 行.
NOTIC: [8] Undefined variable: edit E:\www\www\tk\Runtime\Cache\Guide\92835ef336baab0cad5a385d1b217604.php 第 62 行.
NOTIC: [8] Undefined variable: edit E:\www\www\tk\Runtime\Cache\Guide\92835ef336baab0cad5a385d1b217604.php 第 62 行.
NOTIC: [8] Undefined variable: edit E:\www\www\tk\Runtime\Cache\Guide\92835ef336baab0cad5a385d1b217604.php 第 62 行.
NOTIC: [8] Undefined variable: edit E:\www\www\tk\Runtime\Cache\Guide\92835ef336baab0cad5a385d1b217604.php 第 62 行.
NOTIC: [8] Undefined variable: edit E:\www\www\tk\Runtime\Cache\Guide\92835ef336baab0cad5a385d1b217604.php 第 62 行.
NOTIC: [8] Undefined variable: edit E:\www\www\tk\Runtime\Cache\Guide\92835ef336baab0cad5a385d1b217604.php 第 62 行.
NOTIC: [8] Undefined variable: edit E:\www\www\tk\Runtime\Cache\Guide\92835ef336baab0cad5a385d1b217604.php 第 62 行.
NOTIC: [8] Undefined variable: edit E:\www\www\tk\Runtime\Cache\Guide\92835ef336baab0cad5a385d1b217604.php 第 62 行.
NOTIC: [8] Undefined variable: edit E:\www\www\tk\Runtime\Cache\Guide\92835ef336baab0cad5a385d1b217604.php 第 62 行.
NOTIC: [8] Undefined variable: edit E:\www\www\tk\Runtime\Cache\Guide\92835ef336baab0cad5a385d1b217604.php 第 62 行.
NOTIC: [8] Undefined variable: edit E:\www\www\tk\Runtime\Cache\Guide\92835ef336baab0cad5a385d1b217604.php 第 62 行.
NOTIC: [8] Undefined variable: edit E:\www\www\tk\Runtime\Cache\Guide\92835ef336baab0cad5a385d1b217604.php 第 62 行.
NOTIC: [8] Undefined variable: edit E:\www\www\tk\Runtime\Cache\Guide\92835ef336baab0cad5a385d1b217604.php 第 62 行.
NOTIC: [8] Undefined variable: edit E:\www\www\tk\Runtime\Cache\Guide\92835ef336baab0cad5a385d1b217604.php 第 62 行.
NOTIC: [8] Undefined variable: edit E:\www\www\tk\Runtime\Cache\Guide\92835ef336baab0cad5a385d1b217604.php 第 62 行.
NOTIC: [8] Undefined variable: edit E:\www\www\tk\Runtime\Cache\Guide\92835ef336baab0cad5a385d1b217604.php 第 62 行.
NOTIC: [8] Undefined variable: edit E:\www\www\tk\Runtime\Cache\Guide\92835ef336baab0cad5a385d1b217604.php 第 62 行.
NOTIC: [8] Undefined variable: edit E:\www\www\tk\Runtime\Cache\Guide\92835ef336baab0cad5a385d1b217604.php 第 62 行.
NOTIC: [8] Undefined variable: edit E:\www\www\tk\Runtime\Cache\Guide\92835ef336baab0cad5a385d1b217604.php 第 62 行.
INFO: Run Behavior\ParseTemplateBehavior [ RunTime:0.013672s ]
INFO: [ view_parse ] --END-- [ RunTime:0.013672s ]
INFO: [ view_filter ] --START--
INFO: Run Behavior\WriteHtmlCacheBehavior [ RunTime:0.000000s ]
INFO: Run Behavior\TokenBuildBehavior [ RunTime:0.000977s ]
INFO: [ view_filter ] --END-- [ RunTime:0.000977s ]
INFO: [ app_end ] --START--
INFO: Run Behavior\ShowPageTraceBehavior [ RunTime:0.000977s ]
INFO: [ app_end ] --END-- [ RunTime:0.000977s ]

[ 2017-10-16T09:32:16+08:00 ] 115.60.60.60 /Guide/CaseTpl/index.html
INFO: [ app_init ] --START--
INFO: Run Behavior\BuildLiteBehavior [ RunTime:0.000000s ]
INFO: [ app_init ] --END-- [ RunTime:0.000977s ]
NOTIC: [2] preg_match(): Unknown modifier 'f' E:\www\www\main\Library\Think\Route.class.php 第 58 行.
NOTIC: [2] preg_match(): Unknown modifier 'f' E:\www\www\main\Library\Think\Route.class.php 第 58 行.
INFO: [ app_begin ] --START--
INFO: Run Behavior\ReadHtmlCacheBehavior [ RunTime:0.000976s ]
INFO: [ app_begin ] --END-- [ RunTime:0.000976s ]
NOTIC: [8] Undefined index: Manage E:\www\www\tk\Common\Controller\SystemLayerController.class.php 第 24 行.
NOTIC: [8] Undefined index: Manage E:\www\www\tk\Common\Controller\DefaultController.class.php 第 24 行.
NOTIC: [8] Undefined index: name E:\www\www\tk\Guide\Manage\CaseTplManage.class.php 第 24 行.
NOTIC: [8] Undefined index: UserName E:\www\www\tk\Guide\Manage\CaseTplManage.class.php 第 30 行.
NOTIC: [8] Undefined index: TempName E:\www\www\tk\Guide\Manage\CaseTplManage.class.php 第 34 行.
NOTIC: [8] Undefined index: SubjectID E:\www\www\tk\Guide\Manage\CaseTplManage.class.php 第 38 行.
NOTIC: [8] Undefined index: IfSystem E:\www\www\tk\Guide\Manage\CaseTplManage.class.php 第 42 行.
NOTIC: [8] Undefined index: p E:\www\www\tk\Guide\Manage\CaseTplManage.class.php 第 53 行.
NOTIC: [2] Missing argument 3 for WLNPage::init() E:\www\www\tk\Common\Tool\WLNPage.class.php 第 50 行.
NOTIC: [8] Undefined variable: thirdPram E:\www\www\tk\Common\Tool\WLNPage.class.php 第 51 行.
NOTIC: [2] array_merge(): Argument #2 is not an array E:\www\www\tk\Common\Tool\WLNPage.class.php 第 51 行.
NOTIC: [2] extract() expects parameter 1 to be array, null given E:\www\www\tk\Common\Tool\WLNPage.class.php 第 52 行.
NOTIC: [8] Undefined variable: parameter E:\www\www\tk\Common\Tool\WLNPage.class.php 第 54 行.
NOTIC: [8] Undefined index: phone E:\www\www\tk\Common\Tool\WLNPage.class.php 第 63 行.
NOTIC: [8] Undefined variable: type E:\www\www\tk\Common\Tool\WLNPage.class.php 第 88 行.
NOTIC: [8] Undefined variable: type E:\www\www\tk\Common\Tool\WLNPage.class.php 第 89 行.
NOTIC: [8] Undefined index: ChapterName E:\www\www\tk\Manage\Model\ChapterModel.class.php 第 490 行.
NOTIC: [8] Undefined index: ChapterName E:\www\www\tk\Manage\Model\ChapterModel.class.php 第 490 行.
NOTIC: [8] Undefined index: ChapterName E:\www\www\tk\Manage\Model\ChapterModel.class.php 第 490 行.
NOTIC: [8] Undefined index: ChapterName E:\www\www\tk\Manage\Model\ChapterModel.class.php 第 490 行.
NOTIC: [8] Undefined index: ChapterName E:\www\www\tk\Manage\Model\ChapterModel.class.php 第 490 行.
NOTIC: [8] Undefined index: ChapterName E:\www\www\tk\Manage\Model\ChapterModel.class.php 第 490 行.
NOTIC: [8] Undefined index: ChapterName E:\www\www\tk\Manage\Model\ChapterModel.class.php 第 490 行.
NOTIC: [8] Undefined index: ChapterName E:\www\www\tk\Manage\Model\ChapterModel.class.php 第 490 行.
NOTIC: [8] Undefined index: ChapterName E:\www\www\tk\Manage\Model\ChapterModel.class.php 第 490 行.
NOTIC: [8] Undefined index: ChapterName E:\www\www\tk\Manage\Model\ChapterModel.class.php 第 490 行.
NOTIC: [8] Undefined index: ChapterName E:\www\www\tk\Manage\Model\ChapterModel.class.php 第 490 行.
NOTIC: [8] Undefined index: ChapterName E:\www\www\tk\Manage\Model\ChapterModel.class.php 第 490 行.
NOTIC: [8] Undefined index: ChapterName E:\www\www\tk\Manage\Model\ChapterModel.class.php 第 490 行.
NOTIC: [8] Undefined index: ChapterName E:\www\www\tk\Manage\Model\ChapterModel.class.php 第 490 行.
NOTIC: [8] Undefined index: ChapterName E:\www\www\tk\Manage\Model\ChapterModel.class.php 第 490 行.
NOTIC: [8] Undefined index: ChapterName E:\www\www\tk\Manage\Model\ChapterModel.class.php 第 490 行.
NOTIC: [8] Undefined index: ChapterName E:\www\www\tk\Manage\Model\ChapterModel.class.php 第 490 行.
NOTIC: [8] Undefined index: ChapterName E:\www\www\tk\Manage\Model\ChapterModel.class.php 第 490 行.
NOTIC: [8] Undefined index: ChapterName E:\www\www\tk\Manage\Model\ChapterModel.class.php 第 490 行.
NOTIC: [8] Undefined index: ChapterName E:\www\www\tk\Manage\Model\ChapterModel.class.php 第 490 行.
INFO: [ view_parse ] --START--
NOTIC: [8] Undefined index: class E:\www\www\main\Library\Think\Template\TagLib\Html.class.php 第 78 行.
NOTIC: [8] Undefined index: class E:\www\www\main\Library\Think\Template\TagLib\Html.class.php 第 78 行.
INFO: [ template_filter ] --START--
INFO: Run Behavior\ContentReplaceBehavior [ RunTime:0.000000s ]
INFO: [ template_filter ] --END-- [ RunTime:0.000000s ]
NOTIC: [8] Undefined index: name E:\www\www\tk\Runtime\Cache\Guide\e992fee0e55633bff1ef0c6244f1956d.php 第 47 行.
NOTIC: [8] Undefined index: UserName E:\www\www\tk\Runtime\Cache\Guide\e992fee0e55633bff1ef0c6244f1956d.php 第 55 行.
NOTIC: [8] Undefined index: TempName E:\www\www\tk\Runtime\Cache\Guide\e992fee0e55633bff1ef0c6244f1956d.php 第 57 行.
NOTIC: [8] Undefined index: SubjectID E:\www\www\tk\Runtime\Cache\Guide\e992fee0e55633bff1ef0c6244f1956d.php 第 63 行.
NOTIC: [8] Undefined index: SubjectID E:\www\www\tk\Runtime\Cache\Guide\e992fee0e55633bff1ef0c6244f1956d.php 第 63 行.
NOTIC: [8] Undefined index: SubjectID E:\www\www\tk\Runtime\Cache\Guide\e992fee0e55633bff1ef0c6244f1956d.php 第 63 行.
NOTIC: [8] Undefined index: SubjectID E:\www\www\tk\Runtime\Cache\Guide\e992fee0e55633bff1ef0c6244f1956d.php 第 63 行.
NOTIC: [8] Undefined index: SubjectID E:\www\www\tk\Runtime\Cache\Guide\e992fee0e55633bff1ef0c6244f1956d.php 第 63 行.
NOTIC: [8] Undefined index: SubjectID E:\www\www\tk\Runtime\Cache\Guide\e992fee0e55633bff1ef0c6244f1956d.php 第 63 行.
NOTIC: [8] Undefined index: SubjectID E:\www\www\tk\Runtime\Cache\Guide\e992fee0e55633bff1ef0c6244f1956d.php 第 63 行.
NOTIC: [8] Undefined index: SubjectID E:\www\www\tk\Runtime\Cache\Guide\e992fee0e55633bff1ef0c6244f1956d.php 第 63 行.
NOTIC: [8] Undefined index: SubjectID E:\www\www\tk\Runtime\Cache\Guide\e992fee0e55633bff1ef0c6244f1956d.php 第 63 行.
NOTIC: [8] Undefined index: SubjectID E:\www\www\tk\Runtime\Cache\Guide\e992fee0e55633bff1ef0c6244f1956d.php 第 63 行.
NOTIC: [8] Undefined index: SubjectID E:\www\www\tk\Runtime\Cache\Guide\e992fee0e55633bff1ef0c6244f1956d.php 第 63 行.
NOTIC: [8] Undefined index: SubjectID E:\www\www\tk\Runtime\Cache\Guide\e992fee0e55633bff1ef0c6244f1956d.php 第 63 行.
NOTIC: [8] Undefined index: SubjectID E:\www\www\tk\Runtime\Cache\Guide\e992fee0e55633bff1ef0c6244f1956d.php 第 63 行.
NOTIC: [8] Undefined index: SubjectID E:\www\www\tk\Runtime\Cache\Guide\e992fee0e55633bff1ef0c6244f1956d.php 第 63 行.
NOTIC: [8] Undefined index: SubjectID E:\www\www\tk\Runtime\Cache\Guide\e992fee0e55633bff1ef0c6244f1956d.php 第 63 行.
NOTIC: [8] Undefined index: SubjectID E:\www\www\tk\Runtime\Cache\Guide\e992fee0e55633bff1ef0c6244f1956d.php 第 63 行.
NOTIC: [8] Undefined index: SubjectID E:\www\www\tk\Runtime\Cache\Guide\e992fee0e55633bff1ef0c6244f1956d.php 第 63 行.
NOTIC: [8] Undefined index: SubjectID E:\www\www\tk\Runtime\Cache\Guide\e992fee0e55633bff1ef0c6244f1956d.php 第 63 行.
NOTIC: [8] Undefined index: SubjectID E:\www\www\tk\Runtime\Cache\Guide\e992fee0e55633bff1ef0c6244f1956d.php 第 63 行.
NOTIC: [8] Undefined index: SubjectID E:\www\www\tk\Runtime\Cache\Guide\e992fee0e55633bff1ef0c6244f1956d.php 第 63 行.
NOTIC: [8] Undefined index: SubjectID E:\www\www\tk\Runtime\Cache\Guide\e992fee0e55633bff1ef0c6244f1956d.php 第 63 行.
NOTIC: [8] Undefined index: SubjectID E:\www\www\tk\Runtime\Cache\Guide\e992fee0e55633bff1ef0c6244f1956d.php 第 63 行.
NOTIC: [8] Undefined index: SubjectID E:\www\www\tk\Runtime\Cache\Guide\e992fee0e55633bff1ef0c6244f1956d.php 第 63 行.
NOTIC: [8] Undefined index: SubjectID E:\www\www\tk\Runtime\Cache\Guide\e992fee0e55633bff1ef0c6244f1956d.php 第 63 行.
NOTIC: [8] Undefined index: SubjectID E:\www\www\tk\Runtime\Cache\Guide\e992fee0e55633bff1ef0c6244f1956d.php 第 63 行.
NOTIC: [8] Undefined index: IfSystem E:\www\www\tk\Runtime\Cache\Guide\e992fee0e55633bff1ef0c6244f1956d.php 第 73 行.
NOTIC: [8] Undefined index: IfSystem E:\www\www\tk\Runtime\Cache\Guide\e992fee0e55633bff1ef0c6244f1956d.php 第 74 行.
NOTIC: [8] Undefined index: IfSystem E:\www\www\tk\Runtime\Cache\Guide\e992fee0e55633bff1ef0c6244f1956d.php 第 75 行.
INFO: Run Behavior\ParseTemplateBehavior [ RunTime:0.014649s ]
INFO: [ view_parse ] --END-- [ RunTime:0.014649s ]
INFO: [ view_filter ] --START--
INFO: Run Behavior\WriteHtmlCacheBehavior [ RunTime:0.000000s ]
INFO: Run Behavior\TokenBuildBehavior [ RunTime:0.001954s ]
INFO: [ view_filter ] --END-- [ RunTime:0.001954s ]
INFO: [ app_end ] --START--
INFO: Run Behavior\ShowPageTraceBehavior [ RunTime:0.000977s ]
INFO: [ app_end ] --END-- [ RunTime:0.000977s ]

[ 2017-10-16T09:32:17+08:00 ] 115.60.60.60 /Guide/CaseLoreDoc/index.html
INFO: [ app_init ] --START--
INFO: Run Behavior\BuildLiteBehavior [ RunTime:0.000000s ]
INFO: [ app_init ] --END-- [ RunTime:0.000977s ]
NOTIC: [2] preg_match(): Unknown modifier 'f' E:\www\www\main\Library\Think\Route.class.php 第 58 行.
NOTIC: [2] preg_match(): Unknown modifier 'f' E:\www\www\main\Library\Think\Route.class.php 第 58 行.
INFO: [ app_begin ] --START--
INFO: Run Behavior\ReadHtmlCacheBehavior [ RunTime:0.000977s ]
INFO: [ app_begin ] --END-- [ RunTime:0.000977s ]
NOTIC: [8] Undefined index: Manage E:\www\www\tk\Common\Controller\SystemLayerController.class.php 第 24 行.
NOTIC: [8] Undefined index: Manage E:\www\www\tk\Common\Controller\DefaultController.class.php 第 24 行.
NOTIC: [8] Undefined index: p E:\www\www\tk\Guide\Manage\CaseLoreDocManage.class.php 第 50 行.
NOTIC: [2] Missing argument 3 for WLNPage::init() E:\www\www\tk\Common\Tool\WLNPage.class.php 第 50 行.
NOTIC: [8] Undefined variable: thirdPram E:\www\www\tk\Common\Tool\WLNPage.class.php 第 51 行.
NOTIC: [2] array_merge(): Argument #2 is not an array E:\www\www\tk\Common\Tool\WLNPage.class.php 第 51 行.
NOTIC: [2] extract() expects parameter 1 to be array, null given E:\www\www\tk\Common\Tool\WLNPage.class.php 第 52 行.
NOTIC: [8] Undefined variable: parameter E:\www\www\tk\Common\Tool\WLNPage.class.php 第 54 行.
NOTIC: [8] Undefined index: phone E:\www\www\tk\Common\Tool\WLNPage.class.php 第 63 行.
NOTIC: [8] Undefined variable: type E:\www\www\tk\Common\Tool\WLNPage.class.php 第 88 行.
NOTIC: [8] Undefined variable: type E:\www\www\tk\Common\Tool\WLNPage.class.php 第 89 行.
INFO: [ view_parse ] --START--
NOTIC: [8] Undefined index: class E:\www\www\main\Library\Think\Template\TagLib\Html.class.php 第 78 行.
NOTIC: [8] Undefined index: class E:\www\www\main\Library\Think\Template\TagLib\Html.class.php 第 78 行.
INFO: [ template_filter ] --START--
INFO: Run Behavior\ContentReplaceBehavior [ RunTime:0.000000s ]
INFO: [ template_filter ] --END-- [ RunTime:0.000000s ]
NOTIC: [8] Undefined index: name E:\www\www\tk\Runtime\Cache\Guide\98b260923cae8fd15c54e4c48c045314.php 第 48 行.
NOTIC: [8] Undefined index: DocName E:\www\www\tk\Runtime\Cache\Guide\98b260923cae8fd15c54e4c48c045314.php 第 57 行.
NOTIC: [8] Undefined variable: edit E:\www\www\tk\Runtime\Cache\Guide\98b260923cae8fd15c54e4c48c045314.php 第 62 行.
NOTIC: [8] Undefined variable: edit E:\www\www\tk\Runtime\Cache\Guide\98b260923cae8fd15c54e4c48c045314.php 第 62 行.
NOTIC: [8] Undefined variable: edit E:\www\www\tk\Runtime\Cache\Guide\98b260923cae8fd15c54e4c48c045314.php 第 62 行.
NOTIC: [8] Undefined variable: edit E:\www\www\tk\Runtime\Cache\Guide\98b260923cae8fd15c54e4c48c045314.php 第 62 行.
NOTIC: [8] Undefined variable: edit E:\www\www\tk\Runtime\Cache\Guide\98b260923cae8fd15c54e4c48c045314.php 第 62 行.
NOTIC: [8] Undefined variable: edit E:\www\www\tk\Runtime\Cache\Guide\98b260923cae8fd15c54e4c48c045314.php 第 62 行.
NOTIC: [8] Undefined variable: edit E:\www\www\tk\Runtime\Cache\Guide\98b260923cae8fd15c54e4c48c045314.php 第 62 行.
NOTIC: [8] Undefined variable: edit E:\www\www\tk\Runtime\Cache\Guide\98b260923cae8fd15c54e4c48c045314.php 第 62 行.
NOTIC: [8] Undefined variable: edit E:\www\www\tk\Runtime\Cache\Guide\98b260923cae8fd15c54e4c48c045314.php 第 62 行.
NOTIC: [8] Undefined variable: edit E:\www\www\tk\Runtime\Cache\Guide\98b260923cae8fd15c54e4c48c045314.php 第 62 行.
NOTIC: [8] Undefined variable: edit E:\www\www\tk\Runtime\Cache\Guide\98b260923cae8fd15c54e4c48c045314.php 第 62 行.
NOTIC: [8] Undefined variable: edit E:\www\www\tk\Runtime\Cache\Guide\98b260923cae8fd15c54e4c48c045314.php 第 62 行.
NOTIC: [8] Undefined variable: edit E:\www\www\tk\Runtime\Cache\Guide\98b260923cae8fd15c54e4c48c045314.php 第 62 行.
NOTIC: [8] Undefined variable: edit E:\www\www\tk\Runtime\Cache\Guide\98b260923cae8fd15c54e4c48c045314.php 第 62 行.
NOTIC: [8] Undefined variable: edit E:\www\www\tk\Runtime\Cache\Guide\98b260923cae8fd15c54e4c48c045314.php 第 62 行.
NOTIC: [8] Undefined variable: edit E:\www\www\tk\Runtime\Cache\Guide\98b260923cae8fd15c54e4c48c045314.php 第 62 行.
NOTIC: [8] Undefined variable: edit E:\www\www\tk\Runtime\Cache\Guide\98b260923cae8fd15c54e4c48c045314.php 第 62 行.
NOTIC: [8] Undefined variable: edit E:\www\www\tk\Runtime\Cache\Guide\98b260923cae8fd15c54e4c48c045314.php 第 62 行.
NOTIC: [8] Undefined variable: edit E:\www\www\tk\Runtime\Cache\Guide\98b260923cae8fd15c54e4c48c045314.php 第 62 行.
NOTIC: [8] Undefined variable: edit E:\www\www\tk\Runtime\Cache\Guide\98b260923cae8fd15c54e4c48c045314.php 第 62 行.
NOTIC: [8] Undefined variable: edit E:\www\www\tk\Runtime\Cache\Guide\98b260923cae8fd15c54e4c48c045314.php 第 62 行.
NOTIC: [8] Undefined variable: edit E:\www\www\tk\Runtime\Cache\Guide\98b260923cae8fd15c54e4c48c045314.php 第 62 行.
NOTIC: [8] Undefined variable: edit E:\www\www\tk\Runtime\Cache\Guide\98b260923cae8fd15c54e4c48c045314.php 第 62 行.
NOTIC: [8] Undefined variable: edit E:\www\www\tk\Runtime\Cache\Guide\98b260923cae8fd15c54e4c48c045314.php 第 62 行.
NOTIC: [8] Undefined variable: edit E:\www\www\tk\Runtime\Cache\Guide\98b260923cae8fd15c54e4c48c045314.php 第 62 行.
INFO: Run Behavior\ParseTemplateBehavior [ RunTime:0.013672s ]
INFO: [ view_parse ] --END-- [ RunTime:0.013672s ]
INFO: [ view_filter ] --START--
INFO: Run Behavior\WriteHtmlCacheBehavior [ RunTime:0.000977s ]
INFO: Run Behavior\TokenBuildBehavior [ RunTime:0.000000s ]
INFO: [ view_filter ] --END-- [ RunTime:0.000977s ]
INFO: [ app_end ] --START--
INFO: Run Behavior\ShowPageTraceBehavior [ RunTime:0.000977s ]
INFO: [ app_end ] --END-- [ RunTime:0.000977s ]

[ 2017-10-16T09:32:18+08:00 ] 115.60.60.60 /Guide/CaseLore/index.html
INFO: [ app_init ] --START--
INFO: Run Behavior\BuildLiteBehavior [ RunTime:0.000000s ]
INFO: [ app_init ] --END-- [ RunTime:0.000000s ]
NOTIC: [2] preg_match(): Unknown modifier 'f' E:\www\www\main\Library\Think\Route.class.php 第 58 行.
NOTIC: [2] preg_match(): Unknown modifier 'f' E:\www\www\main\Library\Think\Route.class.php 第 58 行.
INFO: [ app_begin ] --START--
INFO: Run Behavior\ReadHtmlCacheBehavior [ RunTime:0.000000s ]
INFO: [ app_begin ] --END-- [ RunTime:0.000000s ]
NOTIC: [8] Undefined index: Manage E:\www\www\tk\Common\Controller\SystemLayerController.class.php 第 24 行.
NOTIC: [8] Undefined index: Manage E:\www\www\tk\Common\Controller\DefaultController.class.php 第 24 行.
NOTIC: [8] Undefined index: name E:\www\www\tk\Guide\Manage\CaseLoreManage.class.php 第 32 行.
NOTIC: [8] Undefined index: LoreID E:\www\www\tk\Guide\Manage\CaseLoreManage.class.php 第 42 行.
NOTIC: [8] Undefined index: SubjectID E:\www\www\tk\Guide\Manage\CaseLoreManage.class.php 第 50 行.
NOTIC: [8] Undefined index: DocID E:\www\www\tk\Guide\Manage\CaseLoreManage.class.php 第 58 行.
NOTIC: [2] Missing argument 3 for WLNPage::init() E:\www\www\tk\Common\Tool\WLNPage.class.php 第 50 行.
NOTIC: [8] Undefined variable: thirdPram E:\www\www\tk\Common\Tool\WLNPage.class.php 第 51 行.
NOTIC: [2] array_merge(): Argument #2 is not an array E:\www\www\tk\Common\Tool\WLNPage.class.php 第 51 行.
NOTIC: [2] extract() expects parameter 1 to be array, null given E:\www\www\tk\Common\Tool\WLNPage.class.php 第 52 行.
NOTIC: [8] Undefined variable: parameter E:\www\www\tk\Common\Tool\WLNPage.class.php 第 54 行.
NOTIC: [8] Undefined index: phone E:\www\www\tk\Common\Tool\WLNPage.class.php 第 63 行.
NOTIC: [8] Undefined variable: type E:\www\www\tk\Common\Tool\WLNPage.class.php 第 88 行.
NOTIC: [8] Undefined variable: type E:\www\www\tk\Common\Tool\WLNPage.class.php 第 89 行.
NOTIC: [8] Undefined index: p E:\www\www\tk\Guide\Manage\CaseLoreManage.class.php 第 74 行.
INFO: [ view_parse ] --START--
NOTIC: [8] Undefined index: class E:\www\www\main\Library\Think\Template\TagLib\Html.class.php 第 78 行.
NOTIC: [8] Undefined index: class E:\www\www\main\Library\Think\Template\TagLib\Html.class.php 第 78 行.
INFO: [ template_filter ] --START--
INFO: Run Behavior\ContentReplaceBehavior [ RunTime:0.000000s ]
INFO: [ template_filter ] --END-- [ RunTime:0.000000s ]
NOTIC: [8] Undefined index: name E:\www\www\tk\Runtime\Cache\Guide\92835ef336baab0cad5a385d1b217604.php 第 49 行.
NOTIC: [8] Undefined index: TestID E:\www\www\tk\Runtime\Cache\Guide\92835ef336baab0cad5a385d1b217604.php 第 57 行.
NOTIC: [8] Undefined variable: edit E:\www\www\tk\Runtime\Cache\Guide\92835ef336baab0cad5a385d1b217604.php 第 62 行.
NOTIC: [8] Undefined variable: edit E:\www\www\tk\Runtime\Cache\Guide\92835ef336baab0cad5a385d1b217604.php 第 62 行.
NOTIC: [8] Undefined variable: edit E:\www\www\tk\Runtime\Cache\Guide\92835ef336baab0cad5a385d1b217604.php 第 62 行.
NOTIC: [8] Undefined variable: edit E:\www\www\tk\Runtime\Cache\Guide\92835ef336baab0cad5a385d1b217604.php 第 62 行.
NOTIC: [8] Undefined variable: edit E:\www\www\tk\Runtime\Cache\Guide\92835ef336baab0cad5a385d1b217604.php 第 62 行.
NOTIC: [8] Undefined variable: edit E:\www\www\tk\Runtime\Cache\Guide\92835ef336baab0cad5a385d1b217604.php 第 62 行.
NOTIC: [8] Undefined variable: edit E:\www\www\tk\Runtime\Cache\Guide\92835ef336baab0cad5a385d1b217604.php 第 62 行.
NOTIC: [8] Undefined variable: edit E:\www\www\tk\Runtime\Cache\Guide\92835ef336baab0cad5a385d1b217604.php 第 62 行.
NOTIC: [8] Undefined variable: edit E:\www\www\tk\Runtime\Cache\Guide\92835ef336baab0cad5a385d1b217604.php 第 62 行.
NOTIC: [8] Undefined variable: edit E:\www\www\tk\Runtime\Cache\Guide\92835ef336baab0cad5a385d1b217604.php 第 62 行.
NOTIC: [8] Undefined variable: edit E:\www\www\tk\Runtime\Cache\Guide\92835ef336baab0cad5a385d1b217604.php 第 62 行.
NOTIC: [8] Undefined variable: edit E:\www\www\tk\Runtime\Cache\Guide\92835ef336baab0cad5a385d1b217604.php 第 62 行.
NOTIC: [8] Undefined variable: edit E:\www\www\tk\Runtime\Cache\Guide\92835ef336baab0cad5a385d1b217604.php 第 62 行.
NOTIC: [8] Undefined variable: edit E:\www\www\tk\Runtime\Cache\Guide\92835ef336baab0cad5a385d1b217604.php 第 62 行.
NOTIC: [8] Undefined variable: edit E:\www\www\tk\Runtime\Cache\Guide\92835ef336baab0cad5a385d1b217604.php 第 62 行.
NOTIC: [8] Undefined variable: edit E:\www\www\tk\Runtime\Cache\Guide\92835ef336baab0cad5a385d1b217604.php 第 62 行.
NOTIC: [8] Undefined variable: edit E:\www\www\tk\Runtime\Cache\Guide\92835ef336baab0cad5a385d1b217604.php 第 62 行.
NOTIC: [8] Undefined variable: edit E:\www\www\tk\Runtime\Cache\Guide\92835ef336baab0cad5a385d1b217604.php 第 62 行.
NOTIC: [8] Undefined variable: edit E:\www\www\tk\Runtime\Cache\Guide\92835ef336baab0cad5a385d1b217604.php 第 62 行.
NOTIC: [8] Undefined variable: edit E:\www\www\tk\Runtime\Cache\Guide\92835ef336baab0cad5a385d1b217604.php 第 62 行.
NOTIC: [8] Undefined variable: edit E:\www\www\tk\Runtime\Cache\Guide\92835ef336baab0cad5a385d1b217604.php 第 62 行.
NOTIC: [8] Undefined variable: edit E:\www\www\tk\Runtime\Cache\Guide\92835ef336baab0cad5a385d1b217604.php 第 62 行.
NOTIC: [8] Undefined variable: edit E:\www\www\tk\Runtime\Cache\Guide\92835ef336baab0cad5a385d1b217604.php 第 62 行.
NOTIC: [8] Undefined variable: edit E:\www\www\tk\Runtime\Cache\Guide\92835ef336baab0cad5a385d1b217604.php 第 62 行.
NOTIC: [8] Undefined variable: edit E:\www\www\tk\Runtime\Cache\Guide\92835ef336baab0cad5a385d1b217604.php 第 62 行.
INFO: Run Behavior\ParseTemplateBehavior [ RunTime:0.014649s ]
INFO: [ view_parse ] --END-- [ RunTime:0.014649s ]
INFO: [ view_filter ] --START--
INFO: Run Behavior\WriteHtmlCacheBehavior [ RunTime:0.000000s ]
INFO: Run Behavior\TokenBuildBehavior [ RunTime:0.000976s ]
INFO: [ view_filter ] --END-- [ RunTime:0.000976s ]
INFO: [ app_end ] --START--
INFO: Run Behavior\ShowPageTraceBehavior [ RunTime:0.000977s ]
INFO: [ app_end ] --END-- [ RunTime:0.000977s ]

[ 2017-10-16T09:32:19+08:00 ] 115.60.60.60 /Guide/CaseMenu/index.html
INFO: [ app_init ] --START--
INFO: Run Behavior\BuildLiteBehavior [ RunTime:0.000000s ]
INFO: [ app_init ] --END-- [ RunTime:0.000000s ]
NOTIC: [2] preg_match(): Unknown modifier 'f' E:\www\www\main\Library\Think\Route.class.php 第 58 行.
NOTIC: [2] preg_match(): Unknown modifier 'f' E:\www\www\main\Library\Think\Route.class.php 第 58 行.
INFO: [ app_begin ] --START--
INFO: Run Behavior\ReadHtmlCacheBehavior [ RunTime:0.000000s ]
INFO: [ app_begin ] --END-- [ RunTime:0.000000s ]
NOTIC: [8] Undefined index: Manage E:\www\www\tk\Common\Controller\SystemLayerController.class.php 第 24 行.
NOTIC: [8] Undefined index: Manage E:\www\www\tk\Common\Controller\DefaultController.class.php 第 24 行.
NOTIC: [8] Undefined index: name E:\www\www\tk\Guide\Manage\CaseMenuManage.class.php 第 23 行.
NOTIC: [8] Undefined index: SubjectID E:\www\www\tk\Guide\Manage\CaseMenuManage.class.php 第 29 行.
NOTIC: [8] Undefined index: ForumID E:\www\www\tk\Guide\Manage\CaseMenuManage.class.php 第 38 行.
NOTIC: [8] Undefined index: p E:\www\www\tk\Guide\Manage\CaseMenuManage.class.php 第 50 行.
NOTIC: [2] Missing argument 3 for WLNPage::init() E:\www\www\tk\Common\Tool\WLNPage.class.php 第 50 行.
NOTIC: [8] Undefined variable: thirdPram E:\www\www\tk\Common\Tool\WLNPage.class.php 第 51 行.
NOTIC: [2] array_merge(): Argument #2 is not an array E:\www\www\tk\Common\Tool\WLNPage.class.php 第 51 行.
NOTIC: [2] extract() expects parameter 1 to be array, null given E:\www\www\tk\Common\Tool\WLNPage.class.php 第 52 行.
NOTIC: [8] Undefined variable: parameter E:\www\www\tk\Common\Tool\WLNPage.class.php 第 54 行.
NOTIC: [8] Undefined index: phone E:\www\www\tk\Common\Tool\WLNPage.class.php 第 63 行.
NOTIC: [8] Undefined variable: type E:\www\www\tk\Common\Tool\WLNPage.class.php 第 88 行.
NOTIC: [8] Undefined variable: type E:\www\www\tk\Common\Tool\WLNPage.class.php 第 89 行.
INFO: [ view_parse ] --START--
NOTIC: [8] Undefined index: class E:\www\www\main\Library\Think\Template\TagLib\Html.class.php 第 78 行.
NOTIC: [8] Undefined index: class E:\www\www\main\Library\Think\Template\TagLib\Html.class.php 第 78 行.
INFO: [ template_filter ] --START--
INFO: Run Behavior\ContentReplaceBehavior [ RunTime:0.000000s ]
INFO: [ template_filter ] --END-- [ RunTime:0.000000s ]
NOTIC: [8] Undefined index: name E:\www\www\tk\Runtime\Cache\Guide\497f1af9780ce379695207cacbc38db1.php 第 47 行.
NOTIC: [8] Undefined variable: edit E:\www\www\tk\Runtime\Cache\Guide\497f1af9780ce379695207cacbc38db1.php 第 59 行.
NOTIC: [8] Undefined variable: edit E:\www\www\tk\Runtime\Cache\Guide\497f1af9780ce379695207cacbc38db1.php 第 59 行.
NOTIC: [8] Undefined variable: edit E:\www\www\tk\Runtime\Cache\Guide\497f1af9780ce379695207cacbc38db1.php 第 59 行.
NOTIC: [8] Undefined variable: edit E:\www\www\tk\Runtime\Cache\Guide\497f1af9780ce379695207cacbc38db1.php 第 59 行.
NOTIC: [8] Undefined variable: edit E:\www\www\tk\Runtime\Cache\Guide\497f1af9780ce379695207cacbc38db1.php 第 59 行.
NOTIC: [8] Undefined variable: edit E:\www\www\tk\Runtime\Cache\Guide\497f1af9780ce379695207cacbc38db1.php 第 59 行.
NOTIC: [8] Undefined variable: edit E:\www\www\tk\Runtime\Cache\Guide\497f1af9780ce379695207cacbc38db1.php 第 59 行.
NOTIC: [8] Undefined variable: edit E:\www\www\tk\Runtime\Cache\Guide\497f1af9780ce379695207cacbc38db1.php 第 59 行.
NOTIC: [8] Undefined variable: edit E:\www\www\tk\Runtime\Cache\Guide\497f1af9780ce379695207cacbc38db1.php 第 59 行.
NOTIC: [8] Undefined variable: edit E:\www\www\tk\Runtime\Cache\Guide\497f1af9780ce379695207cacbc38db1.php 第 59 行.
NOTIC: [8] Undefined variable: edit E:\www\www\tk\Runtime\Cache\Guide\497f1af9780ce379695207cacbc38db1.php 第 59 行.
NOTIC: [8] Undefined variable: edit E:\www\www\tk\Runtime\Cache\Guide\497f1af9780ce379695207cacbc38db1.php 第 59 行.
NOTIC: [8] Undefined variable: edit E:\www\www\tk\Runtime\Cache\Guide\497f1af9780ce379695207cacbc38db1.php 第 59 行.
NOTIC: [8] Undefined variable: edit E:\www\www\tk\Runtime\Cache\Guide\497f1af9780ce379695207cacbc38db1.php 第 59 行.
NOTIC: [8] Undefined variable: edit E:\www\www\tk\Runtime\Cache\Guide\497f1af9780ce379695207cacbc38db1.php 第 59 行.
NOTIC: [8] Undefined variable: edit E:\www\www\tk\Runtime\Cache\Guide\497f1af9780ce379695207cacbc38db1.php 第 59 行.
NOTIC: [8] Undefined variable: edit E:\www\www\tk\Runtime\Cache\Guide\497f1af9780ce379695207cacbc38db1.php 第 59 行.
NOTIC: [8] Undefined variable: edit E:\www\www\tk\Runtime\Cache\Guide\497f1af9780ce379695207cacbc38db1.php 第 59 行.
NOTIC: [8] Undefined variable: edit E:\www\www\tk\Runtime\Cache\Guide\497f1af9780ce379695207cacbc38db1.php 第 59 行.
NOTIC: [8] Undefined variable: edit E:\www\www\tk\Runtime\Cache\Guide\497f1af9780ce379695207cacbc38db1.php 第 59 行.
NOTIC: [8] Undefined variable: edit E:\www\www\tk\Runtime\Cache\Guide\497f1af9780ce379695207cacbc38db1.php 第 59 行.
NOTIC: [8] Undefined variable: edit E:\www\www\tk\Runtime\Cache\Guide\497f1af9780ce379695207cacbc38db1.php 第 59 行.
NOTIC: [8] Undefined variable: edit E:\www\www\tk\Runtime\Cache\Guide\497f1af9780ce379695207cacbc38db1.php 第 59 行.
NOTIC: [8] Undefined variable: edit E:\www\www\tk\Runtime\Cache\Guide\497f1af9780ce379695207cacbc38db1.php 第 59 行.
NOTIC: [8] Undefined variable: edit E:\www\www\tk\Runtime\Cache\Guide\497f1af9780ce379695207cacbc38db1.php 第 59 行.
INFO: Run Behavior\ParseTemplateBehavior [ RunTime:0.013673s ]
INFO: [ view_parse ] --END-- [ RunTime:0.013673s ]
INFO: [ view_filter ] --START--
INFO: Run Behavior\WriteHtmlCacheBehavior [ RunTime:0.000000s ]
INFO: Run Behavior\TokenBuildBehavior [ RunTime:0.000976s ]
INFO: [ view_filter ] --END-- [ RunTime:0.000976s ]
INFO: [ app_end ] --START--
INFO: Run Behavior\ShowPageTraceBehavior [ RunTime:0.000000s ]
INFO: [ app_end ] --END-- [ RunTime:0.000000s ]

[ 2017-10-16T09:32:20+08:00 ] 115.60.60.60 /Guide/CaseLoreDocLabel/index.html
INFO: [ app_init ] --START--
INFO: Run Behavior\BuildLiteBehavior [ RunTime:0.000000s ]
INFO: [ app_init ] --END-- [ RunTime:0.000000s ]
NOTIC: [2] preg_match(): Unknown modifier 'f' E:\www\www\main\Library\Think\Route.class.php 第 58 行.
NOTIC: [2] preg_match(): Unknown modifier 'f' E:\www\www\main\Library\Think\Route.class.php 第 58 行.
INFO: [ app_begin ] --START--
INFO: Run Behavior\ReadHtmlCacheBehavior [ RunTime:0.000000s ]
INFO: [ app_begin ] --END-- [ RunTime:0.000000s ]
NOTIC: [8] Undefined index: Manage E:\www\www\tk\Common\Controller\SystemLayerController.class.php 第 24 行.
NOTIC: [8] Undefined index: Manage E:\www\www\tk\Common\Controller\DefaultController.class.php 第 24 行.
INFO: [ view_parse ] --START--
INFO: [ template_filter ] --START--
INFO: Run Behavior\ContentReplaceBehavior [ RunTime:0.000000s ]
INFO: [ template_filter ] --END-- [ RunTime:0.000000s ]
INFO: Run Behavior\ParseTemplateBehavior [ RunTime:0.009766s ]
INFO: [ view_parse ] --END-- [ RunTime:0.009766s ]
INFO: [ view_filter ] --START--
INFO: Run Behavior\WriteHtmlCacheBehavior [ RunTime:0.000976s ]
INFO: Run Behavior\TokenBuildBehavior [ RunTime:0.000000s ]
INFO: [ view_filter ] --END-- [ RunTime:0.001953s ]
INFO: [ app_end ] --START--
INFO: Run Behavior\ShowPageTraceBehavior [ RunTime:0.000000s ]
INFO: [ app_end ] --END-- [ RunTime:0.000000s ]

[ 2017-10-16T09:32:20+08:00 ] 115.60.60.60 /Guide/CaseAnnounce/index.html
INFO: [ app_init ] --START--
INFO: Run Behavior\BuildLiteBehavior [ RunTime:0.000000s ]
INFO: [ app_init ] --END-- [ RunTime:0.000977s ]
NOTIC: [2] preg_match(): Unknown modifier 'f' E:\www\www\main\Library\Think\Route.class.php 第 58 行.
NOTIC: [2] preg_match(): Unknown modifier 'f' E:\www\www\main\Library\Think\Route.class.php 第 58 行.
INFO: [ app_begin ] --START--
INFO: Run Behavior\ReadHtmlCacheBehavior [ RunTime:0.000976s ]
INFO: [ app_begin ] --END-- [ RunTime:0.000976s ]
NOTIC: [8] Undefined index: Manage E:\www\www\tk\Common\Controller\SystemLayerController.class.php 第 24 行.
NOTIC: [8] Undefined index: Manage E:\www\www\tk\Common\Controller\DefaultController.class.php 第 24 行.
NOTIC: [8] Undefined index: name E:\www\www\tk\Guide\Manage\CaseAnnounceManage.class.php 第 24 行.
NOTIC: [8] Undefined index: SubjectID E:\www\www\tk\Guide\Manage\CaseAnnounceManage.class.php 第 30 行.
NOTIC: [8] Undefined index: UserName E:\www\www\tk\Guide\Manage\CaseAnnounceManage.class.php 第 39 行.
NOTIC: [8] Undefined index: p E:\www\www\tk\Guide\Manage\CaseAnnounceManage.class.php 第 50 行.
NOTIC: [2] Missing argument 3 for WLNPage::init() E:\www\www\tk\Common\Tool\WLNPage.class.php 第 50 行.
NOTIC: [8] Undefined variable: thirdPram E:\www\www\tk\Common\Tool\WLNPage.class.php 第 51 行.
NOTIC: [2] array_merge(): Argument #2 is not an array E:\www\www\tk\Common\Tool\WLNPage.class.php 第 51 行.
NOTIC: [2] extract() expects parameter 1 to be array, null given E:\www\www\tk\Common\Tool\WLNPage.class.php 第 52 行.
NOTIC: [8] Undefined variable: parameter E:\www\www\tk\Common\Tool\WLNPage.class.php 第 54 行.
NOTIC: [8] Undefined index: phone E:\www\www\tk\Common\Tool\WLNPage.class.php 第 63 行.
NOTIC: [8] Undefined variable: type E:\www\www\tk\Common\Tool\WLNPage.class.php 第 88 行.
NOTIC: [8] Undefined variable: type E:\www\www\tk\Common\Tool\WLNPage.class.php 第 89 行.
INFO: [ view_parse ] --START--
NOTIC: [8] Undefined index: class E:\www\www\main\Library\Think\Template\TagLib\Html.class.php 第 78 行.
NOTIC: [8] Undefined index: class E:\www\www\main\Library\Think\Template\TagLib\Html.class.php 第 78 行.
INFO: [ template_filter ] --START--
INFO: Run Behavior\ContentReplaceBehavior [ RunTime:0.000000s ]
INFO: [ template_filter ] --END-- [ RunTime:0.000000s ]
NOTIC: [8] Undefined index: name E:\www\www\tk\Runtime\Cache\Guide\b9318905d298c38c8aca654a59cf94b3.php 第 44 行.
NOTIC: [8] Undefined variable: edit E:\www\www\tk\Runtime\Cache\Guide\b9318905d298c38c8aca654a59cf94b3.php 第 56 行.
NOTIC: [8] Undefined variable: edit E:\www\www\tk\Runtime\Cache\Guide\b9318905d298c38c8aca654a59cf94b3.php 第 56 行.
NOTIC: [8] Undefined variable: edit E:\www\www\tk\Runtime\Cache\Guide\b9318905d298c38c8aca654a59cf94b3.php 第 56 行.
NOTIC: [8] Undefined variable: edit E:\www\www\tk\Runtime\Cache\Guide\b9318905d298c38c8aca654a59cf94b3.php 第 56 行.
NOTIC: [8] Undefined variable: edit E:\www\www\tk\Runtime\Cache\Guide\b9318905d298c38c8aca654a59cf94b3.php 第 56 行.
NOTIC: [8] Undefined variable: edit E:\www\www\tk\Runtime\Cache\Guide\b9318905d298c38c8aca654a59cf94b3.php 第 56 行.
NOTIC: [8] Undefined variable: edit E:\www\www\tk\Runtime\Cache\Guide\b9318905d298c38c8aca654a59cf94b3.php 第 56 行.
NOTIC: [8] Undefined variable: edit E:\www\www\tk\Runtime\Cache\Guide\b9318905d298c38c8aca654a59cf94b3.php 第 56 行.
NOTIC: [8] Undefined variable: edit E:\www\www\tk\Runtime\Cache\Guide\b9318905d298c38c8aca654a59cf94b3.php 第 56 行.
NOTIC: [8] Undefined variable: edit E:\www\www\tk\Runtime\Cache\Guide\b9318905d298c38c8aca654a59cf94b3.php 第 56 行.
NOTIC: [8] Undefined variable: edit E:\www\www\tk\Runtime\Cache\Guide\b9318905d298c38c8aca654a59cf94b3.php 第 56 行.
NOTIC: [8] Undefined variable: edit E:\www\www\tk\Runtime\Cache\Guide\b9318905d298c38c8aca654a59cf94b3.php 第 56 行.
NOTIC: [8] Undefined variable: edit E:\www\www\tk\Runtime\Cache\Guide\b9318905d298c38c8aca654a59cf94b3.php 第 56 行.
NOTIC: [8] Undefined variable: edit E:\www\www\tk\Runtime\Cache\Guide\b9318905d298c38c8aca654a59cf94b3.php 第 56 行.
NOTIC: [8] Undefined variable: edit E:\www\www\tk\Runtime\Cache\Guide\b9318905d298c38c8aca654a59cf94b3.php 第 56 行.
NOTIC: [8] Undefined variable: edit E:\www\www\tk\Runtime\Cache\Guide\b9318905d298c38c8aca654a59cf94b3.php 第 56 行.
NOTIC: [8] Undefined variable: edit E:\www\www\tk\Runtime\Cache\Guide\b9318905d298c38c8aca654a59cf94b3.php 第 56 行.
NOTIC: [8] Undefined variable: edit E:\www\www\tk\Runtime\Cache\Guide\b9318905d298c38c8aca654a59cf94b3.php 第 56 行.
NOTIC: [8] Undefined variable: edit E:\www\www\tk\Runtime\Cache\Guide\b9318905d298c38c8aca654a59cf94b3.php 第 56 行.
NOTIC: [8] Undefined variable: edit E:\www\www\tk\Runtime\Cache\Guide\b9318905d298c38c8aca654a59cf94b3.php 第 56 行.
NOTIC: [8] Undefined variable: edit E:\www\www\tk\Runtime\Cache\Guide\b9318905d298c38c8aca654a59cf94b3.php 第 56 行.
NOTIC: [8] Undefined variable: edit E:\www\www\tk\Runtime\Cache\Guide\b9318905d298c38c8aca654a59cf94b3.php 第 56 行.
NOTIC: [8] Undefined variable: edit E:\www\www\tk\Runtime\Cache\Guide\b9318905d298c38c8aca654a59cf94b3.php 第 56 行.
NOTIC: [8] Undefined variable: edit E:\www\www\tk\Runtime\Cache\Guide\b9318905d298c38c8aca654a59cf94b3.php 第 56 行.
NOTIC: [8] Undefined variable: edit E:\www\www\tk\Runtime\Cache\Guide\b9318905d298c38c8aca654a59cf94b3.php 第 56 行.
INFO: Run Behavior\ParseTemplateBehavior [ RunTime:0.013672s ]
INFO: [ view_parse ] --END-- [ RunTime:0.013672s ]
INFO: [ view_filter ] --START--
INFO: Run Behavior\WriteHtmlCacheBehavior [ RunTime:0.000000s ]
INFO: Run Behavior\TokenBuildBehavior [ RunTime:0.000977s ]
INFO: [ view_filter ] --END-- [ RunTime:0.000977s ]
INFO: [ app_end ] --START--
INFO: Run Behavior\ShowPageTraceBehavior [ RunTime:0.000000s ]
INFO: [ app_end ] --END-- [ RunTime:0.000000s ]

[ 2017-10-16T09:32:21+08:00 ] 115.60.60.60 /Guide/CaseMyLore/index.html
INFO: [ app_init ] --START--
INFO: Run Behavior\BuildLiteBehavior [ RunTime:0.000000s ]
INFO: [ app_init ] --END-- [ RunTime:0.000000s ]
NOTIC: [2] preg_match(): Unknown modifier 'f' E:\www\www\main\Library\Think\Route.class.php 第 58 行.
NOTIC: [2] preg_match(): Unknown modifier 'f' E:\www\www\main\Library\Think\Route.class.php 第 58 行.
INFO: [ app_begin ] --START--
INFO: Run Behavior\ReadHtmlCacheBehavior [ RunTime:0.000977s ]
INFO: [ app_begin ] --END-- [ RunTime:0.000977s ]
NOTIC: [8] Undefined index: Manage E:\www\www\tk\Common\Controller\SystemLayerController.class.php 第 24 行.
NOTIC: [8] Undefined index: Manage E:\www\www\tk\Common\Controller\DefaultController.class.php 第 24 行.
NOTIC: [8] Undefined index: UserName E:\www\www\tk\Guide\Model\CaseCustomLoreModel.class.php 第 107 行.
NOTIC: [8] Undefined index: chapterid E:\www\www\tk\Guide\Model\CaseCustomLoreModel.class.php 第 110 行.
NOTIC: [8] Undefined index: ChapterName E:\www\www\tk\Manage\Model\ChapterModel.class.php 第 490 行.
NOTIC: [8] Undefined index: ChapterName E:\www\www\tk\Manage\Model\ChapterModel.class.php 第 490 行.
NOTIC: [8] Undefined index: ChapterName E:\www\www\tk\Manage\Model\ChapterModel.class.php 第 490 行.
NOTIC: [8] Undefined index: ChapterName E:\www\www\tk\Manage\Model\ChapterModel.class.php 第 490 行.
NOTIC: [8] Undefined index: ChapterName E:\www\www\tk\Manage\Model\ChapterModel.class.php 第 490 行.
NOTIC: [8] Undefined index: ChapterName E:\www\www\tk\Manage\Model\ChapterModel.class.php 第 490 行.
NOTIC: [8] Undefined index: ChapterName E:\www\www\tk\Manage\Model\ChapterModel.class.php 第 490 行.
NOTIC: [8] Undefined index: ChapterName E:\www\www\tk\Manage\Model\ChapterModel.class.php 第 490 行.
NOTIC: [8] Undefined index: ChapterName E:\www\www\tk\Manage\Model\ChapterModel.class.php 第 490 行.
NOTIC: [2] Missing argument 3 for WLNPage::init() E:\www\www\tk\Common\Tool\WLNPage.class.php 第 50 行.
NOTIC: [8] Undefined variable: thirdPram E:\www\www\tk\Common\Tool\WLNPage.class.php 第 51 行.
NOTIC: [2] array_merge(): Argument #2 is not an array E:\www\www\tk\Common\Tool\WLNPage.class.php 第 51 行.
NOTIC: [2] extract() expects parameter 1 to be array, null given E:\www\www\tk\Common\Tool\WLNPage.class.php 第 52 行.
NOTIC: [8] Undefined variable: parameter E:\www\www\tk\Common\Tool\WLNPage.class.php 第 54 行.
NOTIC: [8] Undefined index: phone E:\www\www\tk\Common\Tool\WLNPage.class.php 第 63 行.
NOTIC: [8] Undefined variable: type E:\www\www\tk\Common\Tool\WLNPage.class.php 第 88 行.
NOTIC: [8] Undefined variable: type E:\www\www\tk\Common\Tool\WLNPage.class.php 第 89 行.
INFO: [ view_parse ] --START--
NOTIC: [8] Undefined index: class E:\www\www\main\Library\Think\Template\TagLib\Html.class.php 第 78 行.
NOTIC: [8] Undefined index: class E:\www\www\main\Library\Think\Template\TagLib\Html.class.php 第 78 行.
INFO: [ template_filter ] --START--
INFO: Run Behavior\ContentReplaceBehavior [ RunTime:0.000000s ]
INFO: [ template_filter ] --END-- [ RunTime:0.000000s ]
NOTIC: [8] Undefined index: name E:\www\www\tk\Runtime\Cache\Guide\a494b03b593c54d9c1d1250b9bbdeea8.php 第 55 行.
NOTIC: [8] Undefined index: TestID E:\www\www\tk\Runtime\Cache\Guide\a494b03b593c54d9c1d1250b9bbdeea8.php 第 66 行.
INFO: Run Behavior\ParseTemplateBehavior [ RunTime:0.011719s ]
INFO: [ view_parse ] --END-- [ RunTime:0.011719s ]
INFO: [ view_filter ] --START--
INFO: Run Behavior\WriteHtmlCacheBehavior [ RunTime:0.000977s ]
INFO: Run Behavior\TokenBuildBehavior [ RunTime:0.000976s ]
INFO: [ view_filter ] --END-- [ RunTime:0.001953s ]
INFO: [ app_end ] --START--
INFO: Run Behavior\ShowPageTraceBehavior [ RunTime:0.000977s ]
INFO: [ app_end ] --END-- [ RunTime:0.000977s ]

[ 2017-10-16T13:30:23+08:00 ] 14.130.225.77 /Guide/Case/index.html
INFO: [ app_init ] --START--
INFO: Run Behavior\BuildLiteBehavior [ RunTime:0.000000s ]
INFO: [ app_init ] --END-- [ RunTime:0.000000s ]
NOTIC: [2] preg_match(): Unknown modifier 'f' E:\www\www\main\Library\Think\Route.class.php 第 58 行.
NOTIC: [2] preg_match(): Unknown modifier 'f' E:\www\www\main\Library\Think\Route.class.php 第 58 行.
INFO: [ app_begin ] --START--
INFO: Run Behavior\ReadHtmlCacheBehavior [ RunTime:0.000976s ]
INFO: [ app_begin ] --END-- [ RunTime:0.000976s ]
INFO: [ view_parse ] --START--
INFO: [ template_filter ] --START--
INFO: Run Behavior\ContentReplaceBehavior [ RunTime:0.000977s ]
INFO: [ template_filter ] --END-- [ RunTime:0.000977s ]
INFO: Run Behavior\ParseTemplateBehavior [ RunTime:0.009765s ]
INFO: [ view_parse ] --END-- [ RunTime:0.009765s ]
INFO: [ view_filter ] --START--
INFO: Run Behavior\WriteHtmlCacheBehavior [ RunTime:0.000977s ]
INFO: Run Behavior\TokenBuildBehavior [ RunTime:0.000976s ]
INFO: [ view_filter ] --END-- [ RunTime:0.001953s ]
INFO: [ app_end ] --START--
INFO: Run Behavior\ShowPageTraceBehavior [ RunTime:0.000977s ]
INFO: [ app_end ] --END-- [ RunTime:0.000977s ]

[ 2017-10-16T13:30:25+08:00 ] 14.130.225.77 /Guide/Case/getChapterList.html
INFO: [ app_init ] --START--
INFO: Run Behavior\BuildLiteBehavior [ RunTime:0.000000s ]
INFO: [ app_init ] --END-- [ RunTime:0.000000s ]
NOTIC: [2] preg_match(): Unknown modifier 'f' E:\www\www\main\Library\Think\Route.class.php 第 58 行.
NOTIC: [2] preg_match(): Unknown modifier 'f' E:\www\www\main\Library\Think\Route.class.php 第 58 行.
INFO: [ app_begin ] --START--
INFO: Run Behavior\ReadHtmlCacheBehavior [ RunTime:0.000976s ]
INFO: [ app_begin ] --END-- [ RunTime:0.000976s ]
NOTIC: [8] Undefined variable: pID E:\www\www\tk\Common\Model\ApiCacheModel.class.php 第 302 行.

[ 2017-10-16T13:30:59+08:00 ] 14.130.225.77 /Guide/Case/index.html
INFO: [ app_init ] --START--
INFO: Run Behavior\BuildLiteBehavior [ RunTime:0.000000s ]
INFO: [ app_init ] --END-- [ RunTime:0.000977s ]
NOTIC: [2] preg_match(): Unknown modifier 'f' E:\www\www\main\Library\Think\Route.class.php 第 58 行.
NOTIC: [2] preg_match(): Unknown modifier 'f' E:\www\www\main\Library\Think\Route.class.php 第 58 行.
INFO: [ app_begin ] --START--
INFO: Run Behavior\ReadHtmlCacheBehavior [ RunTime:0.000976s ]
INFO: [ app_begin ] --END-- [ RunTime:0.000976s ]
INFO: [ view_parse ] --START--
INFO: [ template_filter ] --START--
INFO: Run Behavior\ContentReplaceBehavior [ RunTime:0.000000s ]
INFO: [ template_filter ] --END-- [ RunTime:0.000000s ]
INFO: Run Behavior\ParseTemplateBehavior [ RunTime:0.009765s ]
INFO: [ view_parse ] --END-- [ RunTime:0.009765s ]
INFO: [ view_filter ] --START--
INFO: Run Behavior\WriteHtmlCacheBehavior [ RunTime:0.000000s ]
INFO: Run Behavior\TokenBuildBehavior [ RunTime:0.001953s ]
INFO: [ view_filter ] --END-- [ RunTime:0.001953s ]
INFO: [ app_end ] --START--
INFO: Run Behavior\ShowPageTraceBehavior [ RunTime:0.000976s ]
INFO: [ app_end ] --END-- [ RunTime:0.000976s ]

[ 2017-10-16T13:30:59+08:00 ] 14.130.225.77 /Guide/Case/getChapterList.html
INFO: [ app_init ] --START--
INFO: Run Behavior\BuildLiteBehavior [ RunTime:0.000000s ]
INFO: [ app_init ] --END-- [ RunTime:0.000000s ]
NOTIC: [2] preg_match(): Unknown modifier 'f' E:\www\www\main\Library\Think\Route.class.php 第 58 行.
NOTIC: [2] preg_match(): Unknown modifier 'f' E:\www\www\main\Library\Think\Route.class.php 第 58 行.
INFO: [ app_begin ] --START--
INFO: Run Behavior\ReadHtmlCacheBehavior [ RunTime:0.000976s ]
INFO: [ app_begin ] --END-- [ RunTime:0.000976s ]
NOTIC: [8] Undefined variable: pID E:\www\www\tk\Common\Model\ApiCacheModel.class.php 第 302 行.

[ 2017-10-16T13:31:07+08:00 ] 14.130.225.77 /Guide/Case/getTemplateList.html
INFO: [ app_init ] --START--
INFO: Run Behavior\BuildLiteBehavior [ RunTime:0.000000s ]
INFO: [ app_init ] --END-- [ RunTime:0.000976s ]
NOTIC: [2] preg_match(): Unknown modifier 'f' E:\www\www\main\Library\Think\Route.class.php 第 58 行.
NOTIC: [2] preg_match(): Unknown modifier 'f' E:\www\www\main\Library\Think\Route.class.php 第 58 行.
INFO: [ app_begin ] --START--
INFO: Run Behavior\ReadHtmlCacheBehavior [ RunTime:0.000977s ]
INFO: [ app_begin ] --END-- [ RunTime:0.000977s ]
NOTIC: [8] Undefined index: check E:\www\www\tk\Guide\Controller\CaseController.class.php 第 296 行.

[ 2017-10-16T13:31:10+08:00 ] 14.130.225.77 /Guide/Case/index.html
INFO: [ app_init ] --START--
INFO: Run Behavior\BuildLiteBehavior [ RunTime:0.000000s ]
INFO: [ app_init ] --END-- [ RunTime:0.000000s ]
NOTIC: [2] preg_match(): Unknown modifier 'f' E:\www\www\main\Library\Think\Route.class.php 第 58 行.
NOTIC: [2] preg_match(): Unknown modifier 'f' E:\www\www\main\Library\Think\Route.class.php 第 58 行.
INFO: [ app_begin ] --START--
INFO: Run Behavior\ReadHtmlCacheBehavior [ RunTime:0.000000s ]
INFO: [ app_begin ] --END-- [ RunTime:0.000977s ]
INFO: [ view_parse ] --START--
INFO: [ template_filter ] --START--
INFO: Run Behavior\ContentReplaceBehavior [ RunTime:0.000000s ]
INFO: [ template_filter ] --END-- [ RunTime:0.000977s ]
INFO: Run Behavior\ParseTemplateBehavior [ RunTime:0.008788s ]
INFO: [ view_parse ] --END-- [ RunTime:0.008788s ]
INFO: [ view_filter ] --START--
INFO: Run Behavior\WriteHtmlCacheBehavior [ RunTime:0.000000s ]
INFO: Run Behavior\TokenBuildBehavior [ RunTime:0.000976s ]
INFO: [ view_filter ] --END-- [ RunTime:0.001953s ]
INFO: [ app_end ] --START--
INFO: Run Behavior\ShowPageTraceBehavior [ RunTime:0.000977s ]
INFO: [ app_end ] --END-- [ RunTime:0.000977s ]

[ 2017-10-16T13:31:13+08:00 ] 14.130.225.77 /Guide/Case/getChapterList.html
INFO: [ app_init ] --START--
INFO: Run Behavior\BuildLiteBehavior [ RunTime:0.000000s ]
INFO: [ app_init ] --END-- [ RunTime:0.000977s ]
NOTIC: [2] preg_match(): Unknown modifier 'f' E:\www\www\main\Library\Think\Route.class.php 第 58 行.
NOTIC: [2] preg_match(): Unknown modifier 'f' E:\www\www\main\Library\Think\Route.class.php 第 58 行.
INFO: [ app_begin ] --START--
INFO: Run Behavior\ReadHtmlCacheBehavior [ RunTime:0.000976s ]
INFO: [ app_begin ] --END-- [ RunTime:0.000976s ]
NOTIC: [8] Undefined variable: pID E:\www\www\tk\Common\Model\ApiCacheModel.class.php 第 302 行.
NOTIC: [8] Undefined offset: 31 E:\www\www\tk\Common\Model\ApiCacheModel.class.php 第 345 行.
NOTIC: [2] Invalid argument supplied for foreach() E:\www\www\tk\Common\Model\ApiCacheModel.class.php 第 345 行.
NOTIC: [8] Undefined offset: 31 E:\www\www\tk\Common\Model\ApiCacheModel.class.php 第 348 行.

[ 2017-10-16T13:31:13+08:00 ] 14.130.225.77 /Guide/Case/getTemplateByID.html
INFO: [ app_init ] --START--
INFO: Run Behavior\BuildLiteBehavior [ RunTime:0.000000s ]
INFO: [ app_init ] --END-- [ RunTime:0.000977s ]
NOTIC: [2] preg_match(): Unknown modifier 'f' E:\www\www\main\Library\Think\Route.class.php 第 58 行.
NOTIC: [2] preg_match(): Unknown modifier 'f' E:\www\www\main\Library\Think\Route.class.php 第 58 行.
INFO: [ app_begin ] --START--
INFO: Run Behavior\ReadHtmlCacheBehavior [ RunTime:0.000976s ]
INFO: [ app_begin ] --END-- [ RunTime:0.000976s ]

[ 2017-10-16T13:31:14+08:00 ] 14.130.225.77 /Guide/Case/buildTestContent.html
INFO: [ app_init ] --START--
INFO: Run Behavior\BuildLiteBehavior [ RunTime:0.000000s ]
INFO: [ app_init ] --END-- [ RunTime:0.000000s ]
NOTIC: [2] preg_match(): Unknown modifier 'f' E:\www\www\main\Library\Think\Route.class.php 第 58 行.
NOTIC: [2] preg_match(): Unknown modifier 'f' E:\www\www\main\Library\Think\Route.class.php 第 58 行.
INFO: [ app_begin ] --START--
INFO: Run Behavior\ReadHtmlCacheBehavior [ RunTime:0.000977s ]
INFO: [ app_begin ] --END-- [ RunTime:0.000977s ]
NOTIC: [8] Undefined index: ifShowNum E:\www\www\tk\Guide\Controller\CaseController.class.php 第 556 行.
NOTIC: [8] Undefined index: c E:\www\www\tk\Guide\Model\CaseTplModel.class.php 第 165 行.
NOTIC: [8] Undefined index: page E:\www\www\tk\Common\Model\IndexModel.class.php 第 76 行.
NOTIC: [8] Undefined index: testfilter E:\www\www\tk\Common\Model\IndexModel.class.php 第 153 行.
NOTIC: [8] Undefined index: AatTestStyle E:\www\www\tk\Common\Model\IndexModel.class.php 第 267 行.
NOTIC: [8] Undefined index: matches E:\www\www\tk\Common\Model\IndexModel.class.php 第 816 行.
NOTIC: [2] Invalid argument supplied for foreach() E:\www\www\tk\Common\Model\IndexModel.class.php 第 819 行.
NOTIC: [8] Undefined index: matches E:\www\www\tk\Common\Model\IndexModel.class.php 第 949 行.
NOTIC: [8] Undefined index: c E:\www\www\tk\Test\Model\TestRealQueryModel.class.php 第 315 行.
NOTIC: [8] Undefined index: TestID E:\www\www\tk\Test\Model\TestRealQueryModel.class.php 第 322 行.
NOTIC: [8] Undefined index: c E:\www\www\tk\Test\Model\TestRealQueryModel.class.php 第 340 行.
NOTIC: [8] Undefined offset: 0 E:\www\www\tk\Guide\Model\CaseTplModel.class.php 第 174 行.
NOTIC: [8] Undefined index: c E:\www\www\tk\Guide\Model\CaseTplModel.class.php 第 175 行.
NOTIC: [8] Undefined index: u E:\www\www\tk\Guide\Model\CaseTplModel.class.php 第 179 行.
NOTIC: [2] Invalid argument supplied for foreach() E:\www\www\tk\Guide\Model\CaseLoreModel.class.php 第 137 行.
NOTIC: [2] implode(): Invalid arguments passed E:\www\www\tk\Guide\Model\CaseLoreModel.class.php 第 143 行.
NOTIC: [8] Undefined index: page E:\www\www\tk\Guide\Model\CaseLoreModel.class.php 第 146 行.
NOTIC: [2] Illegal string offset 'perpage' E:\www\www\tk\Guide\Model\CaseLoreModel.class.php 第 166 行.
NOTIC: [8] Undefined index: u E:\www\www\tk\Guide\Model\CaseLoreQueryModel.class.php 第 51 行.
NOTIC: [8] Undefined index: u E:\www\www\tk\Guide\Model\CaseLoreQueryModel.class.php 第 81 行.
NOTIC: [8] Undefined index: u E:\www\www\tk\Guide\Model\CaseTplModel.class.php 第 185 行.

[ 2017-10-16T13:31:19+08:00 ] 14.130.225.77 /Guide/Case/index.html
INFO: [ app_init ] --START--
INFO: Run Behavior\BuildLiteBehavior [ RunTime:0.000000s ]
INFO: [ app_init ] --END-- [ RunTime:0.000000s ]
NOTIC: [2] preg_match(): Unknown modifier 'f' E:\www\www\main\Library\Think\Route.class.php 第 58 行.
NOTIC: [2] preg_match(): Unknown modifier 'f' E:\www\www\main\Library\Think\Route.class.php 第 58 行.
INFO: [ app_begin ] --START--
INFO: Run Behavior\ReadHtmlCacheBehavior [ RunTime:0.000000s ]
INFO: [ app_begin ] --END-- [ RunTime:0.000000s ]
INFO: [ view_parse ] --START--
INFO: [ template_filter ] --START--
INFO: Run Behavior\ContentReplaceBehavior [ RunTime:0.000000s ]
INFO: [ template_filter ] --END-- [ RunTime:0.000000s ]
INFO: Run Behavior\ParseTemplateBehavior [ RunTime:0.008788s ]
INFO: [ view_parse ] --END-- [ RunTime:0.008788s ]
INFO: [ view_filter ] --START--
INFO: Run Behavior\WriteHtmlCacheBehavior [ RunTime:0.000000s ]
INFO: Run Behavior\TokenBuildBehavior [ RunTime:0.000976s ]
INFO: [ view_filter ] --END-- [ RunTime:0.000976s ]
INFO: [ app_end ] --START--
INFO: Run Behavior\ShowPageTraceBehavior [ RunTime:0.000000s ]
INFO: [ app_end ] --END-- [ RunTime:0.000000s ]

[ 2017-10-16T13:31:19+08:00 ] 14.130.225.77 /Guide/Case/getChapterList.html
INFO: [ app_init ] --START--
INFO: Run Behavior\BuildLiteBehavior [ RunTime:0.000000s ]
INFO: [ app_init ] --END-- [ RunTime:0.000976s ]
NOTIC: [2] preg_match(): Unknown modifier 'f' E:\www\www\main\Library\Think\Route.class.php 第 58 行.
NOTIC: [2] preg_match(): Unknown modifier 'f' E:\www\www\main\Library\Think\Route.class.php 第 58 行.
INFO: [ app_begin ] --START--
INFO: Run Behavior\ReadHtmlCacheBehavior [ RunTime:0.000977s ]
INFO: [ app_begin ] --END-- [ RunTime:0.000977s ]
NOTIC: [8] Undefined variable: pID E:\www\www\tk\Common\Model\ApiCacheModel.class.php 第 302 行.
NOTIC: [8] Undefined offset: 31 E:\www\www\tk\Common\Model\ApiCacheModel.class.php 第 345 行.
NOTIC: [2] Invalid argument supplied for foreach() E:\www\www\tk\Common\Model\ApiCacheModel.class.php 第 345 行.
NOTIC: [8] Undefined offset: 31 E:\www\www\tk\Common\Model\ApiCacheModel.class.php 第 348 行.

[ 2017-10-16T14:52:53+08:00 ] 14.130.225.77 /Guide/Case/index.html
INFO: [ app_init ] --START--
INFO: Run Behavior\BuildLiteBehavior [ RunTime:0.000000s ]
INFO: [ app_init ] --END-- [ RunTime:0.000000s ]
NOTIC: [2] preg_match(): Unknown modifier 'f' E:\www\www\main\Library\Think\Route.class.php 第 58 行.
NOTIC: [2] preg_match(): Unknown modifier 'f' E:\www\www\main\Library\Think\Route.class.php 第 58 行.
INFO: [ app_begin ] --START--
INFO: Run Behavior\ReadHtmlCacheBehavior [ RunTime:0.000977s ]
INFO: [ app_begin ] --END-- [ RunTime:0.000977s ]
INFO: [ view_parse ] --START--
INFO: [ template_filter ] --START--
INFO: Run Behavior\ContentReplaceBehavior [ RunTime:0.000000s ]
INFO: [ template_filter ] --END-- [ RunTime:0.000000s ]
INFO: Run Behavior\ParseTemplateBehavior [ RunTime:0.009765s ]
INFO: [ view_parse ] --END-- [ RunTime:0.009765s ]
INFO: [ view_filter ] --START--
INFO: Run Behavior\WriteHtmlCacheBehavior [ RunTime:0.000000s ]
INFO: Run Behavior\TokenBuildBehavior [ RunTime:0.000977s ]
INFO: [ view_filter ] --END-- [ RunTime:0.000977s ]
INFO: [ app_end ] --START--
INFO: Run Behavior\ShowPageTraceBehavior [ RunTime:0.000000s ]
INFO: [ app_end ] --END-- [ RunTime:0.000000s ]

[ 2017-10-16T14:52:55+08:00 ] 14.130.225.77 /Guide/Case/getChapterList.html
INFO: [ app_init ] --START--
INFO: Run Behavior\BuildLiteBehavior [ RunTime:0.000000s ]
INFO: [ app_init ] --END-- [ RunTime:0.000977s ]
NOTIC: [2] preg_match(): Unknown modifier 'f' E:\www\www\main\Library\Think\Route.class.php 第 58 行.
NOTIC: [2] preg_match(): Unknown modifier 'f' E:\www\www\main\Library\Think\Route.class.php 第 58 行.
INFO: [ app_begin ] --START--
INFO: Run Behavior\ReadHtmlCacheBehavior [ RunTime:0.000976s ]
INFO: [ app_begin ] --END-- [ RunTime:0.000976s ]
NOTIC: [8] Undefined variable: pID E:\www\www\tk\Common\Model\ApiCacheModel.class.php 第 302 行.

[ 2017-10-16T14:52:55+08:00 ] 14.130.225.77 /Guide/Case/myLoreManager.html
INFO: [ app_init ] --START--
INFO: Run Behavior\BuildLiteBehavior [ RunTime:0.000000s ]
INFO: [ app_init ] --END-- [ RunTime:0.000000s ]
NOTIC: [2] preg_match(): Unknown modifier 'f' E:\www\www\main\Library\Think\Route.class.php 第 58 行.
NOTIC: [2] preg_match(): Unknown modifier 'f' E:\www\www\main\Library\Think\Route.class.php 第 58 行.
INFO: [ app_begin ] --START--
INFO: Run Behavior\ReadHtmlCacheBehavior [ RunTime:0.000000s ]
INFO: [ app_begin ] --END-- [ RunTime:0.000000s ]
NOTIC: [8] Undefined variable: pID E:\www\www\tk\Common\Model\ApiCacheModel.class.php 第 302 行.
INFO: [ view_parse ] --START--
INFO: [ template_filter ] --START--
INFO: Run Behavior\ContentReplaceBehavior [ RunTime:0.000000s ]
INFO: [ template_filter ] --END-- [ RunTime:0.000000s ]
INFO: Run Behavior\ParseTemplateBehavior [ RunTime:0.009765s ]
INFO: [ view_parse ] --END-- [ RunTime:0.009765s ]
INFO: [ view_filter ] --START--
INFO: Run Behavior\WriteHtmlCacheBehavior [ RunTime:0.000977s ]
INFO: Run Behavior\TokenBuildBehavior [ RunTime:0.000976s ]
INFO: [ view_filter ] --END-- [ RunTime:0.001953s ]
INFO: [ app_end ] --START--
INFO: Run Behavior\ShowPageTraceBehavior [ RunTime:0.000977s ]
INFO: [ app_end ] --END-- [ RunTime:0.000977s ]

[ 2017-10-16T14:52:56+08:00 ] 14.130.225.77 /Guide/Case/getLoreList.html
INFO: [ app_init ] --START--
INFO: Run Behavior\BuildLiteBehavior [ RunTime:0.000000s ]
INFO: [ app_init ] --END-- [ RunTime:0.000976s ]
NOTIC: [2] preg_match(): Unknown modifier 'f' E:\www\www\main\Library\Think\Route.class.php 第 58 行.
NOTIC: [2] preg_match(): Unknown modifier 'f' E:\www\www\main\Library\Think\Route.class.php 第 58 行.
INFO: [ app_begin ] --START--
INFO: Run Behavior\ReadHtmlCacheBehavior [ RunTime:0.000977s ]
INFO: [ app_begin ] --END-- [ RunTime:0.000977s ]
NOTIC: [8] Undefined index: page E:\www\www\tk\Guide\Controller\CaseController.class.php 第 108 行.
NOTIC: [8] Undefined index: id E:\www\www\tk\Guide\Controller\CaseController.class.php 第 115 行.
NOTIC: [8] Undefined index: menuid E:\www\www\tk\Guide\Controller\CaseController.class.php 第 116 行.
NOTIC: [8] Undefined index: chapterid E:\www\www\tk\Guide\Controller\CaseController.class.php 第 117 行.
NOTIC: [8] Undefined index: ChapterName E:\www\www\tk\Manage\Model\ChapterModel.class.php 第 490 行.
NOTIC: [8] Undefined index: ChapterName E:\www\www\tk\Manage\Model\ChapterModel.class.php 第 490 行.
NOTIC: [8] Undefined index: ChapterName E:\www\www\tk\Manage\Model\ChapterModel.class.php 第 490 行.
NOTIC: [8] Undefined index: ChapterName E:\www\www\tk\Manage\Model\ChapterModel.class.php 第 490 行.
NOTIC: [8] Undefined index: ChapterName E:\www\www\tk\Manage\Model\ChapterModel.class.php 第 490 行.
NOTIC: [8] Undefined index: ChapterName E:\www\www\tk\Manage\Model\ChapterModel.class.php 第 490 行.

