[ 2017-10-07T15:16:34+08:00 ] 115.60.56.166 /Guide/Case/index.html
INFO: [ app_init ] --START--
INFO: Run Behavior\BuildLiteBehavior [ RunTime:0.000000s ]
INFO: [ app_init ] --END-- [ RunTime:0.000976s ]
NOTIC: [2] preg_match(): Unknown modifier 'f' E:\www\www\main\Library\Think\Route.class.php 第 58 行.
NOTIC: [2] preg_match(): Unknown modifier 'f' E:\www\www\main\Library\Think\Route.class.php 第 58 行.
INFO: [ app_begin ] --START--
INFO: Run Behavior\ReadHtmlCacheBehavior [ RunTime:0.000977s ]
INFO: [ app_begin ] --END-- [ RunTime:0.000977s ]
INFO: [ view_parse ] --START--
INFO: [ template_filter ] --START--
INFO: Run Behavior\ContentReplaceBehavior [ RunTime:0.000000s ]
INFO: [ template_filter ] --END-- [ RunTime:0.000000s ]
INFO: Run Behavior\ParseTemplateBehavior [ RunTime:0.008789s ]
INFO: [ view_parse ] --END-- [ RunTime:0.008789s ]
INFO: [ view_filter ] --START--
INFO: Run Behavior\WriteHtmlCacheBehavior [ RunTime:0.000000s ]
INFO: Run Behavior\TokenBuildBehavior [ RunTime:0.000976s ]
INFO: [ view_filter ] --END-- [ RunTime:0.000976s ]
INFO: [ app_end ] --START--
INFO: Run Behavior\ShowPageTraceBehavior [ RunTime:0.000000s ]
INFO: [ app_end ] --END-- [ RunTime:0.000000s ]

[ 2017-10-07T15:16:34+08:00 ] 115.60.56.166 /Guide/Case/getChapterList.html
INFO: [ app_init ] --START--
INFO: Run Behavior\BuildLiteBehavior [ RunTime:0.000977s ]
INFO: [ app_init ] --END-- [ RunTime:0.000977s ]
NOTIC: [2] preg_match(): Unknown modifier 'f' E:\www\www\main\Library\Think\Route.class.php 第 58 行.
NOTIC: [2] preg_match(): Unknown modifier 'f' E:\www\www\main\Library\Think\Route.class.php 第 58 行.
INFO: [ app_begin ] --START--
INFO: Run Behavior\ReadHtmlCacheBehavior [ RunTime:0.000000s ]
INFO: [ app_begin ] --END-- [ RunTime:0.000000s ]
NOTIC: [8] Undefined variable: pID E:\www\www\tk\Common\Model\ApiCacheModel.class.php 第 302 行.

[ 2017-10-07T15:16:43+08:00 ] 115.60.56.166 /Guide/Case/buildTestContent.html
INFO: [ app_init ] --START--
INFO: Run Behavior\BuildLiteBehavior [ RunTime:0.000000s ]
INFO: [ app_init ] --END-- [ RunTime:0.000000s ]
NOTIC: [2] preg_match(): Unknown modifier 'f' E:\www\www\main\Library\Think\Route.class.php 第 58 行.
NOTIC: [2] preg_match(): Unknown modifier 'f' E:\www\www\main\Library\Think\Route.class.php 第 58 行.
INFO: [ app_begin ] --START--
INFO: Run Behavior\ReadHtmlCacheBehavior [ RunTime:0.000977s ]
INFO: [ app_begin ] --END-- [ RunTime:0.000977s ]
NOTIC: [8] Undefined index: ifShowNum E:\www\www\tk\Guide\Controller\CaseController.class.php 第 556 行.
NOTIC: [8] Undefined index: c E:\www\www\tk\Guide\Model\CaseTplModel.class.php 第 165 行.
NOTIC: [8] Undefined offset: 0 E:\www\www\tk\Guide\Model\CaseTplModel.class.php 第 165 行.
NOTIC: [8] Undefined index: l E:\www\www\tk\Guide\Model\CaseTplModel.class.php 第 179 行.
NOTIC: [8] Undefined index: u E:\www\www\tk\Guide\Model\CaseTplModel.class.php 第 179 行.
NOTIC: [8] Undefined variable: dataArray E:\www\www\tk\Guide\Model\CaseTplModel.class.php 第 187 行.
NOTIC: [8] Undefined variable: dataArray E:\www\www\tk\Guide\Model\CaseTplModel.class.php 第 187 行.
NOTIC: [8] Undefined variable: dataArray E:\www\www\tk\Guide\Model\CaseTplModel.class.php 第 187 行.
NOTIC: [8] Undefined variable: dataArray E:\www\www\tk\Guide\Model\CaseTplModel.class.php 第 187 行.

[ 2017-10-07T15:16:48+08:00 ] 115.60.56.166 /Guide/Case/checkChapter.html
INFO: [ app_init ] --START--
INFO: Run Behavior\BuildLiteBehavior [ RunTime:0.000000s ]
INFO: [ app_init ] --END-- [ RunTime:0.000000s ]
NOTIC: [2] preg_match(): Unknown modifier 'f' E:\www\www\main\Library\Think\Route.class.php 第 58 行.
NOTIC: [2] preg_match(): Unknown modifier 'f' E:\www\www\main\Library\Think\Route.class.php 第 58 行.
INFO: [ app_begin ] --START--
INFO: Run Behavior\ReadHtmlCacheBehavior [ RunTime:0.000000s ]
INFO: [ app_begin ] --END-- [ RunTime:0.000000s ]

[ 2017-10-07T15:16:48+08:00 ] 115.60.56.166 /Guide/Case/ajaxGetLore.html
INFO: [ app_init ] --START--
INFO: Run Behavior\BuildLiteBehavior [ RunTime:0.000000s ]
INFO: [ app_init ] --END-- [ RunTime:0.000000s ]
NOTIC: [2] preg_match(): Unknown modifier 'f' E:\www\www\main\Library\Think\Route.class.php 第 58 行.
NOTIC: [2] preg_match(): Unknown modifier 'f' E:\www\www\main\Library\Think\Route.class.php 第 58 行.
INFO: [ app_begin ] --START--
INFO: Run Behavior\ReadHtmlCacheBehavior [ RunTime:0.000977s ]
INFO: [ app_begin ] --END-- [ RunTime:0.000977s ]
NOTIC: [8] Undefined index: custom E:\www\www\tk\Guide\Model\CaseLoreModel.class.php 第 67 行.
NOTIC: [2] explode() expects parameter 2 to be string, array given E:\www\www\tk\Guide\Model\CaseLoreModel.class.php 第 74 行.

[ 2017-10-07T15:16:51+08:00 ] 115.60.56.166 /Guide/Case/ajaxGetLore.html
INFO: [ app_init ] --START--
INFO: Run Behavior\BuildLiteBehavior [ RunTime:0.000000s ]
INFO: [ app_init ] --END-- [ RunTime:0.000000s ]
NOTIC: [2] preg_match(): Unknown modifier 'f' E:\www\www\main\Library\Think\Route.class.php 第 58 行.
NOTIC: [2] preg_match(): Unknown modifier 'f' E:\www\www\main\Library\Think\Route.class.php 第 58 行.
INFO: [ app_begin ] --START--
INFO: Run Behavior\ReadHtmlCacheBehavior [ RunTime:0.000977s ]
INFO: [ app_begin ] --END-- [ RunTime:0.000977s ]
NOTIC: [2] explode() expects parameter 2 to be string, array given E:\www\www\tk\Guide\Model\CaseLoreModel.class.php 第 74 行.

[ 2017-10-07T15:16:52+08:00 ] 115.60.56.166 /Guide/Case/ajaxGetLore.html
INFO: [ app_init ] --START--
INFO: Run Behavior\BuildLiteBehavior [ RunTime:0.000000s ]
INFO: [ app_init ] --END-- [ RunTime:0.000000s ]
NOTIC: [2] preg_match(): Unknown modifier 'f' E:\www\www\main\Library\Think\Route.class.php 第 58 行.
NOTIC: [2] preg_match(): Unknown modifier 'f' E:\www\www\main\Library\Think\Route.class.php 第 58 行.
INFO: [ app_begin ] --START--
INFO: Run Behavior\ReadHtmlCacheBehavior [ RunTime:0.000000s ]
INFO: [ app_begin ] --END-- [ RunTime:0.000000s ]
NOTIC: [8] Undefined index: custom E:\www\www\tk\Guide\Model\CaseLoreModel.class.php 第 67 行.
NOTIC: [2] explode() expects parameter 2 to be string, array given E:\www\www\tk\Guide\Model\CaseLoreModel.class.php 第 74 行.

[ 2017-10-07T15:16:54+08:00 ] 115.60.56.166 /Guide/Case/checkChapter.html
INFO: [ app_init ] --START--
INFO: Run Behavior\BuildLiteBehavior [ RunTime:0.000000s ]
INFO: [ app_init ] --END-- [ RunTime:0.000000s ]
NOTIC: [2] preg_match(): Unknown modifier 'f' E:\www\www\main\Library\Think\Route.class.php 第 58 行.
NOTIC: [2] preg_match(): Unknown modifier 'f' E:\www\www\main\Library\Think\Route.class.php 第 58 行.
INFO: [ app_begin ] --START--
INFO: Run Behavior\ReadHtmlCacheBehavior [ RunTime:0.000977s ]
INFO: [ app_begin ] --END-- [ RunTime:0.000977s ]

[ 2017-10-07T15:16:54+08:00 ] 115.60.56.166 /Guide/Case/ajaxGetLore.html
INFO: [ app_init ] --START--
INFO: Run Behavior\BuildLiteBehavior [ RunTime:0.000000s ]
INFO: [ app_init ] --END-- [ RunTime:0.000977s ]
NOTIC: [2] preg_match(): Unknown modifier 'f' E:\www\www\main\Library\Think\Route.class.php 第 58 行.
NOTIC: [2] preg_match(): Unknown modifier 'f' E:\www\www\main\Library\Think\Route.class.php 第 58 行.
INFO: [ app_begin ] --START--
INFO: Run Behavior\ReadHtmlCacheBehavior [ RunTime:0.000976s ]
INFO: [ app_begin ] --END-- [ RunTime:0.000976s ]
NOTIC: [8] Undefined index: custom E:\www\www\tk\Guide\Model\CaseLoreModel.class.php 第 67 行.
NOTIC: [2] explode() expects parameter 2 to be string, array given E:\www\www\tk\Guide\Model\CaseLoreModel.class.php 第 74 行.

[ 2017-10-07T15:16:55+08:00 ] 115.60.56.166 /Guide/Case/checkChapter.html
INFO: [ app_init ] --START--
INFO: Run Behavior\BuildLiteBehavior [ RunTime:0.000000s ]
INFO: [ app_init ] --END-- [ RunTime:0.000000s ]
NOTIC: [2] preg_match(): Unknown modifier 'f' E:\www\www\main\Library\Think\Route.class.php 第 58 行.
NOTIC: [2] preg_match(): Unknown modifier 'f' E:\www\www\main\Library\Think\Route.class.php 第 58 行.
INFO: [ app_begin ] --START--
INFO: Run Behavior\ReadHtmlCacheBehavior [ RunTime:0.000977s ]
INFO: [ app_begin ] --END-- [ RunTime:0.000977s ]

[ 2017-10-07T15:16:55+08:00 ] 115.60.56.166 /Guide/Case/ajaxGetLore.html
INFO: [ app_init ] --START--
INFO: Run Behavior\BuildLiteBehavior [ RunTime:0.000000s ]
INFO: [ app_init ] --END-- [ RunTime:0.000000s ]
NOTIC: [2] preg_match(): Unknown modifier 'f' E:\www\www\main\Library\Think\Route.class.php 第 58 行.
NOTIC: [2] preg_match(): Unknown modifier 'f' E:\www\www\main\Library\Think\Route.class.php 第 58 行.
INFO: [ app_begin ] --START--
INFO: Run Behavior\ReadHtmlCacheBehavior [ RunTime:0.000000s ]
INFO: [ app_begin ] --END-- [ RunTime:0.000000s ]
NOTIC: [8] Undefined index: custom E:\www\www\tk\Guide\Model\CaseLoreModel.class.php 第 67 行.
NOTIC: [2] explode() expects parameter 2 to be string, array given E:\www\www\tk\Guide\Model\CaseLoreModel.class.php 第 74 行.

[ 2017-10-07T15:17:02+08:00 ] 115.60.56.166 /Guide/Case/myLoreManager.html
INFO: [ app_init ] --START--
INFO: Run Behavior\BuildLiteBehavior [ RunTime:0.000000s ]
INFO: [ app_init ] --END-- [ RunTime:0.000000s ]
NOTIC: [2] preg_match(): Unknown modifier 'f' E:\www\www\main\Library\Think\Route.class.php 第 58 行.
NOTIC: [2] preg_match(): Unknown modifier 'f' E:\www\www\main\Library\Think\Route.class.php 第 58 行.
INFO: [ app_begin ] --START--
INFO: Run Behavior\ReadHtmlCacheBehavior [ RunTime:0.000000s ]
INFO: [ app_begin ] --END-- [ RunTime:0.000000s ]
NOTIC: [8] Undefined variable: pID E:\www\www\tk\Common\Model\ApiCacheModel.class.php 第 302 行.
INFO: [ view_parse ] --START--
INFO: [ template_filter ] --START--
INFO: Run Behavior\ContentReplaceBehavior [ RunTime:0.000000s ]
INFO: [ template_filter ] --END-- [ RunTime:0.000000s ]
INFO: Run Behavior\ParseTemplateBehavior [ RunTime:0.008790s ]
INFO: [ view_parse ] --END-- [ RunTime:0.008790s ]
INFO: [ view_filter ] --START--
INFO: Run Behavior\WriteHtmlCacheBehavior [ RunTime:0.000976s ]
INFO: Run Behavior\TokenBuildBehavior [ RunTime:0.000977s ]
INFO: [ view_filter ] --END-- [ RunTime:0.001953s ]
INFO: [ app_end ] --START--
INFO: Run Behavior\ShowPageTraceBehavior [ RunTime:0.000977s ]
INFO: [ app_end ] --END-- [ RunTime:0.000977s ]

[ 2017-10-07T15:17:02+08:00 ] 115.60.56.166 /Guide/Case/getLoreList.html
INFO: [ app_init ] --START--
INFO: Run Behavior\BuildLiteBehavior [ RunTime:0.000000s ]
INFO: [ app_init ] --END-- [ RunTime:0.000000s ]
NOTIC: [2] preg_match(): Unknown modifier 'f' E:\www\www\main\Library\Think\Route.class.php 第 58 行.
NOTIC: [2] preg_match(): Unknown modifier 'f' E:\www\www\main\Library\Think\Route.class.php 第 58 行.
INFO: [ app_begin ] --START--
INFO: Run Behavior\ReadHtmlCacheBehavior [ RunTime:0.000000s ]
INFO: [ app_begin ] --END-- [ RunTime:0.000000s ]
NOTIC: [8] Undefined index: page E:\www\www\tk\Guide\Controller\CaseController.class.php 第 108 行.
NOTIC: [8] Undefined index: id E:\www\www\tk\Guide\Controller\CaseController.class.php 第 115 行.
NOTIC: [8] Undefined index: menuid E:\www\www\tk\Guide\Controller\CaseController.class.php 第 116 行.
NOTIC: [8] Undefined index: chapterid E:\www\www\tk\Guide\Controller\CaseController.class.php 第 117 行.

[ 2017-10-07T16:33:05+08:00 ] 115.60.56.166 /Guide/CaseMenu/index.html
INFO: [ app_init ] --START--
INFO: Run Behavior\BuildLiteBehavior [ RunTime:0.000000s ]
INFO: [ app_init ] --END-- [ RunTime:0.000976s ]
NOTIC: [2] preg_match(): Unknown modifier 'f' E:\www\www\main\Library\Think\Route.class.php 第 58 行.
NOTIC: [2] preg_match(): Unknown modifier 'f' E:\www\www\main\Library\Think\Route.class.php 第 58 行.
INFO: [ app_begin ] --START--
INFO: Run Behavior\ReadHtmlCacheBehavior [ RunTime:0.000976s ]
INFO: [ app_begin ] --END-- [ RunTime:0.000976s ]
NOTIC: [8] Undefined index: Manage E:\www\www\tk\Common\Controller\SystemLayerController.class.php 第 24 行.
NOTIC: [8] Undefined index: Manage E:\www\www\tk\Common\Controller\DefaultController.class.php 第 24 行.
NOTIC: [8] Undefined index: name E:\www\www\tk\Guide\Manage\CaseMenuManage.class.php 第 23 行.
NOTIC: [8] Undefined index: SubjectID E:\www\www\tk\Guide\Manage\CaseMenuManage.class.php 第 29 行.
NOTIC: [8] Undefined index: ForumID E:\www\www\tk\Guide\Manage\CaseMenuManage.class.php 第 38 行.
NOTIC: [8] Undefined index: p E:\www\www\tk\Guide\Manage\CaseMenuManage.class.php 第 50 行.
NOTIC: [2] Missing argument 3 for WLNPage::init() E:\www\www\tk\Common\Tool\WLNPage.class.php 第 50 行.
NOTIC: [8] Undefined variable: thirdPram E:\www\www\tk\Common\Tool\WLNPage.class.php 第 51 行.
NOTIC: [2] array_merge(): Argument #2 is not an array E:\www\www\tk\Common\Tool\WLNPage.class.php 第 51 行.
NOTIC: [2] extract() expects parameter 1 to be array, null given E:\www\www\tk\Common\Tool\WLNPage.class.php 第 52 行.
NOTIC: [8] Undefined variable: parameter E:\www\www\tk\Common\Tool\WLNPage.class.php 第 54 行.
NOTIC: [8] Undefined index: phone E:\www\www\tk\Common\Tool\WLNPage.class.php 第 63 行.
NOTIC: [8] Undefined variable: type E:\www\www\tk\Common\Tool\WLNPage.class.php 第 88 行.
NOTIC: [8] Undefined variable: type E:\www\www\tk\Common\Tool\WLNPage.class.php 第 89 行.
INFO: [ view_parse ] --START--
NOTIC: [8] Undefined index: class E:\www\www\main\Library\Think\Template\TagLib\Html.class.php 第 78 行.
NOTIC: [8] Undefined index: class E:\www\www\main\Library\Think\Template\TagLib\Html.class.php 第 78 行.
INFO: [ template_filter ] --START--
INFO: Run Behavior\ContentReplaceBehavior [ RunTime:0.000000s ]
INFO: [ template_filter ] --END-- [ RunTime:0.000000s ]
NOTIC: [8] Undefined index: name E:\www\www\tk\Runtime\Cache\Guide\497f1af9780ce379695207cacbc38db1.php 第 47 行.
NOTIC: [8] Undefined variable: edit E:\www\www\tk\Runtime\Cache\Guide\497f1af9780ce379695207cacbc38db1.php 第 59 行.
NOTIC: [8] Undefined variable: edit E:\www\www\tk\Runtime\Cache\Guide\497f1af9780ce379695207cacbc38db1.php 第 59 行.
NOTIC: [8] Undefined variable: edit E:\www\www\tk\Runtime\Cache\Guide\497f1af9780ce379695207cacbc38db1.php 第 59 行.
NOTIC: [8] Undefined variable: edit E:\www\www\tk\Runtime\Cache\Guide\497f1af9780ce379695207cacbc38db1.php 第 59 行.
NOTIC: [8] Undefined variable: edit E:\www\www\tk\Runtime\Cache\Guide\497f1af9780ce379695207cacbc38db1.php 第 59 行.
NOTIC: [8] Undefined variable: edit E:\www\www\tk\Runtime\Cache\Guide\497f1af9780ce379695207cacbc38db1.php 第 59 行.
NOTIC: [8] Undefined variable: edit E:\www\www\tk\Runtime\Cache\Guide\497f1af9780ce379695207cacbc38db1.php 第 59 行.
NOTIC: [8] Undefined variable: edit E:\www\www\tk\Runtime\Cache\Guide\497f1af9780ce379695207cacbc38db1.php 第 59 行.
NOTIC: [8] Undefined variable: edit E:\www\www\tk\Runtime\Cache\Guide\497f1af9780ce379695207cacbc38db1.php 第 59 行.
NOTIC: [8] Undefined variable: edit E:\www\www\tk\Runtime\Cache\Guide\497f1af9780ce379695207cacbc38db1.php 第 59 行.
NOTIC: [8] Undefined variable: edit E:\www\www\tk\Runtime\Cache\Guide\497f1af9780ce379695207cacbc38db1.php 第 59 行.
NOTIC: [8] Undefined variable: edit E:\www\www\tk\Runtime\Cache\Guide\497f1af9780ce379695207cacbc38db1.php 第 59 行.
NOTIC: [8] Undefined variable: edit E:\www\www\tk\Runtime\Cache\Guide\497f1af9780ce379695207cacbc38db1.php 第 59 行.
NOTIC: [8] Undefined variable: edit E:\www\www\tk\Runtime\Cache\Guide\497f1af9780ce379695207cacbc38db1.php 第 59 行.
NOTIC: [8] Undefined variable: edit E:\www\www\tk\Runtime\Cache\Guide\497f1af9780ce379695207cacbc38db1.php 第 59 行.
NOTIC: [8] Undefined variable: edit E:\www\www\tk\Runtime\Cache\Guide\497f1af9780ce379695207cacbc38db1.php 第 59 行.
NOTIC: [8] Undefined variable: edit E:\www\www\tk\Runtime\Cache\Guide\497f1af9780ce379695207cacbc38db1.php 第 59 行.
NOTIC: [8] Undefined variable: edit E:\www\www\tk\Runtime\Cache\Guide\497f1af9780ce379695207cacbc38db1.php 第 59 行.
NOTIC: [8] Undefined variable: edit E:\www\www\tk\Runtime\Cache\Guide\497f1af9780ce379695207cacbc38db1.php 第 59 行.
NOTIC: [8] Undefined variable: edit E:\www\www\tk\Runtime\Cache\Guide\497f1af9780ce379695207cacbc38db1.php 第 59 行.
NOTIC: [8] Undefined variable: edit E:\www\www\tk\Runtime\Cache\Guide\497f1af9780ce379695207cacbc38db1.php 第 59 行.
NOTIC: [8] Undefined variable: edit E:\www\www\tk\Runtime\Cache\Guide\497f1af9780ce379695207cacbc38db1.php 第 59 行.
NOTIC: [8] Undefined variable: edit E:\www\www\tk\Runtime\Cache\Guide\497f1af9780ce379695207cacbc38db1.php 第 59 行.
NOTIC: [8] Undefined variable: edit E:\www\www\tk\Runtime\Cache\Guide\497f1af9780ce379695207cacbc38db1.php 第 59 行.
NOTIC: [8] Undefined variable: edit E:\www\www\tk\Runtime\Cache\Guide\497f1af9780ce379695207cacbc38db1.php 第 59 行.
INFO: Run Behavior\ParseTemplateBehavior [ RunTime:0.014649s ]
INFO: [ view_parse ] --END-- [ RunTime:0.014649s ]
INFO: [ view_filter ] --START--
INFO: Run Behavior\WriteHtmlCacheBehavior [ RunTime:0.000000s ]
INFO: Run Behavior\TokenBuildBehavior [ RunTime:0.000976s ]
INFO: [ view_filter ] --END-- [ RunTime:0.000976s ]
INFO: [ app_end ] --START--
INFO: Run Behavior\ShowPageTraceBehavior [ RunTime:0.000000s ]
INFO: [ app_end ] --END-- [ RunTime:0.000000s ]

[ 2017-10-07T16:34:25+08:00 ] 115.60.56.166 /Guide/CaseLore/index.html
INFO: [ app_init ] --START--
INFO: Run Behavior\BuildLiteBehavior [ RunTime:0.000000s ]
INFO: [ app_init ] --END-- [ RunTime:0.000976s ]
NOTIC: [2] preg_match(): Unknown modifier 'f' E:\www\www\main\Library\Think\Route.class.php 第 58 行.
NOTIC: [2] preg_match(): Unknown modifier 'f' E:\www\www\main\Library\Think\Route.class.php 第 58 行.
INFO: [ app_begin ] --START--
INFO: Run Behavior\ReadHtmlCacheBehavior [ RunTime:0.000977s ]
INFO: [ app_begin ] --END-- [ RunTime:0.000977s ]
NOTIC: [8] Undefined index: Manage E:\www\www\tk\Common\Controller\SystemLayerController.class.php 第 24 行.
NOTIC: [8] Undefined index: Manage E:\www\www\tk\Common\Controller\DefaultController.class.php 第 24 行.
NOTIC: [8] Undefined index: name E:\www\www\tk\Guide\Manage\CaseLoreManage.class.php 第 32 行.
NOTIC: [8] Undefined index: LoreID E:\www\www\tk\Guide\Manage\CaseLoreManage.class.php 第 42 行.
NOTIC: [8] Undefined index: SubjectID E:\www\www\tk\Guide\Manage\CaseLoreManage.class.php 第 50 行.
NOTIC: [8] Undefined index: DocID E:\www\www\tk\Guide\Manage\CaseLoreManage.class.php 第 58 行.
NOTIC: [2] Missing argument 3 for WLNPage::init() E:\www\www\tk\Common\Tool\WLNPage.class.php 第 50 行.
NOTIC: [8] Undefined variable: thirdPram E:\www\www\tk\Common\Tool\WLNPage.class.php 第 51 行.
NOTIC: [2] array_merge(): Argument #2 is not an array E:\www\www\tk\Common\Tool\WLNPage.class.php 第 51 行.
NOTIC: [2] extract() expects parameter 1 to be array, null given E:\www\www\tk\Common\Tool\WLNPage.class.php 第 52 行.
NOTIC: [8] Undefined variable: parameter E:\www\www\tk\Common\Tool\WLNPage.class.php 第 54 行.
NOTIC: [8] Undefined index: phone E:\www\www\tk\Common\Tool\WLNPage.class.php 第 63 行.
NOTIC: [8] Undefined variable: type E:\www\www\tk\Common\Tool\WLNPage.class.php 第 88 行.
NOTIC: [8] Undefined variable: type E:\www\www\tk\Common\Tool\WLNPage.class.php 第 89 行.
NOTIC: [8] Undefined index: p E:\www\www\tk\Guide\Manage\CaseLoreManage.class.php 第 74 行.
INFO: [ view_parse ] --START--
NOTIC: [8] Undefined index: class E:\www\www\main\Library\Think\Template\TagLib\Html.class.php 第 78 行.
NOTIC: [8] Undefined index: class E:\www\www\main\Library\Think\Template\TagLib\Html.class.php 第 78 行.
INFO: [ template_filter ] --START--
INFO: Run Behavior\ContentReplaceBehavior [ RunTime:0.000000s ]
INFO: [ template_filter ] --END-- [ RunTime:0.000977s ]
NOTIC: [8] Undefined index: name E:\www\www\tk\Runtime\Cache\Guide\92835ef336baab0cad5a385d1b217604.php 第 49 行.
NOTIC: [8] Undefined index: TestID E:\www\www\tk\Runtime\Cache\Guide\92835ef336baab0cad5a385d1b217604.php 第 57 行.
NOTIC: [8] Undefined variable: edit E:\www\www\tk\Runtime\Cache\Guide\92835ef336baab0cad5a385d1b217604.php 第 62 行.
NOTIC: [8] Undefined variable: edit E:\www\www\tk\Runtime\Cache\Guide\92835ef336baab0cad5a385d1b217604.php 第 62 行.
NOTIC: [8] Undefined variable: edit E:\www\www\tk\Runtime\Cache\Guide\92835ef336baab0cad5a385d1b217604.php 第 62 行.
NOTIC: [8] Undefined variable: edit E:\www\www\tk\Runtime\Cache\Guide\92835ef336baab0cad5a385d1b217604.php 第 62 行.
NOTIC: [8] Undefined variable: edit E:\www\www\tk\Runtime\Cache\Guide\92835ef336baab0cad5a385d1b217604.php 第 62 行.
NOTIC: [8] Undefined variable: edit E:\www\www\tk\Runtime\Cache\Guide\92835ef336baab0cad5a385d1b217604.php 第 62 行.
NOTIC: [8] Undefined variable: edit E:\www\www\tk\Runtime\Cache\Guide\92835ef336baab0cad5a385d1b217604.php 第 62 行.
NOTIC: [8] Undefined variable: edit E:\www\www\tk\Runtime\Cache\Guide\92835ef336baab0cad5a385d1b217604.php 第 62 行.
NOTIC: [8] Undefined variable: edit E:\www\www\tk\Runtime\Cache\Guide\92835ef336baab0cad5a385d1b217604.php 第 62 行.
NOTIC: [8] Undefined variable: edit E:\www\www\tk\Runtime\Cache\Guide\92835ef336baab0cad5a385d1b217604.php 第 62 行.
NOTIC: [8] Undefined variable: edit E:\www\www\tk\Runtime\Cache\Guide\92835ef336baab0cad5a385d1b217604.php 第 62 行.
NOTIC: [8] Undefined variable: edit E:\www\www\tk\Runtime\Cache\Guide\92835ef336baab0cad5a385d1b217604.php 第 62 行.
NOTIC: [8] Undefined variable: edit E:\www\www\tk\Runtime\Cache\Guide\92835ef336baab0cad5a385d1b217604.php 第 62 行.
NOTIC: [8] Undefined variable: edit E:\www\www\tk\Runtime\Cache\Guide\92835ef336baab0cad5a385d1b217604.php 第 62 行.
NOTIC: [8] Undefined variable: edit E:\www\www\tk\Runtime\Cache\Guide\92835ef336baab0cad5a385d1b217604.php 第 62 行.
NOTIC: [8] Undefined variable: edit E:\www\www\tk\Runtime\Cache\Guide\92835ef336baab0cad5a385d1b217604.php 第 62 行.
NOTIC: [8] Undefined variable: edit E:\www\www\tk\Runtime\Cache\Guide\92835ef336baab0cad5a385d1b217604.php 第 62 行.
NOTIC: [8] Undefined variable: edit E:\www\www\tk\Runtime\Cache\Guide\92835ef336baab0cad5a385d1b217604.php 第 62 行.
NOTIC: [8] Undefined variable: edit E:\www\www\tk\Runtime\Cache\Guide\92835ef336baab0cad5a385d1b217604.php 第 62 行.
NOTIC: [8] Undefined variable: edit E:\www\www\tk\Runtime\Cache\Guide\92835ef336baab0cad5a385d1b217604.php 第 62 行.
NOTIC: [8] Undefined variable: edit E:\www\www\tk\Runtime\Cache\Guide\92835ef336baab0cad5a385d1b217604.php 第 62 行.
NOTIC: [8] Undefined variable: edit E:\www\www\tk\Runtime\Cache\Guide\92835ef336baab0cad5a385d1b217604.php 第 62 行.
NOTIC: [8] Undefined variable: edit E:\www\www\tk\Runtime\Cache\Guide\92835ef336baab0cad5a385d1b217604.php 第 62 行.
NOTIC: [8] Undefined variable: edit E:\www\www\tk\Runtime\Cache\Guide\92835ef336baab0cad5a385d1b217604.php 第 62 行.
NOTIC: [8] Undefined variable: edit E:\www\www\tk\Runtime\Cache\Guide\92835ef336baab0cad5a385d1b217604.php 第 62 行.
INFO: Run Behavior\ParseTemplateBehavior [ RunTime:0.013672s ]
INFO: [ view_parse ] --END-- [ RunTime:0.013672s ]
INFO: [ view_filter ] --START--
INFO: Run Behavior\WriteHtmlCacheBehavior [ RunTime:0.000977s ]
INFO: Run Behavior\TokenBuildBehavior [ RunTime:0.000976s ]
INFO: [ view_filter ] --END-- [ RunTime:0.001953s ]
INFO: [ app_end ] --START--
INFO: Run Behavior\ShowPageTraceBehavior [ RunTime:0.000977s ]
INFO: [ app_end ] --END-- [ RunTime:0.000977s ]

[ 2017-10-07T16:34:33+08:00 ] 115.60.56.166 /Guide/CaseLore
INFO: [ app_init ] --START--
INFO: Run Behavior\BuildLiteBehavior [ RunTime:0.000000s ]
INFO: [ app_init ] --END-- [ RunTime:0.000000s ]
NOTIC: [2] preg_match(): Unknown modifier 'f' E:\www\www\main\Library\Think\Route.class.php 第 58 行.
NOTIC: [2] preg_match(): Unknown modifier 'f' E:\www\www\main\Library\Think\Route.class.php 第 58 行.
INFO: [ app_begin ] --START--
INFO: Run Behavior\ReadHtmlCacheBehavior [ RunTime:0.000977s ]
INFO: [ app_begin ] --END-- [ RunTime:0.000977s ]
NOTIC: [8] Undefined index: Manage E:\www\www\tk\Common\Controller\SystemLayerController.class.php 第 24 行.
NOTIC: [8] Undefined index: Manage E:\www\www\tk\Common\Controller\DefaultController.class.php 第 24 行.
NOTIC: [8] Undefined index: DocID E:\www\www\tk\Guide\Manage\CaseLoreManage.class.php 第 58 行.
NOTIC: [2] Missing argument 3 for WLNPage::init() E:\www\www\tk\Common\Tool\WLNPage.class.php 第 50 行.
NOTIC: [8] Undefined variable: thirdPram E:\www\www\tk\Common\Tool\WLNPage.class.php 第 51 行.
NOTIC: [2] array_merge(): Argument #2 is not an array E:\www\www\tk\Common\Tool\WLNPage.class.php 第 51 行.
NOTIC: [2] extract() expects parameter 1 to be array, null given E:\www\www\tk\Common\Tool\WLNPage.class.php 第 52 行.
NOTIC: [8] Undefined variable: parameter E:\www\www\tk\Common\Tool\WLNPage.class.php 第 54 行.
NOTIC: [8] Undefined index: phone E:\www\www\tk\Common\Tool\WLNPage.class.php 第 63 行.
NOTIC: [8] Undefined variable: type E:\www\www\tk\Common\Tool\WLNPage.class.php 第 88 行.
NOTIC: [8] Undefined variable: type E:\www\www\tk\Common\Tool\WLNPage.class.php 第 89 行.
NOTIC: [8] Undefined index: p E:\www\www\tk\Guide\Manage\CaseLoreManage.class.php 第 74 行.
INFO: [ view_parse ] --START--
NOTIC: [8] Undefined index: class E:\www\www\main\Library\Think\Template\TagLib\Html.class.php 第 78 行.
NOTIC: [8] Undefined index: class E:\www\www\main\Library\Think\Template\TagLib\Html.class.php 第 78 行.
INFO: [ template_filter ] --START--
INFO: Run Behavior\ContentReplaceBehavior [ RunTime:0.000000s ]
INFO: [ template_filter ] --END-- [ RunTime:0.000000s ]
NOTIC: [8] Undefined index: TestID E:\www\www\tk\Runtime\Cache\Guide\92835ef336baab0cad5a385d1b217604.php 第 57 行.
NOTIC: [8] Undefined variable: edit E:\www\www\tk\Runtime\Cache\Guide\92835ef336baab0cad5a385d1b217604.php 第 62 行.
NOTIC: [8] Undefined variable: edit E:\www\www\tk\Runtime\Cache\Guide\92835ef336baab0cad5a385d1b217604.php 第 62 行.
NOTIC: [8] Undefined variable: edit E:\www\www\tk\Runtime\Cache\Guide\92835ef336baab0cad5a385d1b217604.php 第 62 行.
NOTIC: [8] Undefined variable: edit E:\www\www\tk\Runtime\Cache\Guide\92835ef336baab0cad5a385d1b217604.php 第 62 行.
NOTIC: [8] Undefined variable: edit E:\www\www\tk\Runtime\Cache\Guide\92835ef336baab0cad5a385d1b217604.php 第 62 行.
NOTIC: [8] Undefined variable: edit E:\www\www\tk\Runtime\Cache\Guide\92835ef336baab0cad5a385d1b217604.php 第 62 行.
NOTIC: [8] Undefined variable: edit E:\www\www\tk\Runtime\Cache\Guide\92835ef336baab0cad5a385d1b217604.php 第 62 行.
NOTIC: [8] Undefined variable: edit E:\www\www\tk\Runtime\Cache\Guide\92835ef336baab0cad5a385d1b217604.php 第 62 行.
NOTIC: [8] Undefined variable: edit E:\www\www\tk\Runtime\Cache\Guide\92835ef336baab0cad5a385d1b217604.php 第 62 行.
NOTIC: [8] Undefined variable: edit E:\www\www\tk\Runtime\Cache\Guide\92835ef336baab0cad5a385d1b217604.php 第 62 行.
NOTIC: [8] Undefined variable: edit E:\www\www\tk\Runtime\Cache\Guide\92835ef336baab0cad5a385d1b217604.php 第 62 行.
NOTIC: [8] Undefined variable: edit E:\www\www\tk\Runtime\Cache\Guide\92835ef336baab0cad5a385d1b217604.php 第 62 行.
NOTIC: [8] Undefined variable: edit E:\www\www\tk\Runtime\Cache\Guide\92835ef336baab0cad5a385d1b217604.php 第 62 行.
NOTIC: [8] Undefined variable: edit E:\www\www\tk\Runtime\Cache\Guide\92835ef336baab0cad5a385d1b217604.php 第 62 行.
NOTIC: [8] Undefined variable: edit E:\www\www\tk\Runtime\Cache\Guide\92835ef336baab0cad5a385d1b217604.php 第 62 行.
NOTIC: [8] Undefined variable: edit E:\www\www\tk\Runtime\Cache\Guide\92835ef336baab0cad5a385d1b217604.php 第 62 行.
NOTIC: [8] Undefined variable: edit E:\www\www\tk\Runtime\Cache\Guide\92835ef336baab0cad5a385d1b217604.php 第 62 行.
NOTIC: [8] Undefined variable: edit E:\www\www\tk\Runtime\Cache\Guide\92835ef336baab0cad5a385d1b217604.php 第 62 行.
NOTIC: [8] Undefined variable: edit E:\www\www\tk\Runtime\Cache\Guide\92835ef336baab0cad5a385d1b217604.php 第 62 行.
NOTIC: [8] Undefined variable: edit E:\www\www\tk\Runtime\Cache\Guide\92835ef336baab0cad5a385d1b217604.php 第 62 行.
NOTIC: [8] Undefined variable: edit E:\www\www\tk\Runtime\Cache\Guide\92835ef336baab0cad5a385d1b217604.php 第 62 行.
NOTIC: [8] Undefined variable: edit E:\www\www\tk\Runtime\Cache\Guide\92835ef336baab0cad5a385d1b217604.php 第 62 行.
NOTIC: [8] Undefined variable: edit E:\www\www\tk\Runtime\Cache\Guide\92835ef336baab0cad5a385d1b217604.php 第 62 行.
NOTIC: [8] Undefined variable: edit E:\www\www\tk\Runtime\Cache\Guide\92835ef336baab0cad5a385d1b217604.php 第 62 行.
NOTIC: [8] Undefined variable: edit E:\www\www\tk\Runtime\Cache\Guide\92835ef336baab0cad5a385d1b217604.php 第 62 行.
INFO: Run Behavior\ParseTemplateBehavior [ RunTime:0.012696s ]
INFO: [ view_parse ] --END-- [ RunTime:0.013672s ]
INFO: [ view_filter ] --START--
INFO: Run Behavior\WriteHtmlCacheBehavior [ RunTime:0.000000s ]
INFO: Run Behavior\TokenBuildBehavior [ RunTime:0.000977s ]
INFO: [ view_filter ] --END-- [ RunTime:0.000977s ]
INFO: [ app_end ] --START--
INFO: Run Behavior\ShowPageTraceBehavior [ RunTime:0.000977s ]
INFO: [ app_end ] --END-- [ RunTime:0.000977s ]

[ 2017-10-07T16:35:33+08:00 ] 115.60.56.166 /Guide/CaseLoreDocLabel/index.html
INFO: [ app_init ] --START--
INFO: Run Behavior\BuildLiteBehavior [ RunTime:0.000000s ]
INFO: [ app_init ] --END-- [ RunTime:0.000000s ]
NOTIC: [2] preg_match(): Unknown modifier 'f' E:\www\www\main\Library\Think\Route.class.php 第 58 行.
NOTIC: [2] preg_match(): Unknown modifier 'f' E:\www\www\main\Library\Think\Route.class.php 第 58 行.
INFO: [ app_begin ] --START--
INFO: Run Behavior\ReadHtmlCacheBehavior [ RunTime:0.000000s ]
INFO: [ app_begin ] --END-- [ RunTime:0.000000s ]
NOTIC: [8] Undefined index: Manage E:\www\www\tk\Common\Controller\SystemLayerController.class.php 第 24 行.
NOTIC: [8] Undefined index: Manage E:\www\www\tk\Common\Controller\DefaultController.class.php 第 24 行.
INFO: [ view_parse ] --START--
INFO: [ template_filter ] --START--
INFO: Run Behavior\ContentReplaceBehavior [ RunTime:0.000000s ]
INFO: [ template_filter ] --END-- [ RunTime:0.000000s ]
INFO: Run Behavior\ParseTemplateBehavior [ RunTime:0.009766s ]
INFO: [ view_parse ] --END-- [ RunTime:0.009766s ]
INFO: [ view_filter ] --START--
INFO: Run Behavior\WriteHtmlCacheBehavior [ RunTime:0.000000s ]
INFO: Run Behavior\TokenBuildBehavior [ RunTime:0.000000s ]
INFO: [ view_filter ] --END-- [ RunTime:0.000977s ]
INFO: [ app_end ] --START--
INFO: Run Behavior\ShowPageTraceBehavior [ RunTime:0.000976s ]
INFO: [ app_end ] --END-- [ RunTime:0.000976s ]

[ 2017-10-07T16:35:41+08:00 ] 115.60.56.166 /Guide/CaseLoreDocLabel/edit/id/1.html
INFO: [ app_init ] --START--
INFO: Run Behavior\BuildLiteBehavior [ RunTime:0.000000s ]
INFO: [ app_init ] --END-- [ RunTime:0.000000s ]
NOTIC: [2] preg_match(): Unknown modifier 'f' E:\www\www\main\Library\Think\Route.class.php 第 58 行.
NOTIC: [2] preg_match(): Unknown modifier 'f' E:\www\www\main\Library\Think\Route.class.php 第 58 行.
INFO: [ app_begin ] --START--
INFO: Run Behavior\ReadHtmlCacheBehavior [ RunTime:0.000977s ]
INFO: [ app_begin ] --END-- [ RunTime:0.000977s ]
NOTIC: [8] Undefined index: Manage E:\www\www\tk\Common\Controller\SystemLayerController.class.php 第 24 行.
NOTIC: [8] Undefined index: Manage E:\www\www\tk\Common\Controller\DefaultController.class.php 第 24 行.
INFO: [ view_parse ] --START--
INFO: [ template_filter ] --START--
INFO: Run Behavior\ContentReplaceBehavior [ RunTime:0.000000s ]
INFO: [ template_filter ] --END-- [ RunTime:0.000000s ]
INFO: Run Behavior\ParseTemplateBehavior [ RunTime:0.010742s ]
INFO: [ view_parse ] --END-- [ RunTime:0.010742s ]
INFO: [ view_filter ] --START--
INFO: Run Behavior\WriteHtmlCacheBehavior [ RunTime:0.000000s ]
INFO: Run Behavior\TokenBuildBehavior [ RunTime:0.000977s ]
INFO: [ view_filter ] --END-- [ RunTime:0.000977s ]
INFO: [ app_end ] --START--
INFO: Run Behavior\ShowPageTraceBehavior [ RunTime:0.000976s ]
INFO: [ app_end ] --END-- [ RunTime:0.000976s ]

[ 2017-10-07T16:35:45+08:00 ] 115.60.56.166 /Guide/CaseAnnounce/index.html
INFO: [ app_init ] --START--
INFO: Run Behavior\BuildLiteBehavior [ RunTime:0.000977s ]
INFO: [ app_init ] --END-- [ RunTime:0.000977s ]
NOTIC: [2] preg_match(): Unknown modifier 'f' E:\www\www\main\Library\Think\Route.class.php 第 58 行.
NOTIC: [2] preg_match(): Unknown modifier 'f' E:\www\www\main\Library\Think\Route.class.php 第 58 行.
INFO: [ app_begin ] --START--
INFO: Run Behavior\ReadHtmlCacheBehavior [ RunTime:0.000977s ]
INFO: [ app_begin ] --END-- [ RunTime:0.000977s ]
NOTIC: [8] Undefined index: Manage E:\www\www\tk\Common\Controller\SystemLayerController.class.php 第 24 行.
NOTIC: [8] Undefined index: Manage E:\www\www\tk\Common\Controller\DefaultController.class.php 第 24 行.
NOTIC: [8] Undefined index: name E:\www\www\tk\Guide\Manage\CaseAnnounceManage.class.php 第 24 行.
NOTIC: [8] Undefined index: SubjectID E:\www\www\tk\Guide\Manage\CaseAnnounceManage.class.php 第 30 行.
NOTIC: [8] Undefined index: UserName E:\www\www\tk\Guide\Manage\CaseAnnounceManage.class.php 第 39 行.
NOTIC: [8] Undefined index: p E:\www\www\tk\Guide\Manage\CaseAnnounceManage.class.php 第 50 行.
NOTIC: [2] Missing argument 3 for WLNPage::init() E:\www\www\tk\Common\Tool\WLNPage.class.php 第 50 行.
NOTIC: [8] Undefined variable: thirdPram E:\www\www\tk\Common\Tool\WLNPage.class.php 第 51 行.
NOTIC: [2] array_merge(): Argument #2 is not an array E:\www\www\tk\Common\Tool\WLNPage.class.php 第 51 行.
NOTIC: [2] extract() expects parameter 1 to be array, null given E:\www\www\tk\Common\Tool\WLNPage.class.php 第 52 行.
NOTIC: [8] Undefined variable: parameter E:\www\www\tk\Common\Tool\WLNPage.class.php 第 54 行.
NOTIC: [8] Undefined index: phone E:\www\www\tk\Common\Tool\WLNPage.class.php 第 63 行.
NOTIC: [8] Undefined variable: type E:\www\www\tk\Common\Tool\WLNPage.class.php 第 88 行.
NOTIC: [8] Undefined variable: type E:\www\www\tk\Common\Tool\WLNPage.class.php 第 89 行.
INFO: [ view_parse ] --START--
NOTIC: [8] Undefined index: class E:\www\www\main\Library\Think\Template\TagLib\Html.class.php 第 78 行.
NOTIC: [8] Undefined index: class E:\www\www\main\Library\Think\Template\TagLib\Html.class.php 第 78 行.
INFO: [ template_filter ] --START--
INFO: Run Behavior\ContentReplaceBehavior [ RunTime:0.000000s ]
INFO: [ template_filter ] --END-- [ RunTime:0.000000s ]
NOTIC: [8] Undefined index: name E:\www\www\tk\Runtime\Cache\Guide\b9318905d298c38c8aca654a59cf94b3.php 第 44 行.
NOTIC: [8] Undefined variable: edit E:\www\www\tk\Runtime\Cache\Guide\b9318905d298c38c8aca654a59cf94b3.php 第 56 行.
NOTIC: [8] Undefined variable: edit E:\www\www\tk\Runtime\Cache\Guide\b9318905d298c38c8aca654a59cf94b3.php 第 56 行.
NOTIC: [8] Undefined variable: edit E:\www\www\tk\Runtime\Cache\Guide\b9318905d298c38c8aca654a59cf94b3.php 第 56 行.
NOTIC: [8] Undefined variable: edit E:\www\www\tk\Runtime\Cache\Guide\b9318905d298c38c8aca654a59cf94b3.php 第 56 行.
NOTIC: [8] Undefined variable: edit E:\www\www\tk\Runtime\Cache\Guide\b9318905d298c38c8aca654a59cf94b3.php 第 56 行.
NOTIC: [8] Undefined variable: edit E:\www\www\tk\Runtime\Cache\Guide\b9318905d298c38c8aca654a59cf94b3.php 第 56 行.
NOTIC: [8] Undefined variable: edit E:\www\www\tk\Runtime\Cache\Guide\b9318905d298c38c8aca654a59cf94b3.php 第 56 行.
NOTIC: [8] Undefined variable: edit E:\www\www\tk\Runtime\Cache\Guide\b9318905d298c38c8aca654a59cf94b3.php 第 56 行.
NOTIC: [8] Undefined variable: edit E:\www\www\tk\Runtime\Cache\Guide\b9318905d298c38c8aca654a59cf94b3.php 第 56 行.
NOTIC: [8] Undefined variable: edit E:\www\www\tk\Runtime\Cache\Guide\b9318905d298c38c8aca654a59cf94b3.php 第 56 行.
NOTIC: [8] Undefined variable: edit E:\www\www\tk\Runtime\Cache\Guide\b9318905d298c38c8aca654a59cf94b3.php 第 56 行.
NOTIC: [8] Undefined variable: edit E:\www\www\tk\Runtime\Cache\Guide\b9318905d298c38c8aca654a59cf94b3.php 第 56 行.
NOTIC: [8] Undefined variable: edit E:\www\www\tk\Runtime\Cache\Guide\b9318905d298c38c8aca654a59cf94b3.php 第 56 行.
NOTIC: [8] Undefined variable: edit E:\www\www\tk\Runtime\Cache\Guide\b9318905d298c38c8aca654a59cf94b3.php 第 56 行.
NOTIC: [8] Undefined variable: edit E:\www\www\tk\Runtime\Cache\Guide\b9318905d298c38c8aca654a59cf94b3.php 第 56 行.
NOTIC: [8] Undefined variable: edit E:\www\www\tk\Runtime\Cache\Guide\b9318905d298c38c8aca654a59cf94b3.php 第 56 行.
NOTIC: [8] Undefined variable: edit E:\www\www\tk\Runtime\Cache\Guide\b9318905d298c38c8aca654a59cf94b3.php 第 56 行.
NOTIC: [8] Undefined variable: edit E:\www\www\tk\Runtime\Cache\Guide\b9318905d298c38c8aca654a59cf94b3.php 第 56 行.
NOTIC: [8] Undefined variable: edit E:\www\www\tk\Runtime\Cache\Guide\b9318905d298c38c8aca654a59cf94b3.php 第 56 行.
NOTIC: [8] Undefined variable: edit E:\www\www\tk\Runtime\Cache\Guide\b9318905d298c38c8aca654a59cf94b3.php 第 56 行.
NOTIC: [8] Undefined variable: edit E:\www\www\tk\Runtime\Cache\Guide\b9318905d298c38c8aca654a59cf94b3.php 第 56 行.
NOTIC: [8] Undefined variable: edit E:\www\www\tk\Runtime\Cache\Guide\b9318905d298c38c8aca654a59cf94b3.php 第 56 行.
NOTIC: [8] Undefined variable: edit E:\www\www\tk\Runtime\Cache\Guide\b9318905d298c38c8aca654a59cf94b3.php 第 56 行.
NOTIC: [8] Undefined variable: edit E:\www\www\tk\Runtime\Cache\Guide\b9318905d298c38c8aca654a59cf94b3.php 第 56 行.
NOTIC: [8] Undefined variable: edit E:\www\www\tk\Runtime\Cache\Guide\b9318905d298c38c8aca654a59cf94b3.php 第 56 行.
INFO: Run Behavior\ParseTemplateBehavior [ RunTime:0.013672s ]
INFO: [ view_parse ] --END-- [ RunTime:0.013672s ]
INFO: [ view_filter ] --START--
INFO: Run Behavior\WriteHtmlCacheBehavior [ RunTime:0.000000s ]
INFO: Run Behavior\TokenBuildBehavior [ RunTime:0.000977s ]
INFO: [ view_filter ] --END-- [ RunTime:0.000977s ]
INFO: [ app_end ] --START--
INFO: Run Behavior\ShowPageTraceBehavior [ RunTime:0.000977s ]
INFO: [ app_end ] --END-- [ RunTime:0.000977s ]

[ 2017-10-07T16:35:48+08:00 ] 115.60.56.166 /Guide/CaseAnnounce/respond/WorkID/66.html
INFO: [ app_init ] --START--
INFO: Run Behavior\BuildLiteBehavior [ RunTime:0.000000s ]
INFO: [ app_init ] --END-- [ RunTime:0.000000s ]
NOTIC: [2] preg_match(): Unknown modifier 'f' E:\www\www\main\Library\Think\Route.class.php 第 58 行.
NOTIC: [2] preg_match(): Unknown modifier 'f' E:\www\www\main\Library\Think\Route.class.php 第 58 行.
INFO: [ app_begin ] --START--
INFO: Run Behavior\ReadHtmlCacheBehavior [ RunTime:0.000976s ]
INFO: [ app_begin ] --END-- [ RunTime:0.000976s ]
NOTIC: [8] Undefined index: Manage E:\www\www\tk\Common\Controller\SystemLayerController.class.php 第 24 行.
NOTIC: [8] Undefined index: Manage E:\www\www\tk\Common\Controller\DefaultController.class.php 第 24 行.
NOTIC: [8] Undefined index: name E:\www\www\tk\Guide\Manage\CaseAnnounceManage.class.php 第 127 行.
NOTIC: [8] Undefined index: SubjectID E:\www\www\tk\Guide\Manage\CaseAnnounceManage.class.php 第 133 行.
NOTIC: [8] Undefined index: Status E:\www\www\tk\Guide\Manage\CaseAnnounceManage.class.php 第 142 行.
NOTIC: [8] Undefined index: p E:\www\www\tk\Guide\Manage\CaseAnnounceManage.class.php 第 154 行.
NOTIC: [2] Missing argument 3 for WLNPage::init() E:\www\www\tk\Common\Tool\WLNPage.class.php 第 50 行.
NOTIC: [8] Undefined variable: thirdPram E:\www\www\tk\Common\Tool\WLNPage.class.php 第 51 行.
NOTIC: [2] array_merge(): Argument #2 is not an array E:\www\www\tk\Common\Tool\WLNPage.class.php 第 51 行.
NOTIC: [2] extract() expects parameter 1 to be array, null given E:\www\www\tk\Common\Tool\WLNPage.class.php 第 52 行.
NOTIC: [8] Undefined variable: parameter E:\www\www\tk\Common\Tool\WLNPage.class.php 第 54 行.
NOTIC: [8] Undefined index: phone E:\www\www\tk\Common\Tool\WLNPage.class.php 第 63 行.
NOTIC: [8] Undefined variable: type E:\www\www\tk\Common\Tool\WLNPage.class.php 第 88 行.
NOTIC: [8] Undefined variable: type E:\www\www\tk\Common\Tool\WLNPage.class.php 第 89 行.
INFO: [ view_parse ] --START--
NOTIC: [8] Undefined index: class E:\www\www\main\Library\Think\Template\TagLib\Html.class.php 第 78 行.
NOTIC: [8] Undefined index: class E:\www\www\main\Library\Think\Template\TagLib\Html.class.php 第 78 行.
INFO: [ template_filter ] --START--
INFO: Run Behavior\ContentReplaceBehavior [ RunTime:0.000000s ]
INFO: [ template_filter ] --END-- [ RunTime:0.000000s ]
NOTIC: [8] Undefined index: name E:\www\www\tk\Runtime\Cache\Guide\63ed1cd57c2e93ae355d5db36c2be1a5.php 第 44 行.
NOTIC: [8] Undefined variable: edit E:\www\www\tk\Runtime\Cache\Guide\63ed1cd57c2e93ae355d5db36c2be1a5.php 第 56 行.
NOTIC: [8] Undefined variable: edit E:\www\www\tk\Runtime\Cache\Guide\63ed1cd57c2e93ae355d5db36c2be1a5.php 第 56 行.
NOTIC: [8] Undefined variable: edit E:\www\www\tk\Runtime\Cache\Guide\63ed1cd57c2e93ae355d5db36c2be1a5.php 第 56 行.
NOTIC: [8] Undefined variable: edit E:\www\www\tk\Runtime\Cache\Guide\63ed1cd57c2e93ae355d5db36c2be1a5.php 第 56 行.
NOTIC: [8] Undefined variable: edit E:\www\www\tk\Runtime\Cache\Guide\63ed1cd57c2e93ae355d5db36c2be1a5.php 第 56 行.
NOTIC: [8] Undefined variable: edit E:\www\www\tk\Runtime\Cache\Guide\63ed1cd57c2e93ae355d5db36c2be1a5.php 第 56 行.
NOTIC: [8] Undefined variable: edit E:\www\www\tk\Runtime\Cache\Guide\63ed1cd57c2e93ae355d5db36c2be1a5.php 第 56 行.
NOTIC: [8] Undefined variable: edit E:\www\www\tk\Runtime\Cache\Guide\63ed1cd57c2e93ae355d5db36c2be1a5.php 第 56 行.
NOTIC: [8] Undefined variable: edit E:\www\www\tk\Runtime\Cache\Guide\63ed1cd57c2e93ae355d5db36c2be1a5.php 第 56 行.
NOTIC: [8] Undefined variable: edit E:\www\www\tk\Runtime\Cache\Guide\63ed1cd57c2e93ae355d5db36c2be1a5.php 第 56 行.
NOTIC: [8] Undefined variable: edit E:\www\www\tk\Runtime\Cache\Guide\63ed1cd57c2e93ae355d5db36c2be1a5.php 第 56 行.
NOTIC: [8] Undefined variable: edit E:\www\www\tk\Runtime\Cache\Guide\63ed1cd57c2e93ae355d5db36c2be1a5.php 第 56 行.
NOTIC: [8] Undefined variable: edit E:\www\www\tk\Runtime\Cache\Guide\63ed1cd57c2e93ae355d5db36c2be1a5.php 第 56 行.
NOTIC: [8] Undefined variable: edit E:\www\www\tk\Runtime\Cache\Guide\63ed1cd57c2e93ae355d5db36c2be1a5.php 第 56 行.
NOTIC: [8] Undefined variable: edit E:\www\www\tk\Runtime\Cache\Guide\63ed1cd57c2e93ae355d5db36c2be1a5.php 第 56 行.
NOTIC: [8] Undefined variable: edit E:\www\www\tk\Runtime\Cache\Guide\63ed1cd57c2e93ae355d5db36c2be1a5.php 第 56 行.
NOTIC: [8] Undefined variable: edit E:\www\www\tk\Runtime\Cache\Guide\63ed1cd57c2e93ae355d5db36c2be1a5.php 第 56 行.
NOTIC: [8] Undefined variable: edit E:\www\www\tk\Runtime\Cache\Guide\63ed1cd57c2e93ae355d5db36c2be1a5.php 第 56 行.
NOTIC: [8] Undefined variable: edit E:\www\www\tk\Runtime\Cache\Guide\63ed1cd57c2e93ae355d5db36c2be1a5.php 第 56 行.
NOTIC: [8] Undefined variable: edit E:\www\www\tk\Runtime\Cache\Guide\63ed1cd57c2e93ae355d5db36c2be1a5.php 第 56 行.
NOTIC: [8] Undefined variable: edit E:\www\www\tk\Runtime\Cache\Guide\63ed1cd57c2e93ae355d5db36c2be1a5.php 第 56 行.
NOTIC: [8] Undefined variable: edit E:\www\www\tk\Runtime\Cache\Guide\63ed1cd57c2e93ae355d5db36c2be1a5.php 第 56 行.
NOTIC: [8] Undefined variable: edit E:\www\www\tk\Runtime\Cache\Guide\63ed1cd57c2e93ae355d5db36c2be1a5.php 第 56 行.
NOTIC: [8] Undefined variable: edit E:\www\www\tk\Runtime\Cache\Guide\63ed1cd57c2e93ae355d5db36c2be1a5.php 第 56 行.
NOTIC: [8] Undefined variable: edit E:\www\www\tk\Runtime\Cache\Guide\63ed1cd57c2e93ae355d5db36c2be1a5.php 第 56 行.
INFO: Run Behavior\ParseTemplateBehavior [ RunTime:0.012696s ]
INFO: [ view_parse ] --END-- [ RunTime:0.012696s ]
INFO: [ view_filter ] --START--
INFO: Run Behavior\WriteHtmlCacheBehavior [ RunTime:0.000000s ]
INFO: Run Behavior\TokenBuildBehavior [ RunTime:0.000976s ]
INFO: [ view_filter ] --END-- [ RunTime:0.001953s ]
INFO: [ app_end ] --START--
INFO: Run Behavior\ShowPageTraceBehavior [ RunTime:0.000977s ]
INFO: [ app_end ] --END-- [ RunTime:0.000977s ]

[ 2017-10-07T16:35:52+08:00 ] 115.60.56.166 /Guide/CaseAnnounce/edit/id/66.html
INFO: [ app_init ] --START--
INFO: Run Behavior\BuildLiteBehavior [ RunTime:0.000000s ]
INFO: [ app_init ] --END-- [ RunTime:0.000977s ]
NOTIC: [2] preg_match(): Unknown modifier 'f' E:\www\www\main\Library\Think\Route.class.php 第 58 行.
NOTIC: [2] preg_match(): Unknown modifier 'f' E:\www\www\main\Library\Think\Route.class.php 第 58 行.
INFO: [ app_begin ] --START--
INFO: Run Behavior\ReadHtmlCacheBehavior [ RunTime:0.000976s ]
INFO: [ app_begin ] --END-- [ RunTime:0.000976s ]
NOTIC: [8] Undefined index: Manage E:\www\www\tk\Common\Controller\SystemLayerController.class.php 第 24 行.
NOTIC: [8] Undefined index: Manage E:\www\www\tk\Common\Controller\DefaultController.class.php 第 24 行.
NOTIC: [8] Undefined offset: 0 E:\www\www\tk\Guide\Model\CaseLoreDocModel.class.php 第 235 行.
NOTIC: [8] Undefined index: Answer E:\www\www\tk\Guide\Model\CaseLoreDocModel.class.php 第 238 行.
NOTIC: [8] Undefined offset: 0 E:\www\www\tk\Guide\Model\CaseLoreDocModel.class.php 第 235 行.
NOTIC: [8] Undefined index: Answer E:\www\www\tk\Guide\Model\CaseLoreDocModel.class.php 第 238 行.
NOTIC: [8] Undefined offset: 0 E:\www\www\tk\Guide\Model\CaseLoreDocModel.class.php 第 235 行.
NOTIC: [8] Undefined index: Answer E:\www\www\tk\Guide\Model\CaseLoreDocModel.class.php 第 238 行.
NOTIC: [8] Undefined offset: 0 E:\www\www\tk\Guide\Model\CaseLoreDocModel.class.php 第 235 行.
NOTIC: [8] Undefined index: Answer E:\www\www\tk\Guide\Model\CaseLoreDocModel.class.php 第 238 行.
NOTIC: [8] Undefined offset: 0 E:\www\www\tk\Guide\Model\CaseLoreDocModel.class.php 第 235 行.
NOTIC: [8] Undefined offset: 0 E:\www\www\tk\Guide\Model\CaseLoreDocModel.class.php 第 235 行.
NOTIC: [8] Undefined offset: 0 E:\www\www\tk\Guide\Model\CaseLoreDocModel.class.php 第 235 行.
NOTIC: [8] Undefined offset: 0 E:\www\www\tk\Guide\Model\CaseLoreDocModel.class.php 第 250 行.
NOTIC: [8] Undefined index: Answer E:\www\www\tk\Guide\Model\CaseLoreDocModel.class.php 第 253 行.
NOTIC: [8] Undefined offset: 0 E:\www\www\tk\Guide\Model\CaseLoreDocModel.class.php 第 250 行.
NOTIC: [8] Undefined index: Answer E:\www\www\tk\Guide\Model\CaseLoreDocModel.class.php 第 253 行.
NOTIC: [8] Undefined offset: 0 E:\www\www\tk\Guide\Model\CaseLoreDocModel.class.php 第 250 行.
NOTIC: [8] Undefined index: Answer E:\www\www\tk\Guide\Model\CaseLoreDocModel.class.php 第 253 行.
NOTIC: [8] Undefined offset: 0 E:\www\www\tk\Guide\Model\CaseLoreDocModel.class.php 第 250 行.
NOTIC: [8] Undefined index: Answer E:\www\www\tk\Guide\Model\CaseLoreDocModel.class.php 第 253 行.
NOTIC: [8] Undefined offset: 0 E:\www\www\tk\Guide\Model\CaseLoreDocModel.class.php 第 250 行.
NOTIC: [8] Undefined index: Answer E:\www\www\tk\Guide\Model\CaseLoreDocModel.class.php 第 253 行.
NOTIC: [8] Undefined offset: 0 E:\www\www\tk\Guide\Model\CaseLoreDocModel.class.php 第 250 行.
NOTIC: [8] Undefined index: Answer E:\www\www\tk\Guide\Model\CaseLoreDocModel.class.php 第 253 行.
NOTIC: [8] Undefined offset: 0 E:\www\www\tk\Guide\Model\CaseLoreDocModel.class.php 第 235 行.
NOTIC: [8] Undefined offset: 0 E:\www\www\tk\Guide\Model\CaseLoreDocModel.class.php 第 235 行.
NOTIC: [8] Undefined offset: 0 E:\www\www\tk\Guide\Model\CaseLoreDocModel.class.php 第 235 行.
NOTIC: [8] Undefined offset: 0 E:\www\www\tk\Guide\Model\CaseLoreDocModel.class.php 第 235 行.
NOTIC: [8] Undefined offset: 0 E:\www\www\tk\Guide\Model\CaseLoreDocModel.class.php 第 235 行.
NOTIC: [8] Undefined offset: 0 E:\www\www\tk\Guide\Model\CaseLoreDocModel.class.php 第 250 行.
NOTIC: [8] Undefined index: Answer E:\www\www\tk\Guide\Model\CaseLoreDocModel.class.php 第 253 行.
NOTIC: [8] Undefined offset: 0 E:\www\www\tk\Guide\Model\CaseLoreDocModel.class.php 第 250 行.
NOTIC: [8] Undefined index: Answer E:\www\www\tk\Guide\Model\CaseLoreDocModel.class.php 第 253 行.
NOTIC: [8] Undefined offset: 0 E:\www\www\tk\Guide\Model\CaseLoreDocModel.class.php 第 250 行.
NOTIC: [8] Undefined index: Answer E:\www\www\tk\Guide\Model\CaseLoreDocModel.class.php 第 253 行.
NOTIC: [8] Undefined offset: 0 E:\www\www\tk\Guide\Model\CaseLoreDocModel.class.php 第 250 行.
NOTIC: [8] Undefined index: Answer E:\www\www\tk\Guide\Model\CaseLoreDocModel.class.php 第 253 行.
NOTIC: [8] Undefined offset: 0 E:\www\www\tk\Guide\Model\CaseLoreDocModel.class.php 第 250 行.
NOTIC: [8] Undefined index: Answer E:\www\www\tk\Guide\Model\CaseLoreDocModel.class.php 第 253 行.
NOTIC: [8] Undefined offset: 0 E:\www\www\tk\Guide\Model\CaseLoreDocModel.class.php 第 250 行.
NOTIC: [8] Undefined index: Answer E:\www\www\tk\Guide\Model\CaseLoreDocModel.class.php 第 253 行.
NOTIC: [8] Undefined offset: 0 E:\www\www\tk\Guide\Model\CaseLoreDocModel.class.php 第 250 行.
NOTIC: [8] Undefined index: Answer E:\www\www\tk\Guide\Model\CaseLoreDocModel.class.php 第 253 行.
NOTIC: [8] Undefined offset: 0 E:\www\www\tk\Guide\Model\CaseLoreDocModel.class.php 第 250 行.
NOTIC: [8] Undefined index: Answer E:\www\www\tk\Guide\Model\CaseLoreDocModel.class.php 第 253 行.
NOTIC: [8] Undefined offset: 0 E:\www\www\tk\Guide\Model\CaseLoreDocModel.class.php 第 250 行.
NOTIC: [8] Undefined index: Answer E:\www\www\tk\Guide\Model\CaseLoreDocModel.class.php 第 253 行.
NOTIC: [8] Undefined offset: 0 E:\www\www\tk\Guide\Model\CaseLoreDocModel.class.php 第 250 行.
NOTIC: [8] Undefined index: Answer E:\www\www\tk\Guide\Model\CaseLoreDocModel.class.php 第 253 行.
NOTIC: [8] Undefined offset: 0 E:\www\www\tk\Guide\Model\CaseLoreDocModel.class.php 第 250 行.
NOTIC: [8] Undefined index: Answer E:\www\www\tk\Guide\Model\CaseLoreDocModel.class.php 第 253 行.
NOTIC: [8] Undefined offset: 0 E:\www\www\tk\Guide\Model\CaseLoreDocModel.class.php 第 250 行.
NOTIC: [8] Undefined index: Answer E:\www\www\tk\Guide\Model\CaseLoreDocModel.class.php 第 253 行.
NOTIC: [8] Undefined offset: 0 E:\www\www\tk\Guide\Model\CaseLoreDocModel.class.php 第 250 行.
NOTIC: [8] Undefined index: Answer E:\www\www\tk\Guide\Model\CaseLoreDocModel.class.php 第 253 行.
NOTIC: [8] Undefined offset: 0 E:\www\www\tk\Guide\Model\CaseLoreDocModel.class.php 第 250 行.
NOTIC: [8] Undefined index: Answer E:\www\www\tk\Guide\Model\CaseLoreDocModel.class.php 第 253 行.
NOTIC: [8] Undefined offset: 0 E:\www\www\tk\Guide\Model\CaseLoreDocModel.class.php 第 250 行.
NOTIC: [8] Undefined index: Answer E:\www\www\tk\Guide\Model\CaseLoreDocModel.class.php 第 253 行.
INFO: [ view_parse ] --START--
INFO: [ template_filter ] --START--
INFO: Run Behavior\ContentReplaceBehavior [ RunTime:0.000000s ]
INFO: [ template_filter ] --END-- [ RunTime:0.000000s ]
NOTIC: [8] Undefined variable: 1 E:\www\www\tk\Runtime\Cache\Guide\d2f138b80a3207c0d9397ceb56f33f61.php 第 47 行.
INFO: Run Behavior\ParseTemplateBehavior [ RunTime:0.010743s ]
INFO: [ view_parse ] --END-- [ RunTime:0.010743s ]
INFO: [ view_filter ] --START--
INFO: Run Behavior\WriteHtmlCacheBehavior [ RunTime:0.000000s ]
INFO: Run Behavior\TokenBuildBehavior [ RunTime:0.000976s ]
INFO: [ view_filter ] --END-- [ RunTime:0.000976s ]
INFO: [ app_end ] --START--
INFO: Run Behavior\ShowPageTraceBehavior [ RunTime:0.000000s ]
INFO: [ app_end ] --END-- [ RunTime:0.000000s ]

[ 2017-10-07T16:36:02+08:00 ] 115.60.56.166 /Guide/CaseMyLore/index.html
INFO: [ app_init ] --START--
INFO: Run Behavior\BuildLiteBehavior [ RunTime:0.000000s ]
INFO: [ app_init ] --END-- [ RunTime:0.000977s ]
NOTIC: [2] preg_match(): Unknown modifier 'f' E:\www\www\main\Library\Think\Route.class.php 第 58 行.
NOTIC: [2] preg_match(): Unknown modifier 'f' E:\www\www\main\Library\Think\Route.class.php 第 58 行.
INFO: [ app_begin ] --START--
INFO: Run Behavior\ReadHtmlCacheBehavior [ RunTime:0.000000s ]
INFO: [ app_begin ] --END-- [ RunTime:0.000000s ]
NOTIC: [8] Undefined index: Manage E:\www\www\tk\Common\Controller\SystemLayerController.class.php 第 24 行.
NOTIC: [8] Undefined index: Manage E:\www\www\tk\Common\Controller\DefaultController.class.php 第 24 行.
NOTIC: [8] Undefined index: UserName E:\www\www\tk\Guide\Model\CaseCustomLoreModel.class.php 第 107 行.
NOTIC: [8] Undefined index: chapterid E:\www\www\tk\Guide\Model\CaseCustomLoreModel.class.php 第 110 行.
NOTIC: [2] Missing argument 3 for WLNPage::init() E:\www\www\tk\Common\Tool\WLNPage.class.php 第 50 行.
NOTIC: [8] Undefined variable: thirdPram E:\www\www\tk\Common\Tool\WLNPage.class.php 第 51 行.
NOTIC: [2] array_merge(): Argument #2 is not an array E:\www\www\tk\Common\Tool\WLNPage.class.php 第 51 行.
NOTIC: [2] extract() expects parameter 1 to be array, null given E:\www\www\tk\Common\Tool\WLNPage.class.php 第 52 行.
NOTIC: [8] Undefined variable: parameter E:\www\www\tk\Common\Tool\WLNPage.class.php 第 54 行.
NOTIC: [8] Undefined index: phone E:\www\www\tk\Common\Tool\WLNPage.class.php 第 63 行.
NOTIC: [8] Undefined variable: type E:\www\www\tk\Common\Tool\WLNPage.class.php 第 88 行.
NOTIC: [8] Undefined variable: type E:\www\www\tk\Common\Tool\WLNPage.class.php 第 89 行.
INFO: [ view_parse ] --START--
NOTIC: [8] Undefined index: class E:\www\www\main\Library\Think\Template\TagLib\Html.class.php 第 78 行.
NOTIC: [8] Undefined index: class E:\www\www\main\Library\Think\Template\TagLib\Html.class.php 第 78 行.
INFO: [ template_filter ] --START--
INFO: Run Behavior\ContentReplaceBehavior [ RunTime:0.000000s ]
INFO: [ template_filter ] --END-- [ RunTime:0.000000s ]
NOTIC: [8] Undefined index: name E:\www\www\tk\Runtime\Cache\Guide\a494b03b593c54d9c1d1250b9bbdeea8.php 第 55 行.
NOTIC: [8] Undefined index: TestID E:\www\www\tk\Runtime\Cache\Guide\a494b03b593c54d9c1d1250b9bbdeea8.php 第 66 行.
INFO: Run Behavior\ParseTemplateBehavior [ RunTime:0.011719s ]
INFO: [ view_parse ] --END-- [ RunTime:0.011719s ]
INFO: [ view_filter ] --START--
INFO: Run Behavior\WriteHtmlCacheBehavior [ RunTime:0.000000s ]
INFO: Run Behavior\TokenBuildBehavior [ RunTime:0.000977s ]
INFO: [ view_filter ] --END-- [ RunTime:0.000977s ]
INFO: [ app_end ] --START--
INFO: Run Behavior\ShowPageTraceBehavior [ RunTime:0.000000s ]
INFO: [ app_end ] --END-- [ RunTime:0.000000s ]

[ 2017-10-07T16:36:04+08:00 ] 115.60.56.166 /Guide/CaseLoreDocLabel/index.html
INFO: [ app_init ] --START--
INFO: Run Behavior\BuildLiteBehavior [ RunTime:0.000000s ]
INFO: [ app_init ] --END-- [ RunTime:0.000977s ]
NOTIC: [2] preg_match(): Unknown modifier 'f' E:\www\www\main\Library\Think\Route.class.php 第 58 行.
NOTIC: [2] preg_match(): Unknown modifier 'f' E:\www\www\main\Library\Think\Route.class.php 第 58 行.
INFO: [ app_begin ] --START--
INFO: Run Behavior\ReadHtmlCacheBehavior [ RunTime:0.000977s ]
INFO: [ app_begin ] --END-- [ RunTime:0.000977s ]
NOTIC: [8] Undefined index: Manage E:\www\www\tk\Common\Controller\SystemLayerController.class.php 第 24 行.
NOTIC: [8] Undefined index: Manage E:\www\www\tk\Common\Controller\DefaultController.class.php 第 24 行.
INFO: [ view_parse ] --START--
INFO: [ template_filter ] --START--
INFO: Run Behavior\ContentReplaceBehavior [ RunTime:0.000000s ]
INFO: [ template_filter ] --END-- [ RunTime:0.000000s ]
INFO: Run Behavior\ParseTemplateBehavior [ RunTime:0.010743s ]
INFO: [ view_parse ] --END-- [ RunTime:0.010743s ]
INFO: [ view_filter ] --START--
INFO: Run Behavior\WriteHtmlCacheBehavior [ RunTime:0.000000s ]
INFO: Run Behavior\TokenBuildBehavior [ RunTime:0.000977s ]
INFO: [ view_filter ] --END-- [ RunTime:0.000977s ]
INFO: [ app_end ] --START--
INFO: Run Behavior\ShowPageTraceBehavior [ RunTime:0.000976s ]
INFO: [ app_end ] --END-- [ RunTime:0.000976s ]

[ 2017-10-07T16:36:05+08:00 ] 115.60.56.166 /Guide/CaseAnnounce/index.html
INFO: [ app_init ] --START--
INFO: Run Behavior\BuildLiteBehavior [ RunTime:0.000000s ]
INFO: [ app_init ] --END-- [ RunTime:0.000977s ]
NOTIC: [2] preg_match(): Unknown modifier 'f' E:\www\www\main\Library\Think\Route.class.php 第 58 行.
NOTIC: [2] preg_match(): Unknown modifier 'f' E:\www\www\main\Library\Think\Route.class.php 第 58 行.
INFO: [ app_begin ] --START--
INFO: Run Behavior\ReadHtmlCacheBehavior [ RunTime:0.000977s ]
INFO: [ app_begin ] --END-- [ RunTime:0.000977s ]
NOTIC: [8] Undefined index: Manage E:\www\www\tk\Common\Controller\SystemLayerController.class.php 第 24 行.
NOTIC: [8] Undefined index: Manage E:\www\www\tk\Common\Controller\DefaultController.class.php 第 24 行.
NOTIC: [8] Undefined index: name E:\www\www\tk\Guide\Manage\CaseAnnounceManage.class.php 第 24 行.
NOTIC: [8] Undefined index: SubjectID E:\www\www\tk\Guide\Manage\CaseAnnounceManage.class.php 第 30 行.
NOTIC: [8] Undefined index: UserName E:\www\www\tk\Guide\Manage\CaseAnnounceManage.class.php 第 39 行.
NOTIC: [8] Undefined index: p E:\www\www\tk\Guide\Manage\CaseAnnounceManage.class.php 第 50 行.
NOTIC: [2] Missing argument 3 for WLNPage::init() E:\www\www\tk\Common\Tool\WLNPage.class.php 第 50 行.
NOTIC: [8] Undefined variable: thirdPram E:\www\www\tk\Common\Tool\WLNPage.class.php 第 51 行.
NOTIC: [2] array_merge(): Argument #2 is not an array E:\www\www\tk\Common\Tool\WLNPage.class.php 第 51 行.
NOTIC: [2] extract() expects parameter 1 to be array, null given E:\www\www\tk\Common\Tool\WLNPage.class.php 第 52 行.
NOTIC: [8] Undefined variable: parameter E:\www\www\tk\Common\Tool\WLNPage.class.php 第 54 行.
NOTIC: [8] Undefined index: phone E:\www\www\tk\Common\Tool\WLNPage.class.php 第 63 行.
NOTIC: [8] Undefined variable: type E:\www\www\tk\Common\Tool\WLNPage.class.php 第 88 行.
NOTIC: [8] Undefined variable: type E:\www\www\tk\Common\Tool\WLNPage.class.php 第 89 行.
INFO: [ view_parse ] --START--
NOTIC: [8] Undefined index: class E:\www\www\main\Library\Think\Template\TagLib\Html.class.php 第 78 行.
NOTIC: [8] Undefined index: class E:\www\www\main\Library\Think\Template\TagLib\Html.class.php 第 78 行.
INFO: [ template_filter ] --START--
INFO: Run Behavior\ContentReplaceBehavior [ RunTime:0.000000s ]
INFO: [ template_filter ] --END-- [ RunTime:0.000000s ]
NOTIC: [8] Undefined index: name E:\www\www\tk\Runtime\Cache\Guide\b9318905d298c38c8aca654a59cf94b3.php 第 44 行.
NOTIC: [8] Undefined variable: edit E:\www\www\tk\Runtime\Cache\Guide\b9318905d298c38c8aca654a59cf94b3.php 第 56 行.
NOTIC: [8] Undefined variable: edit E:\www\www\tk\Runtime\Cache\Guide\b9318905d298c38c8aca654a59cf94b3.php 第 56 行.
NOTIC: [8] Undefined variable: edit E:\www\www\tk\Runtime\Cache\Guide\b9318905d298c38c8aca654a59cf94b3.php 第 56 行.
NOTIC: [8] Undefined variable: edit E:\www\www\tk\Runtime\Cache\Guide\b9318905d298c38c8aca654a59cf94b3.php 第 56 行.
NOTIC: [8] Undefined variable: edit E:\www\www\tk\Runtime\Cache\Guide\b9318905d298c38c8aca654a59cf94b3.php 第 56 行.
NOTIC: [8] Undefined variable: edit E:\www\www\tk\Runtime\Cache\Guide\b9318905d298c38c8aca654a59cf94b3.php 第 56 行.
NOTIC: [8] Undefined variable: edit E:\www\www\tk\Runtime\Cache\Guide\b9318905d298c38c8aca654a59cf94b3.php 第 56 行.
NOTIC: [8] Undefined variable: edit E:\www\www\tk\Runtime\Cache\Guide\b9318905d298c38c8aca654a59cf94b3.php 第 56 行.
NOTIC: [8] Undefined variable: edit E:\www\www\tk\Runtime\Cache\Guide\b9318905d298c38c8aca654a59cf94b3.php 第 56 行.
NOTIC: [8] Undefined variable: edit E:\www\www\tk\Runtime\Cache\Guide\b9318905d298c38c8aca654a59cf94b3.php 第 56 行.
NOTIC: [8] Undefined variable: edit E:\www\www\tk\Runtime\Cache\Guide\b9318905d298c38c8aca654a59cf94b3.php 第 56 行.
NOTIC: [8] Undefined variable: edit E:\www\www\tk\Runtime\Cache\Guide\b9318905d298c38c8aca654a59cf94b3.php 第 56 行.
NOTIC: [8] Undefined variable: edit E:\www\www\tk\Runtime\Cache\Guide\b9318905d298c38c8aca654a59cf94b3.php 第 56 行.
NOTIC: [8] Undefined variable: edit E:\www\www\tk\Runtime\Cache\Guide\b9318905d298c38c8aca654a59cf94b3.php 第 56 行.
NOTIC: [8] Undefined variable: edit E:\www\www\tk\Runtime\Cache\Guide\b9318905d298c38c8aca654a59cf94b3.php 第 56 行.
NOTIC: [8] Undefined variable: edit E:\www\www\tk\Runtime\Cache\Guide\b9318905d298c38c8aca654a59cf94b3.php 第 56 行.
NOTIC: [8] Undefined variable: edit E:\www\www\tk\Runtime\Cache\Guide\b9318905d298c38c8aca654a59cf94b3.php 第 56 行.
NOTIC: [8] Undefined variable: edit E:\www\www\tk\Runtime\Cache\Guide\b9318905d298c38c8aca654a59cf94b3.php 第 56 行.
NOTIC: [8] Undefined variable: edit E:\www\www\tk\Runtime\Cache\Guide\b9318905d298c38c8aca654a59cf94b3.php 第 56 行.
NOTIC: [8] Undefined variable: edit E:\www\www\tk\Runtime\Cache\Guide\b9318905d298c38c8aca654a59cf94b3.php 第 56 行.
NOTIC: [8] Undefined variable: edit E:\www\www\tk\Runtime\Cache\Guide\b9318905d298c38c8aca654a59cf94b3.php 第 56 行.
NOTIC: [8] Undefined variable: edit E:\www\www\tk\Runtime\Cache\Guide\b9318905d298c38c8aca654a59cf94b3.php 第 56 行.
NOTIC: [8] Undefined variable: edit E:\www\www\tk\Runtime\Cache\Guide\b9318905d298c38c8aca654a59cf94b3.php 第 56 行.
NOTIC: [8] Undefined variable: edit E:\www\www\tk\Runtime\Cache\Guide\b9318905d298c38c8aca654a59cf94b3.php 第 56 行.
NOTIC: [8] Undefined variable: edit E:\www\www\tk\Runtime\Cache\Guide\b9318905d298c38c8aca654a59cf94b3.php 第 56 行.
INFO: Run Behavior\ParseTemplateBehavior [ RunTime:0.012696s ]
INFO: [ view_parse ] --END-- [ RunTime:0.012696s ]
INFO: [ view_filter ] --START--
INFO: Run Behavior\WriteHtmlCacheBehavior [ RunTime:0.000976s ]
INFO: Run Behavior\TokenBuildBehavior [ RunTime:0.000977s ]
INFO: [ view_filter ] --END-- [ RunTime:0.001953s ]
INFO: [ app_end ] --START--
INFO: Run Behavior\ShowPageTraceBehavior [ RunTime:0.000977s ]
INFO: [ app_end ] --END-- [ RunTime:0.000977s ]

