[ 2017-10-13T11:41:15+08:00 ] 222.134.133.242 /Ga/Index/index
INFO: [ app_init ] --START--
INFO: Run Behavior\BuildLiteBehavior [ RunTime:0.000000s ]
INFO: [ app_init ] --END-- [ RunTime:0.000000s ]
NOTIC: [2] preg_match(): Unknown modifier 'f' E:\www\www\main\Library\Think\Route.class.php 第 58 行.
NOTIC: [2] preg_match(): Unknown modifier 'f' E:\www\www\main\Library\Think\Route.class.php 第 58 行.
INFO: [ app_begin ] --START--
INFO: Run Behavior\ReadHtmlCacheBehavior [ RunTime:0.000977s ]
INFO: [ app_begin ] --END-- [ RunTime:0.000977s ]

[ 2017-10-13T11:41:15+08:00 ] 222.134.133.242 /Ga/Index/index
INFO: [ app_init ] --START--
INFO: Run Behavior\BuildLiteBehavior [ RunTime:0.000000s ]
INFO: [ app_init ] --END-- [ RunTime:0.000000s ]
NOTIC: [2] preg_match(): Unknown modifier 'f' E:\www\www\main\Library\Think\Route.class.php 第 58 行.
NOTIC: [2] preg_match(): Unknown modifier 'f' E:\www\www\main\Library\Think\Route.class.php 第 58 行.
INFO: [ app_begin ] --START--
INFO: Run Behavior\ReadHtmlCacheBehavior [ RunTime:0.000000s ]
INFO: [ app_begin ] --END-- [ RunTime:0.000000s ]

[ 2017-10-13T15:13:59+08:00 ] 222.134.133.242 /Ga/Index/index?session=8837A060746C7B30EA63C8FF7783&device=androidPadCKL
INFO: [ app_init ] --START--
INFO: Run Behavior\BuildLiteBehavior [ RunTime:0.000000s ]
INFO: [ app_init ] --END-- [ RunTime:0.000977s ]
NOTIC: [2] preg_match(): Unknown modifier 'f' E:\www\www\main\Library\Think\Route.class.php 第 58 行.
NOTIC: [2] preg_match(): Unknown modifier 'f' E:\www\www\main\Library\Think\Route.class.php 第 58 行.
INFO: [ app_begin ] --START--
INFO: Run Behavior\ReadHtmlCacheBehavior [ RunTime:0.000976s ]
INFO: [ app_begin ] --END-- [ RunTime:0.000976s ]

[ 2017-10-13T15:39:01+08:00 ] 115.60.62.97 /Ga/Index/index.html
INFO: [ app_init ] --START--
INFO: Run Behavior\BuildLiteBehavior [ RunTime:0.000000s ]
INFO: [ app_init ] --END-- [ RunTime:0.000000s ]
NOTIC: [2] preg_match(): Unknown modifier 'f' E:\www\www\main\Library\Think\Route.class.php 第 58 行.
NOTIC: [2] preg_match(): Unknown modifier 'f' E:\www\www\main\Library\Think\Route.class.php 第 58 行.
INFO: [ app_begin ] --START--
INFO: Run Behavior\ReadHtmlCacheBehavior [ RunTime:0.000000s ]
INFO: [ app_begin ] --END-- [ RunTime:0.000000s ]
INFO: [ view_parse ] --START--
INFO: [ template_filter ] --START--
INFO: Run Behavior\ContentReplaceBehavior [ RunTime:0.000000s ]
INFO: [ template_filter ] --END-- [ RunTime:0.000000s ]
INFO: Run Behavior\ParseTemplateBehavior [ RunTime:0.008789s ]
INFO: [ view_parse ] --END-- [ RunTime:0.008789s ]
INFO: [ view_filter ] --START--
INFO: Run Behavior\WriteHtmlCacheBehavior [ RunTime:0.000976s ]
INFO: Run Behavior\TokenBuildBehavior [ RunTime:0.000000s ]
INFO: [ view_filter ] --END-- [ RunTime:0.000976s ]
INFO: [ app_end ] --START--
INFO: Run Behavior\ShowPageTraceBehavior [ RunTime:0.000000s ]
INFO: [ app_end ] --END-- [ RunTime:0.000000s ]

[ 2017-10-13T15:39:01+08:00 ] 115.60.62.97 /Ga/Index/getData.html
INFO: [ app_init ] --START--
INFO: Run Behavior\BuildLiteBehavior [ RunTime:0.000000s ]
INFO: [ app_init ] --END-- [ RunTime:0.000000s ]
NOTIC: [2] preg_match(): Unknown modifier 'f' E:\www\www\main\Library\Think\Route.class.php 第 58 行.
NOTIC: [2] preg_match(): Unknown modifier 'f' E:\www\www\main\Library\Think\Route.class.php 第 58 行.
INFO: [ app_begin ] --START--
INFO: Run Behavior\ReadHtmlCacheBehavior [ RunTime:0.000000s ]
INFO: [ app_begin ] --END-- [ RunTime:0.000000s ]
NOTIC: [8] Undefined variable: pID E:\www\www\tk\Common\Model\ApiCacheModel.class.php 第 302 行.

[ 2017-10-13T15:39:01+08:00 ] 115.60.62.97 /Ga/Index/getData.html
INFO: [ app_init ] --START--
INFO: Run Behavior\BuildLiteBehavior [ RunTime:0.000000s ]
INFO: [ app_init ] --END-- [ RunTime:0.000000s ]
NOTIC: [2] preg_match(): Unknown modifier 'f' E:\www\www\main\Library\Think\Route.class.php 第 58 行.
NOTIC: [2] preg_match(): Unknown modifier 'f' E:\www\www\main\Library\Think\Route.class.php 第 58 行.
INFO: [ app_begin ] --START--
INFO: Run Behavior\ReadHtmlCacheBehavior [ RunTime:0.000000s ]
INFO: [ app_begin ] --END-- [ RunTime:0.000000s ]
NOTIC: [8] Undefined variable: pID E:\www\www\tk\Common\Model\ApiCacheModel.class.php 第 1094 行.

[ 2017-10-13T15:40:04+08:00 ] 115.60.62.97 /Ga/TypesDefault/index.html
INFO: [ app_init ] --START--
INFO: Run Behavior\BuildLiteBehavior [ RunTime:0.000000s ]
INFO: [ app_init ] --END-- [ RunTime:0.000000s ]
NOTIC: [2] preg_match(): Unknown modifier 'f' E:\www\www\main\Library\Think\Route.class.php 第 58 行.
NOTIC: [2] preg_match(): Unknown modifier 'f' E:\www\www\main\Library\Think\Route.class.php 第 58 行.
INFO: [ app_begin ] --START--
INFO: Run Behavior\ReadHtmlCacheBehavior [ RunTime:0.000976s ]
INFO: [ app_begin ] --END-- [ RunTime:0.000976s ]
NOTIC: [8] Undefined index: Manage E:\www\www\tk\Common\Controller\SystemLayerController.class.php 第 24 行.
NOTIC: [8] Undefined index: Manage E:\www\www\tk\Common\Controller\DefaultController.class.php 第 24 行.
NOTIC: [8] Undefined index: DefaultID E:\www\www\tk\Ga\Manage\TypesDefaultManage.class.php 第 23 行.
NOTIC: [8] Undefined index: AreaID E:\www\www\tk\Ga\Manage\TypesDefaultManage.class.php 第 29 行.
NOTIC: [8] Undefined index: SubjectID E:\www\www\tk\Ga\Manage\TypesDefaultManage.class.php 第 33 行.
NOTIC: [8] Undefined index: p E:\www\www\tk\Ga\Manage\TypesDefaultManage.class.php 第 50 行.
NOTIC: [2] Missing argument 3 for WLNPage::init() E:\www\www\tk\Common\Tool\WLNPage.class.php 第 50 行.
NOTIC: [8] Undefined variable: thirdPram E:\www\www\tk\Common\Tool\WLNPage.class.php 第 51 行.
NOTIC: [2] array_merge(): Argument #2 is not an array E:\www\www\tk\Common\Tool\WLNPage.class.php 第 51 行.
NOTIC: [2] extract() expects parameter 1 to be array, null given E:\www\www\tk\Common\Tool\WLNPage.class.php 第 52 行.
NOTIC: [8] Undefined variable: parameter E:\www\www\tk\Common\Tool\WLNPage.class.php 第 54 行.
NOTIC: [8] Undefined index: phone E:\www\www\tk\Common\Tool\WLNPage.class.php 第 63 行.
NOTIC: [8] Undefined variable: type E:\www\www\tk\Common\Tool\WLNPage.class.php 第 88 行.
NOTIC: [8] Undefined variable: type E:\www\www\tk\Common\Tool\WLNPage.class.php 第 89 行.
INFO: [ view_parse ] --START--
NOTIC: [8] Undefined index: class E:\www\www\main\Library\Think\Template\TagLib\Html.class.php 第 78 行.
NOTIC: [8] Undefined index: class E:\www\www\main\Library\Think\Template\TagLib\Html.class.php 第 78 行.
INFO: [ template_filter ] --START--
INFO: Run Behavior\ContentReplaceBehavior [ RunTime:0.000000s ]
INFO: [ template_filter ] --END-- [ RunTime:0.000977s ]
NOTIC: [8] Undefined index: DefaultID E:\www\www\tk\Runtime\Cache\Ga\ae2f4fb532c69fb26135a6997154f47e.php 第 49 行.
NOTIC: [8] Undefined variable: edit E:\www\www\tk\Runtime\Cache\Ga\ae2f4fb532c69fb26135a6997154f47e.php 第 61 行.
NOTIC: [8] Undefined variable: edit E:\www\www\tk\Runtime\Cache\Ga\ae2f4fb532c69fb26135a6997154f47e.php 第 61 行.
NOTIC: [8] Undefined variable: edit E:\www\www\tk\Runtime\Cache\Ga\ae2f4fb532c69fb26135a6997154f47e.php 第 61 行.
NOTIC: [8] Undefined variable: edit E:\www\www\tk\Runtime\Cache\Ga\ae2f4fb532c69fb26135a6997154f47e.php 第 61 行.
NOTIC: [8] Undefined variable: edit E:\www\www\tk\Runtime\Cache\Ga\ae2f4fb532c69fb26135a6997154f47e.php 第 61 行.
NOTIC: [8] Undefined variable: edit E:\www\www\tk\Runtime\Cache\Ga\ae2f4fb532c69fb26135a6997154f47e.php 第 61 行.
NOTIC: [8] Undefined variable: edit E:\www\www\tk\Runtime\Cache\Ga\ae2f4fb532c69fb26135a6997154f47e.php 第 61 行.
NOTIC: [8] Undefined variable: edit E:\www\www\tk\Runtime\Cache\Ga\ae2f4fb532c69fb26135a6997154f47e.php 第 61 行.
NOTIC: [8] Undefined variable: edit E:\www\www\tk\Runtime\Cache\Ga\ae2f4fb532c69fb26135a6997154f47e.php 第 61 行.
NOTIC: [8] Undefined variable: edit E:\www\www\tk\Runtime\Cache\Ga\ae2f4fb532c69fb26135a6997154f47e.php 第 61 行.
NOTIC: [8] Undefined variable: edit E:\www\www\tk\Runtime\Cache\Ga\ae2f4fb532c69fb26135a6997154f47e.php 第 61 行.
NOTIC: [8] Undefined variable: edit E:\www\www\tk\Runtime\Cache\Ga\ae2f4fb532c69fb26135a6997154f47e.php 第 61 行.
NOTIC: [8] Undefined variable: edit E:\www\www\tk\Runtime\Cache\Ga\ae2f4fb532c69fb26135a6997154f47e.php 第 61 行.
NOTIC: [8] Undefined variable: edit E:\www\www\tk\Runtime\Cache\Ga\ae2f4fb532c69fb26135a6997154f47e.php 第 61 行.
NOTIC: [8] Undefined variable: edit E:\www\www\tk\Runtime\Cache\Ga\ae2f4fb532c69fb26135a6997154f47e.php 第 61 行.
NOTIC: [8] Undefined variable: edit E:\www\www\tk\Runtime\Cache\Ga\ae2f4fb532c69fb26135a6997154f47e.php 第 61 行.
NOTIC: [8] Undefined variable: edit E:\www\www\tk\Runtime\Cache\Ga\ae2f4fb532c69fb26135a6997154f47e.php 第 61 行.
NOTIC: [8] Undefined variable: edit E:\www\www\tk\Runtime\Cache\Ga\ae2f4fb532c69fb26135a6997154f47e.php 第 61 行.
NOTIC: [8] Undefined variable: edit E:\www\www\tk\Runtime\Cache\Ga\ae2f4fb532c69fb26135a6997154f47e.php 第 61 行.
NOTIC: [8] Undefined variable: edit E:\www\www\tk\Runtime\Cache\Ga\ae2f4fb532c69fb26135a6997154f47e.php 第 61 行.
NOTIC: [8] Undefined variable: edit E:\www\www\tk\Runtime\Cache\Ga\ae2f4fb532c69fb26135a6997154f47e.php 第 61 行.
NOTIC: [8] Undefined variable: edit E:\www\www\tk\Runtime\Cache\Ga\ae2f4fb532c69fb26135a6997154f47e.php 第 61 行.
NOTIC: [8] Undefined variable: edit E:\www\www\tk\Runtime\Cache\Ga\ae2f4fb532c69fb26135a6997154f47e.php 第 61 行.
NOTIC: [8] Undefined variable: edit E:\www\www\tk\Runtime\Cache\Ga\ae2f4fb532c69fb26135a6997154f47e.php 第 61 行.
NOTIC: [8] Undefined variable: edit E:\www\www\tk\Runtime\Cache\Ga\ae2f4fb532c69fb26135a6997154f47e.php 第 61 行.
INFO: Run Behavior\ParseTemplateBehavior [ RunTime:0.014647s ]
INFO: [ view_parse ] --END-- [ RunTime:0.015624s ]
INFO: [ view_filter ] --START--
INFO: Run Behavior\WriteHtmlCacheBehavior [ RunTime:0.000000s ]
INFO: Run Behavior\TokenBuildBehavior [ RunTime:0.003906s ]
INFO: [ view_filter ] --END-- [ RunTime:0.003906s ]
INFO: [ app_end ] --START--
INFO: Run Behavior\ShowPageTraceBehavior [ RunTime:0.000977s ]
INFO: [ app_end ] --END-- [ RunTime:0.000977s ]

[ 2017-10-13T17:22:31+08:00 ] 222.134.133.242 /Ga/Index/index?session=31F6B03B454C892C24F675A44C6&device=androidPadCKL
INFO: [ app_init ] --START--
INFO: Run Behavior\BuildLiteBehavior [ RunTime:0.000000s ]
INFO: [ app_init ] --END-- [ RunTime:0.000000s ]
NOTIC: [2] preg_match(): Unknown modifier 'f' E:\www\www\main\Library\Think\Route.class.php 第 58 行.
NOTIC: [2] preg_match(): Unknown modifier 'f' E:\www\www\main\Library\Think\Route.class.php 第 58 行.
INFO: [ app_begin ] --START--
INFO: Run Behavior\ReadHtmlCacheBehavior [ RunTime:0.000977s ]
INFO: [ app_begin ] --END-- [ RunTime:0.000977s ]
INFO: [ view_parse ] --START--
INFO: [ template_filter ] --START--
INFO: Run Behavior\ContentReplaceBehavior [ RunTime:0.000000s ]
INFO: [ template_filter ] --END-- [ RunTime:0.000000s ]
INFO: Run Behavior\ParseTemplateBehavior [ RunTime:0.008789s ]
INFO: [ view_parse ] --END-- [ RunTime:0.008789s ]
INFO: [ view_filter ] --START--
INFO: Run Behavior\WriteHtmlCacheBehavior [ RunTime:0.000976s ]
INFO: Run Behavior\TokenBuildBehavior [ RunTime:0.000977s ]
INFO: [ view_filter ] --END-- [ RunTime:0.001953s ]
INFO: [ app_end ] --START--
INFO: Run Behavior\ShowPageTraceBehavior [ RunTime:0.000000s ]
INFO: [ app_end ] --END-- [ RunTime:0.000000s ]

[ 2017-10-13T17:22:32+08:00 ] 222.134.133.242 /Ga/Index/getData.html
INFO: [ app_init ] --START--
INFO: Run Behavior\BuildLiteBehavior [ RunTime:0.000000s ]
INFO: [ app_init ] --END-- [ RunTime:0.000000s ]
NOTIC: [2] preg_match(): Unknown modifier 'f' E:\www\www\main\Library\Think\Route.class.php 第 58 行.
NOTIC: [2] preg_match(): Unknown modifier 'f' E:\www\www\main\Library\Think\Route.class.php 第 58 行.
INFO: [ app_begin ] --START--
INFO: Run Behavior\ReadHtmlCacheBehavior [ RunTime:0.000976s ]
INFO: [ app_begin ] --END-- [ RunTime:0.000976s ]
NOTIC: [8] Undefined variable: pID E:\www\www\tk\Common\Model\ApiCacheModel.class.php 第 1094 行.
NOTIC: [8] Undefined offset: 0 E:\www\www\tk\Common\Model\ApiCacheModel.class.php 第 1106 行.

[ 2017-10-13T17:22:32+08:00 ] 222.134.133.242 /Ga/Index/getData.html
INFO: [ app_init ] --START--
INFO: Run Behavior\BuildLiteBehavior [ RunTime:0.000000s ]
INFO: [ app_init ] --END-- [ RunTime:0.000977s ]
NOTIC: [2] preg_match(): Unknown modifier 'f' E:\www\www\main\Library\Think\Route.class.php 第 58 行.
NOTIC: [2] preg_match(): Unknown modifier 'f' E:\www\www\main\Library\Think\Route.class.php 第 58 行.
INFO: [ app_begin ] --START--
INFO: Run Behavior\ReadHtmlCacheBehavior [ RunTime:0.000976s ]
INFO: [ app_begin ] --END-- [ RunTime:0.000976s ]
NOTIC: [8] Undefined variable: pID E:\www\www\tk\Common\Model\ApiCacheModel.class.php 第 302 行.
NOTIC: [8] Undefined offset: 0 E:\www\www\tk\Common\Model\ApiCacheModel.class.php 第 345 行.
NOTIC: [2] Invalid argument supplied for foreach() E:\www\www\tk\Common\Model\ApiCacheModel.class.php 第 345 行.
NOTIC: [8] Undefined offset: 0 E:\www\www\tk\Common\Model\ApiCacheModel.class.php 第 348 行.

