[ 2017-10-16T13:32:48+08:00 ] 14.130.225.77 /Custom/CustomTestStore/index.html
INFO: [ app_init ] --START--
INFO: Run Behavior\BuildLiteBehavior [ RunTime:0.000000s ]
INFO: [ app_init ] --END-- [ RunTime:0.000000s ]
NOTIC: [2] preg_match(): Unknown modifier 'f' E:\www\www\main\Library\Think\Route.class.php 第 58 行.
NOTIC: [2] preg_match(): Unknown modifier 'f' E:\www\www\main\Library\Think\Route.class.php 第 58 行.
INFO: [ app_begin ] --START--
INFO: Run Behavior\ReadHtmlCacheBehavior [ RunTime:0.000976s ]
INFO: [ app_begin ] --END-- [ RunTime:0.000976s ]
INFO: [ view_parse ] --START--
NOTIC: [2] file_get_contents(../tk/Custom/View/Public/bottom.html): failed to open stream: No such file or directory E:\www\www\main\Library\Think\Template.class.php 第 696 行.
INFO: [ template_filter ] --START--
INFO: Run Behavior\ContentReplaceBehavior [ RunTime:0.000000s ]
INFO: [ template_filter ] --END-- [ RunTime:0.000000s ]
NOTIC: [8] Undefined variable: pagename E:\www\www\tk\Runtime\Cache\Custom\ae294be22791e08a4328128919fffdcd.php 第 4 行.
INFO: Run Behavior\ParseTemplateBehavior [ RunTime:0.010741s ]
INFO: [ view_parse ] --END-- [ RunTime:0.010741s ]
INFO: [ view_filter ] --START--
INFO: Run Behavior\WriteHtmlCacheBehavior [ RunTime:0.000977s ]
INFO: Run Behavior\TokenBuildBehavior [ RunTime:0.000976s ]
INFO: [ view_filter ] --END-- [ RunTime:0.001953s ]
INFO: [ app_end ] --START--
INFO: Run Behavior\ShowPageTraceBehavior [ RunTime:0.000977s ]
INFO: [ app_end ] --END-- [ RunTime:0.000977s ]

[ 2017-10-16T13:32:49+08:00 ] 14.130.225.77 /Custom/CustomTestStore/getZsdInit.html
INFO: [ app_init ] --START--
INFO: Run Behavior\BuildLiteBehavior [ RunTime:0.000000s ]
INFO: [ app_init ] --END-- [ RunTime:0.000977s ]
NOTIC: [2] preg_match(): Unknown modifier 'f' E:\www\www\main\Library\Think\Route.class.php 第 58 行.
NOTIC: [2] preg_match(): Unknown modifier 'f' E:\www\www\main\Library\Think\Route.class.php 第 58 行.
INFO: [ app_begin ] --START--
INFO: Run Behavior\ReadHtmlCacheBehavior [ RunTime:0.000976s ]
INFO: [ app_begin ] --END-- [ RunTime:0.000976s ]
NOTIC: [8] Undefined variable: pID E:\www\www\tk\Common\Model\ApiCacheModel.class.php 第 1094 行.

[ 2017-10-16T13:32:49+08:00 ] 14.130.225.77 /Custom/CustomTestStore/getTestList.html
INFO: [ app_init ] --START--
INFO: Run Behavior\BuildLiteBehavior [ RunTime:0.000000s ]
INFO: [ app_init ] --END-- [ RunTime:0.000000s ]
NOTIC: [2] preg_match(): Unknown modifier 'f' E:\www\www\main\Library\Think\Route.class.php 第 58 行.
NOTIC: [2] preg_match(): Unknown modifier 'f' E:\www\www\main\Library\Think\Route.class.php 第 58 行.
INFO: [ app_begin ] --START--
INFO: Run Behavior\ReadHtmlCacheBehavior [ RunTime:0.000000s ]
INFO: [ app_begin ] --END-- [ RunTime:0.000000s ]
NOTIC: [8] Undefined index: width E:\www\www\tk\Custom\Controller\CustomTestStoreController.class.php 第 159 行.
NOTIC: [8] Undefined index: chapter E:\www\www\tk\Custom\Controller\CustomTestStoreController.class.php 第 164 行.
NOTIC: [8] Undefined index: pid E:\www\www\tk\Custom\Controller\CustomTestStoreController.class.php 第 165 行.
NOTIC: [8] Undefined index: abi E:\www\www\tk\Custom\Controller\CustomTestStoreController.class.php 第 166 行.
NOTIC: [8] Undefined index: key E:\www\www\tk\Custom\Controller\CustomTestStoreController.class.php 第 167 行.
NOTIC: [8] Undefined index: time E:\www\www\tk\Custom\Controller\CustomTestStoreController.class.php 第 168 行.
NOTIC: [8] Undefined index: perpage E:\www\www\tk\Custom\Controller\CustomTestStoreController.class.php 第 171 行.
NOTIC: [8] Undefined index: ifInter E:\www\www\tk\Custom\Controller\CustomTestStoreController.class.php 第 172 行.
NOTIC: [8] Undefined index: interLen E:\www\www\tk\Custom\Controller\CustomTestStoreController.class.php 第 173 行.
NOTIC: [8] Undefined variable: lastTime E:\www\www\tk\Custom\Controller\CustomTestStoreController.class.php 第 213 行.
NOTIC: [2048] Declaration of Custom\Model\CustomTestModel::insertData() should be compatible with Common\Model\BaseModel::insertData($data, $modelName = '') E:\www\www\tk\Custom\Model\CustomTestModel.class.php 第 1223 行.
NOTIC: [2048] Declaration of Custom\Model\CustomTestModel::updateData() should be compatible with Common\Model\BaseModel::updateData($data, $where, $modelName = '') E:\www\www\tk\Custom\Model\CustomTestModel.class.php 第 1223 行.
NOTIC: [2048] Declaration of Custom\Model\CustomTestModel::deleteData() should be compatible with Common\Model\BaseModel::deleteData($where, $modelName = '') E:\www\www\tk\Custom\Model\CustomTestModel.class.php 第 1223 行.
NOTIC: [8] Undefined index: matches E:\www\www\tk\Common\Model\IndexModel.class.php 第 1209 行.

[ 2017-10-16T13:32:50+08:00 ] 14.130.225.77 /Custom/CustomTestStore/index.html
INFO: [ app_init ] --START--
INFO: Run Behavior\BuildLiteBehavior [ RunTime:0.000000s ]
INFO: [ app_init ] --END-- [ RunTime:0.000000s ]
NOTIC: [2] preg_match(): Unknown modifier 'f' E:\www\www\main\Library\Think\Route.class.php 第 58 行.
NOTIC: [2] preg_match(): Unknown modifier 'f' E:\www\www\main\Library\Think\Route.class.php 第 58 行.
INFO: [ app_begin ] --START--
INFO: Run Behavior\ReadHtmlCacheBehavior [ RunTime:0.000000s ]
INFO: [ app_begin ] --END-- [ RunTime:0.000000s ]
INFO: [ view_parse ] --START--
NOTIC: [2] file_get_contents(../tk/Custom/View/Public/bottom.html): failed to open stream: No such file or directory E:\www\www\main\Library\Think\Template.class.php 第 696 行.
INFO: [ template_filter ] --START--
INFO: Run Behavior\ContentReplaceBehavior [ RunTime:0.000000s ]
INFO: [ template_filter ] --END-- [ RunTime:0.000977s ]
NOTIC: [8] Undefined variable: pagename E:\www\www\tk\Runtime\Cache\Custom\ae294be22791e08a4328128919fffdcd.php 第 4 行.
INFO: Run Behavior\ParseTemplateBehavior [ RunTime:0.009765s ]
INFO: [ view_parse ] --END-- [ RunTime:0.009765s ]
INFO: [ view_filter ] --START--
INFO: Run Behavior\WriteHtmlCacheBehavior [ RunTime:0.000000s ]
INFO: Run Behavior\TokenBuildBehavior [ RunTime:0.000976s ]
INFO: [ view_filter ] --END-- [ RunTime:0.001953s ]
INFO: [ app_end ] --START--
INFO: Run Behavior\ShowPageTraceBehavior [ RunTime:0.000977s ]
INFO: [ app_end ] --END-- [ RunTime:0.000977s ]

[ 2017-10-16T13:32:51+08:00 ] 14.130.225.77 /Custom/CustomTestStore/getZsdInit.html
INFO: [ app_init ] --START--
INFO: Run Behavior\BuildLiteBehavior [ RunTime:0.000000s ]
INFO: [ app_init ] --END-- [ RunTime:0.000000s ]
NOTIC: [2] preg_match(): Unknown modifier 'f' E:\www\www\main\Library\Think\Route.class.php 第 58 行.
NOTIC: [2] preg_match(): Unknown modifier 'f' E:\www\www\main\Library\Think\Route.class.php 第 58 行.
INFO: [ app_begin ] --START--
INFO: Run Behavior\ReadHtmlCacheBehavior [ RunTime:0.000000s ]
INFO: [ app_begin ] --END-- [ RunTime:0.000976s ]
NOTIC: [8] Undefined offset: 31 E:\www\www\tk\Common\Model\ApiCacheModel.class.php 第 1504 行.
NOTIC: [8] Undefined variable: pID E:\www\www\tk\Common\Model\ApiCacheModel.class.php 第 1094 行.
NOTIC: [8] Undefined offset: 31 E:\www\www\tk\Common\Model\ApiCacheModel.class.php 第 1106 行.

[ 2017-10-16T13:32:51+08:00 ] 14.130.225.77 /Custom/CustomTestStore/getTestList.html
INFO: [ app_init ] --START--
INFO: Run Behavior\BuildLiteBehavior [ RunTime:0.000000s ]
INFO: [ app_init ] --END-- [ RunTime:0.000000s ]
NOTIC: [2] preg_match(): Unknown modifier 'f' E:\www\www\main\Library\Think\Route.class.php 第 58 行.
NOTIC: [2] preg_match(): Unknown modifier 'f' E:\www\www\main\Library\Think\Route.class.php 第 58 行.
INFO: [ app_begin ] --START--
INFO: Run Behavior\ReadHtmlCacheBehavior [ RunTime:0.000976s ]
INFO: [ app_begin ] --END-- [ RunTime:0.000976s ]
NOTIC: [8] Undefined index: width E:\www\www\tk\Custom\Controller\CustomTestStoreController.class.php 第 159 行.
NOTIC: [8] Undefined index: chapter E:\www\www\tk\Custom\Controller\CustomTestStoreController.class.php 第 164 行.
NOTIC: [8] Undefined index: pid E:\www\www\tk\Custom\Controller\CustomTestStoreController.class.php 第 165 行.
NOTIC: [8] Undefined index: abi E:\www\www\tk\Custom\Controller\CustomTestStoreController.class.php 第 166 行.
NOTIC: [8] Undefined index: key E:\www\www\tk\Custom\Controller\CustomTestStoreController.class.php 第 167 行.
NOTIC: [8] Undefined index: time E:\www\www\tk\Custom\Controller\CustomTestStoreController.class.php 第 168 行.
NOTIC: [8] Undefined index: perpage E:\www\www\tk\Custom\Controller\CustomTestStoreController.class.php 第 171 行.
NOTIC: [8] Undefined index: ifInter E:\www\www\tk\Custom\Controller\CustomTestStoreController.class.php 第 172 行.
NOTIC: [8] Undefined index: interLen E:\www\www\tk\Custom\Controller\CustomTestStoreController.class.php 第 173 行.
NOTIC: [8] Undefined variable: lastTime E:\www\www\tk\Custom\Controller\CustomTestStoreController.class.php 第 213 行.
NOTIC: [2048] Declaration of Custom\Model\CustomTestModel::insertData() should be compatible with Common\Model\BaseModel::insertData($data, $modelName = '') E:\www\www\tk\Custom\Model\CustomTestModel.class.php 第 1223 行.
NOTIC: [2048] Declaration of Custom\Model\CustomTestModel::updateData() should be compatible with Common\Model\BaseModel::updateData($data, $where, $modelName = '') E:\www\www\tk\Custom\Model\CustomTestModel.class.php 第 1223 行.
NOTIC: [2048] Declaration of Custom\Model\CustomTestModel::deleteData() should be compatible with Common\Model\BaseModel::deleteData($where, $modelName = '') E:\www\www\tk\Custom\Model\CustomTestModel.class.php 第 1223 行.
NOTIC: [8] Undefined index: matches E:\www\www\tk\Common\Model\IndexModel.class.php 第 1209 行.

[ 2017-10-16T13:32:52+08:00 ] 14.130.225.77 /Custom/CustomTestStore/getTestList.html
INFO: [ app_init ] --START--
INFO: Run Behavior\BuildLiteBehavior [ RunTime:0.000000s ]
INFO: [ app_init ] --END-- [ RunTime:0.000000s ]
NOTIC: [2] preg_match(): Unknown modifier 'f' E:\www\www\main\Library\Think\Route.class.php 第 58 行.
NOTIC: [2] preg_match(): Unknown modifier 'f' E:\www\www\main\Library\Think\Route.class.php 第 58 行.
INFO: [ app_begin ] --START--
INFO: Run Behavior\ReadHtmlCacheBehavior [ RunTime:0.000976s ]
INFO: [ app_begin ] --END-- [ RunTime:0.000976s ]
NOTIC: [8] Undefined index: width E:\www\www\tk\Custom\Controller\CustomTestStoreController.class.php 第 159 行.
NOTIC: [8] Undefined index: chapter E:\www\www\tk\Custom\Controller\CustomTestStoreController.class.php 第 164 行.
NOTIC: [8] Undefined index: pid E:\www\www\tk\Custom\Controller\CustomTestStoreController.class.php 第 165 行.
NOTIC: [8] Undefined index: abi E:\www\www\tk\Custom\Controller\CustomTestStoreController.class.php 第 166 行.
NOTIC: [8] Undefined index: key E:\www\www\tk\Custom\Controller\CustomTestStoreController.class.php 第 167 行.
NOTIC: [8] Undefined index: time E:\www\www\tk\Custom\Controller\CustomTestStoreController.class.php 第 168 行.
NOTIC: [8] Undefined index: perpage E:\www\www\tk\Custom\Controller\CustomTestStoreController.class.php 第 171 行.
NOTIC: [8] Undefined index: ifInter E:\www\www\tk\Custom\Controller\CustomTestStoreController.class.php 第 172 行.
NOTIC: [8] Undefined index: interLen E:\www\www\tk\Custom\Controller\CustomTestStoreController.class.php 第 173 行.
NOTIC: [8] Undefined variable: lastTime E:\www\www\tk\Custom\Controller\CustomTestStoreController.class.php 第 213 行.
NOTIC: [2048] Declaration of Custom\Model\CustomTestModel::insertData() should be compatible with Common\Model\BaseModel::insertData($data, $modelName = '') E:\www\www\tk\Custom\Model\CustomTestModel.class.php 第 1223 行.
NOTIC: [2048] Declaration of Custom\Model\CustomTestModel::updateData() should be compatible with Common\Model\BaseModel::updateData($data, $where, $modelName = '') E:\www\www\tk\Custom\Model\CustomTestModel.class.php 第 1223 行.
NOTIC: [2048] Declaration of Custom\Model\CustomTestModel::deleteData() should be compatible with Common\Model\BaseModel::deleteData($where, $modelName = '') E:\www\www\tk\Custom\Model\CustomTestModel.class.php 第 1223 行.
NOTIC: [8] Undefined index: matches E:\www\www\tk\Common\Model\IndexModel.class.php 第 1209 行.

[ 2017-10-16T13:32:54+08:00 ] 14.130.225.77 /Custom/CustomTestStore/getTestList.html
INFO: [ app_init ] --START--
INFO: Run Behavior\BuildLiteBehavior [ RunTime:0.000000s ]
INFO: [ app_init ] --END-- [ RunTime:0.000977s ]
NOTIC: [2] preg_match(): Unknown modifier 'f' E:\www\www\main\Library\Think\Route.class.php 第 58 行.
NOTIC: [2] preg_match(): Unknown modifier 'f' E:\www\www\main\Library\Think\Route.class.php 第 58 行.
INFO: [ app_begin ] --START--
INFO: Run Behavior\ReadHtmlCacheBehavior [ RunTime:0.000976s ]
INFO: [ app_begin ] --END-- [ RunTime:0.000976s ]
NOTIC: [8] Undefined index: width E:\www\www\tk\Custom\Controller\CustomTestStoreController.class.php 第 159 行.
NOTIC: [8] Undefined index: chapter E:\www\www\tk\Custom\Controller\CustomTestStoreController.class.php 第 164 行.
NOTIC: [8] Undefined index: pid E:\www\www\tk\Custom\Controller\CustomTestStoreController.class.php 第 165 行.
NOTIC: [8] Undefined index: abi E:\www\www\tk\Custom\Controller\CustomTestStoreController.class.php 第 166 行.
NOTIC: [8] Undefined index: key E:\www\www\tk\Custom\Controller\CustomTestStoreController.class.php 第 167 行.
NOTIC: [8] Undefined index: time E:\www\www\tk\Custom\Controller\CustomTestStoreController.class.php 第 168 行.
NOTIC: [8] Undefined index: perpage E:\www\www\tk\Custom\Controller\CustomTestStoreController.class.php 第 171 行.
NOTIC: [8] Undefined index: ifInter E:\www\www\tk\Custom\Controller\CustomTestStoreController.class.php 第 172 行.
NOTIC: [8] Undefined index: interLen E:\www\www\tk\Custom\Controller\CustomTestStoreController.class.php 第 173 行.
NOTIC: [8] Undefined offset: 1796 E:\www\www\tk\Custom\Controller\CustomTestStoreController.class.php 第 185 行.
NOTIC: [8] Undefined variable: lastTime E:\www\www\tk\Custom\Controller\CustomTestStoreController.class.php 第 213 行.
NOTIC: [2048] Declaration of Custom\Model\CustomTestModel::insertData() should be compatible with Common\Model\BaseModel::insertData($data, $modelName = '') E:\www\www\tk\Custom\Model\CustomTestModel.class.php 第 1223 行.
NOTIC: [2048] Declaration of Custom\Model\CustomTestModel::updateData() should be compatible with Common\Model\BaseModel::updateData($data, $where, $modelName = '') E:\www\www\tk\Custom\Model\CustomTestModel.class.php 第 1223 行.
NOTIC: [2048] Declaration of Custom\Model\CustomTestModel::deleteData() should be compatible with Common\Model\BaseModel::deleteData($where, $modelName = '') E:\www\www\tk\Custom\Model\CustomTestModel.class.php 第 1223 行.
NOTIC: [2] assert(): Assertion failed E:\www\www\tk\Common\Tool\coreseek\api\sphinxapi.php 第 824 行.
NOTIC: [2] assert(): Assertion failed E:\www\www\tk\Common\Tool\coreseek\api\sphinxapi.php 第 128 行.
NOTIC: [8] Undefined index: matches E:\www\www\tk\Common\Model\IndexModel.class.php 第 1209 行.

[ 2017-10-16T13:32:56+08:00 ] 14.130.225.77 /Custom/CustomTestStore/add
INFO: [ app_init ] --START--
INFO: Run Behavior\BuildLiteBehavior [ RunTime:0.000000s ]
INFO: [ app_init ] --END-- [ RunTime:0.000000s ]
NOTIC: [2] preg_match(): Unknown modifier 'f' E:\www\www\main\Library\Think\Route.class.php 第 58 行.
NOTIC: [2] preg_match(): Unknown modifier 'f' E:\www\www\main\Library\Think\Route.class.php 第 58 行.
INFO: [ app_begin ] --START--
INFO: Run Behavior\ReadHtmlCacheBehavior [ RunTime:0.000977s ]
INFO: [ app_begin ] --END-- [ RunTime:0.000977s ]
INFO: [ view_parse ] --START--
INFO: [ template_filter ] --START--
INFO: Run Behavior\ContentReplaceBehavior [ RunTime:0.000000s ]
INFO: [ template_filter ] --END-- [ RunTime:0.000000s ]
NOTIC: [8] Undefined variable: data E:\www\www\tk\Runtime\Cache\Custom\c878de08cef0d4e157e4d7e883fdc587.php 第 177 行.
INFO: Run Behavior\ParseTemplateBehavior [ RunTime:0.010741s ]
INFO: [ view_parse ] --END-- [ RunTime:0.010741s ]
INFO: [ view_filter ] --START--
INFO: Run Behavior\WriteHtmlCacheBehavior [ RunTime:0.000000s ]
INFO: Run Behavior\TokenBuildBehavior [ RunTime:0.000977s ]
INFO: [ view_filter ] --END-- [ RunTime:0.000977s ]
INFO: [ app_end ] --START--
INFO: Run Behavior\ShowPageTraceBehavior [ RunTime:0.000976s ]
INFO: [ app_end ] --END-- [ RunTime:0.000976s ]

[ 2017-10-16T13:32:56+08:00 ] 14.130.225.77 /Custom/CustomTestStore/getData.html
INFO: [ app_init ] --START--
INFO: Run Behavior\BuildLiteBehavior [ RunTime:0.000000s ]
INFO: [ app_init ] --END-- [ RunTime:0.000000s ]
NOTIC: [2] preg_match(): Unknown modifier 'f' E:\www\www\main\Library\Think\Route.class.php 第 58 行.
NOTIC: [2] preg_match(): Unknown modifier 'f' E:\www\www\main\Library\Think\Route.class.php 第 58 行.
INFO: [ app_begin ] --START--
INFO: Run Behavior\ReadHtmlCacheBehavior [ RunTime:0.000976s ]
INFO: [ app_begin ] --END-- [ RunTime:0.000976s ]
NOTIC: [8] Undefined variable: gradeID E:\www\www\tk\Common\Model\ApiCacheModel.class.php 第 714 行.
NOTIC: [8] Undefined variable: idList E:\www\www\tk\Common\Model\ApiCacheModel.class.php 第 714 行.
NOTIC: [8] Undefined variable: pID E:\www\www\tk\Common\Model\ApiCacheModel.class.php 第 1094 行.
NOTIC: [8] Undefined variable: gradeID E:\www\www\tk\Common\Model\ApiCacheModel.class.php 第 714 行.
NOTIC: [8] Undefined variable: idList E:\www\www\tk\Common\Model\ApiCacheModel.class.php 第 714 行.
NOTIC: [8] Undefined variable: pID E:\www\www\tk\Common\Model\ApiCacheModel.class.php 第 302 行.
NOTIC: [8] Undefined variable: gradeID E:\www\www\tk\Common\Model\ApiCacheModel.class.php 第 714 行.
NOTIC: [8] Undefined variable: idList E:\www\www\tk\Common\Model\ApiCacheModel.class.php 第 714 行.
NOTIC: [8] Undefined variable: gradeID E:\www\www\tk\Common\Model\ApiCacheModel.class.php 第 714 行.
NOTIC: [8] Undefined variable: idList E:\www\www\tk\Common\Model\ApiCacheModel.class.php 第 714 行.
NOTIC: [8] Undefined variable: gradeID E:\www\www\tk\Common\Model\ApiCacheModel.class.php 第 714 行.
NOTIC: [8] Undefined variable: idList E:\www\www\tk\Common\Model\ApiCacheModel.class.php 第 714 行.
NOTIC: [8] Undefined variable: getAllGrade E:\www\www\tk\Common\Model\ApiCacheModel.class.php 第 931 行.
NOTIC: [8] Undefined variable: gradeID E:\www\www\tk\Common\Model\ApiCacheModel.class.php 第 714 行.
NOTIC: [8] Undefined variable: idList E:\www\www\tk\Common\Model\ApiCacheModel.class.php 第 714 行.
NOTIC: [8] Undefined variable: pID E:\www\www\tk\Common\Model\ApiCacheModel.class.php 第 1205 行.
NOTIC: [8] Undefined variable: gradeID E:\www\www\tk\Common\Model\ApiCacheModel.class.php 第 714 行.
NOTIC: [8] Undefined variable: idList E:\www\www\tk\Common\Model\ApiCacheModel.class.php 第 714 行.
NOTIC: [8] Undefined variable: pID E:\www\www\tk\Common\Model\ApiCacheModel.class.php 第 1143 行.

[ 2017-10-16T13:32:59+08:00 ] 14.130.225.77 /Custom/CustomTestStore/add
INFO: [ app_init ] --START--
INFO: Run Behavior\BuildLiteBehavior [ RunTime:0.000977s ]
INFO: [ app_init ] --END-- [ RunTime:0.000977s ]
NOTIC: [2] preg_match(): Unknown modifier 'f' E:\www\www\main\Library\Think\Route.class.php 第 58 行.
NOTIC: [2] preg_match(): Unknown modifier 'f' E:\www\www\main\Library\Think\Route.class.php 第 58 行.
INFO: [ app_begin ] --START--
INFO: Run Behavior\ReadHtmlCacheBehavior [ RunTime:0.000976s ]
INFO: [ app_begin ] --END-- [ RunTime:0.000976s ]
INFO: [ view_parse ] --START--
INFO: [ template_filter ] --START--
INFO: Run Behavior\ContentReplaceBehavior [ RunTime:0.000000s ]
INFO: [ template_filter ] --END-- [ RunTime:0.000000s ]
NOTIC: [8] Undefined variable: data E:\www\www\tk\Runtime\Cache\Custom\c878de08cef0d4e157e4d7e883fdc587.php 第 177 行.
INFO: Run Behavior\ParseTemplateBehavior [ RunTime:0.009765s ]
INFO: [ view_parse ] --END-- [ RunTime:0.009765s ]
INFO: [ view_filter ] --START--
INFO: Run Behavior\WriteHtmlCacheBehavior [ RunTime:0.000000s ]
INFO: Run Behavior\TokenBuildBehavior [ RunTime:0.000976s ]
INFO: [ view_filter ] --END-- [ RunTime:0.000976s ]
INFO: [ app_end ] --START--
INFO: Run Behavior\ShowPageTraceBehavior [ RunTime:0.000977s ]
INFO: [ app_end ] --END-- [ RunTime:0.000977s ]

[ 2017-10-16T13:32:59+08:00 ] 14.130.225.77 /Custom/CustomTestStore/getData.html
INFO: [ app_init ] --START--
INFO: Run Behavior\BuildLiteBehavior [ RunTime:0.000000s ]
INFO: [ app_init ] --END-- [ RunTime:0.000977s ]
NOTIC: [2] preg_match(): Unknown modifier 'f' E:\www\www\main\Library\Think\Route.class.php 第 58 行.
NOTIC: [2] preg_match(): Unknown modifier 'f' E:\www\www\main\Library\Think\Route.class.php 第 58 行.
INFO: [ app_begin ] --START--
INFO: Run Behavior\ReadHtmlCacheBehavior [ RunTime:0.000976s ]
INFO: [ app_begin ] --END-- [ RunTime:0.000976s ]
NOTIC: [8] Undefined variable: gradeID E:\www\www\tk\Common\Model\ApiCacheModel.class.php 第 714 行.
NOTIC: [8] Undefined variable: idList E:\www\www\tk\Common\Model\ApiCacheModel.class.php 第 714 行.
NOTIC: [8] Undefined variable: pID E:\www\www\tk\Common\Model\ApiCacheModel.class.php 第 1094 行.
NOTIC: [8] Undefined offset: 31 E:\www\www\tk\Common\Model\ApiCacheModel.class.php 第 1106 行.
NOTIC: [8] Undefined variable: gradeID E:\www\www\tk\Common\Model\ApiCacheModel.class.php 第 714 行.
NOTIC: [8] Undefined variable: idList E:\www\www\tk\Common\Model\ApiCacheModel.class.php 第 714 行.
NOTIC: [8] Undefined variable: pID E:\www\www\tk\Common\Model\ApiCacheModel.class.php 第 302 行.
NOTIC: [8] Undefined offset: 31 E:\www\www\tk\Common\Model\ApiCacheModel.class.php 第 345 行.
NOTIC: [2] Invalid argument supplied for foreach() E:\www\www\tk\Common\Model\ApiCacheModel.class.php 第 345 行.
NOTIC: [8] Undefined offset: 31 E:\www\www\tk\Common\Model\ApiCacheModel.class.php 第 348 行.
NOTIC: [8] Undefined variable: gradeID E:\www\www\tk\Common\Model\ApiCacheModel.class.php 第 714 行.
NOTIC: [8] Undefined variable: idList E:\www\www\tk\Common\Model\ApiCacheModel.class.php 第 714 行.
NOTIC: [8] Undefined offset: 31 E:\www\www\tk\Common\Model\ApiCacheModel.class.php 第 1443 行.
NOTIC: [8] Undefined variable: gradeID E:\www\www\tk\Common\Model\ApiCacheModel.class.php 第 714 行.
NOTIC: [8] Undefined variable: idList E:\www\www\tk\Common\Model\ApiCacheModel.class.php 第 714 行.
NOTIC: [8] Undefined offset: 31 E:\www\www\tk\Common\Model\ApiCacheModel.class.php 第 1504 行.
NOTIC: [8] Undefined variable: gradeID E:\www\www\tk\Common\Model\ApiCacheModel.class.php 第 714 行.
NOTIC: [8] Undefined variable: idList E:\www\www\tk\Common\Model\ApiCacheModel.class.php 第 714 行.
NOTIC: [8] Undefined variable: getAllGrade E:\www\www\tk\Common\Model\ApiCacheModel.class.php 第 931 行.
NOTIC: [8] Undefined variable: gradeID E:\www\www\tk\Common\Model\ApiCacheModel.class.php 第 714 行.
NOTIC: [8] Undefined variable: idList E:\www\www\tk\Common\Model\ApiCacheModel.class.php 第 714 行.
NOTIC: [8] Undefined variable: pID E:\www\www\tk\Common\Model\ApiCacheModel.class.php 第 1205 行.
NOTIC: [8] Undefined offset: 31 E:\www\www\tk\Common\Model\ApiCacheModel.class.php 第 1217 行.
NOTIC: [8] Undefined variable: gradeID E:\www\www\tk\Common\Model\ApiCacheModel.class.php 第 714 行.
NOTIC: [8] Undefined variable: idList E:\www\www\tk\Common\Model\ApiCacheModel.class.php 第 714 行.
NOTIC: [8] Undefined variable: pID E:\www\www\tk\Common\Model\ApiCacheModel.class.php 第 1143 行.
NOTIC: [8] Undefined offset: 31 E:\www\www\tk\Common\Model\ApiCacheModel.class.php 第 1155 行.

[ 2017-10-16T13:33:03+08:00 ] 14.130.225.77 /Custom/CustomTestStore/customNav.html
INFO: [ app_init ] --START--
INFO: Run Behavior\BuildLiteBehavior [ RunTime:0.000000s ]
INFO: [ app_init ] --END-- [ RunTime:0.000976s ]
NOTIC: [2] preg_match(): Unknown modifier 'f' E:\www\www\main\Library\Think\Route.class.php 第 58 行.
NOTIC: [2] preg_match(): Unknown modifier 'f' E:\www\www\main\Library\Think\Route.class.php 第 58 行.
INFO: [ app_begin ] --START--
INFO: Run Behavior\ReadHtmlCacheBehavior [ RunTime:0.000000s ]
INFO: [ app_begin ] --END-- [ RunTime:0.000000s ]
INFO: [ view_parse ] --START--
INFO: [ template_filter ] --START--
INFO: Run Behavior\ContentReplaceBehavior [ RunTime:0.000000s ]
INFO: [ template_filter ] --END-- [ RunTime:0.000000s ]
INFO: Run Behavior\ParseTemplateBehavior [ RunTime:0.008788s ]
INFO: [ view_parse ] --END-- [ RunTime:0.008788s ]
INFO: [ view_filter ] --START--
INFO: Run Behavior\WriteHtmlCacheBehavior [ RunTime:0.000000s ]
INFO: Run Behavior\TokenBuildBehavior [ RunTime:0.000977s ]
INFO: [ view_filter ] --END-- [ RunTime:0.000977s ]
INFO: [ app_end ] --START--
INFO: Run Behavior\ShowPageTraceBehavior [ RunTime:0.000976s ]
INFO: [ app_end ] --END-- [ RunTime:0.000976s ]

[ 2017-10-16T13:33:15+08:00 ] 14.130.225.77 /Custom/MicroClass/index.html
INFO: [ app_init ] --START--
INFO: Run Behavior\BuildLiteBehavior [ RunTime:0.000000s ]
INFO: [ app_init ] --END-- [ RunTime:0.000977s ]
NOTIC: [2] preg_match(): Unknown modifier 'f' E:\www\www\main\Library\Think\Route.class.php 第 58 行.
NOTIC: [2] preg_match(): Unknown modifier 'f' E:\www\www\main\Library\Think\Route.class.php 第 58 行.
INFO: [ app_begin ] --START--
INFO: Run Behavior\ReadHtmlCacheBehavior [ RunTime:0.000976s ]
INFO: [ app_begin ] --END-- [ RunTime:0.000976s ]
INFO: [ view_parse ] --START--
NOTIC: [2] file_get_contents(../tk/Custom/View/Public/bottom.html): failed to open stream: No such file or directory E:\www\www\main\Library\Think\Template.class.php 第 696 行.
INFO: [ template_filter ] --START--
INFO: Run Behavior\ContentReplaceBehavior [ RunTime:0.000000s ]
INFO: [ template_filter ] --END-- [ RunTime:0.000000s ]
NOTIC: [8] Undefined variable: pagename E:\www\www\tk\Runtime\Cache\Custom\a77baaf2f86029ccc953cddf8f67b0be.php 第 4 行.
INFO: Run Behavior\ParseTemplateBehavior [ RunTime:0.009765s ]
INFO: [ view_parse ] --END-- [ RunTime:0.009765s ]
INFO: [ view_filter ] --START--
INFO: Run Behavior\WriteHtmlCacheBehavior [ RunTime:0.000000s ]
INFO: Run Behavior\TokenBuildBehavior [ RunTime:0.000977s ]
INFO: [ view_filter ] --END-- [ RunTime:0.000977s ]
INFO: [ app_end ] --START--
INFO: Run Behavior\ShowPageTraceBehavior [ RunTime:0.000976s ]
INFO: [ app_end ] --END-- [ RunTime:0.000976s ]

[ 2017-10-16T13:33:16+08:00 ] 14.130.225.77 /Custom/MicroClass/getGradeInit.html
INFO: [ app_init ] --START--
INFO: Run Behavior\BuildLiteBehavior [ RunTime:0.000000s ]
INFO: [ app_init ] --END-- [ RunTime:0.000977s ]
NOTIC: [2] preg_match(): Unknown modifier 'f' E:\www\www\main\Library\Think\Route.class.php 第 58 行.
NOTIC: [2] preg_match(): Unknown modifier 'f' E:\www\www\main\Library\Think\Route.class.php 第 58 行.
INFO: [ app_begin ] --START--
INFO: Run Behavior\ReadHtmlCacheBehavior [ RunTime:0.000976s ]
INFO: [ app_begin ] --END-- [ RunTime:0.000976s ]
NOTIC: [8] Undefined variable: getAllGrade E:\www\www\tk\Common\Model\ApiCacheModel.class.php 第 931 行.
NOTIC: [8] Undefined variable: pID E:\www\www\tk\Common\Model\ApiCacheModel.class.php 第 1094 行.

[ 2017-10-16T13:33:16+08:00 ] 14.130.225.77 /Custom/MicroClass/getMicroList.html
INFO: [ app_init ] --START--
INFO: Run Behavior\BuildLiteBehavior [ RunTime:0.000000s ]
INFO: [ app_init ] --END-- [ RunTime:0.000000s ]
NOTIC: [2] preg_match(): Unknown modifier 'f' E:\www\www\main\Library\Think\Route.class.php 第 58 行.
NOTIC: [2] preg_match(): Unknown modifier 'f' E:\www\www\main\Library\Think\Route.class.php 第 58 行.
INFO: [ app_begin ] --START--
INFO: Run Behavior\ReadHtmlCacheBehavior [ RunTime:0.000000s ]
INFO: [ app_begin ] --END-- [ RunTime:0.000000s ]
NOTIC: [8] Undefined index: perpage E:\www\www\tk\Custom\Controller\MicroClassController.class.php 第 244 行.
NOTIC: [8] Undefined index: MicroClass E:\www\www\tk\Common\Common\function.php 第 475 行.
NOTIC: [8] Undefined offset: 1 E:\www\www\tk\Common\Controller\CommonController.class.php 第 156 行.

[ 2017-10-16T13:33:25+08:00 ] 14.130.225.77 /Custom/MicroClass/add
INFO: [ app_init ] --START--
INFO: Run Behavior\BuildLiteBehavior [ RunTime:0.000000s ]
INFO: [ app_init ] --END-- [ RunTime:0.000000s ]
NOTIC: [2] preg_match(): Unknown modifier 'f' E:\www\www\main\Library\Think\Route.class.php 第 58 行.
NOTIC: [2] preg_match(): Unknown modifier 'f' E:\www\www\main\Library\Think\Route.class.php 第 58 行.
INFO: [ app_begin ] --START--
INFO: Run Behavior\ReadHtmlCacheBehavior [ RunTime:0.000000s ]
INFO: [ app_begin ] --END-- [ RunTime:0.000000s ]
INFO: [ view_parse ] --START--
INFO: [ template_filter ] --START--
INFO: Run Behavior\ContentReplaceBehavior [ RunTime:0.000000s ]
INFO: [ template_filter ] --END-- [ RunTime:0.000000s ]
NOTIC: [8] Undefined variable: MID E:\www\www\tk\Runtime\Cache\Custom\4ac2b79abd3188c2d43ea36c5794a4f0.php 第 37 行.
NOTIC: [8] Undefined variable: data E:\www\www\tk\Runtime\Cache\Custom\4ac2b79abd3188c2d43ea36c5794a4f0.php 第 105 行.
INFO: Run Behavior\ParseTemplateBehavior [ RunTime:0.008788s ]
INFO: [ view_parse ] --END-- [ RunTime:0.009765s ]
INFO: [ view_filter ] --START--
INFO: Run Behavior\WriteHtmlCacheBehavior [ RunTime:0.000977s ]
INFO: Run Behavior\TokenBuildBehavior [ RunTime:0.000976s ]
INFO: [ view_filter ] --END-- [ RunTime:0.001953s ]
INFO: [ app_end ] --START--
INFO: Run Behavior\ShowPageTraceBehavior [ RunTime:0.000977s ]
INFO: [ app_end ] --END-- [ RunTime:0.000977s ]

[ 2017-10-16T13:33:25+08:00 ] 14.130.225.77 /Custom/MicroClass/getData.html
INFO: [ app_init ] --START--
INFO: Run Behavior\BuildLiteBehavior [ RunTime:0.000000s ]
INFO: [ app_init ] --END-- [ RunTime:0.000000s ]
NOTIC: [2] preg_match(): Unknown modifier 'f' E:\www\www\main\Library\Think\Route.class.php 第 58 行.
NOTIC: [2] preg_match(): Unknown modifier 'f' E:\www\www\main\Library\Think\Route.class.php 第 58 行.
INFO: [ app_begin ] --START--
INFO: Run Behavior\ReadHtmlCacheBehavior [ RunTime:0.000976s ]
INFO: [ app_begin ] --END-- [ RunTime:0.000976s ]
NOTIC: [8] Undefined variable: gradeID E:\www\www\tk\Common\Model\ApiCacheModel.class.php 第 714 行.
NOTIC: [8] Undefined variable: idList E:\www\www\tk\Common\Model\ApiCacheModel.class.php 第 714 行.
NOTIC: [8] Undefined variable: pID E:\www\www\tk\Common\Model\ApiCacheModel.class.php 第 1094 行.
NOTIC: [8] Undefined variable: gradeID E:\www\www\tk\Common\Model\ApiCacheModel.class.php 第 714 行.
NOTIC: [8] Undefined variable: idList E:\www\www\tk\Common\Model\ApiCacheModel.class.php 第 714 行.
NOTIC: [8] Undefined variable: getAllGrade E:\www\www\tk\Common\Model\ApiCacheModel.class.php 第 931 行.

[ 2017-10-16T13:33:28+08:00 ] 14.130.225.77 /Custom/MicroClass/add.html
INFO: [ app_init ] --START--
INFO: Run Behavior\BuildLiteBehavior [ RunTime:0.000000s ]
INFO: [ app_init ] --END-- [ RunTime:0.000000s ]
NOTIC: [2] preg_match(): Unknown modifier 'f' E:\www\www\main\Library\Think\Route.class.php 第 58 行.
NOTIC: [2] preg_match(): Unknown modifier 'f' E:\www\www\main\Library\Think\Route.class.php 第 58 行.
INFO: [ app_begin ] --START--
INFO: Run Behavior\ReadHtmlCacheBehavior [ RunTime:0.000000s ]
INFO: [ app_begin ] --END-- [ RunTime:0.000976s ]
INFO: [ view_parse ] --START--
INFO: [ template_filter ] --START--
INFO: Run Behavior\ContentReplaceBehavior [ RunTime:0.000000s ]
INFO: [ template_filter ] --END-- [ RunTime:0.000000s ]
NOTIC: [8] Undefined variable: MID E:\www\www\tk\Runtime\Cache\Custom\4ac2b79abd3188c2d43ea36c5794a4f0.php 第 37 行.
NOTIC: [8] Undefined variable: data E:\www\www\tk\Runtime\Cache\Custom\4ac2b79abd3188c2d43ea36c5794a4f0.php 第 105 行.
INFO: Run Behavior\ParseTemplateBehavior [ RunTime:0.008788s ]
INFO: [ view_parse ] --END-- [ RunTime:0.008788s ]
INFO: [ view_filter ] --START--
INFO: Run Behavior\WriteHtmlCacheBehavior [ RunTime:0.000977s ]
INFO: Run Behavior\TokenBuildBehavior [ RunTime:0.000976s ]
INFO: [ view_filter ] --END-- [ RunTime:0.001953s ]
INFO: [ app_end ] --START--
INFO: Run Behavior\ShowPageTraceBehavior [ RunTime:0.000977s ]
INFO: [ app_end ] --END-- [ RunTime:0.000977s ]

[ 2017-10-16T13:33:28+08:00 ] 14.130.225.77 /Custom/MicroClass/getData.html
INFO: [ app_init ] --START--
INFO: Run Behavior\BuildLiteBehavior [ RunTime:0.000000s ]
INFO: [ app_init ] --END-- [ RunTime:0.000977s ]
NOTIC: [2] preg_match(): Unknown modifier 'f' E:\www\www\main\Library\Think\Route.class.php 第 58 行.
NOTIC: [2] preg_match(): Unknown modifier 'f' E:\www\www\main\Library\Think\Route.class.php 第 58 行.
INFO: [ app_begin ] --START--
INFO: Run Behavior\ReadHtmlCacheBehavior [ RunTime:0.000976s ]
INFO: [ app_begin ] --END-- [ RunTime:0.000976s ]
NOTIC: [8] Undefined variable: gradeID E:\www\www\tk\Common\Model\ApiCacheModel.class.php 第 714 行.
NOTIC: [8] Undefined variable: idList E:\www\www\tk\Common\Model\ApiCacheModel.class.php 第 714 行.
NOTIC: [8] Undefined variable: pID E:\www\www\tk\Common\Model\ApiCacheModel.class.php 第 1094 行.
NOTIC: [8] Undefined variable: gradeID E:\www\www\tk\Common\Model\ApiCacheModel.class.php 第 714 行.
NOTIC: [8] Undefined variable: idList E:\www\www\tk\Common\Model\ApiCacheModel.class.php 第 714 行.
NOTIC: [8] Undefined variable: getAllGrade E:\www\www\tk\Common\Model\ApiCacheModel.class.php 第 931 行.

[ 2017-10-16T13:33:29+08:00 ] 14.130.225.77 /Custom/CustomTestStore/customNav.html
INFO: [ app_init ] --START--
INFO: Run Behavior\BuildLiteBehavior [ RunTime:0.000000s ]
INFO: [ app_init ] --END-- [ RunTime:0.000000s ]
NOTIC: [2] preg_match(): Unknown modifier 'f' E:\www\www\main\Library\Think\Route.class.php 第 58 行.
NOTIC: [2] preg_match(): Unknown modifier 'f' E:\www\www\main\Library\Think\Route.class.php 第 58 行.
INFO: [ app_begin ] --START--
INFO: Run Behavior\ReadHtmlCacheBehavior [ RunTime:0.000976s ]
INFO: [ app_begin ] --END-- [ RunTime:0.000976s ]
INFO: [ view_parse ] --START--
INFO: [ template_filter ] --START--
INFO: Run Behavior\ContentReplaceBehavior [ RunTime:0.000000s ]
INFO: [ template_filter ] --END-- [ RunTime:0.000000s ]
INFO: Run Behavior\ParseTemplateBehavior [ RunTime:0.008789s ]
INFO: [ view_parse ] --END-- [ RunTime:0.009765s ]
INFO: [ view_filter ] --START--
INFO: Run Behavior\WriteHtmlCacheBehavior [ RunTime:0.000000s ]
INFO: Run Behavior\TokenBuildBehavior [ RunTime:0.000977s ]
INFO: [ view_filter ] --END-- [ RunTime:0.000977s ]
INFO: [ app_end ] --START--
INFO: Run Behavior\ShowPageTraceBehavior [ RunTime:0.000976s ]
INFO: [ app_end ] --END-- [ RunTime:0.000976s ]

[ 2017-10-16T13:33:31+08:00 ] 14.130.225.77 /Custom/MicroClass/index.html
INFO: [ app_init ] --START--
INFO: Run Behavior\BuildLiteBehavior [ RunTime:0.000000s ]
INFO: [ app_init ] --END-- [ RunTime:0.000977s ]
NOTIC: [2] preg_match(): Unknown modifier 'f' E:\www\www\main\Library\Think\Route.class.php 第 58 行.
NOTIC: [2] preg_match(): Unknown modifier 'f' E:\www\www\main\Library\Think\Route.class.php 第 58 行.
INFO: [ app_begin ] --START--
INFO: Run Behavior\ReadHtmlCacheBehavior [ RunTime:0.000976s ]
INFO: [ app_begin ] --END-- [ RunTime:0.000976s ]
INFO: [ view_parse ] --START--
NOTIC: [2] file_get_contents(../tk/Custom/View/Public/bottom.html): failed to open stream: No such file or directory E:\www\www\main\Library\Think\Template.class.php 第 696 行.
INFO: [ template_filter ] --START--
INFO: Run Behavior\ContentReplaceBehavior [ RunTime:0.000000s ]
INFO: [ template_filter ] --END-- [ RunTime:0.000000s ]
NOTIC: [8] Undefined variable: pagename E:\www\www\tk\Runtime\Cache\Custom\a77baaf2f86029ccc953cddf8f67b0be.php 第 4 行.
INFO: Run Behavior\ParseTemplateBehavior [ RunTime:0.008789s ]
INFO: [ view_parse ] --END-- [ RunTime:0.008789s ]
INFO: [ view_filter ] --START--
INFO: Run Behavior\WriteHtmlCacheBehavior [ RunTime:0.000976s ]
INFO: Run Behavior\TokenBuildBehavior [ RunTime:0.000977s ]
INFO: [ view_filter ] --END-- [ RunTime:0.001953s ]
INFO: [ app_end ] --START--
INFO: Run Behavior\ShowPageTraceBehavior [ RunTime:0.000976s ]
INFO: [ app_end ] --END-- [ RunTime:0.000976s ]

[ 2017-10-16T13:33:31+08:00 ] 14.130.225.77 /Custom/MicroClass/getGradeInit.html
INFO: [ app_init ] --START--
INFO: Run Behavior\BuildLiteBehavior [ RunTime:0.000000s ]
INFO: [ app_init ] --END-- [ RunTime:0.000000s ]
NOTIC: [2] preg_match(): Unknown modifier 'f' E:\www\www\main\Library\Think\Route.class.php 第 58 行.
NOTIC: [2] preg_match(): Unknown modifier 'f' E:\www\www\main\Library\Think\Route.class.php 第 58 行.
INFO: [ app_begin ] --START--
INFO: Run Behavior\ReadHtmlCacheBehavior [ RunTime:0.000977s ]
INFO: [ app_begin ] --END-- [ RunTime:0.000977s ]
NOTIC: [8] Undefined variable: getAllGrade E:\www\www\tk\Common\Model\ApiCacheModel.class.php 第 931 行.
NOTIC: [8] Undefined variable: pID E:\www\www\tk\Common\Model\ApiCacheModel.class.php 第 1094 行.
NOTIC: [8] Undefined offset: 31 E:\www\www\tk\Common\Model\ApiCacheModel.class.php 第 1106 行.

[ 2017-10-16T13:33:31+08:00 ] 14.130.225.77 /Custom/MicroClass/getMicroList.html
INFO: [ app_init ] --START--
INFO: Run Behavior\BuildLiteBehavior [ RunTime:0.000000s ]
INFO: [ app_init ] --END-- [ RunTime:0.000976s ]
NOTIC: [2] preg_match(): Unknown modifier 'f' E:\www\www\main\Library\Think\Route.class.php 第 58 行.
NOTIC: [2] preg_match(): Unknown modifier 'f' E:\www\www\main\Library\Think\Route.class.php 第 58 行.
INFO: [ app_begin ] --START--
INFO: Run Behavior\ReadHtmlCacheBehavior [ RunTime:0.000977s ]
INFO: [ app_begin ] --END-- [ RunTime:0.000977s ]
NOTIC: [8] Undefined index: perpage E:\www\www\tk\Custom\Controller\MicroClassController.class.php 第 244 行.
NOTIC: [8] Undefined index: MicroClass E:\www\www\tk\Common\Common\function.php 第 475 行.
NOTIC: [8] Undefined offset: 1 E:\www\www\tk\Common\Controller\CommonController.class.php 第 156 行.

[ 2017-10-16T13:33:33+08:00 ] 14.130.225.77 /Custom/MicroClass/add.html
INFO: [ app_init ] --START--
INFO: Run Behavior\BuildLiteBehavior [ RunTime:0.000000s ]
INFO: [ app_init ] --END-- [ RunTime:0.000977s ]
NOTIC: [2] preg_match(): Unknown modifier 'f' E:\www\www\main\Library\Think\Route.class.php 第 58 行.
NOTIC: [2] preg_match(): Unknown modifier 'f' E:\www\www\main\Library\Think\Route.class.php 第 58 行.
INFO: [ app_begin ] --START--
INFO: Run Behavior\ReadHtmlCacheBehavior [ RunTime:0.000976s ]
INFO: [ app_begin ] --END-- [ RunTime:0.000976s ]
INFO: [ view_parse ] --START--
INFO: [ template_filter ] --START--
INFO: Run Behavior\ContentReplaceBehavior [ RunTime:0.000000s ]
INFO: [ template_filter ] --END-- [ RunTime:0.000000s ]
NOTIC: [8] Undefined variable: MID E:\www\www\tk\Runtime\Cache\Custom\4ac2b79abd3188c2d43ea36c5794a4f0.php 第 37 行.
NOTIC: [8] Undefined variable: data E:\www\www\tk\Runtime\Cache\Custom\4ac2b79abd3188c2d43ea36c5794a4f0.php 第 105 行.
INFO: Run Behavior\ParseTemplateBehavior [ RunTime:0.009765s ]
INFO: [ view_parse ] --END-- [ RunTime:0.009765s ]
INFO: [ view_filter ] --START--
INFO: Run Behavior\WriteHtmlCacheBehavior [ RunTime:0.000000s ]
INFO: Run Behavior\TokenBuildBehavior [ RunTime:0.000976s ]
INFO: [ view_filter ] --END-- [ RunTime:0.000976s ]
INFO: [ app_end ] --START--
INFO: Run Behavior\ShowPageTraceBehavior [ RunTime:0.000977s ]
INFO: [ app_end ] --END-- [ RunTime:0.000977s ]

[ 2017-10-16T13:33:33+08:00 ] 14.130.225.77 /Custom/MicroClass/getData.html
INFO: [ app_init ] --START--
INFO: Run Behavior\BuildLiteBehavior [ RunTime:0.000000s ]
INFO: [ app_init ] --END-- [ RunTime:0.000976s ]
NOTIC: [2] preg_match(): Unknown modifier 'f' E:\www\www\main\Library\Think\Route.class.php 第 58 行.
NOTIC: [2] preg_match(): Unknown modifier 'f' E:\www\www\main\Library\Think\Route.class.php 第 58 行.
INFO: [ app_begin ] --START--
INFO: Run Behavior\ReadHtmlCacheBehavior [ RunTime:0.000977s ]
INFO: [ app_begin ] --END-- [ RunTime:0.000977s ]
NOTIC: [8] Undefined variable: gradeID E:\www\www\tk\Common\Model\ApiCacheModel.class.php 第 714 行.
NOTIC: [8] Undefined variable: idList E:\www\www\tk\Common\Model\ApiCacheModel.class.php 第 714 行.
NOTIC: [8] Undefined variable: pID E:\www\www\tk\Common\Model\ApiCacheModel.class.php 第 1094 行.
NOTIC: [8] Undefined offset: 31 E:\www\www\tk\Common\Model\ApiCacheModel.class.php 第 1106 行.
NOTIC: [8] Undefined variable: gradeID E:\www\www\tk\Common\Model\ApiCacheModel.class.php 第 714 行.
NOTIC: [8] Undefined variable: idList E:\www\www\tk\Common\Model\ApiCacheModel.class.php 第 714 行.
NOTIC: [8] Undefined variable: getAllGrade E:\www\www\tk\Common\Model\ApiCacheModel.class.php 第 931 行.

[ 2017-10-16T14:45:18+08:00 ] 14.130.225.77 /Custom/CustomTestStore/index.html
INFO: [ app_init ] --START--
INFO: Run Behavior\BuildLiteBehavior [ RunTime:0.000000s ]
INFO: [ app_init ] --END-- [ RunTime:0.000000s ]
NOTIC: [2] preg_match(): Unknown modifier 'f' E:\www\www\main\Library\Think\Route.class.php 第 58 行.
NOTIC: [2] preg_match(): Unknown modifier 'f' E:\www\www\main\Library\Think\Route.class.php 第 58 行.
INFO: [ app_begin ] --START--
INFO: Run Behavior\ReadHtmlCacheBehavior [ RunTime:0.000977s ]
INFO: [ app_begin ] --END-- [ RunTime:0.000977s ]
INFO: [ view_parse ] --START--
NOTIC: [2] file_get_contents(../tk/Custom/View/Public/bottom.html): failed to open stream: No such file or directory E:\www\www\main\Library\Think\Template.class.php 第 696 行.
INFO: [ template_filter ] --START--
INFO: Run Behavior\ContentReplaceBehavior [ RunTime:0.000000s ]
INFO: [ template_filter ] --END-- [ RunTime:0.000000s ]
NOTIC: [8] Undefined variable: pagename E:\www\www\tk\Runtime\Cache\Custom\ae294be22791e08a4328128919fffdcd.php 第 4 行.
INFO: Run Behavior\ParseTemplateBehavior [ RunTime:0.010741s ]
INFO: [ view_parse ] --END-- [ RunTime:0.010741s ]
INFO: [ view_filter ] --START--
INFO: Run Behavior\WriteHtmlCacheBehavior [ RunTime:0.000000s ]
INFO: Run Behavior\TokenBuildBehavior [ RunTime:0.001953s ]
INFO: [ view_filter ] --END-- [ RunTime:0.001953s ]
INFO: [ app_end ] --START--
INFO: Run Behavior\ShowPageTraceBehavior [ RunTime:0.000977s ]
INFO: [ app_end ] --END-- [ RunTime:0.000977s ]

[ 2017-10-16T14:45:19+08:00 ] 14.130.225.77 /Custom/CustomTestStore/getZsdInit.html
INFO: [ app_init ] --START--
INFO: Run Behavior\BuildLiteBehavior [ RunTime:0.000000s ]
INFO: [ app_init ] --END-- [ RunTime:0.000000s ]
NOTIC: [2] preg_match(): Unknown modifier 'f' E:\www\www\main\Library\Think\Route.class.php 第 58 行.
NOTIC: [2] preg_match(): Unknown modifier 'f' E:\www\www\main\Library\Think\Route.class.php 第 58 行.
INFO: [ app_begin ] --START--
INFO: Run Behavior\ReadHtmlCacheBehavior [ RunTime:0.000976s ]
INFO: [ app_begin ] --END-- [ RunTime:0.000976s ]
NOTIC: [8] Undefined variable: pID E:\www\www\tk\Common\Model\ApiCacheModel.class.php 第 1094 行.

[ 2017-10-16T14:45:19+08:00 ] 14.130.225.77 /Custom/CustomTestStore/getTestList.html
INFO: [ app_init ] --START--
INFO: Run Behavior\BuildLiteBehavior [ RunTime:0.000000s ]
INFO: [ app_init ] --END-- [ RunTime:0.000977s ]
NOTIC: [2] preg_match(): Unknown modifier 'f' E:\www\www\main\Library\Think\Route.class.php 第 58 行.
NOTIC: [2] preg_match(): Unknown modifier 'f' E:\www\www\main\Library\Think\Route.class.php 第 58 行.
INFO: [ app_begin ] --START--
INFO: Run Behavior\ReadHtmlCacheBehavior [ RunTime:0.000000s ]
INFO: [ app_begin ] --END-- [ RunTime:0.000000s ]
NOTIC: [8] Undefined index: width E:\www\www\tk\Custom\Controller\CustomTestStoreController.class.php 第 159 行.
NOTIC: [8] Undefined index: chapter E:\www\www\tk\Custom\Controller\CustomTestStoreController.class.php 第 164 行.
NOTIC: [8] Undefined index: pid E:\www\www\tk\Custom\Controller\CustomTestStoreController.class.php 第 165 行.
NOTIC: [8] Undefined index: abi E:\www\www\tk\Custom\Controller\CustomTestStoreController.class.php 第 166 行.
NOTIC: [8] Undefined index: key E:\www\www\tk\Custom\Controller\CustomTestStoreController.class.php 第 167 行.
NOTIC: [8] Undefined index: time E:\www\www\tk\Custom\Controller\CustomTestStoreController.class.php 第 168 行.
NOTIC: [8] Undefined index: perpage E:\www\www\tk\Custom\Controller\CustomTestStoreController.class.php 第 171 行.
NOTIC: [8] Undefined index: ifInter E:\www\www\tk\Custom\Controller\CustomTestStoreController.class.php 第 172 行.
NOTIC: [8] Undefined index: interLen E:\www\www\tk\Custom\Controller\CustomTestStoreController.class.php 第 173 行.
NOTIC: [8] Undefined variable: lastTime E:\www\www\tk\Custom\Controller\CustomTestStoreController.class.php 第 213 行.
NOTIC: [2048] Declaration of Custom\Model\CustomTestModel::insertData() should be compatible with Common\Model\BaseModel::insertData($data, $modelName = '') E:\www\www\tk\Custom\Model\CustomTestModel.class.php 第 1223 行.
NOTIC: [2048] Declaration of Custom\Model\CustomTestModel::updateData() should be compatible with Common\Model\BaseModel::updateData($data, $where, $modelName = '') E:\www\www\tk\Custom\Model\CustomTestModel.class.php 第 1223 行.
NOTIC: [2048] Declaration of Custom\Model\CustomTestModel::deleteData() should be compatible with Common\Model\BaseModel::deleteData($where, $modelName = '') E:\www\www\tk\Custom\Model\CustomTestModel.class.php 第 1223 行.
NOTIC: [8] Undefined index: matches E:\www\www\tk\Common\Model\IndexModel.class.php 第 1209 行.

[ 2017-10-16T14:45:20+08:00 ] 14.130.225.77 /Custom/CustomTestStore/customNav.html
INFO: [ app_init ] --START--
INFO: Run Behavior\BuildLiteBehavior [ RunTime:0.000000s ]
INFO: [ app_init ] --END-- [ RunTime:0.000977s ]
NOTIC: [2] preg_match(): Unknown modifier 'f' E:\www\www\main\Library\Think\Route.class.php 第 58 行.
NOTIC: [2] preg_match(): Unknown modifier 'f' E:\www\www\main\Library\Think\Route.class.php 第 58 行.
INFO: [ app_begin ] --START--
INFO: Run Behavior\ReadHtmlCacheBehavior [ RunTime:0.000976s ]
INFO: [ app_begin ] --END-- [ RunTime:0.000976s ]
INFO: [ view_parse ] --START--
INFO: [ template_filter ] --START--
INFO: Run Behavior\ContentReplaceBehavior [ RunTime:0.000000s ]
INFO: [ template_filter ] --END-- [ RunTime:0.000000s ]
INFO: Run Behavior\ParseTemplateBehavior [ RunTime:0.007812s ]
INFO: [ view_parse ] --END-- [ RunTime:0.007812s ]
INFO: [ view_filter ] --START--
INFO: Run Behavior\WriteHtmlCacheBehavior [ RunTime:0.000976s ]
INFO: Run Behavior\TokenBuildBehavior [ RunTime:0.000000s ]
INFO: [ view_filter ] --END-- [ RunTime:0.000976s ]
INFO: [ app_end ] --START--
INFO: Run Behavior\ShowPageTraceBehavior [ RunTime:0.000000s ]
INFO: [ app_end ] --END-- [ RunTime:0.000977s ]

[ 2017-10-16T14:45:22+08:00 ] 14.130.225.77 /Custom/MicroClass/add.html
INFO: [ app_init ] --START--
INFO: Run Behavior\BuildLiteBehavior [ RunTime:0.000000s ]
INFO: [ app_init ] --END-- [ RunTime:0.000976s ]
NOTIC: [2] preg_match(): Unknown modifier 'f' E:\www\www\main\Library\Think\Route.class.php 第 58 行.
NOTIC: [2] preg_match(): Unknown modifier 'f' E:\www\www\main\Library\Think\Route.class.php 第 58 行.
INFO: [ app_begin ] --START--
INFO: Run Behavior\ReadHtmlCacheBehavior [ RunTime:0.000977s ]
INFO: [ app_begin ] --END-- [ RunTime:0.000977s ]
INFO: [ view_parse ] --START--
INFO: [ template_filter ] --START--
INFO: Run Behavior\ContentReplaceBehavior [ RunTime:0.000000s ]
INFO: [ template_filter ] --END-- [ RunTime:0.000000s ]
NOTIC: [8] Undefined variable: MID E:\www\www\tk\Runtime\Cache\Custom\4ac2b79abd3188c2d43ea36c5794a4f0.php 第 37 行.
NOTIC: [8] Undefined variable: data E:\www\www\tk\Runtime\Cache\Custom\4ac2b79abd3188c2d43ea36c5794a4f0.php 第 105 行.
INFO: Run Behavior\ParseTemplateBehavior [ RunTime:0.009765s ]
INFO: [ view_parse ] --END-- [ RunTime:0.009765s ]
INFO: [ view_filter ] --START--
INFO: Run Behavior\WriteHtmlCacheBehavior [ RunTime:0.000977s ]
INFO: Run Behavior\TokenBuildBehavior [ RunTime:0.000976s ]
INFO: [ view_filter ] --END-- [ RunTime:0.001953s ]
INFO: [ app_end ] --START--
INFO: Run Behavior\ShowPageTraceBehavior [ RunTime:0.000977s ]
INFO: [ app_end ] --END-- [ RunTime:0.000977s ]

[ 2017-10-16T14:45:22+08:00 ] 14.130.225.77 /Custom/MicroClass/getData.html
INFO: [ app_init ] --START--
INFO: Run Behavior\BuildLiteBehavior [ RunTime:0.000000s ]
INFO: [ app_init ] --END-- [ RunTime:0.000000s ]
NOTIC: [2] preg_match(): Unknown modifier 'f' E:\www\www\main\Library\Think\Route.class.php 第 58 行.
NOTIC: [2] preg_match(): Unknown modifier 'f' E:\www\www\main\Library\Think\Route.class.php 第 58 行.
INFO: [ app_begin ] --START--
INFO: Run Behavior\ReadHtmlCacheBehavior [ RunTime:0.000977s ]
INFO: [ app_begin ] --END-- [ RunTime:0.000977s ]
NOTIC: [8] Undefined variable: gradeID E:\www\www\tk\Common\Model\ApiCacheModel.class.php 第 714 行.
NOTIC: [8] Undefined variable: idList E:\www\www\tk\Common\Model\ApiCacheModel.class.php 第 714 行.
NOTIC: [8] Undefined variable: pID E:\www\www\tk\Common\Model\ApiCacheModel.class.php 第 1094 行.
NOTIC: [8] Undefined variable: gradeID E:\www\www\tk\Common\Model\ApiCacheModel.class.php 第 714 行.
NOTIC: [8] Undefined variable: idList E:\www\www\tk\Common\Model\ApiCacheModel.class.php 第 714 行.
NOTIC: [8] Undefined variable: getAllGrade E:\www\www\tk\Common\Model\ApiCacheModel.class.php 第 931 行.

[ 2017-10-16T14:45:23+08:00 ] 14.130.225.77 /Custom/MicroClass/index.html
INFO: [ app_init ] --START--
INFO: Run Behavior\BuildLiteBehavior [ RunTime:0.000000s ]
INFO: [ app_init ] --END-- [ RunTime:0.000000s ]
NOTIC: [2] preg_match(): Unknown modifier 'f' E:\www\www\main\Library\Think\Route.class.php 第 58 行.
NOTIC: [2] preg_match(): Unknown modifier 'f' E:\www\www\main\Library\Think\Route.class.php 第 58 行.
INFO: [ app_begin ] --START--
INFO: Run Behavior\ReadHtmlCacheBehavior [ RunTime:0.000977s ]
INFO: [ app_begin ] --END-- [ RunTime:0.000977s ]
INFO: [ view_parse ] --START--
NOTIC: [2] file_get_contents(../tk/Custom/View/Public/bottom.html): failed to open stream: No such file or directory E:\www\www\main\Library\Think\Template.class.php 第 696 行.
INFO: [ template_filter ] --START--
INFO: Run Behavior\ContentReplaceBehavior [ RunTime:0.000000s ]
INFO: [ template_filter ] --END-- [ RunTime:0.000000s ]
NOTIC: [8] Undefined variable: pagename E:\www\www\tk\Runtime\Cache\Custom\a77baaf2f86029ccc953cddf8f67b0be.php 第 4 行.
INFO: Run Behavior\ParseTemplateBehavior [ RunTime:0.009765s ]
INFO: [ view_parse ] --END-- [ RunTime:0.009765s ]
INFO: [ view_filter ] --START--
INFO: Run Behavior\WriteHtmlCacheBehavior [ RunTime:0.000000s ]
INFO: Run Behavior\TokenBuildBehavior [ RunTime:0.000977s ]
INFO: [ view_filter ] --END-- [ RunTime:0.000977s ]
INFO: [ app_end ] --START--
INFO: Run Behavior\ShowPageTraceBehavior [ RunTime:0.000976s ]
INFO: [ app_end ] --END-- [ RunTime:0.000976s ]

[ 2017-10-16T14:45:23+08:00 ] 14.130.225.77 /Custom/MicroClass/getGradeInit.html
INFO: [ app_init ] --START--
INFO: Run Behavior\BuildLiteBehavior [ RunTime:0.000000s ]
INFO: [ app_init ] --END-- [ RunTime:0.000000s ]
NOTIC: [2] preg_match(): Unknown modifier 'f' E:\www\www\main\Library\Think\Route.class.php 第 58 行.
NOTIC: [2] preg_match(): Unknown modifier 'f' E:\www\www\main\Library\Think\Route.class.php 第 58 行.
INFO: [ app_begin ] --START--
INFO: Run Behavior\ReadHtmlCacheBehavior [ RunTime:0.000000s ]
INFO: [ app_begin ] --END-- [ RunTime:0.000000s ]
NOTIC: [8] Undefined variable: getAllGrade E:\www\www\tk\Common\Model\ApiCacheModel.class.php 第 931 行.
NOTIC: [8] Undefined variable: pID E:\www\www\tk\Common\Model\ApiCacheModel.class.php 第 1094 行.

[ 2017-10-16T14:45:23+08:00 ] 14.130.225.77 /Custom/MicroClass/getMicroList.html
INFO: [ app_init ] --START--
INFO: Run Behavior\BuildLiteBehavior [ RunTime:0.000000s ]
INFO: [ app_init ] --END-- [ RunTime:0.000977s ]
NOTIC: [2] preg_match(): Unknown modifier 'f' E:\www\www\main\Library\Think\Route.class.php 第 58 行.
NOTIC: [2] preg_match(): Unknown modifier 'f' E:\www\www\main\Library\Think\Route.class.php 第 58 行.
INFO: [ app_begin ] --START--
INFO: Run Behavior\ReadHtmlCacheBehavior [ RunTime:0.000976s ]
INFO: [ app_begin ] --END-- [ RunTime:0.000976s ]
NOTIC: [8] Undefined index: perpage E:\www\www\tk\Custom\Controller\MicroClassController.class.php 第 244 行.
NOTIC: [8] Undefined index: MicroClass E:\www\www\tk\Common\Common\function.php 第 475 行.
NOTIC: [8] Undefined offset: 1 E:\www\www\tk\Common\Controller\CommonController.class.php 第 156 行.

[ 2017-10-16T14:45:24+08:00 ] 14.130.225.77 /Custom/MicroClass/index.html
INFO: [ app_init ] --START--
INFO: Run Behavior\BuildLiteBehavior [ RunTime:0.000000s ]
INFO: [ app_init ] --END-- [ RunTime:0.000000s ]
NOTIC: [2] preg_match(): Unknown modifier 'f' E:\www\www\main\Library\Think\Route.class.php 第 58 行.
NOTIC: [2] preg_match(): Unknown modifier 'f' E:\www\www\main\Library\Think\Route.class.php 第 58 行.
INFO: [ app_begin ] --START--
INFO: Run Behavior\ReadHtmlCacheBehavior [ RunTime:0.000976s ]
INFO: [ app_begin ] --END-- [ RunTime:0.000976s ]
INFO: [ view_parse ] --START--
NOTIC: [2] file_get_contents(../tk/Custom/View/Public/bottom.html): failed to open stream: No such file or directory E:\www\www\main\Library\Think\Template.class.php 第 696 行.
INFO: [ template_filter ] --START--
INFO: Run Behavior\ContentReplaceBehavior [ RunTime:0.000000s ]
INFO: [ template_filter ] --END-- [ RunTime:0.000000s ]
NOTIC: [8] Undefined variable: pagename E:\www\www\tk\Runtime\Cache\Custom\a77baaf2f86029ccc953cddf8f67b0be.php 第 4 行.
INFO: Run Behavior\ParseTemplateBehavior [ RunTime:0.008788s ]
INFO: [ view_parse ] --END-- [ RunTime:0.008788s ]
INFO: [ view_filter ] --START--
INFO: Run Behavior\WriteHtmlCacheBehavior [ RunTime:0.000977s ]
INFO: Run Behavior\TokenBuildBehavior [ RunTime:0.000976s ]
INFO: [ view_filter ] --END-- [ RunTime:0.001953s ]
INFO: [ app_end ] --START--
INFO: Run Behavior\ShowPageTraceBehavior [ RunTime:0.000977s ]
INFO: [ app_end ] --END-- [ RunTime:0.000977s ]

[ 2017-10-16T14:45:25+08:00 ] 14.130.225.77 /Custom/MicroClass/getGradeInit.html
INFO: [ app_init ] --START--
INFO: Run Behavior\BuildLiteBehavior [ RunTime:0.000000s ]
INFO: [ app_init ] --END-- [ RunTime:0.000000s ]
NOTIC: [2] preg_match(): Unknown modifier 'f' E:\www\www\main\Library\Think\Route.class.php 第 58 行.
NOTIC: [2] preg_match(): Unknown modifier 'f' E:\www\www\main\Library\Think\Route.class.php 第 58 行.
INFO: [ app_begin ] --START--
INFO: Run Behavior\ReadHtmlCacheBehavior [ RunTime:0.000976s ]
INFO: [ app_begin ] --END-- [ RunTime:0.000976s ]
NOTIC: [8] Undefined variable: getAllGrade E:\www\www\tk\Common\Model\ApiCacheModel.class.php 第 931 行.
NOTIC: [8] Undefined variable: pID E:\www\www\tk\Common\Model\ApiCacheModel.class.php 第 1094 行.

[ 2017-10-16T14:45:25+08:00 ] 14.130.225.77 /Custom/MicroClass/getMicroList.html
INFO: [ app_init ] --START--
INFO: Run Behavior\BuildLiteBehavior [ RunTime:0.000000s ]
INFO: [ app_init ] --END-- [ RunTime:0.000976s ]
NOTIC: [2] preg_match(): Unknown modifier 'f' E:\www\www\main\Library\Think\Route.class.php 第 58 行.
NOTIC: [2] preg_match(): Unknown modifier 'f' E:\www\www\main\Library\Think\Route.class.php 第 58 行.
INFO: [ app_begin ] --START--
INFO: Run Behavior\ReadHtmlCacheBehavior [ RunTime:0.000000s ]
INFO: [ app_begin ] --END-- [ RunTime:0.000977s ]
NOTIC: [8] Undefined index: perpage E:\www\www\tk\Custom\Controller\MicroClassController.class.php 第 244 行.
NOTIC: [8] Undefined index: MicroClass E:\www\www\tk\Common\Common\function.php 第 475 行.
NOTIC: [8] Undefined offset: 1 E:\www\www\tk\Common\Controller\CommonController.class.php 第 156 行.

[ 2017-10-16T14:45:25+08:00 ] 14.130.225.77 /Custom/MicroClass/add.html
INFO: [ app_init ] --START--
INFO: Run Behavior\BuildLiteBehavior [ RunTime:0.000000s ]
INFO: [ app_init ] --END-- [ RunTime:0.000976s ]
NOTIC: [2] preg_match(): Unknown modifier 'f' E:\www\www\main\Library\Think\Route.class.php 第 58 行.
NOTIC: [2] preg_match(): Unknown modifier 'f' E:\www\www\main\Library\Think\Route.class.php 第 58 行.
INFO: [ app_begin ] --START--
INFO: Run Behavior\ReadHtmlCacheBehavior [ RunTime:0.000977s ]
INFO: [ app_begin ] --END-- [ RunTime:0.000977s ]
INFO: [ view_parse ] --START--
INFO: [ template_filter ] --START--
INFO: Run Behavior\ContentReplaceBehavior [ RunTime:0.000977s ]
INFO: [ template_filter ] --END-- [ RunTime:0.000977s ]
NOTIC: [8] Undefined variable: MID E:\www\www\tk\Runtime\Cache\Custom\4ac2b79abd3188c2d43ea36c5794a4f0.php 第 37 行.
NOTIC: [8] Undefined variable: data E:\www\www\tk\Runtime\Cache\Custom\4ac2b79abd3188c2d43ea36c5794a4f0.php 第 105 行.
INFO: Run Behavior\ParseTemplateBehavior [ RunTime:0.008788s ]
INFO: [ view_parse ] --END-- [ RunTime:0.008788s ]
INFO: [ view_filter ] --START--
INFO: Run Behavior\WriteHtmlCacheBehavior [ RunTime:0.000000s ]
INFO: Run Behavior\TokenBuildBehavior [ RunTime:0.000977s ]
INFO: [ view_filter ] --END-- [ RunTime:0.000977s ]
INFO: [ app_end ] --START--
INFO: Run Behavior\ShowPageTraceBehavior [ RunTime:0.000976s ]
INFO: [ app_end ] --END-- [ RunTime:0.000976s ]

[ 2017-10-16T14:45:25+08:00 ] 14.130.225.77 /Custom/MicroClass/getData.html
INFO: [ app_init ] --START--
INFO: Run Behavior\BuildLiteBehavior [ RunTime:0.000000s ]
INFO: [ app_init ] --END-- [ RunTime:0.000976s ]
NOTIC: [2] preg_match(): Unknown modifier 'f' E:\www\www\main\Library\Think\Route.class.php 第 58 行.
NOTIC: [2] preg_match(): Unknown modifier 'f' E:\www\www\main\Library\Think\Route.class.php 第 58 行.
INFO: [ app_begin ] --START--
INFO: Run Behavior\ReadHtmlCacheBehavior [ RunTime:0.000977s ]
INFO: [ app_begin ] --END-- [ RunTime:0.000977s ]
NOTIC: [8] Undefined variable: gradeID E:\www\www\tk\Common\Model\ApiCacheModel.class.php 第 714 行.
NOTIC: [8] Undefined variable: idList E:\www\www\tk\Common\Model\ApiCacheModel.class.php 第 714 行.
NOTIC: [8] Undefined variable: pID E:\www\www\tk\Common\Model\ApiCacheModel.class.php 第 1094 行.
NOTIC: [8] Undefined variable: gradeID E:\www\www\tk\Common\Model\ApiCacheModel.class.php 第 714 行.
NOTIC: [8] Undefined variable: idList E:\www\www\tk\Common\Model\ApiCacheModel.class.php 第 714 行.
NOTIC: [8] Undefined variable: getAllGrade E:\www\www\tk\Common\Model\ApiCacheModel.class.php 第 931 行.

[ 2017-10-16T14:53:23+08:00 ] 14.130.225.77 /Custom/CustomTestStore/index.html
INFO: [ app_init ] --START--
INFO: Run Behavior\BuildLiteBehavior [ RunTime:0.000000s ]
INFO: [ app_init ] --END-- [ RunTime:0.000977s ]
NOTIC: [2] preg_match(): Unknown modifier 'f' E:\www\www\main\Library\Think\Route.class.php 第 58 行.
NOTIC: [2] preg_match(): Unknown modifier 'f' E:\www\www\main\Library\Think\Route.class.php 第 58 行.
INFO: [ app_begin ] --START--
INFO: Run Behavior\ReadHtmlCacheBehavior [ RunTime:0.000976s ]
INFO: [ app_begin ] --END-- [ RunTime:0.000976s ]
INFO: [ view_parse ] --START--
NOTIC: [2] file_get_contents(../tk/Custom/View/Public/bottom.html): failed to open stream: No such file or directory E:\www\www\main\Library\Think\Template.class.php 第 696 行.
INFO: [ template_filter ] --START--
INFO: Run Behavior\ContentReplaceBehavior [ RunTime:0.000976s ]
INFO: [ template_filter ] --END-- [ RunTime:0.000976s ]
NOTIC: [8] Undefined variable: pagename E:\www\www\tk\Runtime\Cache\Custom\ae294be22791e08a4328128919fffdcd.php 第 4 行.
INFO: Run Behavior\ParseTemplateBehavior [ RunTime:0.009765s ]
INFO: [ view_parse ] --END-- [ RunTime:0.009765s ]
INFO: [ view_filter ] --START--
INFO: Run Behavior\WriteHtmlCacheBehavior [ RunTime:0.000000s ]
INFO: Run Behavior\TokenBuildBehavior [ RunTime:0.000977s ]
INFO: [ view_filter ] --END-- [ RunTime:0.001953s ]
INFO: [ app_end ] --START--
INFO: Run Behavior\ShowPageTraceBehavior [ RunTime:0.000976s ]
INFO: [ app_end ] --END-- [ RunTime:0.000976s ]

[ 2017-10-16T14:53:24+08:00 ] 14.130.225.77 /Custom/CustomTestStore/getZsdInit.html
INFO: [ app_init ] --START--
INFO: Run Behavior\BuildLiteBehavior [ RunTime:0.000000s ]
INFO: [ app_init ] --END-- [ RunTime:0.000976s ]
NOTIC: [2] preg_match(): Unknown modifier 'f' E:\www\www\main\Library\Think\Route.class.php 第 58 行.
NOTIC: [2] preg_match(): Unknown modifier 'f' E:\www\www\main\Library\Think\Route.class.php 第 58 行.
INFO: [ app_begin ] --START--
INFO: Run Behavior\ReadHtmlCacheBehavior [ RunTime:0.000976s ]
INFO: [ app_begin ] --END-- [ RunTime:0.000976s ]
NOTIC: [8] Undefined variable: pID E:\www\www\tk\Common\Model\ApiCacheModel.class.php 第 1094 行.

[ 2017-10-16T14:53:24+08:00 ] 14.130.225.77 /Custom/CustomTestStore/index.html
INFO: [ app_init ] --START--
INFO: Run Behavior\BuildLiteBehavior [ RunTime:0.000000s ]
INFO: [ app_init ] --END-- [ RunTime:0.000000s ]
NOTIC: [2] preg_match(): Unknown modifier 'f' E:\www\www\main\Library\Think\Route.class.php 第 58 行.
NOTIC: [2] preg_match(): Unknown modifier 'f' E:\www\www\main\Library\Think\Route.class.php 第 58 行.
INFO: [ app_begin ] --START--
INFO: Run Behavior\ReadHtmlCacheBehavior [ RunTime:0.000977s ]
INFO: [ app_begin ] --END-- [ RunTime:0.000977s ]
INFO: [ view_parse ] --START--
NOTIC: [2] file_get_contents(../tk/Custom/View/Public/bottom.html): failed to open stream: No such file or directory E:\www\www\main\Library\Think\Template.class.php 第 696 行.
INFO: [ template_filter ] --START--
INFO: Run Behavior\ContentReplaceBehavior [ RunTime:0.000000s ]
INFO: [ template_filter ] --END-- [ RunTime:0.000000s ]
NOTIC: [8] Undefined variable: pagename E:\www\www\tk\Runtime\Cache\Custom\ae294be22791e08a4328128919fffdcd.php 第 4 行.
INFO: Run Behavior\ParseTemplateBehavior [ RunTime:0.009765s ]
INFO: [ view_parse ] --END-- [ RunTime:0.009765s ]
INFO: [ view_filter ] --START--
INFO: Run Behavior\WriteHtmlCacheBehavior [ RunTime:0.000976s ]
INFO: Run Behavior\TokenBuildBehavior [ RunTime:0.000977s ]
INFO: [ view_filter ] --END-- [ RunTime:0.001953s ]
INFO: [ app_end ] --START--
INFO: Run Behavior\ShowPageTraceBehavior [ RunTime:0.000976s ]
INFO: [ app_end ] --END-- [ RunTime:0.000976s ]

[ 2017-10-16T14:53:24+08:00 ] 14.130.225.77 /Custom/CustomTestStore/getTestList.html
INFO: [ app_init ] --START--
INFO: Run Behavior\BuildLiteBehavior [ RunTime:0.000000s ]
INFO: [ app_init ] --END-- [ RunTime:0.000977s ]
NOTIC: [2] preg_match(): Unknown modifier 'f' E:\www\www\main\Library\Think\Route.class.php 第 58 行.
NOTIC: [2] preg_match(): Unknown modifier 'f' E:\www\www\main\Library\Think\Route.class.php 第 58 行.
INFO: [ app_begin ] --START--
INFO: Run Behavior\ReadHtmlCacheBehavior [ RunTime:0.000976s ]
INFO: [ app_begin ] --END-- [ RunTime:0.000976s ]
NOTIC: [8] Undefined index: width E:\www\www\tk\Custom\Controller\CustomTestStoreController.class.php 第 159 行.
NOTIC: [8] Undefined index: chapter E:\www\www\tk\Custom\Controller\CustomTestStoreController.class.php 第 164 行.
NOTIC: [8] Undefined index: pid E:\www\www\tk\Custom\Controller\CustomTestStoreController.class.php 第 165 行.
NOTIC: [8] Undefined index: abi E:\www\www\tk\Custom\Controller\CustomTestStoreController.class.php 第 166 行.
NOTIC: [8] Undefined index: key E:\www\www\tk\Custom\Controller\CustomTestStoreController.class.php 第 167 行.
NOTIC: [8] Undefined index: time E:\www\www\tk\Custom\Controller\CustomTestStoreController.class.php 第 168 行.
NOTIC: [8] Undefined index: perpage E:\www\www\tk\Custom\Controller\CustomTestStoreController.class.php 第 171 行.
NOTIC: [8] Undefined index: ifInter E:\www\www\tk\Custom\Controller\CustomTestStoreController.class.php 第 172 行.
NOTIC: [8] Undefined index: interLen E:\www\www\tk\Custom\Controller\CustomTestStoreController.class.php 第 173 行.
NOTIC: [8] Undefined variable: lastTime E:\www\www\tk\Custom\Controller\CustomTestStoreController.class.php 第 213 行.
NOTIC: [2048] Declaration of Custom\Model\CustomTestModel::insertData() should be compatible with Common\Model\BaseModel::insertData($data, $modelName = '') E:\www\www\tk\Custom\Model\CustomTestModel.class.php 第 1223 行.
NOTIC: [2048] Declaration of Custom\Model\CustomTestModel::updateData() should be compatible with Common\Model\BaseModel::updateData($data, $where, $modelName = '') E:\www\www\tk\Custom\Model\CustomTestModel.class.php 第 1223 行.
NOTIC: [2048] Declaration of Custom\Model\CustomTestModel::deleteData() should be compatible with Common\Model\BaseModel::deleteData($where, $modelName = '') E:\www\www\tk\Custom\Model\CustomTestModel.class.php 第 1223 行.
NOTIC: [8] Undefined index: matches E:\www\www\tk\Common\Model\IndexModel.class.php 第 1209 行.

[ 2017-10-16T14:53:24+08:00 ] 14.130.225.77 /Custom/CustomTestStore/getZsdInit.html
INFO: [ app_init ] --START--
INFO: Run Behavior\BuildLiteBehavior [ RunTime:0.000000s ]
INFO: [ app_init ] --END-- [ RunTime:0.000000s ]
NOTIC: [2] preg_match(): Unknown modifier 'f' E:\www\www\main\Library\Think\Route.class.php 第 58 行.
NOTIC: [2] preg_match(): Unknown modifier 'f' E:\www\www\main\Library\Think\Route.class.php 第 58 行.
INFO: [ app_begin ] --START--
INFO: Run Behavior\ReadHtmlCacheBehavior [ RunTime:0.000000s ]
INFO: [ app_begin ] --END-- [ RunTime:0.000977s ]
NOTIC: [8] Undefined variable: pID E:\www\www\tk\Common\Model\ApiCacheModel.class.php 第 1094 行.

[ 2017-10-16T14:53:24+08:00 ] 14.130.225.77 /Custom/CustomTestStore/getTestList.html
INFO: [ app_init ] --START--
INFO: Run Behavior\BuildLiteBehavior [ RunTime:0.000000s ]
INFO: [ app_init ] --END-- [ RunTime:0.000977s ]
NOTIC: [2] preg_match(): Unknown modifier 'f' E:\www\www\main\Library\Think\Route.class.php 第 58 行.
NOTIC: [2] preg_match(): Unknown modifier 'f' E:\www\www\main\Library\Think\Route.class.php 第 58 行.
INFO: [ app_begin ] --START--
INFO: Run Behavior\ReadHtmlCacheBehavior [ RunTime:0.000976s ]
INFO: [ app_begin ] --END-- [ RunTime:0.000976s ]
NOTIC: [8] Undefined index: width E:\www\www\tk\Custom\Controller\CustomTestStoreController.class.php 第 159 行.
NOTIC: [8] Undefined index: chapter E:\www\www\tk\Custom\Controller\CustomTestStoreController.class.php 第 164 行.
NOTIC: [8] Undefined index: pid E:\www\www\tk\Custom\Controller\CustomTestStoreController.class.php 第 165 行.
NOTIC: [8] Undefined index: abi E:\www\www\tk\Custom\Controller\CustomTestStoreController.class.php 第 166 行.
NOTIC: [8] Undefined index: key E:\www\www\tk\Custom\Controller\CustomTestStoreController.class.php 第 167 行.
NOTIC: [8] Undefined index: time E:\www\www\tk\Custom\Controller\CustomTestStoreController.class.php 第 168 行.
NOTIC: [8] Undefined index: perpage E:\www\www\tk\Custom\Controller\CustomTestStoreController.class.php 第 171 行.
NOTIC: [8] Undefined index: ifInter E:\www\www\tk\Custom\Controller\CustomTestStoreController.class.php 第 172 行.
NOTIC: [8] Undefined index: interLen E:\www\www\tk\Custom\Controller\CustomTestStoreController.class.php 第 173 行.
NOTIC: [8] Undefined variable: lastTime E:\www\www\tk\Custom\Controller\CustomTestStoreController.class.php 第 213 行.
NOTIC: [2048] Declaration of Custom\Model\CustomTestModel::insertData() should be compatible with Common\Model\BaseModel::insertData($data, $modelName = '') E:\www\www\tk\Custom\Model\CustomTestModel.class.php 第 1223 行.
NOTIC: [2048] Declaration of Custom\Model\CustomTestModel::updateData() should be compatible with Common\Model\BaseModel::updateData($data, $where, $modelName = '') E:\www\www\tk\Custom\Model\CustomTestModel.class.php 第 1223 行.
NOTIC: [2048] Declaration of Custom\Model\CustomTestModel::deleteData() should be compatible with Common\Model\BaseModel::deleteData($where, $modelName = '') E:\www\www\tk\Custom\Model\CustomTestModel.class.php 第 1223 行.
NOTIC: [8] Undefined index: matches E:\www\www\tk\Common\Model\IndexModel.class.php 第 1209 行.

[ 2017-10-16T15:07:37+08:00 ] 222.134.133.242 /Custom/CustomTestStore/index?session=ED72A8FE641A694BF83133D9EBA1&device=androidPadCKL
INFO: [ app_init ] --START--
INFO: Run Behavior\BuildLiteBehavior [ RunTime:0.000000s ]
INFO: [ app_init ] --END-- [ RunTime:0.000000s ]
NOTIC: [2] preg_match(): Unknown modifier 'f' E:\www\www\main\Library\Think\Route.class.php 第 58 行.
NOTIC: [2] preg_match(): Unknown modifier 'f' E:\www\www\main\Library\Think\Route.class.php 第 58 行.
INFO: [ app_begin ] --START--
INFO: Run Behavior\ReadHtmlCacheBehavior [ RunTime:0.000976s ]
INFO: [ app_begin ] --END-- [ RunTime:0.000976s ]

