[ 2017-10-09T08:48:25+08:00 ] 222.134.133.242 /Custom/CustomTestStore/customNav
INFO: [ app_init ] --START--
INFO: Run Behavior\BuildLiteBehavior [ RunTime:0.000000s ]
INFO: [ app_init ] --END-- [ RunTime:0.000000s ]
NOTIC: [2] preg_match(): Unknown modifier 'f' E:\www\www\main\Library\Think\Route.class.php 第 58 行.
NOTIC: [2] preg_match(): Unknown modifier 'f' E:\www\www\main\Library\Think\Route.class.php 第 58 行.
INFO: [ app_begin ] --START--
INFO: Run Behavior\ReadHtmlCacheBehavior [ RunTime:0.000977s ]
INFO: [ app_begin ] --END-- [ RunTime:0.000977s ]
INFO: [ view_parse ] --START--
INFO: [ template_filter ] --START--
INFO: Run Behavior\ContentReplaceBehavior [ RunTime:0.000000s ]
INFO: [ template_filter ] --END-- [ RunTime:0.000000s ]
INFO: Run Behavior\ParseTemplateBehavior [ RunTime:0.007812s ]
INFO: [ view_parse ] --END-- [ RunTime:0.008789s ]
INFO: [ view_filter ] --START--
INFO: Run Behavior\WriteHtmlCacheBehavior [ RunTime:0.000000s ]
INFO: Run Behavior\TokenBuildBehavior [ RunTime:0.000976s ]
INFO: [ view_filter ] --END-- [ RunTime:0.000976s ]
INFO: [ app_end ] --START--
INFO: Run Behavior\ShowPageTraceBehavior [ RunTime:0.000977s ]
INFO: [ app_end ] --END-- [ RunTime:0.000977s ]

[ 2017-10-09T08:48:33+08:00 ] 222.134.133.242 /Custom/CustomTestStore/index
INFO: [ app_init ] --START--
INFO: Run Behavior\BuildLiteBehavior [ RunTime:0.000000s ]
INFO: [ app_init ] --END-- [ RunTime:0.000977s ]
NOTIC: [2] preg_match(): Unknown modifier 'f' E:\www\www\main\Library\Think\Route.class.php 第 58 行.
NOTIC: [2] preg_match(): Unknown modifier 'f' E:\www\www\main\Library\Think\Route.class.php 第 58 行.
INFO: [ app_begin ] --START--
INFO: Run Behavior\ReadHtmlCacheBehavior [ RunTime:0.000976s ]
INFO: [ app_begin ] --END-- [ RunTime:0.000976s ]
INFO: [ view_parse ] --START--
NOTIC: [2] file_get_contents(../tk/Custom/View/Public/bottom.html): failed to open stream: No such file or directory E:\www\www\main\Library\Think\Template.class.php 第 696 行.
INFO: [ template_filter ] --START--
INFO: Run Behavior\ContentReplaceBehavior [ RunTime:0.000000s ]
INFO: [ template_filter ] --END-- [ RunTime:0.000000s ]
NOTIC: [8] Undefined variable: pagename E:\www\www\tk\Runtime\Cache\Custom\ae294be22791e08a4328128919fffdcd.php 第 4 行.
INFO: Run Behavior\ParseTemplateBehavior [ RunTime:0.008788s ]
INFO: [ view_parse ] --END-- [ RunTime:0.008788s ]
INFO: [ view_filter ] --START--
INFO: Run Behavior\WriteHtmlCacheBehavior [ RunTime:0.000000s ]
INFO: Run Behavior\TokenBuildBehavior [ RunTime:0.000976s ]
INFO: [ view_filter ] --END-- [ RunTime:0.000976s ]
INFO: [ app_end ] --START--
INFO: Run Behavior\ShowPageTraceBehavior [ RunTime:0.000977s ]
INFO: [ app_end ] --END-- [ RunTime:0.000977s ]

[ 2017-10-09T08:48:34+08:00 ] 222.134.133.242 /Custom/CustomTestStore/getZsdInit.html
INFO: [ app_init ] --START--
INFO: Run Behavior\BuildLiteBehavior [ RunTime:0.000000s ]
INFO: [ app_init ] --END-- [ RunTime:0.000976s ]
NOTIC: [2] preg_match(): Unknown modifier 'f' E:\www\www\main\Library\Think\Route.class.php 第 58 行.
NOTIC: [2] preg_match(): Unknown modifier 'f' E:\www\www\main\Library\Think\Route.class.php 第 58 行.
INFO: [ app_begin ] --START--
INFO: Run Behavior\ReadHtmlCacheBehavior [ RunTime:0.000976s ]
INFO: [ app_begin ] --END-- [ RunTime:0.000976s ]
NOTIC: [8] Undefined offset: 31 E:\www\www\tk\Common\Model\ApiCacheModel.class.php 第 1504 行.
NOTIC: [8] Undefined variable: pID E:\www\www\tk\Common\Model\ApiCacheModel.class.php 第 1094 行.
NOTIC: [8] Undefined offset: 31 E:\www\www\tk\Common\Model\ApiCacheModel.class.php 第 1106 行.

[ 2017-10-09T08:48:34+08:00 ] 222.134.133.242 /Custom/CustomTestStore/getTestList.html
INFO: [ app_init ] --START--
INFO: Run Behavior\BuildLiteBehavior [ RunTime:0.000000s ]
INFO: [ app_init ] --END-- [ RunTime:0.000000s ]
NOTIC: [2] preg_match(): Unknown modifier 'f' E:\www\www\main\Library\Think\Route.class.php 第 58 行.
NOTIC: [2] preg_match(): Unknown modifier 'f' E:\www\www\main\Library\Think\Route.class.php 第 58 行.
INFO: [ app_begin ] --START--
INFO: Run Behavior\ReadHtmlCacheBehavior [ RunTime:0.000976s ]
INFO: [ app_begin ] --END-- [ RunTime:0.000976s ]
NOTIC: [8] Undefined index: width E:\www\www\tk\Custom\Controller\CustomTestStoreController.class.php 第 159 行.
NOTIC: [8] Undefined index: chapter E:\www\www\tk\Custom\Controller\CustomTestStoreController.class.php 第 164 行.
NOTIC: [8] Undefined index: pid E:\www\www\tk\Custom\Controller\CustomTestStoreController.class.php 第 165 行.
NOTIC: [8] Undefined index: abi E:\www\www\tk\Custom\Controller\CustomTestStoreController.class.php 第 166 行.
NOTIC: [8] Undefined index: key E:\www\www\tk\Custom\Controller\CustomTestStoreController.class.php 第 167 行.
NOTIC: [8] Undefined index: time E:\www\www\tk\Custom\Controller\CustomTestStoreController.class.php 第 168 行.
NOTIC: [8] Undefined index: perpage E:\www\www\tk\Custom\Controller\CustomTestStoreController.class.php 第 171 行.
NOTIC: [8] Undefined index: ifInter E:\www\www\tk\Custom\Controller\CustomTestStoreController.class.php 第 172 行.
NOTIC: [8] Undefined index: interLen E:\www\www\tk\Custom\Controller\CustomTestStoreController.class.php 第 173 行.
NOTIC: [8] Undefined variable: lastTime E:\www\www\tk\Custom\Controller\CustomTestStoreController.class.php 第 213 行.
NOTIC: [2048] Declaration of Custom\Model\CustomTestModel::insertData() should be compatible with Common\Model\BaseModel::insertData($data, $modelName = '') E:\www\www\tk\Custom\Model\CustomTestModel.class.php 第 1223 行.
NOTIC: [2048] Declaration of Custom\Model\CustomTestModel::updateData() should be compatible with Common\Model\BaseModel::updateData($data, $where, $modelName = '') E:\www\www\tk\Custom\Model\CustomTestModel.class.php 第 1223 行.
NOTIC: [2048] Declaration of Custom\Model\CustomTestModel::deleteData() should be compatible with Common\Model\BaseModel::deleteData($where, $modelName = '') E:\www\www\tk\Custom\Model\CustomTestModel.class.php 第 1223 行.
NOTIC: [8] Undefined index: matches E:\www\www\tk\Common\Model\IndexModel.class.php 第 1209 行.

[ 2017-10-09T17:48:50+08:00 ] 222.134.133.242 /Custom/CustomTestStore/index?session=FF5254A4DDA92F601A09012EC9&device=androidPadCKL
INFO: [ app_init ] --START--
INFO: Run Behavior\BuildLiteBehavior [ RunTime:0.000000s ]
INFO: [ app_init ] --END-- [ RunTime:0.000977s ]
NOTIC: [2] preg_match(): Unknown modifier 'f' E:\www\www\main\Library\Think\Route.class.php 第 58 行.
NOTIC: [2] preg_match(): Unknown modifier 'f' E:\www\www\main\Library\Think\Route.class.php 第 58 行.
INFO: [ app_begin ] --START--
INFO: Run Behavior\ReadHtmlCacheBehavior [ RunTime:0.000977s ]
INFO: [ app_begin ] --END-- [ RunTime:0.000977s ]

