[ 2017-10-05T08:12:41+08:00 ] 183.47.203.73 /User/Index/passport/url/Aat%252FMyHomework%252Findex.html%253Fsession%253D7FC657DF8F4AA0A4BBA52CD1268BC%2526device%253DandroidPadCKL.html
INFO: [ app_init ] --START--
INFO: Run Behavior\BuildLiteBehavior [ RunTime:0.000000s ]
INFO: [ app_init ] --END-- [ RunTime:0.000977s ]
NOTIC: [2] preg_match(): Unknown modifier 'f' E:\www\www\main\Library\Think\Route.class.php 第 58 行.
NOTIC: [2] preg_match(): Unknown modifier 'f' E:\www\www\main\Library\Think\Route.class.php 第 58 行.
INFO: [ app_begin ] --START--
INFO: Run Behavior\ReadHtmlCacheBehavior [ RunTime:0.000976s ]
INFO: [ app_begin ] --END-- [ RunTime:0.000976s ]
INFO: [ view_parse ] --START--
INFO: [ template_filter ] --START--
INFO: Run Behavior\ContentReplaceBehavior [ RunTime:0.000000s ]
INFO: [ template_filter ] --END-- [ RunTime:0.000000s ]
INFO: Run Behavior\ParseTemplateBehavior [ RunTime:0.008788s ]
INFO: [ view_parse ] --END-- [ RunTime:0.009765s ]
INFO: [ view_filter ] --START--
INFO: Run Behavior\WriteHtmlCacheBehavior [ RunTime:0.000000s ]
INFO: Run Behavior\TokenBuildBehavior [ RunTime:0.000977s ]
INFO: [ view_filter ] --END-- [ RunTime:0.000977s ]
INFO: [ app_end ] --START--
INFO: Run Behavior\ShowPageTraceBehavior [ RunTime:0.000976s ]
INFO: [ app_end ] --END-- [ RunTime:0.000976s ]

[ 2017-10-05T08:13:16+08:00 ] 183.47.203.73 /User/Index/passportLogin
INFO: [ app_init ] --START--
INFO: Run Behavior\BuildLiteBehavior [ RunTime:0.000000s ]
INFO: [ app_init ] --END-- [ RunTime:0.000976s ]
NOTIC: [2] preg_match(): Unknown modifier 'f' E:\www\www\main\Library\Think\Route.class.php 第 58 行.
NOTIC: [2] preg_match(): Unknown modifier 'f' E:\www\www\main\Library\Think\Route.class.php 第 58 行.
INFO: [ app_begin ] --START--
INFO: Run Behavior\ReadHtmlCacheBehavior [ RunTime:0.000977s ]
INFO: [ app_begin ] --END-- [ RunTime:0.000977s ]

[ 2017-10-05T08:13:51+08:00 ] 183.47.203.73 /User/Index/passportLogin
INFO: [ app_init ] --START--
INFO: Run Behavior\BuildLiteBehavior [ RunTime:0.000000s ]
INFO: [ app_init ] --END-- [ RunTime:0.000000s ]
NOTIC: [2] preg_match(): Unknown modifier 'f' E:\www\www\main\Library\Think\Route.class.php 第 58 行.
NOTIC: [2] preg_match(): Unknown modifier 'f' E:\www\www\main\Library\Think\Route.class.php 第 58 行.
INFO: [ app_begin ] --START--
INFO: Run Behavior\ReadHtmlCacheBehavior [ RunTime:0.000000s ]
INFO: [ app_begin ] --END-- [ RunTime:0.000000s ]

[ 2017-10-05T08:34:20+08:00 ] 223.104.2.24 /User/Index/passport/url/Aat%252FPersonalReport%252Findex.html%253Fsession%253DBA05B43D4488AC46078EA8D27FE%2526device%253DandroidPadCKL.html
INFO: [ app_init ] --START--
INFO: Run Behavior\BuildLiteBehavior [ RunTime:0.000000s ]
INFO: [ app_init ] --END-- [ RunTime:0.000976s ]
NOTIC: [2] preg_match(): Unknown modifier 'f' E:\www\www\main\Library\Think\Route.class.php 第 58 行.
NOTIC: [2] preg_match(): Unknown modifier 'f' E:\www\www\main\Library\Think\Route.class.php 第 58 行.
INFO: [ app_begin ] --START--
INFO: Run Behavior\ReadHtmlCacheBehavior [ RunTime:0.000977s ]
INFO: [ app_begin ] --END-- [ RunTime:0.000977s ]
INFO: [ view_parse ] --START--
INFO: [ template_filter ] --START--
INFO: Run Behavior\ContentReplaceBehavior [ RunTime:0.000000s ]
INFO: [ template_filter ] --END-- [ RunTime:0.000000s ]
INFO: Run Behavior\ParseTemplateBehavior [ RunTime:0.008788s ]
INFO: [ view_parse ] --END-- [ RunTime:0.009765s ]
INFO: [ view_filter ] --START--
INFO: Run Behavior\WriteHtmlCacheBehavior [ RunTime:0.000000s ]
INFO: Run Behavior\TokenBuildBehavior [ RunTime:0.000976s ]
INFO: [ view_filter ] --END-- [ RunTime:0.000976s ]
INFO: [ app_end ] --START--
INFO: Run Behavior\ShowPageTraceBehavior [ RunTime:0.000977s ]
INFO: [ app_end ] --END-- [ RunTime:0.000977s ]

[ 2017-10-05T08:34:26+08:00 ] 223.104.2.24 /User/Index/passport/url/Aat%252FPersonalReport%252Findex.html%253Fsession%253DBA05B43D4488AC46078EA8D27FE%2526device%253DandroidPadCKL.html
INFO: [ app_init ] --START--
INFO: Run Behavior\BuildLiteBehavior [ RunTime:0.000000s ]
INFO: [ app_init ] --END-- [ RunTime:0.000977s ]
NOTIC: [2] preg_match(): Unknown modifier 'f' E:\www\www\main\Library\Think\Route.class.php 第 58 行.
NOTIC: [2] preg_match(): Unknown modifier 'f' E:\www\www\main\Library\Think\Route.class.php 第 58 行.
INFO: [ app_begin ] --START--
INFO: Run Behavior\ReadHtmlCacheBehavior [ RunTime:0.000976s ]
INFO: [ app_begin ] --END-- [ RunTime:0.000976s ]
INFO: [ view_parse ] --START--
INFO: [ template_filter ] --START--
INFO: Run Behavior\ContentReplaceBehavior [ RunTime:0.000000s ]
INFO: [ template_filter ] --END-- [ RunTime:0.000000s ]
INFO: Run Behavior\ParseTemplateBehavior [ RunTime:0.008789s ]
INFO: [ view_parse ] --END-- [ RunTime:0.008789s ]
INFO: [ view_filter ] --START--
INFO: Run Behavior\WriteHtmlCacheBehavior [ RunTime:0.000976s ]
INFO: Run Behavior\TokenBuildBehavior [ RunTime:0.000977s ]
INFO: [ view_filter ] --END-- [ RunTime:0.001953s ]
INFO: [ app_end ] --START--
INFO: Run Behavior\ShowPageTraceBehavior [ RunTime:0.000976s ]
INFO: [ app_end ] --END-- [ RunTime:0.000976s ]

[ 2017-10-05T08:34:27+08:00 ] 223.104.2.24 /User/Index/QQLogin
INFO: [ app_init ] --START--
INFO: Run Behavior\BuildLiteBehavior [ RunTime:0.000000s ]
INFO: [ app_init ] --END-- [ RunTime:0.000976s ]
NOTIC: [2] preg_match(): Unknown modifier 'f' E:\www\www\main\Library\Think\Route.class.php 第 58 行.
NOTIC: [2] preg_match(): Unknown modifier 'f' E:\www\www\main\Library\Think\Route.class.php 第 58 行.
INFO: [ app_begin ] --START--
INFO: Run Behavior\ReadHtmlCacheBehavior [ RunTime:0.000977s ]
INFO: [ app_begin ] --END-- [ RunTime:0.000977s ]

[ 2017-10-05T08:35:02+08:00 ] 223.104.2.24 /User/Index/passport/url/Aat%252FPersonalReport%252Findex.html%253Fsession%253DBA05B43D4488AC46078EA8D27FE%2526device%253DandroidPadCKL.html
INFO: [ app_init ] --START--
INFO: Run Behavior\BuildLiteBehavior [ RunTime:0.000000s ]
INFO: [ app_init ] --END-- [ RunTime:0.000000s ]
NOTIC: [2] preg_match(): Unknown modifier 'f' E:\www\www\main\Library\Think\Route.class.php 第 58 行.
NOTIC: [2] preg_match(): Unknown modifier 'f' E:\www\www\main\Library\Think\Route.class.php 第 58 行.
INFO: [ app_begin ] --START--
INFO: Run Behavior\ReadHtmlCacheBehavior [ RunTime:0.000977s ]
INFO: [ app_begin ] --END-- [ RunTime:0.000977s ]
INFO: [ view_parse ] --START--
INFO: [ template_filter ] --START--
INFO: Run Behavior\ContentReplaceBehavior [ RunTime:0.000000s ]
INFO: [ template_filter ] --END-- [ RunTime:0.000000s ]
INFO: Run Behavior\ParseTemplateBehavior [ RunTime:0.009765s ]
INFO: [ view_parse ] --END-- [ RunTime:0.009765s ]
INFO: [ view_filter ] --START--
INFO: Run Behavior\WriteHtmlCacheBehavior [ RunTime:0.000000s ]
INFO: Run Behavior\TokenBuildBehavior [ RunTime:0.000976s ]
INFO: [ view_filter ] --END-- [ RunTime:0.000976s ]
INFO: [ app_end ] --START--
INFO: Run Behavior\ShowPageTraceBehavior [ RunTime:0.000977s ]
INFO: [ app_end ] --END-- [ RunTime:0.000977s ]

[ 2017-10-05T08:35:20+08:00 ] 223.104.2.24 /User/Index/ForClassCalllogin?access_token=e3389973e29d6e99c1dc60FB0EF&expire_in=3600&state=
INFO: [ app_init ] --START--
INFO: Run Behavior\BuildLiteBehavior [ RunTime:0.000000s ]
INFO: [ app_init ] --END-- [ RunTime:0.000977s ]
NOTIC: [2] preg_match(): Unknown modifier 'f' E:\www\www\main\Library\Think\Route.class.php 第 58 行.
NOTIC: [2] preg_match(): Unknown modifier 'f' E:\www\www\main\Library\Think\Route.class.php 第 58 行.
INFO: [ app_begin ] --START--
INFO: Run Behavior\ReadHtmlCacheBehavior [ RunTime:0.000976s ]
INFO: [ app_begin ] --END-- [ RunTime:0.000976s ]
NOTIC: [8] Undefined index: UserForclass E:\www\www\tk\Common\Common\function.php 第 475 行.
NOTIC: [8] Undefined offset: 1 E:\www\www\tk\Common\Controller\CommonController.class.php 第 156 行.
NOTIC: [8] Undefined index: return E:\www\www\tk\Common\Controller\SystemLayerController.class.php 第 395 行.
NOTIC: [2] Missing argument 4 for Common\Controller\SystemLayerController::showSuccessMsg(), called in E:\www\www\tk\Common\Controller\SystemLayerController.class.php on line 401 and defined E:\www\www\tk\Common\Controller\SystemLayerController.class.php 第 231 行.
NOTIC: [8] Undefined variable: displayContent E:\www\www\tk\Common\Controller\SystemLayerController.class.php 第 249 行.
INFO: [ view_parse ] --START--
INFO: [ template_filter ] --START--
INFO: Run Behavior\ContentReplaceBehavior [ RunTime:0.000000s ]
INFO: [ template_filter ] --END-- [ RunTime:0.000000s ]
NOTIC: [8] Undefined variable: hideLogin E:\www\www\tk\Runtime\Cache\User\ccf640ac2c0ff10bdb702d6acab52f97.php 第 24 行.
NOTIC: [8] Undefined variable: title E:\www\www\tk\Runtime\Cache\User\ccf640ac2c0ff10bdb702d6acab52f97.php 第 43 行.
INFO: Run Behavior\ParseTemplateBehavior [ RunTime:0.010742s ]
INFO: [ view_parse ] --END-- [ RunTime:0.010742s ]
INFO: [ view_filter ] --START--
INFO: Run Behavior\WriteHtmlCacheBehavior [ RunTime:0.000000s ]
INFO: Run Behavior\TokenBuildBehavior [ RunTime:0.000976s ]
INFO: [ view_filter ] --END-- [ RunTime:0.000976s ]

[ 2017-10-05T10:04:05+08:00 ] 39.75.119.208 /User/Index/passport/url/Aat%252FMyHomework%252Findex.html%253Fsession%253D2EC4EEB0241FBBAFFF1E974E5C1E%2526device%253DandroidPadCKL.html
INFO: [ app_init ] --START--
INFO: Run Behavior\BuildLiteBehavior [ RunTime:0.000000s ]
INFO: [ app_init ] --END-- [ RunTime:0.000976s ]
NOTIC: [2] preg_match(): Unknown modifier 'f' E:\www\www\main\Library\Think\Route.class.php 第 58 行.
NOTIC: [2] preg_match(): Unknown modifier 'f' E:\www\www\main\Library\Think\Route.class.php 第 58 行.
INFO: [ app_begin ] --START--
INFO: Run Behavior\ReadHtmlCacheBehavior [ RunTime:0.000977s ]
INFO: [ app_begin ] --END-- [ RunTime:0.000977s ]
INFO: [ view_parse ] --START--
INFO: [ template_filter ] --START--
INFO: Run Behavior\ContentReplaceBehavior [ RunTime:0.000000s ]
INFO: [ template_filter ] --END-- [ RunTime:0.000000s ]
INFO: Run Behavior\ParseTemplateBehavior [ RunTime:0.009765s ]
INFO: [ view_parse ] --END-- [ RunTime:0.009765s ]
INFO: [ view_filter ] --START--
INFO: Run Behavior\WriteHtmlCacheBehavior [ RunTime:0.000976s ]
INFO: Run Behavior\TokenBuildBehavior [ RunTime:0.000000s ]
INFO: [ view_filter ] --END-- [ RunTime:0.000976s ]
INFO: [ app_end ] --START--
INFO: Run Behavior\ShowPageTraceBehavior [ RunTime:0.000000s ]
INFO: [ app_end ] --END-- [ RunTime:0.000976s ]

[ 2017-10-05T10:37:30+08:00 ] 223.96.69.181 /User/Index/passport/url/Aat%253Fsession%253D3AA97EB68428AAF1FCC1CA1C2BD5%2526device%253DandroidPadCKL.html
INFO: [ app_init ] --START--
INFO: Run Behavior\BuildLiteBehavior [ RunTime:0.000000s ]
INFO: [ app_init ] --END-- [ RunTime:0.000000s ]
NOTIC: [2] preg_match(): Unknown modifier 'f' E:\www\www\main\Library\Think\Route.class.php 第 58 行.
NOTIC: [2] preg_match(): Unknown modifier 'f' E:\www\www\main\Library\Think\Route.class.php 第 58 行.
INFO: [ app_begin ] --START--
INFO: Run Behavior\ReadHtmlCacheBehavior [ RunTime:0.000976s ]
INFO: [ app_begin ] --END-- [ RunTime:0.000976s ]
INFO: [ view_parse ] --START--
INFO: [ template_filter ] --START--
INFO: Run Behavior\ContentReplaceBehavior [ RunTime:0.000000s ]
INFO: [ template_filter ] --END-- [ RunTime:0.000000s ]
INFO: Run Behavior\ParseTemplateBehavior [ RunTime:0.008789s ]
INFO: [ view_parse ] --END-- [ RunTime:0.008789s ]
INFO: [ view_filter ] --START--
INFO: Run Behavior\WriteHtmlCacheBehavior [ RunTime:0.000000s ]
INFO: Run Behavior\TokenBuildBehavior [ RunTime:0.000000s ]
INFO: [ view_filter ] --END-- [ RunTime:0.000976s ]
INFO: [ app_end ] --START--
INFO: Run Behavior\ShowPageTraceBehavior [ RunTime:0.000000s ]
INFO: [ app_end ] --END-- [ RunTime:0.000000s ]

[ 2017-10-05T10:37:49+08:00 ] 223.96.69.181 /User/Index/ForClassCalllogin?access_token=c1a5176865de4416acd313a7aacc4884e7a9593DA9853CB543A&expire_in=3600&state=
INFO: [ app_init ] --START--
INFO: Run Behavior\BuildLiteBehavior [ RunTime:0.000000s ]
INFO: [ app_init ] --END-- [ RunTime:0.000976s ]
NOTIC: [2] preg_match(): Unknown modifier 'f' E:\www\www\main\Library\Think\Route.class.php 第 58 行.
NOTIC: [2] preg_match(): Unknown modifier 'f' E:\www\www\main\Library\Think\Route.class.php 第 58 行.
INFO: [ app_begin ] --START--
INFO: Run Behavior\ReadHtmlCacheBehavior [ RunTime:0.000976s ]
INFO: [ app_begin ] --END-- [ RunTime:0.000976s ]
NOTIC: [8] Undefined index: UserForclass E:\www\www\tk\Common\Common\function.php 第 475 行.
NOTIC: [8] Undefined offset: 1 E:\www\www\tk\Common\Controller\CommonController.class.php 第 156 行.
NOTIC: [8] Undefined index: return E:\www\www\tk\Common\Controller\SystemLayerController.class.php 第 395 行.
NOTIC: [2] Missing argument 4 for Common\Controller\SystemLayerController::showSuccessMsg(), called in E:\www\www\tk\Common\Controller\SystemLayerController.class.php on line 401 and defined E:\www\www\tk\Common\Controller\SystemLayerController.class.php 第 231 行.
NOTIC: [8] Undefined variable: displayContent E:\www\www\tk\Common\Controller\SystemLayerController.class.php 第 249 行.
INFO: [ view_parse ] --START--
INFO: [ template_filter ] --START--
INFO: Run Behavior\ContentReplaceBehavior [ RunTime:0.000000s ]
INFO: [ template_filter ] --END-- [ RunTime:0.000000s ]
NOTIC: [8] Undefined variable: hideLogin E:\www\www\tk\Runtime\Cache\User\ccf640ac2c0ff10bdb702d6acab52f97.php 第 24 行.
NOTIC: [8] Undefined variable: title E:\www\www\tk\Runtime\Cache\User\ccf640ac2c0ff10bdb702d6acab52f97.php 第 43 行.
INFO: Run Behavior\ParseTemplateBehavior [ RunTime:0.010741s ]
INFO: [ view_parse ] --END-- [ RunTime:0.010741s ]
INFO: [ view_filter ] --START--
INFO: Run Behavior\WriteHtmlCacheBehavior [ RunTime:0.000000s ]
INFO: Run Behavior\TokenBuildBehavior [ RunTime:0.001953s ]
INFO: [ view_filter ] --END-- [ RunTime:0.001953s ]

[ 2017-10-05T10:43:14+08:00 ] 223.96.67.159 /User/Index/passport/url/Aat%252FPersonalReport%252Findex.html%253Fsession%253DEEA9818B682D410AB89B0769F5AF01A%2526device%253DandroidPadCKL.html
INFO: [ app_init ] --START--
INFO: Run Behavior\BuildLiteBehavior [ RunTime:0.000000s ]
INFO: [ app_init ] --END-- [ RunTime:0.000000s ]
NOTIC: [2] preg_match(): Unknown modifier 'f' E:\www\www\main\Library\Think\Route.class.php 第 58 行.
NOTIC: [2] preg_match(): Unknown modifier 'f' E:\www\www\main\Library\Think\Route.class.php 第 58 行.
INFO: [ app_begin ] --START--
INFO: Run Behavior\ReadHtmlCacheBehavior [ RunTime:0.000977s ]
INFO: [ app_begin ] --END-- [ RunTime:0.000977s ]
INFO: [ view_parse ] --START--
INFO: [ template_filter ] --START--
INFO: Run Behavior\ContentReplaceBehavior [ RunTime:0.000000s ]
INFO: [ template_filter ] --END-- [ RunTime:0.000000s ]
INFO: Run Behavior\ParseTemplateBehavior [ RunTime:0.008788s ]
INFO: [ view_parse ] --END-- [ RunTime:0.008788s ]
INFO: [ view_filter ] --START--
INFO: Run Behavior\WriteHtmlCacheBehavior [ RunTime:0.000977s ]
INFO: Run Behavior\TokenBuildBehavior [ RunTime:0.000976s ]
INFO: [ view_filter ] --END-- [ RunTime:0.001953s ]
INFO: [ app_end ] --START--
INFO: Run Behavior\ShowPageTraceBehavior [ RunTime:0.000977s ]
INFO: [ app_end ] --END-- [ RunTime:0.000977s ]

[ 2017-10-05T10:43:22+08:00 ] 223.96.67.159 /User/Index/passport/url/Aat%252FPersonalReport%252Findex.html%253Fsession%253DEEA9818B682D410AB89B0769F5AF01A%2526device%253DandroidPadCKL.html
INFO: [ app_init ] --START--
INFO: Run Behavior\BuildLiteBehavior [ RunTime:0.000000s ]
INFO: [ app_init ] --END-- [ RunTime:0.000977s ]
NOTIC: [2] preg_match(): Unknown modifier 'f' E:\www\www\main\Library\Think\Route.class.php 第 58 行.
NOTIC: [2] preg_match(): Unknown modifier 'f' E:\www\www\main\Library\Think\Route.class.php 第 58 行.
INFO: [ app_begin ] --START--
INFO: Run Behavior\ReadHtmlCacheBehavior [ RunTime:0.000976s ]
INFO: [ app_begin ] --END-- [ RunTime:0.000976s ]
INFO: [ view_parse ] --START--
INFO: [ template_filter ] --START--
INFO: Run Behavior\ContentReplaceBehavior [ RunTime:0.000000s ]
INFO: [ template_filter ] --END-- [ RunTime:0.000000s ]
INFO: Run Behavior\ParseTemplateBehavior [ RunTime:0.008789s ]
INFO: [ view_parse ] --END-- [ RunTime:0.008789s ]
INFO: [ view_filter ] --START--
INFO: Run Behavior\WriteHtmlCacheBehavior [ RunTime:0.000976s ]
INFO: Run Behavior\TokenBuildBehavior [ RunTime:0.000977s ]
INFO: [ view_filter ] --END-- [ RunTime:0.001953s ]
INFO: [ app_end ] --START--
INFO: Run Behavior\ShowPageTraceBehavior [ RunTime:0.000976s ]
INFO: [ app_end ] --END-- [ RunTime:0.000976s ]

[ 2017-10-05T10:43:27+08:00 ] 223.96.67.159 /User/Index/QQLogin
INFO: [ app_init ] --START--
INFO: Run Behavior\BuildLiteBehavior [ RunTime:0.000000s ]
INFO: [ app_init ] --END-- [ RunTime:0.000000s ]
NOTIC: [2] preg_match(): Unknown modifier 'f' E:\www\www\main\Library\Think\Route.class.php 第 58 行.
NOTIC: [2] preg_match(): Unknown modifier 'f' E:\www\www\main\Library\Think\Route.class.php 第 58 行.
INFO: [ app_begin ] --START--
INFO: Run Behavior\ReadHtmlCacheBehavior [ RunTime:0.000977s ]
INFO: [ app_begin ] --END-- [ RunTime:0.000977s ]

[ 2017-10-05T10:43:28+08:00 ] 223.96.67.159 /User/Index/QQLogin
INFO: [ app_init ] --START--
INFO: Run Behavior\BuildLiteBehavior [ RunTime:0.000000s ]
INFO: [ app_init ] --END-- [ RunTime:0.000000s ]
NOTIC: [2] preg_match(): Unknown modifier 'f' E:\www\www\main\Library\Think\Route.class.php 第 58 行.
NOTIC: [2] preg_match(): Unknown modifier 'f' E:\www\www\main\Library\Think\Route.class.php 第 58 行.
INFO: [ app_begin ] --START--
INFO: Run Behavior\ReadHtmlCacheBehavior [ RunTime:0.000977s ]
INFO: [ app_begin ] --END-- [ RunTime:0.000977s ]

[ 2017-10-05T10:43:29+08:00 ] 223.96.67.159 /User/Index/QQLogin
INFO: [ app_init ] --START--
INFO: Run Behavior\BuildLiteBehavior [ RunTime:0.000000s ]
INFO: [ app_init ] --END-- [ RunTime:0.000977s ]
NOTIC: [2] preg_match(): Unknown modifier 'f' E:\www\www\main\Library\Think\Route.class.php 第 58 行.
NOTIC: [2] preg_match(): Unknown modifier 'f' E:\www\www\main\Library\Think\Route.class.php 第 58 行.
INFO: [ app_begin ] --START--
INFO: Run Behavior\ReadHtmlCacheBehavior [ RunTime:0.000976s ]
INFO: [ app_begin ] --END-- [ RunTime:0.000976s ]

[ 2017-10-05T10:43:29+08:00 ] 223.96.67.159 /User/Index/QQLogin
INFO: [ app_init ] --START--
INFO: Run Behavior\BuildLiteBehavior [ RunTime:0.000000s ]
INFO: [ app_init ] --END-- [ RunTime:0.000977s ]
NOTIC: [2] preg_match(): Unknown modifier 'f' E:\www\www\main\Library\Think\Route.class.php 第 58 行.
NOTIC: [2] preg_match(): Unknown modifier 'f' E:\www\www\main\Library\Think\Route.class.php 第 58 行.
INFO: [ app_begin ] --START--
INFO: Run Behavior\ReadHtmlCacheBehavior [ RunTime:0.000976s ]
INFO: [ app_begin ] --END-- [ RunTime:0.000976s ]

[ 2017-10-05T10:43:29+08:00 ] 223.96.67.159 /User/Index/QQLogin
INFO: [ app_init ] --START--
INFO: Run Behavior\BuildLiteBehavior [ RunTime:0.000000s ]
INFO: [ app_init ] --END-- [ RunTime:0.000977s ]
NOTIC: [2] preg_match(): Unknown modifier 'f' E:\www\www\main\Library\Think\Route.class.php 第 58 行.
NOTIC: [2] preg_match(): Unknown modifier 'f' E:\www\www\main\Library\Think\Route.class.php 第 58 行.
INFO: [ app_begin ] --START--
INFO: Run Behavior\ReadHtmlCacheBehavior [ RunTime:0.000000s ]
INFO: [ app_begin ] --END-- [ RunTime:0.000000s ]

[ 2017-10-05T10:43:30+08:00 ] 223.96.67.159 /User/Index/QQLogin
INFO: [ app_init ] --START--
INFO: Run Behavior\BuildLiteBehavior [ RunTime:0.000000s ]
INFO: [ app_init ] --END-- [ RunTime:0.000000s ]
NOTIC: [2] preg_match(): Unknown modifier 'f' E:\www\www\main\Library\Think\Route.class.php 第 58 行.
NOTIC: [2] preg_match(): Unknown modifier 'f' E:\www\www\main\Library\Think\Route.class.php 第 58 行.
INFO: [ app_begin ] --START--
INFO: Run Behavior\ReadHtmlCacheBehavior [ RunTime:0.000976s ]
INFO: [ app_begin ] --END-- [ RunTime:0.000976s ]

[ 2017-10-05T10:43:30+08:00 ] 223.96.67.159 /User/Index/QQLogin
INFO: [ app_init ] --START--
INFO: Run Behavior\BuildLiteBehavior [ RunTime:0.000000s ]
INFO: [ app_init ] --END-- [ RunTime:0.000000s ]
NOTIC: [2] preg_match(): Unknown modifier 'f' E:\www\www\main\Library\Think\Route.class.php 第 58 行.
NOTIC: [2] preg_match(): Unknown modifier 'f' E:\www\www\main\Library\Think\Route.class.php 第 58 行.
INFO: [ app_begin ] --START--
INFO: Run Behavior\ReadHtmlCacheBehavior [ RunTime:0.000977s ]
INFO: [ app_begin ] --END-- [ RunTime:0.000977s ]

[ 2017-10-05T10:43:30+08:00 ] 223.96.67.159 /User/Index/QQLogin
INFO: [ app_init ] --START--
INFO: Run Behavior\BuildLiteBehavior [ RunTime:0.000000s ]
INFO: [ app_init ] --END-- [ RunTime:0.000977s ]
NOTIC: [2] preg_match(): Unknown modifier 'f' E:\www\www\main\Library\Think\Route.class.php 第 58 行.
NOTIC: [2] preg_match(): Unknown modifier 'f' E:\www\www\main\Library\Think\Route.class.php 第 58 行.
INFO: [ app_begin ] --START--
INFO: Run Behavior\ReadHtmlCacheBehavior [ RunTime:0.000976s ]
INFO: [ app_begin ] --END-- [ RunTime:0.000976s ]

[ 2017-10-05T10:43:31+08:00 ] 223.96.67.159 /User/Index/QQLogin
INFO: [ app_init ] --START--
INFO: Run Behavior\BuildLiteBehavior [ RunTime:0.000977s ]
INFO: [ app_init ] --END-- [ RunTime:0.000977s ]
NOTIC: [2] preg_match(): Unknown modifier 'f' E:\www\www\main\Library\Think\Route.class.php 第 58 行.
NOTIC: [2] preg_match(): Unknown modifier 'f' E:\www\www\main\Library\Think\Route.class.php 第 58 行.
INFO: [ app_begin ] --START--
INFO: Run Behavior\ReadHtmlCacheBehavior [ RunTime:0.000976s ]
INFO: [ app_begin ] --END-- [ RunTime:0.000976s ]

[ 2017-10-05T10:43:32+08:00 ] 223.96.67.159 /User/Index/QQLogin
INFO: [ app_init ] --START--
INFO: Run Behavior\BuildLiteBehavior [ RunTime:0.000000s ]
INFO: [ app_init ] --END-- [ RunTime:0.000977s ]
NOTIC: [2] preg_match(): Unknown modifier 'f' E:\www\www\main\Library\Think\Route.class.php 第 58 行.
NOTIC: [2] preg_match(): Unknown modifier 'f' E:\www\www\main\Library\Think\Route.class.php 第 58 行.
INFO: [ app_begin ] --START--
INFO: Run Behavior\ReadHtmlCacheBehavior [ RunTime:0.000976s ]
INFO: [ app_begin ] --END-- [ RunTime:0.000976s ]

[ 2017-10-05T10:43:32+08:00 ] 223.96.67.159 /User/Index/registerIndex.html
INFO: [ app_init ] --START--
INFO: Run Behavior\BuildLiteBehavior [ RunTime:0.000000s ]
INFO: [ app_init ] --END-- [ RunTime:0.000977s ]
NOTIC: [2] preg_match(): Unknown modifier 'f' E:\www\www\main\Library\Think\Route.class.php 第 58 行.
NOTIC: [2] preg_match(): Unknown modifier 'f' E:\www\www\main\Library\Think\Route.class.php 第 58 行.
INFO: [ app_begin ] --START--
INFO: Run Behavior\ReadHtmlCacheBehavior [ RunTime:0.000976s ]
INFO: [ app_begin ] --END-- [ RunTime:0.000976s ]
INFO: [ view_parse ] --START--
INFO: [ template_filter ] --START--
INFO: Run Behavior\ContentReplaceBehavior [ RunTime:0.000000s ]
INFO: [ template_filter ] --END-- [ RunTime:0.000000s ]
NOTIC: [8] Undefined variable: hideLogin E:\www\www\tk\Runtime\Cache\User\0bfefcab45d29247a07357660d645fe5.php 第 30 行.
INFO: Run Behavior\ParseTemplateBehavior [ RunTime:0.009765s ]
INFO: [ view_parse ] --END-- [ RunTime:0.009765s ]
INFO: [ view_filter ] --START--
INFO: Run Behavior\WriteHtmlCacheBehavior [ RunTime:0.000000s ]
INFO: Run Behavior\TokenBuildBehavior [ RunTime:0.000976s ]
INFO: [ view_filter ] --END-- [ RunTime:0.000976s ]
INFO: [ app_end ] --START--
INFO: Run Behavior\ShowPageTraceBehavior [ RunTime:0.000977s ]
INFO: [ app_end ] --END-- [ RunTime:0.000977s ]

[ 2017-10-05T10:43:49+08:00 ] 223.96.67.159 /User/Index/getServiceTerm.html
INFO: [ app_init ] --START--
INFO: Run Behavior\BuildLiteBehavior [ RunTime:0.000000s ]
INFO: [ app_init ] --END-- [ RunTime:0.000000s ]
NOTIC: [2] preg_match(): Unknown modifier 'f' E:\www\www\main\Library\Think\Route.class.php 第 58 行.
NOTIC: [2] preg_match(): Unknown modifier 'f' E:\www\www\main\Library\Think\Route.class.php 第 58 行.
INFO: [ app_begin ] --START--
INFO: Run Behavior\ReadHtmlCacheBehavior [ RunTime:0.000000s ]
INFO: [ app_begin ] --END-- [ RunTime:0.000000s ]
INFO: [ view_parse ] --START--
INFO: [ template_filter ] --START--
INFO: Run Behavior\ContentReplaceBehavior [ RunTime:0.000000s ]
INFO: [ template_filter ] --END-- [ RunTime:0.000000s ]
INFO: Run Behavior\ParseTemplateBehavior [ RunTime:0.010741s ]
INFO: [ view_parse ] --END-- [ RunTime:0.010741s ]
INFO: [ view_filter ] --START--
INFO: Run Behavior\WriteHtmlCacheBehavior [ RunTime:0.000000s ]
INFO: Run Behavior\TokenBuildBehavior [ RunTime:0.001953s ]
INFO: [ view_filter ] --END-- [ RunTime:0.001953s ]

[ 2017-10-05T10:43:54+08:00 ] 223.96.67.159 /User/Index/passport/url/Aat%252FMyHomework%252Findex.html%253Fsession%253DEEA9818B682D410AB89B0769F5AF01A%2526device%253DandroidPadCKL.html
INFO: [ app_init ] --START--
INFO: Run Behavior\BuildLiteBehavior [ RunTime:0.000000s ]
INFO: [ app_init ] --END-- [ RunTime:0.000977s ]
NOTIC: [2] preg_match(): Unknown modifier 'f' E:\www\www\main\Library\Think\Route.class.php 第 58 行.
NOTIC: [2] preg_match(): Unknown modifier 'f' E:\www\www\main\Library\Think\Route.class.php 第 58 行.
INFO: [ app_begin ] --START--
INFO: Run Behavior\ReadHtmlCacheBehavior [ RunTime:0.000976s ]
INFO: [ app_begin ] --END-- [ RunTime:0.000976s ]
INFO: [ view_parse ] --START--
INFO: [ template_filter ] --START--
INFO: Run Behavior\ContentReplaceBehavior [ RunTime:0.000000s ]
INFO: [ template_filter ] --END-- [ RunTime:0.000000s ]
INFO: Run Behavior\ParseTemplateBehavior [ RunTime:0.009765s ]
INFO: [ view_parse ] --END-- [ RunTime:0.009765s ]
INFO: [ view_filter ] --START--
INFO: Run Behavior\WriteHtmlCacheBehavior [ RunTime:0.000000s ]
INFO: Run Behavior\TokenBuildBehavior [ RunTime:0.000977s ]
INFO: [ view_filter ] --END-- [ RunTime:0.000977s ]
INFO: [ app_end ] --START--
INFO: Run Behavior\ShowPageTraceBehavior [ RunTime:0.000976s ]
INFO: [ app_end ] --END-- [ RunTime:0.000976s ]

[ 2017-10-05T10:43:58+08:00 ] 223.96.67.159 /User/Index/QQLogin
INFO: [ app_init ] --START--
INFO: Run Behavior\BuildLiteBehavior [ RunTime:0.000000s ]
INFO: [ app_init ] --END-- [ RunTime:0.000976s ]
NOTIC: [2] preg_match(): Unknown modifier 'f' E:\www\www\main\Library\Think\Route.class.php 第 58 行.
NOTIC: [2] preg_match(): Unknown modifier 'f' E:\www\www\main\Library\Think\Route.class.php 第 58 行.
INFO: [ app_begin ] --START--
INFO: Run Behavior\ReadHtmlCacheBehavior [ RunTime:0.000977s ]
INFO: [ app_begin ] --END-- [ RunTime:0.000977s ]

[ 2017-10-05T10:43:59+08:00 ] 223.96.67.159 /User/Index/QQLogin
INFO: [ app_init ] --START--
INFO: Run Behavior\BuildLiteBehavior [ RunTime:0.000000s ]
INFO: [ app_init ] --END-- [ RunTime:0.000000s ]
NOTIC: [2] preg_match(): Unknown modifier 'f' E:\www\www\main\Library\Think\Route.class.php 第 58 行.
NOTIC: [2] preg_match(): Unknown modifier 'f' E:\www\www\main\Library\Think\Route.class.php 第 58 行.
INFO: [ app_begin ] --START--
INFO: Run Behavior\ReadHtmlCacheBehavior [ RunTime:0.000000s ]
INFO: [ app_begin ] --END-- [ RunTime:0.000000s ]

[ 2017-10-05T10:43:59+08:00 ] 223.96.67.159 /User/Index/QQLogin
INFO: [ app_init ] --START--
INFO: Run Behavior\BuildLiteBehavior [ RunTime:0.000000s ]
INFO: [ app_init ] --END-- [ RunTime:0.000977s ]
NOTIC: [2] preg_match(): Unknown modifier 'f' E:\www\www\main\Library\Think\Route.class.php 第 58 行.
NOTIC: [2] preg_match(): Unknown modifier 'f' E:\www\www\main\Library\Think\Route.class.php 第 58 行.
INFO: [ app_begin ] --START--
INFO: Run Behavior\ReadHtmlCacheBehavior [ RunTime:0.000976s ]
INFO: [ app_begin ] --END-- [ RunTime:0.000976s ]

[ 2017-10-05T10:43:59+08:00 ] 223.96.67.159 /User/Index/QQLogin
INFO: [ app_init ] --START--
INFO: Run Behavior\BuildLiteBehavior [ RunTime:0.000000s ]
INFO: [ app_init ] --END-- [ RunTime:0.000000s ]
NOTIC: [2] preg_match(): Unknown modifier 'f' E:\www\www\main\Library\Think\Route.class.php 第 58 行.
NOTIC: [2] preg_match(): Unknown modifier 'f' E:\www\www\main\Library\Think\Route.class.php 第 58 行.
INFO: [ app_begin ] --START--
INFO: Run Behavior\ReadHtmlCacheBehavior [ RunTime:0.000976s ]
INFO: [ app_begin ] --END-- [ RunTime:0.000976s ]

[ 2017-10-05T10:44:04+08:00 ] 223.96.67.159 /User/Index/getPassword.html
INFO: [ app_init ] --START--
INFO: Run Behavior\BuildLiteBehavior [ RunTime:0.000000s ]
INFO: [ app_init ] --END-- [ RunTime:0.000000s ]
NOTIC: [2] preg_match(): Unknown modifier 'f' E:\www\www\main\Library\Think\Route.class.php 第 58 行.
NOTIC: [2] preg_match(): Unknown modifier 'f' E:\www\www\main\Library\Think\Route.class.php 第 58 行.
INFO: [ app_begin ] --START--
INFO: Run Behavior\ReadHtmlCacheBehavior [ RunTime:0.000000s ]
INFO: [ app_begin ] --END-- [ RunTime:0.000000s ]
INFO: [ view_parse ] --START--
INFO: [ template_filter ] --START--
INFO: Run Behavior\ContentReplaceBehavior [ RunTime:0.000000s ]
INFO: [ template_filter ] --END-- [ RunTime:0.000000s ]
NOTIC: [8] Undefined variable: hideLogin E:\www\www\tk\Runtime\Cache\User\66fb9085f0ab47f85968d69c7c74902b.php 第 26 行.
INFO: Run Behavior\ParseTemplateBehavior [ RunTime:0.010741s ]
INFO: [ view_parse ] --END-- [ RunTime:0.010741s ]
INFO: [ view_filter ] --START--
INFO: Run Behavior\WriteHtmlCacheBehavior [ RunTime:0.000000s ]
INFO: Run Behavior\TokenBuildBehavior [ RunTime:0.000977s ]
INFO: [ view_filter ] --END-- [ RunTime:0.000977s ]
INFO: [ app_end ] --START--
INFO: Run Behavior\ShowPageTraceBehavior [ RunTime:0.000976s ]
INFO: [ app_end ] --END-- [ RunTime:0.000976s ]

[ 2017-10-05T10:44:12+08:00 ] 223.96.67.159 /User/Index/passport/url/Aat%252FMyExercise%252Findex.html%253Fsession%253DEEA9818B682D410AB89B0769F5AF01A%2526device%253DandroidPadCKL.html
INFO: [ app_init ] --START--
INFO: Run Behavior\BuildLiteBehavior [ RunTime:0.000000s ]
INFO: [ app_init ] --END-- [ RunTime:0.000976s ]
NOTIC: [2] preg_match(): Unknown modifier 'f' E:\www\www\main\Library\Think\Route.class.php 第 58 行.
NOTIC: [2] preg_match(): Unknown modifier 'f' E:\www\www\main\Library\Think\Route.class.php 第 58 行.
INFO: [ app_begin ] --START--
INFO: Run Behavior\ReadHtmlCacheBehavior [ RunTime:0.000977s ]
INFO: [ app_begin ] --END-- [ RunTime:0.000977s ]
INFO: [ view_parse ] --START--
INFO: [ template_filter ] --START--
INFO: Run Behavior\ContentReplaceBehavior [ RunTime:0.000000s ]
INFO: [ template_filter ] --END-- [ RunTime:0.000000s ]
INFO: Run Behavior\ParseTemplateBehavior [ RunTime:0.008789s ]
INFO: [ view_parse ] --END-- [ RunTime:0.008789s ]
INFO: [ view_filter ] --START--
INFO: Run Behavior\WriteHtmlCacheBehavior [ RunTime:0.000000s ]
INFO: Run Behavior\TokenBuildBehavior [ RunTime:0.000976s ]
INFO: [ view_filter ] --END-- [ RunTime:0.000976s ]
INFO: [ app_end ] --START--
INFO: Run Behavior\ShowPageTraceBehavior [ RunTime:0.000000s ]
INFO: [ app_end ] --END-- [ RunTime:0.000000s ]

[ 2017-10-05T13:09:42+08:00 ] 123.169.100.61 /User/Index/passport/url/Aat%252FMyExercise%252Findex.html%253Fsession%253D5E1C8D57445A59E48E2B7E36D678%2526device%253DandroidPadCKL.html
INFO: [ app_init ] --START--
INFO: Run Behavior\BuildLiteBehavior [ RunTime:0.000000s ]
INFO: [ app_init ] --END-- [ RunTime:0.000977s ]
NOTIC: [2] preg_match(): Unknown modifier 'f' E:\www\www\main\Library\Think\Route.class.php 第 58 行.
NOTIC: [2] preg_match(): Unknown modifier 'f' E:\www\www\main\Library\Think\Route.class.php 第 58 行.
INFO: [ app_begin ] --START--
INFO: Run Behavior\ReadHtmlCacheBehavior [ RunTime:0.000977s ]
INFO: [ app_begin ] --END-- [ RunTime:0.000977s ]
INFO: [ view_parse ] --START--
INFO: [ template_filter ] --START--
INFO: Run Behavior\ContentReplaceBehavior [ RunTime:0.000000s ]
INFO: [ template_filter ] --END-- [ RunTime:0.000000s ]
INFO: Run Behavior\ParseTemplateBehavior [ RunTime:0.008790s ]
INFO: [ view_parse ] --END-- [ RunTime:0.008790s ]
INFO: [ view_filter ] --START--
INFO: Run Behavior\WriteHtmlCacheBehavior [ RunTime:0.000000s ]
INFO: Run Behavior\TokenBuildBehavior [ RunTime:0.000977s ]
INFO: [ view_filter ] --END-- [ RunTime:0.000977s ]
INFO: [ app_end ] --START--
INFO: Run Behavior\ShowPageTraceBehavior [ RunTime:0.000976s ]
INFO: [ app_end ] --END-- [ RunTime:0.000976s ]

[ 2017-10-05T13:09:47+08:00 ] 123.169.100.61 /User/Index/passport/url/Aat%252FMyExercise%252Findex.html%253Fsession%253D5E1C8D57445A59E48E2B7E36D678%2526device%253DandroidPadCKL.html
INFO: [ app_init ] --START--
INFO: Run Behavior\BuildLiteBehavior [ RunTime:0.000000s ]
INFO: [ app_init ] --END-- [ RunTime:0.000977s ]
NOTIC: [2] preg_match(): Unknown modifier 'f' E:\www\www\main\Library\Think\Route.class.php 第 58 行.
NOTIC: [2] preg_match(): Unknown modifier 'f' E:\www\www\main\Library\Think\Route.class.php 第 58 行.
INFO: [ app_begin ] --START--
INFO: Run Behavior\ReadHtmlCacheBehavior [ RunTime:0.000977s ]
INFO: [ app_begin ] --END-- [ RunTime:0.000977s ]
INFO: [ view_parse ] --START--
INFO: [ template_filter ] --START--
INFO: Run Behavior\ContentReplaceBehavior [ RunTime:0.000000s ]
INFO: [ template_filter ] --END-- [ RunTime:0.000000s ]
INFO: Run Behavior\ParseTemplateBehavior [ RunTime:0.008791s ]
INFO: [ view_parse ] --END-- [ RunTime:0.008791s ]
INFO: [ view_filter ] --START--
INFO: Run Behavior\WriteHtmlCacheBehavior [ RunTime:0.000000s ]
INFO: Run Behavior\TokenBuildBehavior [ RunTime:0.000976s ]
INFO: [ view_filter ] --END-- [ RunTime:0.000976s ]
INFO: [ app_end ] --START--
INFO: Run Behavior\ShowPageTraceBehavior [ RunTime:0.000000s ]
INFO: [ app_end ] --END-- [ RunTime:0.000977s ]

[ 2017-10-05T13:10:08+08:00 ] 123.169.100.61 /User/Index/ForClassCalllogin?access_token=c566bc3ead8f4559b02b228686c7499C492EACA&expire_in=3600&state=
INFO: [ app_init ] --START--
INFO: Run Behavior\BuildLiteBehavior [ RunTime:0.000000s ]
INFO: [ app_init ] --END-- [ RunTime:0.000000s ]
NOTIC: [2] preg_match(): Unknown modifier 'f' E:\www\www\main\Library\Think\Route.class.php 第 58 行.
NOTIC: [2] preg_match(): Unknown modifier 'f' E:\www\www\main\Library\Think\Route.class.php 第 58 行.
INFO: [ app_begin ] --START--
INFO: Run Behavior\ReadHtmlCacheBehavior [ RunTime:0.000000s ]
INFO: [ app_begin ] --END-- [ RunTime:0.000000s ]
NOTIC: [8] Undefined index: UserForclass E:\www\www\tk\Common\Common\function.php 第 475 行.
NOTIC: [8] Undefined offset: 1 E:\www\www\tk\Common\Controller\CommonController.class.php 第 156 行.
NOTIC: [8] Undefined index: return E:\www\www\tk\Common\Controller\SystemLayerController.class.php 第 395 行.
NOTIC: [2] Missing argument 4 for Common\Controller\SystemLayerController::showSuccessMsg(), called in E:\www\www\tk\Common\Controller\SystemLayerController.class.php on line 401 and defined E:\www\www\tk\Common\Controller\SystemLayerController.class.php 第 231 行.
NOTIC: [8] Undefined variable: displayContent E:\www\www\tk\Common\Controller\SystemLayerController.class.php 第 249 行.
INFO: [ view_parse ] --START--
INFO: [ template_filter ] --START--
INFO: Run Behavior\ContentReplaceBehavior [ RunTime:0.000000s ]
INFO: [ template_filter ] --END-- [ RunTime:0.000000s ]
NOTIC: [8] Undefined variable: hideLogin E:\www\www\tk\Runtime\Cache\User\ccf640ac2c0ff10bdb702d6acab52f97.php 第 24 行.
NOTIC: [8] Undefined variable: title E:\www\www\tk\Runtime\Cache\User\ccf640ac2c0ff10bdb702d6acab52f97.php 第 43 行.
INFO: Run Behavior\ParseTemplateBehavior [ RunTime:0.011721s ]
INFO: [ view_parse ] --END-- [ RunTime:0.011721s ]
INFO: [ view_filter ] --START--
INFO: Run Behavior\WriteHtmlCacheBehavior [ RunTime:0.000000s ]
INFO: Run Behavior\TokenBuildBehavior [ RunTime:0.001953s ]
INFO: [ view_filter ] --END-- [ RunTime:0.001953s ]

[ 2017-10-05T13:28:44+08:00 ] 223.96.79.223 /User/Index/passport/url/Aat%253Fsession%253D82732DA3323945388762A6CB3DD61FA%2526device%253DandroidPadCKL.html
INFO: [ app_init ] --START--
INFO: Run Behavior\BuildLiteBehavior [ RunTime:0.000000s ]
INFO: [ app_init ] --END-- [ RunTime:0.000000s ]
NOTIC: [2] preg_match(): Unknown modifier 'f' E:\www\www\main\Library\Think\Route.class.php 第 58 行.
NOTIC: [2] preg_match(): Unknown modifier 'f' E:\www\www\main\Library\Think\Route.class.php 第 58 行.
INFO: [ app_begin ] --START--
INFO: Run Behavior\ReadHtmlCacheBehavior [ RunTime:0.000977s ]
INFO: [ app_begin ] --END-- [ RunTime:0.000977s ]
INFO: [ view_parse ] --START--
INFO: [ template_filter ] --START--
INFO: Run Behavior\ContentReplaceBehavior [ RunTime:0.000000s ]
INFO: [ template_filter ] --END-- [ RunTime:0.000000s ]
INFO: Run Behavior\ParseTemplateBehavior [ RunTime:0.008790s ]
INFO: [ view_parse ] --END-- [ RunTime:0.008790s ]
INFO: [ view_filter ] --START--
INFO: Run Behavior\WriteHtmlCacheBehavior [ RunTime:0.000000s ]
INFO: Run Behavior\TokenBuildBehavior [ RunTime:0.000976s ]
INFO: [ view_filter ] --END-- [ RunTime:0.000976s ]
INFO: [ app_end ] --START--
INFO: Run Behavior\ShowPageTraceBehavior [ RunTime:0.000977s ]
INFO: [ app_end ] --END-- [ RunTime:0.000977s ]

[ 2017-10-05T14:01:31+08:00 ] 223.96.68.246 /User/Index/passport/url/Aat%252FMyHomework%252Findex.html%253Fsession%253DC3F08C85E324516B9CBF738FA51853%2526device%253DandroidPadCKL.html
INFO: [ app_init ] --START--
INFO: Run Behavior\BuildLiteBehavior [ RunTime:0.000000s ]
INFO: [ app_init ] --END-- [ RunTime:0.000000s ]
NOTIC: [2] preg_match(): Unknown modifier 'f' E:\www\www\main\Library\Think\Route.class.php 第 58 行.
NOTIC: [2] preg_match(): Unknown modifier 'f' E:\www\www\main\Library\Think\Route.class.php 第 58 行.
INFO: [ app_begin ] --START--
INFO: Run Behavior\ReadHtmlCacheBehavior [ RunTime:0.000000s ]
INFO: [ app_begin ] --END-- [ RunTime:0.000000s ]
INFO: [ view_parse ] --START--
INFO: [ template_filter ] --START--
INFO: Run Behavior\ContentReplaceBehavior [ RunTime:0.000000s ]
INFO: [ template_filter ] --END-- [ RunTime:0.000000s ]
INFO: Run Behavior\ParseTemplateBehavior [ RunTime:0.008790s ]
INFO: [ view_parse ] --END-- [ RunTime:0.008790s ]
INFO: [ view_filter ] --START--
INFO: Run Behavior\WriteHtmlCacheBehavior [ RunTime:0.000976s ]
INFO: Run Behavior\TokenBuildBehavior [ RunTime:0.000000s ]
INFO: [ view_filter ] --END-- [ RunTime:0.001953s ]
INFO: [ app_end ] --START--
INFO: Run Behavior\ShowPageTraceBehavior [ RunTime:0.000000s ]
INFO: [ app_end ] --END-- [ RunTime:0.000000s ]

[ 2017-10-05T14:05:42+08:00 ] 223.96.68.246 /User/Index/passport/url/Aat%252FMyHomework%252Findex.html%253Fsession%253DC3F08C85E324516B9CBF738FA51853%2526device%253DandroidPadCKL.html
INFO: [ app_init ] --START--
INFO: Run Behavior\BuildLiteBehavior [ RunTime:0.000000s ]
INFO: [ app_init ] --END-- [ RunTime:0.000000s ]
NOTIC: [2] preg_match(): Unknown modifier 'f' E:\www\www\main\Library\Think\Route.class.php 第 58 行.
NOTIC: [2] preg_match(): Unknown modifier 'f' E:\www\www\main\Library\Think\Route.class.php 第 58 行.
INFO: [ app_begin ] --START--
INFO: Run Behavior\ReadHtmlCacheBehavior [ RunTime:0.000976s ]
INFO: [ app_begin ] --END-- [ RunTime:0.000976s ]
INFO: [ view_parse ] --START--
INFO: [ template_filter ] --START--
INFO: Run Behavior\ContentReplaceBehavior [ RunTime:0.000000s ]
INFO: [ template_filter ] --END-- [ RunTime:0.000000s ]
INFO: Run Behavior\ParseTemplateBehavior [ RunTime:0.009766s ]
INFO: [ view_parse ] --END-- [ RunTime:0.009766s ]
INFO: [ view_filter ] --START--
INFO: Run Behavior\WriteHtmlCacheBehavior [ RunTime:0.000000s ]
INFO: Run Behavior\TokenBuildBehavior [ RunTime:0.001953s ]
INFO: [ view_filter ] --END-- [ RunTime:0.001953s ]
INFO: [ app_end ] --START--
INFO: Run Behavior\ShowPageTraceBehavior [ RunTime:0.000977s ]
INFO: [ app_end ] --END-- [ RunTime:0.000977s ]

[ 2017-10-05T14:05:58+08:00 ] 223.96.68.246 /User/Index/passportLogin
INFO: [ app_init ] --START--
INFO: Run Behavior\BuildLiteBehavior [ RunTime:0.000000s ]
INFO: [ app_init ] --END-- [ RunTime:0.000000s ]
NOTIC: [2] preg_match(): Unknown modifier 'f' E:\www\www\main\Library\Think\Route.class.php 第 58 行.
NOTIC: [2] preg_match(): Unknown modifier 'f' E:\www\www\main\Library\Think\Route.class.php 第 58 行.
INFO: [ app_begin ] --START--
INFO: Run Behavior\ReadHtmlCacheBehavior [ RunTime:0.000000s ]
INFO: [ app_begin ] --END-- [ RunTime:0.000000s ]

[ 2017-10-05T14:06:25+08:00 ] 223.96.68.246 /User/Index/passportLogin
INFO: [ app_init ] --START--
INFO: Run Behavior\BuildLiteBehavior [ RunTime:0.000000s ]
INFO: [ app_init ] --END-- [ RunTime:0.000000s ]
NOTIC: [2] preg_match(): Unknown modifier 'f' E:\www\www\main\Library\Think\Route.class.php 第 58 行.
NOTIC: [2] preg_match(): Unknown modifier 'f' E:\www\www\main\Library\Think\Route.class.php 第 58 行.
INFO: [ app_begin ] --START--
INFO: Run Behavior\ReadHtmlCacheBehavior [ RunTime:0.000000s ]
INFO: [ app_begin ] --END-- [ RunTime:0.000000s ]

[ 2017-10-05T14:06:26+08:00 ] 223.96.68.246 /User/Index/passportLogin
INFO: [ app_init ] --START--
INFO: Run Behavior\BuildLiteBehavior [ RunTime:0.000000s ]
INFO: [ app_init ] --END-- [ RunTime:0.000977s ]
NOTIC: [2] preg_match(): Unknown modifier 'f' E:\www\www\main\Library\Think\Route.class.php 第 58 行.
NOTIC: [2] preg_match(): Unknown modifier 'f' E:\www\www\main\Library\Think\Route.class.php 第 58 行.
INFO: [ app_begin ] --START--
INFO: Run Behavior\ReadHtmlCacheBehavior [ RunTime:0.000976s ]
INFO: [ app_begin ] --END-- [ RunTime:0.000976s ]

[ 2017-10-05T14:06:42+08:00 ] 223.96.68.246 /User/Index/passportLogin
INFO: [ app_init ] --START--
INFO: Run Behavior\BuildLiteBehavior [ RunTime:0.000000s ]
INFO: [ app_init ] --END-- [ RunTime:0.000000s ]
NOTIC: [2] preg_match(): Unknown modifier 'f' E:\www\www\main\Library\Think\Route.class.php 第 58 行.
NOTIC: [2] preg_match(): Unknown modifier 'f' E:\www\www\main\Library\Think\Route.class.php 第 58 行.
INFO: [ app_begin ] --START--
INFO: Run Behavior\ReadHtmlCacheBehavior [ RunTime:0.000000s ]
INFO: [ app_begin ] --END-- [ RunTime:0.000000s ]

[ 2017-10-05T14:06:50+08:00 ] 223.96.68.246 /User/Index/passportLogin
INFO: [ app_init ] --START--
INFO: Run Behavior\BuildLiteBehavior [ RunTime:0.000000s ]
INFO: [ app_init ] --END-- [ RunTime:0.000977s ]
NOTIC: [2] preg_match(): Unknown modifier 'f' E:\www\www\main\Library\Think\Route.class.php 第 58 行.
NOTIC: [2] preg_match(): Unknown modifier 'f' E:\www\www\main\Library\Think\Route.class.php 第 58 行.
INFO: [ app_begin ] --START--
INFO: Run Behavior\ReadHtmlCacheBehavior [ RunTime:0.000977s ]
INFO: [ app_begin ] --END-- [ RunTime:0.000977s ]

[ 2017-10-05T14:07:05+08:00 ] 223.96.68.246 /User/Index/passportLogin
INFO: [ app_init ] --START--
INFO: Run Behavior\BuildLiteBehavior [ RunTime:0.000000s ]
INFO: [ app_init ] --END-- [ RunTime:0.000976s ]
NOTIC: [2] preg_match(): Unknown modifier 'f' E:\www\www\main\Library\Think\Route.class.php 第 58 行.
NOTIC: [2] preg_match(): Unknown modifier 'f' E:\www\www\main\Library\Think\Route.class.php 第 58 行.
INFO: [ app_begin ] --START--
INFO: Run Behavior\ReadHtmlCacheBehavior [ RunTime:0.000977s ]
INFO: [ app_begin ] --END-- [ RunTime:0.000977s ]

[ 2017-10-05T14:07:10+08:00 ] 223.96.68.246 /User/Index/passportLogin
INFO: [ app_init ] --START--
INFO: Run Behavior\BuildLiteBehavior [ RunTime:0.000000s ]
INFO: [ app_init ] --END-- [ RunTime:0.000977s ]
NOTIC: [2] preg_match(): Unknown modifier 'f' E:\www\www\main\Library\Think\Route.class.php 第 58 行.
NOTIC: [2] preg_match(): Unknown modifier 'f' E:\www\www\main\Library\Think\Route.class.php 第 58 行.
INFO: [ app_begin ] --START--
INFO: Run Behavior\ReadHtmlCacheBehavior [ RunTime:0.000977s ]
INFO: [ app_begin ] --END-- [ RunTime:0.000977s ]

[ 2017-10-05T14:07:16+08:00 ] 223.96.68.246 /User/Index/passportLogin
INFO: [ app_init ] --START--
INFO: Run Behavior\BuildLiteBehavior [ RunTime:0.000000s ]
INFO: [ app_init ] --END-- [ RunTime:0.000976s ]
NOTIC: [2] preg_match(): Unknown modifier 'f' E:\www\www\main\Library\Think\Route.class.php 第 58 行.
NOTIC: [2] preg_match(): Unknown modifier 'f' E:\www\www\main\Library\Think\Route.class.php 第 58 行.
INFO: [ app_begin ] --START--
INFO: Run Behavior\ReadHtmlCacheBehavior [ RunTime:0.000976s ]
INFO: [ app_begin ] --END-- [ RunTime:0.000976s ]

[ 2017-10-05T14:07:23+08:00 ] 223.96.68.246 /User/Index/QQLogin
INFO: [ app_init ] --START--
INFO: Run Behavior\BuildLiteBehavior [ RunTime:0.000000s ]
INFO: [ app_init ] --END-- [ RunTime:0.000977s ]
NOTIC: [2] preg_match(): Unknown modifier 'f' E:\www\www\main\Library\Think\Route.class.php 第 58 行.
NOTIC: [2] preg_match(): Unknown modifier 'f' E:\www\www\main\Library\Think\Route.class.php 第 58 行.
INFO: [ app_begin ] --START--
INFO: Run Behavior\ReadHtmlCacheBehavior [ RunTime:0.000976s ]
INFO: [ app_begin ] --END-- [ RunTime:0.000976s ]

[ 2017-10-05T14:17:43+08:00 ] 27.212.89.106 /User/Index/passport/url/Aat%253Fsession%253D6D680D3623940FCB98401C95FE9816%2526device%253DandroidPadCKL.html
INFO: [ app_init ] --START--
INFO: Run Behavior\BuildLiteBehavior [ RunTime:0.000000s ]
INFO: [ app_init ] --END-- [ RunTime:0.000000s ]
NOTIC: [2] preg_match(): Unknown modifier 'f' E:\www\www\main\Library\Think\Route.class.php 第 58 行.
NOTIC: [2] preg_match(): Unknown modifier 'f' E:\www\www\main\Library\Think\Route.class.php 第 58 行.
INFO: [ app_begin ] --START--
INFO: Run Behavior\ReadHtmlCacheBehavior [ RunTime:0.000000s ]
INFO: [ app_begin ] --END-- [ RunTime:0.000977s ]
INFO: [ view_parse ] --START--
INFO: [ template_filter ] --START--
INFO: Run Behavior\ContentReplaceBehavior [ RunTime:0.000000s ]
INFO: [ template_filter ] --END-- [ RunTime:0.000000s ]
INFO: Run Behavior\ParseTemplateBehavior [ RunTime:0.008789s ]
INFO: [ view_parse ] --END-- [ RunTime:0.008789s ]
INFO: [ view_filter ] --START--
INFO: Run Behavior\WriteHtmlCacheBehavior [ RunTime:0.000000s ]
INFO: Run Behavior\TokenBuildBehavior [ RunTime:0.000977s ]
INFO: [ view_filter ] --END-- [ RunTime:0.000977s ]
INFO: [ app_end ] --START--
INFO: Run Behavior\ShowPageTraceBehavior [ RunTime:0.000000s ]
INFO: [ app_end ] --END-- [ RunTime:0.000000s ]

[ 2017-10-05T14:56:41+08:00 ] 182.34.199.250 /User/Index/passport/url/Aat%252FPersonalReport%252Findex.html%253Fsession%253D0D0894543F4B2319CF8DB5B56B%2526device%253DandroidPadCKL.html
INFO: [ app_init ] --START--
INFO: Run Behavior\BuildLiteBehavior [ RunTime:0.000000s ]
INFO: [ app_init ] --END-- [ RunTime:0.000976s ]
NOTIC: [2] preg_match(): Unknown modifier 'f' E:\www\www\main\Library\Think\Route.class.php 第 58 行.
NOTIC: [2] preg_match(): Unknown modifier 'f' E:\www\www\main\Library\Think\Route.class.php 第 58 行.
INFO: [ app_begin ] --START--
INFO: Run Behavior\ReadHtmlCacheBehavior [ RunTime:0.000977s ]
INFO: [ app_begin ] --END-- [ RunTime:0.000977s ]
INFO: [ view_parse ] --START--
INFO: [ template_filter ] --START--
INFO: Run Behavior\ContentReplaceBehavior [ RunTime:0.000000s ]
INFO: [ template_filter ] --END-- [ RunTime:0.000000s ]
INFO: Run Behavior\ParseTemplateBehavior [ RunTime:0.008789s ]
INFO: [ view_parse ] --END-- [ RunTime:0.008789s ]
INFO: [ view_filter ] --START--
INFO: Run Behavior\WriteHtmlCacheBehavior [ RunTime:0.000977s ]
INFO: Run Behavior\TokenBuildBehavior [ RunTime:0.000976s ]
INFO: [ view_filter ] --END-- [ RunTime:0.001953s ]
INFO: [ app_end ] --START--
INFO: Run Behavior\ShowPageTraceBehavior [ RunTime:0.000977s ]
INFO: [ app_end ] --END-- [ RunTime:0.000977s ]

[ 2017-10-05T16:02:26+08:00 ] 182.34.199.250 /User/Index/passport/url/Aat%252FPersonalReport%252Findex.html%253Fsession%253D0D0894543F4B2319CF8DB5B56B%2526device%253DandroidPadCKL.html
INFO: [ app_init ] --START--
INFO: Run Behavior\BuildLiteBehavior [ RunTime:0.000000s ]
INFO: [ app_init ] --END-- [ RunTime:0.000977s ]
NOTIC: [2] preg_match(): Unknown modifier 'f' E:\www\www\main\Library\Think\Route.class.php 第 58 行.
NOTIC: [2] preg_match(): Unknown modifier 'f' E:\www\www\main\Library\Think\Route.class.php 第 58 行.
INFO: [ app_begin ] --START--
INFO: Run Behavior\ReadHtmlCacheBehavior [ RunTime:0.000000s ]
INFO: [ app_begin ] --END-- [ RunTime:0.000000s ]
INFO: [ view_parse ] --START--
INFO: [ template_filter ] --START--
INFO: Run Behavior\ContentReplaceBehavior [ RunTime:0.000000s ]
INFO: [ template_filter ] --END-- [ RunTime:0.000000s ]
INFO: Run Behavior\ParseTemplateBehavior [ RunTime:0.008789s ]
INFO: [ view_parse ] --END-- [ RunTime:0.008789s ]
INFO: [ view_filter ] --START--
INFO: Run Behavior\WriteHtmlCacheBehavior [ RunTime:0.000000s ]
INFO: Run Behavior\TokenBuildBehavior [ RunTime:0.000977s ]
INFO: [ view_filter ] --END-- [ RunTime:0.000977s ]
INFO: [ app_end ] --START--
INFO: Run Behavior\ShowPageTraceBehavior [ RunTime:0.000000s ]
INFO: [ app_end ] --END-- [ RunTime:0.000976s ]

[ 2017-10-05T16:28:06+08:00 ] 27.195.105.2 /User/Index/passport/url/Aat%252FMyHomework%252Findex.html%253Fsession%253DA3DD8C5FCE294C188F2D77249647E5B%2526device%253DandroidPadCKL.html
INFO: [ app_init ] --START--
INFO: Run Behavior\BuildLiteBehavior [ RunTime:0.000000s ]
INFO: [ app_init ] --END-- [ RunTime:0.000977s ]
NOTIC: [2] preg_match(): Unknown modifier 'f' E:\www\www\main\Library\Think\Route.class.php 第 58 行.
NOTIC: [2] preg_match(): Unknown modifier 'f' E:\www\www\main\Library\Think\Route.class.php 第 58 行.
INFO: [ app_begin ] --START--
INFO: Run Behavior\ReadHtmlCacheBehavior [ RunTime:0.000000s ]
INFO: [ app_begin ] --END-- [ RunTime:0.000000s ]
INFO: [ view_parse ] --START--
INFO: [ template_filter ] --START--
INFO: Run Behavior\ContentReplaceBehavior [ RunTime:0.000000s ]
INFO: [ template_filter ] --END-- [ RunTime:0.000000s ]
INFO: Run Behavior\ParseTemplateBehavior [ RunTime:0.008789s ]
INFO: [ view_parse ] --END-- [ RunTime:0.008789s ]
INFO: [ view_filter ] --START--
INFO: Run Behavior\WriteHtmlCacheBehavior [ RunTime:0.000977s ]
INFO: Run Behavior\TokenBuildBehavior [ RunTime:0.000977s ]
INFO: [ view_filter ] --END-- [ RunTime:0.001954s ]
INFO: [ app_end ] --START--
INFO: Run Behavior\ShowPageTraceBehavior [ RunTime:0.000976s ]
INFO: [ app_end ] --END-- [ RunTime:0.000976s ]

[ 2017-10-05T16:45:40+08:00 ] 61.179.66.75 /User/Index/passport/url/Aat%253Fsession%253D6320644D900C4B63BBAEEF5843AE717%2526device%253DandroidPadCKL.html
INFO: [ app_init ] --START--
INFO: Run Behavior\BuildLiteBehavior [ RunTime:0.000000s ]
INFO: [ app_init ] --END-- [ RunTime:0.000000s ]
NOTIC: [2] preg_match(): Unknown modifier 'f' E:\www\www\main\Library\Think\Route.class.php 第 58 行.
NOTIC: [2] preg_match(): Unknown modifier 'f' E:\www\www\main\Library\Think\Route.class.php 第 58 行.
INFO: [ app_begin ] --START--
INFO: Run Behavior\ReadHtmlCacheBehavior [ RunTime:0.000976s ]
INFO: [ app_begin ] --END-- [ RunTime:0.000976s ]
INFO: [ view_parse ] --START--
INFO: [ template_filter ] --START--
INFO: Run Behavior\ContentReplaceBehavior [ RunTime:0.000000s ]
INFO: [ template_filter ] --END-- [ RunTime:0.000000s ]
INFO: Run Behavior\ParseTemplateBehavior [ RunTime:0.008789s ]
INFO: [ view_parse ] --END-- [ RunTime:0.008789s ]
INFO: [ view_filter ] --START--
INFO: Run Behavior\WriteHtmlCacheBehavior [ RunTime:0.000000s ]
INFO: Run Behavior\TokenBuildBehavior [ RunTime:0.000977s ]
INFO: [ view_filter ] --END-- [ RunTime:0.000977s ]
INFO: [ app_end ] --START--
INFO: Run Behavior\ShowPageTraceBehavior [ RunTime:0.000000s ]
INFO: [ app_end ] --END-- [ RunTime:0.000000s ]

[ 2017-10-05T18:02:55+08:00 ] 183.47.203.53 /User/Index/passport/url/Aat%252FMyHomework%252Findex.html%253Fsession%253D9A99423718FE484B876A49539AA6426%2526device%253DandroidPadCKL.html
INFO: [ app_init ] --START--
INFO: Run Behavior\BuildLiteBehavior [ RunTime:0.000000s ]
INFO: [ app_init ] --END-- [ RunTime:0.000977s ]
NOTIC: [2] preg_match(): Unknown modifier 'f' E:\www\www\main\Library\Think\Route.class.php 第 58 行.
NOTIC: [2] preg_match(): Unknown modifier 'f' E:\www\www\main\Library\Think\Route.class.php 第 58 行.
INFO: [ app_begin ] --START--
INFO: Run Behavior\ReadHtmlCacheBehavior [ RunTime:0.000976s ]
INFO: [ app_begin ] --END-- [ RunTime:0.000976s ]
INFO: [ view_parse ] --START--
INFO: [ template_filter ] --START--
INFO: Run Behavior\ContentReplaceBehavior [ RunTime:0.000000s ]
INFO: [ template_filter ] --END-- [ RunTime:0.000000s ]
INFO: Run Behavior\ParseTemplateBehavior [ RunTime:0.008789s ]
INFO: [ view_parse ] --END-- [ RunTime:0.008789s ]
INFO: [ view_filter ] --START--
INFO: Run Behavior\WriteHtmlCacheBehavior [ RunTime:0.000000s ]
INFO: Run Behavior\TokenBuildBehavior [ RunTime:0.000000s ]
INFO: [ view_filter ] --END-- [ RunTime:0.000976s ]
INFO: [ app_end ] --START--
INFO: Run Behavior\ShowPageTraceBehavior [ RunTime:0.000000s ]
INFO: [ app_end ] --END-- [ RunTime:0.000000s ]

[ 2017-10-05T18:21:43+08:00 ] 182.34.199.250 /User/Index/passport/url/Aat%252FPersonalReport%252Findex.html%253Fsession%253D0D0894543F4B2319CF8DB5B56B%2526device%253DandroidPadCKL.html
INFO: [ app_init ] --START--
INFO: Run Behavior\BuildLiteBehavior [ RunTime:0.000000s ]
INFO: [ app_init ] --END-- [ RunTime:0.000976s ]
NOTIC: [2] preg_match(): Unknown modifier 'f' E:\www\www\main\Library\Think\Route.class.php 第 58 行.
NOTIC: [2] preg_match(): Unknown modifier 'f' E:\www\www\main\Library\Think\Route.class.php 第 58 行.
INFO: [ app_begin ] --START--
INFO: Run Behavior\ReadHtmlCacheBehavior [ RunTime:0.000000s ]
INFO: [ app_begin ] --END-- [ RunTime:0.000977s ]
INFO: [ view_parse ] --START--
INFO: [ template_filter ] --START--
INFO: Run Behavior\ContentReplaceBehavior [ RunTime:0.000000s ]
INFO: [ template_filter ] --END-- [ RunTime:0.000976s ]
INFO: Run Behavior\ParseTemplateBehavior [ RunTime:0.008789s ]
INFO: [ view_parse ] --END-- [ RunTime:0.008789s ]
INFO: [ view_filter ] --START--
INFO: Run Behavior\WriteHtmlCacheBehavior [ RunTime:0.000000s ]
INFO: Run Behavior\TokenBuildBehavior [ RunTime:0.000976s ]
INFO: [ view_filter ] --END-- [ RunTime:0.000976s ]
INFO: [ app_end ] --START--
INFO: Run Behavior\ShowPageTraceBehavior [ RunTime:0.000977s ]
INFO: [ app_end ] --END-- [ RunTime:0.000977s ]

[ 2017-10-05T18:25:53+08:00 ] 183.47.203.53 /User/Index/passport/url/Aat%252FMyExercise%252Findex.html%253Fsession%253D9A3A15FA08844E2AA25A114C5816BD7%2526device%253DandroidPadCKL.html
INFO: [ app_init ] --START--
INFO: Run Behavior\BuildLiteBehavior [ RunTime:0.000000s ]
INFO: [ app_init ] --END-- [ RunTime:0.000976s ]
NOTIC: [2] preg_match(): Unknown modifier 'f' E:\www\www\main\Library\Think\Route.class.php 第 58 行.
NOTIC: [2] preg_match(): Unknown modifier 'f' E:\www\www\main\Library\Think\Route.class.php 第 58 行.
INFO: [ app_begin ] --START--
INFO: Run Behavior\ReadHtmlCacheBehavior [ RunTime:0.000977s ]
INFO: [ app_begin ] --END-- [ RunTime:0.000977s ]
INFO: [ view_parse ] --START--
INFO: [ template_filter ] --START--
INFO: Run Behavior\ContentReplaceBehavior [ RunTime:0.000000s ]
INFO: [ template_filter ] --END-- [ RunTime:0.000000s ]
INFO: Run Behavior\ParseTemplateBehavior [ RunTime:0.008788s ]
INFO: [ view_parse ] --END-- [ RunTime:0.009765s ]
INFO: [ view_filter ] --START--
INFO: Run Behavior\WriteHtmlCacheBehavior [ RunTime:0.000000s ]
INFO: Run Behavior\TokenBuildBehavior [ RunTime:0.000976s ]
INFO: [ view_filter ] --END-- [ RunTime:0.000976s ]
INFO: [ app_end ] --START--
INFO: Run Behavior\ShowPageTraceBehavior [ RunTime:0.000977s ]
INFO: [ app_end ] --END-- [ RunTime:0.000977s ]

[ 2017-10-05T18:58:32+08:00 ] 112.227.120.95 /User/Index/passport/url/Aat%253Fsession%253D48A7021CC741A18B375AB4B6B3E23%2526device%253DandroidPadCKL.html
INFO: [ app_init ] --START--
INFO: Run Behavior\BuildLiteBehavior [ RunTime:0.000000s ]
INFO: [ app_init ] --END-- [ RunTime:0.000976s ]
NOTIC: [2] preg_match(): Unknown modifier 'f' E:\www\www\main\Library\Think\Route.class.php 第 58 行.
NOTIC: [2] preg_match(): Unknown modifier 'f' E:\www\www\main\Library\Think\Route.class.php 第 58 行.
INFO: [ app_begin ] --START--
INFO: Run Behavior\ReadHtmlCacheBehavior [ RunTime:0.000977s ]
INFO: [ app_begin ] --END-- [ RunTime:0.000977s ]
INFO: [ view_parse ] --START--
INFO: [ template_filter ] --START--
INFO: Run Behavior\ContentReplaceBehavior [ RunTime:0.000000s ]
INFO: [ template_filter ] --END-- [ RunTime:0.000000s ]
INFO: Run Behavior\ParseTemplateBehavior [ RunTime:0.008789s ]
INFO: [ view_parse ] --END-- [ RunTime:0.008789s ]
INFO: [ view_filter ] --START--
INFO: Run Behavior\WriteHtmlCacheBehavior [ RunTime:0.000000s ]
INFO: Run Behavior\TokenBuildBehavior [ RunTime:0.000976s ]
INFO: [ view_filter ] --END-- [ RunTime:0.000976s ]
INFO: [ app_end ] --START--
INFO: Run Behavior\ShowPageTraceBehavior [ RunTime:0.000977s ]
INFO: [ app_end ] --END-- [ RunTime:0.000977s ]

[ 2017-10-05T18:59:55+08:00 ] 207.46.13.123 /User/Index/passport/url/Aat.html
INFO: [ app_init ] --START--
INFO: Run Behavior\BuildLiteBehavior [ RunTime:0.000000s ]
INFO: [ app_init ] --END-- [ RunTime:0.000000s ]
NOTIC: [2] preg_match(): Unknown modifier 'f' E:\www\www\main\Library\Think\Route.class.php 第 58 行.
NOTIC: [2] preg_match(): Unknown modifier 'f' E:\www\www\main\Library\Think\Route.class.php 第 58 行.
INFO: [ app_begin ] --START--
INFO: Run Behavior\ReadHtmlCacheBehavior [ RunTime:0.000976s ]
INFO: [ app_begin ] --END-- [ RunTime:0.000976s ]
INFO: [ view_parse ] --START--
INFO: [ template_filter ] --START--
INFO: Run Behavior\ContentReplaceBehavior [ RunTime:0.000000s ]
INFO: [ template_filter ] --END-- [ RunTime:0.000000s ]
INFO: Run Behavior\ParseTemplateBehavior [ RunTime:0.009765s ]
INFO: [ view_parse ] --END-- [ RunTime:0.009765s ]
INFO: [ view_filter ] --START--
INFO: Run Behavior\WriteHtmlCacheBehavior [ RunTime:0.000000s ]
INFO: Run Behavior\TokenBuildBehavior [ RunTime:0.000976s ]
INFO: [ view_filter ] --END-- [ RunTime:0.000976s ]
INFO: [ app_end ] --START--
INFO: Run Behavior\ShowPageTraceBehavior [ RunTime:0.000977s ]
INFO: [ app_end ] --END-- [ RunTime:0.000977s ]

[ 2017-10-05T19:00:15+08:00 ] 112.227.120.95 /User/Index/passport/url/Aat%253Fsession%253D48A7021CC741A18B375AB4B6B3E23%2526device%253DandroidPadCKL.html
INFO: [ app_init ] --START--
INFO: Run Behavior\BuildLiteBehavior [ RunTime:0.000000s ]
INFO: [ app_init ] --END-- [ RunTime:0.000000s ]
NOTIC: [2] preg_match(): Unknown modifier 'f' E:\www\www\main\Library\Think\Route.class.php 第 58 行.
NOTIC: [2] preg_match(): Unknown modifier 'f' E:\www\www\main\Library\Think\Route.class.php 第 58 行.
INFO: [ app_begin ] --START--
INFO: Run Behavior\ReadHtmlCacheBehavior [ RunTime:0.000976s ]
INFO: [ app_begin ] --END-- [ RunTime:0.000976s ]
INFO: [ view_parse ] --START--
INFO: [ template_filter ] --START--
INFO: Run Behavior\ContentReplaceBehavior [ RunTime:0.000000s ]
INFO: [ template_filter ] --END-- [ RunTime:0.000000s ]
INFO: Run Behavior\ParseTemplateBehavior [ RunTime:0.008788s ]
INFO: [ view_parse ] --END-- [ RunTime:0.008788s ]
INFO: [ view_filter ] --START--
INFO: Run Behavior\WriteHtmlCacheBehavior [ RunTime:0.000000s ]
INFO: Run Behavior\TokenBuildBehavior [ RunTime:0.000977s ]
INFO: [ view_filter ] --END-- [ RunTime:0.000977s ]
INFO: [ app_end ] --START--
INFO: Run Behavior\ShowPageTraceBehavior [ RunTime:0.000976s ]
INFO: [ app_end ] --END-- [ RunTime:0.000976s ]

[ 2017-10-05T19:00:32+08:00 ] 112.227.120.95 /User/Index/ForClassCalllogin?access_token=00a9e54f43b14b6d85714df00a5d7194e62bB52B432E1E654A4&expire_in=3600&state=
INFO: [ app_init ] --START--
INFO: Run Behavior\BuildLiteBehavior [ RunTime:0.000000s ]
INFO: [ app_init ] --END-- [ RunTime:0.000976s ]
NOTIC: [2] preg_match(): Unknown modifier 'f' E:\www\www\main\Library\Think\Route.class.php 第 58 行.
NOTIC: [2] preg_match(): Unknown modifier 'f' E:\www\www\main\Library\Think\Route.class.php 第 58 行.
INFO: [ app_begin ] --START--
INFO: Run Behavior\ReadHtmlCacheBehavior [ RunTime:0.000977s ]
INFO: [ app_begin ] --END-- [ RunTime:0.000977s ]
NOTIC: [8] Undefined index: UserForclass E:\www\www\tk\Common\Common\function.php 第 475 行.
NOTIC: [8] Undefined offset: 1 E:\www\www\tk\Common\Controller\CommonController.class.php 第 156 行.
NOTIC: [8] Undefined index: return E:\www\www\tk\Common\Controller\SystemLayerController.class.php 第 395 行.
NOTIC: [2] Missing argument 4 for Common\Controller\SystemLayerController::showSuccessMsg(), called in E:\www\www\tk\Common\Controller\SystemLayerController.class.php on line 401 and defined E:\www\www\tk\Common\Controller\SystemLayerController.class.php 第 231 行.
NOTIC: [8] Undefined variable: displayContent E:\www\www\tk\Common\Controller\SystemLayerController.class.php 第 249 行.
INFO: [ view_parse ] --START--
INFO: [ template_filter ] --START--
INFO: Run Behavior\ContentReplaceBehavior [ RunTime:0.000976s ]
INFO: [ template_filter ] --END-- [ RunTime:0.000976s ]
NOTIC: [8] Undefined variable: hideLogin E:\www\www\tk\Runtime\Cache\User\ccf640ac2c0ff10bdb702d6acab52f97.php 第 24 行.
NOTIC: [8] Undefined variable: title E:\www\www\tk\Runtime\Cache\User\ccf640ac2c0ff10bdb702d6acab52f97.php 第 43 行.
INFO: Run Behavior\ParseTemplateBehavior [ RunTime:0.015624s ]
INFO: [ view_parse ] --END-- [ RunTime:0.015624s ]
INFO: [ view_filter ] --START--
INFO: Run Behavior\WriteHtmlCacheBehavior [ RunTime:0.000000s ]
INFO: Run Behavior\TokenBuildBehavior [ RunTime:0.000976s ]
INFO: [ view_filter ] --END-- [ RunTime:0.000976s ]

[ 2017-10-05T19:01:09+08:00 ] 112.227.120.95 /User/Index/passport.html
INFO: [ app_init ] --START--
INFO: Run Behavior\BuildLiteBehavior [ RunTime:0.000000s ]
INFO: [ app_init ] --END-- [ RunTime:0.000977s ]
NOTIC: [2] preg_match(): Unknown modifier 'f' E:\www\www\main\Library\Think\Route.class.php 第 58 行.
NOTIC: [2] preg_match(): Unknown modifier 'f' E:\www\www\main\Library\Think\Route.class.php 第 58 行.
INFO: [ app_begin ] --START--
INFO: Run Behavior\ReadHtmlCacheBehavior [ RunTime:0.000976s ]
INFO: [ app_begin ] --END-- [ RunTime:0.000976s ]
NOTIC: [8] Undefined index: url E:\www\www\tk\User\Controller\IndexController.class.php 第 36 行.
INFO: [ view_parse ] --START--
INFO: [ template_filter ] --START--
INFO: Run Behavior\ContentReplaceBehavior [ RunTime:0.000000s ]
INFO: [ template_filter ] --END-- [ RunTime:0.000000s ]
INFO: Run Behavior\ParseTemplateBehavior [ RunTime:0.007812s ]
INFO: [ view_parse ] --END-- [ RunTime:0.007812s ]
INFO: [ view_filter ] --START--
INFO: Run Behavior\WriteHtmlCacheBehavior [ RunTime:0.000977s ]
INFO: Run Behavior\TokenBuildBehavior [ RunTime:0.000000s ]
INFO: [ view_filter ] --END-- [ RunTime:0.000977s ]
INFO: [ app_end ] --START--
INFO: Run Behavior\ShowPageTraceBehavior [ RunTime:0.000000s ]
INFO: [ app_end ] --END-- [ RunTime:0.000000s ]

[ 2017-10-05T19:01:27+08:00 ] 112.227.120.95 /User/Index/ForClassCalllogin?access_token=b0590cf43d894e7b24466f651a68410A3DB070C6AD&expire_in=3600&state=
INFO: [ app_init ] --START--
INFO: Run Behavior\BuildLiteBehavior [ RunTime:0.000000s ]
INFO: [ app_init ] --END-- [ RunTime:0.000000s ]
NOTIC: [2] preg_match(): Unknown modifier 'f' E:\www\www\main\Library\Think\Route.class.php 第 58 行.
NOTIC: [2] preg_match(): Unknown modifier 'f' E:\www\www\main\Library\Think\Route.class.php 第 58 行.
INFO: [ app_begin ] --START--
INFO: Run Behavior\ReadHtmlCacheBehavior [ RunTime:0.000000s ]
INFO: [ app_begin ] --END-- [ RunTime:0.000000s ]
NOTIC: [8] Undefined index: UserForclass E:\www\www\tk\Common\Common\function.php 第 475 行.
NOTIC: [8] Undefined offset: 1 E:\www\www\tk\Common\Controller\CommonController.class.php 第 156 行.
NOTIC: [8] Undefined index: return E:\www\www\tk\Common\Controller\SystemLayerController.class.php 第 395 行.
NOTIC: [2] Missing argument 4 for Common\Controller\SystemLayerController::showSuccessMsg(), called in E:\www\www\tk\Common\Controller\SystemLayerController.class.php on line 401 and defined E:\www\www\tk\Common\Controller\SystemLayerController.class.php 第 231 行.
NOTIC: [8] Undefined variable: displayContent E:\www\www\tk\Common\Controller\SystemLayerController.class.php 第 249 行.
INFO: [ view_parse ] --START--
INFO: [ template_filter ] --START--
INFO: Run Behavior\ContentReplaceBehavior [ RunTime:0.000000s ]
INFO: [ template_filter ] --END-- [ RunTime:0.000000s ]
NOTIC: [8] Undefined variable: hideLogin E:\www\www\tk\Runtime\Cache\User\ccf640ac2c0ff10bdb702d6acab52f97.php 第 24 行.
NOTIC: [8] Undefined variable: title E:\www\www\tk\Runtime\Cache\User\ccf640ac2c0ff10bdb702d6acab52f97.php 第 43 行.
INFO: Run Behavior\ParseTemplateBehavior [ RunTime:0.010741s ]
INFO: [ view_parse ] --END-- [ RunTime:0.010741s ]
INFO: [ view_filter ] --START--
INFO: Run Behavior\WriteHtmlCacheBehavior [ RunTime:0.000000s ]
INFO: Run Behavior\TokenBuildBehavior [ RunTime:0.000976s ]
INFO: [ view_filter ] --END-- [ RunTime:0.000976s ]

[ 2017-10-05T19:04:02+08:00 ] 112.227.120.95 /User/Index/passport.html
INFO: [ app_init ] --START--
INFO: Run Behavior\BuildLiteBehavior [ RunTime:0.000000s ]
INFO: [ app_init ] --END-- [ RunTime:0.000977s ]
NOTIC: [2] preg_match(): Unknown modifier 'f' E:\www\www\main\Library\Think\Route.class.php 第 58 行.
NOTIC: [2] preg_match(): Unknown modifier 'f' E:\www\www\main\Library\Think\Route.class.php 第 58 行.
INFO: [ app_begin ] --START--
INFO: Run Behavior\ReadHtmlCacheBehavior [ RunTime:0.000976s ]
INFO: [ app_begin ] --END-- [ RunTime:0.000976s ]
NOTIC: [8] Undefined index: url E:\www\www\tk\User\Controller\IndexController.class.php 第 36 行.
INFO: [ view_parse ] --START--
INFO: [ template_filter ] --START--
INFO: Run Behavior\ContentReplaceBehavior [ RunTime:0.000976s ]
INFO: [ template_filter ] --END-- [ RunTime:0.000976s ]
INFO: Run Behavior\ParseTemplateBehavior [ RunTime:0.008789s ]
INFO: [ view_parse ] --END-- [ RunTime:0.008789s ]
INFO: [ view_filter ] --START--
INFO: Run Behavior\WriteHtmlCacheBehavior [ RunTime:0.000000s ]
INFO: Run Behavior\TokenBuildBehavior [ RunTime:0.000976s ]
INFO: [ view_filter ] --END-- [ RunTime:0.000976s ]
INFO: [ app_end ] --START--
INFO: Run Behavior\ShowPageTraceBehavior [ RunTime:0.000977s ]
INFO: [ app_end ] --END-- [ RunTime:0.000977s ]

[ 2017-10-05T19:04:02+08:00 ] 112.227.120.95 /User/Index/passport.html
INFO: [ app_init ] --START--
INFO: Run Behavior\BuildLiteBehavior [ RunTime:0.000000s ]
INFO: [ app_init ] --END-- [ RunTime:0.000976s ]
NOTIC: [2] preg_match(): Unknown modifier 'f' E:\www\www\main\Library\Think\Route.class.php 第 58 行.
NOTIC: [2] preg_match(): Unknown modifier 'f' E:\www\www\main\Library\Think\Route.class.php 第 58 行.
INFO: [ app_begin ] --START--
INFO: Run Behavior\ReadHtmlCacheBehavior [ RunTime:0.000977s ]
INFO: [ app_begin ] --END-- [ RunTime:0.000977s ]
NOTIC: [8] Undefined index: url E:\www\www\tk\User\Controller\IndexController.class.php 第 36 行.
INFO: [ view_parse ] --START--
INFO: [ template_filter ] --START--
INFO: Run Behavior\ContentReplaceBehavior [ RunTime:0.000000s ]
INFO: [ template_filter ] --END-- [ RunTime:0.000000s ]
INFO: Run Behavior\ParseTemplateBehavior [ RunTime:0.008788s ]
INFO: [ view_parse ] --END-- [ RunTime:0.008788s ]
INFO: [ view_filter ] --START--
INFO: Run Behavior\WriteHtmlCacheBehavior [ RunTime:0.000977s ]
INFO: Run Behavior\TokenBuildBehavior [ RunTime:0.000000s ]
INFO: [ view_filter ] --END-- [ RunTime:0.000977s ]
INFO: [ app_end ] --START--
INFO: Run Behavior\ShowPageTraceBehavior [ RunTime:0.000000s ]
INFO: [ app_end ] --END-- [ RunTime:0.000000s ]

[ 2017-10-05T19:04:02+08:00 ] 112.227.120.95 /User/Index/passport.html
INFO: [ app_init ] --START--
INFO: Run Behavior\BuildLiteBehavior [ RunTime:0.000000s ]
INFO: [ app_init ] --END-- [ RunTime:0.000976s ]
NOTIC: [2] preg_match(): Unknown modifier 'f' E:\www\www\main\Library\Think\Route.class.php 第 58 行.
NOTIC: [2] preg_match(): Unknown modifier 'f' E:\www\www\main\Library\Think\Route.class.php 第 58 行.
INFO: [ app_begin ] --START--
INFO: Run Behavior\ReadHtmlCacheBehavior [ RunTime:0.000977s ]
INFO: [ app_begin ] --END-- [ RunTime:0.000977s ]
NOTIC: [8] Undefined index: url E:\www\www\tk\User\Controller\IndexController.class.php 第 36 行.
INFO: [ view_parse ] --START--
INFO: [ template_filter ] --START--
INFO: Run Behavior\ContentReplaceBehavior [ RunTime:0.000000s ]
INFO: [ template_filter ] --END-- [ RunTime:0.000000s ]
INFO: Run Behavior\ParseTemplateBehavior [ RunTime:0.008789s ]
INFO: [ view_parse ] --END-- [ RunTime:0.008789s ]
INFO: [ view_filter ] --START--
INFO: Run Behavior\WriteHtmlCacheBehavior [ RunTime:0.000000s ]
INFO: Run Behavior\TokenBuildBehavior [ RunTime:0.000976s ]
INFO: [ view_filter ] --END-- [ RunTime:0.000976s ]
INFO: [ app_end ] --START--
INFO: Run Behavior\ShowPageTraceBehavior [ RunTime:0.000977s ]
INFO: [ app_end ] --END-- [ RunTime:0.000977s ]

[ 2017-10-05T19:04:07+08:00 ] 112.227.120.95 /User/Index/passport/url/Aat%252FMyHomework%252Findex.html%253Fsession%253DDEF4E7E3165C4D63965EFA831757F28%2526device%253DandroidPadCKL.html
INFO: [ app_init ] --START--
INFO: Run Behavior\BuildLiteBehavior [ RunTime:0.000000s ]
INFO: [ app_init ] --END-- [ RunTime:0.000000s ]
NOTIC: [2] preg_match(): Unknown modifier 'f' E:\www\www\main\Library\Think\Route.class.php 第 58 行.
NOTIC: [2] preg_match(): Unknown modifier 'f' E:\www\www\main\Library\Think\Route.class.php 第 58 行.
INFO: [ app_begin ] --START--
INFO: Run Behavior\ReadHtmlCacheBehavior [ RunTime:0.000000s ]
INFO: [ app_begin ] --END-- [ RunTime:0.000000s ]
INFO: [ view_parse ] --START--
INFO: [ template_filter ] --START--
INFO: Run Behavior\ContentReplaceBehavior [ RunTime:0.000000s ]
INFO: [ template_filter ] --END-- [ RunTime:0.000000s ]
INFO: Run Behavior\ParseTemplateBehavior [ RunTime:0.008788s ]
INFO: [ view_parse ] --END-- [ RunTime:0.008788s ]
INFO: [ view_filter ] --START--
INFO: Run Behavior\WriteHtmlCacheBehavior [ RunTime:0.000000s ]
INFO: Run Behavior\TokenBuildBehavior [ RunTime:0.000977s ]
INFO: [ view_filter ] --END-- [ RunTime:0.000977s ]
INFO: [ app_end ] --START--
INFO: Run Behavior\ShowPageTraceBehavior [ RunTime:0.000976s ]
INFO: [ app_end ] --END-- [ RunTime:0.000976s ]

[ 2017-10-05T19:32:02+08:00 ] 60.215.252.215 /User/Index/passport/url/Aat%252FMyHomework%252Findex.html%253Fsession%253D0F469CD26934241B3F1BB4FD87DC6C%2526device%253DandroidPadCKL.html
INFO: [ app_init ] --START--
INFO: Run Behavior\BuildLiteBehavior [ RunTime:0.000000s ]
INFO: [ app_init ] --END-- [ RunTime:0.000976s ]
NOTIC: [2] preg_match(): Unknown modifier 'f' E:\www\www\main\Library\Think\Route.class.php 第 58 行.
NOTIC: [2] preg_match(): Unknown modifier 'f' E:\www\www\main\Library\Think\Route.class.php 第 58 行.
INFO: [ app_begin ] --START--
INFO: Run Behavior\ReadHtmlCacheBehavior [ RunTime:0.000977s ]
INFO: [ app_begin ] --END-- [ RunTime:0.000977s ]
INFO: [ view_parse ] --START--
INFO: [ template_filter ] --START--
INFO: Run Behavior\ContentReplaceBehavior [ RunTime:0.000000s ]
INFO: [ template_filter ] --END-- [ RunTime:0.000977s ]
INFO: Run Behavior\ParseTemplateBehavior [ RunTime:0.008788s ]
INFO: [ view_parse ] --END-- [ RunTime:0.008788s ]
INFO: [ view_filter ] --START--
INFO: Run Behavior\WriteHtmlCacheBehavior [ RunTime:0.000000s ]
INFO: Run Behavior\TokenBuildBehavior [ RunTime:0.000977s ]
INFO: [ view_filter ] --END-- [ RunTime:0.000977s ]
INFO: [ app_end ] --START--
INFO: Run Behavior\ShowPageTraceBehavior [ RunTime:0.000976s ]
INFO: [ app_end ] --END-- [ RunTime:0.000976s ]

[ 2017-10-05T19:32:19+08:00 ] 60.215.252.215 /User/Index/getPassword.html
INFO: [ app_init ] --START--
INFO: Run Behavior\BuildLiteBehavior [ RunTime:0.000000s ]
INFO: [ app_init ] --END-- [ RunTime:0.000977s ]
NOTIC: [2] preg_match(): Unknown modifier 'f' E:\www\www\main\Library\Think\Route.class.php 第 58 行.
NOTIC: [2] preg_match(): Unknown modifier 'f' E:\www\www\main\Library\Think\Route.class.php 第 58 行.
INFO: [ app_begin ] --START--
INFO: Run Behavior\ReadHtmlCacheBehavior [ RunTime:0.000976s ]
INFO: [ app_begin ] --END-- [ RunTime:0.000976s ]
INFO: [ view_parse ] --START--
INFO: [ template_filter ] --START--
INFO: Run Behavior\ContentReplaceBehavior [ RunTime:0.000000s ]
INFO: [ template_filter ] --END-- [ RunTime:0.000000s ]
NOTIC: [8] Undefined variable: hideLogin E:\www\www\tk\Runtime\Cache\User\66fb9085f0ab47f85968d69c7c74902b.php 第 26 行.
INFO: Run Behavior\ParseTemplateBehavior [ RunTime:0.010741s ]
INFO: [ view_parse ] --END-- [ RunTime:0.010741s ]
INFO: [ view_filter ] --START--
INFO: Run Behavior\WriteHtmlCacheBehavior [ RunTime:0.000000s ]
INFO: Run Behavior\TokenBuildBehavior [ RunTime:0.000977s ]
INFO: [ view_filter ] --END-- [ RunTime:0.000977s ]
INFO: [ app_end ] --START--
INFO: Run Behavior\ShowPageTraceBehavior [ RunTime:0.000976s ]
INFO: [ app_end ] --END-- [ RunTime:0.000976s ]

[ 2017-10-05T19:34:39+08:00 ] 223.96.89.233 /User/Index/passport/url/Aat%253Fsession%253DA6D2F8D9A4F41CD9B70DE2A198D986%2526device%253DandroidPadCKL.html
INFO: [ app_init ] --START--
INFO: Run Behavior\BuildLiteBehavior [ RunTime:0.000000s ]
INFO: [ app_init ] --END-- [ RunTime:0.000000s ]
NOTIC: [2] preg_match(): Unknown modifier 'f' E:\www\www\main\Library\Think\Route.class.php 第 58 行.
NOTIC: [2] preg_match(): Unknown modifier 'f' E:\www\www\main\Library\Think\Route.class.php 第 58 行.
INFO: [ app_begin ] --START--
INFO: Run Behavior\ReadHtmlCacheBehavior [ RunTime:0.000977s ]
INFO: [ app_begin ] --END-- [ RunTime:0.000977s ]
INFO: [ view_parse ] --START--
INFO: [ template_filter ] --START--
INFO: Run Behavior\ContentReplaceBehavior [ RunTime:0.000977s ]
INFO: [ template_filter ] --END-- [ RunTime:0.000977s ]
INFO: Run Behavior\ParseTemplateBehavior [ RunTime:0.008788s ]
INFO: [ view_parse ] --END-- [ RunTime:0.008788s ]
INFO: [ view_filter ] --START--
INFO: Run Behavior\WriteHtmlCacheBehavior [ RunTime:0.000000s ]
INFO: Run Behavior\TokenBuildBehavior [ RunTime:0.000977s ]
INFO: [ view_filter ] --END-- [ RunTime:0.000977s ]
INFO: [ app_end ] --START--
INFO: Run Behavior\ShowPageTraceBehavior [ RunTime:0.000976s ]
INFO: [ app_end ] --END-- [ RunTime:0.000976s ]

[ 2017-10-05T19:34:47+08:00 ] 223.96.89.233 /User/Index/passport/url/Aat%252FMyHomework%252Findex.html%253Fsession%253DA6D2F8D9A4F41CD9B70DE2A198D986%2526device%253DandroidPadCKL.html
INFO: [ app_init ] --START--
INFO: Run Behavior\BuildLiteBehavior [ RunTime:0.000000s ]
INFO: [ app_init ] --END-- [ RunTime:0.000000s ]
NOTIC: [2] preg_match(): Unknown modifier 'f' E:\www\www\main\Library\Think\Route.class.php 第 58 行.
NOTIC: [2] preg_match(): Unknown modifier 'f' E:\www\www\main\Library\Think\Route.class.php 第 58 行.
INFO: [ app_begin ] --START--
INFO: Run Behavior\ReadHtmlCacheBehavior [ RunTime:0.000976s ]
INFO: [ app_begin ] --END-- [ RunTime:0.000976s ]
INFO: [ view_parse ] --START--
INFO: [ template_filter ] --START--
INFO: Run Behavior\ContentReplaceBehavior [ RunTime:0.000000s ]
INFO: [ template_filter ] --END-- [ RunTime:0.000000s ]
INFO: Run Behavior\ParseTemplateBehavior [ RunTime:0.007812s ]
INFO: [ view_parse ] --END-- [ RunTime:0.008788s ]
INFO: [ view_filter ] --START--
INFO: Run Behavior\WriteHtmlCacheBehavior [ RunTime:0.000977s ]
INFO: Run Behavior\TokenBuildBehavior [ RunTime:0.000976s ]
INFO: [ view_filter ] --END-- [ RunTime:0.001953s ]
INFO: [ app_end ] --START--
INFO: Run Behavior\ShowPageTraceBehavior [ RunTime:0.000977s ]
INFO: [ app_end ] --END-- [ RunTime:0.000977s ]

[ 2017-10-05T19:59:41+08:00 ] 223.96.66.170 /User/Index/passport/url/Aat%252FMyHomework%252Findex.html%253Fsession%253D04322E7242DC9F585D1C887EE72%2526device%253DandroidPadCKL.html
INFO: [ app_init ] --START--
INFO: Run Behavior\BuildLiteBehavior [ RunTime:0.000000s ]
INFO: [ app_init ] --END-- [ RunTime:0.000000s ]
NOTIC: [2] preg_match(): Unknown modifier 'f' E:\www\www\main\Library\Think\Route.class.php 第 58 行.
NOTIC: [2] preg_match(): Unknown modifier 'f' E:\www\www\main\Library\Think\Route.class.php 第 58 行.
INFO: [ app_begin ] --START--
INFO: Run Behavior\ReadHtmlCacheBehavior [ RunTime:0.000000s ]
INFO: [ app_begin ] --END-- [ RunTime:0.000000s ]
INFO: [ view_parse ] --START--
INFO: [ template_filter ] --START--
INFO: Run Behavior\ContentReplaceBehavior [ RunTime:0.000000s ]
INFO: [ template_filter ] --END-- [ RunTime:0.000000s ]
INFO: Run Behavior\ParseTemplateBehavior [ RunTime:0.008788s ]
INFO: [ view_parse ] --END-- [ RunTime:0.008788s ]
INFO: [ view_filter ] --START--
INFO: Run Behavior\WriteHtmlCacheBehavior [ RunTime:0.000977s ]
INFO: Run Behavior\TokenBuildBehavior [ RunTime:0.000976s ]
INFO: [ view_filter ] --END-- [ RunTime:0.001953s ]
INFO: [ app_end ] --START--
INFO: Run Behavior\ShowPageTraceBehavior [ RunTime:0.000000s ]
INFO: [ app_end ] --END-- [ RunTime:0.000000s ]

