[ 2017-10-19T09:29:13+08:00 ] 127.0.0.1 /User/Index/passport/url/Statistics.html
INFO: [ app_init ] --START--
INFO: Run Behavior\BuildLiteBehavior [ RunTime:0.000011s ]
INFO: [ app_init ] --END-- [ RunTime:0.000046s ]
NOTIC: [2] preg_match(): Unknown modifier 'f' E:\web\www\main\Library\Think\Route.class.php 第 58 行.
NOTIC: [2] preg_match(): Unknown modifier 'f' E:\web\www\main\Library\Think\Route.class.php 第 58 行.
INFO: [ app_begin ] --START--
INFO: Run Behavior\ReadHtmlCacheBehavior [ RunTime:0.000618s ]
INFO: [ app_begin ] --END-- [ RunTime:0.000655s ]
INFO: [ view_parse ] --START--
INFO: [ template_filter ] --START--
INFO: Run Behavior\ContentReplaceBehavior [ RunTime:0.000053s ]
INFO: [ template_filter ] --END-- [ RunTime:0.000092s ]
INFO: Run Behavior\ParseTemplateBehavior [ RunTime:0.029531s ]
INFO: [ view_parse ] --END-- [ RunTime:0.029569s ]
INFO: [ view_filter ] --START--
INFO: Run Behavior\WriteHtmlCacheBehavior [ RunTime:0.000420s ]
INFO: Run Behavior\TokenBuildBehavior [ RunTime:0.000740s ]
INFO: [ view_filter ] --END-- [ RunTime:0.001208s ]
INFO: [ app_end ] --START--
INFO: Run Behavior\ShowPageTraceBehavior [ RunTime:0.000810s ]
INFO: [ app_end ] --END-- [ RunTime:0.000887s ]

[ 2017-10-19T09:29:20+08:00 ] 127.0.0.1 /User/Index/passportLogin
INFO: [ app_init ] --START--
INFO: Run Behavior\BuildLiteBehavior [ RunTime:0.000012s ]
INFO: [ app_init ] --END-- [ RunTime:0.000053s ]
NOTIC: [2] preg_match(): Unknown modifier 'f' E:\web\www\main\Library\Think\Route.class.php 第 58 行.
NOTIC: [2] preg_match(): Unknown modifier 'f' E:\web\www\main\Library\Think\Route.class.php 第 58 行.
INFO: [ app_begin ] --START--
INFO: Run Behavior\ReadHtmlCacheBehavior [ RunTime:0.000811s ]
INFO: [ app_begin ] --END-- [ RunTime:0.000848s ]
NOTIC: [8] Undefined offset: 0 E:\web\www\tk\User\Model\UserModel.class.php 第 484 行.
NOTIC: [8] Undefined variable: defaultGroup E:\web\www\tk\User\Model\UserModel.class.php 第 496 行.
NOTIC: [8] Undefined variable: defaultGroup E:\web\www\tk\User\Model\UserModel.class.php 第 500 行.
NOTIC: [8] Undefined index: ChargeMode E:\web\www\tk\User\Model\UserModel.class.php 第 421 行.
NOTIC: [8] Undefined index: phone E:\web\www\tk\User\Model\UserModel.class.php 第 430 行.
NOTIC: [2] preg_replace(): No ending delimiter '/' found E:\web\www\tk\Common\Model\ApiDbModel.class.php 第 196 行.

[ 2017-10-19T14:39:45+08:00 ] 127.0.0.1 /User/Index/login.html
INFO: [ app_init ] --START--
INFO: Run Behavior\BuildLiteBehavior [ RunTime:0.000011s ]
INFO: [ app_init ] --END-- [ RunTime:0.000049s ]
NOTIC: [2] preg_match(): Unknown modifier 'f' E:\web\www\main\Library\Think\Route.class.php 第 58 行.
NOTIC: [2] preg_match(): Unknown modifier 'f' E:\web\www\main\Library\Think\Route.class.php 第 58 行.
INFO: [ app_begin ] --START--
INFO: Run Behavior\ReadHtmlCacheBehavior [ RunTime:0.000598s ]
INFO: [ app_begin ] --END-- [ RunTime:0.000633s ]
NOTIC: [8] Undefined index: phone E:\web\www\tk\User\Model\UserModel.class.php 第 430 行.
NOTIC: [2] preg_replace(): No ending delimiter '/' found E:\web\www\tk\Common\Model\ApiDbModel.class.php 第 196 行.

[ 2017-10-19T14:40:17+08:00 ] 127.0.0.1 /User/Index/passport/url/Statistics.html
INFO: [ app_init ] --START--
INFO: Run Behavior\BuildLiteBehavior [ RunTime:0.000011s ]
INFO: [ app_init ] --END-- [ RunTime:0.000048s ]
NOTIC: [2] preg_match(): Unknown modifier 'f' E:\web\www\main\Library\Think\Route.class.php 第 58 行.
NOTIC: [2] preg_match(): Unknown modifier 'f' E:\web\www\main\Library\Think\Route.class.php 第 58 行.
INFO: [ app_begin ] --START--
INFO: Run Behavior\ReadHtmlCacheBehavior [ RunTime:0.000589s ]
INFO: [ app_begin ] --END-- [ RunTime:0.000633s ]
INFO: [ view_parse ] --START--
INFO: [ template_filter ] --START--
INFO: Run Behavior\ContentReplaceBehavior [ RunTime:0.000054s ]
INFO: [ template_filter ] --END-- [ RunTime:0.000094s ]
INFO: Run Behavior\ParseTemplateBehavior [ RunTime:0.009785s ]
INFO: [ view_parse ] --END-- [ RunTime:0.009832s ]
INFO: [ view_filter ] --START--
INFO: Run Behavior\WriteHtmlCacheBehavior [ RunTime:0.000419s ]
INFO: Run Behavior\TokenBuildBehavior [ RunTime:0.000740s ]
INFO: [ view_filter ] --END-- [ RunTime:0.001211s ]
INFO: [ app_end ] --START--
INFO: Run Behavior\ShowPageTraceBehavior [ RunTime:0.000796s ]
INFO: [ app_end ] --END-- [ RunTime:0.000850s ]

[ 2017-10-19T14:41:22+08:00 ] 127.0.0.1 /User/User/index.html
INFO: [ app_init ] --START--
INFO: Run Behavior\BuildLiteBehavior [ RunTime:0.000011s ]
INFO: [ app_init ] --END-- [ RunTime:0.000064s ]
NOTIC: [2] preg_match(): Unknown modifier 'f' E:\web\www\main\Library\Think\Route.class.php 第 58 行.
NOTIC: [2] preg_match(): Unknown modifier 'f' E:\web\www\main\Library\Think\Route.class.php 第 58 行.
INFO: [ app_begin ] --START--
INFO: Run Behavior\ReadHtmlCacheBehavior [ RunTime:0.000551s ]
INFO: [ app_begin ] --END-- [ RunTime:0.000588s ]
NOTIC: [8] Undefined index: Manage E:\web\www\tk\Common\Controller\SystemLayerController.class.php 第 24 行.
NOTIC: [8] Undefined index: Manage E:\web\www\tk\Common\Controller\DefaultController.class.php 第 24 行.
NOTIC: [8] Undefined index: IP E:\web\www\tk\User\Manage\UserManage.class.php 第 1051 行.
NOTIC: [8] Undefined index: IPID E:\web\www\tk\User\Manage\UserManage.class.php 第 1064 行.
NOTIC: [8] Undefined index: name E:\web\www\tk\User\Manage\UserManage.class.php 第 1089 行.
NOTIC: [8] Undefined index: UserName E:\web\www\tk\User\Manage\UserManage.class.php 第 1095 行.
NOTIC: [8] Undefined index: Email E:\web\www\tk\User\Manage\UserManage.class.php 第 1099 行.
NOTIC: [8] Undefined index: Phonecode E:\web\www\tk\User\Manage\UserManage.class.php 第 1103 行.
NOTIC: [8] Undefined index: RealName E:\web\www\tk\User\Manage\UserManage.class.php 第 1107 行.
NOTIC: [8] Undefined index: Sex E:\web\www\tk\User\Manage\UserManage.class.php 第 1111 行.
NOTIC: [8] Undefined index: Status E:\web\www\tk\User\Manage\UserManage.class.php 第 1115 行.
NOTIC: [8] Undefined index: Whois E:\web\www\tk\User\Manage\UserManage.class.php 第 1119 行.
NOTIC: [8] Undefined index: UserID E:\web\www\tk\User\Manage\UserManage.class.php 第 1125 行.
NOTIC: [8] Undefined index: SubjectID E:\web\www\tk\User\Manage\UserManage.class.php 第 1132 行.
NOTIC: [8] Undefined index: groupID E:\web\www\tk\User\Manage\UserManage.class.php 第 1138 行.
NOTIC: [8] Undefined index: AreaID E:\web\www\tk\User\Manage\UserManage.class.php 第 1143 行.
NOTIC: [8] Undefined index: SchoolID E:\web\www\tk\User\Manage\UserManage.class.php 第 1147 行.
NOTIC: [8] Undefined index: Status E:\web\www\tk\User\Manage\UserManage.class.php 第 1152 行.
NOTIC: [8] Undefined offset: 0 E:\web\www\tk\User\Manage\UserManage.class.php 第 217 行.
NOTIC: [8] Undefined offset: 0 E:\web\www\tk\User\Manage\UserManage.class.php 第 217 行.
NOTIC: [8] Undefined offset: 207 E:\web\www\tk\User\Manage\UserManage.class.php 第 219 行.
NOTIC: [8] Undefined offset: 207 E:\web\www\tk\User\Manage\UserManage.class.php 第 220 行.
NOTIC: [8] Undefined offset: 3 E:\web\www\tk\User\Manage\UserManage.class.php 第 239 行.
NOTIC: [8] Undefined offset: 0 E:\web\www\tk\User\Manage\UserManage.class.php 第 217 行.
NOTIC: [8] Undefined offset: 0 E:\web\www\tk\User\Manage\UserManage.class.php 第 217 行.
NOTIC: [8] Undefined offset: 206 E:\web\www\tk\User\Manage\UserManage.class.php 第 219 行.
NOTIC: [8] Undefined offset: 206 E:\web\www\tk\User\Manage\UserManage.class.php 第 220 行.
NOTIC: [8] Undefined offset: 3 E:\web\www\tk\User\Manage\UserManage.class.php 第 239 行.
NOTIC: [8] Undefined offset: 0 E:\web\www\tk\User\Manage\UserManage.class.php 第 217 行.
NOTIC: [8] Undefined offset: 0 E:\web\www\tk\User\Manage\UserManage.class.php 第 217 行.
NOTIC: [8] Undefined offset: 205 E:\web\www\tk\User\Manage\UserManage.class.php 第 219 行.
NOTIC: [8] Undefined offset: 205 E:\web\www\tk\User\Manage\UserManage.class.php 第 220 行.
NOTIC: [8] Undefined offset: 3 E:\web\www\tk\User\Manage\UserManage.class.php 第 239 行.
NOTIC: [8] Undefined offset: 0 E:\web\www\tk\User\Manage\UserManage.class.php 第 217 行.
NOTIC: [8] Undefined offset: 0 E:\web\www\tk\User\Manage\UserManage.class.php 第 217 行.
NOTIC: [8] Undefined offset: 0 E:\web\www\tk\User\Manage\UserManage.class.php 第 217 行.
NOTIC: [8] Undefined offset: 0 E:\web\www\tk\User\Manage\UserManage.class.php 第 217 行.
NOTIC: [8] Undefined offset: 0 E:\web\www\tk\User\Manage\UserManage.class.php 第 217 行.
NOTIC: [8] Undefined offset: 0 E:\web\www\tk\User\Manage\UserManage.class.php 第 217 行.
NOTIC: [8] Undefined offset: 0 E:\web\www\tk\User\Manage\UserManage.class.php 第 217 行.
NOTIC: [8] Undefined offset: 0 E:\web\www\tk\User\Manage\UserManage.class.php 第 217 行.
NOTIC: [8] Undefined offset: 0 E:\web\www\tk\User\Manage\UserManage.class.php 第 217 行.
NOTIC: [8] Undefined offset: 0 E:\web\www\tk\User\Manage\UserManage.class.php 第 217 行.
NOTIC: [8] Undefined offset: 0 E:\web\www\tk\User\Manage\UserManage.class.php 第 217 行.
NOTIC: [8] Undefined offset: 0 E:\web\www\tk\User\Manage\UserManage.class.php 第 217 行.
NOTIC: [8] Undefined offset: 0 E:\web\www\tk\User\Manage\UserManage.class.php 第 217 行.
NOTIC: [8] Undefined offset: 0 E:\web\www\tk\User\Manage\UserManage.class.php 第 217 行.
NOTIC: [8] Undefined offset: 0 E:\web\www\tk\User\Manage\UserManage.class.php 第 217 行.
NOTIC: [8] Undefined offset: 0 E:\web\www\tk\User\Manage\UserManage.class.php 第 217 行.
NOTIC: [8] Undefined offset: 0 E:\web\www\tk\User\Manage\UserManage.class.php 第 217 行.
NOTIC: [8] Undefined offset: 0 E:\web\www\tk\User\Manage\UserManage.class.php 第 217 行.
NOTIC: [8] Undefined offset: 0 E:\web\www\tk\User\Manage\UserManage.class.php 第 217 行.
NOTIC: [8] Undefined offset: 0 E:\web\www\tk\User\Manage\UserManage.class.php 第 217 行.
NOTIC: [8] Undefined offset: 0 E:\web\www\tk\User\Manage\UserManage.class.php 第 217 行.
NOTIC: [8] Undefined offset: 0 E:\web\www\tk\User\Manage\UserManage.class.php 第 217 行.
NOTIC: [8] Undefined offset: 0 E:\web\www\tk\User\Manage\UserManage.class.php 第 217 行.
NOTIC: [8] Undefined offset: 0 E:\web\www\tk\User\Manage\UserManage.class.php 第 217 行.
NOTIC: [8] Undefined offset: 0 E:\web\www\tk\User\Manage\UserManage.class.php 第 217 行.
NOTIC: [8] Undefined offset: 0 E:\web\www\tk\User\Manage\UserManage.class.php 第 217 行.
NOTIC: [8] Undefined offset: 0 E:\web\www\tk\User\Manage\UserManage.class.php 第 217 行.
NOTIC: [8] Undefined offset: 0 E:\web\www\tk\User\Manage\UserManage.class.php 第 217 行.
NOTIC: [8] Undefined offset: 0 E:\web\www\tk\User\Manage\UserManage.class.php 第 217 行.
NOTIC: [8] Undefined offset: 0 E:\web\www\tk\User\Manage\UserManage.class.php 第 217 行.
NOTIC: [8] Undefined offset: 0 E:\web\www\tk\User\Manage\UserManage.class.php 第 217 行.
NOTIC: [8] Undefined offset: 0 E:\web\www\tk\User\Manage\UserManage.class.php 第 217 行.
NOTIC: [2] Missing argument 3 for WLNPage::init() E:\web\www\tk\Common\Tool\WLNPage.class.php 第 50 行.
NOTIC: [8] Undefined variable: thirdPram E:\web\www\tk\Common\Tool\WLNPage.class.php 第 51 行.
NOTIC: [2] array_merge(): Argument #2 is not an array E:\web\www\tk\Common\Tool\WLNPage.class.php 第 51 行.
NOTIC: [2] extract() expects parameter 1 to be array, null given E:\web\www\tk\Common\Tool\WLNPage.class.php 第 52 行.
NOTIC: [8] Undefined variable: parameter E:\web\www\tk\Common\Tool\WLNPage.class.php 第 54 行.
NOTIC: [8] Undefined index: phone E:\web\www\tk\Common\Tool\WLNPage.class.php 第 63 行.
NOTIC: [8] Undefined variable: type E:\web\www\tk\Common\Tool\WLNPage.class.php 第 88 行.
NOTIC: [8] Undefined variable: type E:\web\www\tk\Common\Tool\WLNPage.class.php 第 89 行.
INFO: [ view_parse ] --START--
NOTIC: [8] Undefined index: class E:\web\www\main\Library\Think\Template\TagLib\Html.class.php 第 78 行.
NOTIC: [8] Undefined index: class E:\web\www\main\Library\Think\Template\TagLib\Html.class.php 第 78 行.
INFO: [ template_filter ] --START--
INFO: Run Behavior\ContentReplaceBehavior [ RunTime:0.000086s ]
INFO: [ template_filter ] --END-- [ RunTime:0.000125s ]
NOTIC: [8] Undefined index: name E:\web\www\tk\Runtime\Cache\User\f6acd528a2dbd7fc32aa3a551d34930e.php 第 56 行.
NOTIC: [8] Undefined index: UserID E:\web\www\tk\Runtime\Cache\User\f6acd528a2dbd7fc32aa3a551d34930e.php 第 68 行.
NOTIC: [8] Undefined index: UserName E:\web\www\tk\Runtime\Cache\User\f6acd528a2dbd7fc32aa3a551d34930e.php 第 72 行.
NOTIC: [8] Undefined index: IP E:\web\www\tk\Runtime\Cache\User\f6acd528a2dbd7fc32aa3a551d34930e.php 第 76 行.
NOTIC: [8] Undefined index: groupID E:\web\www\tk\Runtime\Cache\User\f6acd528a2dbd7fc32aa3a551d34930e.php 第 83 行.
NOTIC: [8] Undefined index: groupID E:\web\www\tk\Runtime\Cache\User\f6acd528a2dbd7fc32aa3a551d34930e.php 第 83 行.
NOTIC: [8] Undefined index: groupID E:\web\www\tk\Runtime\Cache\User\f6acd528a2dbd7fc32aa3a551d34930e.php 第 83 行.
NOTIC: [8] Undefined index: groupID E:\web\www\tk\Runtime\Cache\User\f6acd528a2dbd7fc32aa3a551d34930e.php 第 83 行.
NOTIC: [8] Undefined index: groupID E:\web\www\tk\Runtime\Cache\User\f6acd528a2dbd7fc32aa3a551d34930e.php 第 83 行.
NOTIC: [8] Undefined index: groupID E:\web\www\tk\Runtime\Cache\User\f6acd528a2dbd7fc32aa3a551d34930e.php 第 83 行.
NOTIC: [8] Undefined index: groupID E:\web\www\tk\Runtime\Cache\User\f6acd528a2dbd7fc32aa3a551d34930e.php 第 83 行.
NOTIC: [8] Undefined index: groupID E:\web\www\tk\Runtime\Cache\User\f6acd528a2dbd7fc32aa3a551d34930e.php 第 83 行.
NOTIC: [8] Undefined index: groupID E:\web\www\tk\Runtime\Cache\User\f6acd528a2dbd7fc32aa3a551d34930e.php 第 83 行.
NOTIC: [8] Undefined index: groupID E:\web\www\tk\Runtime\Cache\User\f6acd528a2dbd7fc32aa3a551d34930e.php 第 83 行.
NOTIC: [8] Undefined index: groupID E:\web\www\tk\Runtime\Cache\User\f6acd528a2dbd7fc32aa3a551d34930e.php 第 83 行.
NOTIC: [8] Undefined index: groupID E:\web\www\tk\Runtime\Cache\User\f6acd528a2dbd7fc32aa3a551d34930e.php 第 83 行.
NOTIC: [8] Undefined index: groupID E:\web\www\tk\Runtime\Cache\User\f6acd528a2dbd7fc32aa3a551d34930e.php 第 83 行.
NOTIC: [8] Undefined index: groupID E:\web\www\tk\Runtime\Cache\User\f6acd528a2dbd7fc32aa3a551d34930e.php 第 83 行.
NOTIC: [8] Undefined index: groupID E:\web\www\tk\Runtime\Cache\User\f6acd528a2dbd7fc32aa3a551d34930e.php 第 83 行.
NOTIC: [8] Undefined index: groupID E:\web\www\tk\Runtime\Cache\User\f6acd528a2dbd7fc32aa3a551d34930e.php 第 83 行.
NOTIC: [8] Undefined index: groupID E:\web\www\tk\Runtime\Cache\User\f6acd528a2dbd7fc32aa3a551d34930e.php 第 83 行.
NOTIC: [8] Undefined index: groupID E:\web\www\tk\Runtime\Cache\User\f6acd528a2dbd7fc32aa3a551d34930e.php 第 83 行.
NOTIC: [8] Undefined index: groupID E:\web\www\tk\Runtime\Cache\User\f6acd528a2dbd7fc32aa3a551d34930e.php 第 83 行.
NOTIC: [8] Undefined index: groupID E:\web\www\tk\Runtime\Cache\User\f6acd528a2dbd7fc32aa3a551d34930e.php 第 83 行.
NOTIC: [8] Undefined index: groupID E:\web\www\tk\Runtime\Cache\User\f6acd528a2dbd7fc32aa3a551d34930e.php 第 83 行.
NOTIC: [8] Undefined index: groupID E:\web\www\tk\Runtime\Cache\User\f6acd528a2dbd7fc32aa3a551d34930e.php 第 83 行.
NOTIC: [8] Undefined index: groupID E:\web\www\tk\Runtime\Cache\User\f6acd528a2dbd7fc32aa3a551d34930e.php 第 83 行.
NOTIC: [8] Undefined index: SubjectID E:\web\www\tk\Runtime\Cache\User\f6acd528a2dbd7fc32aa3a551d34930e.php 第 94 行.
NOTIC: [8] Undefined index: SubjectID E:\web\www\tk\Runtime\Cache\User\f6acd528a2dbd7fc32aa3a551d34930e.php 第 94 行.
NOTIC: [8] Undefined index: SubjectID E:\web\www\tk\Runtime\Cache\User\f6acd528a2dbd7fc32aa3a551d34930e.php 第 94 行.
NOTIC: [8] Undefined index: SubjectID E:\web\www\tk\Runtime\Cache\User\f6acd528a2dbd7fc32aa3a551d34930e.php 第 94 行.
NOTIC: [8] Undefined index: SubjectID E:\web\www\tk\Runtime\Cache\User\f6acd528a2dbd7fc32aa3a551d34930e.php 第 94 行.
NOTIC: [8] Undefined index: SubjectID E:\web\www\tk\Runtime\Cache\User\f6acd528a2dbd7fc32aa3a551d34930e.php 第 94 行.
NOTIC: [8] Undefined index: SubjectID E:\web\www\tk\Runtime\Cache\User\f6acd528a2dbd7fc32aa3a551d34930e.php 第 94 行.
NOTIC: [8] Undefined index: SubjectID E:\web\www\tk\Runtime\Cache\User\f6acd528a2dbd7fc32aa3a551d34930e.php 第 94 行.
NOTIC: [8] Undefined index: SubjectID E:\web\www\tk\Runtime\Cache\User\f6acd528a2dbd7fc32aa3a551d34930e.php 第 94 行.
NOTIC: [8] Undefined index: SubjectID E:\web\www\tk\Runtime\Cache\User\f6acd528a2dbd7fc32aa3a551d34930e.php 第 94 行.
NOTIC: [8] Undefined index: SubjectID E:\web\www\tk\Runtime\Cache\User\f6acd528a2dbd7fc32aa3a551d34930e.php 第 94 行.
NOTIC: [8] Undefined index: SubjectID E:\web\www\tk\Runtime\Cache\User\f6acd528a2dbd7fc32aa3a551d34930e.php 第 94 行.
NOTIC: [8] Undefined index: SubjectID E:\web\www\tk\Runtime\Cache\User\f6acd528a2dbd7fc32aa3a551d34930e.php 第 94 行.
NOTIC: [8] Undefined index: SubjectID E:\web\www\tk\Runtime\Cache\User\f6acd528a2dbd7fc32aa3a551d34930e.php 第 94 行.
NOTIC: [8] Undefined index: SubjectID E:\web\www\tk\Runtime\Cache\User\f6acd528a2dbd7fc32aa3a551d34930e.php 第 94 行.
NOTIC: [8] Undefined index: SubjectID E:\web\www\tk\Runtime\Cache\User\f6acd528a2dbd7fc32aa3a551d34930e.php 第 94 行.
NOTIC: [8] Undefined index: SubjectID E:\web\www\tk\Runtime\Cache\User\f6acd528a2dbd7fc32aa3a551d34930e.php 第 94 行.
NOTIC: [8] Undefined index: SubjectID E:\web\www\tk\Runtime\Cache\User\f6acd528a2dbd7fc32aa3a551d34930e.php 第 94 行.
NOTIC: [8] Undefined index: SubjectID E:\web\www\tk\Runtime\Cache\User\f6acd528a2dbd7fc32aa3a551d34930e.php 第 94 行.
NOTIC: [8] Undefined index: SubjectID E:\web\www\tk\Runtime\Cache\User\f6acd528a2dbd7fc32aa3a551d34930e.php 第 94 行.
NOTIC: [8] Undefined index: SubjectID E:\web\www\tk\Runtime\Cache\User\f6acd528a2dbd7fc32aa3a551d34930e.php 第 94 行.
NOTIC: [8] Undefined index: SubjectID E:\web\www\tk\Runtime\Cache\User\f6acd528a2dbd7fc32aa3a551d34930e.php 第 94 行.
NOTIC: [8] Undefined index: SubjectID E:\web\www\tk\Runtime\Cache\User\f6acd528a2dbd7fc32aa3a551d34930e.php 第 94 行.
NOTIC: [8] Undefined index: SubjectID E:\web\www\tk\Runtime\Cache\User\f6acd528a2dbd7fc32aa3a551d34930e.php 第 94 行.
NOTIC: [8] Undefined index: SubjectID E:\web\www\tk\Runtime\Cache\User\f6acd528a2dbd7fc32aa3a551d34930e.php 第 94 行.
NOTIC: [8] Undefined index: RealName E:\web\www\tk\Runtime\Cache\User\f6acd528a2dbd7fc32aa3a551d34930e.php 第 102 行.
NOTIC: [8] Undefined index: Sex E:\web\www\tk\Runtime\Cache\User\f6acd528a2dbd7fc32aa3a551d34930e.php 第 110 行.
NOTIC: [8] Undefined index: Sex E:\web\www\tk\Runtime\Cache\User\f6acd528a2dbd7fc32aa3a551d34930e.php 第 111 行.
NOTIC: [8] Undefined index: Status E:\web\www\tk\Runtime\Cache\User\f6acd528a2dbd7fc32aa3a551d34930e.php 第 118 行.
NOTIC: [8] Undefined index: Status E:\web\www\tk\Runtime\Cache\User\f6acd528a2dbd7fc32aa3a551d34930e.php 第 119 行.
NOTIC: [8] Undefined index: Whois E:\web\www\tk\Runtime\Cache\User\f6acd528a2dbd7fc32aa3a551d34930e.php 第 126 行.
NOTIC: [8] Undefined index: Whois E:\web\www\tk\Runtime\Cache\User\f6acd528a2dbd7fc32aa3a551d34930e.php 第 127 行.
NOTIC: [8] Undefined variable: areaParent E:\web\www\tk\Runtime\Cache\User\f6acd528a2dbd7fc32aa3a551d34930e.php 第 226 行.
NOTIC: [8] Undefined variable: act E:\web\www\tk\Runtime\Cache\User\f6acd528a2dbd7fc32aa3a551d34930e.php 第 228 行.
INFO: Run Behavior\ParseTemplateBehavior [ RunTime:0.022305s ]
INFO: [ view_parse ] --END-- [ RunTime:0.022356s ]
INFO: [ view_filter ] --START--
INFO: Run Behavior\WriteHtmlCacheBehavior [ RunTime:0.000626s ]
INFO: Run Behavior\TokenBuildBehavior [ RunTime:0.001840s ]
INFO: [ view_filter ] --END-- [ RunTime:0.002524s ]
INFO: [ app_end ] --START--
INFO: Run Behavior\ShowPageTraceBehavior [ RunTime:0.000851s ]
INFO: [ app_end ] --END-- [ RunTime:0.000912s ]

[ 2017-10-19T14:41:39+08:00 ] 127.0.0.1 /User/User/index/p/2.html
INFO: [ app_init ] --START--
INFO: Run Behavior\BuildLiteBehavior [ RunTime:0.000011s ]
INFO: [ app_init ] --END-- [ RunTime:0.000048s ]
NOTIC: [2] preg_match(): Unknown modifier 'f' E:\web\www\main\Library\Think\Route.class.php 第 58 行.
NOTIC: [2] preg_match(): Unknown modifier 'f' E:\web\www\main\Library\Think\Route.class.php 第 58 行.
INFO: [ app_begin ] --START--
INFO: Run Behavior\ReadHtmlCacheBehavior [ RunTime:0.000558s ]
INFO: [ app_begin ] --END-- [ RunTime:0.000594s ]
NOTIC: [8] Undefined index: Manage E:\web\www\tk\Common\Controller\SystemLayerController.class.php 第 24 行.
NOTIC: [8] Undefined index: Manage E:\web\www\tk\Common\Controller\DefaultController.class.php 第 24 行.
NOTIC: [8] Undefined index: IP E:\web\www\tk\User\Manage\UserManage.class.php 第 1051 行.
NOTIC: [8] Undefined index: IPID E:\web\www\tk\User\Manage\UserManage.class.php 第 1064 行.
NOTIC: [8] Undefined index: name E:\web\www\tk\User\Manage\UserManage.class.php 第 1089 行.
NOTIC: [8] Undefined index: UserName E:\web\www\tk\User\Manage\UserManage.class.php 第 1095 行.
NOTIC: [8] Undefined index: Email E:\web\www\tk\User\Manage\UserManage.class.php 第 1099 行.
NOTIC: [8] Undefined index: Phonecode E:\web\www\tk\User\Manage\UserManage.class.php 第 1103 行.
NOTIC: [8] Undefined index: RealName E:\web\www\tk\User\Manage\UserManage.class.php 第 1107 行.
NOTIC: [8] Undefined index: Sex E:\web\www\tk\User\Manage\UserManage.class.php 第 1111 行.
NOTIC: [8] Undefined index: Status E:\web\www\tk\User\Manage\UserManage.class.php 第 1115 行.
NOTIC: [8] Undefined index: Whois E:\web\www\tk\User\Manage\UserManage.class.php 第 1119 行.
NOTIC: [8] Undefined index: UserID E:\web\www\tk\User\Manage\UserManage.class.php 第 1125 行.
NOTIC: [8] Undefined index: SubjectID E:\web\www\tk\User\Manage\UserManage.class.php 第 1132 行.
NOTIC: [8] Undefined index: groupID E:\web\www\tk\User\Manage\UserManage.class.php 第 1138 行.
NOTIC: [8] Undefined index: AreaID E:\web\www\tk\User\Manage\UserManage.class.php 第 1143 行.
NOTIC: [8] Undefined index: SchoolID E:\web\www\tk\User\Manage\UserManage.class.php 第 1147 行.
NOTIC: [8] Undefined index: Status E:\web\www\tk\User\Manage\UserManage.class.php 第 1152 行.
NOTIC: [8] Undefined offset: 0 E:\web\www\tk\User\Manage\UserManage.class.php 第 217 行.
NOTIC: [8] Undefined offset: 0 E:\web\www\tk\User\Manage\UserManage.class.php 第 217 行.
NOTIC: [8] Undefined offset: 0 E:\web\www\tk\User\Manage\UserManage.class.php 第 217 行.
NOTIC: [8] Undefined offset: 0 E:\web\www\tk\User\Manage\UserManage.class.php 第 217 行.
NOTIC: [8] Undefined offset: 0 E:\web\www\tk\User\Manage\UserManage.class.php 第 217 行.
NOTIC: [8] Undefined offset: 0 E:\web\www\tk\User\Manage\UserManage.class.php 第 217 行.
NOTIC: [8] Undefined offset: 0 E:\web\www\tk\User\Manage\UserManage.class.php 第 217 行.
NOTIC: [8] Undefined offset: 0 E:\web\www\tk\User\Manage\UserManage.class.php 第 217 行.
NOTIC: [8] Undefined offset: 0 E:\web\www\tk\User\Manage\UserManage.class.php 第 217 行.
NOTIC: [8] Undefined offset: 0 E:\web\www\tk\User\Manage\UserManage.class.php 第 217 行.
NOTIC: [8] Undefined offset: 0 E:\web\www\tk\User\Manage\UserManage.class.php 第 217 行.
NOTIC: [8] Undefined offset: 0 E:\web\www\tk\User\Manage\UserManage.class.php 第 217 行.
NOTIC: [8] Undefined offset: 0 E:\web\www\tk\User\Manage\UserManage.class.php 第 217 行.
NOTIC: [8] Undefined offset: 0 E:\web\www\tk\User\Manage\UserManage.class.php 第 217 行.
NOTIC: [8] Undefined offset: 0 E:\web\www\tk\User\Manage\UserManage.class.php 第 217 行.
NOTIC: [8] Undefined offset: 0 E:\web\www\tk\User\Manage\UserManage.class.php 第 217 行.
NOTIC: [8] Undefined offset: 0 E:\web\www\tk\User\Manage\UserManage.class.php 第 217 行.
NOTIC: [8] Undefined offset: 0 E:\web\www\tk\User\Manage\UserManage.class.php 第 217 行.
NOTIC: [8] Undefined offset: 0 E:\web\www\tk\User\Manage\UserManage.class.php 第 217 行.
NOTIC: [8] Undefined offset: 0 E:\web\www\tk\User\Manage\UserManage.class.php 第 217 行.
NOTIC: [8] Undefined offset: 0 E:\web\www\tk\User\Manage\UserManage.class.php 第 217 行.
NOTIC: [8] Undefined offset: 0 E:\web\www\tk\User\Manage\UserManage.class.php 第 217 行.
NOTIC: [8] Undefined offset: 0 E:\web\www\tk\User\Manage\UserManage.class.php 第 217 行.
NOTIC: [8] Undefined offset: 0 E:\web\www\tk\User\Manage\UserManage.class.php 第 217 行.
NOTIC: [8] Undefined offset: 0 E:\web\www\tk\User\Manage\UserManage.class.php 第 217 行.
NOTIC: [8] Undefined offset: 0 E:\web\www\tk\User\Manage\UserManage.class.php 第 217 行.
NOTIC: [8] Undefined offset: 0 E:\web\www\tk\User\Manage\UserManage.class.php 第 217 行.
NOTIC: [8] Undefined offset: 0 E:\web\www\tk\User\Manage\UserManage.class.php 第 217 行.
NOTIC: [8] Undefined offset: 174 E:\web\www\tk\User\Manage\UserManage.class.php 第 219 行.
NOTIC: [8] Undefined offset: 174 E:\web\www\tk\User\Manage\UserManage.class.php 第 220 行.
NOTIC: [8] Undefined offset: 3 E:\web\www\tk\User\Manage\UserManage.class.php 第 239 行.
NOTIC: [8] Undefined offset: 0 E:\web\www\tk\User\Manage\UserManage.class.php 第 217 行.
NOTIC: [8] Undefined offset: 0 E:\web\www\tk\User\Manage\UserManage.class.php 第 217 行.
NOTIC: [8] Undefined offset: 0 E:\web\www\tk\User\Manage\UserManage.class.php 第 217 行.
NOTIC: [8] Undefined offset: 0 E:\web\www\tk\User\Manage\UserManage.class.php 第 217 行.
NOTIC: [8] Undefined offset: 0 E:\web\www\tk\User\Manage\UserManage.class.php 第 217 行.
NOTIC: [8] Undefined offset: 0 E:\web\www\tk\User\Manage\UserManage.class.php 第 217 行.
NOTIC: [8] Undefined offset: 0 E:\web\www\tk\User\Manage\UserManage.class.php 第 217 行.
NOTIC: [8] Undefined offset: 0 E:\web\www\tk\User\Manage\UserManage.class.php 第 217 行.
NOTIC: [8] Undefined offset: 0 E:\web\www\tk\User\Manage\UserManage.class.php 第 217 行.
NOTIC: [8] Undefined offset: 0 E:\web\www\tk\User\Manage\UserManage.class.php 第 217 行.
NOTIC: [8] Undefined offset: 0 E:\web\www\tk\User\Manage\UserManage.class.php 第 217 行.
NOTIC: [8] Undefined offset: 0 E:\web\www\tk\User\Manage\UserManage.class.php 第 217 行.
NOTIC: [2] Missing argument 3 for WLNPage::init() E:\web\www\tk\Common\Tool\WLNPage.class.php 第 50 行.
NOTIC: [8] Undefined variable: thirdPram E:\web\www\tk\Common\Tool\WLNPage.class.php 第 51 行.
NOTIC: [2] array_merge(): Argument #2 is not an array E:\web\www\tk\Common\Tool\WLNPage.class.php 第 51 行.
NOTIC: [2] extract() expects parameter 1 to be array, null given E:\web\www\tk\Common\Tool\WLNPage.class.php 第 52 行.
NOTIC: [8] Undefined variable: parameter E:\web\www\tk\Common\Tool\WLNPage.class.php 第 54 行.
NOTIC: [8] Undefined index: phone E:\web\www\tk\Common\Tool\WLNPage.class.php 第 63 行.
NOTIC: [8] Undefined variable: type E:\web\www\tk\Common\Tool\WLNPage.class.php 第 88 行.
NOTIC: [8] Undefined variable: type E:\web\www\tk\Common\Tool\WLNPage.class.php 第 89 行.
INFO: [ view_parse ] --START--
NOTIC: [8] Undefined index: class E:\web\www\main\Library\Think\Template\TagLib\Html.class.php 第 78 行.
NOTIC: [8] Undefined index: class E:\web\www\main\Library\Think\Template\TagLib\Html.class.php 第 78 行.
INFO: [ template_filter ] --START--
INFO: Run Behavior\ContentReplaceBehavior [ RunTime:0.000085s ]
INFO: [ template_filter ] --END-- [ RunTime:0.000124s ]
NOTIC: [8] Undefined index: name E:\web\www\tk\Runtime\Cache\User\f6acd528a2dbd7fc32aa3a551d34930e.php 第 56 行.
NOTIC: [8] Undefined index: UserID E:\web\www\tk\Runtime\Cache\User\f6acd528a2dbd7fc32aa3a551d34930e.php 第 68 行.
NOTIC: [8] Undefined index: UserName E:\web\www\tk\Runtime\Cache\User\f6acd528a2dbd7fc32aa3a551d34930e.php 第 72 行.
NOTIC: [8] Undefined index: IP E:\web\www\tk\Runtime\Cache\User\f6acd528a2dbd7fc32aa3a551d34930e.php 第 76 行.
NOTIC: [8] Undefined index: groupID E:\web\www\tk\Runtime\Cache\User\f6acd528a2dbd7fc32aa3a551d34930e.php 第 83 行.
NOTIC: [8] Undefined index: groupID E:\web\www\tk\Runtime\Cache\User\f6acd528a2dbd7fc32aa3a551d34930e.php 第 83 行.
NOTIC: [8] Undefined index: groupID E:\web\www\tk\Runtime\Cache\User\f6acd528a2dbd7fc32aa3a551d34930e.php 第 83 行.
NOTIC: [8] Undefined index: groupID E:\web\www\tk\Runtime\Cache\User\f6acd528a2dbd7fc32aa3a551d34930e.php 第 83 行.
NOTIC: [8] Undefined index: groupID E:\web\www\tk\Runtime\Cache\User\f6acd528a2dbd7fc32aa3a551d34930e.php 第 83 行.
NOTIC: [8] Undefined index: groupID E:\web\www\tk\Runtime\Cache\User\f6acd528a2dbd7fc32aa3a551d34930e.php 第 83 行.
NOTIC: [8] Undefined index: groupID E:\web\www\tk\Runtime\Cache\User\f6acd528a2dbd7fc32aa3a551d34930e.php 第 83 行.
NOTIC: [8] Undefined index: groupID E:\web\www\tk\Runtime\Cache\User\f6acd528a2dbd7fc32aa3a551d34930e.php 第 83 行.
NOTIC: [8] Undefined index: groupID E:\web\www\tk\Runtime\Cache\User\f6acd528a2dbd7fc32aa3a551d34930e.php 第 83 行.
NOTIC: [8] Undefined index: groupID E:\web\www\tk\Runtime\Cache\User\f6acd528a2dbd7fc32aa3a551d34930e.php 第 83 行.
NOTIC: [8] Undefined index: groupID E:\web\www\tk\Runtime\Cache\User\f6acd528a2dbd7fc32aa3a551d34930e.php 第 83 行.
NOTIC: [8] Undefined index: groupID E:\web\www\tk\Runtime\Cache\User\f6acd528a2dbd7fc32aa3a551d34930e.php 第 83 行.
NOTIC: [8] Undefined index: groupID E:\web\www\tk\Runtime\Cache\User\f6acd528a2dbd7fc32aa3a551d34930e.php 第 83 行.
NOTIC: [8] Undefined index: groupID E:\web\www\tk\Runtime\Cache\User\f6acd528a2dbd7fc32aa3a551d34930e.php 第 83 行.
NOTIC: [8] Undefined index: groupID E:\web\www\tk\Runtime\Cache\User\f6acd528a2dbd7fc32aa3a551d34930e.php 第 83 行.
NOTIC: [8] Undefined index: groupID E:\web\www\tk\Runtime\Cache\User\f6acd528a2dbd7fc32aa3a551d34930e.php 第 83 行.
NOTIC: [8] Undefined index: groupID E:\web\www\tk\Runtime\Cache\User\f6acd528a2dbd7fc32aa3a551d34930e.php 第 83 行.
NOTIC: [8] Undefined index: groupID E:\web\www\tk\Runtime\Cache\User\f6acd528a2dbd7fc32aa3a551d34930e.php 第 83 行.
NOTIC: [8] Undefined index: groupID E:\web\www\tk\Runtime\Cache\User\f6acd528a2dbd7fc32aa3a551d34930e.php 第 83 行.
NOTIC: [8] Undefined index: groupID E:\web\www\tk\Runtime\Cache\User\f6acd528a2dbd7fc32aa3a551d34930e.php 第 83 行.
NOTIC: [8] Undefined index: groupID E:\web\www\tk\Runtime\Cache\User\f6acd528a2dbd7fc32aa3a551d34930e.php 第 83 行.
NOTIC: [8] Undefined index: groupID E:\web\www\tk\Runtime\Cache\User\f6acd528a2dbd7fc32aa3a551d34930e.php 第 83 行.
NOTIC: [8] Undefined index: groupID E:\web\www\tk\Runtime\Cache\User\f6acd528a2dbd7fc32aa3a551d34930e.php 第 83 行.
NOTIC: [8] Undefined index: SubjectID E:\web\www\tk\Runtime\Cache\User\f6acd528a2dbd7fc32aa3a551d34930e.php 第 94 行.
NOTIC: [8] Undefined index: SubjectID E:\web\www\tk\Runtime\Cache\User\f6acd528a2dbd7fc32aa3a551d34930e.php 第 94 行.
NOTIC: [8] Undefined index: SubjectID E:\web\www\tk\Runtime\Cache\User\f6acd528a2dbd7fc32aa3a551d34930e.php 第 94 行.
NOTIC: [8] Undefined index: SubjectID E:\web\www\tk\Runtime\Cache\User\f6acd528a2dbd7fc32aa3a551d34930e.php 第 94 行.
NOTIC: [8] Undefined index: SubjectID E:\web\www\tk\Runtime\Cache\User\f6acd528a2dbd7fc32aa3a551d34930e.php 第 94 行.
NOTIC: [8] Undefined index: SubjectID E:\web\www\tk\Runtime\Cache\User\f6acd528a2dbd7fc32aa3a551d34930e.php 第 94 行.
NOTIC: [8] Undefined index: SubjectID E:\web\www\tk\Runtime\Cache\User\f6acd528a2dbd7fc32aa3a551d34930e.php 第 94 行.
NOTIC: [8] Undefined index: SubjectID E:\web\www\tk\Runtime\Cache\User\f6acd528a2dbd7fc32aa3a551d34930e.php 第 94 行.
NOTIC: [8] Undefined index: SubjectID E:\web\www\tk\Runtime\Cache\User\f6acd528a2dbd7fc32aa3a551d34930e.php 第 94 行.
NOTIC: [8] Undefined index: SubjectID E:\web\www\tk\Runtime\Cache\User\f6acd528a2dbd7fc32aa3a551d34930e.php 第 94 行.
NOTIC: [8] Undefined index: SubjectID E:\web\www\tk\Runtime\Cache\User\f6acd528a2dbd7fc32aa3a551d34930e.php 第 94 行.
NOTIC: [8] Undefined index: SubjectID E:\web\www\tk\Runtime\Cache\User\f6acd528a2dbd7fc32aa3a551d34930e.php 第 94 行.
NOTIC: [8] Undefined index: SubjectID E:\web\www\tk\Runtime\Cache\User\f6acd528a2dbd7fc32aa3a551d34930e.php 第 94 行.
NOTIC: [8] Undefined index: SubjectID E:\web\www\tk\Runtime\Cache\User\f6acd528a2dbd7fc32aa3a551d34930e.php 第 94 行.
NOTIC: [8] Undefined index: SubjectID E:\web\www\tk\Runtime\Cache\User\f6acd528a2dbd7fc32aa3a551d34930e.php 第 94 行.
NOTIC: [8] Undefined index: SubjectID E:\web\www\tk\Runtime\Cache\User\f6acd528a2dbd7fc32aa3a551d34930e.php 第 94 行.
NOTIC: [8] Undefined index: SubjectID E:\web\www\tk\Runtime\Cache\User\f6acd528a2dbd7fc32aa3a551d34930e.php 第 94 行.
NOTIC: [8] Undefined index: SubjectID E:\web\www\tk\Runtime\Cache\User\f6acd528a2dbd7fc32aa3a551d34930e.php 第 94 行.
NOTIC: [8] Undefined index: SubjectID E:\web\www\tk\Runtime\Cache\User\f6acd528a2dbd7fc32aa3a551d34930e.php 第 94 行.
NOTIC: [8] Undefined index: SubjectID E:\web\www\tk\Runtime\Cache\User\f6acd528a2dbd7fc32aa3a551d34930e.php 第 94 行.
NOTIC: [8] Undefined index: SubjectID E:\web\www\tk\Runtime\Cache\User\f6acd528a2dbd7fc32aa3a551d34930e.php 第 94 行.
NOTIC: [8] Undefined index: SubjectID E:\web\www\tk\Runtime\Cache\User\f6acd528a2dbd7fc32aa3a551d34930e.php 第 94 行.
NOTIC: [8] Undefined index: SubjectID E:\web\www\tk\Runtime\Cache\User\f6acd528a2dbd7fc32aa3a551d34930e.php 第 94 行.
NOTIC: [8] Undefined index: SubjectID E:\web\www\tk\Runtime\Cache\User\f6acd528a2dbd7fc32aa3a551d34930e.php 第 94 行.
NOTIC: [8] Undefined index: SubjectID E:\web\www\tk\Runtime\Cache\User\f6acd528a2dbd7fc32aa3a551d34930e.php 第 94 行.
NOTIC: [8] Undefined index: RealName E:\web\www\tk\Runtime\Cache\User\f6acd528a2dbd7fc32aa3a551d34930e.php 第 102 行.
NOTIC: [8] Undefined index: Sex E:\web\www\tk\Runtime\Cache\User\f6acd528a2dbd7fc32aa3a551d34930e.php 第 110 行.
NOTIC: [8] Undefined index: Sex E:\web\www\tk\Runtime\Cache\User\f6acd528a2dbd7fc32aa3a551d34930e.php 第 111 行.
NOTIC: [8] Undefined index: Status E:\web\www\tk\Runtime\Cache\User\f6acd528a2dbd7fc32aa3a551d34930e.php 第 118 行.
NOTIC: [8] Undefined index: Status E:\web\www\tk\Runtime\Cache\User\f6acd528a2dbd7fc32aa3a551d34930e.php 第 119 行.
NOTIC: [8] Undefined index: Whois E:\web\www\tk\Runtime\Cache\User\f6acd528a2dbd7fc32aa3a551d34930e.php 第 126 行.
NOTIC: [8] Undefined index: Whois E:\web\www\tk\Runtime\Cache\User\f6acd528a2dbd7fc32aa3a551d34930e.php 第 127 行.
NOTIC: [8] Undefined variable: areaParent E:\web\www\tk\Runtime\Cache\User\f6acd528a2dbd7fc32aa3a551d34930e.php 第 226 行.
NOTIC: [8] Undefined variable: act E:\web\www\tk\Runtime\Cache\User\f6acd528a2dbd7fc32aa3a551d34930e.php 第 228 行.
INFO: Run Behavior\ParseTemplateBehavior [ RunTime:0.021368s ]
INFO: [ view_parse ] --END-- [ RunTime:0.021406s ]
INFO: [ view_filter ] --START--
INFO: Run Behavior\WriteHtmlCacheBehavior [ RunTime:0.000538s ]
INFO: Run Behavior\TokenBuildBehavior [ RunTime:0.001810s ]
INFO: [ view_filter ] --END-- [ RunTime:0.002401s ]
INFO: [ app_end ] --START--
INFO: Run Behavior\ShowPageTraceBehavior [ RunTime:0.000964s ]
INFO: [ app_end ] --END-- [ RunTime:0.001025s ]

[ 2017-10-19T14:41:45+08:00 ] 127.0.0.1 /User/User
INFO: [ app_init ] --START--
INFO: Run Behavior\BuildLiteBehavior [ RunTime:0.000027s ]
INFO: [ app_init ] --END-- [ RunTime:0.000091s ]
NOTIC: [2] preg_match(): Unknown modifier 'f' E:\web\www\main\Library\Think\Route.class.php 第 58 行.
NOTIC: [2] preg_match(): Unknown modifier 'f' E:\web\www\main\Library\Think\Route.class.php 第 58 行.
INFO: [ app_begin ] --START--
INFO: Run Behavior\ReadHtmlCacheBehavior [ RunTime:0.000549s ]
INFO: [ app_begin ] --END-- [ RunTime:0.000600s ]
NOTIC: [8] Undefined index: Manage E:\web\www\tk\Common\Controller\SystemLayerController.class.php 第 24 行.
NOTIC: [8] Undefined index: Manage E:\web\www\tk\Common\Controller\DefaultController.class.php 第 24 行.
NOTIC: [8] Undefined index: IPID E:\web\www\tk\User\Manage\UserManage.class.php 第 1064 行.
NOTIC: [2] Missing argument 3 for WLNPage::init() E:\web\www\tk\Common\Tool\WLNPage.class.php 第 50 行.
NOTIC: [8] Undefined variable: thirdPram E:\web\www\tk\Common\Tool\WLNPage.class.php 第 51 行.
NOTIC: [2] array_merge(): Argument #2 is not an array E:\web\www\tk\Common\Tool\WLNPage.class.php 第 51 行.
NOTIC: [2] extract() expects parameter 1 to be array, null given E:\web\www\tk\Common\Tool\WLNPage.class.php 第 52 行.
NOTIC: [8] Undefined variable: parameter E:\web\www\tk\Common\Tool\WLNPage.class.php 第 54 行.
NOTIC: [8] Undefined index: phone E:\web\www\tk\Common\Tool\WLNPage.class.php 第 63 行.
NOTIC: [8] Undefined variable: type E:\web\www\tk\Common\Tool\WLNPage.class.php 第 88 行.
NOTIC: [8] Undefined variable: type E:\web\www\tk\Common\Tool\WLNPage.class.php 第 89 行.
INFO: [ view_parse ] --START--
NOTIC: [8] Undefined index: class E:\web\www\main\Library\Think\Template\TagLib\Html.class.php 第 78 行.
NOTIC: [8] Undefined index: class E:\web\www\main\Library\Think\Template\TagLib\Html.class.php 第 78 行.
INFO: [ template_filter ] --START--
INFO: Run Behavior\ContentReplaceBehavior [ RunTime:0.000090s ]
INFO: [ template_filter ] --END-- [ RunTime:0.000133s ]
NOTIC: [8] Undefined variable: areaParent E:\web\www\tk\Runtime\Cache\User\f6acd528a2dbd7fc32aa3a551d34930e.php 第 226 行.
NOTIC: [8] Undefined variable: act E:\web\www\tk\Runtime\Cache\User\f6acd528a2dbd7fc32aa3a551d34930e.php 第 228 行.
INFO: Run Behavior\ParseTemplateBehavior [ RunTime:0.018263s ]
INFO: [ view_parse ] --END-- [ RunTime:0.018331s ]
INFO: [ view_filter ] --START--
INFO: Run Behavior\WriteHtmlCacheBehavior [ RunTime:0.000852s ]
INFO: Run Behavior\TokenBuildBehavior [ RunTime:0.000965s ]
INFO: [ view_filter ] --END-- [ RunTime:0.001921s ]
INFO: [ app_end ] --START--
INFO: Run Behavior\ShowPageTraceBehavior [ RunTime:0.000949s ]
INFO: [ app_end ] --END-- [ RunTime:0.001007s ]

[ 2017-10-19T14:41:51+08:00 ] 127.0.0.1 /User/User/add.html
INFO: [ app_init ] --START--
INFO: Run Behavior\BuildLiteBehavior [ RunTime:0.000027s ]
INFO: [ app_init ] --END-- [ RunTime:0.000070s ]
NOTIC: [2] preg_match(): Unknown modifier 'f' E:\web\www\main\Library\Think\Route.class.php 第 58 行.
NOTIC: [2] preg_match(): Unknown modifier 'f' E:\web\www\main\Library\Think\Route.class.php 第 58 行.
INFO: [ app_begin ] --START--
INFO: Run Behavior\ReadHtmlCacheBehavior [ RunTime:0.000578s ]
INFO: [ app_begin ] --END-- [ RunTime:0.000630s ]
NOTIC: [8] Undefined index: Manage E:\web\www\tk\Common\Controller\SystemLayerController.class.php 第 24 行.
NOTIC: [8] Undefined index: Manage E:\web\www\tk\Common\Controller\DefaultController.class.php 第 24 行.
INFO: [ view_parse ] --START--
INFO: [ template_filter ] --START--
INFO: Run Behavior\ContentReplaceBehavior [ RunTime:0.000094s ]
INFO: [ template_filter ] --END-- [ RunTime:0.000151s ]
NOTIC: [8] Undefined variable: edit E:\web\www\tk\Runtime\Cache\User\60d08ad4c5edab694374744cd09886dd.php 第 64 行.
NOTIC: [8] Undefined variable: edit E:\web\www\tk\Runtime\Cache\User\60d08ad4c5edab694374744cd09886dd.php 第 68 行.
NOTIC: [8] Undefined variable: edit E:\web\www\tk\Runtime\Cache\User\60d08ad4c5edab694374744cd09886dd.php 第 75 行.
NOTIC: [8] Undefined variable: edit E:\web\www\tk\Runtime\Cache\User\60d08ad4c5edab694374744cd09886dd.php 第 75 行.
NOTIC: [8] Undefined variable: edit E:\web\www\tk\Runtime\Cache\User\60d08ad4c5edab694374744cd09886dd.php 第 76 行.
NOTIC: [8] Undefined variable: edit E:\web\www\tk\Runtime\Cache\User\60d08ad4c5edab694374744cd09886dd.php 第 85 行.
NOTIC: [8] Undefined variable: edit E:\web\www\tk\Runtime\Cache\User\60d08ad4c5edab694374744cd09886dd.php 第 93 行.
NOTIC: [8] Undefined variable: edit E:\web\www\tk\Runtime\Cache\User\60d08ad4c5edab694374744cd09886dd.php 第 106 行.
NOTIC: [8] Undefined variable: edit E:\web\www\tk\Runtime\Cache\User\60d08ad4c5edab694374744cd09886dd.php 第 107 行.
NOTIC: [8] Undefined variable: edit E:\web\www\tk\Runtime\Cache\User\60d08ad4c5edab694374744cd09886dd.php 第 108 行.
NOTIC: [8] Undefined variable: edit E:\web\www\tk\Runtime\Cache\User\60d08ad4c5edab694374744cd09886dd.php 第 111 行.
NOTIC: [8] Undefined variable: edit E:\web\www\tk\Runtime\Cache\User\60d08ad4c5edab694374744cd09886dd.php 第 118 行.
NOTIC: [8] Undefined variable: edit E:\web\www\tk\Runtime\Cache\User\60d08ad4c5edab694374744cd09886dd.php 第 118 行.
NOTIC: [8] Undefined variable: edit E:\web\www\tk\Runtime\Cache\User\60d08ad4c5edab694374744cd09886dd.php 第 125 行.
NOTIC: [8] Undefined variable: edit E:\web\www\tk\Runtime\Cache\User\60d08ad4c5edab694374744cd09886dd.php 第 125 行.
NOTIC: [8] Undefined variable: edit E:\web\www\tk\Runtime\Cache\User\60d08ad4c5edab694374744cd09886dd.php 第 125 行.
NOTIC: [8] Undefined variable: edit E:\web\www\tk\Runtime\Cache\User\60d08ad4c5edab694374744cd09886dd.php 第 125 行.
NOTIC: [8] Undefined variable: edit E:\web\www\tk\Runtime\Cache\User\60d08ad4c5edab694374744cd09886dd.php 第 125 行.
NOTIC: [8] Undefined variable: edit E:\web\www\tk\Runtime\Cache\User\60d08ad4c5edab694374744cd09886dd.php 第 125 行.
NOTIC: [8] Undefined variable: edit E:\web\www\tk\Runtime\Cache\User\60d08ad4c5edab694374744cd09886dd.php 第 125 行.
NOTIC: [8] Undefined variable: edit E:\web\www\tk\Runtime\Cache\User\60d08ad4c5edab694374744cd09886dd.php 第 125 行.
NOTIC: [8] Undefined variable: edit E:\web\www\tk\Runtime\Cache\User\60d08ad4c5edab694374744cd09886dd.php 第 125 行.
NOTIC: [8] Undefined variable: edit E:\web\www\tk\Runtime\Cache\User\60d08ad4c5edab694374744cd09886dd.php 第 125 行.
NOTIC: [8] Undefined variable: edit E:\web\www\tk\Runtime\Cache\User\60d08ad4c5edab694374744cd09886dd.php 第 125 行.
NOTIC: [8] Undefined variable: edit E:\web\www\tk\Runtime\Cache\User\60d08ad4c5edab694374744cd09886dd.php 第 125 行.
NOTIC: [8] Undefined variable: edit E:\web\www\tk\Runtime\Cache\User\60d08ad4c5edab694374744cd09886dd.php 第 125 行.
NOTIC: [8] Undefined variable: edit E:\web\www\tk\Runtime\Cache\User\60d08ad4c5edab694374744cd09886dd.php 第 125 行.
NOTIC: [8] Undefined variable: edit E:\web\www\tk\Runtime\Cache\User\60d08ad4c5edab694374744cd09886dd.php 第 125 行.
NOTIC: [8] Undefined variable: edit E:\web\www\tk\Runtime\Cache\User\60d08ad4c5edab694374744cd09886dd.php 第 125 行.
NOTIC: [8] Undefined variable: edit E:\web\www\tk\Runtime\Cache\User\60d08ad4c5edab694374744cd09886dd.php 第 125 行.
NOTIC: [8] Undefined variable: edit E:\web\www\tk\Runtime\Cache\User\60d08ad4c5edab694374744cd09886dd.php 第 125 行.
NOTIC: [8] Undefined variable: edit E:\web\www\tk\Runtime\Cache\User\60d08ad4c5edab694374744cd09886dd.php 第 125 行.
NOTIC: [8] Undefined variable: edit E:\web\www\tk\Runtime\Cache\User\60d08ad4c5edab694374744cd09886dd.php 第 125 行.
NOTIC: [8] Undefined variable: edit E:\web\www\tk\Runtime\Cache\User\60d08ad4c5edab694374744cd09886dd.php 第 125 行.
NOTIC: [8] Undefined variable: edit E:\web\www\tk\Runtime\Cache\User\60d08ad4c5edab694374744cd09886dd.php 第 125 行.
NOTIC: [8] Undefined variable: edit E:\web\www\tk\Runtime\Cache\User\60d08ad4c5edab694374744cd09886dd.php 第 125 行.
NOTIC: [8] Undefined variable: edit E:\web\www\tk\Runtime\Cache\User\60d08ad4c5edab694374744cd09886dd.php 第 125 行.
NOTIC: [8] Undefined variable: edit E:\web\www\tk\Runtime\Cache\User\60d08ad4c5edab694374744cd09886dd.php 第 125 行.
NOTIC: [8] Undefined variable: grade E:\web\www\tk\Runtime\Cache\User\60d08ad4c5edab694374744cd09886dd.php 第 136 行.
NOTIC: [8] Undefined variable: edit E:\web\www\tk\Runtime\Cache\User\60d08ad4c5edab694374744cd09886dd.php 第 143 行.
NOTIC: [8] Undefined variable: edit E:\web\www\tk\Runtime\Cache\User\60d08ad4c5edab694374744cd09886dd.php 第 144 行.
NOTIC: [8] Undefined variable: edit E:\web\www\tk\Runtime\Cache\User\60d08ad4c5edab694374744cd09886dd.php 第 147 行.
NOTIC: [8] Undefined variable: edit E:\web\www\tk\Runtime\Cache\User\60d08ad4c5edab694374744cd09886dd.php 第 165 行.
NOTIC: [8] Undefined variable: edit E:\web\www\tk\Runtime\Cache\User\60d08ad4c5edab694374744cd09886dd.php 第 228 行.
INFO: Run Behavior\ParseTemplateBehavior [ RunTime:0.042021s ]
INFO: [ view_parse ] --END-- [ RunTime:0.042062s ]
INFO: [ view_filter ] --START--
INFO: Run Behavior\WriteHtmlCacheBehavior [ RunTime:0.000416s ]
INFO: Run Behavior\TokenBuildBehavior [ RunTime:0.000789s ]
INFO: [ view_filter ] --END-- [ RunTime:0.001257s ]
INFO: [ app_end ] --START--
INFO: Run Behavior\ShowPageTraceBehavior [ RunTime:0.000800s ]
INFO: [ app_end ] --END-- [ RunTime:0.000843s ]

[ 2017-10-19T14:42:31+08:00 ] 127.0.0.1 /User/Index/passportLogin
INFO: [ app_init ] --START--
INFO: Run Behavior\BuildLiteBehavior [ RunTime:0.000011s ]
INFO: [ app_init ] --END-- [ RunTime:0.000048s ]
NOTIC: [2] preg_match(): Unknown modifier 'f' E:\web\www\main\Library\Think\Route.class.php 第 58 行.
NOTIC: [2] preg_match(): Unknown modifier 'f' E:\web\www\main\Library\Think\Route.class.php 第 58 行.
INFO: [ app_begin ] --START--
INFO: Run Behavior\ReadHtmlCacheBehavior [ RunTime:0.000535s ]
INFO: [ app_begin ] --END-- [ RunTime:0.000569s ]
NOTIC: [8] Undefined index: phone E:\web\www\tk\User\Model\UserModel.class.php 第 430 行.
NOTIC: [2] preg_replace(): No ending delimiter '/' found E:\web\www\tk\Common\Model\ApiDbModel.class.php 第 196 行.

[ 2017-10-19T14:55:05+08:00 ] 127.0.0.1 /User/UserLevel/index.html
INFO: [ app_init ] --START--
INFO: Run Behavior\BuildLiteBehavior [ RunTime:0.000010s ]
INFO: [ app_init ] --END-- [ RunTime:0.000060s ]
NOTIC: [2] preg_match(): Unknown modifier 'f' E:\web\www\main\Library\Think\Route.class.php 第 58 行.
NOTIC: [2] preg_match(): Unknown modifier 'f' E:\web\www\main\Library\Think\Route.class.php 第 58 行.
INFO: [ app_begin ] --START--
INFO: Run Behavior\ReadHtmlCacheBehavior [ RunTime:0.000572s ]
INFO: [ app_begin ] --END-- [ RunTime:0.000609s ]
NOTIC: [8] Undefined index: Manage E:\web\www\tk\Common\Controller\SystemLayerController.class.php 第 24 行.
NOTIC: [8] Undefined index: Manage E:\web\www\tk\Common\Controller\DefaultController.class.php 第 24 行.
INFO: [ view_parse ] --START--
INFO: [ template_filter ] --START--
INFO: Run Behavior\ContentReplaceBehavior [ RunTime:0.000084s ]
INFO: [ template_filter ] --END-- [ RunTime:0.000140s ]
NOTIC: [8] Use of undefined constant LevelID - assumed 'LevelID' E:\web\www\tk\Runtime\Cache\User\908dd25ccdb600f7442fbd1ab3da3cd6.php 第 67 行.
NOTIC: [8] Use of undefined constant LevelID - assumed 'LevelID' E:\web\www\tk\Runtime\Cache\User\908dd25ccdb600f7442fbd1ab3da3cd6.php 第 68 行.
NOTIC: [8] Use of undefined constant LevelID - assumed 'LevelID' E:\web\www\tk\Runtime\Cache\User\908dd25ccdb600f7442fbd1ab3da3cd6.php 第 67 行.
NOTIC: [8] Use of undefined constant LevelID - assumed 'LevelID' E:\web\www\tk\Runtime\Cache\User\908dd25ccdb600f7442fbd1ab3da3cd6.php 第 68 行.
NOTIC: [8] Use of undefined constant LevelID - assumed 'LevelID' E:\web\www\tk\Runtime\Cache\User\908dd25ccdb600f7442fbd1ab3da3cd6.php 第 67 行.
NOTIC: [8] Use of undefined constant LevelID - assumed 'LevelID' E:\web\www\tk\Runtime\Cache\User\908dd25ccdb600f7442fbd1ab3da3cd6.php 第 68 行.
NOTIC: [8] Use of undefined constant LevelID - assumed 'LevelID' E:\web\www\tk\Runtime\Cache\User\908dd25ccdb600f7442fbd1ab3da3cd6.php 第 67 行.
NOTIC: [8] Use of undefined constant LevelID - assumed 'LevelID' E:\web\www\tk\Runtime\Cache\User\908dd25ccdb600f7442fbd1ab3da3cd6.php 第 68 行.
NOTIC: [8] Use of undefined constant LevelID - assumed 'LevelID' E:\web\www\tk\Runtime\Cache\User\908dd25ccdb600f7442fbd1ab3da3cd6.php 第 67 行.
NOTIC: [8] Use of undefined constant LevelID - assumed 'LevelID' E:\web\www\tk\Runtime\Cache\User\908dd25ccdb600f7442fbd1ab3da3cd6.php 第 68 行.
INFO: Run Behavior\ParseTemplateBehavior [ RunTime:0.011610s ]
INFO: [ view_parse ] --END-- [ RunTime:0.011649s ]
INFO: [ view_filter ] --START--
INFO: Run Behavior\WriteHtmlCacheBehavior [ RunTime:0.000448s ]
INFO: Run Behavior\TokenBuildBehavior [ RunTime:0.000734s ]
INFO: [ view_filter ] --END-- [ RunTime:0.001233s ]
INFO: [ app_end ] --START--
INFO: Run Behavior\ShowPageTraceBehavior [ RunTime:0.000685s ]
INFO: [ app_end ] --END-- [ RunTime:0.000732s ]

[ 2017-10-19T14:55:07+08:00 ] 127.0.0.1 /User/UserLevel/edit/id/1.html
INFO: [ app_init ] --START--
INFO: Run Behavior\BuildLiteBehavior [ RunTime:0.000011s ]
INFO: [ app_init ] --END-- [ RunTime:0.000048s ]
NOTIC: [2] preg_match(): Unknown modifier 'f' E:\web\www\main\Library\Think\Route.class.php 第 58 行.
NOTIC: [2] preg_match(): Unknown modifier 'f' E:\web\www\main\Library\Think\Route.class.php 第 58 行.
INFO: [ app_begin ] --START--
INFO: Run Behavior\ReadHtmlCacheBehavior [ RunTime:0.000473s ]
INFO: [ app_begin ] --END-- [ RunTime:0.000510s ]
NOTIC: [8] Undefined index: Manage E:\web\www\tk\Common\Controller\SystemLayerController.class.php 第 24 行.
NOTIC: [8] Undefined index: Manage E:\web\www\tk\Common\Controller\DefaultController.class.php 第 24 行.
INFO: [ view_parse ] --START--
INFO: [ template_filter ] --START--
INFO: Run Behavior\ContentReplaceBehavior [ RunTime:0.000076s ]
INFO: [ template_filter ] --END-- [ RunTime:0.000114s ]
INFO: Run Behavior\ParseTemplateBehavior [ RunTime:0.020162s ]
INFO: [ view_parse ] --END-- [ RunTime:0.020221s ]
INFO: [ view_filter ] --START--
INFO: Run Behavior\WriteHtmlCacheBehavior [ RunTime:0.000495s ]
INFO: Run Behavior\TokenBuildBehavior [ RunTime:0.000632s ]
INFO: [ view_filter ] --END-- [ RunTime:0.001180s ]
INFO: [ app_end ] --START--
INFO: Run Behavior\ShowPageTraceBehavior [ RunTime:0.000608s ]
INFO: [ app_end ] --END-- [ RunTime:0.000640s ]

[ 2017-10-19T14:55:09+08:00 ] 127.0.0.1 /User/UserLevel
INFO: [ app_init ] --START--
INFO: Run Behavior\BuildLiteBehavior [ RunTime:0.000011s ]
INFO: [ app_init ] --END-- [ RunTime:0.000051s ]
NOTIC: [2] preg_match(): Unknown modifier 'f' E:\web\www\main\Library\Think\Route.class.php 第 58 行.
NOTIC: [2] preg_match(): Unknown modifier 'f' E:\web\www\main\Library\Think\Route.class.php 第 58 行.
INFO: [ app_begin ] --START--
INFO: Run Behavior\ReadHtmlCacheBehavior [ RunTime:0.000640s ]
INFO: [ app_begin ] --END-- [ RunTime:0.000679s ]
NOTIC: [8] Undefined index: Manage E:\web\www\tk\Common\Controller\SystemLayerController.class.php 第 24 行.
NOTIC: [8] Undefined index: Manage E:\web\www\tk\Common\Controller\DefaultController.class.php 第 24 行.
INFO: [ view_parse ] --START--
INFO: [ template_filter ] --START--
INFO: Run Behavior\ContentReplaceBehavior [ RunTime:0.000051s ]
INFO: [ template_filter ] --END-- [ RunTime:0.000088s ]
NOTIC: [8] Use of undefined constant LevelID - assumed 'LevelID' E:\web\www\tk\Runtime\Cache\User\908dd25ccdb600f7442fbd1ab3da3cd6.php 第 67 行.
NOTIC: [8] Use of undefined constant LevelID - assumed 'LevelID' E:\web\www\tk\Runtime\Cache\User\908dd25ccdb600f7442fbd1ab3da3cd6.php 第 68 行.
NOTIC: [8] Use of undefined constant LevelID - assumed 'LevelID' E:\web\www\tk\Runtime\Cache\User\908dd25ccdb600f7442fbd1ab3da3cd6.php 第 67 行.
NOTIC: [8] Use of undefined constant LevelID - assumed 'LevelID' E:\web\www\tk\Runtime\Cache\User\908dd25ccdb600f7442fbd1ab3da3cd6.php 第 68 行.
NOTIC: [8] Use of undefined constant LevelID - assumed 'LevelID' E:\web\www\tk\Runtime\Cache\User\908dd25ccdb600f7442fbd1ab3da3cd6.php 第 67 行.
NOTIC: [8] Use of undefined constant LevelID - assumed 'LevelID' E:\web\www\tk\Runtime\Cache\User\908dd25ccdb600f7442fbd1ab3da3cd6.php 第 68 行.
NOTIC: [8] Use of undefined constant LevelID - assumed 'LevelID' E:\web\www\tk\Runtime\Cache\User\908dd25ccdb600f7442fbd1ab3da3cd6.php 第 67 行.
NOTIC: [8] Use of undefined constant LevelID - assumed 'LevelID' E:\web\www\tk\Runtime\Cache\User\908dd25ccdb600f7442fbd1ab3da3cd6.php 第 68 行.
NOTIC: [8] Use of undefined constant LevelID - assumed 'LevelID' E:\web\www\tk\Runtime\Cache\User\908dd25ccdb600f7442fbd1ab3da3cd6.php 第 67 行.
NOTIC: [8] Use of undefined constant LevelID - assumed 'LevelID' E:\web\www\tk\Runtime\Cache\User\908dd25ccdb600f7442fbd1ab3da3cd6.php 第 68 行.
INFO: Run Behavior\ParseTemplateBehavior [ RunTime:0.010550s ]
INFO: [ view_parse ] --END-- [ RunTime:0.010587s ]
INFO: [ view_filter ] --START--
INFO: Run Behavior\WriteHtmlCacheBehavior [ RunTime:0.000466s ]
INFO: Run Behavior\TokenBuildBehavior [ RunTime:0.000627s ]
INFO: [ view_filter ] --END-- [ RunTime:0.001144s ]
INFO: [ app_end ] --START--
INFO: Run Behavior\ShowPageTraceBehavior [ RunTime:0.001077s ]
INFO: [ app_end ] --END-- [ RunTime:0.001112s ]

