[ 2017-09-26T08:21:19+08:00 ] 222.134.133.242 /Home
INFO: [ app_init ] --START--
INFO: Run Behavior\BuildLiteBehavior [ RunTime:0.000000s ]
INFO: [ app_init ] --END-- [ RunTime:0.000000s ]
NOTIC: [2] preg_match(): Unknown modifier 'f' E:\www\www\main\Library\Think\Route.class.php 第 58 行.
INFO: [ app_begin ] --START--
INFO: Run Behavior\ReadHtmlCacheBehavior [ RunTime:0.000977s ]
INFO: [ app_begin ] --END-- [ RunTime:0.000977s ]
NOTIC: [2] preg_replace(): No ending delimiter '/' found E:\www\www\tk\Common\Model\ApiDbModel.class.php 第 196 行.

[ 2017-09-26T08:21:19+08:00 ] 222.134.133.242 /Home/Index/main.html
INFO: [ app_init ] --START--
INFO: Run Behavior\BuildLiteBehavior [ RunTime:0.000000s ]
INFO: [ app_init ] --END-- [ RunTime:0.000000s ]
NOTIC: [2] preg_match(): Unknown modifier 'f' E:\www\www\main\Library\Think\Route.class.php 第 58 行.
NOTIC: [2] preg_match(): Unknown modifier 'f' E:\www\www\main\Library\Think\Route.class.php 第 58 行.
INFO: [ app_begin ] --START--
INFO: Run Behavior\ReadHtmlCacheBehavior [ RunTime:0.000976s ]
INFO: [ app_begin ] --END-- [ RunTime:0.000976s ]
INFO: [ view_parse ] --START--
INFO: [ template_filter ] --START--
INFO: Run Behavior\ContentReplaceBehavior [ RunTime:0.000000s ]
INFO: [ template_filter ] --END-- [ RunTime:0.000000s ]
NOTIC: [8] Undefined variable: loadMode E:\www\www\tk\Runtime\Cache\Home\f0afa10c0e61a07a18e1a0a8382d8919.php 第 155 行.
NOTIC: [8] Undefined variable: useAction E:\www\www\tk\Runtime\Cache\Home\f0afa10c0e61a07a18e1a0a8382d8919.php 第 159 行.
INFO: Run Behavior\ParseTemplateBehavior [ RunTime:0.014649s ]
INFO: [ view_parse ] --END-- [ RunTime:0.014649s ]
INFO: [ view_filter ] --START--
INFO: Run Behavior\WriteHtmlCacheBehavior [ RunTime:0.000976s ]
INFO: Run Behavior\TokenBuildBehavior [ RunTime:0.003907s ]
INFO: [ view_filter ] --END-- [ RunTime:0.004883s ]
INFO: [ app_end ] --START--
INFO: Run Behavior\ShowPageTraceBehavior [ RunTime:0.000976s ]
INFO: [ app_end ] --END-- [ RunTime:0.000976s ]

[ 2017-09-26T08:21:20+08:00 ] 222.134.133.242 /Home/Index/content.html
INFO: [ app_init ] --START--
INFO: Run Behavior\BuildLiteBehavior [ RunTime:0.000000s ]
INFO: [ app_init ] --END-- [ RunTime:0.000977s ]
NOTIC: [2] preg_match(): Unknown modifier 'f' E:\www\www\main\Library\Think\Route.class.php 第 58 行.
NOTIC: [2] preg_match(): Unknown modifier 'f' E:\www\www\main\Library\Think\Route.class.php 第 58 行.
INFO: [ app_begin ] --START--
INFO: Run Behavior\ReadHtmlCacheBehavior [ RunTime:0.000000s ]
INFO: [ app_begin ] --END-- [ RunTime:0.000000s ]
INFO: [ view_parse ] --START--
INFO: [ template_filter ] --START--
INFO: Run Behavior\ContentReplaceBehavior [ RunTime:0.000000s ]
INFO: [ template_filter ] --END-- [ RunTime:0.000000s ]
INFO: Run Behavior\ParseTemplateBehavior [ RunTime:0.010743s ]
INFO: [ view_parse ] --END-- [ RunTime:0.010743s ]
INFO: [ view_filter ] --START--
INFO: Run Behavior\WriteHtmlCacheBehavior [ RunTime:0.000977s ]
INFO: Run Behavior\TokenBuildBehavior [ RunTime:0.000976s ]
INFO: [ view_filter ] --END-- [ RunTime:0.001953s ]
INFO: [ app_end ] --START--
INFO: Run Behavior\ShowPageTraceBehavior [ RunTime:0.000977s ]
INFO: [ app_end ] --END-- [ RunTime:0.000977s ]

[ 2017-09-26T08:21:20+08:00 ] 222.134.133.242 /Home/Index/verify.html
INFO: [ app_init ] --START--
INFO: Run Behavior\BuildLiteBehavior [ RunTime:0.000976s ]
INFO: [ app_init ] --END-- [ RunTime:0.000976s ]
NOTIC: [2] preg_match(): Unknown modifier 'f' E:\www\www\main\Library\Think\Route.class.php 第 58 行.
NOTIC: [2] preg_match(): Unknown modifier 'f' E:\www\www\main\Library\Think\Route.class.php 第 58 行.
INFO: [ app_begin ] --START--
INFO: Run Behavior\ReadHtmlCacheBehavior [ RunTime:0.000977s ]
INFO: [ app_begin ] --END-- [ RunTime:0.000977s ]
INFO: [ app_end ] --START--
INFO: Run Behavior\ShowPageTraceBehavior [ RunTime:0.000000s ]
INFO: [ app_end ] --END-- [ RunTime:0.000000s ]

[ 2017-09-26T08:21:20+08:00 ] 222.134.133.242 /Home/Index/getDocList.html
INFO: [ app_init ] --START--
INFO: Run Behavior\BuildLiteBehavior [ RunTime:0.000000s ]
INFO: [ app_init ] --END-- [ RunTime:0.000976s ]
NOTIC: [2] preg_match(): Unknown modifier 'f' E:\www\www\main\Library\Think\Route.class.php 第 58 行.
NOTIC: [2] preg_match(): Unknown modifier 'f' E:\www\www\main\Library\Think\Route.class.php 第 58 行.
INFO: [ app_begin ] --START--
INFO: Run Behavior\ReadHtmlCacheBehavior [ RunTime:0.000977s ]
INFO: [ app_begin ] --END-- [ RunTime:0.000977s ]
NOTIC: [8] Undefined index: tid E:\www\www\tk\Home\Controller\IndexController.class.php 第 1594 行.
NOTIC: [8] Undefined index: area E:\www\www\tk\Home\Controller\IndexController.class.php 第 1595 行.
NOTIC: [8] Undefined index: page E:\www\www\tk\Home\Controller\IndexController.class.php 第 1597 行.
NOTIC: [8] Undefined index: grade E:\www\www\tk\Home\Controller\IndexController.class.php 第 1599 行.
NOTIC: [8] Undefined index: key E:\www\www\tk\Home\Controller\IndexController.class.php 第 1600 行.
NOTIC: [8] Undefined index: oldkey E:\www\www\tk\Home\Controller\IndexController.class.php 第 1601 行.

[ 2017-09-26T08:21:24+08:00 ] 222.134.133.242 /Home/Index/content.html
INFO: [ app_init ] --START--
INFO: Run Behavior\BuildLiteBehavior [ RunTime:0.000000s ]
INFO: [ app_init ] --END-- [ RunTime:0.000976s ]
NOTIC: [2] preg_match(): Unknown modifier 'f' E:\www\www\main\Library\Think\Route.class.php 第 58 行.
NOTIC: [2] preg_match(): Unknown modifier 'f' E:\www\www\main\Library\Think\Route.class.php 第 58 行.
INFO: [ app_begin ] --START--
INFO: Run Behavior\ReadHtmlCacheBehavior [ RunTime:0.000977s ]
INFO: [ app_begin ] --END-- [ RunTime:0.000977s ]
INFO: [ view_parse ] --START--
INFO: [ template_filter ] --START--
INFO: Run Behavior\ContentReplaceBehavior [ RunTime:0.000000s ]
INFO: [ template_filter ] --END-- [ RunTime:0.000000s ]
INFO: Run Behavior\ParseTemplateBehavior [ RunTime:0.010742s ]
INFO: [ view_parse ] --END-- [ RunTime:0.010742s ]
INFO: [ view_filter ] --START--
INFO: Run Behavior\WriteHtmlCacheBehavior [ RunTime:0.000000s ]
INFO: Run Behavior\TokenBuildBehavior [ RunTime:0.000977s ]
INFO: [ view_filter ] --END-- [ RunTime:0.000977s ]
INFO: [ app_end ] --START--
INFO: Run Behavior\ShowPageTraceBehavior [ RunTime:0.000000s ]
INFO: [ app_end ] --END-- [ RunTime:0.000000s ]

[ 2017-09-26T08:21:25+08:00 ] 222.134.133.242 /Home/Index/getDocList.html
INFO: [ app_init ] --START--
INFO: Run Behavior\BuildLiteBehavior [ RunTime:0.000000s ]
INFO: [ app_init ] --END-- [ RunTime:0.000000s ]
NOTIC: [2] preg_match(): Unknown modifier 'f' E:\www\www\main\Library\Think\Route.class.php 第 58 行.
NOTIC: [2] preg_match(): Unknown modifier 'f' E:\www\www\main\Library\Think\Route.class.php 第 58 行.
INFO: [ app_begin ] --START--
INFO: Run Behavior\ReadHtmlCacheBehavior [ RunTime:0.000977s ]
INFO: [ app_begin ] --END-- [ RunTime:0.000977s ]
NOTIC: [8] Undefined index: tid E:\www\www\tk\Home\Controller\IndexController.class.php 第 1594 行.
NOTIC: [8] Undefined index: area E:\www\www\tk\Home\Controller\IndexController.class.php 第 1595 行.
NOTIC: [8] Undefined index: page E:\www\www\tk\Home\Controller\IndexController.class.php 第 1597 行.
NOTIC: [8] Undefined index: grade E:\www\www\tk\Home\Controller\IndexController.class.php 第 1599 行.
NOTIC: [8] Undefined index: key E:\www\www\tk\Home\Controller\IndexController.class.php 第 1600 行.
NOTIC: [8] Undefined index: oldkey E:\www\www\tk\Home\Controller\IndexController.class.php 第 1601 行.
NOTIC: [2] assert(): Assertion failed E:\www\www\tk\Common\Tool\coreseek\api\sphinxapi.php 第 707 行.

[ 2017-09-26T08:21:37+08:00 ] 222.134.133.242 /Home/Index/getDocList.html
INFO: [ app_init ] --START--
INFO: Run Behavior\BuildLiteBehavior [ RunTime:0.000000s ]
INFO: [ app_init ] --END-- [ RunTime:0.000977s ]
NOTIC: [2] preg_match(): Unknown modifier 'f' E:\www\www\main\Library\Think\Route.class.php 第 58 行.
NOTIC: [2] preg_match(): Unknown modifier 'f' E:\www\www\main\Library\Think\Route.class.php 第 58 行.
INFO: [ app_begin ] --START--
INFO: Run Behavior\ReadHtmlCacheBehavior [ RunTime:0.000977s ]
INFO: [ app_begin ] --END-- [ RunTime:0.000977s ]
NOTIC: [8] Undefined index: perpage E:\www\www\tk\Home\Controller\IndexController.class.php 第 1598 行.

[ 2017-09-26T08:21:40+08:00 ] 222.134.133.242 /Home/Index/getDocList.html
INFO: [ app_init ] --START--
INFO: Run Behavior\BuildLiteBehavior [ RunTime:0.000000s ]
INFO: [ app_init ] --END-- [ RunTime:0.000000s ]
NOTIC: [2] preg_match(): Unknown modifier 'f' E:\www\www\main\Library\Think\Route.class.php 第 58 行.
NOTIC: [2] preg_match(): Unknown modifier 'f' E:\www\www\main\Library\Think\Route.class.php 第 58 行.
INFO: [ app_begin ] --START--
INFO: Run Behavior\ReadHtmlCacheBehavior [ RunTime:0.000976s ]
INFO: [ app_begin ] --END-- [ RunTime:0.000976s ]
NOTIC: [8] Undefined index: tid E:\www\www\tk\Home\Controller\IndexController.class.php 第 1594 行.
NOTIC: [8] Undefined index: area E:\www\www\tk\Home\Controller\IndexController.class.php 第 1595 行.
NOTIC: [8] Undefined index: page E:\www\www\tk\Home\Controller\IndexController.class.php 第 1597 行.
NOTIC: [8] Undefined index: grade E:\www\www\tk\Home\Controller\IndexController.class.php 第 1599 行.
NOTIC: [8] Undefined index: key E:\www\www\tk\Home\Controller\IndexController.class.php 第 1600 行.
NOTIC: [8] Undefined index: oldkey E:\www\www\tk\Home\Controller\IndexController.class.php 第 1601 行.
NOTIC: [2] assert(): Assertion failed E:\www\www\tk\Common\Tool\coreseek\api\sphinxapi.php 第 707 行.

[ 2017-09-26T08:21:47+08:00 ] 222.134.133.242 /Home/Index/newsList.html
INFO: [ app_init ] --START--
INFO: Run Behavior\BuildLiteBehavior [ RunTime:0.000000s ]
INFO: [ app_init ] --END-- [ RunTime:0.000976s ]
NOTIC: [2] preg_match(): Unknown modifier 'f' E:\www\www\main\Library\Think\Route.class.php 第 58 行.
NOTIC: [2] preg_match(): Unknown modifier 'f' E:\www\www\main\Library\Think\Route.class.php 第 58 行.
INFO: [ app_begin ] --START--
INFO: Run Behavior\ReadHtmlCacheBehavior [ RunTime:0.000977s ]
INFO: [ app_begin ] --END-- [ RunTime:0.000977s ]
NOTIC: [8] Undefined index: page E:\www\www\tk\Home\Controller\IndexController.class.php 第 221 行.
INFO: [ view_parse ] --START--
INFO: [ template_filter ] --START--
INFO: Run Behavior\ContentReplaceBehavior [ RunTime:0.000000s ]
INFO: [ template_filter ] --END-- [ RunTime:0.000000s ]
INFO: Run Behavior\ParseTemplateBehavior [ RunTime:0.008790s ]
INFO: [ view_parse ] --END-- [ RunTime:0.008790s ]
INFO: [ view_filter ] --START--
INFO: Run Behavior\WriteHtmlCacheBehavior [ RunTime:0.000976s ]
INFO: Run Behavior\TokenBuildBehavior [ RunTime:0.000977s ]
INFO: [ view_filter ] --END-- [ RunTime:0.001953s ]
INFO: [ app_end ] --START--
INFO: Run Behavior\ShowPageTraceBehavior [ RunTime:0.000000s ]
INFO: [ app_end ] --END-- [ RunTime:0.000977s ]

[ 2017-09-26T08:21:47+08:00 ] 222.134.133.242 /Home/Index/newsList.html
INFO: [ app_init ] --START--
INFO: Run Behavior\BuildLiteBehavior [ RunTime:0.000000s ]
INFO: [ app_init ] --END-- [ RunTime:0.000976s ]
NOTIC: [2] preg_match(): Unknown modifier 'f' E:\www\www\main\Library\Think\Route.class.php 第 58 行.
NOTIC: [2] preg_match(): Unknown modifier 'f' E:\www\www\main\Library\Think\Route.class.php 第 58 行.
INFO: [ app_begin ] --START--
INFO: Run Behavior\ReadHtmlCacheBehavior [ RunTime:0.000976s ]
INFO: [ app_begin ] --END-- [ RunTime:0.000976s ]
NOTIC: [8] Undefined index: page E:\www\www\tk\Home\Controller\IndexController.class.php 第 221 行.
INFO: [ view_parse ] --START--
INFO: [ template_filter ] --START--
INFO: Run Behavior\ContentReplaceBehavior [ RunTime:0.000000s ]
INFO: [ template_filter ] --END-- [ RunTime:0.000000s ]
INFO: Run Behavior\ParseTemplateBehavior [ RunTime:0.009766s ]
INFO: [ view_parse ] --END-- [ RunTime:0.009766s ]
INFO: [ view_filter ] --START--
INFO: Run Behavior\WriteHtmlCacheBehavior [ RunTime:0.000000s ]
INFO: Run Behavior\TokenBuildBehavior [ RunTime:0.000976s ]
INFO: [ view_filter ] --END-- [ RunTime:0.000976s ]
INFO: [ app_end ] --START--
INFO: Run Behavior\ShowPageTraceBehavior [ RunTime:0.000000s ]
INFO: [ app_end ] --END-- [ RunTime:0.000000s ]

[ 2017-09-26T08:21:50+08:00 ] 222.134.133.242 /Home/Index/content.html
INFO: [ app_init ] --START--
INFO: Run Behavior\BuildLiteBehavior [ RunTime:0.000000s ]
INFO: [ app_init ] --END-- [ RunTime:0.000000s ]
NOTIC: [2] preg_match(): Unknown modifier 'f' E:\www\www\main\Library\Think\Route.class.php 第 58 行.
NOTIC: [2] preg_match(): Unknown modifier 'f' E:\www\www\main\Library\Think\Route.class.php 第 58 行.
INFO: [ app_begin ] --START--
INFO: Run Behavior\ReadHtmlCacheBehavior [ RunTime:0.000000s ]
INFO: [ app_begin ] --END-- [ RunTime:0.000000s ]
INFO: [ view_parse ] --START--
INFO: [ template_filter ] --START--
INFO: Run Behavior\ContentReplaceBehavior [ RunTime:0.000000s ]
INFO: [ template_filter ] --END-- [ RunTime:0.000000s ]
INFO: Run Behavior\ParseTemplateBehavior [ RunTime:0.010743s ]
INFO: [ view_parse ] --END-- [ RunTime:0.010743s ]
INFO: [ view_filter ] --START--
INFO: Run Behavior\WriteHtmlCacheBehavior [ RunTime:0.000000s ]
INFO: Run Behavior\TokenBuildBehavior [ RunTime:0.000976s ]
INFO: [ view_filter ] --END-- [ RunTime:0.000976s ]
INFO: [ app_end ] --START--
INFO: Run Behavior\ShowPageTraceBehavior [ RunTime:0.000977s ]
INFO: [ app_end ] --END-- [ RunTime:0.000977s ]

[ 2017-09-26T08:21:50+08:00 ] 222.134.133.242 /Home/Index/getDocList.html
INFO: [ app_init ] --START--
INFO: Run Behavior\BuildLiteBehavior [ RunTime:0.000000s ]
INFO: [ app_init ] --END-- [ RunTime:0.000977s ]
NOTIC: [2] preg_match(): Unknown modifier 'f' E:\www\www\main\Library\Think\Route.class.php 第 58 行.
NOTIC: [2] preg_match(): Unknown modifier 'f' E:\www\www\main\Library\Think\Route.class.php 第 58 行.
INFO: [ app_begin ] --START--
INFO: Run Behavior\ReadHtmlCacheBehavior [ RunTime:0.000976s ]
INFO: [ app_begin ] --END-- [ RunTime:0.000976s ]
NOTIC: [8] Undefined index: tid E:\www\www\tk\Home\Controller\IndexController.class.php 第 1594 行.
NOTIC: [8] Undefined index: area E:\www\www\tk\Home\Controller\IndexController.class.php 第 1595 行.
NOTIC: [8] Undefined index: page E:\www\www\tk\Home\Controller\IndexController.class.php 第 1597 行.
NOTIC: [8] Undefined index: grade E:\www\www\tk\Home\Controller\IndexController.class.php 第 1599 行.
NOTIC: [8] Undefined index: key E:\www\www\tk\Home\Controller\IndexController.class.php 第 1600 行.
NOTIC: [8] Undefined index: oldkey E:\www\www\tk\Home\Controller\IndexController.class.php 第 1601 行.
NOTIC: [2] assert(): Assertion failed E:\www\www\tk\Common\Tool\coreseek\api\sphinxapi.php 第 707 行.

[ 2017-09-26T08:21:52+08:00 ] 222.134.133.242 /Home/Index/loginOut.html
INFO: [ app_init ] --START--
INFO: Run Behavior\BuildLiteBehavior [ RunTime:0.000000s ]
INFO: [ app_init ] --END-- [ RunTime:0.000000s ]
NOTIC: [2] preg_match(): Unknown modifier 'f' E:\www\www\main\Library\Think\Route.class.php 第 58 行.
NOTIC: [2] preg_match(): Unknown modifier 'f' E:\www\www\main\Library\Think\Route.class.php 第 58 行.
INFO: [ app_begin ] --START--
INFO: Run Behavior\ReadHtmlCacheBehavior [ RunTime:0.000976s ]
INFO: [ app_begin ] --END-- [ RunTime:0.000976s ]
NOTIC: [8] Undefined offset: 1 E:\www\www\tk\Common\Controller\CommonController.class.php 第 323 行.
NOTIC: [8] Undefined offset: 2 E:\www\www\tk\Common\Controller\CommonController.class.php 第 323 行.
NOTIC: [8] Undefined offset: 1 E:\www\www\tk\Common\Controller\CommonController.class.php 第 334 行.
NOTIC: [8] Undefined offset: 2 E:\www\www\tk\Common\Controller\CommonController.class.php 第 334 行.
NOTIC: [8] Undefined offset: 1 E:\www\www\tk\Common\Controller\CommonController.class.php 第 330 行.
NOTIC: [8] Undefined offset: 2 E:\www\www\tk\Common\Controller\CommonController.class.php 第 330 行.
NOTIC: [8] Undefined offset: 1 E:\www\www\tk\Common\Controller\CommonController.class.php 第 327 行.
NOTIC: [8] Undefined offset: 2 E:\www\www\tk\Common\Controller\CommonController.class.php 第 327 行.

[ 2017-09-26T08:21:56+08:00 ] 222.134.133.242 /Home/Index/getDocList.html
INFO: [ app_init ] --START--
INFO: Run Behavior\BuildLiteBehavior [ RunTime:0.000000s ]
INFO: [ app_init ] --END-- [ RunTime:0.000000s ]
NOTIC: [2] preg_match(): Unknown modifier 'f' E:\www\www\main\Library\Think\Route.class.php 第 58 行.
NOTIC: [2] preg_match(): Unknown modifier 'f' E:\www\www\main\Library\Think\Route.class.php 第 58 行.
INFO: [ app_begin ] --START--
INFO: Run Behavior\ReadHtmlCacheBehavior [ RunTime:0.000976s ]
INFO: [ app_begin ] --END-- [ RunTime:0.000976s ]

[ 2017-09-26T08:22:12+08:00 ] 222.134.133.242 /Home/Index/getDocList.html
INFO: [ app_init ] --START--
INFO: Run Behavior\BuildLiteBehavior [ RunTime:0.000000s ]
INFO: [ app_init ] --END-- [ RunTime:0.000000s ]
NOTIC: [2] preg_match(): Unknown modifier 'f' E:\www\www\main\Library\Think\Route.class.php 第 58 行.
NOTIC: [2] preg_match(): Unknown modifier 'f' E:\www\www\main\Library\Think\Route.class.php 第 58 行.
INFO: [ app_begin ] --START--
INFO: Run Behavior\ReadHtmlCacheBehavior [ RunTime:0.000976s ]
INFO: [ app_begin ] --END-- [ RunTime:0.000976s ]

[ 2017-09-26T08:22:13+08:00 ] 222.134.133.242 /Home/Index/getDocList.html
INFO: [ app_init ] --START--
INFO: Run Behavior\BuildLiteBehavior [ RunTime:0.000000s ]
INFO: [ app_init ] --END-- [ RunTime:0.000977s ]
NOTIC: [2] preg_match(): Unknown modifier 'f' E:\www\www\main\Library\Think\Route.class.php 第 58 行.
NOTIC: [2] preg_match(): Unknown modifier 'f' E:\www\www\main\Library\Think\Route.class.php 第 58 行.
INFO: [ app_begin ] --START--
INFO: Run Behavior\ReadHtmlCacheBehavior [ RunTime:0.000977s ]
INFO: [ app_begin ] --END-- [ RunTime:0.000977s ]

[ 2017-09-26T09:42:25+08:00 ] 14.130.228.78 /Home
INFO: [ app_init ] --START--
INFO: Run Behavior\BuildLiteBehavior [ RunTime:0.000000s ]
INFO: [ app_init ] --END-- [ RunTime:0.000000s ]
NOTIC: [2] preg_match(): Unknown modifier 'f' E:\www\www\main\Library\Think\Route.class.php 第 58 行.
INFO: [ app_begin ] --START--
INFO: Run Behavior\ReadHtmlCacheBehavior [ RunTime:0.000977s ]
INFO: [ app_begin ] --END-- [ RunTime:0.000977s ]
NOTIC: [2] preg_replace(): No ending delimiter '/' found E:\www\www\tk\Common\Model\ApiDbModel.class.php 第 196 行.

[ 2017-09-26T09:42:25+08:00 ] 14.130.228.78 /Home/Index/main.html
INFO: [ app_init ] --START--
INFO: Run Behavior\BuildLiteBehavior [ RunTime:0.000000s ]
INFO: [ app_init ] --END-- [ RunTime:0.000977s ]
NOTIC: [2] preg_match(): Unknown modifier 'f' E:\www\www\main\Library\Think\Route.class.php 第 58 行.
NOTIC: [2] preg_match(): Unknown modifier 'f' E:\www\www\main\Library\Think\Route.class.php 第 58 行.
INFO: [ app_begin ] --START--
INFO: Run Behavior\ReadHtmlCacheBehavior [ RunTime:0.000000s ]
INFO: [ app_begin ] --END-- [ RunTime:0.000000s ]
INFO: [ view_parse ] --START--
INFO: [ template_filter ] --START--
INFO: Run Behavior\ContentReplaceBehavior [ RunTime:0.000000s ]
INFO: [ template_filter ] --END-- [ RunTime:0.000000s ]
NOTIC: [8] Undefined variable: loadMode E:\www\www\tk\Runtime\Cache\Home\f0afa10c0e61a07a18e1a0a8382d8919.php 第 155 行.
NOTIC: [8] Undefined variable: useAction E:\www\www\tk\Runtime\Cache\Home\f0afa10c0e61a07a18e1a0a8382d8919.php 第 159 行.
INFO: Run Behavior\ParseTemplateBehavior [ RunTime:0.014649s ]
INFO: [ view_parse ] --END-- [ RunTime:0.014649s ]
INFO: [ view_filter ] --START--
INFO: Run Behavior\WriteHtmlCacheBehavior [ RunTime:0.000000s ]
INFO: Run Behavior\TokenBuildBehavior [ RunTime:0.002930s ]
INFO: [ view_filter ] --END-- [ RunTime:0.003907s ]
INFO: [ app_end ] --START--
INFO: Run Behavior\ShowPageTraceBehavior [ RunTime:0.000976s ]
INFO: [ app_end ] --END-- [ RunTime:0.000976s ]

[ 2017-09-26T09:42:26+08:00 ] 14.130.228.78 /Home/Index/content.html
INFO: [ app_init ] --START--
INFO: Run Behavior\BuildLiteBehavior [ RunTime:0.000000s ]
INFO: [ app_init ] --END-- [ RunTime:0.000000s ]
NOTIC: [2] preg_match(): Unknown modifier 'f' E:\www\www\main\Library\Think\Route.class.php 第 58 行.
NOTIC: [2] preg_match(): Unknown modifier 'f' E:\www\www\main\Library\Think\Route.class.php 第 58 行.
INFO: [ app_begin ] --START--
INFO: Run Behavior\ReadHtmlCacheBehavior [ RunTime:0.000977s ]
INFO: [ app_begin ] --END-- [ RunTime:0.000977s ]
INFO: [ view_parse ] --START--
INFO: [ template_filter ] --START--
INFO: Run Behavior\ContentReplaceBehavior [ RunTime:0.000000s ]
INFO: [ template_filter ] --END-- [ RunTime:0.000000s ]
INFO: Run Behavior\ParseTemplateBehavior [ RunTime:0.010743s ]
INFO: [ view_parse ] --END-- [ RunTime:0.010743s ]
INFO: [ view_filter ] --START--
INFO: Run Behavior\WriteHtmlCacheBehavior [ RunTime:0.000000s ]
INFO: Run Behavior\TokenBuildBehavior [ RunTime:0.000976s ]
INFO: [ view_filter ] --END-- [ RunTime:0.001953s ]
INFO: [ app_end ] --START--
INFO: Run Behavior\ShowPageTraceBehavior [ RunTime:0.000000s ]
INFO: [ app_end ] --END-- [ RunTime:0.000000s ]

[ 2017-09-26T09:42:26+08:00 ] 14.130.228.78 /Home/Index/getDocList.html
INFO: [ app_init ] --START--
INFO: Run Behavior\BuildLiteBehavior [ RunTime:0.000000s ]
INFO: [ app_init ] --END-- [ RunTime:0.000977s ]
NOTIC: [2] preg_match(): Unknown modifier 'f' E:\www\www\main\Library\Think\Route.class.php 第 58 行.
NOTIC: [2] preg_match(): Unknown modifier 'f' E:\www\www\main\Library\Think\Route.class.php 第 58 行.
INFO: [ app_begin ] --START--
INFO: Run Behavior\ReadHtmlCacheBehavior [ RunTime:0.000977s ]
INFO: [ app_begin ] --END-- [ RunTime:0.000977s ]
NOTIC: [8] Undefined index: tid E:\www\www\tk\Home\Controller\IndexController.class.php 第 1594 行.
NOTIC: [8] Undefined index: area E:\www\www\tk\Home\Controller\IndexController.class.php 第 1595 行.
NOTIC: [8] Undefined index: page E:\www\www\tk\Home\Controller\IndexController.class.php 第 1597 行.
NOTIC: [8] Undefined index: grade E:\www\www\tk\Home\Controller\IndexController.class.php 第 1599 行.
NOTIC: [8] Undefined index: key E:\www\www\tk\Home\Controller\IndexController.class.php 第 1600 行.
NOTIC: [8] Undefined index: oldkey E:\www\www\tk\Home\Controller\IndexController.class.php 第 1601 行.
NOTIC: [2] assert(): Assertion failed E:\www\www\tk\Common\Tool\coreseek\api\sphinxapi.php 第 707 行.

[ 2017-09-26T09:42:29+08:00 ] 14.130.228.78 /Home/Index/getTypes.html
INFO: [ app_init ] --START--
INFO: Run Behavior\BuildLiteBehavior [ RunTime:0.000000s ]
INFO: [ app_init ] --END-- [ RunTime:0.000000s ]
NOTIC: [2] preg_match(): Unknown modifier 'f' E:\www\www\main\Library\Think\Route.class.php 第 58 行.
NOTIC: [2] preg_match(): Unknown modifier 'f' E:\www\www\main\Library\Think\Route.class.php 第 58 行.
INFO: [ app_begin ] --START--
INFO: Run Behavior\ReadHtmlCacheBehavior [ RunTime:0.000977s ]
INFO: [ app_begin ] --END-- [ RunTime:0.000977s ]
NOTIC: [8] Undefined index: IfHidden E:\www\www\tk\Doc\Model\DocTypeModel.class.php 第 84 行.
NOTIC: [8] Undefined index: IfHidden E:\www\www\tk\Doc\Model\DocTypeModel.class.php 第 84 行.
NOTIC: [8] Undefined index: IfHidden E:\www\www\tk\Doc\Model\DocTypeModel.class.php 第 84 行.
NOTIC: [8] Undefined index: IfHidden E:\www\www\tk\Doc\Model\DocTypeModel.class.php 第 84 行.
NOTIC: [8] Undefined index: IfHidden E:\www\www\tk\Doc\Model\DocTypeModel.class.php 第 84 行.
NOTIC: [8] Undefined index: IfHidden E:\www\www\tk\Doc\Model\DocTypeModel.class.php 第 84 行.
NOTIC: [8] Undefined index: IfHidden E:\www\www\tk\Doc\Model\DocTypeModel.class.php 第 84 行.
NOTIC: [8] Undefined index: IfHidden E:\www\www\tk\Doc\Model\DocTypeModel.class.php 第 84 行.
NOTIC: [8] Undefined index: IfHidden E:\www\www\tk\Doc\Model\DocTypeModel.class.php 第 84 行.
NOTIC: [8] Undefined index: IfHidden E:\www\www\tk\Doc\Model\DocTypeModel.class.php 第 84 行.
NOTIC: [8] Undefined index: IfHidden E:\www\www\tk\Doc\Model\DocTypeModel.class.php 第 84 行.

[ 2017-09-26T09:42:29+08:00 ] 14.130.228.78 /Home/Index/getData.html
INFO: [ app_init ] --START--
INFO: Run Behavior\BuildLiteBehavior [ RunTime:0.000000s ]
INFO: [ app_init ] --END-- [ RunTime:0.000000s ]
NOTIC: [2] preg_match(): Unknown modifier 'f' E:\www\www\main\Library\Think\Route.class.php 第 58 行.
NOTIC: [2] preg_match(): Unknown modifier 'f' E:\www\www\main\Library\Think\Route.class.php 第 58 行.
INFO: [ app_begin ] --START--
INFO: Run Behavior\ReadHtmlCacheBehavior [ RunTime:0.000976s ]
INFO: [ app_begin ] --END-- [ RunTime:0.000976s ]
NOTIC: [8] Undefined variable: pID E:\www\www\tk\Common\Model\ApiCacheModel.class.php 第 302 行.

[ 2017-09-26T09:42:29+08:00 ] 14.130.228.78 /Home/Index/getData.html
INFO: [ app_init ] --START--
INFO: Run Behavior\BuildLiteBehavior [ RunTime:0.000000s ]
INFO: [ app_init ] --END-- [ RunTime:0.000000s ]
NOTIC: [2] preg_match(): Unknown modifier 'f' E:\www\www\main\Library\Think\Route.class.php 第 58 行.
NOTIC: [2] preg_match(): Unknown modifier 'f' E:\www\www\main\Library\Think\Route.class.php 第 58 行.
INFO: [ app_begin ] --START--
INFO: Run Behavior\ReadHtmlCacheBehavior [ RunTime:0.000977s ]
INFO: [ app_begin ] --END-- [ RunTime:0.000977s ]

[ 2017-09-26T09:42:29+08:00 ] 14.130.228.78 /Home/Index/getTestList.html
INFO: [ app_init ] --START--
INFO: Run Behavior\BuildLiteBehavior [ RunTime:0.000000s ]
INFO: [ app_init ] --END-- [ RunTime:0.000000s ]
NOTIC: [2] preg_match(): Unknown modifier 'f' E:\www\www\main\Library\Think\Route.class.php 第 58 行.
NOTIC: [2] preg_match(): Unknown modifier 'f' E:\www\www\main\Library\Think\Route.class.php 第 58 行.
INFO: [ app_begin ] --START--
INFO: Run Behavior\ReadHtmlCacheBehavior [ RunTime:0.000977s ]
INFO: [ app_begin ] --END-- [ RunTime:0.000977s ]
NOTIC: [8] Undefined index: width E:\www\www\tk\Home\Controller\IndexController.class.php 第 1321 行.
NOTIC: [8] Undefined index: did E:\www\www\tk\Home\Controller\IndexController.class.php 第 1323 行.
NOTIC: [8] Undefined index: kid E:\www\www\tk\Home\Controller\IndexController.class.php 第 1328 行.
NOTIC: [8] Undefined index: pid E:\www\www\tk\Home\Controller\IndexController.class.php 第 1330 行.
NOTIC: [8] Undefined index: key E:\www\www\tk\Home\Controller\IndexController.class.php 第 1332 行.
NOTIC: [8] Undefined index: time E:\www\www\tk\Home\Controller\IndexController.class.php 第 1333 行.
NOTIC: [8] Undefined index: perpage E:\www\www\tk\Home\Controller\IndexController.class.php 第 1336 行.
NOTIC: [8] Undefined index: ifInter E:\www\www\tk\Home\Controller\IndexController.class.php 第 1337 行.
NOTIC: [8] Undefined index: interLen E:\www\www\tk\Home\Controller\IndexController.class.php 第 1338 行.
NOTIC: [8] Undefined index: AatTestStyle E:\www\www\tk\Common\Model\IndexModel.class.php 第 267 行.
NOTIC: [8] Undefined index: specialname E:\www\www\tk\Common\Model\IndexModel.class.php 第 984 行.
NOTIC: [8] Undefined index: klnameonly E:\www\www\tk\Common\Model\IndexModel.class.php 第 985 行.
NOTIC: [8] Undefined index: klnameall E:\www\www\tk\Common\Model\IndexModel.class.php 第 985 行.
NOTIC: [8] Undefined index: kllist E:\www\www\tk\Common\Model\IndexModel.class.php 第 985 行.
NOTIC: [8] Undefined index: chaptername E:\www\www\tk\Common\Model\IndexModel.class.php 第 989 行.
NOTIC: [8] Undefined index: gradename E:\www\www\tk\Common\Model\IndexModel.class.php 第 993 行.
NOTIC: [8] Undefined index: IfDoc E:\www\www\tk\Doc\Model\HandleWordModel.class.php 第 1694 行.
NOTIC: [8] Undefined index: IfDoc E:\www\www\tk\Doc\Model\HandleWordModel.class.php 第 1694 行.
NOTIC: [8] Undefined index: IfDoc E:\www\www\tk\Doc\Model\HandleWordModel.class.php 第 1694 行.
NOTIC: [8] Undefined index: IfDoc E:\www\www\tk\Doc\Model\HandleWordModel.class.php 第 1694 行.
NOTIC: [8] Undefined index: IfDoc E:\www\www\tk\Doc\Model\HandleWordModel.class.php 第 1694 行.
NOTIC: [8] Undefined index: IfDoc E:\www\www\tk\Doc\Model\HandleWordModel.class.php 第 1694 行.
NOTIC: [8] Undefined index: IfDoc E:\www\www\tk\Doc\Model\HandleWordModel.class.php 第 1694 行.
NOTIC: [8] Undefined index: IfDoc E:\www\www\tk\Doc\Model\HandleWordModel.class.php 第 1694 行.
NOTIC: [8] Undefined index: IfDoc E:\www\www\tk\Doc\Model\HandleWordModel.class.php 第 1694 行.
NOTIC: [8] Undefined index: IfDoc E:\www\www\tk\Doc\Model\HandleWordModel.class.php 第 1694 行.
NOTIC: [8] Undefined index: IfDoc E:\www\www\tk\Doc\Model\HandleWordModel.class.php 第 1694 行.
NOTIC: [8] Undefined index: IfDoc E:\www\www\tk\Doc\Model\HandleWordModel.class.php 第 1694 行.
NOTIC: [8] Undefined index: IfDoc E:\www\www\tk\Doc\Model\HandleWordModel.class.php 第 1694 行.
NOTIC: [8] Undefined index: IfDoc E:\www\www\tk\Doc\Model\HandleWordModel.class.php 第 1694 行.
NOTIC: [8] Undefined index: IfDoc E:\www\www\tk\Doc\Model\HandleWordModel.class.php 第 1694 行.
NOTIC: [8] Undefined index: IfDoc E:\www\www\tk\Doc\Model\HandleWordModel.class.php 第 1694 行.
NOTIC: [8] Undefined index: IfDoc E:\www\www\tk\Doc\Model\HandleWordModel.class.php 第 1694 行.
NOTIC: [8] Undefined index: IfDoc E:\www\www\tk\Doc\Model\HandleWordModel.class.php 第 1694 行.
NOTIC: [8] Undefined index: IfDoc E:\www\www\tk\Doc\Model\HandleWordModel.class.php 第 1694 行.
NOTIC: [8] Undefined index: IfDoc E:\www\www\tk\Doc\Model\HandleWordModel.class.php 第 1694 行.
NOTIC: [8] Undefined index: IfShowLogi E:\www\www\tk\Home\Controller\IndexController.class.php 第 1440 行.
NOTIC: [8] Undefined index: IfShowLogi E:\www\www\tk\Home\Controller\IndexController.class.php 第 1440 行.
NOTIC: [8] Undefined index: IfShowLogi E:\www\www\tk\Home\Controller\IndexController.class.php 第 1440 行.
NOTIC: [8] Undefined index: IfShowLogi E:\www\www\tk\Home\Controller\IndexController.class.php 第 1440 行.
NOTIC: [8] Undefined index: IfShowLogi E:\www\www\tk\Home\Controller\IndexController.class.php 第 1440 行.
NOTIC: [8] Undefined index: IfShowLogi E:\www\www\tk\Home\Controller\IndexController.class.php 第 1440 行.
NOTIC: [8] Undefined index: IfShowLogi E:\www\www\tk\Home\Controller\IndexController.class.php 第 1440 行.
NOTIC: [8] Undefined index: IfShowLogi E:\www\www\tk\Home\Controller\IndexController.class.php 第 1440 行.
NOTIC: [8] Undefined index: IfShowLogi E:\www\www\tk\Home\Controller\IndexController.class.php 第 1440 行.
NOTIC: [8] Undefined index: IfShowLogi E:\www\www\tk\Home\Controller\IndexController.class.php 第 1440 行.
NOTIC: [8] Undefined index: IfShowLogi E:\www\www\tk\Home\Controller\IndexController.class.php 第 1440 行.
NOTIC: [8] Undefined index: IfShowLogi E:\www\www\tk\Home\Controller\IndexController.class.php 第 1440 行.
NOTIC: [8] Undefined index: IfShowLogi E:\www\www\tk\Home\Controller\IndexController.class.php 第 1440 行.
NOTIC: [8] Undefined index: IfShowLogi E:\www\www\tk\Home\Controller\IndexController.class.php 第 1440 行.
NOTIC: [8] Undefined index: IfShowLogi E:\www\www\tk\Home\Controller\IndexController.class.php 第 1440 行.
NOTIC: [8] Undefined index: IfShowLogi E:\www\www\tk\Home\Controller\IndexController.class.php 第 1440 行.
NOTIC: [8] Undefined index: IfShowLogi E:\www\www\tk\Home\Controller\IndexController.class.php 第 1440 行.
NOTIC: [8] Undefined index: IfShowLogi E:\www\www\tk\Home\Controller\IndexController.class.php 第 1440 行.
NOTIC: [8] Undefined offset: 0 E:\www\www\tk\Home\Controller\IndexController.class.php 第 1440 行.
NOTIC: [8] Undefined index: IfShowLogi E:\www\www\tk\Home\Controller\IndexController.class.php 第 1440 行.

[ 2017-09-26T09:42:32+08:00 ] 14.130.228.78 /Home/Index/getTestList.html
INFO: [ app_init ] --START--
INFO: Run Behavior\BuildLiteBehavior [ RunTime:0.000000s ]
INFO: [ app_init ] --END-- [ RunTime:0.000976s ]
NOTIC: [2] preg_match(): Unknown modifier 'f' E:\www\www\main\Library\Think\Route.class.php 第 58 行.
NOTIC: [2] preg_match(): Unknown modifier 'f' E:\www\www\main\Library\Think\Route.class.php 第 58 行.
INFO: [ app_begin ] --START--
INFO: Run Behavior\ReadHtmlCacheBehavior [ RunTime:0.000000s ]
INFO: [ app_begin ] --END-- [ RunTime:0.000976s ]
NOTIC: [8] Undefined index: width E:\www\www\tk\Home\Controller\IndexController.class.php 第 1321 行.
NOTIC: [8] Undefined index: did E:\www\www\tk\Home\Controller\IndexController.class.php 第 1323 行.
NOTIC: [8] Undefined index: kid E:\www\www\tk\Home\Controller\IndexController.class.php 第 1328 行.
NOTIC: [8] Undefined index: pid E:\www\www\tk\Home\Controller\IndexController.class.php 第 1330 行.
NOTIC: [8] Undefined index: key E:\www\www\tk\Home\Controller\IndexController.class.php 第 1332 行.
NOTIC: [8] Undefined index: time E:\www\www\tk\Home\Controller\IndexController.class.php 第 1333 行.
NOTIC: [8] Undefined index: perpage E:\www\www\tk\Home\Controller\IndexController.class.php 第 1336 行.
NOTIC: [8] Undefined index: ifInter E:\www\www\tk\Home\Controller\IndexController.class.php 第 1337 行.
NOTIC: [8] Undefined index: interLen E:\www\www\tk\Home\Controller\IndexController.class.php 第 1338 行.
NOTIC: [8] Undefined index: AatTestStyle E:\www\www\tk\Common\Model\IndexModel.class.php 第 267 行.
NOTIC: [8] Undefined index: specialname E:\www\www\tk\Common\Model\IndexModel.class.php 第 984 行.
NOTIC: [8] Undefined index: klnameonly E:\www\www\tk\Common\Model\IndexModel.class.php 第 985 行.
NOTIC: [8] Undefined index: klnameall E:\www\www\tk\Common\Model\IndexModel.class.php 第 985 行.
NOTIC: [8] Undefined index: kllist E:\www\www\tk\Common\Model\IndexModel.class.php 第 985 行.
NOTIC: [8] Undefined index: chaptername E:\www\www\tk\Common\Model\IndexModel.class.php 第 989 行.
NOTIC: [8] Undefined index: gradename E:\www\www\tk\Common\Model\IndexModel.class.php 第 993 行.
NOTIC: [8] Undefined index: IfDoc E:\www\www\tk\Doc\Model\HandleWordModel.class.php 第 1694 行.
NOTIC: [8] Undefined index: IfDoc E:\www\www\tk\Doc\Model\HandleWordModel.class.php 第 1694 行.
NOTIC: [8] Undefined index: IfDoc E:\www\www\tk\Doc\Model\HandleWordModel.class.php 第 1694 行.
NOTIC: [8] Undefined index: IfDoc E:\www\www\tk\Doc\Model\HandleWordModel.class.php 第 1694 行.
NOTIC: [8] Undefined index: IfDoc E:\www\www\tk\Doc\Model\HandleWordModel.class.php 第 1694 行.
NOTIC: [8] Undefined index: IfDoc E:\www\www\tk\Doc\Model\HandleWordModel.class.php 第 1694 行.
NOTIC: [8] Undefined index: IfDoc E:\www\www\tk\Doc\Model\HandleWordModel.class.php 第 1694 行.
NOTIC: [8] Undefined index: IfDoc E:\www\www\tk\Doc\Model\HandleWordModel.class.php 第 1694 行.
NOTIC: [8] Undefined index: IfDoc E:\www\www\tk\Doc\Model\HandleWordModel.class.php 第 1694 行.
NOTIC: [8] Undefined index: IfDoc E:\www\www\tk\Doc\Model\HandleWordModel.class.php 第 1694 行.
NOTIC: [8] Undefined index: IfDoc E:\www\www\tk\Doc\Model\HandleWordModel.class.php 第 1694 行.
NOTIC: [8] Undefined index: IfDoc E:\www\www\tk\Doc\Model\HandleWordModel.class.php 第 1694 行.
NOTIC: [8] Undefined index: IfDoc E:\www\www\tk\Doc\Model\HandleWordModel.class.php 第 1694 行.
NOTIC: [8] Undefined index: IfDoc E:\www\www\tk\Doc\Model\HandleWordModel.class.php 第 1694 行.
NOTIC: [8] Undefined index: IfDoc E:\www\www\tk\Doc\Model\HandleWordModel.class.php 第 1694 行.
NOTIC: [8] Undefined index: IfDoc E:\www\www\tk\Doc\Model\HandleWordModel.class.php 第 1694 行.
NOTIC: [8] Undefined index: IfDoc E:\www\www\tk\Doc\Model\HandleWordModel.class.php 第 1694 行.
NOTIC: [8] Undefined index: IfDoc E:\www\www\tk\Doc\Model\HandleWordModel.class.php 第 1694 行.
NOTIC: [8] Undefined index: IfDoc E:\www\www\tk\Doc\Model\HandleWordModel.class.php 第 1694 行.
NOTIC: [8] Undefined index: IfDoc E:\www\www\tk\Doc\Model\HandleWordModel.class.php 第 1694 行.
NOTIC: [8] Undefined offset: 0 E:\www\www\tk\Home\Controller\IndexController.class.php 第 1440 行.
NOTIC: [8] Undefined index: IfShowLogi E:\www\www\tk\Home\Controller\IndexController.class.php 第 1440 行.
NOTIC: [8] Undefined index: IfShowLogi E:\www\www\tk\Home\Controller\IndexController.class.php 第 1440 行.
NOTIC: [8] Undefined index: IfShowLogi E:\www\www\tk\Home\Controller\IndexController.class.php 第 1440 行.
NOTIC: [8] Undefined index: IfShowLogi E:\www\www\tk\Home\Controller\IndexController.class.php 第 1440 行.
NOTIC: [8] Undefined index: IfShowLogi E:\www\www\tk\Home\Controller\IndexController.class.php 第 1440 行.
NOTIC: [8] Undefined index: IfShowLogi E:\www\www\tk\Home\Controller\IndexController.class.php 第 1440 行.
NOTIC: [8] Undefined index: IfShowLogi E:\www\www\tk\Home\Controller\IndexController.class.php 第 1440 行.
NOTIC: [8] Undefined index: IfShowLogi E:\www\www\tk\Home\Controller\IndexController.class.php 第 1440 行.
NOTIC: [8] Undefined index: IfShowLogi E:\www\www\tk\Home\Controller\IndexController.class.php 第 1440 行.
NOTIC: [8] Undefined index: IfShowLogi E:\www\www\tk\Home\Controller\IndexController.class.php 第 1440 行.
NOTIC: [8] Undefined index: IfShowLogi E:\www\www\tk\Home\Controller\IndexController.class.php 第 1440 行.
NOTIC: [8] Undefined index: IfShowLogi E:\www\www\tk\Home\Controller\IndexController.class.php 第 1440 行.
NOTIC: [8] Undefined index: IfShowLogi E:\www\www\tk\Home\Controller\IndexController.class.php 第 1440 行.
NOTIC: [8] Undefined index: IfShowLogi E:\www\www\tk\Home\Controller\IndexController.class.php 第 1440 行.
NOTIC: [8] Undefined index: IfShowLogi E:\www\www\tk\Home\Controller\IndexController.class.php 第 1440 行.
NOTIC: [8] Undefined index: IfShowLogi E:\www\www\tk\Home\Controller\IndexController.class.php 第 1440 行.
NOTIC: [8] Undefined index: IfShowLogi E:\www\www\tk\Home\Controller\IndexController.class.php 第 1440 行.
NOTIC: [8] Undefined index: IfShowLogi E:\www\www\tk\Home\Controller\IndexController.class.php 第 1440 行.
NOTIC: [8] Undefined index: IfShowLogi E:\www\www\tk\Home\Controller\IndexController.class.php 第 1440 行.

[ 2017-09-26T09:42:34+08:00 ] 14.130.228.78 /Home/Index/getTestList.html
INFO: [ app_init ] --START--
INFO: Run Behavior\BuildLiteBehavior [ RunTime:0.000000s ]
INFO: [ app_init ] --END-- [ RunTime:0.000000s ]
NOTIC: [2] preg_match(): Unknown modifier 'f' E:\www\www\main\Library\Think\Route.class.php 第 58 行.
NOTIC: [2] preg_match(): Unknown modifier 'f' E:\www\www\main\Library\Think\Route.class.php 第 58 行.
INFO: [ app_begin ] --START--
INFO: Run Behavior\ReadHtmlCacheBehavior [ RunTime:0.000976s ]
INFO: [ app_begin ] --END-- [ RunTime:0.000976s ]
NOTIC: [8] Undefined index: width E:\www\www\tk\Home\Controller\IndexController.class.php 第 1321 行.
NOTIC: [8] Undefined index: did E:\www\www\tk\Home\Controller\IndexController.class.php 第 1323 行.
NOTIC: [8] Undefined index: kid E:\www\www\tk\Home\Controller\IndexController.class.php 第 1328 行.
NOTIC: [8] Undefined index: pid E:\www\www\tk\Home\Controller\IndexController.class.php 第 1330 行.
NOTIC: [8] Undefined index: key E:\www\www\tk\Home\Controller\IndexController.class.php 第 1332 行.
NOTIC: [8] Undefined index: time E:\www\www\tk\Home\Controller\IndexController.class.php 第 1333 行.
NOTIC: [8] Undefined index: perpage E:\www\www\tk\Home\Controller\IndexController.class.php 第 1336 行.
NOTIC: [8] Undefined index: ifInter E:\www\www\tk\Home\Controller\IndexController.class.php 第 1337 行.
NOTIC: [8] Undefined index: interLen E:\www\www\tk\Home\Controller\IndexController.class.php 第 1338 行.
NOTIC: [8] Undefined index: AatTestStyle E:\www\www\tk\Common\Model\IndexModel.class.php 第 267 行.
NOTIC: [8] Undefined index: specialname E:\www\www\tk\Common\Model\IndexModel.class.php 第 984 行.
NOTIC: [8] Undefined index: klnameonly E:\www\www\tk\Common\Model\IndexModel.class.php 第 985 行.
NOTIC: [8] Undefined index: klnameall E:\www\www\tk\Common\Model\IndexModel.class.php 第 985 行.
NOTIC: [8] Undefined index: kllist E:\www\www\tk\Common\Model\IndexModel.class.php 第 985 行.
NOTIC: [8] Undefined index: chaptername E:\www\www\tk\Common\Model\IndexModel.class.php 第 989 行.
NOTIC: [8] Undefined index: gradename E:\www\www\tk\Common\Model\IndexModel.class.php 第 993 行.
NOTIC: [8] Undefined index: IfDoc E:\www\www\tk\Doc\Model\HandleWordModel.class.php 第 1694 行.
NOTIC: [8] Undefined index: IfDoc E:\www\www\tk\Doc\Model\HandleWordModel.class.php 第 1694 行.
NOTIC: [8] Undefined index: IfDoc E:\www\www\tk\Doc\Model\HandleWordModel.class.php 第 1694 行.
NOTIC: [8] Undefined index: IfDoc E:\www\www\tk\Doc\Model\HandleWordModel.class.php 第 1694 行.
NOTIC: [8] Undefined index: IfDoc E:\www\www\tk\Doc\Model\HandleWordModel.class.php 第 1694 行.
NOTIC: [8] Undefined index: IfDoc E:\www\www\tk\Doc\Model\HandleWordModel.class.php 第 1694 行.
NOTIC: [8] Undefined index: IfDoc E:\www\www\tk\Doc\Model\HandleWordModel.class.php 第 1694 行.
NOTIC: [8] Undefined index: IfDoc E:\www\www\tk\Doc\Model\HandleWordModel.class.php 第 1694 行.
NOTIC: [8] Undefined index: IfDoc E:\www\www\tk\Doc\Model\HandleWordModel.class.php 第 1694 行.
NOTIC: [8] Undefined index: IfDoc E:\www\www\tk\Doc\Model\HandleWordModel.class.php 第 1694 行.
NOTIC: [8] Undefined index: IfDoc E:\www\www\tk\Doc\Model\HandleWordModel.class.php 第 1694 行.
NOTIC: [8] Undefined index: IfDoc E:\www\www\tk\Doc\Model\HandleWordModel.class.php 第 1694 行.
NOTIC: [8] Undefined index: IfDoc E:\www\www\tk\Doc\Model\HandleWordModel.class.php 第 1694 行.
NOTIC: [8] Undefined index: IfDoc E:\www\www\tk\Doc\Model\HandleWordModel.class.php 第 1694 行.
NOTIC: [8] Undefined index: IfDoc E:\www\www\tk\Doc\Model\HandleWordModel.class.php 第 1694 行.
NOTIC: [8] Undefined index: IfDoc E:\www\www\tk\Doc\Model\HandleWordModel.class.php 第 1694 行.
NOTIC: [8] Undefined index: IfDoc E:\www\www\tk\Doc\Model\HandleWordModel.class.php 第 1694 行.
NOTIC: [8] Undefined index: IfDoc E:\www\www\tk\Doc\Model\HandleWordModel.class.php 第 1694 行.
NOTIC: [8] Undefined index: IfDoc E:\www\www\tk\Doc\Model\HandleWordModel.class.php 第 1694 行.
NOTIC: [8] Undefined index: IfDoc E:\www\www\tk\Doc\Model\HandleWordModel.class.php 第 1694 行.
NOTIC: [8] Undefined index: IfShowLogi E:\www\www\tk\Home\Controller\IndexController.class.php 第 1440 行.
NOTIC: [8] Undefined index: IfShowLogi E:\www\www\tk\Home\Controller\IndexController.class.php 第 1440 行.
NOTIC: [8] Undefined index: IfShowLogi E:\www\www\tk\Home\Controller\IndexController.class.php 第 1440 行.
NOTIC: [8] Undefined index: IfShowLogi E:\www\www\tk\Home\Controller\IndexController.class.php 第 1440 行.
NOTIC: [8] Undefined index: IfShowLogi E:\www\www\tk\Home\Controller\IndexController.class.php 第 1440 行.
NOTIC: [8] Undefined index: IfShowLogi E:\www\www\tk\Home\Controller\IndexController.class.php 第 1440 行.
NOTIC: [8] Undefined index: IfShowLogi E:\www\www\tk\Home\Controller\IndexController.class.php 第 1440 行.
NOTIC: [8] Undefined index: IfShowLogi E:\www\www\tk\Home\Controller\IndexController.class.php 第 1440 行.
NOTIC: [8] Undefined index: IfShowLogi E:\www\www\tk\Home\Controller\IndexController.class.php 第 1440 行.
NOTIC: [8] Undefined index: IfShowLogi E:\www\www\tk\Home\Controller\IndexController.class.php 第 1440 行.
NOTIC: [8] Undefined index: IfShowLogi E:\www\www\tk\Home\Controller\IndexController.class.php 第 1440 行.
NOTIC: [8] Undefined index: IfShowLogi E:\www\www\tk\Home\Controller\IndexController.class.php 第 1440 行.
NOTIC: [8] Undefined index: IfShowLogi E:\www\www\tk\Home\Controller\IndexController.class.php 第 1440 行.
NOTIC: [8] Undefined index: IfShowLogi E:\www\www\tk\Home\Controller\IndexController.class.php 第 1440 行.
NOTIC: [8] Undefined index: IfShowLogi E:\www\www\tk\Home\Controller\IndexController.class.php 第 1440 行.
NOTIC: [8] Undefined index: IfShowLogi E:\www\www\tk\Home\Controller\IndexController.class.php 第 1440 行.
NOTIC: [8] Undefined index: IfShowLogi E:\www\www\tk\Home\Controller\IndexController.class.php 第 1440 行.
NOTIC: [8] Undefined index: IfShowLogi E:\www\www\tk\Home\Controller\IndexController.class.php 第 1440 行.
NOTIC: [8] Undefined index: IfShowLogi E:\www\www\tk\Home\Controller\IndexController.class.php 第 1440 行.
NOTIC: [8] Undefined index: IfShowLogi E:\www\www\tk\Home\Controller\IndexController.class.php 第 1440 行.

[ 2017-09-26T09:42:36+08:00 ] 14.130.228.78 /Home/Index/getTestList.html
INFO: [ app_init ] --START--
INFO: Run Behavior\BuildLiteBehavior [ RunTime:0.000000s ]
INFO: [ app_init ] --END-- [ RunTime:0.000000s ]
NOTIC: [2] preg_match(): Unknown modifier 'f' E:\www\www\main\Library\Think\Route.class.php 第 58 行.
NOTIC: [2] preg_match(): Unknown modifier 'f' E:\www\www\main\Library\Think\Route.class.php 第 58 行.
INFO: [ app_begin ] --START--
INFO: Run Behavior\ReadHtmlCacheBehavior [ RunTime:0.000977s ]
INFO: [ app_begin ] --END-- [ RunTime:0.000977s ]
NOTIC: [8] Undefined index: width E:\www\www\tk\Home\Controller\IndexController.class.php 第 1321 行.
NOTIC: [8] Undefined index: did E:\www\www\tk\Home\Controller\IndexController.class.php 第 1323 行.
NOTIC: [8] Undefined index: kid E:\www\www\tk\Home\Controller\IndexController.class.php 第 1328 行.
NOTIC: [8] Undefined index: pid E:\www\www\tk\Home\Controller\IndexController.class.php 第 1330 行.
NOTIC: [8] Undefined index: key E:\www\www\tk\Home\Controller\IndexController.class.php 第 1332 行.
NOTIC: [8] Undefined index: time E:\www\www\tk\Home\Controller\IndexController.class.php 第 1333 行.
NOTIC: [8] Undefined index: perpage E:\www\www\tk\Home\Controller\IndexController.class.php 第 1336 行.
NOTIC: [8] Undefined index: ifInter E:\www\www\tk\Home\Controller\IndexController.class.php 第 1337 行.
NOTIC: [8] Undefined index: interLen E:\www\www\tk\Home\Controller\IndexController.class.php 第 1338 行.
NOTIC: [8] Undefined index: AatTestStyle E:\www\www\tk\Common\Model\IndexModel.class.php 第 267 行.
NOTIC: [8] Undefined index: specialname E:\www\www\tk\Common\Model\IndexModel.class.php 第 984 行.
NOTIC: [8] Undefined index: klnameonly E:\www\www\tk\Common\Model\IndexModel.class.php 第 985 行.
NOTIC: [8] Undefined index: klnameall E:\www\www\tk\Common\Model\IndexModel.class.php 第 985 行.
NOTIC: [8] Undefined index: kllist E:\www\www\tk\Common\Model\IndexModel.class.php 第 985 行.
NOTIC: [8] Undefined index: chaptername E:\www\www\tk\Common\Model\IndexModel.class.php 第 989 行.
NOTIC: [8] Undefined index: gradename E:\www\www\tk\Common\Model\IndexModel.class.php 第 993 行.
NOTIC: [8] Undefined index: IfDoc E:\www\www\tk\Doc\Model\HandleWordModel.class.php 第 1694 行.
NOTIC: [8] Undefined index: IfDoc E:\www\www\tk\Doc\Model\HandleWordModel.class.php 第 1694 行.
NOTIC: [8] Undefined index: IfDoc E:\www\www\tk\Doc\Model\HandleWordModel.class.php 第 1694 行.
NOTIC: [8] Undefined index: IfDoc E:\www\www\tk\Doc\Model\HandleWordModel.class.php 第 1694 行.
NOTIC: [8] Undefined index: IfDoc E:\www\www\tk\Doc\Model\HandleWordModel.class.php 第 1694 行.
NOTIC: [8] Undefined index: IfDoc E:\www\www\tk\Doc\Model\HandleWordModel.class.php 第 1694 行.
NOTIC: [8] Undefined index: IfDoc E:\www\www\tk\Doc\Model\HandleWordModel.class.php 第 1694 行.
NOTIC: [8] Undefined index: IfDoc E:\www\www\tk\Doc\Model\HandleWordModel.class.php 第 1694 行.
NOTIC: [8] Undefined index: IfDoc E:\www\www\tk\Doc\Model\HandleWordModel.class.php 第 1694 行.
NOTIC: [8] Undefined index: IfDoc E:\www\www\tk\Doc\Model\HandleWordModel.class.php 第 1694 行.
NOTIC: [8] Undefined index: IfDoc E:\www\www\tk\Doc\Model\HandleWordModel.class.php 第 1694 行.
NOTIC: [8] Undefined index: IfDoc E:\www\www\tk\Doc\Model\HandleWordModel.class.php 第 1694 行.
NOTIC: [8] Undefined index: IfDoc E:\www\www\tk\Doc\Model\HandleWordModel.class.php 第 1694 行.
NOTIC: [8] Undefined index: IfDoc E:\www\www\tk\Doc\Model\HandleWordModel.class.php 第 1694 行.
NOTIC: [8] Undefined index: IfDoc E:\www\www\tk\Doc\Model\HandleWordModel.class.php 第 1694 行.
NOTIC: [8] Undefined index: IfDoc E:\www\www\tk\Doc\Model\HandleWordModel.class.php 第 1694 行.
NOTIC: [8] Undefined index: IfDoc E:\www\www\tk\Doc\Model\HandleWordModel.class.php 第 1694 行.
NOTIC: [8] Undefined index: IfDoc E:\www\www\tk\Doc\Model\HandleWordModel.class.php 第 1694 行.
NOTIC: [8] Undefined index: IfDoc E:\www\www\tk\Doc\Model\HandleWordModel.class.php 第 1694 行.
NOTIC: [8] Undefined index: IfDoc E:\www\www\tk\Doc\Model\HandleWordModel.class.php 第 1694 行.
NOTIC: [8] Undefined index: IfShowLogi E:\www\www\tk\Home\Controller\IndexController.class.php 第 1440 行.
NOTIC: [8] Undefined index: IfShowLogi E:\www\www\tk\Home\Controller\IndexController.class.php 第 1440 行.
NOTIC: [8] Undefined index: IfShowLogi E:\www\www\tk\Home\Controller\IndexController.class.php 第 1440 行.
NOTIC: [8] Undefined index: IfShowLogi E:\www\www\tk\Home\Controller\IndexController.class.php 第 1440 行.
NOTIC: [8] Undefined index: IfShowLogi E:\www\www\tk\Home\Controller\IndexController.class.php 第 1440 行.
NOTIC: [8] Undefined index: IfShowLogi E:\www\www\tk\Home\Controller\IndexController.class.php 第 1440 行.
NOTIC: [8] Undefined index: IfShowLogi E:\www\www\tk\Home\Controller\IndexController.class.php 第 1440 行.
NOTIC: [8] Undefined index: IfShowLogi E:\www\www\tk\Home\Controller\IndexController.class.php 第 1440 行.
NOTIC: [8] Undefined index: IfShowLogi E:\www\www\tk\Home\Controller\IndexController.class.php 第 1440 行.
NOTIC: [8] Undefined index: IfShowLogi E:\www\www\tk\Home\Controller\IndexController.class.php 第 1440 行.
NOTIC: [8] Undefined index: IfShowLogi E:\www\www\tk\Home\Controller\IndexController.class.php 第 1440 行.
NOTIC: [8] Undefined index: IfShowLogi E:\www\www\tk\Home\Controller\IndexController.class.php 第 1440 行.
NOTIC: [8] Undefined index: IfShowLogi E:\www\www\tk\Home\Controller\IndexController.class.php 第 1440 行.
NOTIC: [8] Undefined index: IfShowLogi E:\www\www\tk\Home\Controller\IndexController.class.php 第 1440 行.
NOTIC: [8] Undefined index: IfShowLogi E:\www\www\tk\Home\Controller\IndexController.class.php 第 1440 行.
NOTIC: [8] Undefined index: IfShowLogi E:\www\www\tk\Home\Controller\IndexController.class.php 第 1440 行.
NOTIC: [8] Undefined index: IfShowLogi E:\www\www\tk\Home\Controller\IndexController.class.php 第 1440 行.
NOTIC: [8] Undefined index: IfShowLogi E:\www\www\tk\Home\Controller\IndexController.class.php 第 1440 行.
NOTIC: [8] Undefined index: IfShowLogi E:\www\www\tk\Home\Controller\IndexController.class.php 第 1440 行.
NOTIC: [8] Undefined index: IfShowLogi E:\www\www\tk\Home\Controller\IndexController.class.php 第 1440 行.

[ 2017-09-26T09:42:38+08:00 ] 14.130.228.78 /Home/Index/getTestList.html
INFO: [ app_init ] --START--
INFO: Run Behavior\BuildLiteBehavior [ RunTime:0.000000s ]
INFO: [ app_init ] --END-- [ RunTime:0.000977s ]
NOTIC: [2] preg_match(): Unknown modifier 'f' E:\www\www\main\Library\Think\Route.class.php 第 58 行.
NOTIC: [2] preg_match(): Unknown modifier 'f' E:\www\www\main\Library\Think\Route.class.php 第 58 行.
INFO: [ app_begin ] --START--
INFO: Run Behavior\ReadHtmlCacheBehavior [ RunTime:0.000976s ]
INFO: [ app_begin ] --END-- [ RunTime:0.000976s ]
NOTIC: [8] Undefined index: width E:\www\www\tk\Home\Controller\IndexController.class.php 第 1321 行.
NOTIC: [8] Undefined index: did E:\www\www\tk\Home\Controller\IndexController.class.php 第 1323 行.
NOTIC: [8] Undefined index: kid E:\www\www\tk\Home\Controller\IndexController.class.php 第 1328 行.
NOTIC: [8] Undefined index: pid E:\www\www\tk\Home\Controller\IndexController.class.php 第 1330 行.
NOTIC: [8] Undefined index: key E:\www\www\tk\Home\Controller\IndexController.class.php 第 1332 行.
NOTIC: [8] Undefined index: time E:\www\www\tk\Home\Controller\IndexController.class.php 第 1333 行.
NOTIC: [8] Undefined index: perpage E:\www\www\tk\Home\Controller\IndexController.class.php 第 1336 行.
NOTIC: [8] Undefined index: ifInter E:\www\www\tk\Home\Controller\IndexController.class.php 第 1337 行.
NOTIC: [8] Undefined index: interLen E:\www\www\tk\Home\Controller\IndexController.class.php 第 1338 行.
NOTIC: [8] Undefined offset: 114 E:\www\www\tk\Common\Model\IndexModel.class.php 第 239 行.
NOTIC: [8] Undefined index: AatTestStyle E:\www\www\tk\Common\Model\IndexModel.class.php 第 267 行.
NOTIC: [8] Undefined index: specialname E:\www\www\tk\Common\Model\IndexModel.class.php 第 984 行.
NOTIC: [8] Undefined index: klnameonly E:\www\www\tk\Common\Model\IndexModel.class.php 第 985 行.
NOTIC: [8] Undefined index: klnameall E:\www\www\tk\Common\Model\IndexModel.class.php 第 985 行.
NOTIC: [8] Undefined index: kllist E:\www\www\tk\Common\Model\IndexModel.class.php 第 985 行.
NOTIC: [8] Undefined index: chaptername E:\www\www\tk\Common\Model\IndexModel.class.php 第 989 行.
NOTIC: [8] Undefined index: gradename E:\www\www\tk\Common\Model\IndexModel.class.php 第 993 行.
NOTIC: [8] Undefined index: IfDoc E:\www\www\tk\Doc\Model\HandleWordModel.class.php 第 1694 行.
NOTIC: [8] Undefined index: IfDoc E:\www\www\tk\Doc\Model\HandleWordModel.class.php 第 1694 行.
NOTIC: [8] Undefined index: IfDoc E:\www\www\tk\Doc\Model\HandleWordModel.class.php 第 1694 行.
NOTIC: [8] Undefined index: IfDoc E:\www\www\tk\Doc\Model\HandleWordModel.class.php 第 1694 行.
NOTIC: [8] Undefined index: IfDoc E:\www\www\tk\Doc\Model\HandleWordModel.class.php 第 1694 行.
NOTIC: [8] Undefined index: IfDoc E:\www\www\tk\Doc\Model\HandleWordModel.class.php 第 1694 行.
NOTIC: [8] Undefined index: IfDoc E:\www\www\tk\Doc\Model\HandleWordModel.class.php 第 1694 行.
NOTIC: [8] Undefined index: IfDoc E:\www\www\tk\Doc\Model\HandleWordModel.class.php 第 1694 行.
NOTIC: [8] Undefined index: IfDoc E:\www\www\tk\Doc\Model\HandleWordModel.class.php 第 1694 行.
NOTIC: [8] Undefined index: IfDoc E:\www\www\tk\Doc\Model\HandleWordModel.class.php 第 1694 行.
NOTIC: [8] Undefined index: IfDoc E:\www\www\tk\Doc\Model\HandleWordModel.class.php 第 1694 行.
NOTIC: [8] Undefined index: IfDoc E:\www\www\tk\Doc\Model\HandleWordModel.class.php 第 1694 行.
NOTIC: [8] Undefined index: IfDoc E:\www\www\tk\Doc\Model\HandleWordModel.class.php 第 1694 行.
NOTIC: [8] Undefined index: IfDoc E:\www\www\tk\Doc\Model\HandleWordModel.class.php 第 1694 行.
NOTIC: [8] Undefined index: IfDoc E:\www\www\tk\Doc\Model\HandleWordModel.class.php 第 1694 行.
NOTIC: [8] Undefined index: IfDoc E:\www\www\tk\Doc\Model\HandleWordModel.class.php 第 1694 行.
NOTIC: [8] Undefined index: IfDoc E:\www\www\tk\Doc\Model\HandleWordModel.class.php 第 1694 行.
NOTIC: [8] Undefined index: IfDoc E:\www\www\tk\Doc\Model\HandleWordModel.class.php 第 1694 行.
NOTIC: [8] Undefined index: IfDoc E:\www\www\tk\Doc\Model\HandleWordModel.class.php 第 1694 行.
NOTIC: [8] Undefined index: IfDoc E:\www\www\tk\Doc\Model\HandleWordModel.class.php 第 1694 行.
NOTIC: [8] Undefined index: IfShowLogi E:\www\www\tk\Home\Controller\IndexController.class.php 第 1440 行.
NOTIC: [8] Undefined index: IfShowLogi E:\www\www\tk\Home\Controller\IndexController.class.php 第 1440 行.
NOTIC: [8] Undefined index: IfShowLogi E:\www\www\tk\Home\Controller\IndexController.class.php 第 1440 行.
NOTIC: [8] Undefined index: IfShowLogi E:\www\www\tk\Home\Controller\IndexController.class.php 第 1440 行.
NOTIC: [8] Undefined index: IfShowLogi E:\www\www\tk\Home\Controller\IndexController.class.php 第 1440 行.
NOTIC: [8] Undefined index: IfShowLogi E:\www\www\tk\Home\Controller\IndexController.class.php 第 1440 行.
NOTIC: [8] Undefined index: IfShowLogi E:\www\www\tk\Home\Controller\IndexController.class.php 第 1440 行.
NOTIC: [8] Undefined offset: 0 E:\www\www\tk\Home\Controller\IndexController.class.php 第 1440 行.
NOTIC: [8] Undefined index: IfShowLogi E:\www\www\tk\Home\Controller\IndexController.class.php 第 1440 行.
NOTIC: [8] Undefined index: IfShowLogi E:\www\www\tk\Home\Controller\IndexController.class.php 第 1440 行.
NOTIC: [8] Undefined index: IfShowLogi E:\www\www\tk\Home\Controller\IndexController.class.php 第 1440 行.
NOTIC: [8] Undefined index: IfShowLogi E:\www\www\tk\Home\Controller\IndexController.class.php 第 1440 行.
NOTIC: [8] Undefined index: IfShowLogi E:\www\www\tk\Home\Controller\IndexController.class.php 第 1440 行.
NOTIC: [8] Undefined index: IfShowLogi E:\www\www\tk\Home\Controller\IndexController.class.php 第 1440 行.
NOTIC: [8] Undefined index: IfShowLogi E:\www\www\tk\Home\Controller\IndexController.class.php 第 1440 行.
NOTIC: [8] Undefined index: IfShowLogi E:\www\www\tk\Home\Controller\IndexController.class.php 第 1440 行.
NOTIC: [8] Undefined index: IfShowLogi E:\www\www\tk\Home\Controller\IndexController.class.php 第 1440 行.
NOTIC: [8] Undefined index: IfShowLogi E:\www\www\tk\Home\Controller\IndexController.class.php 第 1440 行.
NOTIC: [8] Undefined index: IfShowLogi E:\www\www\tk\Home\Controller\IndexController.class.php 第 1440 行.
NOTIC: [8] Undefined index: IfShowLogi E:\www\www\tk\Home\Controller\IndexController.class.php 第 1440 行.

[ 2017-09-26T09:42:40+08:00 ] 14.130.228.78 /Home/Index/getTestList.html
INFO: [ app_init ] --START--
INFO: Run Behavior\BuildLiteBehavior [ RunTime:0.000000s ]
INFO: [ app_init ] --END-- [ RunTime:0.000000s ]
NOTIC: [2] preg_match(): Unknown modifier 'f' E:\www\www\main\Library\Think\Route.class.php 第 58 行.
NOTIC: [2] preg_match(): Unknown modifier 'f' E:\www\www\main\Library\Think\Route.class.php 第 58 行.
INFO: [ app_begin ] --START--
INFO: Run Behavior\ReadHtmlCacheBehavior [ RunTime:0.000976s ]
INFO: [ app_begin ] --END-- [ RunTime:0.000976s ]
NOTIC: [8] Undefined index: width E:\www\www\tk\Home\Controller\IndexController.class.php 第 1321 行.
NOTIC: [8] Undefined index: did E:\www\www\tk\Home\Controller\IndexController.class.php 第 1323 行.
NOTIC: [8] Undefined index: kid E:\www\www\tk\Home\Controller\IndexController.class.php 第 1328 行.
NOTIC: [8] Undefined index: pid E:\www\www\tk\Home\Controller\IndexController.class.php 第 1330 行.
NOTIC: [8] Undefined index: key E:\www\www\tk\Home\Controller\IndexController.class.php 第 1332 行.
NOTIC: [8] Undefined index: time E:\www\www\tk\Home\Controller\IndexController.class.php 第 1333 行.
NOTIC: [8] Undefined index: perpage E:\www\www\tk\Home\Controller\IndexController.class.php 第 1336 行.
NOTIC: [8] Undefined index: ifInter E:\www\www\tk\Home\Controller\IndexController.class.php 第 1337 行.
NOTIC: [8] Undefined index: interLen E:\www\www\tk\Home\Controller\IndexController.class.php 第 1338 行.
NOTIC: [8] Undefined offset: 115 E:\www\www\tk\Common\Model\IndexModel.class.php 第 239 行.
NOTIC: [8] Undefined index: AatTestStyle E:\www\www\tk\Common\Model\IndexModel.class.php 第 267 行.
NOTIC: [8] Undefined index: specialname E:\www\www\tk\Common\Model\IndexModel.class.php 第 984 行.
NOTIC: [8] Undefined index: klnameonly E:\www\www\tk\Common\Model\IndexModel.class.php 第 985 行.
NOTIC: [8] Undefined index: klnameall E:\www\www\tk\Common\Model\IndexModel.class.php 第 985 行.
NOTIC: [8] Undefined index: kllist E:\www\www\tk\Common\Model\IndexModel.class.php 第 985 行.
NOTIC: [8] Undefined index: chaptername E:\www\www\tk\Common\Model\IndexModel.class.php 第 989 行.
NOTIC: [8] Undefined index: gradename E:\www\www\tk\Common\Model\IndexModel.class.php 第 993 行.
NOTIC: [8] Undefined index: IfDoc E:\www\www\tk\Doc\Model\HandleWordModel.class.php 第 1694 行.
NOTIC: [8] Undefined index: IfDoc E:\www\www\tk\Doc\Model\HandleWordModel.class.php 第 1694 行.
NOTIC: [8] Undefined index: IfDoc E:\www\www\tk\Doc\Model\HandleWordModel.class.php 第 1694 行.
NOTIC: [8] Undefined index: IfDoc E:\www\www\tk\Doc\Model\HandleWordModel.class.php 第 1694 行.
NOTIC: [8] Undefined index: IfDoc E:\www\www\tk\Doc\Model\HandleWordModel.class.php 第 1694 行.
NOTIC: [8] Undefined index: IfDoc E:\www\www\tk\Doc\Model\HandleWordModel.class.php 第 1694 行.
NOTIC: [8] Undefined index: IfDoc E:\www\www\tk\Doc\Model\HandleWordModel.class.php 第 1694 行.
NOTIC: [8] Undefined index: IfDoc E:\www\www\tk\Doc\Model\HandleWordModel.class.php 第 1694 行.
NOTIC: [8] Undefined index: IfDoc E:\www\www\tk\Doc\Model\HandleWordModel.class.php 第 1694 行.
NOTIC: [8] Undefined index: IfDoc E:\www\www\tk\Doc\Model\HandleWordModel.class.php 第 1694 行.
NOTIC: [8] Undefined index: IfDoc E:\www\www\tk\Doc\Model\HandleWordModel.class.php 第 1694 行.
NOTIC: [8] Undefined index: IfDoc E:\www\www\tk\Doc\Model\HandleWordModel.class.php 第 1694 行.
NOTIC: [8] Undefined index: IfDoc E:\www\www\tk\Doc\Model\HandleWordModel.class.php 第 1694 行.
NOTIC: [8] Undefined index: IfDoc E:\www\www\tk\Doc\Model\HandleWordModel.class.php 第 1694 行.
NOTIC: [8] Undefined index: IfDoc E:\www\www\tk\Doc\Model\HandleWordModel.class.php 第 1694 行.
NOTIC: [8] Undefined index: IfDoc E:\www\www\tk\Doc\Model\HandleWordModel.class.php 第 1694 行.
NOTIC: [8] Undefined index: IfDoc E:\www\www\tk\Doc\Model\HandleWordModel.class.php 第 1694 行.
NOTIC: [8] Undefined index: IfDoc E:\www\www\tk\Doc\Model\HandleWordModel.class.php 第 1694 行.
NOTIC: [8] Undefined index: IfDoc E:\www\www\tk\Doc\Model\HandleWordModel.class.php 第 1694 行.
NOTIC: [8] Undefined index: IfDoc E:\www\www\tk\Doc\Model\HandleWordModel.class.php 第 1694 行.
NOTIC: [8] Undefined index: IfShowLogi E:\www\www\tk\Home\Controller\IndexController.class.php 第 1440 行.
NOTIC: [8] Undefined index: IfShowLogi E:\www\www\tk\Home\Controller\IndexController.class.php 第 1440 行.
NOTIC: [8] Undefined index: IfShowLogi E:\www\www\tk\Home\Controller\IndexController.class.php 第 1440 行.
NOTIC: [8] Undefined index: IfShowLogi E:\www\www\tk\Home\Controller\IndexController.class.php 第 1440 行.
NOTIC: [8] Undefined index: IfShowLogi E:\www\www\tk\Home\Controller\IndexController.class.php 第 1440 行.
NOTIC: [8] Undefined index: IfShowLogi E:\www\www\tk\Home\Controller\IndexController.class.php 第 1440 行.
NOTIC: [8] Undefined index: IfShowLogi E:\www\www\tk\Home\Controller\IndexController.class.php 第 1440 行.
NOTIC: [8] Undefined index: IfShowLogi E:\www\www\tk\Home\Controller\IndexController.class.php 第 1440 行.
NOTIC: [8] Undefined index: IfShowLogi E:\www\www\tk\Home\Controller\IndexController.class.php 第 1440 行.
NOTIC: [8] Undefined offset: 0 E:\www\www\tk\Home\Controller\IndexController.class.php 第 1440 行.
NOTIC: [8] Undefined index: IfShowLogi E:\www\www\tk\Home\Controller\IndexController.class.php 第 1440 行.
NOTIC: [8] Undefined index: IfShowLogi E:\www\www\tk\Home\Controller\IndexController.class.php 第 1440 行.
NOTIC: [8] Undefined index: IfShowLogi E:\www\www\tk\Home\Controller\IndexController.class.php 第 1440 行.
NOTIC: [8] Undefined index: IfShowLogi E:\www\www\tk\Home\Controller\IndexController.class.php 第 1440 行.
NOTIC: [8] Undefined index: IfShowLogi E:\www\www\tk\Home\Controller\IndexController.class.php 第 1440 行.
NOTIC: [8] Undefined index: IfShowLogi E:\www\www\tk\Home\Controller\IndexController.class.php 第 1440 行.
NOTIC: [8] Undefined index: IfShowLogi E:\www\www\tk\Home\Controller\IndexController.class.php 第 1440 行.
NOTIC: [8] Undefined index: IfShowLogi E:\www\www\tk\Home\Controller\IndexController.class.php 第 1440 行.
NOTIC: [8] Undefined index: IfShowLogi E:\www\www\tk\Home\Controller\IndexController.class.php 第 1440 行.
NOTIC: [8] Undefined index: IfShowLogi E:\www\www\tk\Home\Controller\IndexController.class.php 第 1440 行.

[ 2017-09-26T09:42:42+08:00 ] 14.130.228.78 /Home/Index/getTestList.html
INFO: [ app_init ] --START--
INFO: Run Behavior\BuildLiteBehavior [ RunTime:0.000000s ]
INFO: [ app_init ] --END-- [ RunTime:0.000000s ]
NOTIC: [2] preg_match(): Unknown modifier 'f' E:\www\www\main\Library\Think\Route.class.php 第 58 行.
NOTIC: [2] preg_match(): Unknown modifier 'f' E:\www\www\main\Library\Think\Route.class.php 第 58 行.
INFO: [ app_begin ] --START--
INFO: Run Behavior\ReadHtmlCacheBehavior [ RunTime:0.000000s ]
INFO: [ app_begin ] --END-- [ RunTime:0.000000s ]
NOTIC: [8] Undefined index: width E:\www\www\tk\Home\Controller\IndexController.class.php 第 1321 行.
NOTIC: [8] Undefined index: did E:\www\www\tk\Home\Controller\IndexController.class.php 第 1323 行.
NOTIC: [8] Undefined index: kid E:\www\www\tk\Home\Controller\IndexController.class.php 第 1328 行.
NOTIC: [8] Undefined index: pid E:\www\www\tk\Home\Controller\IndexController.class.php 第 1330 行.
NOTIC: [8] Undefined index: key E:\www\www\tk\Home\Controller\IndexController.class.php 第 1332 行.
NOTIC: [8] Undefined index: time E:\www\www\tk\Home\Controller\IndexController.class.php 第 1333 行.
NOTIC: [8] Undefined index: perpage E:\www\www\tk\Home\Controller\IndexController.class.php 第 1336 行.
NOTIC: [8] Undefined index: ifInter E:\www\www\tk\Home\Controller\IndexController.class.php 第 1337 行.
NOTIC: [8] Undefined index: interLen E:\www\www\tk\Home\Controller\IndexController.class.php 第 1338 行.
NOTIC: [8] Undefined offset: 116 E:\www\www\tk\Common\Model\IndexModel.class.php 第 239 行.
NOTIC: [8] Undefined index: AatTestStyle E:\www\www\tk\Common\Model\IndexModel.class.php 第 267 行.
NOTIC: [8] Undefined index: specialname E:\www\www\tk\Common\Model\IndexModel.class.php 第 984 行.
NOTIC: [8] Undefined index: klnameonly E:\www\www\tk\Common\Model\IndexModel.class.php 第 985 行.
NOTIC: [8] Undefined index: klnameall E:\www\www\tk\Common\Model\IndexModel.class.php 第 985 行.
NOTIC: [8] Undefined index: kllist E:\www\www\tk\Common\Model\IndexModel.class.php 第 985 行.
NOTIC: [8] Undefined index: chaptername E:\www\www\tk\Common\Model\IndexModel.class.php 第 989 行.
NOTIC: [8] Undefined index: gradename E:\www\www\tk\Common\Model\IndexModel.class.php 第 993 行.
NOTIC: [8] Undefined index: IfDoc E:\www\www\tk\Doc\Model\HandleWordModel.class.php 第 1694 行.
NOTIC: [8] Undefined index: IfDoc E:\www\www\tk\Doc\Model\HandleWordModel.class.php 第 1694 行.
NOTIC: [8] Undefined index: IfDoc E:\www\www\tk\Doc\Model\HandleWordModel.class.php 第 1694 行.
NOTIC: [8] Undefined index: IfDoc E:\www\www\tk\Doc\Model\HandleWordModel.class.php 第 1694 行.
NOTIC: [8] Undefined index: IfDoc E:\www\www\tk\Doc\Model\HandleWordModel.class.php 第 1694 行.
NOTIC: [8] Undefined index: IfDoc E:\www\www\tk\Doc\Model\HandleWordModel.class.php 第 1694 行.
NOTIC: [8] Undefined index: IfDoc E:\www\www\tk\Doc\Model\HandleWordModel.class.php 第 1694 行.
NOTIC: [8] Undefined index: IfDoc E:\www\www\tk\Doc\Model\HandleWordModel.class.php 第 1694 行.
NOTIC: [8] Undefined index: IfDoc E:\www\www\tk\Doc\Model\HandleWordModel.class.php 第 1694 行.
NOTIC: [8] Undefined index: IfDoc E:\www\www\tk\Doc\Model\HandleWordModel.class.php 第 1694 行.
NOTIC: [8] Undefined index: IfDoc E:\www\www\tk\Doc\Model\HandleWordModel.class.php 第 1694 行.
NOTIC: [8] Undefined index: IfDoc E:\www\www\tk\Doc\Model\HandleWordModel.class.php 第 1694 行.
NOTIC: [8] Undefined index: IfDoc E:\www\www\tk\Doc\Model\HandleWordModel.class.php 第 1694 行.
NOTIC: [8] Undefined index: IfDoc E:\www\www\tk\Doc\Model\HandleWordModel.class.php 第 1694 行.
NOTIC: [8] Undefined index: IfDoc E:\www\www\tk\Doc\Model\HandleWordModel.class.php 第 1694 行.
NOTIC: [8] Undefined index: IfDoc E:\www\www\tk\Doc\Model\HandleWordModel.class.php 第 1694 行.
NOTIC: [8] Undefined index: IfDoc E:\www\www\tk\Doc\Model\HandleWordModel.class.php 第 1694 行.
NOTIC: [8] Undefined index: IfDoc E:\www\www\tk\Doc\Model\HandleWordModel.class.php 第 1694 行.
NOTIC: [8] Undefined index: IfDoc E:\www\www\tk\Doc\Model\HandleWordModel.class.php 第 1694 行.
NOTIC: [8] Undefined index: IfDoc E:\www\www\tk\Doc\Model\HandleWordModel.class.php 第 1694 行.
NOTIC: [8] Undefined index: IfShowLogi E:\www\www\tk\Home\Controller\IndexController.class.php 第 1440 行.
NOTIC: [8] Undefined index: IfShowLogi E:\www\www\tk\Home\Controller\IndexController.class.php 第 1440 行.
NOTIC: [8] Undefined index: IfShowLogi E:\www\www\tk\Home\Controller\IndexController.class.php 第 1440 行.
NOTIC: [8] Undefined index: IfShowLogi E:\www\www\tk\Home\Controller\IndexController.class.php 第 1440 行.
NOTIC: [8] Undefined index: IfShowLogi E:\www\www\tk\Home\Controller\IndexController.class.php 第 1440 行.
NOTIC: [8] Undefined index: IfShowLogi E:\www\www\tk\Home\Controller\IndexController.class.php 第 1440 行.
NOTIC: [8] Undefined index: IfShowLogi E:\www\www\tk\Home\Controller\IndexController.class.php 第 1440 行.
NOTIC: [8] Undefined index: IfShowLogi E:\www\www\tk\Home\Controller\IndexController.class.php 第 1440 行.
NOTIC: [8] Undefined index: IfShowLogi E:\www\www\tk\Home\Controller\IndexController.class.php 第 1440 行.
NOTIC: [8] Undefined index: IfShowLogi E:\www\www\tk\Home\Controller\IndexController.class.php 第 1440 行.
NOTIC: [8] Undefined index: IfShowLogi E:\www\www\tk\Home\Controller\IndexController.class.php 第 1440 行.
NOTIC: [8] Undefined index: IfShowLogi E:\www\www\tk\Home\Controller\IndexController.class.php 第 1440 行.
NOTIC: [8] Undefined index: IfShowLogi E:\www\www\tk\Home\Controller\IndexController.class.php 第 1440 行.
NOTIC: [8] Undefined index: IfShowLogi E:\www\www\tk\Home\Controller\IndexController.class.php 第 1440 行.
NOTIC: [8] Undefined index: IfShowLogi E:\www\www\tk\Home\Controller\IndexController.class.php 第 1440 行.
NOTIC: [8] Undefined index: IfShowLogi E:\www\www\tk\Home\Controller\IndexController.class.php 第 1440 行.
NOTIC: [8] Undefined index: IfShowLogi E:\www\www\tk\Home\Controller\IndexController.class.php 第 1440 行.
NOTIC: [8] Undefined index: IfShowLogi E:\www\www\tk\Home\Controller\IndexController.class.php 第 1440 行.
NOTIC: [8] Undefined index: IfShowLogi E:\www\www\tk\Home\Controller\IndexController.class.php 第 1440 行.
NOTIC: [8] Undefined index: IfShowLogi E:\www\www\tk\Home\Controller\IndexController.class.php 第 1440 行.

[ 2017-09-26T09:42:44+08:00 ] 14.130.228.78 /Home/Index/getTestList.html
INFO: [ app_init ] --START--
INFO: Run Behavior\BuildLiteBehavior [ RunTime:0.000000s ]
INFO: [ app_init ] --END-- [ RunTime:0.000976s ]
NOTIC: [2] preg_match(): Unknown modifier 'f' E:\www\www\main\Library\Think\Route.class.php 第 58 行.
NOTIC: [2] preg_match(): Unknown modifier 'f' E:\www\www\main\Library\Think\Route.class.php 第 58 行.
INFO: [ app_begin ] --START--
INFO: Run Behavior\ReadHtmlCacheBehavior [ RunTime:0.000000s ]
INFO: [ app_begin ] --END-- [ RunTime:0.000000s ]
NOTIC: [8] Undefined index: width E:\www\www\tk\Home\Controller\IndexController.class.php 第 1321 行.
NOTIC: [8] Undefined index: did E:\www\www\tk\Home\Controller\IndexController.class.php 第 1323 行.
NOTIC: [8] Undefined index: kid E:\www\www\tk\Home\Controller\IndexController.class.php 第 1328 行.
NOTIC: [8] Undefined index: pid E:\www\www\tk\Home\Controller\IndexController.class.php 第 1330 行.
NOTIC: [8] Undefined index: key E:\www\www\tk\Home\Controller\IndexController.class.php 第 1332 行.
NOTIC: [8] Undefined index: time E:\www\www\tk\Home\Controller\IndexController.class.php 第 1333 行.
NOTIC: [8] Undefined index: perpage E:\www\www\tk\Home\Controller\IndexController.class.php 第 1336 行.
NOTIC: [8] Undefined index: ifInter E:\www\www\tk\Home\Controller\IndexController.class.php 第 1337 行.
NOTIC: [8] Undefined index: interLen E:\www\www\tk\Home\Controller\IndexController.class.php 第 1338 行.
NOTIC: [8] Undefined index: AatTestStyle E:\www\www\tk\Common\Model\IndexModel.class.php 第 267 行.
NOTIC: [8] Undefined index: specialname E:\www\www\tk\Common\Model\IndexModel.class.php 第 984 行.
NOTIC: [8] Undefined index: klnameonly E:\www\www\tk\Common\Model\IndexModel.class.php 第 985 行.
NOTIC: [8] Undefined index: klnameall E:\www\www\tk\Common\Model\IndexModel.class.php 第 985 行.
NOTIC: [8] Undefined index: kllist E:\www\www\tk\Common\Model\IndexModel.class.php 第 985 行.
NOTIC: [8] Undefined index: chaptername E:\www\www\tk\Common\Model\IndexModel.class.php 第 989 行.
NOTIC: [8] Undefined index: gradename E:\www\www\tk\Common\Model\IndexModel.class.php 第 993 行.
NOTIC: [8] Undefined index: IfDoc E:\www\www\tk\Doc\Model\HandleWordModel.class.php 第 1694 行.
NOTIC: [8] Undefined index: IfDoc E:\www\www\tk\Doc\Model\HandleWordModel.class.php 第 1694 行.
NOTIC: [8] Undefined index: IfDoc E:\www\www\tk\Doc\Model\HandleWordModel.class.php 第 1694 行.
NOTIC: [8] Undefined index: IfDoc E:\www\www\tk\Doc\Model\HandleWordModel.class.php 第 1694 行.
NOTIC: [8] Undefined index: IfDoc E:\www\www\tk\Doc\Model\HandleWordModel.class.php 第 1694 行.
NOTIC: [8] Undefined index: IfDoc E:\www\www\tk\Doc\Model\HandleWordModel.class.php 第 1694 行.
NOTIC: [8] Undefined index: IfDoc E:\www\www\tk\Doc\Model\HandleWordModel.class.php 第 1694 行.
NOTIC: [8] Undefined index: IfDoc E:\www\www\tk\Doc\Model\HandleWordModel.class.php 第 1694 行.
NOTIC: [8] Undefined index: IfDoc E:\www\www\tk\Doc\Model\HandleWordModel.class.php 第 1694 行.
NOTIC: [8] Undefined index: IfDoc E:\www\www\tk\Doc\Model\HandleWordModel.class.php 第 1694 行.
NOTIC: [8] Undefined index: IfDoc E:\www\www\tk\Doc\Model\HandleWordModel.class.php 第 1694 行.
NOTIC: [8] Undefined index: IfDoc E:\www\www\tk\Doc\Model\HandleWordModel.class.php 第 1694 行.
NOTIC: [8] Undefined index: IfDoc E:\www\www\tk\Doc\Model\HandleWordModel.class.php 第 1694 行.
NOTIC: [8] Undefined index: IfDoc E:\www\www\tk\Doc\Model\HandleWordModel.class.php 第 1694 行.
NOTIC: [8] Undefined index: IfDoc E:\www\www\tk\Doc\Model\HandleWordModel.class.php 第 1694 行.
NOTIC: [8] Undefined index: IfDoc E:\www\www\tk\Doc\Model\HandleWordModel.class.php 第 1694 行.
NOTIC: [8] Undefined index: IfDoc E:\www\www\tk\Doc\Model\HandleWordModel.class.php 第 1694 行.
NOTIC: [8] Undefined index: IfDoc E:\www\www\tk\Doc\Model\HandleWordModel.class.php 第 1694 行.
NOTIC: [8] Undefined index: IfDoc E:\www\www\tk\Doc\Model\HandleWordModel.class.php 第 1694 行.
NOTIC: [8] Undefined index: IfDoc E:\www\www\tk\Doc\Model\HandleWordModel.class.php 第 1694 行.
NOTIC: [8] Undefined index: IfShowLogi E:\www\www\tk\Home\Controller\IndexController.class.php 第 1440 行.
NOTIC: [8] Undefined index: IfShowLogi E:\www\www\tk\Home\Controller\IndexController.class.php 第 1440 行.
NOTIC: [8] Undefined index: IfShowLogi E:\www\www\tk\Home\Controller\IndexController.class.php 第 1440 行.
NOTIC: [8] Undefined index: IfShowLogi E:\www\www\tk\Home\Controller\IndexController.class.php 第 1440 行.
NOTIC: [8] Undefined index: IfShowLogi E:\www\www\tk\Home\Controller\IndexController.class.php 第 1440 行.
NOTIC: [8] Undefined index: IfShowLogi E:\www\www\tk\Home\Controller\IndexController.class.php 第 1440 行.
NOTIC: [8] Undefined index: IfShowLogi E:\www\www\tk\Home\Controller\IndexController.class.php 第 1440 行.
NOTIC: [8] Undefined index: IfShowLogi E:\www\www\tk\Home\Controller\IndexController.class.php 第 1440 行.
NOTIC: [8] Undefined index: IfShowLogi E:\www\www\tk\Home\Controller\IndexController.class.php 第 1440 行.
NOTIC: [8] Undefined index: IfShowLogi E:\www\www\tk\Home\Controller\IndexController.class.php 第 1440 行.
NOTIC: [8] Undefined index: IfShowLogi E:\www\www\tk\Home\Controller\IndexController.class.php 第 1440 行.
NOTIC: [8] Undefined index: IfShowLogi E:\www\www\tk\Home\Controller\IndexController.class.php 第 1440 行.
NOTIC: [8] Undefined index: IfShowLogi E:\www\www\tk\Home\Controller\IndexController.class.php 第 1440 行.
NOTIC: [8] Undefined index: IfShowLogi E:\www\www\tk\Home\Controller\IndexController.class.php 第 1440 行.
NOTIC: [8] Undefined index: IfShowLogi E:\www\www\tk\Home\Controller\IndexController.class.php 第 1440 行.
NOTIC: [8] Undefined index: IfShowLogi E:\www\www\tk\Home\Controller\IndexController.class.php 第 1440 行.
NOTIC: [8] Undefined index: IfShowLogi E:\www\www\tk\Home\Controller\IndexController.class.php 第 1440 行.
NOTIC: [8] Undefined index: IfShowLogi E:\www\www\tk\Home\Controller\IndexController.class.php 第 1440 行.
NOTIC: [8] Undefined index: IfShowLogi E:\www\www\tk\Home\Controller\IndexController.class.php 第 1440 行.
NOTIC: [8] Undefined offset: 0 E:\www\www\tk\Home\Controller\IndexController.class.php 第 1440 行.

[ 2017-09-26T09:42:47+08:00 ] 14.130.228.78 /Home/Index/getTestList.html
INFO: [ app_init ] --START--
INFO: Run Behavior\BuildLiteBehavior [ RunTime:0.000000s ]
INFO: [ app_init ] --END-- [ RunTime:0.000977s ]
NOTIC: [2] preg_match(): Unknown modifier 'f' E:\www\www\main\Library\Think\Route.class.php 第 58 行.
NOTIC: [2] preg_match(): Unknown modifier 'f' E:\www\www\main\Library\Think\Route.class.php 第 58 行.
INFO: [ app_begin ] --START--
INFO: Run Behavior\ReadHtmlCacheBehavior [ RunTime:0.000977s ]
INFO: [ app_begin ] --END-- [ RunTime:0.000977s ]
NOTIC: [8] Undefined index: width E:\www\www\tk\Home\Controller\IndexController.class.php 第 1321 行.
NOTIC: [8] Undefined index: did E:\www\www\tk\Home\Controller\IndexController.class.php 第 1323 行.
NOTIC: [8] Undefined index: kid E:\www\www\tk\Home\Controller\IndexController.class.php 第 1328 行.
NOTIC: [8] Undefined index: pid E:\www\www\tk\Home\Controller\IndexController.class.php 第 1330 行.
NOTIC: [8] Undefined index: key E:\www\www\tk\Home\Controller\IndexController.class.php 第 1332 行.
NOTIC: [8] Undefined index: time E:\www\www\tk\Home\Controller\IndexController.class.php 第 1333 行.
NOTIC: [8] Undefined index: perpage E:\www\www\tk\Home\Controller\IndexController.class.php 第 1336 行.
NOTIC: [8] Undefined index: ifInter E:\www\www\tk\Home\Controller\IndexController.class.php 第 1337 行.
NOTIC: [8] Undefined index: interLen E:\www\www\tk\Home\Controller\IndexController.class.php 第 1338 行.
NOTIC: [8] Undefined index: AatTestStyle E:\www\www\tk\Common\Model\IndexModel.class.php 第 267 行.
NOTIC: [8] Undefined index: specialname E:\www\www\tk\Common\Model\IndexModel.class.php 第 984 行.
NOTIC: [8] Undefined index: klnameonly E:\www\www\tk\Common\Model\IndexModel.class.php 第 985 行.
NOTIC: [8] Undefined index: klnameall E:\www\www\tk\Common\Model\IndexModel.class.php 第 985 行.
NOTIC: [8] Undefined index: kllist E:\www\www\tk\Common\Model\IndexModel.class.php 第 985 行.
NOTIC: [8] Undefined index: chaptername E:\www\www\tk\Common\Model\IndexModel.class.php 第 989 行.
NOTIC: [8] Undefined index: gradename E:\www\www\tk\Common\Model\IndexModel.class.php 第 993 行.
NOTIC: [8] Undefined index: IfDoc E:\www\www\tk\Doc\Model\HandleWordModel.class.php 第 1694 行.
NOTIC: [8] Undefined index: IfDoc E:\www\www\tk\Doc\Model\HandleWordModel.class.php 第 1694 行.
NOTIC: [8] Undefined index: IfDoc E:\www\www\tk\Doc\Model\HandleWordModel.class.php 第 1694 行.
NOTIC: [8] Undefined index: IfDoc E:\www\www\tk\Doc\Model\HandleWordModel.class.php 第 1694 行.
NOTIC: [8] Undefined index: IfDoc E:\www\www\tk\Doc\Model\HandleWordModel.class.php 第 1694 行.
NOTIC: [8] Undefined index: IfDoc E:\www\www\tk\Doc\Model\HandleWordModel.class.php 第 1694 行.
NOTIC: [8] Undefined index: IfDoc E:\www\www\tk\Doc\Model\HandleWordModel.class.php 第 1694 行.
NOTIC: [8] Undefined index: IfDoc E:\www\www\tk\Doc\Model\HandleWordModel.class.php 第 1694 行.
NOTIC: [8] Undefined index: IfDoc E:\www\www\tk\Doc\Model\HandleWordModel.class.php 第 1694 行.
NOTIC: [8] Undefined index: IfDoc E:\www\www\tk\Doc\Model\HandleWordModel.class.php 第 1694 行.
NOTIC: [8] Undefined index: IfDoc E:\www\www\tk\Doc\Model\HandleWordModel.class.php 第 1694 行.
NOTIC: [8] Undefined index: IfDoc E:\www\www\tk\Doc\Model\HandleWordModel.class.php 第 1694 行.
NOTIC: [8] Undefined index: IfDoc E:\www\www\tk\Doc\Model\HandleWordModel.class.php 第 1694 行.
NOTIC: [8] Undefined index: IfDoc E:\www\www\tk\Doc\Model\HandleWordModel.class.php 第 1694 行.
NOTIC: [8] Undefined index: IfDoc E:\www\www\tk\Doc\Model\HandleWordModel.class.php 第 1694 行.
NOTIC: [8] Undefined index: IfDoc E:\www\www\tk\Doc\Model\HandleWordModel.class.php 第 1694 行.
NOTIC: [8] Undefined index: IfDoc E:\www\www\tk\Doc\Model\HandleWordModel.class.php 第 1694 行.
NOTIC: [8] Undefined index: IfDoc E:\www\www\tk\Doc\Model\HandleWordModel.class.php 第 1694 行.
NOTIC: [8] Undefined index: IfDoc E:\www\www\tk\Doc\Model\HandleWordModel.class.php 第 1694 行.
NOTIC: [8] Undefined index: IfDoc E:\www\www\tk\Doc\Model\HandleWordModel.class.php 第 1694 行.
NOTIC: [8] Undefined index: IfShowLogi E:\www\www\tk\Home\Controller\IndexController.class.php 第 1440 行.
NOTIC: [8] Undefined index: IfShowLogi E:\www\www\tk\Home\Controller\IndexController.class.php 第 1440 行.
NOTIC: [8] Undefined index: IfShowLogi E:\www\www\tk\Home\Controller\IndexController.class.php 第 1440 行.
NOTIC: [8] Undefined index: IfShowLogi E:\www\www\tk\Home\Controller\IndexController.class.php 第 1440 行.
NOTIC: [8] Undefined index: IfShowLogi E:\www\www\tk\Home\Controller\IndexController.class.php 第 1440 行.
NOTIC: [8] Undefined index: IfShowLogi E:\www\www\tk\Home\Controller\IndexController.class.php 第 1440 行.
NOTIC: [8] Undefined index: IfShowLogi E:\www\www\tk\Home\Controller\IndexController.class.php 第 1440 行.
NOTIC: [8] Undefined index: IfShowLogi E:\www\www\tk\Home\Controller\IndexController.class.php 第 1440 行.
NOTIC: [8] Undefined index: IfShowLogi E:\www\www\tk\Home\Controller\IndexController.class.php 第 1440 行.
NOTIC: [8] Undefined index: IfShowLogi E:\www\www\tk\Home\Controller\IndexController.class.php 第 1440 行.
NOTIC: [8] Undefined index: IfShowLogi E:\www\www\tk\Home\Controller\IndexController.class.php 第 1440 行.
NOTIC: [8] Undefined index: IfShowLogi E:\www\www\tk\Home\Controller\IndexController.class.php 第 1440 行.
NOTIC: [8] Undefined index: IfShowLogi E:\www\www\tk\Home\Controller\IndexController.class.php 第 1440 行.
NOTIC: [8] Undefined index: IfShowLogi E:\www\www\tk\Home\Controller\IndexController.class.php 第 1440 行.
NOTIC: [8] Undefined index: IfShowLogi E:\www\www\tk\Home\Controller\IndexController.class.php 第 1440 行.
NOTIC: [8] Undefined index: IfShowLogi E:\www\www\tk\Home\Controller\IndexController.class.php 第 1440 行.
NOTIC: [8] Undefined index: IfShowLogi E:\www\www\tk\Home\Controller\IndexController.class.php 第 1440 行.
NOTIC: [8] Undefined index: IfShowLogi E:\www\www\tk\Home\Controller\IndexController.class.php 第 1440 行.
NOTIC: [8] Undefined index: IfShowLogi E:\www\www\tk\Home\Controller\IndexController.class.php 第 1440 行.
NOTIC: [8] Undefined index: IfShowLogi E:\www\www\tk\Home\Controller\IndexController.class.php 第 1440 行.

[ 2017-09-26T12:09:40+08:00 ] 115.60.57.185 /Home.html
INFO: [ app_init ] --START--
INFO: Run Behavior\BuildLiteBehavior [ RunTime:0.000000s ]
INFO: [ app_init ] --END-- [ RunTime:0.000000s ]
NOTIC: [2] preg_match(): Unknown modifier 'f' E:\www\www\main\Library\Think\Route.class.php 第 58 行.
INFO: [ app_begin ] --START--
INFO: Run Behavior\ReadHtmlCacheBehavior [ RunTime:0.000000s ]
INFO: [ app_begin ] --END-- [ RunTime:0.000000s ]

[ 2017-09-26T12:09:40+08:00 ] 115.60.57.185 /Home/Index/main.html
INFO: [ app_init ] --START--
INFO: Run Behavior\BuildLiteBehavior [ RunTime:0.000000s ]
INFO: [ app_init ] --END-- [ RunTime:0.000000s ]
NOTIC: [2] preg_match(): Unknown modifier 'f' E:\www\www\main\Library\Think\Route.class.php 第 58 行.
NOTIC: [2] preg_match(): Unknown modifier 'f' E:\www\www\main\Library\Think\Route.class.php 第 58 行.
INFO: [ app_begin ] --START--
INFO: Run Behavior\ReadHtmlCacheBehavior [ RunTime:0.000000s ]
INFO: [ app_begin ] --END-- [ RunTime:0.000000s ]
INFO: [ view_parse ] --START--
INFO: [ template_filter ] --START--
INFO: Run Behavior\ContentReplaceBehavior [ RunTime:0.000000s ]
INFO: [ template_filter ] --END-- [ RunTime:0.000000s ]
NOTIC: [8] Undefined variable: loadMode E:\www\www\tk\Runtime\Cache\Home\f0afa10c0e61a07a18e1a0a8382d8919.php 第 155 行.
NOTIC: [8] Undefined variable: useAction E:\www\www\tk\Runtime\Cache\Home\f0afa10c0e61a07a18e1a0a8382d8919.php 第 159 行.
INFO: Run Behavior\ParseTemplateBehavior [ RunTime:0.015625s ]
INFO: [ view_parse ] --END-- [ RunTime:0.015625s ]
INFO: [ view_filter ] --START--
INFO: Run Behavior\WriteHtmlCacheBehavior [ RunTime:0.000000s ]
INFO: Run Behavior\TokenBuildBehavior [ RunTime:0.000000s ]
INFO: [ view_filter ] --END-- [ RunTime:0.000000s ]
INFO: [ app_end ] --START--
INFO: Run Behavior\ShowPageTraceBehavior [ RunTime:0.000000s ]
INFO: [ app_end ] --END-- [ RunTime:0.000000s ]

[ 2017-09-26T12:09:41+08:00 ] 115.60.57.185 /Home/Index/content.html
INFO: [ app_init ] --START--
INFO: Run Behavior\BuildLiteBehavior [ RunTime:0.000000s ]
INFO: [ app_init ] --END-- [ RunTime:0.000000s ]
NOTIC: [2] preg_match(): Unknown modifier 'f' E:\www\www\main\Library\Think\Route.class.php 第 58 行.
NOTIC: [2] preg_match(): Unknown modifier 'f' E:\www\www\main\Library\Think\Route.class.php 第 58 行.
INFO: [ app_begin ] --START--
INFO: Run Behavior\ReadHtmlCacheBehavior [ RunTime:0.000000s ]
INFO: [ app_begin ] --END-- [ RunTime:0.000000s ]
INFO: [ view_parse ] --START--
INFO: [ template_filter ] --START--
INFO: Run Behavior\ContentReplaceBehavior [ RunTime:0.000000s ]
INFO: [ template_filter ] --END-- [ RunTime:0.000000s ]
INFO: Run Behavior\ParseTemplateBehavior [ RunTime:0.015625s ]
INFO: [ view_parse ] --END-- [ RunTime:0.015625s ]
INFO: [ view_filter ] --START--
INFO: Run Behavior\WriteHtmlCacheBehavior [ RunTime:0.000000s ]
INFO: Run Behavior\TokenBuildBehavior [ RunTime:0.000000s ]
INFO: [ view_filter ] --END-- [ RunTime:0.000000s ]
INFO: [ app_end ] --START--
INFO: Run Behavior\ShowPageTraceBehavior [ RunTime:0.000000s ]
INFO: [ app_end ] --END-- [ RunTime:0.000000s ]

[ 2017-09-26T12:09:41+08:00 ] 115.60.57.185 /Home/Index/getDocList.html
INFO: [ app_init ] --START--
INFO: Run Behavior\BuildLiteBehavior [ RunTime:0.000000s ]
INFO: [ app_init ] --END-- [ RunTime:0.000000s ]
NOTIC: [2] preg_match(): Unknown modifier 'f' E:\www\www\main\Library\Think\Route.class.php 第 58 行.
NOTIC: [2] preg_match(): Unknown modifier 'f' E:\www\www\main\Library\Think\Route.class.php 第 58 行.
INFO: [ app_begin ] --START--
INFO: Run Behavior\ReadHtmlCacheBehavior [ RunTime:0.000000s ]
INFO: [ app_begin ] --END-- [ RunTime:0.000000s ]
NOTIC: [8] Undefined index: tid E:\www\www\tk\Home\Controller\IndexController.class.php 第 1594 行.
NOTIC: [8] Undefined index: area E:\www\www\tk\Home\Controller\IndexController.class.php 第 1595 行.
NOTIC: [8] Undefined index: page E:\www\www\tk\Home\Controller\IndexController.class.php 第 1597 行.
NOTIC: [8] Undefined index: grade E:\www\www\tk\Home\Controller\IndexController.class.php 第 1599 行.
NOTIC: [8] Undefined index: key E:\www\www\tk\Home\Controller\IndexController.class.php 第 1600 行.
NOTIC: [8] Undefined index: oldkey E:\www\www\tk\Home\Controller\IndexController.class.php 第 1601 行.
NOTIC: [2] assert(): Assertion failed E:\www\www\tk\Common\Tool\coreseek\api\sphinxapi.php 第 707 行.

[ 2017-09-26T21:34:31+08:00 ] 119.182.154.57 /Home.html
INFO: [ app_init ] --START--
INFO: Run Behavior\BuildLiteBehavior [ RunTime:0.000000s ]
INFO: [ app_init ] --END-- [ RunTime:0.000000s ]
NOTIC: [2] preg_match(): Unknown modifier 'f' E:\www\www\main\Library\Think\Route.class.php 第 58 行.
INFO: [ app_begin ] --START--
INFO: Run Behavior\ReadHtmlCacheBehavior [ RunTime:0.000976s ]
INFO: [ app_begin ] --END-- [ RunTime:0.000976s ]

[ 2017-09-26T21:35:38+08:00 ] 119.182.154.57 /Home.html
INFO: [ app_init ] --START--
INFO: Run Behavior\BuildLiteBehavior [ RunTime:0.000000s ]
INFO: [ app_init ] --END-- [ RunTime:0.000000s ]
NOTIC: [2] preg_match(): Unknown modifier 'f' E:\www\www\main\Library\Think\Route.class.php 第 58 行.
INFO: [ app_begin ] --START--
INFO: Run Behavior\ReadHtmlCacheBehavior [ RunTime:0.000977s ]
INFO: [ app_begin ] --END-- [ RunTime:0.000977s ]

