[ 2017-09-22T08:08:51+08:00 ] 183.63.9.139 /Home
INFO: [ app_init ] --START--
INFO: Run Behavior\BuildLiteBehavior [ RunTime:0.000000s ]
INFO: [ app_init ] --END-- [ RunTime:0.000000s ]
NOTIC: [2] preg_match(): Unknown modifier 'f' E:\www\www\main\Library\Think\Route.class.php 第 58 行.
INFO: [ app_begin ] --START--
INFO: Run Behavior\ReadHtmlCacheBehavior [ RunTime:0.000000s ]
INFO: [ app_begin ] --END-- [ RunTime:0.000000s ]

[ 2017-09-22T08:08:52+08:00 ] 183.63.9.139 /Home/Index/main.html
INFO: [ app_init ] --START--
INFO: Run Behavior\BuildLiteBehavior [ RunTime:0.000000s ]
INFO: [ app_init ] --END-- [ RunTime:0.000000s ]
NOTIC: [2] preg_match(): Unknown modifier 'f' E:\www\www\main\Library\Think\Route.class.php 第 58 行.
NOTIC: [2] preg_match(): Unknown modifier 'f' E:\www\www\main\Library\Think\Route.class.php 第 58 行.
INFO: [ app_begin ] --START--
INFO: Run Behavior\ReadHtmlCacheBehavior [ RunTime:0.000000s ]
INFO: [ app_begin ] --END-- [ RunTime:0.000000s ]
INFO: [ view_parse ] --START--
INFO: [ template_filter ] --START--
INFO: Run Behavior\ContentReplaceBehavior [ RunTime:0.000000s ]
INFO: [ template_filter ] --END-- [ RunTime:0.000000s ]
NOTIC: [8] Undefined variable: loadMode E:\www\www\tk\Runtime\Cache\Home\f0afa10c0e61a07a18e1a0a8382d8919.php 第 155 行.
NOTIC: [8] Undefined variable: useAction E:\www\www\tk\Runtime\Cache\Home\f0afa10c0e61a07a18e1a0a8382d8919.php 第 159 行.
INFO: Run Behavior\ParseTemplateBehavior [ RunTime:0.014649s ]
INFO: [ view_parse ] --END-- [ RunTime:0.014649s ]
INFO: [ view_filter ] --START--
INFO: Run Behavior\WriteHtmlCacheBehavior [ RunTime:0.000000s ]
INFO: Run Behavior\TokenBuildBehavior [ RunTime:0.002929s ]
INFO: [ view_filter ] --END-- [ RunTime:0.003906s ]
INFO: [ app_end ] --START--
INFO: Run Behavior\ShowPageTraceBehavior [ RunTime:0.000000s ]
INFO: [ app_end ] --END-- [ RunTime:0.000000s ]

[ 2017-09-22T08:08:52+08:00 ] 183.63.9.139 /Home/Index/content.html
INFO: [ app_init ] --START--
INFO: Run Behavior\BuildLiteBehavior [ RunTime:0.000000s ]
INFO: [ app_init ] --END-- [ RunTime:0.000000s ]
NOTIC: [2] preg_match(): Unknown modifier 'f' E:\www\www\main\Library\Think\Route.class.php 第 58 行.
NOTIC: [2] preg_match(): Unknown modifier 'f' E:\www\www\main\Library\Think\Route.class.php 第 58 行.
INFO: [ app_begin ] --START--
INFO: Run Behavior\ReadHtmlCacheBehavior [ RunTime:0.000000s ]
INFO: [ app_begin ] --END-- [ RunTime:0.000000s ]
INFO: [ view_parse ] --START--
INFO: [ template_filter ] --START--
INFO: Run Behavior\ContentReplaceBehavior [ RunTime:0.000000s ]
INFO: [ template_filter ] --END-- [ RunTime:0.000000s ]
INFO: Run Behavior\ParseTemplateBehavior [ RunTime:0.010743s ]
INFO: [ view_parse ] --END-- [ RunTime:0.010743s ]
INFO: [ view_filter ] --START--
INFO: Run Behavior\WriteHtmlCacheBehavior [ RunTime:0.000000s ]
INFO: Run Behavior\TokenBuildBehavior [ RunTime:0.000976s ]
INFO: [ view_filter ] --END-- [ RunTime:0.001953s ]
INFO: [ app_end ] --START--
INFO: Run Behavior\ShowPageTraceBehavior [ RunTime:0.000000s ]
INFO: [ app_end ] --END-- [ RunTime:0.000000s ]

[ 2017-09-22T08:08:53+08:00 ] 183.63.9.139 /Home/Index/getDocList.html
INFO: [ app_init ] --START--
INFO: Run Behavior\BuildLiteBehavior [ RunTime:0.000000s ]
INFO: [ app_init ] --END-- [ RunTime:0.000977s ]
NOTIC: [2] preg_match(): Unknown modifier 'f' E:\www\www\main\Library\Think\Route.class.php 第 58 行.
NOTIC: [2] preg_match(): Unknown modifier 'f' E:\www\www\main\Library\Think\Route.class.php 第 58 行.
INFO: [ app_begin ] --START--
INFO: Run Behavior\ReadHtmlCacheBehavior [ RunTime:0.000977s ]
INFO: [ app_begin ] --END-- [ RunTime:0.000977s ]
NOTIC: [8] Undefined index: tid E:\www\www\tk\Home\Controller\IndexController.class.php 第 1594 行.
NOTIC: [8] Undefined index: area E:\www\www\tk\Home\Controller\IndexController.class.php 第 1595 行.
NOTIC: [8] Undefined index: page E:\www\www\tk\Home\Controller\IndexController.class.php 第 1597 行.
NOTIC: [8] Undefined index: grade E:\www\www\tk\Home\Controller\IndexController.class.php 第 1599 行.
NOTIC: [8] Undefined index: key E:\www\www\tk\Home\Controller\IndexController.class.php 第 1600 行.
NOTIC: [8] Undefined index: oldkey E:\www\www\tk\Home\Controller\IndexController.class.php 第 1601 行.
NOTIC: [2] assert(): Assertion failed E:\www\www\tk\Common\Tool\coreseek\api\sphinxapi.php 第 707 行.

[ 2017-09-22T08:09:04+08:00 ] 183.63.9.139 /Home/Index/main.html
INFO: [ app_init ] --START--
INFO: Run Behavior\BuildLiteBehavior [ RunTime:0.000000s ]
INFO: [ app_init ] --END-- [ RunTime:0.000976s ]
NOTIC: [2] preg_match(): Unknown modifier 'f' E:\www\www\main\Library\Think\Route.class.php 第 58 行.
NOTIC: [2] preg_match(): Unknown modifier 'f' E:\www\www\main\Library\Think\Route.class.php 第 58 行.
INFO: [ app_begin ] --START--
INFO: Run Behavior\ReadHtmlCacheBehavior [ RunTime:0.000976s ]
INFO: [ app_begin ] --END-- [ RunTime:0.000976s ]
INFO: [ view_parse ] --START--
INFO: [ template_filter ] --START--
INFO: Run Behavior\ContentReplaceBehavior [ RunTime:0.000000s ]
INFO: [ template_filter ] --END-- [ RunTime:0.000000s ]
NOTIC: [8] Undefined variable: loadMode E:\www\www\tk\Runtime\Cache\Home\f0afa10c0e61a07a18e1a0a8382d8919.php 第 155 行.
NOTIC: [8] Undefined variable: useAction E:\www\www\tk\Runtime\Cache\Home\f0afa10c0e61a07a18e1a0a8382d8919.php 第 159 行.
INFO: Run Behavior\ParseTemplateBehavior [ RunTime:0.013673s ]
INFO: [ view_parse ] --END-- [ RunTime:0.013673s ]
INFO: [ view_filter ] --START--
INFO: Run Behavior\WriteHtmlCacheBehavior [ RunTime:0.000976s ]
INFO: Run Behavior\TokenBuildBehavior [ RunTime:0.002930s ]
INFO: [ view_filter ] --END-- [ RunTime:0.003906s ]
INFO: [ app_end ] --START--
INFO: Run Behavior\ShowPageTraceBehavior [ RunTime:0.000000s ]
INFO: [ app_end ] --END-- [ RunTime:0.000976s ]

[ 2017-09-22T08:09:04+08:00 ] 183.63.9.139 /Home/Index/content.html
INFO: [ app_init ] --START--
INFO: Run Behavior\BuildLiteBehavior [ RunTime:0.000000s ]
INFO: [ app_init ] --END-- [ RunTime:0.000000s ]
NOTIC: [2] preg_match(): Unknown modifier 'f' E:\www\www\main\Library\Think\Route.class.php 第 58 行.
NOTIC: [2] preg_match(): Unknown modifier 'f' E:\www\www\main\Library\Think\Route.class.php 第 58 行.
INFO: [ app_begin ] --START--
INFO: Run Behavior\ReadHtmlCacheBehavior [ RunTime:0.000000s ]
INFO: [ app_begin ] --END-- [ RunTime:0.000000s ]
INFO: [ view_parse ] --START--
INFO: [ template_filter ] --START--
INFO: Run Behavior\ContentReplaceBehavior [ RunTime:0.000000s ]
INFO: [ template_filter ] --END-- [ RunTime:0.000000s ]
INFO: Run Behavior\ParseTemplateBehavior [ RunTime:0.010743s ]
INFO: [ view_parse ] --END-- [ RunTime:0.010743s ]
INFO: [ view_filter ] --START--
INFO: Run Behavior\WriteHtmlCacheBehavior [ RunTime:0.000000s ]
INFO: Run Behavior\TokenBuildBehavior [ RunTime:0.000976s ]
INFO: [ view_filter ] --END-- [ RunTime:0.000976s ]
INFO: [ app_end ] --START--
INFO: Run Behavior\ShowPageTraceBehavior [ RunTime:0.000000s ]
INFO: [ app_end ] --END-- [ RunTime:0.000977s ]

[ 2017-09-22T08:09:05+08:00 ] 183.63.9.139 /Home/Index/getDocList.html
INFO: [ app_init ] --START--
INFO: Run Behavior\BuildLiteBehavior [ RunTime:0.000000s ]
INFO: [ app_init ] --END-- [ RunTime:0.000977s ]
NOTIC: [2] preg_match(): Unknown modifier 'f' E:\www\www\main\Library\Think\Route.class.php 第 58 行.
NOTIC: [2] preg_match(): Unknown modifier 'f' E:\www\www\main\Library\Think\Route.class.php 第 58 行.
INFO: [ app_begin ] --START--
INFO: Run Behavior\ReadHtmlCacheBehavior [ RunTime:0.000976s ]
INFO: [ app_begin ] --END-- [ RunTime:0.000976s ]
NOTIC: [8] Undefined index: tid E:\www\www\tk\Home\Controller\IndexController.class.php 第 1594 行.
NOTIC: [8] Undefined index: area E:\www\www\tk\Home\Controller\IndexController.class.php 第 1595 行.
NOTIC: [8] Undefined index: page E:\www\www\tk\Home\Controller\IndexController.class.php 第 1597 行.
NOTIC: [8] Undefined index: grade E:\www\www\tk\Home\Controller\IndexController.class.php 第 1599 行.
NOTIC: [8] Undefined index: key E:\www\www\tk\Home\Controller\IndexController.class.php 第 1600 行.
NOTIC: [8] Undefined index: oldkey E:\www\www\tk\Home\Controller\IndexController.class.php 第 1601 行.
NOTIC: [2] assert(): Assertion failed E:\www\www\tk\Common\Tool\coreseek\api\sphinxapi.php 第 707 行.

[ 2017-09-22T10:39:38+08:00 ] 115.60.56.139 /Home
INFO: [ app_init ] --START--
INFO: Run Behavior\BuildLiteBehavior [ RunTime:0.000000s ]
INFO: [ app_init ] --END-- [ RunTime:0.000000s ]
NOTIC: [2] preg_match(): Unknown modifier 'f' E:\www\www\main\Library\Think\Route.class.php 第 58 行.
INFO: [ app_begin ] --START--
INFO: Run Behavior\ReadHtmlCacheBehavior [ RunTime:0.000000s ]
INFO: [ app_begin ] --END-- [ RunTime:0.000000s ]
NOTIC: [2] preg_replace(): No ending delimiter '/' found E:\www\www\tk\Common\Model\ApiDbModel.class.php 第 196 行.

[ 2017-09-22T10:39:38+08:00 ] 115.60.56.139 /Home/Index/main.html
INFO: [ app_init ] --START--
INFO: Run Behavior\BuildLiteBehavior [ RunTime:0.000000s ]
INFO: [ app_init ] --END-- [ RunTime:0.000976s ]
NOTIC: [2] preg_match(): Unknown modifier 'f' E:\www\www\main\Library\Think\Route.class.php 第 58 行.
NOTIC: [2] preg_match(): Unknown modifier 'f' E:\www\www\main\Library\Think\Route.class.php 第 58 行.
INFO: [ app_begin ] --START--
INFO: Run Behavior\ReadHtmlCacheBehavior [ RunTime:0.000977s ]
INFO: [ app_begin ] --END-- [ RunTime:0.000977s ]
INFO: [ view_parse ] --START--
INFO: [ template_filter ] --START--
INFO: Run Behavior\ContentReplaceBehavior [ RunTime:0.000000s ]
INFO: [ template_filter ] --END-- [ RunTime:0.000000s ]
NOTIC: [8] Undefined variable: loadMode E:\www\www\tk\Runtime\Cache\Home\f0afa10c0e61a07a18e1a0a8382d8919.php 第 155 行.
NOTIC: [8] Undefined variable: useAction E:\www\www\tk\Runtime\Cache\Home\f0afa10c0e61a07a18e1a0a8382d8919.php 第 159 行.
INFO: Run Behavior\ParseTemplateBehavior [ RunTime:0.013671s ]
INFO: [ view_parse ] --END-- [ RunTime:0.013671s ]
INFO: [ view_filter ] --START--
INFO: Run Behavior\WriteHtmlCacheBehavior [ RunTime:0.000976s ]
INFO: Run Behavior\TokenBuildBehavior [ RunTime:0.002930s ]
INFO: [ view_filter ] --END-- [ RunTime:0.003906s ]
INFO: [ app_end ] --START--
INFO: Run Behavior\ShowPageTraceBehavior [ RunTime:0.000000s ]
INFO: [ app_end ] --END-- [ RunTime:0.000000s ]

[ 2017-09-22T10:39:38+08:00 ] 115.60.56.139 /Home/Index/content.html
INFO: [ app_init ] --START--
INFO: Run Behavior\BuildLiteBehavior [ RunTime:0.000000s ]
INFO: [ app_init ] --END-- [ RunTime:0.000977s ]
NOTIC: [2] preg_match(): Unknown modifier 'f' E:\www\www\main\Library\Think\Route.class.php 第 58 行.
NOTIC: [2] preg_match(): Unknown modifier 'f' E:\www\www\main\Library\Think\Route.class.php 第 58 行.
INFO: [ app_begin ] --START--
INFO: Run Behavior\ReadHtmlCacheBehavior [ RunTime:0.000976s ]
INFO: [ app_begin ] --END-- [ RunTime:0.000976s ]
INFO: [ view_parse ] --START--
INFO: [ template_filter ] --START--
INFO: Run Behavior\ContentReplaceBehavior [ RunTime:0.000000s ]
INFO: [ template_filter ] --END-- [ RunTime:0.000000s ]
INFO: Run Behavior\ParseTemplateBehavior [ RunTime:0.009765s ]
INFO: [ view_parse ] --END-- [ RunTime:0.009765s ]
INFO: [ view_filter ] --START--
INFO: Run Behavior\WriteHtmlCacheBehavior [ RunTime:0.000000s ]
INFO: Run Behavior\TokenBuildBehavior [ RunTime:0.000976s ]
INFO: [ view_filter ] --END-- [ RunTime:0.000976s ]
INFO: [ app_end ] --START--
INFO: Run Behavior\ShowPageTraceBehavior [ RunTime:0.000977s ]
INFO: [ app_end ] --END-- [ RunTime:0.000977s ]

[ 2017-09-22T10:39:38+08:00 ] 115.60.56.139 /Home/Index/getDocList.html
INFO: [ app_init ] --START--
INFO: Run Behavior\BuildLiteBehavior [ RunTime:0.000000s ]
INFO: [ app_init ] --END-- [ RunTime:0.000977s ]
NOTIC: [2] preg_match(): Unknown modifier 'f' E:\www\www\main\Library\Think\Route.class.php 第 58 行.
NOTIC: [2] preg_match(): Unknown modifier 'f' E:\www\www\main\Library\Think\Route.class.php 第 58 行.
INFO: [ app_begin ] --START--
INFO: Run Behavior\ReadHtmlCacheBehavior [ RunTime:0.000976s ]
INFO: [ app_begin ] --END-- [ RunTime:0.000976s ]
NOTIC: [8] Undefined index: tid E:\www\www\tk\Home\Controller\IndexController.class.php 第 1594 行.
NOTIC: [8] Undefined index: area E:\www\www\tk\Home\Controller\IndexController.class.php 第 1595 行.
NOTIC: [8] Undefined index: page E:\www\www\tk\Home\Controller\IndexController.class.php 第 1597 行.
NOTIC: [8] Undefined index: grade E:\www\www\tk\Home\Controller\IndexController.class.php 第 1599 行.
NOTIC: [8] Undefined index: key E:\www\www\tk\Home\Controller\IndexController.class.php 第 1600 行.
NOTIC: [8] Undefined index: oldkey E:\www\www\tk\Home\Controller\IndexController.class.php 第 1601 行.
NOTIC: [2] assert(): Assertion failed E:\www\www\tk\Common\Tool\coreseek\api\sphinxapi.php 第 707 行.

[ 2017-09-22T10:39:48+08:00 ] 140.207.124.105 /Home/Index/main.html
INFO: [ app_init ] --START--
INFO: Run Behavior\BuildLiteBehavior [ RunTime:0.000000s ]
INFO: [ app_init ] --END-- [ RunTime:0.000976s ]
NOTIC: [2] preg_match(): Unknown modifier 'f' E:\www\www\main\Library\Think\Route.class.php 第 58 行.
NOTIC: [2] preg_match(): Unknown modifier 'f' E:\www\www\main\Library\Think\Route.class.php 第 58 行.
INFO: [ app_begin ] --START--
INFO: Run Behavior\ReadHtmlCacheBehavior [ RunTime:0.000977s ]
INFO: [ app_begin ] --END-- [ RunTime:0.000977s ]

[ 2017-09-22T10:41:24+08:00 ] 115.60.56.139 /Home/Index/zuJuan.html
INFO: [ app_init ] --START--
INFO: Run Behavior\BuildLiteBehavior [ RunTime:0.000000s ]
INFO: [ app_init ] --END-- [ RunTime:0.000000s ]
NOTIC: [2] preg_match(): Unknown modifier 'f' E:\www\www\main\Library\Think\Route.class.php 第 58 行.
NOTIC: [2] preg_match(): Unknown modifier 'f' E:\www\www\main\Library\Think\Route.class.php 第 58 行.
INFO: [ app_begin ] --START--
INFO: Run Behavior\ReadHtmlCacheBehavior [ RunTime:0.000976s ]
INFO: [ app_begin ] --END-- [ RunTime:0.000976s ]
NOTIC: [2] preg_replace(): No ending delimiter '/' found E:\www\www\tk\Common\Model\ApiDbModel.class.php 第 196 行.
INFO: [ view_parse ] --START--
INFO: [ template_filter ] --START--
INFO: Run Behavior\ContentReplaceBehavior [ RunTime:0.000000s ]
INFO: [ template_filter ] --END-- [ RunTime:0.000000s ]
INFO: Run Behavior\ParseTemplateBehavior [ RunTime:0.007812s ]
INFO: [ view_parse ] --END-- [ RunTime:0.007812s ]
INFO: [ view_filter ] --START--
INFO: Run Behavior\WriteHtmlCacheBehavior [ RunTime:0.000000s ]
INFO: Run Behavior\TokenBuildBehavior [ RunTime:0.002930s ]
INFO: [ view_filter ] --END-- [ RunTime:0.003906s ]
INFO: [ app_end ] --START--
INFO: Run Behavior\ShowPageTraceBehavior [ RunTime:0.000977s ]
INFO: [ app_end ] --END-- [ RunTime:0.000977s ]

[ 2017-09-22T10:41:25+08:00 ] 115.60.56.139 /Home/Index/getZjTestById.html
INFO: [ app_init ] --START--
INFO: Run Behavior\BuildLiteBehavior [ RunTime:0.000000s ]
INFO: [ app_init ] --END-- [ RunTime:0.000977s ]
NOTIC: [2] preg_match(): Unknown modifier 'f' E:\www\www\main\Library\Think\Route.class.php 第 58 行.
NOTIC: [2] preg_match(): Unknown modifier 'f' E:\www\www\main\Library\Think\Route.class.php 第 58 行.
INFO: [ app_begin ] --START--
INFO: Run Behavior\ReadHtmlCacheBehavior [ RunTime:0.000976s ]
INFO: [ app_begin ] --END-- [ RunTime:0.000976s ]
NOTIC: [8] Undefined index: testfilter E:\www\www\tk\Common\Model\IndexModel.class.php 第 153 行.
NOTIC: [8] Undefined index: AatTestStyle E:\www\www\tk\Common\Model\IndexModel.class.php 第 267 行.
NOTIC: [8] Undefined index: subjectname E:\www\www\tk\Common\Model\IndexModel.class.php 第 983 行.
NOTIC: [8] Undefined index: specialname E:\www\www\tk\Common\Model\IndexModel.class.php 第 984 行.
NOTIC: [8] Undefined index: klnameonly E:\www\www\tk\Common\Model\IndexModel.class.php 第 985 行.
NOTIC: [8] Undefined index: klnameall E:\www\www\tk\Common\Model\IndexModel.class.php 第 985 行.
NOTIC: [8] Undefined index: kllist E:\www\www\tk\Common\Model\IndexModel.class.php 第 985 行.
NOTIC: [8] Undefined index: chaptername E:\www\www\tk\Common\Model\IndexModel.class.php 第 989 行.
NOTIC: [8] Undefined index: gradename E:\www\www\tk\Common\Model\IndexModel.class.php 第 993 行.
NOTIC: [8] Undefined index: IfDoc E:\www\www\tk\Doc\Model\HandleWordModel.class.php 第 1694 行.
NOTIC: [8] Undefined index: IfDoc E:\www\www\tk\Doc\Model\HandleWordModel.class.php 第 1694 行.
NOTIC: [8] Undefined index: IfDoc E:\www\www\tk\Doc\Model\HandleWordModel.class.php 第 1694 行.
NOTIC: [8] Undefined index: IfDoc E:\www\www\tk\Doc\Model\HandleWordModel.class.php 第 1694 行.
NOTIC: [8] Undefined index: IfDoc E:\www\www\tk\Doc\Model\HandleWordModel.class.php 第 1694 行.
NOTIC: [8] Undefined index: IfDoc E:\www\www\tk\Doc\Model\HandleWordModel.class.php 第 1598 行.
NOTIC: [8] Undefined index: IfDoc E:\www\www\tk\Doc\Model\HandleWordModel.class.php 第 1694 行.
NOTIC: [8] Undefined index: IfDoc E:\www\www\tk\Doc\Model\HandleWordModel.class.php 第 1694 行.
NOTIC: [8] Undefined index: IfDoc E:\www\www\tk\Doc\Model\HandleWordModel.class.php 第 1598 行.
NOTIC: [8] Undefined offset: 0 E:\www\www\tk\Doc\Model\HandleWordModel.class.php 第 1622 行.
NOTIC: [8] Undefined index: IfDoc E:\www\www\tk\Doc\Model\HandleWordModel.class.php 第 1694 行.
NOTIC: [8] Undefined offset: 1 E:\www\www\tk\Doc\Model\HandleWordModel.class.php 第 1622 行.
NOTIC: [8] Undefined index: IfDoc E:\www\www\tk\Doc\Model\HandleWordModel.class.php 第 1694 行.
NOTIC: [8] Undefined index: IfDoc E:\www\www\tk\Doc\Model\HandleWordModel.class.php 第 1598 行.
NOTIC: [8] Undefined index: IfDoc E:\www\www\tk\Doc\Model\HandleWordModel.class.php 第 1694 行.
NOTIC: [8] Undefined index: IfDoc E:\www\www\tk\Doc\Model\HandleWordModel.class.php 第 1694 行.
NOTIC: [8] Undefined index: IfDoc E:\www\www\tk\Doc\Model\HandleWordModel.class.php 第 1694 行.
NOTIC: [8] Undefined index: IfDoc E:\www\www\tk\Doc\Model\HandleWordModel.class.php 第 1694 行.
NOTIC: [8] Undefined index: IfDoc E:\www\www\tk\Doc\Model\HandleWordModel.class.php 第 1694 行.
NOTIC: [8] Undefined index: IfDoc E:\www\www\tk\Doc\Model\HandleWordModel.class.php 第 1694 行.
NOTIC: [8] Undefined index: IfDoc E:\www\www\tk\Doc\Model\HandleWordModel.class.php 第 1694 行.
NOTIC: [8] Undefined index: c E:\www\www\tk\Test\Model\TestRealQueryModel.class.php 第 315 行.
NOTIC: [8] Undefined index: TestID E:\www\www\tk\Test\Model\TestRealQueryModel.class.php 第 322 行.
NOTIC: [8] Undefined index: c E:\www\www\tk\Test\Model\TestRealQueryModel.class.php 第 340 行.
NOTIC: [8] Undefined index: c E:\www\www\tk\Test\Model\TestRealQueryModel.class.php 第 418 行.

[ 2017-09-22T10:41:34+08:00 ] 112.65.193.15 /Home/Index/zuJuan.html
INFO: [ app_init ] --START--
INFO: Run Behavior\BuildLiteBehavior [ RunTime:0.000000s ]
INFO: [ app_init ] --END-- [ RunTime:0.000977s ]
NOTIC: [2] preg_match(): Unknown modifier 'f' E:\www\www\main\Library\Think\Route.class.php 第 58 行.
NOTIC: [2] preg_match(): Unknown modifier 'f' E:\www\www\main\Library\Think\Route.class.php 第 58 行.
INFO: [ app_begin ] --START--
INFO: Run Behavior\ReadHtmlCacheBehavior [ RunTime:0.000000s ]
INFO: [ app_begin ] --END-- [ RunTime:0.000976s ]

[ 2017-09-22T10:42:31+08:00 ] 115.60.56.139 /Home
INFO: [ app_init ] --START--
INFO: Run Behavior\BuildLiteBehavior [ RunTime:0.000000s ]
INFO: [ app_init ] --END-- [ RunTime:0.000000s ]
NOTIC: [2] preg_match(): Unknown modifier 'f' E:\www\www\main\Library\Think\Route.class.php 第 58 行.
INFO: [ app_begin ] --START--
INFO: Run Behavior\ReadHtmlCacheBehavior [ RunTime:0.000000s ]
INFO: [ app_begin ] --END-- [ RunTime:0.000000s ]

[ 2017-09-22T10:42:31+08:00 ] 115.60.56.139 /Home/Index/main.html
INFO: [ app_init ] --START--
INFO: Run Behavior\BuildLiteBehavior [ RunTime:0.000000s ]
INFO: [ app_init ] --END-- [ RunTime:0.000977s ]
NOTIC: [2] preg_match(): Unknown modifier 'f' E:\www\www\main\Library\Think\Route.class.php 第 58 行.
NOTIC: [2] preg_match(): Unknown modifier 'f' E:\www\www\main\Library\Think\Route.class.php 第 58 行.
INFO: [ app_begin ] --START--
INFO: Run Behavior\ReadHtmlCacheBehavior [ RunTime:0.000976s ]
INFO: [ app_begin ] --END-- [ RunTime:0.000976s ]
INFO: [ view_parse ] --START--
INFO: [ template_filter ] --START--
INFO: Run Behavior\ContentReplaceBehavior [ RunTime:0.000000s ]
INFO: [ template_filter ] --END-- [ RunTime:0.000000s ]
NOTIC: [8] Undefined variable: loadMode E:\www\www\tk\Runtime\Cache\Home\f0afa10c0e61a07a18e1a0a8382d8919.php 第 155 行.
NOTIC: [8] Undefined variable: useAction E:\www\www\tk\Runtime\Cache\Home\f0afa10c0e61a07a18e1a0a8382d8919.php 第 159 行.
INFO: Run Behavior\ParseTemplateBehavior [ RunTime:0.013671s ]
INFO: [ view_parse ] --END-- [ RunTime:0.013671s ]
INFO: [ view_filter ] --START--
INFO: Run Behavior\WriteHtmlCacheBehavior [ RunTime:0.000977s ]
INFO: Run Behavior\TokenBuildBehavior [ RunTime:0.002929s ]
INFO: [ view_filter ] --END-- [ RunTime:0.003906s ]
INFO: [ app_end ] --START--
INFO: Run Behavior\ShowPageTraceBehavior [ RunTime:0.000000s ]
INFO: [ app_end ] --END-- [ RunTime:0.000976s ]

[ 2017-09-22T10:42:31+08:00 ] 115.60.56.139 /Home/Index/content.html
INFO: [ app_init ] --START--
INFO: Run Behavior\BuildLiteBehavior [ RunTime:0.000000s ]
INFO: [ app_init ] --END-- [ RunTime:0.000000s ]
NOTIC: [2] preg_match(): Unknown modifier 'f' E:\www\www\main\Library\Think\Route.class.php 第 58 行.
NOTIC: [2] preg_match(): Unknown modifier 'f' E:\www\www\main\Library\Think\Route.class.php 第 58 行.
INFO: [ app_begin ] --START--
INFO: Run Behavior\ReadHtmlCacheBehavior [ RunTime:0.000977s ]
INFO: [ app_begin ] --END-- [ RunTime:0.000977s ]
INFO: [ view_parse ] --START--
INFO: [ template_filter ] --START--
INFO: Run Behavior\ContentReplaceBehavior [ RunTime:0.000000s ]
INFO: [ template_filter ] --END-- [ RunTime:0.000000s ]
INFO: Run Behavior\ParseTemplateBehavior [ RunTime:0.009765s ]
INFO: [ view_parse ] --END-- [ RunTime:0.009765s ]
INFO: [ view_filter ] --START--
INFO: Run Behavior\WriteHtmlCacheBehavior [ RunTime:0.000000s ]
INFO: Run Behavior\TokenBuildBehavior [ RunTime:0.000977s ]
INFO: [ view_filter ] --END-- [ RunTime:0.000977s ]
INFO: [ app_end ] --START--
INFO: Run Behavior\ShowPageTraceBehavior [ RunTime:0.000000s ]
INFO: [ app_end ] --END-- [ RunTime:0.000000s ]

[ 2017-09-22T10:42:32+08:00 ] 115.60.56.139 /Home/Index/getDocList.html
INFO: [ app_init ] --START--
INFO: Run Behavior\BuildLiteBehavior [ RunTime:0.000000s ]
INFO: [ app_init ] --END-- [ RunTime:0.000977s ]
NOTIC: [2] preg_match(): Unknown modifier 'f' E:\www\www\main\Library\Think\Route.class.php 第 58 行.
NOTIC: [2] preg_match(): Unknown modifier 'f' E:\www\www\main\Library\Think\Route.class.php 第 58 行.
INFO: [ app_begin ] --START--
INFO: Run Behavior\ReadHtmlCacheBehavior [ RunTime:0.000976s ]
INFO: [ app_begin ] --END-- [ RunTime:0.000976s ]
NOTIC: [8] Undefined index: tid E:\www\www\tk\Home\Controller\IndexController.class.php 第 1594 行.
NOTIC: [8] Undefined index: area E:\www\www\tk\Home\Controller\IndexController.class.php 第 1595 行.
NOTIC: [8] Undefined index: page E:\www\www\tk\Home\Controller\IndexController.class.php 第 1597 行.
NOTIC: [8] Undefined index: grade E:\www\www\tk\Home\Controller\IndexController.class.php 第 1599 行.
NOTIC: [8] Undefined index: key E:\www\www\tk\Home\Controller\IndexController.class.php 第 1600 行.
NOTIC: [8] Undefined index: oldkey E:\www\www\tk\Home\Controller\IndexController.class.php 第 1601 行.
NOTIC: [2] assert(): Assertion failed E:\www\www\tk\Common\Tool\coreseek\api\sphinxapi.php 第 707 行.

[ 2017-09-22T13:53:39+08:00 ] 115.60.56.139 /Home
INFO: [ app_init ] --START--
INFO: Run Behavior\BuildLiteBehavior [ RunTime:0.000000s ]
INFO: [ app_init ] --END-- [ RunTime:0.000977s ]
NOTIC: [2] preg_match(): Unknown modifier 'f' E:\www\www\main\Library\Think\Route.class.php 第 58 行.
INFO: [ app_begin ] --START--
INFO: Run Behavior\ReadHtmlCacheBehavior [ RunTime:0.000000s ]
INFO: [ app_begin ] --END-- [ RunTime:0.000976s ]
NOTIC: [2] preg_replace(): No ending delimiter '/' found E:\www\www\tk\Common\Model\ApiDbModel.class.php 第 196 行.

[ 2017-09-22T13:53:39+08:00 ] 115.60.56.139 /Home/Index/main.html
INFO: [ app_init ] --START--
INFO: Run Behavior\BuildLiteBehavior [ RunTime:0.000000s ]
INFO: [ app_init ] --END-- [ RunTime:0.000000s ]
NOTIC: [2] preg_match(): Unknown modifier 'f' E:\www\www\main\Library\Think\Route.class.php 第 58 行.
NOTIC: [2] preg_match(): Unknown modifier 'f' E:\www\www\main\Library\Think\Route.class.php 第 58 行.
INFO: [ app_begin ] --START--
INFO: Run Behavior\ReadHtmlCacheBehavior [ RunTime:0.000976s ]
INFO: [ app_begin ] --END-- [ RunTime:0.000976s ]
INFO: [ view_parse ] --START--
INFO: [ template_filter ] --START--
INFO: Run Behavior\ContentReplaceBehavior [ RunTime:0.000000s ]
INFO: [ template_filter ] --END-- [ RunTime:0.000000s ]
NOTIC: [8] Undefined variable: loadMode E:\www\www\tk\Runtime\Cache\Home\f0afa10c0e61a07a18e1a0a8382d8919.php 第 155 行.
NOTIC: [8] Undefined variable: useAction E:\www\www\tk\Runtime\Cache\Home\f0afa10c0e61a07a18e1a0a8382d8919.php 第 159 行.
INFO: Run Behavior\ParseTemplateBehavior [ RunTime:0.013672s ]
INFO: [ view_parse ] --END-- [ RunTime:0.013672s ]
INFO: [ view_filter ] --START--
INFO: Run Behavior\WriteHtmlCacheBehavior [ RunTime:0.000977s ]
INFO: Run Behavior\TokenBuildBehavior [ RunTime:0.002930s ]
INFO: [ view_filter ] --END-- [ RunTime:0.003907s ]
INFO: [ app_end ] --START--
INFO: Run Behavior\ShowPageTraceBehavior [ RunTime:0.000000s ]
INFO: [ app_end ] --END-- [ RunTime:0.000000s ]

[ 2017-09-22T13:53:40+08:00 ] 115.60.56.139 /Home/Index/content.html
INFO: [ app_init ] --START--
INFO: Run Behavior\BuildLiteBehavior [ RunTime:0.000000s ]
INFO: [ app_init ] --END-- [ RunTime:0.000000s ]
NOTIC: [2] preg_match(): Unknown modifier 'f' E:\www\www\main\Library\Think\Route.class.php 第 58 行.
NOTIC: [2] preg_match(): Unknown modifier 'f' E:\www\www\main\Library\Think\Route.class.php 第 58 行.
INFO: [ app_begin ] --START--
INFO: Run Behavior\ReadHtmlCacheBehavior [ RunTime:0.000976s ]
INFO: [ app_begin ] --END-- [ RunTime:0.000976s ]
INFO: [ view_parse ] --START--
INFO: [ template_filter ] --START--
INFO: Run Behavior\ContentReplaceBehavior [ RunTime:0.000000s ]
INFO: [ template_filter ] --END-- [ RunTime:0.000000s ]
INFO: Run Behavior\ParseTemplateBehavior [ RunTime:0.009766s ]
INFO: [ view_parse ] --END-- [ RunTime:0.009766s ]
INFO: [ view_filter ] --START--
INFO: Run Behavior\WriteHtmlCacheBehavior [ RunTime:0.000977s ]
INFO: Run Behavior\TokenBuildBehavior [ RunTime:0.000976s ]
INFO: [ view_filter ] --END-- [ RunTime:0.001953s ]
INFO: [ app_end ] --START--
INFO: Run Behavior\ShowPageTraceBehavior [ RunTime:0.000000s ]
INFO: [ app_end ] --END-- [ RunTime:0.000977s ]

[ 2017-09-22T13:53:40+08:00 ] 115.60.56.139 /Home/Index/verify.html
INFO: [ app_init ] --START--
INFO: Run Behavior\BuildLiteBehavior [ RunTime:0.000000s ]
INFO: [ app_init ] --END-- [ RunTime:0.000000s ]
NOTIC: [2] preg_match(): Unknown modifier 'f' E:\www\www\main\Library\Think\Route.class.php 第 58 行.
NOTIC: [2] preg_match(): Unknown modifier 'f' E:\www\www\main\Library\Think\Route.class.php 第 58 行.
INFO: [ app_begin ] --START--
INFO: Run Behavior\ReadHtmlCacheBehavior [ RunTime:0.000000s ]
INFO: [ app_begin ] --END-- [ RunTime:0.000000s ]
INFO: [ app_end ] --START--
INFO: Run Behavior\ShowPageTraceBehavior [ RunTime:0.000000s ]
INFO: [ app_end ] --END-- [ RunTime:0.000000s ]

[ 2017-09-22T13:53:40+08:00 ] 115.60.56.139 /Home/Index/getDocList.html
INFO: [ app_init ] --START--
INFO: Run Behavior\BuildLiteBehavior [ RunTime:0.000000s ]
INFO: [ app_init ] --END-- [ RunTime:0.000000s ]
NOTIC: [2] preg_match(): Unknown modifier 'f' E:\www\www\main\Library\Think\Route.class.php 第 58 行.
NOTIC: [2] preg_match(): Unknown modifier 'f' E:\www\www\main\Library\Think\Route.class.php 第 58 行.
INFO: [ app_begin ] --START--
INFO: Run Behavior\ReadHtmlCacheBehavior [ RunTime:0.000976s ]
INFO: [ app_begin ] --END-- [ RunTime:0.000976s ]
NOTIC: [8] Undefined index: tid E:\www\www\tk\Home\Controller\IndexController.class.php 第 1594 行.
NOTIC: [8] Undefined index: area E:\www\www\tk\Home\Controller\IndexController.class.php 第 1595 行.
NOTIC: [8] Undefined index: page E:\www\www\tk\Home\Controller\IndexController.class.php 第 1597 行.
NOTIC: [8] Undefined index: grade E:\www\www\tk\Home\Controller\IndexController.class.php 第 1599 行.
NOTIC: [8] Undefined index: key E:\www\www\tk\Home\Controller\IndexController.class.php 第 1600 行.
NOTIC: [8] Undefined index: oldkey E:\www\www\tk\Home\Controller\IndexController.class.php 第 1601 行.
NOTIC: [2] assert(): Assertion failed E:\www\www\tk\Common\Tool\coreseek\api\sphinxapi.php 第 707 行.

[ 2017-09-22T13:53:49+08:00 ] 140.207.128.193 /Home/Index/main.html
INFO: [ app_init ] --START--
INFO: Run Behavior\BuildLiteBehavior [ RunTime:0.000000s ]
INFO: [ app_init ] --END-- [ RunTime:0.000000s ]
NOTIC: [2] preg_match(): Unknown modifier 'f' E:\www\www\main\Library\Think\Route.class.php 第 58 行.
NOTIC: [2] preg_match(): Unknown modifier 'f' E:\www\www\main\Library\Think\Route.class.php 第 58 行.
INFO: [ app_begin ] --START--
INFO: Run Behavior\ReadHtmlCacheBehavior [ RunTime:0.000977s ]
INFO: [ app_begin ] --END-- [ RunTime:0.000977s ]

[ 2017-09-22T13:53:53+08:00 ] 115.60.56.139 /Home/Index/getTestList.html
INFO: [ app_init ] --START--
INFO: Run Behavior\BuildLiteBehavior [ RunTime:0.000000s ]
INFO: [ app_init ] --END-- [ RunTime:0.000000s ]
NOTIC: [2] preg_match(): Unknown modifier 'f' E:\www\www\main\Library\Think\Route.class.php 第 58 行.
NOTIC: [2] preg_match(): Unknown modifier 'f' E:\www\www\main\Library\Think\Route.class.php 第 58 行.
INFO: [ app_begin ] --START--
INFO: Run Behavior\ReadHtmlCacheBehavior [ RunTime:0.000976s ]
INFO: [ app_begin ] --END-- [ RunTime:0.000976s ]
NOTIC: [8] Undefined index: width E:\www\www\tk\Home\Controller\IndexController.class.php 第 1321 行.
NOTIC: [8] Undefined index: did E:\www\www\tk\Home\Controller\IndexController.class.php 第 1323 行.
NOTIC: [8] Undefined index: cid E:\www\www\tk\Home\Controller\IndexController.class.php 第 1329 行.
NOTIC: [8] Undefined index: pid E:\www\www\tk\Home\Controller\IndexController.class.php 第 1330 行.
NOTIC: [8] Undefined index: abi E:\www\www\tk\Home\Controller\IndexController.class.php 第 1331 行.
NOTIC: [8] Undefined index: key E:\www\www\tk\Home\Controller\IndexController.class.php 第 1332 行.
NOTIC: [8] Undefined index: time E:\www\www\tk\Home\Controller\IndexController.class.php 第 1333 行.
NOTIC: [8] Undefined index: perpage E:\www\www\tk\Home\Controller\IndexController.class.php 第 1336 行.
NOTIC: [8] Undefined index: ifInter E:\www\www\tk\Home\Controller\IndexController.class.php 第 1337 行.
NOTIC: [8] Undefined index: interLen E:\www\www\tk\Home\Controller\IndexController.class.php 第 1338 行.
NOTIC: [8] Undefined index: randoms E:\www\www\tk\Home\Controller\IndexController.class.php 第 1377 行.
NOTIC: [8] Undefined index: AatTestStyle E:\www\www\tk\Common\Model\IndexModel.class.php 第 267 行.
NOTIC: [8] Undefined index: specialname E:\www\www\tk\Common\Model\IndexModel.class.php 第 984 行.
NOTIC: [8] Undefined index: klnameonly E:\www\www\tk\Common\Model\IndexModel.class.php 第 985 行.
NOTIC: [8] Undefined index: klnameall E:\www\www\tk\Common\Model\IndexModel.class.php 第 985 行.
NOTIC: [8] Undefined index: kllist E:\www\www\tk\Common\Model\IndexModel.class.php 第 985 行.
NOTIC: [8] Undefined index: chaptername E:\www\www\tk\Common\Model\IndexModel.class.php 第 989 行.
NOTIC: [8] Undefined index: gradename E:\www\www\tk\Common\Model\IndexModel.class.php 第 993 行.
NOTIC: [8] Undefined index: IfDoc E:\www\www\tk\Doc\Model\HandleWordModel.class.php 第 1694 行.
NOTIC: [8] Undefined index: IfDoc E:\www\www\tk\Doc\Model\HandleWordModel.class.php 第 1694 行.
NOTIC: [8] Undefined index: IfDoc E:\www\www\tk\Doc\Model\HandleWordModel.class.php 第 1694 行.
NOTIC: [8] Undefined index: IfDoc E:\www\www\tk\Doc\Model\HandleWordModel.class.php 第 1694 行.
NOTIC: [8] Undefined index: IfDoc E:\www\www\tk\Doc\Model\HandleWordModel.class.php 第 1694 行.
NOTIC: [8] Undefined index: IfDoc E:\www\www\tk\Doc\Model\HandleWordModel.class.php 第 1694 行.
NOTIC: [8] Undefined index: IfDoc E:\www\www\tk\Doc\Model\HandleWordModel.class.php 第 1694 行.
NOTIC: [8] Undefined index: IfDoc E:\www\www\tk\Doc\Model\HandleWordModel.class.php 第 1694 行.
NOTIC: [8] Undefined index: IfDoc E:\www\www\tk\Doc\Model\HandleWordModel.class.php 第 1694 行.
NOTIC: [8] Undefined index: IfDoc E:\www\www\tk\Doc\Model\HandleWordModel.class.php 第 1694 行.
NOTIC: [8] Undefined index: IfDoc E:\www\www\tk\Doc\Model\HandleWordModel.class.php 第 1694 行.
NOTIC: [8] Undefined index: IfDoc E:\www\www\tk\Doc\Model\HandleWordModel.class.php 第 1694 行.
NOTIC: [8] Undefined index: IfDoc E:\www\www\tk\Doc\Model\HandleWordModel.class.php 第 1694 行.
NOTIC: [8] Undefined index: IfDoc E:\www\www\tk\Doc\Model\HandleWordModel.class.php 第 1694 行.
NOTIC: [8] Undefined index: IfDoc E:\www\www\tk\Doc\Model\HandleWordModel.class.php 第 1694 行.
NOTIC: [8] Undefined index: IfDoc E:\www\www\tk\Doc\Model\HandleWordModel.class.php 第 1694 行.
NOTIC: [8] Undefined index: IfDoc E:\www\www\tk\Doc\Model\HandleWordModel.class.php 第 1694 行.
NOTIC: [8] Undefined index: IfDoc E:\www\www\tk\Doc\Model\HandleWordModel.class.php 第 1694 行.
NOTIC: [8] Undefined index: IfDoc E:\www\www\tk\Doc\Model\HandleWordModel.class.php 第 1694 行.
NOTIC: [8] Undefined index: IfDoc E:\www\www\tk\Doc\Model\HandleWordModel.class.php 第 1694 行.
NOTIC: [8] Undefined index: IfShowLogi E:\www\www\tk\Home\Controller\IndexController.class.php 第 1440 行.
NOTIC: [8] Undefined index: IfShowLogi E:\www\www\tk\Home\Controller\IndexController.class.php 第 1440 行.
NOTIC: [8] Undefined index: IfShowLogi E:\www\www\tk\Home\Controller\IndexController.class.php 第 1440 行.
NOTIC: [8] Undefined index: IfShowLogi E:\www\www\tk\Home\Controller\IndexController.class.php 第 1440 行.
NOTIC: [8] Undefined index: IfShowLogi E:\www\www\tk\Home\Controller\IndexController.class.php 第 1440 行.
NOTIC: [8] Undefined index: IfShowLogi E:\www\www\tk\Home\Controller\IndexController.class.php 第 1440 行.
NOTIC: [8] Undefined index: IfShowLogi E:\www\www\tk\Home\Controller\IndexController.class.php 第 1440 行.
NOTIC: [8] Undefined index: IfShowLogi E:\www\www\tk\Home\Controller\IndexController.class.php 第 1440 行.
NOTIC: [8] Undefined index: IfShowLogi E:\www\www\tk\Home\Controller\IndexController.class.php 第 1440 行.
NOTIC: [8] Undefined index: IfShowLogi E:\www\www\tk\Home\Controller\IndexController.class.php 第 1440 行.
NOTIC: [8] Undefined index: IfShowLogi E:\www\www\tk\Home\Controller\IndexController.class.php 第 1440 行.
NOTIC: [8] Undefined index: IfShowLogi E:\www\www\tk\Home\Controller\IndexController.class.php 第 1440 行.
NOTIC: [8] Undefined index: IfShowLogi E:\www\www\tk\Home\Controller\IndexController.class.php 第 1440 行.
NOTIC: [8] Undefined index: IfShowLogi E:\www\www\tk\Home\Controller\IndexController.class.php 第 1440 行.
NOTIC: [8] Undefined index: IfShowLogi E:\www\www\tk\Home\Controller\IndexController.class.php 第 1440 行.
NOTIC: [8] Undefined index: IfShowLogi E:\www\www\tk\Home\Controller\IndexController.class.php 第 1440 行.
NOTIC: [8] Undefined index: IfShowLogi E:\www\www\tk\Home\Controller\IndexController.class.php 第 1440 行.
NOTIC: [8] Undefined index: IfShowLogi E:\www\www\tk\Home\Controller\IndexController.class.php 第 1440 行.
NOTIC: [8] Undefined index: IfShowLogi E:\www\www\tk\Home\Controller\IndexController.class.php 第 1440 行.
NOTIC: [8] Undefined index: IfShowLogi E:\www\www\tk\Home\Controller\IndexController.class.php 第 1440 行.

[ 2017-09-22T13:54:02+08:00 ] 115.60.56.139 /Home/Index/zuJuan.html
INFO: [ app_init ] --START--
INFO: Run Behavior\BuildLiteBehavior [ RunTime:0.000000s ]
INFO: [ app_init ] --END-- [ RunTime:0.000000s ]
NOTIC: [2] preg_match(): Unknown modifier 'f' E:\www\www\main\Library\Think\Route.class.php 第 58 行.
NOTIC: [2] preg_match(): Unknown modifier 'f' E:\www\www\main\Library\Think\Route.class.php 第 58 行.
INFO: [ app_begin ] --START--
INFO: Run Behavior\ReadHtmlCacheBehavior [ RunTime:0.000977s ]
INFO: [ app_begin ] --END-- [ RunTime:0.000977s ]
NOTIC: [2] preg_replace(): No ending delimiter '/' found E:\www\www\tk\Common\Model\ApiDbModel.class.php 第 196 行.
INFO: [ view_parse ] --START--
INFO: [ template_filter ] --START--
INFO: Run Behavior\ContentReplaceBehavior [ RunTime:0.000000s ]
INFO: [ template_filter ] --END-- [ RunTime:0.000000s ]
INFO: Run Behavior\ParseTemplateBehavior [ RunTime:0.008790s ]
INFO: [ view_parse ] --END-- [ RunTime:0.008790s ]
INFO: [ view_filter ] --START--
INFO: Run Behavior\WriteHtmlCacheBehavior [ RunTime:0.000000s ]
INFO: Run Behavior\TokenBuildBehavior [ RunTime:0.003906s ]
INFO: [ view_filter ] --END-- [ RunTime:0.003906s ]
INFO: [ app_end ] --START--
INFO: Run Behavior\ShowPageTraceBehavior [ RunTime:0.000976s ]
INFO: [ app_end ] --END-- [ RunTime:0.000976s ]

[ 2017-09-22T13:54:03+08:00 ] 115.60.56.139 /Home/Index/getZjTestById.html
INFO: [ app_init ] --START--
INFO: Run Behavior\BuildLiteBehavior [ RunTime:0.000000s ]
INFO: [ app_init ] --END-- [ RunTime:0.000000s ]
NOTIC: [2] preg_match(): Unknown modifier 'f' E:\www\www\main\Library\Think\Route.class.php 第 58 行.
NOTIC: [2] preg_match(): Unknown modifier 'f' E:\www\www\main\Library\Think\Route.class.php 第 58 行.
INFO: [ app_begin ] --START--
INFO: Run Behavior\ReadHtmlCacheBehavior [ RunTime:0.000000s ]
INFO: [ app_begin ] --END-- [ RunTime:0.000000s ]
NOTIC: [8] Undefined index: testfilter E:\www\www\tk\Common\Model\IndexModel.class.php 第 153 行.
NOTIC: [8] Undefined index: AatTestStyle E:\www\www\tk\Common\Model\IndexModel.class.php 第 267 行.
NOTIC: [8] Undefined index: subjectname E:\www\www\tk\Common\Model\IndexModel.class.php 第 983 行.
NOTIC: [8] Undefined index: specialname E:\www\www\tk\Common\Model\IndexModel.class.php 第 984 行.
NOTIC: [8] Undefined index: klnameonly E:\www\www\tk\Common\Model\IndexModel.class.php 第 985 行.
NOTIC: [8] Undefined index: klnameall E:\www\www\tk\Common\Model\IndexModel.class.php 第 985 行.
NOTIC: [8] Undefined index: kllist E:\www\www\tk\Common\Model\IndexModel.class.php 第 985 行.
NOTIC: [8] Undefined index: chaptername E:\www\www\tk\Common\Model\IndexModel.class.php 第 989 行.
NOTIC: [8] Undefined index: gradename E:\www\www\tk\Common\Model\IndexModel.class.php 第 993 行.
NOTIC: [8] Undefined index: IfDoc E:\www\www\tk\Doc\Model\HandleWordModel.class.php 第 1694 行.
NOTIC: [8] Undefined index: c E:\www\www\tk\Test\Model\TestRealQueryModel.class.php 第 315 行.
NOTIC: [8] Undefined index: TestID E:\www\www\tk\Test\Model\TestRealQueryModel.class.php 第 322 行.
NOTIC: [8] Undefined index: c E:\www\www\tk\Test\Model\TestRealQueryModel.class.php 第 340 行.
NOTIC: [8] Undefined index: c E:\www\www\tk\Test\Model\TestRealQueryModel.class.php 第 418 行.

[ 2017-09-22T14:32:30+08:00 ] 207.46.13.181 /Home.html
INFO: [ app_init ] --START--
INFO: Run Behavior\BuildLiteBehavior [ RunTime:0.000000s ]
INFO: [ app_init ] --END-- [ RunTime:0.000977s ]
NOTIC: [2] preg_match(): Unknown modifier 'f' E:\www\www\main\Library\Think\Route.class.php 第 58 行.
INFO: [ app_begin ] --START--
INFO: Run Behavior\ReadHtmlCacheBehavior [ RunTime:0.000977s ]
INFO: [ app_begin ] --END-- [ RunTime:0.000977s ]

[ 2017-09-22T15:01:08+08:00 ] 204.79.180.15 /Home.html
INFO: [ app_init ] --START--
INFO: Run Behavior\BuildLiteBehavior [ RunTime:0.000000s ]
INFO: [ app_init ] --END-- [ RunTime:0.000977s ]
NOTIC: [2] preg_match(): Unknown modifier 'f' E:\www\www\main\Library\Think\Route.class.php 第 58 行.
INFO: [ app_begin ] --START--
INFO: Run Behavior\ReadHtmlCacheBehavior [ RunTime:0.000976s ]
INFO: [ app_begin ] --END-- [ RunTime:0.000976s ]

[ 2017-09-22T15:56:22+08:00 ] 222.134.133.242 /Home/Index/main.html
INFO: [ app_init ] --START--
INFO: Run Behavior\BuildLiteBehavior [ RunTime:0.000000s ]
INFO: [ app_init ] --END-- [ RunTime:0.000000s ]
NOTIC: [2] preg_match(): Unknown modifier 'f' E:\www\www\main\Library\Think\Route.class.php 第 58 行.
NOTIC: [2] preg_match(): Unknown modifier 'f' E:\www\www\main\Library\Think\Route.class.php 第 58 行.
INFO: [ app_begin ] --START--
INFO: Run Behavior\ReadHtmlCacheBehavior [ RunTime:0.000977s ]
INFO: [ app_begin ] --END-- [ RunTime:0.000977s ]

[ 2017-09-22T15:57:22+08:00 ] 222.134.133.242 /Home
INFO: [ app_init ] --START--
INFO: Run Behavior\BuildLiteBehavior [ RunTime:0.000000s ]
INFO: [ app_init ] --END-- [ RunTime:0.000977s ]
NOTIC: [2] preg_match(): Unknown modifier 'f' E:\www\www\main\Library\Think\Route.class.php 第 58 行.
INFO: [ app_begin ] --START--
INFO: Run Behavior\ReadHtmlCacheBehavior [ RunTime:0.000976s ]
INFO: [ app_begin ] --END-- [ RunTime:0.000976s ]
NOTIC: [2] preg_replace(): No ending delimiter '/' found E:\www\www\tk\Common\Model\ApiDbModel.class.php 第 196 行.

[ 2017-09-22T15:57:22+08:00 ] 222.134.133.242 /Home/Index/main.html
INFO: [ app_init ] --START--
INFO: Run Behavior\BuildLiteBehavior [ RunTime:0.000000s ]
INFO: [ app_init ] --END-- [ RunTime:0.000000s ]
NOTIC: [2] preg_match(): Unknown modifier 'f' E:\www\www\main\Library\Think\Route.class.php 第 58 行.
NOTIC: [2] preg_match(): Unknown modifier 'f' E:\www\www\main\Library\Think\Route.class.php 第 58 行.
INFO: [ app_begin ] --START--
INFO: Run Behavior\ReadHtmlCacheBehavior [ RunTime:0.000000s ]
INFO: [ app_begin ] --END-- [ RunTime:0.000000s ]
INFO: [ view_parse ] --START--
INFO: [ template_filter ] --START--
INFO: Run Behavior\ContentReplaceBehavior [ RunTime:0.000000s ]
INFO: [ template_filter ] --END-- [ RunTime:0.000000s ]
NOTIC: [8] Undefined variable: loadMode E:\www\www\tk\Runtime\Cache\Home\f0afa10c0e61a07a18e1a0a8382d8919.php 第 155 行.
NOTIC: [8] Undefined variable: useAction E:\www\www\tk\Runtime\Cache\Home\f0afa10c0e61a07a18e1a0a8382d8919.php 第 159 行.
INFO: Run Behavior\ParseTemplateBehavior [ RunTime:0.013671s ]
INFO: [ view_parse ] --END-- [ RunTime:0.013671s ]
INFO: [ view_filter ] --START--
INFO: Run Behavior\WriteHtmlCacheBehavior [ RunTime:0.000000s ]
INFO: Run Behavior\TokenBuildBehavior [ RunTime:0.003906s ]
INFO: [ view_filter ] --END-- [ RunTime:0.003906s ]
INFO: [ app_end ] --START--
INFO: Run Behavior\ShowPageTraceBehavior [ RunTime:0.000000s ]
INFO: [ app_end ] --END-- [ RunTime:0.000000s ]

[ 2017-09-22T15:57:23+08:00 ] 222.134.133.242 /Home/Index/content.html
INFO: [ app_init ] --START--
INFO: Run Behavior\BuildLiteBehavior [ RunTime:0.000000s ]
INFO: [ app_init ] --END-- [ RunTime:0.000976s ]
NOTIC: [2] preg_match(): Unknown modifier 'f' E:\www\www\main\Library\Think\Route.class.php 第 58 行.
NOTIC: [2] preg_match(): Unknown modifier 'f' E:\www\www\main\Library\Think\Route.class.php 第 58 行.
INFO: [ app_begin ] --START--
INFO: Run Behavior\ReadHtmlCacheBehavior [ RunTime:0.000977s ]
INFO: [ app_begin ] --END-- [ RunTime:0.000977s ]
INFO: [ view_parse ] --START--
INFO: [ template_filter ] --START--
INFO: Run Behavior\ContentReplaceBehavior [ RunTime:0.000000s ]
INFO: [ template_filter ] --END-- [ RunTime:0.000000s ]
INFO: Run Behavior\ParseTemplateBehavior [ RunTime:0.010741s ]
INFO: [ view_parse ] --END-- [ RunTime:0.010741s ]
INFO: [ view_filter ] --START--
INFO: Run Behavior\WriteHtmlCacheBehavior [ RunTime:0.000000s ]
INFO: Run Behavior\TokenBuildBehavior [ RunTime:0.000977s ]
INFO: [ view_filter ] --END-- [ RunTime:0.001953s ]
INFO: [ app_end ] --START--
INFO: Run Behavior\ShowPageTraceBehavior [ RunTime:0.000000s ]
INFO: [ app_end ] --END-- [ RunTime:0.000977s ]

[ 2017-09-22T15:57:23+08:00 ] 222.134.133.242 /Home/Index/verify.html
INFO: [ app_init ] --START--
INFO: Run Behavior\BuildLiteBehavior [ RunTime:0.000000s ]
INFO: [ app_init ] --END-- [ RunTime:0.000000s ]
NOTIC: [2] preg_match(): Unknown modifier 'f' E:\www\www\main\Library\Think\Route.class.php 第 58 行.
NOTIC: [2] preg_match(): Unknown modifier 'f' E:\www\www\main\Library\Think\Route.class.php 第 58 行.
INFO: [ app_begin ] --START--
INFO: Run Behavior\ReadHtmlCacheBehavior [ RunTime:0.000000s ]
INFO: [ app_begin ] --END-- [ RunTime:0.000000s ]
INFO: [ app_end ] --START--
INFO: Run Behavior\ShowPageTraceBehavior [ RunTime:0.000976s ]
INFO: [ app_end ] --END-- [ RunTime:0.000976s ]

[ 2017-09-22T15:57:23+08:00 ] 222.134.133.242 /Home/Index/getDocList.html
INFO: [ app_init ] --START--
INFO: Run Behavior\BuildLiteBehavior [ RunTime:0.000000s ]
INFO: [ app_init ] --END-- [ RunTime:0.000000s ]
NOTIC: [2] preg_match(): Unknown modifier 'f' E:\www\www\main\Library\Think\Route.class.php 第 58 行.
NOTIC: [2] preg_match(): Unknown modifier 'f' E:\www\www\main\Library\Think\Route.class.php 第 58 行.
INFO: [ app_begin ] --START--
INFO: Run Behavior\ReadHtmlCacheBehavior [ RunTime:0.000977s ]
INFO: [ app_begin ] --END-- [ RunTime:0.000977s ]
NOTIC: [8] Undefined index: tid E:\www\www\tk\Home\Controller\IndexController.class.php 第 1594 行.
NOTIC: [8] Undefined index: area E:\www\www\tk\Home\Controller\IndexController.class.php 第 1595 行.
NOTIC: [8] Undefined index: page E:\www\www\tk\Home\Controller\IndexController.class.php 第 1597 行.
NOTIC: [8] Undefined index: grade E:\www\www\tk\Home\Controller\IndexController.class.php 第 1599 行.
NOTIC: [8] Undefined index: key E:\www\www\tk\Home\Controller\IndexController.class.php 第 1600 行.
NOTIC: [8] Undefined index: oldkey E:\www\www\tk\Home\Controller\IndexController.class.php 第 1601 行.

[ 2017-09-22T15:57:35+08:00 ] 222.134.133.242 /Home/Index/loginOut.html
INFO: [ app_init ] --START--
INFO: Run Behavior\BuildLiteBehavior [ RunTime:0.000000s ]
INFO: [ app_init ] --END-- [ RunTime:0.000000s ]
NOTIC: [2] preg_match(): Unknown modifier 'f' E:\www\www\main\Library\Think\Route.class.php 第 58 行.
NOTIC: [2] preg_match(): Unknown modifier 'f' E:\www\www\main\Library\Think\Route.class.php 第 58 行.
INFO: [ app_begin ] --START--
INFO: Run Behavior\ReadHtmlCacheBehavior [ RunTime:0.000000s ]
INFO: [ app_begin ] --END-- [ RunTime:0.000977s ]
NOTIC: [8] Undefined offset: 1 E:\www\www\tk\Common\Controller\CommonController.class.php 第 323 行.
NOTIC: [8] Undefined offset: 2 E:\www\www\tk\Common\Controller\CommonController.class.php 第 323 行.
NOTIC: [8] Undefined offset: 1 E:\www\www\tk\Common\Controller\CommonController.class.php 第 334 行.
NOTIC: [8] Undefined offset: 2 E:\www\www\tk\Common\Controller\CommonController.class.php 第 334 行.
NOTIC: [8] Undefined offset: 1 E:\www\www\tk\Common\Controller\CommonController.class.php 第 330 行.
NOTIC: [8] Undefined offset: 2 E:\www\www\tk\Common\Controller\CommonController.class.php 第 330 行.
NOTIC: [8] Undefined offset: 1 E:\www\www\tk\Common\Controller\CommonController.class.php 第 327 行.
NOTIC: [8] Undefined offset: 2 E:\www\www\tk\Common\Controller\CommonController.class.php 第 327 行.

[ 2017-09-22T15:58:36+08:00 ] 222.134.133.242 /Home
INFO: [ app_init ] --START--
INFO: Run Behavior\BuildLiteBehavior [ RunTime:0.000000s ]
INFO: [ app_init ] --END-- [ RunTime:0.000000s ]
NOTIC: [2] preg_match(): Unknown modifier 'f' E:\www\www\main\Library\Think\Route.class.php 第 58 行.
INFO: [ app_begin ] --START--
INFO: Run Behavior\ReadHtmlCacheBehavior [ RunTime:0.000000s ]
INFO: [ app_begin ] --END-- [ RunTime:0.000977s ]

[ 2017-09-22T15:58:36+08:00 ] 222.134.133.242 /Home/Index/main.html
INFO: [ app_init ] --START--
INFO: Run Behavior\BuildLiteBehavior [ RunTime:0.000000s ]
INFO: [ app_init ] --END-- [ RunTime:0.000000s ]
NOTIC: [2] preg_match(): Unknown modifier 'f' E:\www\www\main\Library\Think\Route.class.php 第 58 行.
NOTIC: [2] preg_match(): Unknown modifier 'f' E:\www\www\main\Library\Think\Route.class.php 第 58 行.
INFO: [ app_begin ] --START--
INFO: Run Behavior\ReadHtmlCacheBehavior [ RunTime:0.000000s ]
INFO: [ app_begin ] --END-- [ RunTime:0.000000s ]
INFO: [ view_parse ] --START--
INFO: [ template_filter ] --START--
INFO: Run Behavior\ContentReplaceBehavior [ RunTime:0.000976s ]
INFO: [ template_filter ] --END-- [ RunTime:0.000976s ]
NOTIC: [8] Undefined variable: loadMode E:\www\www\tk\Runtime\Cache\Home\f0afa10c0e61a07a18e1a0a8382d8919.php 第 155 行.
NOTIC: [8] Undefined variable: useAction E:\www\www\tk\Runtime\Cache\Home\f0afa10c0e61a07a18e1a0a8382d8919.php 第 159 行.
INFO: Run Behavior\ParseTemplateBehavior [ RunTime:0.014647s ]
INFO: [ view_parse ] --END-- [ RunTime:0.014647s ]
INFO: [ view_filter ] --START--
INFO: Run Behavior\WriteHtmlCacheBehavior [ RunTime:0.000000s ]
INFO: Run Behavior\TokenBuildBehavior [ RunTime:0.003906s ]
INFO: [ view_filter ] --END-- [ RunTime:0.003906s ]
INFO: [ app_end ] --START--
INFO: Run Behavior\ShowPageTraceBehavior [ RunTime:0.000977s ]
INFO: [ app_end ] --END-- [ RunTime:0.000977s ]

[ 2017-09-22T15:58:36+08:00 ] 222.134.133.242 /Home/Index/content.html
INFO: [ app_init ] --START--
INFO: Run Behavior\BuildLiteBehavior [ RunTime:0.000000s ]
INFO: [ app_init ] --END-- [ RunTime:0.000000s ]
NOTIC: [2] preg_match(): Unknown modifier 'f' E:\www\www\main\Library\Think\Route.class.php 第 58 行.
NOTIC: [2] preg_match(): Unknown modifier 'f' E:\www\www\main\Library\Think\Route.class.php 第 58 行.
INFO: [ app_begin ] --START--
INFO: Run Behavior\ReadHtmlCacheBehavior [ RunTime:0.000000s ]
INFO: [ app_begin ] --END-- [ RunTime:0.000977s ]
INFO: [ view_parse ] --START--
INFO: [ template_filter ] --START--
INFO: Run Behavior\ContentReplaceBehavior [ RunTime:0.000000s ]
INFO: [ template_filter ] --END-- [ RunTime:0.000000s ]
INFO: Run Behavior\ParseTemplateBehavior [ RunTime:0.010742s ]
INFO: [ view_parse ] --END-- [ RunTime:0.010742s ]
INFO: [ view_filter ] --START--
INFO: Run Behavior\WriteHtmlCacheBehavior [ RunTime:0.000000s ]
INFO: Run Behavior\TokenBuildBehavior [ RunTime:0.001953s ]
INFO: [ view_filter ] --END-- [ RunTime:0.001953s ]
INFO: [ app_end ] --START--
INFO: Run Behavior\ShowPageTraceBehavior [ RunTime:0.000976s ]
INFO: [ app_end ] --END-- [ RunTime:0.000976s ]

[ 2017-09-22T15:58:36+08:00 ] 222.134.133.242 /Home/Index/verify.html
INFO: [ app_init ] --START--
INFO: Run Behavior\BuildLiteBehavior [ RunTime:0.000000s ]
INFO: [ app_init ] --END-- [ RunTime:0.000977s ]
NOTIC: [2] preg_match(): Unknown modifier 'f' E:\www\www\main\Library\Think\Route.class.php 第 58 行.
NOTIC: [2] preg_match(): Unknown modifier 'f' E:\www\www\main\Library\Think\Route.class.php 第 58 行.
INFO: [ app_begin ] --START--
INFO: Run Behavior\ReadHtmlCacheBehavior [ RunTime:0.000976s ]
INFO: [ app_begin ] --END-- [ RunTime:0.000976s ]
INFO: [ app_end ] --START--
INFO: Run Behavior\ShowPageTraceBehavior [ RunTime:0.000977s ]
INFO: [ app_end ] --END-- [ RunTime:0.000977s ]

[ 2017-09-22T15:58:36+08:00 ] 222.134.133.242 /Home/Index/getDocList.html
INFO: [ app_init ] --START--
INFO: Run Behavior\BuildLiteBehavior [ RunTime:0.000000s ]
INFO: [ app_init ] --END-- [ RunTime:0.000000s ]
NOTIC: [2] preg_match(): Unknown modifier 'f' E:\www\www\main\Library\Think\Route.class.php 第 58 行.
NOTIC: [2] preg_match(): Unknown modifier 'f' E:\www\www\main\Library\Think\Route.class.php 第 58 行.
INFO: [ app_begin ] --START--
INFO: Run Behavior\ReadHtmlCacheBehavior [ RunTime:0.000000s ]
INFO: [ app_begin ] --END-- [ RunTime:0.000000s ]
NOTIC: [8] Undefined index: tid E:\www\www\tk\Home\Controller\IndexController.class.php 第 1594 行.
NOTIC: [8] Undefined index: area E:\www\www\tk\Home\Controller\IndexController.class.php 第 1595 行.
NOTIC: [8] Undefined index: page E:\www\www\tk\Home\Controller\IndexController.class.php 第 1597 行.
NOTIC: [8] Undefined index: grade E:\www\www\tk\Home\Controller\IndexController.class.php 第 1599 行.
NOTIC: [8] Undefined index: key E:\www\www\tk\Home\Controller\IndexController.class.php 第 1600 行.
NOTIC: [8] Undefined index: oldkey E:\www\www\tk\Home\Controller\IndexController.class.php 第 1601 行.

[ 2017-09-22T18:30:10+08:00 ] 176.15.231.136 /Home/Index/main.html
INFO: [ app_init ] --START--
INFO: Run Behavior\BuildLiteBehavior [ RunTime:0.000000s ]
INFO: [ app_init ] --END-- [ RunTime:0.000977s ]
NOTIC: [2] preg_match(): Unknown modifier 'f' E:\www\www\main\Library\Think\Route.class.php 第 58 行.
NOTIC: [2] preg_match(): Unknown modifier 'f' E:\www\www\main\Library\Think\Route.class.php 第 58 行.
INFO: [ app_begin ] --START--
INFO: Run Behavior\ReadHtmlCacheBehavior [ RunTime:0.000977s ]
INFO: [ app_begin ] --END-- [ RunTime:0.000977s ]

[ 2017-09-22T18:39:38+08:00 ] 223.96.145.14 /Home.html
INFO: [ app_init ] --START--
INFO: Run Behavior\BuildLiteBehavior [ RunTime:0.000000s ]
INFO: [ app_init ] --END-- [ RunTime:0.000000s ]
NOTIC: [2] preg_match(): Unknown modifier 'f' E:\www\www\main\Library\Think\Route.class.php 第 58 行.
INFO: [ app_begin ] --START--
INFO: Run Behavior\ReadHtmlCacheBehavior [ RunTime:0.000000s ]
INFO: [ app_begin ] --END-- [ RunTime:0.000000s ]

[ 2017-09-22T18:46:21+08:00 ] 144.12.45.137 /Home.html
INFO: [ app_init ] --START--
INFO: Run Behavior\BuildLiteBehavior [ RunTime:0.000000s ]
INFO: [ app_init ] --END-- [ RunTime:0.000977s ]
NOTIC: [2] preg_match(): Unknown modifier 'f' E:\www\www\main\Library\Think\Route.class.php 第 58 行.
INFO: [ app_begin ] --START--
INFO: Run Behavior\ReadHtmlCacheBehavior [ RunTime:0.000977s ]
INFO: [ app_begin ] --END-- [ RunTime:0.000977s ]

[ 2017-09-22T19:08:12+08:00 ] 27.212.144.68 /Home
INFO: [ app_init ] --START--
INFO: Run Behavior\BuildLiteBehavior [ RunTime:0.000000s ]
INFO: [ app_init ] --END-- [ RunTime:0.000000s ]
NOTIC: [2] preg_match(): Unknown modifier 'f' E:\www\www\main\Library\Think\Route.class.php 第 58 行.
INFO: [ app_begin ] --START--
INFO: Run Behavior\ReadHtmlCacheBehavior [ RunTime:0.000000s ]
INFO: [ app_begin ] --END-- [ RunTime:0.000000s ]
NOTIC: [2] preg_replace(): No ending delimiter '/' found E:\www\www\tk\Common\Model\ApiDbModel.class.php 第 196 行.

[ 2017-09-22T19:08:12+08:00 ] 27.212.144.68 /Home/Index/main.html
INFO: [ app_init ] --START--
INFO: Run Behavior\BuildLiteBehavior [ RunTime:0.000000s ]
INFO: [ app_init ] --END-- [ RunTime:0.000000s ]
NOTIC: [2] preg_match(): Unknown modifier 'f' E:\www\www\main\Library\Think\Route.class.php 第 58 行.
NOTIC: [2] preg_match(): Unknown modifier 'f' E:\www\www\main\Library\Think\Route.class.php 第 58 行.
INFO: [ app_begin ] --START--
INFO: Run Behavior\ReadHtmlCacheBehavior [ RunTime:0.000977s ]
INFO: [ app_begin ] --END-- [ RunTime:0.000977s ]
INFO: [ view_parse ] --START--
INFO: [ template_filter ] --START--
INFO: Run Behavior\ContentReplaceBehavior [ RunTime:0.000976s ]
INFO: [ template_filter ] --END-- [ RunTime:0.000976s ]
NOTIC: [8] Undefined variable: loadMode E:\www\www\tk\Runtime\Cache\Home\f0afa10c0e61a07a18e1a0a8382d8919.php 第 155 行.
NOTIC: [8] Undefined variable: useAction E:\www\www\tk\Runtime\Cache\Home\f0afa10c0e61a07a18e1a0a8382d8919.php 第 159 行.
INFO: Run Behavior\ParseTemplateBehavior [ RunTime:0.013673s ]
INFO: [ view_parse ] --END-- [ RunTime:0.013673s ]
INFO: [ view_filter ] --START--
INFO: Run Behavior\WriteHtmlCacheBehavior [ RunTime:0.000000s ]
INFO: Run Behavior\TokenBuildBehavior [ RunTime:0.003906s ]
INFO: [ view_filter ] --END-- [ RunTime:0.003906s ]
INFO: [ app_end ] --START--
INFO: Run Behavior\ShowPageTraceBehavior [ RunTime:0.000977s ]
INFO: [ app_end ] --END-- [ RunTime:0.000977s ]

[ 2017-09-22T19:08:13+08:00 ] 27.212.144.68 /Home/Index/content.html
INFO: [ app_init ] --START--
INFO: Run Behavior\BuildLiteBehavior [ RunTime:0.000000s ]
INFO: [ app_init ] --END-- [ RunTime:0.000000s ]
NOTIC: [2] preg_match(): Unknown modifier 'f' E:\www\www\main\Library\Think\Route.class.php 第 58 行.
NOTIC: [2] preg_match(): Unknown modifier 'f' E:\www\www\main\Library\Think\Route.class.php 第 58 行.
INFO: [ app_begin ] --START--
INFO: Run Behavior\ReadHtmlCacheBehavior [ RunTime:0.000977s ]
INFO: [ app_begin ] --END-- [ RunTime:0.000977s ]
INFO: [ view_parse ] --START--
INFO: [ template_filter ] --START--
INFO: Run Behavior\ContentReplaceBehavior [ RunTime:0.000000s ]
INFO: [ template_filter ] --END-- [ RunTime:0.000977s ]
INFO: Run Behavior\ParseTemplateBehavior [ RunTime:0.010743s ]
INFO: [ view_parse ] --END-- [ RunTime:0.011719s ]
INFO: [ view_filter ] --START--
INFO: Run Behavior\WriteHtmlCacheBehavior [ RunTime:0.000000s ]
INFO: Run Behavior\TokenBuildBehavior [ RunTime:0.000977s ]
INFO: [ view_filter ] --END-- [ RunTime:0.000977s ]
INFO: [ app_end ] --START--
INFO: Run Behavior\ShowPageTraceBehavior [ RunTime:0.000976s ]
INFO: [ app_end ] --END-- [ RunTime:0.000976s ]

[ 2017-09-22T19:08:13+08:00 ] 27.212.144.68 /Home/Index/verify.html
INFO: [ app_init ] --START--
INFO: Run Behavior\BuildLiteBehavior [ RunTime:0.000000s ]
INFO: [ app_init ] --END-- [ RunTime:0.000000s ]
NOTIC: [2] preg_match(): Unknown modifier 'f' E:\www\www\main\Library\Think\Route.class.php 第 58 行.
NOTIC: [2] preg_match(): Unknown modifier 'f' E:\www\www\main\Library\Think\Route.class.php 第 58 行.
INFO: [ app_begin ] --START--
INFO: Run Behavior\ReadHtmlCacheBehavior [ RunTime:0.000976s ]
INFO: [ app_begin ] --END-- [ RunTime:0.000976s ]
INFO: [ app_end ] --START--
INFO: Run Behavior\ShowPageTraceBehavior [ RunTime:0.000977s ]
INFO: [ app_end ] --END-- [ RunTime:0.000977s ]

[ 2017-09-22T19:08:13+08:00 ] 27.212.144.68 /Home/Index/getDocList.html
INFO: [ app_init ] --START--
INFO: Run Behavior\BuildLiteBehavior [ RunTime:0.000000s ]
INFO: [ app_init ] --END-- [ RunTime:0.000000s ]
NOTIC: [2] preg_match(): Unknown modifier 'f' E:\www\www\main\Library\Think\Route.class.php 第 58 行.
NOTIC: [2] preg_match(): Unknown modifier 'f' E:\www\www\main\Library\Think\Route.class.php 第 58 行.
INFO: [ app_begin ] --START--
INFO: Run Behavior\ReadHtmlCacheBehavior [ RunTime:0.000976s ]
INFO: [ app_begin ] --END-- [ RunTime:0.000976s ]
NOTIC: [8] Undefined index: tid E:\www\www\tk\Home\Controller\IndexController.class.php 第 1594 行.
NOTIC: [8] Undefined index: area E:\www\www\tk\Home\Controller\IndexController.class.php 第 1595 行.
NOTIC: [8] Undefined index: page E:\www\www\tk\Home\Controller\IndexController.class.php 第 1597 行.
NOTIC: [8] Undefined index: grade E:\www\www\tk\Home\Controller\IndexController.class.php 第 1599 行.
NOTIC: [8] Undefined index: key E:\www\www\tk\Home\Controller\IndexController.class.php 第 1600 行.
NOTIC: [8] Undefined index: oldkey E:\www\www\tk\Home\Controller\IndexController.class.php 第 1601 行.

[ 2017-09-22T19:08:37+08:00 ] 27.212.144.68 /Home/Index/main.html
INFO: [ app_init ] --START--
INFO: Run Behavior\BuildLiteBehavior [ RunTime:0.000000s ]
INFO: [ app_init ] --END-- [ RunTime:0.000000s ]
NOTIC: [2] preg_match(): Unknown modifier 'f' E:\www\www\main\Library\Think\Route.class.php 第 58 行.
NOTIC: [2] preg_match(): Unknown modifier 'f' E:\www\www\main\Library\Think\Route.class.php 第 58 行.
INFO: [ app_begin ] --START--
INFO: Run Behavior\ReadHtmlCacheBehavior [ RunTime:0.000000s ]
INFO: [ app_begin ] --END-- [ RunTime:0.000000s ]
INFO: [ view_parse ] --START--
INFO: [ template_filter ] --START--
INFO: Run Behavior\ContentReplaceBehavior [ RunTime:0.000977s ]
INFO: [ template_filter ] --END-- [ RunTime:0.000977s ]
NOTIC: [8] Undefined variable: loadMode E:\www\www\tk\Runtime\Cache\Home\f0afa10c0e61a07a18e1a0a8382d8919.php 第 155 行.
NOTIC: [8] Undefined variable: useAction E:\www\www\tk\Runtime\Cache\Home\f0afa10c0e61a07a18e1a0a8382d8919.php 第 159 行.
INFO: Run Behavior\ParseTemplateBehavior [ RunTime:0.014649s ]
INFO: [ view_parse ] --END-- [ RunTime:0.014649s ]
INFO: [ view_filter ] --START--
INFO: Run Behavior\WriteHtmlCacheBehavior [ RunTime:0.000000s ]
INFO: Run Behavior\TokenBuildBehavior [ RunTime:0.003906s ]
INFO: [ view_filter ] --END-- [ RunTime:0.003906s ]
INFO: [ app_end ] --START--
INFO: Run Behavior\ShowPageTraceBehavior [ RunTime:0.000977s ]
INFO: [ app_end ] --END-- [ RunTime:0.000977s ]

[ 2017-09-22T19:08:37+08:00 ] 27.212.144.68 /Home/Index/content.html
INFO: [ app_init ] --START--
INFO: Run Behavior\BuildLiteBehavior [ RunTime:0.000000s ]
INFO: [ app_init ] --END-- [ RunTime:0.000000s ]
NOTIC: [2] preg_match(): Unknown modifier 'f' E:\www\www\main\Library\Think\Route.class.php 第 58 行.
NOTIC: [2] preg_match(): Unknown modifier 'f' E:\www\www\main\Library\Think\Route.class.php 第 58 行.
INFO: [ app_begin ] --START--
INFO: Run Behavior\ReadHtmlCacheBehavior [ RunTime:0.000000s ]
INFO: [ app_begin ] --END-- [ RunTime:0.000000s ]
INFO: [ view_parse ] --START--
INFO: [ template_filter ] --START--
INFO: Run Behavior\ContentReplaceBehavior [ RunTime:0.000000s ]
INFO: [ template_filter ] --END-- [ RunTime:0.000000s ]
INFO: Run Behavior\ParseTemplateBehavior [ RunTime:0.010743s ]
INFO: [ view_parse ] --END-- [ RunTime:0.010743s ]
INFO: [ view_filter ] --START--
INFO: Run Behavior\WriteHtmlCacheBehavior [ RunTime:0.000000s ]
INFO: Run Behavior\TokenBuildBehavior [ RunTime:0.000977s ]
INFO: [ view_filter ] --END-- [ RunTime:0.001953s ]
INFO: [ app_end ] --START--
INFO: Run Behavior\ShowPageTraceBehavior [ RunTime:0.000976s ]
INFO: [ app_end ] --END-- [ RunTime:0.000976s ]

[ 2017-09-22T19:08:37+08:00 ] 27.212.144.68 /Home/Index/verify.html
INFO: [ app_init ] --START--
INFO: Run Behavior\BuildLiteBehavior [ RunTime:0.000000s ]
INFO: [ app_init ] --END-- [ RunTime:0.000977s ]
NOTIC: [2] preg_match(): Unknown modifier 'f' E:\www\www\main\Library\Think\Route.class.php 第 58 行.
NOTIC: [2] preg_match(): Unknown modifier 'f' E:\www\www\main\Library\Think\Route.class.php 第 58 行.
INFO: [ app_begin ] --START--
INFO: Run Behavior\ReadHtmlCacheBehavior [ RunTime:0.000976s ]
INFO: [ app_begin ] --END-- [ RunTime:0.000976s ]
INFO: [ app_end ] --START--
INFO: Run Behavior\ShowPageTraceBehavior [ RunTime:0.000976s ]
INFO: [ app_end ] --END-- [ RunTime:0.000976s ]

[ 2017-09-22T19:08:37+08:00 ] 27.212.144.68 /Home/Index/getDocList.html
INFO: [ app_init ] --START--
INFO: Run Behavior\BuildLiteBehavior [ RunTime:0.000000s ]
INFO: [ app_init ] --END-- [ RunTime:0.000976s ]
NOTIC: [2] preg_match(): Unknown modifier 'f' E:\www\www\main\Library\Think\Route.class.php 第 58 行.
NOTIC: [2] preg_match(): Unknown modifier 'f' E:\www\www\main\Library\Think\Route.class.php 第 58 行.
INFO: [ app_begin ] --START--
INFO: Run Behavior\ReadHtmlCacheBehavior [ RunTime:0.000000s ]
INFO: [ app_begin ] --END-- [ RunTime:0.000000s ]
NOTIC: [8] Undefined index: tid E:\www\www\tk\Home\Controller\IndexController.class.php 第 1594 行.
NOTIC: [8] Undefined index: area E:\www\www\tk\Home\Controller\IndexController.class.php 第 1595 行.
NOTIC: [8] Undefined index: page E:\www\www\tk\Home\Controller\IndexController.class.php 第 1597 行.
NOTIC: [8] Undefined index: grade E:\www\www\tk\Home\Controller\IndexController.class.php 第 1599 行.
NOTIC: [8] Undefined index: key E:\www\www\tk\Home\Controller\IndexController.class.php 第 1600 行.
NOTIC: [8] Undefined index: oldkey E:\www\www\tk\Home\Controller\IndexController.class.php 第 1601 行.

[ 2017-09-22T21:11:37+08:00 ] 119.182.136.88 /Home.html
INFO: [ app_init ] --START--
INFO: Run Behavior\BuildLiteBehavior [ RunTime:0.000000s ]
INFO: [ app_init ] --END-- [ RunTime:0.000000s ]
NOTIC: [2] preg_match(): Unknown modifier 'f' E:\www\www\main\Library\Think\Route.class.php 第 58 行.
INFO: [ app_begin ] --START--
INFO: Run Behavior\ReadHtmlCacheBehavior [ RunTime:0.000977s ]
INFO: [ app_begin ] --END-- [ RunTime:0.000977s ]

