[ 2017-10-06T09:18:41+08:00 ] 112.227.88.8 /Home/Index/main.html
INFO: [ app_init ] --START--
INFO: Run Behavior\BuildLiteBehavior [ RunTime:0.000000s ]
INFO: [ app_init ] --END-- [ RunTime:0.000000s ]
NOTIC: [2] preg_match(): Unknown modifier 'f' E:\www\www\main\Library\Think\Route.class.php 第 58 行.
NOTIC: [2] preg_match(): Unknown modifier 'f' E:\www\www\main\Library\Think\Route.class.php 第 58 行.
INFO: [ app_begin ] --START--
INFO: Run Behavior\ReadHtmlCacheBehavior [ RunTime:0.000000s ]
INFO: [ app_begin ] --END-- [ RunTime:0.000000s ]

[ 2017-10-06T09:20:51+08:00 ] 112.227.88.8 /Home
INFO: [ app_init ] --START--
INFO: Run Behavior\BuildLiteBehavior [ RunTime:0.000000s ]
INFO: [ app_init ] --END-- [ RunTime:0.000976s ]
NOTIC: [2] preg_match(): Unknown modifier 'f' E:\www\www\main\Library\Think\Route.class.php 第 58 行.
INFO: [ app_begin ] --START--
INFO: Run Behavior\ReadHtmlCacheBehavior [ RunTime:0.000977s ]
INFO: [ app_begin ] --END-- [ RunTime:0.000977s ]
NOTIC: [8] Undefined offset: 0 E:\www\www\tk\User\Model\UserExpModel.class.php 第 59 行.
NOTIC: [2] preg_replace(): No ending delimiter '/' found E:\www\www\tk\Common\Model\ApiDbModel.class.php 第 196 行.

[ 2017-10-06T09:20:52+08:00 ] 112.227.88.8 /Home/Index/main.html
INFO: [ app_init ] --START--
INFO: Run Behavior\BuildLiteBehavior [ RunTime:0.000000s ]
INFO: [ app_init ] --END-- [ RunTime:0.000000s ]
NOTIC: [2] preg_match(): Unknown modifier 'f' E:\www\www\main\Library\Think\Route.class.php 第 58 行.
NOTIC: [2] preg_match(): Unknown modifier 'f' E:\www\www\main\Library\Think\Route.class.php 第 58 行.
INFO: [ app_begin ] --START--
INFO: Run Behavior\ReadHtmlCacheBehavior [ RunTime:0.000000s ]
INFO: [ app_begin ] --END-- [ RunTime:0.000976s ]
INFO: [ view_parse ] --START--
INFO: [ template_filter ] --START--
INFO: Run Behavior\ContentReplaceBehavior [ RunTime:0.000000s ]
INFO: [ template_filter ] --END-- [ RunTime:0.000000s ]
NOTIC: [8] Undefined variable: loadMode E:\www\www\tk\Runtime\Cache\Home\f0afa10c0e61a07a18e1a0a8382d8919.php 第 155 行.
NOTIC: [8] Undefined variable: useAction E:\www\www\tk\Runtime\Cache\Home\f0afa10c0e61a07a18e1a0a8382d8919.php 第 159 行.
INFO: Run Behavior\ParseTemplateBehavior [ RunTime:0.014648s ]
INFO: [ view_parse ] --END-- [ RunTime:0.014648s ]
INFO: [ view_filter ] --START--
INFO: Run Behavior\WriteHtmlCacheBehavior [ RunTime:0.000976s ]
INFO: Run Behavior\TokenBuildBehavior [ RunTime:0.003906s ]
INFO: [ view_filter ] --END-- [ RunTime:0.004882s ]
INFO: [ app_end ] --START--
INFO: Run Behavior\ShowPageTraceBehavior [ RunTime:0.000977s ]
INFO: [ app_end ] --END-- [ RunTime:0.000977s ]

[ 2017-10-06T09:20:52+08:00 ] 112.227.88.8 /Home/Index/content.html
INFO: [ app_init ] --START--
INFO: Run Behavior\BuildLiteBehavior [ RunTime:0.000000s ]
INFO: [ app_init ] --END-- [ RunTime:0.000977s ]
NOTIC: [2] preg_match(): Unknown modifier 'f' E:\www\www\main\Library\Think\Route.class.php 第 58 行.
NOTIC: [2] preg_match(): Unknown modifier 'f' E:\www\www\main\Library\Think\Route.class.php 第 58 行.
INFO: [ app_begin ] --START--
INFO: Run Behavior\ReadHtmlCacheBehavior [ RunTime:0.000976s ]
INFO: [ app_begin ] --END-- [ RunTime:0.000976s ]
INFO: [ view_parse ] --START--
INFO: [ template_filter ] --START--
INFO: Run Behavior\ContentReplaceBehavior [ RunTime:0.000000s ]
INFO: [ template_filter ] --END-- [ RunTime:0.000000s ]
INFO: Run Behavior\ParseTemplateBehavior [ RunTime:0.011718s ]
INFO: [ view_parse ] --END-- [ RunTime:0.011718s ]
INFO: [ view_filter ] --START--
INFO: Run Behavior\WriteHtmlCacheBehavior [ RunTime:0.000977s ]
INFO: Run Behavior\TokenBuildBehavior [ RunTime:0.000976s ]
INFO: [ view_filter ] --END-- [ RunTime:0.001953s ]
INFO: [ app_end ] --START--
INFO: Run Behavior\ShowPageTraceBehavior [ RunTime:0.000977s ]
INFO: [ app_end ] --END-- [ RunTime:0.000977s ]

[ 2017-10-06T09:20:52+08:00 ] 112.227.88.8 /Home/Index/verify.html
INFO: [ app_init ] --START--
INFO: Run Behavior\BuildLiteBehavior [ RunTime:0.000000s ]
INFO: [ app_init ] --END-- [ RunTime:0.000976s ]
NOTIC: [2] preg_match(): Unknown modifier 'f' E:\www\www\main\Library\Think\Route.class.php 第 58 行.
NOTIC: [2] preg_match(): Unknown modifier 'f' E:\www\www\main\Library\Think\Route.class.php 第 58 行.
INFO: [ app_begin ] --START--
INFO: Run Behavior\ReadHtmlCacheBehavior [ RunTime:0.000000s ]
INFO: [ app_begin ] --END-- [ RunTime:0.000977s ]
INFO: [ app_end ] --START--
INFO: Run Behavior\ShowPageTraceBehavior [ RunTime:0.000976s ]
INFO: [ app_end ] --END-- [ RunTime:0.000976s ]

[ 2017-10-06T09:20:52+08:00 ] 112.227.88.8 /Home/Index/getDocList.html
INFO: [ app_init ] --START--
INFO: Run Behavior\BuildLiteBehavior [ RunTime:0.000000s ]
INFO: [ app_init ] --END-- [ RunTime:0.000000s ]
NOTIC: [2] preg_match(): Unknown modifier 'f' E:\www\www\main\Library\Think\Route.class.php 第 58 行.
NOTIC: [2] preg_match(): Unknown modifier 'f' E:\www\www\main\Library\Think\Route.class.php 第 58 行.
INFO: [ app_begin ] --START--
INFO: Run Behavior\ReadHtmlCacheBehavior [ RunTime:0.000000s ]
INFO: [ app_begin ] --END-- [ RunTime:0.000000s ]
NOTIC: [8] Undefined index: tid E:\www\www\tk\Home\Controller\IndexController.class.php 第 1594 行.
NOTIC: [8] Undefined index: area E:\www\www\tk\Home\Controller\IndexController.class.php 第 1595 行.
NOTIC: [8] Undefined index: page E:\www\www\tk\Home\Controller\IndexController.class.php 第 1597 行.
NOTIC: [8] Undefined index: grade E:\www\www\tk\Home\Controller\IndexController.class.php 第 1599 行.
NOTIC: [8] Undefined index: key E:\www\www\tk\Home\Controller\IndexController.class.php 第 1600 行.
NOTIC: [8] Undefined index: oldkey E:\www\www\tk\Home\Controller\IndexController.class.php 第 1601 行.

[ 2017-10-06T09:20:59+08:00 ] 112.227.88.8 /Home/Index/content.html
INFO: [ app_init ] --START--
INFO: Run Behavior\BuildLiteBehavior [ RunTime:0.000000s ]
INFO: [ app_init ] --END-- [ RunTime:0.000000s ]
NOTIC: [2] preg_match(): Unknown modifier 'f' E:\www\www\main\Library\Think\Route.class.php 第 58 行.
NOTIC: [2] preg_match(): Unknown modifier 'f' E:\www\www\main\Library\Think\Route.class.php 第 58 行.
INFO: [ app_begin ] --START--
INFO: Run Behavior\ReadHtmlCacheBehavior [ RunTime:0.000000s ]
INFO: [ app_begin ] --END-- [ RunTime:0.000000s ]
INFO: [ view_parse ] --START--
INFO: [ template_filter ] --START--
INFO: Run Behavior\ContentReplaceBehavior [ RunTime:0.000000s ]
INFO: [ template_filter ] --END-- [ RunTime:0.000000s ]
INFO: Run Behavior\ParseTemplateBehavior [ RunTime:0.010741s ]
INFO: [ view_parse ] --END-- [ RunTime:0.010741s ]
INFO: [ view_filter ] --START--
INFO: Run Behavior\WriteHtmlCacheBehavior [ RunTime:0.000000s ]
INFO: Run Behavior\TokenBuildBehavior [ RunTime:0.001953s ]
INFO: [ view_filter ] --END-- [ RunTime:0.001953s ]
INFO: [ app_end ] --START--
INFO: Run Behavior\ShowPageTraceBehavior [ RunTime:0.000977s ]
INFO: [ app_end ] --END-- [ RunTime:0.000977s ]

[ 2017-10-06T09:20:59+08:00 ] 112.227.88.8 /Home/Index/getDocList.html
INFO: [ app_init ] --START--
INFO: Run Behavior\BuildLiteBehavior [ RunTime:0.000000s ]
INFO: [ app_init ] --END-- [ RunTime:0.000000s ]
NOTIC: [2] preg_match(): Unknown modifier 'f' E:\www\www\main\Library\Think\Route.class.php 第 58 行.
NOTIC: [2] preg_match(): Unknown modifier 'f' E:\www\www\main\Library\Think\Route.class.php 第 58 行.
INFO: [ app_begin ] --START--
INFO: Run Behavior\ReadHtmlCacheBehavior [ RunTime:0.000000s ]
INFO: [ app_begin ] --END-- [ RunTime:0.000000s ]
NOTIC: [8] Undefined index: tid E:\www\www\tk\Home\Controller\IndexController.class.php 第 1594 行.
NOTIC: [8] Undefined index: area E:\www\www\tk\Home\Controller\IndexController.class.php 第 1595 行.
NOTIC: [8] Undefined index: page E:\www\www\tk\Home\Controller\IndexController.class.php 第 1597 行.
NOTIC: [8] Undefined index: grade E:\www\www\tk\Home\Controller\IndexController.class.php 第 1599 行.
NOTIC: [8] Undefined index: key E:\www\www\tk\Home\Controller\IndexController.class.php 第 1600 行.
NOTIC: [8] Undefined index: oldkey E:\www\www\tk\Home\Controller\IndexController.class.php 第 1601 行.
NOTIC: [2] assert(): Assertion failed E:\www\www\tk\Common\Tool\coreseek\api\sphinxapi.php 第 707 行.

[ 2017-10-06T09:35:40+08:00 ] 112.227.88.8 /Home/Index/main.html
INFO: [ app_init ] --START--
INFO: Run Behavior\BuildLiteBehavior [ RunTime:0.000000s ]
INFO: [ app_init ] --END-- [ RunTime:0.000977s ]
NOTIC: [2] preg_match(): Unknown modifier 'f' E:\www\www\main\Library\Think\Route.class.php 第 58 行.
NOTIC: [2] preg_match(): Unknown modifier 'f' E:\www\www\main\Library\Think\Route.class.php 第 58 行.
INFO: [ app_begin ] --START--
INFO: Run Behavior\ReadHtmlCacheBehavior [ RunTime:0.000000s ]
INFO: [ app_begin ] --END-- [ RunTime:0.000000s ]
INFO: [ view_parse ] --START--
INFO: [ template_filter ] --START--
INFO: Run Behavior\ContentReplaceBehavior [ RunTime:0.000000s ]
INFO: [ template_filter ] --END-- [ RunTime:0.000000s ]
NOTIC: [8] Undefined variable: loadMode E:\www\www\tk\Runtime\Cache\Home\f0afa10c0e61a07a18e1a0a8382d8919.php 第 155 行.
NOTIC: [8] Undefined variable: useAction E:\www\www\tk\Runtime\Cache\Home\f0afa10c0e61a07a18e1a0a8382d8919.php 第 159 行.
INFO: Run Behavior\ParseTemplateBehavior [ RunTime:0.013671s ]
INFO: [ view_parse ] --END-- [ RunTime:0.014647s ]
INFO: [ view_filter ] --START--
INFO: Run Behavior\WriteHtmlCacheBehavior [ RunTime:0.000977s ]
INFO: Run Behavior\TokenBuildBehavior [ RunTime:0.002929s ]
INFO: [ view_filter ] --END-- [ RunTime:0.003906s ]
INFO: [ app_end ] --START--
INFO: Run Behavior\ShowPageTraceBehavior [ RunTime:0.000976s ]
INFO: [ app_end ] --END-- [ RunTime:0.000976s ]

[ 2017-10-06T09:35:41+08:00 ] 112.227.88.8 /Home/Index/content.html
INFO: [ app_init ] --START--
INFO: Run Behavior\BuildLiteBehavior [ RunTime:0.000000s ]
INFO: [ app_init ] --END-- [ RunTime:0.000000s ]
NOTIC: [2] preg_match(): Unknown modifier 'f' E:\www\www\main\Library\Think\Route.class.php 第 58 行.
NOTIC: [2] preg_match(): Unknown modifier 'f' E:\www\www\main\Library\Think\Route.class.php 第 58 行.
INFO: [ app_begin ] --START--
INFO: Run Behavior\ReadHtmlCacheBehavior [ RunTime:0.000976s ]
INFO: [ app_begin ] --END-- [ RunTime:0.000976s ]
INFO: [ view_parse ] --START--
INFO: [ template_filter ] --START--
INFO: Run Behavior\ContentReplaceBehavior [ RunTime:0.000000s ]
INFO: [ template_filter ] --END-- [ RunTime:0.000000s ]
INFO: Run Behavior\ParseTemplateBehavior [ RunTime:0.011718s ]
INFO: [ view_parse ] --END-- [ RunTime:0.011718s ]
INFO: [ view_filter ] --START--
INFO: Run Behavior\WriteHtmlCacheBehavior [ RunTime:0.000000s ]
INFO: Run Behavior\TokenBuildBehavior [ RunTime:0.001953s ]
INFO: [ view_filter ] --END-- [ RunTime:0.001953s ]
INFO: [ app_end ] --START--
INFO: Run Behavior\ShowPageTraceBehavior [ RunTime:0.000977s ]
INFO: [ app_end ] --END-- [ RunTime:0.000977s ]

[ 2017-10-06T09:35:41+08:00 ] 112.227.88.8 /Home/Index/verify.html
INFO: [ app_init ] --START--
INFO: Run Behavior\BuildLiteBehavior [ RunTime:0.000000s ]
INFO: [ app_init ] --END-- [ RunTime:0.000976s ]
NOTIC: [2] preg_match(): Unknown modifier 'f' E:\www\www\main\Library\Think\Route.class.php 第 58 行.
NOTIC: [2] preg_match(): Unknown modifier 'f' E:\www\www\main\Library\Think\Route.class.php 第 58 行.
INFO: [ app_begin ] --START--
INFO: Run Behavior\ReadHtmlCacheBehavior [ RunTime:0.000000s ]
INFO: [ app_begin ] --END-- [ RunTime:0.000000s ]
INFO: [ app_end ] --START--
INFO: Run Behavior\ShowPageTraceBehavior [ RunTime:0.000976s ]
INFO: [ app_end ] --END-- [ RunTime:0.000976s ]

[ 2017-10-06T09:35:41+08:00 ] 112.227.88.8 /Home/Index/getDocList.html
INFO: [ app_init ] --START--
INFO: Run Behavior\BuildLiteBehavior [ RunTime:0.000000s ]
INFO: [ app_init ] --END-- [ RunTime:0.000000s ]
NOTIC: [2] preg_match(): Unknown modifier 'f' E:\www\www\main\Library\Think\Route.class.php 第 58 行.
NOTIC: [2] preg_match(): Unknown modifier 'f' E:\www\www\main\Library\Think\Route.class.php 第 58 行.
INFO: [ app_begin ] --START--
INFO: Run Behavior\ReadHtmlCacheBehavior [ RunTime:0.000977s ]
INFO: [ app_begin ] --END-- [ RunTime:0.000977s ]
NOTIC: [8] Undefined index: tid E:\www\www\tk\Home\Controller\IndexController.class.php 第 1594 行.
NOTIC: [8] Undefined index: area E:\www\www\tk\Home\Controller\IndexController.class.php 第 1595 行.
NOTIC: [8] Undefined index: page E:\www\www\tk\Home\Controller\IndexController.class.php 第 1597 行.
NOTIC: [8] Undefined index: grade E:\www\www\tk\Home\Controller\IndexController.class.php 第 1599 行.
NOTIC: [8] Undefined index: key E:\www\www\tk\Home\Controller\IndexController.class.php 第 1600 行.
NOTIC: [8] Undefined index: oldkey E:\www\www\tk\Home\Controller\IndexController.class.php 第 1601 行.

[ 2017-10-06T09:35:43+08:00 ] 112.227.88.8 /Home/Index/content.html
INFO: [ app_init ] --START--
INFO: Run Behavior\BuildLiteBehavior [ RunTime:0.000000s ]
INFO: [ app_init ] --END-- [ RunTime:0.000000s ]
NOTIC: [2] preg_match(): Unknown modifier 'f' E:\www\www\main\Library\Think\Route.class.php 第 58 行.
NOTIC: [2] preg_match(): Unknown modifier 'f' E:\www\www\main\Library\Think\Route.class.php 第 58 行.
INFO: [ app_begin ] --START--
INFO: Run Behavior\ReadHtmlCacheBehavior [ RunTime:0.000000s ]
INFO: [ app_begin ] --END-- [ RunTime:0.000000s ]
INFO: [ view_parse ] --START--
INFO: [ template_filter ] --START--
INFO: Run Behavior\ContentReplaceBehavior [ RunTime:0.000000s ]
INFO: [ template_filter ] --END-- [ RunTime:0.000000s ]
INFO: Run Behavior\ParseTemplateBehavior [ RunTime:0.010742s ]
INFO: [ view_parse ] --END-- [ RunTime:0.010742s ]
INFO: [ view_filter ] --START--
INFO: Run Behavior\WriteHtmlCacheBehavior [ RunTime:0.000976s ]
INFO: Run Behavior\TokenBuildBehavior [ RunTime:0.000977s ]
INFO: [ view_filter ] --END-- [ RunTime:0.001953s ]
INFO: [ app_end ] --START--
INFO: Run Behavior\ShowPageTraceBehavior [ RunTime:0.000976s ]
INFO: [ app_end ] --END-- [ RunTime:0.000976s ]

[ 2017-10-06T09:35:43+08:00 ] 112.227.88.8 /Home/Index/getDocList.html
INFO: [ app_init ] --START--
INFO: Run Behavior\BuildLiteBehavior [ RunTime:0.000000s ]
INFO: [ app_init ] --END-- [ RunTime:0.000977s ]
NOTIC: [2] preg_match(): Unknown modifier 'f' E:\www\www\main\Library\Think\Route.class.php 第 58 行.
NOTIC: [2] preg_match(): Unknown modifier 'f' E:\www\www\main\Library\Think\Route.class.php 第 58 行.
INFO: [ app_begin ] --START--
INFO: Run Behavior\ReadHtmlCacheBehavior [ RunTime:0.000976s ]
INFO: [ app_begin ] --END-- [ RunTime:0.000976s ]
NOTIC: [8] Undefined index: tid E:\www\www\tk\Home\Controller\IndexController.class.php 第 1594 行.
NOTIC: [8] Undefined index: area E:\www\www\tk\Home\Controller\IndexController.class.php 第 1595 行.
NOTIC: [8] Undefined index: page E:\www\www\tk\Home\Controller\IndexController.class.php 第 1597 行.
NOTIC: [8] Undefined index: grade E:\www\www\tk\Home\Controller\IndexController.class.php 第 1599 行.
NOTIC: [8] Undefined index: key E:\www\www\tk\Home\Controller\IndexController.class.php 第 1600 行.
NOTIC: [8] Undefined index: oldkey E:\www\www\tk\Home\Controller\IndexController.class.php 第 1601 行.
NOTIC: [2] assert(): Assertion failed E:\www\www\tk\Common\Tool\coreseek\api\sphinxapi.php 第 707 行.

[ 2017-10-06T09:36:05+08:00 ] 112.227.88.8 /Home/Index/getTestList.html
INFO: [ app_init ] --START--
INFO: Run Behavior\BuildLiteBehavior [ RunTime:0.000000s ]
INFO: [ app_init ] --END-- [ RunTime:0.000000s ]
NOTIC: [2] preg_match(): Unknown modifier 'f' E:\www\www\main\Library\Think\Route.class.php 第 58 行.
NOTIC: [2] preg_match(): Unknown modifier 'f' E:\www\www\main\Library\Think\Route.class.php 第 58 行.
INFO: [ app_begin ] --START--
INFO: Run Behavior\ReadHtmlCacheBehavior [ RunTime:0.000000s ]
INFO: [ app_begin ] --END-- [ RunTime:0.000000s ]
NOTIC: [8] Undefined index: width E:\www\www\tk\Home\Controller\IndexController.class.php 第 1321 行.
NOTIC: [8] Undefined index: did E:\www\www\tk\Home\Controller\IndexController.class.php 第 1323 行.
NOTIC: [8] Undefined index: cid E:\www\www\tk\Home\Controller\IndexController.class.php 第 1329 行.
NOTIC: [8] Undefined index: pid E:\www\www\tk\Home\Controller\IndexController.class.php 第 1330 行.
NOTIC: [8] Undefined index: abi E:\www\www\tk\Home\Controller\IndexController.class.php 第 1331 行.
NOTIC: [8] Undefined index: key E:\www\www\tk\Home\Controller\IndexController.class.php 第 1332 行.
NOTIC: [8] Undefined index: time E:\www\www\tk\Home\Controller\IndexController.class.php 第 1333 行.
NOTIC: [8] Undefined index: perpage E:\www\www\tk\Home\Controller\IndexController.class.php 第 1336 行.
NOTIC: [8] Undefined index: ifInter E:\www\www\tk\Home\Controller\IndexController.class.php 第 1337 行.
NOTIC: [8] Undefined index: interLen E:\www\www\tk\Home\Controller\IndexController.class.php 第 1338 行.
NOTIC: [8] Undefined index: randoms E:\www\www\tk\Home\Controller\IndexController.class.php 第 1377 行.
NOTIC: [8] Undefined index: AatTestStyle E:\www\www\tk\Common\Model\IndexModel.class.php 第 267 行.
NOTIC: [8] Undefined index: specialname E:\www\www\tk\Common\Model\IndexModel.class.php 第 984 行.
NOTIC: [8] Undefined index: klnameonly E:\www\www\tk\Common\Model\IndexModel.class.php 第 985 行.
NOTIC: [8] Undefined index: klnameall E:\www\www\tk\Common\Model\IndexModel.class.php 第 985 行.
NOTIC: [8] Undefined index: kllist E:\www\www\tk\Common\Model\IndexModel.class.php 第 985 行.
NOTIC: [8] Undefined index: chaptername E:\www\www\tk\Common\Model\IndexModel.class.php 第 989 行.
NOTIC: [8] Undefined index: gradename E:\www\www\tk\Common\Model\IndexModel.class.php 第 993 行.
NOTIC: [8] Undefined index: IfDoc E:\www\www\tk\Doc\Model\HandleWordModel.class.php 第 1694 行.
NOTIC: [8] Undefined index: IfDoc E:\www\www\tk\Doc\Model\HandleWordModel.class.php 第 1694 行.
NOTIC: [8] Undefined index: IfDoc E:\www\www\tk\Doc\Model\HandleWordModel.class.php 第 1694 行.
NOTIC: [8] Undefined index: IfDoc E:\www\www\tk\Doc\Model\HandleWordModel.class.php 第 1694 行.
NOTIC: [8] Undefined index: IfDoc E:\www\www\tk\Doc\Model\HandleWordModel.class.php 第 1694 行.
NOTIC: [8] Undefined index: IfDoc E:\www\www\tk\Doc\Model\HandleWordModel.class.php 第 1694 行.
NOTIC: [8] Undefined index: IfDoc E:\www\www\tk\Doc\Model\HandleWordModel.class.php 第 1694 行.
NOTIC: [8] Undefined index: IfDoc E:\www\www\tk\Doc\Model\HandleWordModel.class.php 第 1694 行.
NOTIC: [8] Undefined index: IfDoc E:\www\www\tk\Doc\Model\HandleWordModel.class.php 第 1694 行.
NOTIC: [8] Undefined index: IfDoc E:\www\www\tk\Doc\Model\HandleWordModel.class.php 第 1694 行.
NOTIC: [8] Undefined index: IfDoc E:\www\www\tk\Doc\Model\HandleWordModel.class.php 第 1694 行.
NOTIC: [8] Undefined index: IfDoc E:\www\www\tk\Doc\Model\HandleWordModel.class.php 第 1694 行.
NOTIC: [8] Undefined index: IfDoc E:\www\www\tk\Doc\Model\HandleWordModel.class.php 第 1694 行.
NOTIC: [8] Undefined index: IfDoc E:\www\www\tk\Doc\Model\HandleWordModel.class.php 第 1694 行.
NOTIC: [8] Undefined index: IfDoc E:\www\www\tk\Doc\Model\HandleWordModel.class.php 第 1694 行.
NOTIC: [8] Undefined index: IfDoc E:\www\www\tk\Doc\Model\HandleWordModel.class.php 第 1694 行.
NOTIC: [8] Undefined index: IfDoc E:\www\www\tk\Doc\Model\HandleWordModel.class.php 第 1694 行.
NOTIC: [8] Undefined index: IfDoc E:\www\www\tk\Doc\Model\HandleWordModel.class.php 第 1694 行.
NOTIC: [8] Undefined index: IfDoc E:\www\www\tk\Doc\Model\HandleWordModel.class.php 第 1694 行.
NOTIC: [8] Undefined index: IfDoc E:\www\www\tk\Doc\Model\HandleWordModel.class.php 第 1694 行.
NOTIC: [8] Undefined index: IfShowLogi E:\www\www\tk\Home\Controller\IndexController.class.php 第 1440 行.
NOTIC: [8] Undefined index: IfShowLogi E:\www\www\tk\Home\Controller\IndexController.class.php 第 1440 行.
NOTIC: [8] Undefined index: IfShowLogi E:\www\www\tk\Home\Controller\IndexController.class.php 第 1440 行.
NOTIC: [8] Undefined index: IfShowLogi E:\www\www\tk\Home\Controller\IndexController.class.php 第 1440 行.
NOTIC: [8] Undefined index: IfShowLogi E:\www\www\tk\Home\Controller\IndexController.class.php 第 1440 行.
NOTIC: [8] Undefined index: IfShowLogi E:\www\www\tk\Home\Controller\IndexController.class.php 第 1440 行.
NOTIC: [8] Undefined index: IfShowLogi E:\www\www\tk\Home\Controller\IndexController.class.php 第 1440 行.
NOTIC: [8] Undefined index: IfShowLogi E:\www\www\tk\Home\Controller\IndexController.class.php 第 1440 行.
NOTIC: [8] Undefined index: IfShowLogi E:\www\www\tk\Home\Controller\IndexController.class.php 第 1440 行.
NOTIC: [8] Undefined index: IfShowLogi E:\www\www\tk\Home\Controller\IndexController.class.php 第 1440 行.
NOTIC: [8] Undefined index: IfShowLogi E:\www\www\tk\Home\Controller\IndexController.class.php 第 1440 行.
NOTIC: [8] Undefined index: IfShowLogi E:\www\www\tk\Home\Controller\IndexController.class.php 第 1440 行.
NOTIC: [8] Undefined index: IfShowLogi E:\www\www\tk\Home\Controller\IndexController.class.php 第 1440 行.
NOTIC: [8] Undefined index: IfShowLogi E:\www\www\tk\Home\Controller\IndexController.class.php 第 1440 行.
NOTIC: [8] Undefined index: IfShowLogi E:\www\www\tk\Home\Controller\IndexController.class.php 第 1440 行.
NOTIC: [8] Undefined index: IfShowLogi E:\www\www\tk\Home\Controller\IndexController.class.php 第 1440 行.
NOTIC: [8] Undefined index: IfShowLogi E:\www\www\tk\Home\Controller\IndexController.class.php 第 1440 行.
NOTIC: [8] Undefined index: IfShowLogi E:\www\www\tk\Home\Controller\IndexController.class.php 第 1440 行.
NOTIC: [8] Undefined index: IfShowLogi E:\www\www\tk\Home\Controller\IndexController.class.php 第 1440 行.
NOTIC: [8] Undefined index: IfShowLogi E:\www\www\tk\Home\Controller\IndexController.class.php 第 1440 行.

[ 2017-10-06T09:36:09+08:00 ] 112.227.88.8 /Home/Index/getTypes.html
INFO: [ app_init ] --START--
INFO: Run Behavior\BuildLiteBehavior [ RunTime:0.000000s ]
INFO: [ app_init ] --END-- [ RunTime:0.000976s ]
NOTIC: [2] preg_match(): Unknown modifier 'f' E:\www\www\main\Library\Think\Route.class.php 第 58 行.
NOTIC: [2] preg_match(): Unknown modifier 'f' E:\www\www\main\Library\Think\Route.class.php 第 58 行.
INFO: [ app_begin ] --START--
INFO: Run Behavior\ReadHtmlCacheBehavior [ RunTime:0.000977s ]
INFO: [ app_begin ] --END-- [ RunTime:0.000977s ]
NOTIC: [8] Undefined index: IfHidden E:\www\www\tk\Doc\Model\DocTypeModel.class.php 第 84 行.
NOTIC: [8] Undefined index: IfHidden E:\www\www\tk\Doc\Model\DocTypeModel.class.php 第 84 行.
NOTIC: [8] Undefined index: IfHidden E:\www\www\tk\Doc\Model\DocTypeModel.class.php 第 84 行.
NOTIC: [8] Undefined index: IfHidden E:\www\www\tk\Doc\Model\DocTypeModel.class.php 第 84 行.
NOTIC: [8] Undefined index: IfHidden E:\www\www\tk\Doc\Model\DocTypeModel.class.php 第 84 行.
NOTIC: [8] Undefined index: IfHidden E:\www\www\tk\Doc\Model\DocTypeModel.class.php 第 84 行.
NOTIC: [8] Undefined index: IfHidden E:\www\www\tk\Doc\Model\DocTypeModel.class.php 第 84 行.
NOTIC: [8] Undefined index: IfHidden E:\www\www\tk\Doc\Model\DocTypeModel.class.php 第 84 行.
NOTIC: [8] Undefined index: IfHidden E:\www\www\tk\Doc\Model\DocTypeModel.class.php 第 84 行.
NOTIC: [8] Undefined index: IfHidden E:\www\www\tk\Doc\Model\DocTypeModel.class.php 第 84 行.
NOTIC: [8] Undefined index: IfHidden E:\www\www\tk\Doc\Model\DocTypeModel.class.php 第 84 行.
NOTIC: [8] Undefined offset: 22 E:\www\www\tk\Common\Model\ApiCacheModel.class.php 第 48 行.

[ 2017-10-06T09:36:09+08:00 ] 112.227.88.8 /Home/Index/getData.html
INFO: [ app_init ] --START--
INFO: Run Behavior\BuildLiteBehavior [ RunTime:0.000000s ]
INFO: [ app_init ] --END-- [ RunTime:0.000977s ]
NOTIC: [2] preg_match(): Unknown modifier 'f' E:\www\www\main\Library\Think\Route.class.php 第 58 行.
NOTIC: [2] preg_match(): Unknown modifier 'f' E:\www\www\main\Library\Think\Route.class.php 第 58 行.
INFO: [ app_begin ] --START--
INFO: Run Behavior\ReadHtmlCacheBehavior [ RunTime:0.000976s ]
INFO: [ app_begin ] --END-- [ RunTime:0.000976s ]
NOTIC: [8] Undefined variable: pID E:\www\www\tk\Common\Model\ApiCacheModel.class.php 第 302 行.

[ 2017-10-06T09:36:09+08:00 ] 112.227.88.8 /Home/Index/getData.html
INFO: [ app_init ] --START--
INFO: Run Behavior\BuildLiteBehavior [ RunTime:0.000000s ]
INFO: [ app_init ] --END-- [ RunTime:0.000977s ]
NOTIC: [2] preg_match(): Unknown modifier 'f' E:\www\www\main\Library\Think\Route.class.php 第 58 行.
NOTIC: [2] preg_match(): Unknown modifier 'f' E:\www\www\main\Library\Think\Route.class.php 第 58 行.
INFO: [ app_begin ] --START--
INFO: Run Behavior\ReadHtmlCacheBehavior [ RunTime:0.000976s ]
INFO: [ app_begin ] --END-- [ RunTime:0.000976s ]

[ 2017-10-06T09:36:09+08:00 ] 112.227.88.8 /Home/Index/getTestList.html
INFO: [ app_init ] --START--
INFO: Run Behavior\BuildLiteBehavior [ RunTime:0.000000s ]
INFO: [ app_init ] --END-- [ RunTime:0.000000s ]
NOTIC: [2] preg_match(): Unknown modifier 'f' E:\www\www\main\Library\Think\Route.class.php 第 58 行.
NOTIC: [2] preg_match(): Unknown modifier 'f' E:\www\www\main\Library\Think\Route.class.php 第 58 行.
INFO: [ app_begin ] --START--
INFO: Run Behavior\ReadHtmlCacheBehavior [ RunTime:0.000000s ]
INFO: [ app_begin ] --END-- [ RunTime:0.000000s ]
NOTIC: [8] Undefined index: width E:\www\www\tk\Home\Controller\IndexController.class.php 第 1321 行.
NOTIC: [8] Undefined index: did E:\www\www\tk\Home\Controller\IndexController.class.php 第 1323 行.
NOTIC: [8] Undefined index: kid E:\www\www\tk\Home\Controller\IndexController.class.php 第 1328 行.
NOTIC: [8] Undefined index: pid E:\www\www\tk\Home\Controller\IndexController.class.php 第 1330 行.
NOTIC: [8] Undefined index: key E:\www\www\tk\Home\Controller\IndexController.class.php 第 1332 行.
NOTIC: [8] Undefined index: time E:\www\www\tk\Home\Controller\IndexController.class.php 第 1333 行.
NOTIC: [8] Undefined index: perpage E:\www\www\tk\Home\Controller\IndexController.class.php 第 1336 行.
NOTIC: [8] Undefined index: ifInter E:\www\www\tk\Home\Controller\IndexController.class.php 第 1337 行.
NOTIC: [8] Undefined index: interLen E:\www\www\tk\Home\Controller\IndexController.class.php 第 1338 行.
NOTIC: [8] Undefined index: AatTestStyle E:\www\www\tk\Common\Model\IndexModel.class.php 第 267 行.
NOTIC: [8] Undefined index: matches E:\www\www\tk\Common\Model\IndexModel.class.php 第 816 行.
NOTIC: [2] Invalid argument supplied for foreach() E:\www\www\tk\Common\Model\IndexModel.class.php 第 819 行.
NOTIC: [8] Undefined index: matches E:\www\www\tk\Common\Model\IndexModel.class.php 第 949 行.

[ 2017-10-06T09:36:13+08:00 ] 112.227.88.8 /Home/Index/getData.html
INFO: [ app_init ] --START--
INFO: Run Behavior\BuildLiteBehavior [ RunTime:0.000000s ]
INFO: [ app_init ] --END-- [ RunTime:0.000977s ]
NOTIC: [2] preg_match(): Unknown modifier 'f' E:\www\www\main\Library\Think\Route.class.php 第 58 行.
NOTIC: [2] preg_match(): Unknown modifier 'f' E:\www\www\main\Library\Think\Route.class.php 第 58 行.
INFO: [ app_begin ] --START--
INFO: Run Behavior\ReadHtmlCacheBehavior [ RunTime:0.000000s ]
INFO: [ app_begin ] --END-- [ RunTime:0.000976s ]

[ 2017-10-06T09:36:13+08:00 ] 112.227.88.8 /Home/Index/getTestList.html
INFO: [ app_init ] --START--
INFO: Run Behavior\BuildLiteBehavior [ RunTime:0.000000s ]
INFO: [ app_init ] --END-- [ RunTime:0.000000s ]
NOTIC: [2] preg_match(): Unknown modifier 'f' E:\www\www\main\Library\Think\Route.class.php 第 58 行.
NOTIC: [2] preg_match(): Unknown modifier 'f' E:\www\www\main\Library\Think\Route.class.php 第 58 行.
INFO: [ app_begin ] --START--
INFO: Run Behavior\ReadHtmlCacheBehavior [ RunTime:0.000976s ]
INFO: [ app_begin ] --END-- [ RunTime:0.000976s ]
NOTIC: [8] Undefined index: width E:\www\www\tk\Home\Controller\IndexController.class.php 第 1321 行.
NOTIC: [8] Undefined index: did E:\www\www\tk\Home\Controller\IndexController.class.php 第 1323 行.
NOTIC: [8] Undefined index: kid E:\www\www\tk\Home\Controller\IndexController.class.php 第 1328 行.
NOTIC: [8] Undefined index: pid E:\www\www\tk\Home\Controller\IndexController.class.php 第 1330 行.
NOTIC: [8] Undefined index: key E:\www\www\tk\Home\Controller\IndexController.class.php 第 1332 行.
NOTIC: [8] Undefined index: time E:\www\www\tk\Home\Controller\IndexController.class.php 第 1333 行.
NOTIC: [8] Undefined index: perpage E:\www\www\tk\Home\Controller\IndexController.class.php 第 1336 行.
NOTIC: [8] Undefined index: ifInter E:\www\www\tk\Home\Controller\IndexController.class.php 第 1337 行.
NOTIC: [8] Undefined index: interLen E:\www\www\tk\Home\Controller\IndexController.class.php 第 1338 行.
NOTIC: [8] Undefined index: AatTestStyle E:\www\www\tk\Common\Model\IndexModel.class.php 第 267 行.
NOTIC: [8] Undefined index: matches E:\www\www\tk\Common\Model\IndexModel.class.php 第 816 行.
NOTIC: [2] Invalid argument supplied for foreach() E:\www\www\tk\Common\Model\IndexModel.class.php 第 819 行.
NOTIC: [8] Undefined index: matches E:\www\www\tk\Common\Model\IndexModel.class.php 第 949 行.

[ 2017-10-06T09:36:13+08:00 ] 112.227.88.8 /Home/Index/getTestList.html
INFO: [ app_init ] --START--
INFO: Run Behavior\BuildLiteBehavior [ RunTime:0.000000s ]
INFO: [ app_init ] --END-- [ RunTime:0.000000s ]
NOTIC: [2] preg_match(): Unknown modifier 'f' E:\www\www\main\Library\Think\Route.class.php 第 58 行.
NOTIC: [2] preg_match(): Unknown modifier 'f' E:\www\www\main\Library\Think\Route.class.php 第 58 行.
INFO: [ app_begin ] --START--
INFO: Run Behavior\ReadHtmlCacheBehavior [ RunTime:0.000000s ]
INFO: [ app_begin ] --END-- [ RunTime:0.000000s ]
NOTIC: [8] Undefined index: width E:\www\www\tk\Home\Controller\IndexController.class.php 第 1321 行.
NOTIC: [8] Undefined index: did E:\www\www\tk\Home\Controller\IndexController.class.php 第 1323 行.
NOTIC: [8] Undefined index: kid E:\www\www\tk\Home\Controller\IndexController.class.php 第 1328 行.
NOTIC: [8] Undefined index: pid E:\www\www\tk\Home\Controller\IndexController.class.php 第 1330 行.
NOTIC: [8] Undefined index: key E:\www\www\tk\Home\Controller\IndexController.class.php 第 1332 行.
NOTIC: [8] Undefined index: time E:\www\www\tk\Home\Controller\IndexController.class.php 第 1333 行.
NOTIC: [8] Undefined index: perpage E:\www\www\tk\Home\Controller\IndexController.class.php 第 1336 行.
NOTIC: [8] Undefined index: ifInter E:\www\www\tk\Home\Controller\IndexController.class.php 第 1337 行.
NOTIC: [8] Undefined index: interLen E:\www\www\tk\Home\Controller\IndexController.class.php 第 1338 行.
NOTIC: [8] Undefined index: AatTestStyle E:\www\www\tk\Common\Model\IndexModel.class.php 第 267 行.
NOTIC: [8] Undefined index: matches E:\www\www\tk\Common\Model\IndexModel.class.php 第 816 行.
NOTIC: [2] Invalid argument supplied for foreach() E:\www\www\tk\Common\Model\IndexModel.class.php 第 819 行.
NOTIC: [8] Undefined index: matches E:\www\www\tk\Common\Model\IndexModel.class.php 第 949 行.

[ 2017-10-06T09:36:16+08:00 ] 112.227.88.8 /Home/Index/getTestList.html
INFO: [ app_init ] --START--
INFO: Run Behavior\BuildLiteBehavior [ RunTime:0.000000s ]
INFO: [ app_init ] --END-- [ RunTime:0.000976s ]
NOTIC: [2] preg_match(): Unknown modifier 'f' E:\www\www\main\Library\Think\Route.class.php 第 58 行.
NOTIC: [2] preg_match(): Unknown modifier 'f' E:\www\www\main\Library\Think\Route.class.php 第 58 行.
INFO: [ app_begin ] --START--
INFO: Run Behavior\ReadHtmlCacheBehavior [ RunTime:0.000977s ]
INFO: [ app_begin ] --END-- [ RunTime:0.000977s ]
NOTIC: [8] Undefined index: width E:\www\www\tk\Home\Controller\IndexController.class.php 第 1321 行.
NOTIC: [8] Undefined index: did E:\www\www\tk\Home\Controller\IndexController.class.php 第 1323 行.
NOTIC: [8] Undefined index: kid E:\www\www\tk\Home\Controller\IndexController.class.php 第 1328 行.
NOTIC: [8] Undefined index: pid E:\www\www\tk\Home\Controller\IndexController.class.php 第 1330 行.
NOTIC: [8] Undefined index: key E:\www\www\tk\Home\Controller\IndexController.class.php 第 1332 行.
NOTIC: [8] Undefined index: time E:\www\www\tk\Home\Controller\IndexController.class.php 第 1333 行.
NOTIC: [8] Undefined index: perpage E:\www\www\tk\Home\Controller\IndexController.class.php 第 1336 行.
NOTIC: [8] Undefined index: ifInter E:\www\www\tk\Home\Controller\IndexController.class.php 第 1337 行.
NOTIC: [8] Undefined index: interLen E:\www\www\tk\Home\Controller\IndexController.class.php 第 1338 行.
NOTIC: [8] Undefined index: AatTestStyle E:\www\www\tk\Common\Model\IndexModel.class.php 第 267 行.
NOTIC: [8] Undefined index: matches E:\www\www\tk\Common\Model\IndexModel.class.php 第 816 行.
NOTIC: [2] Invalid argument supplied for foreach() E:\www\www\tk\Common\Model\IndexModel.class.php 第 819 行.
NOTIC: [8] Undefined index: matches E:\www\www\tk\Common\Model\IndexModel.class.php 第 949 行.

[ 2017-10-06T09:36:18+08:00 ] 112.227.88.8 /Home/Index/getTestList.html
INFO: [ app_init ] --START--
INFO: Run Behavior\BuildLiteBehavior [ RunTime:0.000000s ]
INFO: [ app_init ] --END-- [ RunTime:0.000977s ]
NOTIC: [2] preg_match(): Unknown modifier 'f' E:\www\www\main\Library\Think\Route.class.php 第 58 行.
NOTIC: [2] preg_match(): Unknown modifier 'f' E:\www\www\main\Library\Think\Route.class.php 第 58 行.
INFO: [ app_begin ] --START--
INFO: Run Behavior\ReadHtmlCacheBehavior [ RunTime:0.000976s ]
INFO: [ app_begin ] --END-- [ RunTime:0.000976s ]
NOTIC: [8] Undefined index: width E:\www\www\tk\Home\Controller\IndexController.class.php 第 1321 行.
NOTIC: [8] Undefined index: did E:\www\www\tk\Home\Controller\IndexController.class.php 第 1323 行.
NOTIC: [8] Undefined index: kid E:\www\www\tk\Home\Controller\IndexController.class.php 第 1328 行.
NOTIC: [8] Undefined index: pid E:\www\www\tk\Home\Controller\IndexController.class.php 第 1330 行.
NOTIC: [8] Undefined index: key E:\www\www\tk\Home\Controller\IndexController.class.php 第 1332 行.
NOTIC: [8] Undefined index: time E:\www\www\tk\Home\Controller\IndexController.class.php 第 1333 行.
NOTIC: [8] Undefined index: perpage E:\www\www\tk\Home\Controller\IndexController.class.php 第 1336 行.
NOTIC: [8] Undefined index: ifInter E:\www\www\tk\Home\Controller\IndexController.class.php 第 1337 行.
NOTIC: [8] Undefined index: interLen E:\www\www\tk\Home\Controller\IndexController.class.php 第 1338 行.
NOTIC: [8] Undefined index: AatTestStyle E:\www\www\tk\Common\Model\IndexModel.class.php 第 267 行.
NOTIC: [8] Undefined index: matches E:\www\www\tk\Common\Model\IndexModel.class.php 第 816 行.
NOTIC: [2] Invalid argument supplied for foreach() E:\www\www\tk\Common\Model\IndexModel.class.php 第 819 行.
NOTIC: [8] Undefined index: matches E:\www\www\tk\Common\Model\IndexModel.class.php 第 949 行.

[ 2017-10-06T09:36:24+08:00 ] 112.227.88.8 /Home/Index/getTestList.html
INFO: [ app_init ] --START--
INFO: Run Behavior\BuildLiteBehavior [ RunTime:0.000000s ]
INFO: [ app_init ] --END-- [ RunTime:0.000000s ]
NOTIC: [2] preg_match(): Unknown modifier 'f' E:\www\www\main\Library\Think\Route.class.php 第 58 行.
NOTIC: [2] preg_match(): Unknown modifier 'f' E:\www\www\main\Library\Think\Route.class.php 第 58 行.
INFO: [ app_begin ] --START--
INFO: Run Behavior\ReadHtmlCacheBehavior [ RunTime:0.000000s ]
INFO: [ app_begin ] --END-- [ RunTime:0.000000s ]
NOTIC: [8] Undefined index: width E:\www\www\tk\Home\Controller\IndexController.class.php 第 1321 行.
NOTIC: [8] Undefined index: did E:\www\www\tk\Home\Controller\IndexController.class.php 第 1323 行.
NOTIC: [8] Undefined index: kid E:\www\www\tk\Home\Controller\IndexController.class.php 第 1328 行.
NOTIC: [8] Undefined index: pid E:\www\www\tk\Home\Controller\IndexController.class.php 第 1330 行.
NOTIC: [8] Undefined index: key E:\www\www\tk\Home\Controller\IndexController.class.php 第 1332 行.
NOTIC: [8] Undefined index: time E:\www\www\tk\Home\Controller\IndexController.class.php 第 1333 行.
NOTIC: [8] Undefined index: perpage E:\www\www\tk\Home\Controller\IndexController.class.php 第 1336 行.
NOTIC: [8] Undefined index: ifInter E:\www\www\tk\Home\Controller\IndexController.class.php 第 1337 行.
NOTIC: [8] Undefined index: interLen E:\www\www\tk\Home\Controller\IndexController.class.php 第 1338 行.
NOTIC: [8] Undefined offset: 19533 E:\www\www\tk\Common\Model\IndexModel.class.php 第 239 行.
NOTIC: [8] Undefined index: AatTestStyle E:\www\www\tk\Common\Model\IndexModel.class.php 第 267 行.
NOTIC: [8] Undefined index: matches E:\www\www\tk\Common\Model\IndexModel.class.php 第 816 行.
NOTIC: [2] Invalid argument supplied for foreach() E:\www\www\tk\Common\Model\IndexModel.class.php 第 819 行.
NOTIC: [8] Undefined index: matches E:\www\www\tk\Common\Model\IndexModel.class.php 第 949 行.

[ 2017-10-06T09:37:04+08:00 ] 112.227.88.8 /Home/Index/getTestList.html
INFO: [ app_init ] --START--
INFO: Run Behavior\BuildLiteBehavior [ RunTime:0.000000s ]
INFO: [ app_init ] --END-- [ RunTime:0.000000s ]
NOTIC: [2] preg_match(): Unknown modifier 'f' E:\www\www\main\Library\Think\Route.class.php 第 58 行.
NOTIC: [2] preg_match(): Unknown modifier 'f' E:\www\www\main\Library\Think\Route.class.php 第 58 行.
INFO: [ app_begin ] --START--
INFO: Run Behavior\ReadHtmlCacheBehavior [ RunTime:0.000977s ]
INFO: [ app_begin ] --END-- [ RunTime:0.000977s ]
NOTIC: [8] Undefined index: width E:\www\www\tk\Home\Controller\IndexController.class.php 第 1321 行.
NOTIC: [8] Undefined index: did E:\www\www\tk\Home\Controller\IndexController.class.php 第 1323 行.
NOTIC: [8] Undefined index: kid E:\www\www\tk\Home\Controller\IndexController.class.php 第 1328 行.
NOTIC: [8] Undefined index: pid E:\www\www\tk\Home\Controller\IndexController.class.php 第 1330 行.
NOTIC: [8] Undefined index: key E:\www\www\tk\Home\Controller\IndexController.class.php 第 1332 行.
NOTIC: [8] Undefined index: time E:\www\www\tk\Home\Controller\IndexController.class.php 第 1333 行.
NOTIC: [8] Undefined index: perpage E:\www\www\tk\Home\Controller\IndexController.class.php 第 1336 行.
NOTIC: [8] Undefined index: ifInter E:\www\www\tk\Home\Controller\IndexController.class.php 第 1337 行.
NOTIC: [8] Undefined index: interLen E:\www\www\tk\Home\Controller\IndexController.class.php 第 1338 行.
NOTIC: [8] Undefined offset: 19591 E:\www\www\tk\Common\Model\IndexModel.class.php 第 239 行.
NOTIC: [8] Undefined index: AatTestStyle E:\www\www\tk\Common\Model\IndexModel.class.php 第 267 行.
NOTIC: [8] Undefined index: matches E:\www\www\tk\Common\Model\IndexModel.class.php 第 816 行.
NOTIC: [2] Invalid argument supplied for foreach() E:\www\www\tk\Common\Model\IndexModel.class.php 第 819 行.
NOTIC: [8] Undefined index: matches E:\www\www\tk\Common\Model\IndexModel.class.php 第 949 行.

[ 2017-10-06T09:37:06+08:00 ] 112.227.88.8 /Home/Index/getTestList.html
INFO: [ app_init ] --START--
INFO: Run Behavior\BuildLiteBehavior [ RunTime:0.000000s ]
INFO: [ app_init ] --END-- [ RunTime:0.000000s ]
NOTIC: [2] preg_match(): Unknown modifier 'f' E:\www\www\main\Library\Think\Route.class.php 第 58 行.
NOTIC: [2] preg_match(): Unknown modifier 'f' E:\www\www\main\Library\Think\Route.class.php 第 58 行.
INFO: [ app_begin ] --START--
INFO: Run Behavior\ReadHtmlCacheBehavior [ RunTime:0.000977s ]
INFO: [ app_begin ] --END-- [ RunTime:0.000977s ]
NOTIC: [8] Undefined index: width E:\www\www\tk\Home\Controller\IndexController.class.php 第 1321 行.
NOTIC: [8] Undefined index: did E:\www\www\tk\Home\Controller\IndexController.class.php 第 1323 行.
NOTIC: [8] Undefined index: kid E:\www\www\tk\Home\Controller\IndexController.class.php 第 1328 行.
NOTIC: [8] Undefined index: pid E:\www\www\tk\Home\Controller\IndexController.class.php 第 1330 行.
NOTIC: [8] Undefined index: key E:\www\www\tk\Home\Controller\IndexController.class.php 第 1332 行.
NOTIC: [8] Undefined index: time E:\www\www\tk\Home\Controller\IndexController.class.php 第 1333 行.
NOTIC: [8] Undefined index: perpage E:\www\www\tk\Home\Controller\IndexController.class.php 第 1336 行.
NOTIC: [8] Undefined index: ifInter E:\www\www\tk\Home\Controller\IndexController.class.php 第 1337 行.
NOTIC: [8] Undefined index: interLen E:\www\www\tk\Home\Controller\IndexController.class.php 第 1338 行.
NOTIC: [8] Undefined offset: 19590 E:\www\www\tk\Common\Model\IndexModel.class.php 第 239 行.
NOTIC: [8] Undefined index: AatTestStyle E:\www\www\tk\Common\Model\IndexModel.class.php 第 267 行.
NOTIC: [8] Undefined index: matches E:\www\www\tk\Common\Model\IndexModel.class.php 第 816 行.
NOTIC: [2] Invalid argument supplied for foreach() E:\www\www\tk\Common\Model\IndexModel.class.php 第 819 行.
NOTIC: [8] Undefined index: matches E:\www\www\tk\Common\Model\IndexModel.class.php 第 949 行.

[ 2017-10-06T09:37:09+08:00 ] 112.227.88.8 /Home/Index/getTestList.html
INFO: [ app_init ] --START--
INFO: Run Behavior\BuildLiteBehavior [ RunTime:0.000000s ]
INFO: [ app_init ] --END-- [ RunTime:0.000976s ]
NOTIC: [2] preg_match(): Unknown modifier 'f' E:\www\www\main\Library\Think\Route.class.php 第 58 行.
NOTIC: [2] preg_match(): Unknown modifier 'f' E:\www\www\main\Library\Think\Route.class.php 第 58 行.
INFO: [ app_begin ] --START--
INFO: Run Behavior\ReadHtmlCacheBehavior [ RunTime:0.000977s ]
INFO: [ app_begin ] --END-- [ RunTime:0.000977s ]
NOTIC: [8] Undefined index: width E:\www\www\tk\Home\Controller\IndexController.class.php 第 1321 行.
NOTIC: [8] Undefined index: did E:\www\www\tk\Home\Controller\IndexController.class.php 第 1323 行.
NOTIC: [8] Undefined index: kid E:\www\www\tk\Home\Controller\IndexController.class.php 第 1328 行.
NOTIC: [8] Undefined index: pid E:\www\www\tk\Home\Controller\IndexController.class.php 第 1330 行.
NOTIC: [8] Undefined index: key E:\www\www\tk\Home\Controller\IndexController.class.php 第 1332 行.
NOTIC: [8] Undefined index: time E:\www\www\tk\Home\Controller\IndexController.class.php 第 1333 行.
NOTIC: [8] Undefined index: perpage E:\www\www\tk\Home\Controller\IndexController.class.php 第 1336 行.
NOTIC: [8] Undefined index: ifInter E:\www\www\tk\Home\Controller\IndexController.class.php 第 1337 行.
NOTIC: [8] Undefined index: interLen E:\www\www\tk\Home\Controller\IndexController.class.php 第 1338 行.
NOTIC: [8] Undefined offset: 19590 E:\www\www\tk\Common\Model\IndexModel.class.php 第 239 行.
NOTIC: [8] Undefined index: AatTestStyle E:\www\www\tk\Common\Model\IndexModel.class.php 第 267 行.
NOTIC: [8] Undefined index: matches E:\www\www\tk\Common\Model\IndexModel.class.php 第 816 行.
NOTIC: [2] Invalid argument supplied for foreach() E:\www\www\tk\Common\Model\IndexModel.class.php 第 819 行.
NOTIC: [8] Undefined index: matches E:\www\www\tk\Common\Model\IndexModel.class.php 第 949 行.

[ 2017-10-06T09:37:10+08:00 ] 112.227.88.8 /Home/Index/getTestList.html
INFO: [ app_init ] --START--
INFO: Run Behavior\BuildLiteBehavior [ RunTime:0.000000s ]
INFO: [ app_init ] --END-- [ RunTime:0.000000s ]
NOTIC: [2] preg_match(): Unknown modifier 'f' E:\www\www\main\Library\Think\Route.class.php 第 58 行.
NOTIC: [2] preg_match(): Unknown modifier 'f' E:\www\www\main\Library\Think\Route.class.php 第 58 行.
INFO: [ app_begin ] --START--
INFO: Run Behavior\ReadHtmlCacheBehavior [ RunTime:0.000976s ]
INFO: [ app_begin ] --END-- [ RunTime:0.000976s ]
NOTIC: [8] Undefined index: width E:\www\www\tk\Home\Controller\IndexController.class.php 第 1321 行.
NOTIC: [8] Undefined index: did E:\www\www\tk\Home\Controller\IndexController.class.php 第 1323 行.
NOTIC: [8] Undefined index: kid E:\www\www\tk\Home\Controller\IndexController.class.php 第 1328 行.
NOTIC: [8] Undefined index: pid E:\www\www\tk\Home\Controller\IndexController.class.php 第 1330 行.
NOTIC: [8] Undefined index: key E:\www\www\tk\Home\Controller\IndexController.class.php 第 1332 行.
NOTIC: [8] Undefined index: time E:\www\www\tk\Home\Controller\IndexController.class.php 第 1333 行.
NOTIC: [8] Undefined index: perpage E:\www\www\tk\Home\Controller\IndexController.class.php 第 1336 行.
NOTIC: [8] Undefined index: ifInter E:\www\www\tk\Home\Controller\IndexController.class.php 第 1337 行.
NOTIC: [8] Undefined index: interLen E:\www\www\tk\Home\Controller\IndexController.class.php 第 1338 行.
NOTIC: [8] Undefined offset: 19590 E:\www\www\tk\Common\Model\IndexModel.class.php 第 239 行.
NOTIC: [8] Undefined index: AatTestStyle E:\www\www\tk\Common\Model\IndexModel.class.php 第 267 行.
NOTIC: [8] Undefined index: matches E:\www\www\tk\Common\Model\IndexModel.class.php 第 816 行.
NOTIC: [2] Invalid argument supplied for foreach() E:\www\www\tk\Common\Model\IndexModel.class.php 第 819 行.
NOTIC: [8] Undefined index: matches E:\www\www\tk\Common\Model\IndexModel.class.php 第 949 行.

[ 2017-10-06T09:38:30+08:00 ] 112.227.88.8 /Home/Index/getTestList.html
INFO: [ app_init ] --START--
INFO: Run Behavior\BuildLiteBehavior [ RunTime:0.000000s ]
INFO: [ app_init ] --END-- [ RunTime:0.000000s ]
NOTIC: [2] preg_match(): Unknown modifier 'f' E:\www\www\main\Library\Think\Route.class.php 第 58 行.
NOTIC: [2] preg_match(): Unknown modifier 'f' E:\www\www\main\Library\Think\Route.class.php 第 58 行.
INFO: [ app_begin ] --START--
INFO: Run Behavior\ReadHtmlCacheBehavior [ RunTime:0.000976s ]
INFO: [ app_begin ] --END-- [ RunTime:0.000976s ]
NOTIC: [8] Undefined index: width E:\www\www\tk\Home\Controller\IndexController.class.php 第 1321 行.
NOTIC: [8] Undefined index: did E:\www\www\tk\Home\Controller\IndexController.class.php 第 1323 行.
NOTIC: [8] Undefined index: cid E:\www\www\tk\Home\Controller\IndexController.class.php 第 1329 行.
NOTIC: [8] Undefined index: pid E:\www\www\tk\Home\Controller\IndexController.class.php 第 1330 行.
NOTIC: [8] Undefined index: abi E:\www\www\tk\Home\Controller\IndexController.class.php 第 1331 行.
NOTIC: [8] Undefined index: key E:\www\www\tk\Home\Controller\IndexController.class.php 第 1332 行.
NOTIC: [8] Undefined index: time E:\www\www\tk\Home\Controller\IndexController.class.php 第 1333 行.
NOTIC: [8] Undefined index: perpage E:\www\www\tk\Home\Controller\IndexController.class.php 第 1336 行.
NOTIC: [8] Undefined index: ifInter E:\www\www\tk\Home\Controller\IndexController.class.php 第 1337 行.
NOTIC: [8] Undefined index: interLen E:\www\www\tk\Home\Controller\IndexController.class.php 第 1338 行.
NOTIC: [8] Undefined index: randoms E:\www\www\tk\Home\Controller\IndexController.class.php 第 1377 行.
NOTIC: [8] Undefined index: AatTestStyle E:\www\www\tk\Common\Model\IndexModel.class.php 第 267 行.
NOTIC: [8] Undefined index: specialname E:\www\www\tk\Common\Model\IndexModel.class.php 第 984 行.
NOTIC: [8] Undefined index: klnameonly E:\www\www\tk\Common\Model\IndexModel.class.php 第 985 行.
NOTIC: [8] Undefined index: klnameall E:\www\www\tk\Common\Model\IndexModel.class.php 第 985 行.
NOTIC: [8] Undefined index: kllist E:\www\www\tk\Common\Model\IndexModel.class.php 第 985 行.
NOTIC: [8] Undefined index: chaptername E:\www\www\tk\Common\Model\IndexModel.class.php 第 989 行.
NOTIC: [8] Undefined index: gradename E:\www\www\tk\Common\Model\IndexModel.class.php 第 993 行.
NOTIC: [8] Undefined index: IfDoc E:\www\www\tk\Doc\Model\HandleWordModel.class.php 第 1694 行.
NOTIC: [8] Undefined index: IfDoc E:\www\www\tk\Doc\Model\HandleWordModel.class.php 第 1694 行.
NOTIC: [8] Undefined index: IfDoc E:\www\www\tk\Doc\Model\HandleWordModel.class.php 第 1694 行.
NOTIC: [8] Undefined index: IfDoc E:\www\www\tk\Doc\Model\HandleWordModel.class.php 第 1694 行.
NOTIC: [8] Undefined index: IfDoc E:\www\www\tk\Doc\Model\HandleWordModel.class.php 第 1694 行.
NOTIC: [8] Undefined index: IfDoc E:\www\www\tk\Doc\Model\HandleWordModel.class.php 第 1694 行.
NOTIC: [8] Undefined index: IfDoc E:\www\www\tk\Doc\Model\HandleWordModel.class.php 第 1694 行.
NOTIC: [8] Undefined index: IfDoc E:\www\www\tk\Doc\Model\HandleWordModel.class.php 第 1694 行.
NOTIC: [8] Undefined index: IfDoc E:\www\www\tk\Doc\Model\HandleWordModel.class.php 第 1694 行.
NOTIC: [8] Undefined index: IfDoc E:\www\www\tk\Doc\Model\HandleWordModel.class.php 第 1694 行.
NOTIC: [8] Undefined index: IfDoc E:\www\www\tk\Doc\Model\HandleWordModel.class.php 第 1694 行.
NOTIC: [8] Undefined index: IfDoc E:\www\www\tk\Doc\Model\HandleWordModel.class.php 第 1694 行.
NOTIC: [8] Undefined index: IfDoc E:\www\www\tk\Doc\Model\HandleWordModel.class.php 第 1694 行.
NOTIC: [8] Undefined index: IfDoc E:\www\www\tk\Doc\Model\HandleWordModel.class.php 第 1694 行.
NOTIC: [8] Undefined index: IfDoc E:\www\www\tk\Doc\Model\HandleWordModel.class.php 第 1694 行.
NOTIC: [8] Undefined index: IfDoc E:\www\www\tk\Doc\Model\HandleWordModel.class.php 第 1694 行.
NOTIC: [8] Undefined index: IfDoc E:\www\www\tk\Doc\Model\HandleWordModel.class.php 第 1694 行.
NOTIC: [8] Undefined index: IfDoc E:\www\www\tk\Doc\Model\HandleWordModel.class.php 第 1694 行.
NOTIC: [8] Undefined index: IfDoc E:\www\www\tk\Doc\Model\HandleWordModel.class.php 第 1694 行.
NOTIC: [8] Undefined index: IfDoc E:\www\www\tk\Doc\Model\HandleWordModel.class.php 第 1694 行.
NOTIC: [8] Undefined index: IfShowLogi E:\www\www\tk\Home\Controller\IndexController.class.php 第 1440 行.
NOTIC: [8] Undefined index: IfShowLogi E:\www\www\tk\Home\Controller\IndexController.class.php 第 1440 行.
NOTIC: [8] Undefined index: IfShowLogi E:\www\www\tk\Home\Controller\IndexController.class.php 第 1440 行.
NOTIC: [8] Undefined index: IfShowLogi E:\www\www\tk\Home\Controller\IndexController.class.php 第 1440 行.
NOTIC: [8] Undefined index: IfShowLogi E:\www\www\tk\Home\Controller\IndexController.class.php 第 1440 行.
NOTIC: [8] Undefined index: IfShowLogi E:\www\www\tk\Home\Controller\IndexController.class.php 第 1440 行.
NOTIC: [8] Undefined index: IfShowLogi E:\www\www\tk\Home\Controller\IndexController.class.php 第 1440 行.
NOTIC: [8] Undefined index: IfShowLogi E:\www\www\tk\Home\Controller\IndexController.class.php 第 1440 行.
NOTIC: [8] Undefined index: IfShowLogi E:\www\www\tk\Home\Controller\IndexController.class.php 第 1440 行.
NOTIC: [8] Undefined index: IfShowLogi E:\www\www\tk\Home\Controller\IndexController.class.php 第 1440 行.
NOTIC: [8] Undefined index: IfShowLogi E:\www\www\tk\Home\Controller\IndexController.class.php 第 1440 行.
NOTIC: [8] Undefined index: IfShowLogi E:\www\www\tk\Home\Controller\IndexController.class.php 第 1440 行.
NOTIC: [8] Undefined index: IfShowLogi E:\www\www\tk\Home\Controller\IndexController.class.php 第 1440 行.
NOTIC: [8] Undefined index: IfShowLogi E:\www\www\tk\Home\Controller\IndexController.class.php 第 1440 行.
NOTIC: [8] Undefined index: IfShowLogi E:\www\www\tk\Home\Controller\IndexController.class.php 第 1440 行.
NOTIC: [8] Undefined index: IfShowLogi E:\www\www\tk\Home\Controller\IndexController.class.php 第 1440 行.
NOTIC: [8] Undefined index: IfShowLogi E:\www\www\tk\Home\Controller\IndexController.class.php 第 1440 行.
NOTIC: [8] Undefined index: IfShowLogi E:\www\www\tk\Home\Controller\IndexController.class.php 第 1440 行.
NOTIC: [8] Undefined index: IfShowLogi E:\www\www\tk\Home\Controller\IndexController.class.php 第 1440 行.
NOTIC: [8] Undefined index: IfShowLogi E:\www\www\tk\Home\Controller\IndexController.class.php 第 1440 行.

[ 2017-10-06T09:38:32+08:00 ] 112.227.88.8 /Home/Index/getTestList.html
INFO: [ app_init ] --START--
INFO: Run Behavior\BuildLiteBehavior [ RunTime:0.000000s ]
INFO: [ app_init ] --END-- [ RunTime:0.000977s ]
NOTIC: [2] preg_match(): Unknown modifier 'f' E:\www\www\main\Library\Think\Route.class.php 第 58 行.
NOTIC: [2] preg_match(): Unknown modifier 'f' E:\www\www\main\Library\Think\Route.class.php 第 58 行.
INFO: [ app_begin ] --START--
INFO: Run Behavior\ReadHtmlCacheBehavior [ RunTime:0.000976s ]
INFO: [ app_begin ] --END-- [ RunTime:0.000976s ]
NOTIC: [8] Undefined index: width E:\www\www\tk\Home\Controller\IndexController.class.php 第 1321 行.
NOTIC: [8] Undefined index: did E:\www\www\tk\Home\Controller\IndexController.class.php 第 1323 行.
NOTIC: [8] Undefined index: cid E:\www\www\tk\Home\Controller\IndexController.class.php 第 1329 行.
NOTIC: [8] Undefined index: pid E:\www\www\tk\Home\Controller\IndexController.class.php 第 1330 行.
NOTIC: [8] Undefined index: abi E:\www\www\tk\Home\Controller\IndexController.class.php 第 1331 行.
NOTIC: [8] Undefined index: key E:\www\www\tk\Home\Controller\IndexController.class.php 第 1332 行.
NOTIC: [8] Undefined index: time E:\www\www\tk\Home\Controller\IndexController.class.php 第 1333 行.
NOTIC: [8] Undefined index: perpage E:\www\www\tk\Home\Controller\IndexController.class.php 第 1336 行.
NOTIC: [8] Undefined index: ifInter E:\www\www\tk\Home\Controller\IndexController.class.php 第 1337 行.
NOTIC: [8] Undefined index: interLen E:\www\www\tk\Home\Controller\IndexController.class.php 第 1338 行.
NOTIC: [8] Undefined index: randoms E:\www\www\tk\Home\Controller\IndexController.class.php 第 1377 行.
NOTIC: [8] Undefined offset: 4245 E:\www\www\tk\Common\Model\IndexModel.class.php 第 219 行.
NOTIC: [8] Undefined index: AatTestStyle E:\www\www\tk\Common\Model\IndexModel.class.php 第 267 行.
NOTIC: [8] Undefined index: matches E:\www\www\tk\Common\Model\IndexModel.class.php 第 816 行.
NOTIC: [2] Invalid argument supplied for foreach() E:\www\www\tk\Common\Model\IndexModel.class.php 第 819 行.
NOTIC: [8] Undefined index: matches E:\www\www\tk\Common\Model\IndexModel.class.php 第 949 行.

[ 2017-10-06T09:38:34+08:00 ] 112.227.88.8 /Home/Index/getTestList.html
INFO: [ app_init ] --START--
INFO: Run Behavior\BuildLiteBehavior [ RunTime:0.000000s ]
INFO: [ app_init ] --END-- [ RunTime:0.000977s ]
NOTIC: [2] preg_match(): Unknown modifier 'f' E:\www\www\main\Library\Think\Route.class.php 第 58 行.
NOTIC: [2] preg_match(): Unknown modifier 'f' E:\www\www\main\Library\Think\Route.class.php 第 58 行.
INFO: [ app_begin ] --START--
INFO: Run Behavior\ReadHtmlCacheBehavior [ RunTime:0.000976s ]
INFO: [ app_begin ] --END-- [ RunTime:0.000976s ]
NOTIC: [8] Undefined index: width E:\www\www\tk\Home\Controller\IndexController.class.php 第 1321 行.
NOTIC: [8] Undefined index: did E:\www\www\tk\Home\Controller\IndexController.class.php 第 1323 行.
NOTIC: [8] Undefined index: cid E:\www\www\tk\Home\Controller\IndexController.class.php 第 1329 行.
NOTIC: [8] Undefined index: pid E:\www\www\tk\Home\Controller\IndexController.class.php 第 1330 行.
NOTIC: [8] Undefined index: abi E:\www\www\tk\Home\Controller\IndexController.class.php 第 1331 行.
NOTIC: [8] Undefined index: key E:\www\www\tk\Home\Controller\IndexController.class.php 第 1332 行.
NOTIC: [8] Undefined index: time E:\www\www\tk\Home\Controller\IndexController.class.php 第 1333 行.
NOTIC: [8] Undefined index: perpage E:\www\www\tk\Home\Controller\IndexController.class.php 第 1336 行.
NOTIC: [8] Undefined index: ifInter E:\www\www\tk\Home\Controller\IndexController.class.php 第 1337 行.
NOTIC: [8] Undefined index: interLen E:\www\www\tk\Home\Controller\IndexController.class.php 第 1338 行.
NOTIC: [8] Undefined index: randoms E:\www\www\tk\Home\Controller\IndexController.class.php 第 1377 行.
NOTIC: [8] Undefined offset: 4247 E:\www\www\tk\Common\Model\IndexModel.class.php 第 219 行.
NOTIC: [8] Undefined index: AatTestStyle E:\www\www\tk\Common\Model\IndexModel.class.php 第 267 行.
NOTIC: [8] Undefined index: specialname E:\www\www\tk\Common\Model\IndexModel.class.php 第 984 行.
NOTIC: [8] Undefined index: klnameonly E:\www\www\tk\Common\Model\IndexModel.class.php 第 985 行.
NOTIC: [8] Undefined index: klnameall E:\www\www\tk\Common\Model\IndexModel.class.php 第 985 行.
NOTIC: [8] Undefined index: kllist E:\www\www\tk\Common\Model\IndexModel.class.php 第 985 行.
NOTIC: [8] Undefined index: chaptername E:\www\www\tk\Common\Model\IndexModel.class.php 第 989 行.
NOTIC: [8] Undefined index: gradename E:\www\www\tk\Common\Model\IndexModel.class.php 第 993 行.
NOTIC: [8] Undefined index: IfDoc E:\www\www\tk\Doc\Model\HandleWordModel.class.php 第 1694 行.
NOTIC: [8] Undefined index: IfDoc E:\www\www\tk\Doc\Model\HandleWordModel.class.php 第 1694 行.
NOTIC: [8] Undefined index: IfDoc E:\www\www\tk\Doc\Model\HandleWordModel.class.php 第 1694 行.
NOTIC: [8] Undefined index: IfShowLogi E:\www\www\tk\Home\Controller\IndexController.class.php 第 1440 行.
NOTIC: [8] Undefined index: IfShowLogi E:\www\www\tk\Home\Controller\IndexController.class.php 第 1440 行.
NOTIC: [8] Undefined index: IfShowLogi E:\www\www\tk\Home\Controller\IndexController.class.php 第 1440 行.

[ 2017-10-06T09:40:28+08:00 ] 112.227.88.8 /Home/Index/zuJuan.html
INFO: [ app_init ] --START--
INFO: Run Behavior\BuildLiteBehavior [ RunTime:0.000000s ]
INFO: [ app_init ] --END-- [ RunTime:0.000000s ]
NOTIC: [2] preg_match(): Unknown modifier 'f' E:\www\www\main\Library\Think\Route.class.php 第 58 行.
NOTIC: [2] preg_match(): Unknown modifier 'f' E:\www\www\main\Library\Think\Route.class.php 第 58 行.
INFO: [ app_begin ] --START--
INFO: Run Behavior\ReadHtmlCacheBehavior [ RunTime:0.000000s ]
INFO: [ app_begin ] --END-- [ RunTime:0.000000s ]
NOTIC: [2] preg_replace(): No ending delimiter '/' found E:\www\www\tk\Common\Model\ApiDbModel.class.php 第 196 行.
INFO: [ view_parse ] --START--
INFO: [ template_filter ] --START--
INFO: Run Behavior\ContentReplaceBehavior [ RunTime:0.000000s ]
INFO: [ template_filter ] --END-- [ RunTime:0.000000s ]
INFO: Run Behavior\ParseTemplateBehavior [ RunTime:0.009765s ]
INFO: [ view_parse ] --END-- [ RunTime:0.009765s ]
INFO: [ view_filter ] --START--
INFO: Run Behavior\WriteHtmlCacheBehavior [ RunTime:0.000000s ]
INFO: Run Behavior\TokenBuildBehavior [ RunTime:0.002929s ]
INFO: [ view_filter ] --END-- [ RunTime:0.004883s ]
INFO: [ app_end ] --START--
INFO: Run Behavior\ShowPageTraceBehavior [ RunTime:0.000976s ]
INFO: [ app_end ] --END-- [ RunTime:0.000976s ]

[ 2017-10-06T09:40:29+08:00 ] 112.227.88.8 /Home/Index/getZjTestById.html
INFO: [ app_init ] --START--
INFO: Run Behavior\BuildLiteBehavior [ RunTime:0.000000s ]
INFO: [ app_init ] --END-- [ RunTime:0.000976s ]
NOTIC: [2] preg_match(): Unknown modifier 'f' E:\www\www\main\Library\Think\Route.class.php 第 58 行.
NOTIC: [2] preg_match(): Unknown modifier 'f' E:\www\www\main\Library\Think\Route.class.php 第 58 行.
INFO: [ app_begin ] --START--
INFO: Run Behavior\ReadHtmlCacheBehavior [ RunTime:0.000977s ]
INFO: [ app_begin ] --END-- [ RunTime:0.000977s ]
NOTIC: [8] Undefined index: testfilter E:\www\www\tk\Common\Model\IndexModel.class.php 第 153 行.
NOTIC: [8] Undefined index: AatTestStyle E:\www\www\tk\Common\Model\IndexModel.class.php 第 267 行.
NOTIC: [8] Undefined index: subjectname E:\www\www\tk\Common\Model\IndexModel.class.php 第 983 行.
NOTIC: [8] Undefined index: specialname E:\www\www\tk\Common\Model\IndexModel.class.php 第 984 行.
NOTIC: [8] Undefined index: klnameonly E:\www\www\tk\Common\Model\IndexModel.class.php 第 985 行.
NOTIC: [8] Undefined index: klnameall E:\www\www\tk\Common\Model\IndexModel.class.php 第 985 行.
NOTIC: [8] Undefined index: kllist E:\www\www\tk\Common\Model\IndexModel.class.php 第 985 行.
NOTIC: [8] Undefined index: chaptername E:\www\www\tk\Common\Model\IndexModel.class.php 第 989 行.
NOTIC: [8] Undefined index: gradename E:\www\www\tk\Common\Model\IndexModel.class.php 第 993 行.
NOTIC: [8] Undefined index: IfDoc E:\www\www\tk\Doc\Model\HandleWordModel.class.php 第 1694 行.
NOTIC: [8] Undefined index: IfDoc E:\www\www\tk\Doc\Model\HandleWordModel.class.php 第 1694 行.
NOTIC: [8] Undefined index: IfDoc E:\www\www\tk\Doc\Model\HandleWordModel.class.php 第 1694 行.
NOTIC: [8] Undefined index: IfDoc E:\www\www\tk\Doc\Model\HandleWordModel.class.php 第 1694 行.
NOTIC: [8] Undefined index: IfDoc E:\www\www\tk\Doc\Model\HandleWordModel.class.php 第 1694 行.
NOTIC: [8] Undefined index: IfDoc E:\www\www\tk\Doc\Model\HandleWordModel.class.php 第 1694 行.
NOTIC: [8] Undefined index: IfDoc E:\www\www\tk\Doc\Model\HandleWordModel.class.php 第 1694 行.
NOTIC: [8] Undefined index: IfDoc E:\www\www\tk\Doc\Model\HandleWordModel.class.php 第 1694 行.
NOTIC: [8] Undefined index: IfDoc E:\www\www\tk\Doc\Model\HandleWordModel.class.php 第 1694 行.
NOTIC: [8] Undefined index: IfDoc E:\www\www\tk\Doc\Model\HandleWordModel.class.php 第 1694 行.
NOTIC: [8] Undefined index: IfDoc E:\www\www\tk\Doc\Model\HandleWordModel.class.php 第 1694 行.
NOTIC: [8] Undefined index: IfDoc E:\www\www\tk\Doc\Model\HandleWordModel.class.php 第 1694 行.
NOTIC: [8] Undefined index: IfDoc E:\www\www\tk\Doc\Model\HandleWordModel.class.php 第 1694 行.
NOTIC: [8] Undefined index: IfDoc E:\www\www\tk\Doc\Model\HandleWordModel.class.php 第 1694 行.
NOTIC: [8] Undefined index: IfDoc E:\www\www\tk\Doc\Model\HandleWordModel.class.php 第 1694 行.
NOTIC: [8] Undefined index: IfDoc E:\www\www\tk\Doc\Model\HandleWordModel.class.php 第 1694 行.
NOTIC: [8] Undefined index: IfDoc E:\www\www\tk\Doc\Model\HandleWordModel.class.php 第 1694 行.
NOTIC: [8] Undefined index: IfDoc E:\www\www\tk\Doc\Model\HandleWordModel.class.php 第 1694 行.
NOTIC: [8] Undefined index: IfDoc E:\www\www\tk\Doc\Model\HandleWordModel.class.php 第 1694 行.
NOTIC: [8] Undefined index: IfDoc E:\www\www\tk\Doc\Model\HandleWordModel.class.php 第 1694 行.
NOTIC: [8] Undefined index: IfDoc E:\www\www\tk\Doc\Model\HandleWordModel.class.php 第 1694 行.
NOTIC: [8] Undefined index: IfDoc E:\www\www\tk\Doc\Model\HandleWordModel.class.php 第 1694 行.
NOTIC: [8] Undefined index: IfDoc E:\www\www\tk\Doc\Model\HandleWordModel.class.php 第 1694 行.
NOTIC: [8] Undefined index: IfDoc E:\www\www\tk\Doc\Model\HandleWordModel.class.php 第 1694 行.
NOTIC: [8] Undefined index: c E:\www\www\tk\Test\Model\TestRealQueryModel.class.php 第 315 行.
NOTIC: [8] Undefined index: TestID E:\www\www\tk\Test\Model\TestRealQueryModel.class.php 第 322 行.
NOTIC: [8] Undefined index: c E:\www\www\tk\Test\Model\TestRealQueryModel.class.php 第 340 行.
NOTIC: [8] Undefined index: c E:\www\www\tk\Test\Model\TestRealQueryModel.class.php 第 418 行.

[ 2017-10-06T09:45:41+08:00 ] 115.60.61.245 /Home
INFO: [ app_init ] --START--
INFO: Run Behavior\BuildLiteBehavior [ RunTime:0.000000s ]
INFO: [ app_init ] --END-- [ RunTime:0.000977s ]
NOTIC: [2] preg_match(): Unknown modifier 'f' E:\www\www\main\Library\Think\Route.class.php 第 58 行.
INFO: [ app_begin ] --START--
INFO: Run Behavior\ReadHtmlCacheBehavior [ RunTime:0.000976s ]
INFO: [ app_begin ] --END-- [ RunTime:0.000976s ]

[ 2017-10-06T09:45:41+08:00 ] 115.60.61.245 /Home/Index/main.html
INFO: [ app_init ] --START--
INFO: Run Behavior\BuildLiteBehavior [ RunTime:0.000000s ]
INFO: [ app_init ] --END-- [ RunTime:0.000000s ]
NOTIC: [2] preg_match(): Unknown modifier 'f' E:\www\www\main\Library\Think\Route.class.php 第 58 行.
NOTIC: [2] preg_match(): Unknown modifier 'f' E:\www\www\main\Library\Think\Route.class.php 第 58 行.
INFO: [ app_begin ] --START--
INFO: Run Behavior\ReadHtmlCacheBehavior [ RunTime:0.000977s ]
INFO: [ app_begin ] --END-- [ RunTime:0.000977s ]
INFO: [ view_parse ] --START--
INFO: [ template_filter ] --START--
INFO: Run Behavior\ContentReplaceBehavior [ RunTime:0.000977s ]
INFO: [ template_filter ] --END-- [ RunTime:0.000977s ]
NOTIC: [8] Undefined variable: loadMode E:\www\www\tk\Runtime\Cache\Home\f0afa10c0e61a07a18e1a0a8382d8919.php 第 155 行.
NOTIC: [8] Undefined variable: useAction E:\www\www\tk\Runtime\Cache\Home\f0afa10c0e61a07a18e1a0a8382d8919.php 第 159 行.
INFO: Run Behavior\ParseTemplateBehavior [ RunTime:0.013671s ]
INFO: [ view_parse ] --END-- [ RunTime:0.013671s ]
INFO: [ view_filter ] --START--
INFO: Run Behavior\WriteHtmlCacheBehavior [ RunTime:0.000977s ]
INFO: Run Behavior\TokenBuildBehavior [ RunTime:0.002929s ]
INFO: [ view_filter ] --END-- [ RunTime:0.004883s ]
INFO: [ app_end ] --START--
INFO: Run Behavior\ShowPageTraceBehavior [ RunTime:0.000976s ]
INFO: [ app_end ] --END-- [ RunTime:0.000976s ]

[ 2017-10-06T09:45:41+08:00 ] 115.60.61.245 /Home/Index/content.html
INFO: [ app_init ] --START--
INFO: Run Behavior\BuildLiteBehavior [ RunTime:0.000000s ]
INFO: [ app_init ] --END-- [ RunTime:0.000000s ]
NOTIC: [2] preg_match(): Unknown modifier 'f' E:\www\www\main\Library\Think\Route.class.php 第 58 行.
NOTIC: [2] preg_match(): Unknown modifier 'f' E:\www\www\main\Library\Think\Route.class.php 第 58 行.
INFO: [ app_begin ] --START--
INFO: Run Behavior\ReadHtmlCacheBehavior [ RunTime:0.000000s ]
INFO: [ app_begin ] --END-- [ RunTime:0.000977s ]
INFO: [ view_parse ] --START--
INFO: [ template_filter ] --START--
INFO: Run Behavior\ContentReplaceBehavior [ RunTime:0.000000s ]
INFO: [ template_filter ] --END-- [ RunTime:0.000000s ]
INFO: Run Behavior\ParseTemplateBehavior [ RunTime:0.010741s ]
INFO: [ view_parse ] --END-- [ RunTime:0.010741s ]
INFO: [ view_filter ] --START--
INFO: Run Behavior\WriteHtmlCacheBehavior [ RunTime:0.000000s ]
INFO: Run Behavior\TokenBuildBehavior [ RunTime:0.000977s ]
INFO: [ view_filter ] --END-- [ RunTime:0.000977s ]
INFO: [ app_end ] --START--
INFO: Run Behavior\ShowPageTraceBehavior [ RunTime:0.000000s ]
INFO: [ app_end ] --END-- [ RunTime:0.000000s ]

[ 2017-10-06T09:45:42+08:00 ] 115.60.61.245 /Home/Index/getDocList.html
INFO: [ app_init ] --START--
INFO: Run Behavior\BuildLiteBehavior [ RunTime:0.000000s ]
INFO: [ app_init ] --END-- [ RunTime:0.000000s ]
NOTIC: [2] preg_match(): Unknown modifier 'f' E:\www\www\main\Library\Think\Route.class.php 第 58 行.
NOTIC: [2] preg_match(): Unknown modifier 'f' E:\www\www\main\Library\Think\Route.class.php 第 58 行.
INFO: [ app_begin ] --START--
INFO: Run Behavior\ReadHtmlCacheBehavior [ RunTime:0.000000s ]
INFO: [ app_begin ] --END-- [ RunTime:0.000000s ]
NOTIC: [8] Undefined index: tid E:\www\www\tk\Home\Controller\IndexController.class.php 第 1594 行.
NOTIC: [8] Undefined index: area E:\www\www\tk\Home\Controller\IndexController.class.php 第 1595 行.
NOTIC: [8] Undefined index: page E:\www\www\tk\Home\Controller\IndexController.class.php 第 1597 行.
NOTIC: [8] Undefined index: grade E:\www\www\tk\Home\Controller\IndexController.class.php 第 1599 行.
NOTIC: [8] Undefined index: key E:\www\www\tk\Home\Controller\IndexController.class.php 第 1600 行.
NOTIC: [8] Undefined index: oldkey E:\www\www\tk\Home\Controller\IndexController.class.php 第 1601 行.
NOTIC: [2] assert(): Assertion failed E:\www\www\tk\Common\Tool\coreseek\api\sphinxapi.php 第 707 行.

[ 2017-10-06T09:45:50+08:00 ] 112.65.193.15 /Home
INFO: [ app_init ] --START--
INFO: Run Behavior\BuildLiteBehavior [ RunTime:0.000000s ]
INFO: [ app_init ] --END-- [ RunTime:0.000977s ]
NOTIC: [2] preg_match(): Unknown modifier 'f' E:\www\www\main\Library\Think\Route.class.php 第 58 行.
INFO: [ app_begin ] --START--
INFO: Run Behavior\ReadHtmlCacheBehavior [ RunTime:0.000000s ]
INFO: [ app_begin ] --END-- [ RunTime:0.000977s ]

[ 2017-10-06T09:45:50+08:00 ] 140.207.185.112 /Home/Index/main.html
INFO: [ app_init ] --START--
INFO: Run Behavior\BuildLiteBehavior [ RunTime:0.000000s ]
INFO: [ app_init ] --END-- [ RunTime:0.000000s ]
NOTIC: [2] preg_match(): Unknown modifier 'f' E:\www\www\main\Library\Think\Route.class.php 第 58 行.
NOTIC: [2] preg_match(): Unknown modifier 'f' E:\www\www\main\Library\Think\Route.class.php 第 58 行.
INFO: [ app_begin ] --START--
INFO: Run Behavior\ReadHtmlCacheBehavior [ RunTime:0.000977s ]
INFO: [ app_begin ] --END-- [ RunTime:0.000977s ]

[ 2017-10-06T09:45:58+08:00 ] 140.207.185.111 /Home/Index/content.html
INFO: [ app_init ] --START--
INFO: Run Behavior\BuildLiteBehavior [ RunTime:0.000000s ]
INFO: [ app_init ] --END-- [ RunTime:0.000977s ]
NOTIC: [2] preg_match(): Unknown modifier 'f' E:\www\www\main\Library\Think\Route.class.php 第 58 行.
NOTIC: [2] preg_match(): Unknown modifier 'f' E:\www\www\main\Library\Think\Route.class.php 第 58 行.
INFO: [ app_begin ] --START--
INFO: Run Behavior\ReadHtmlCacheBehavior [ RunTime:0.000976s ]
INFO: [ app_begin ] --END-- [ RunTime:0.000976s ]

[ 2017-10-06T09:47:41+08:00 ] 115.60.61.245 /Home/Index/testFav.html
INFO: [ app_init ] --START--
INFO: Run Behavior\BuildLiteBehavior [ RunTime:0.000000s ]
INFO: [ app_init ] --END-- [ RunTime:0.000000s ]
NOTIC: [2] preg_match(): Unknown modifier 'f' E:\www\www\main\Library\Think\Route.class.php 第 58 行.
NOTIC: [2] preg_match(): Unknown modifier 'f' E:\www\www\main\Library\Think\Route.class.php 第 58 行.
INFO: [ app_begin ] --START--
INFO: Run Behavior\ReadHtmlCacheBehavior [ RunTime:0.000977s ]
INFO: [ app_begin ] --END-- [ RunTime:0.000977s ]
NOTIC: [8] Undefined index: testfilter E:\www\www\tk\Common\Model\IndexModel.class.php 第 153 行.
NOTIC: [2] assert(): Assertion failed E:\www\www\tk\Common\Tool\coreseek\api\sphinxapi.php 第 824 行.
NOTIC: [8] Undefined index: AatTestStyle E:\www\www\tk\Common\Model\IndexModel.class.php 第 267 行.
NOTIC: [2] assert(): Assertion failed E:\www\www\tk\Common\Tool\coreseek\api\sphinxapi.php 第 128 行.
NOTIC: [8] Undefined index: matches E:\www\www\tk\Common\Model\IndexModel.class.php 第 816 行.
NOTIC: [2] Invalid argument supplied for foreach() E:\www\www\tk\Common\Model\IndexModel.class.php 第 819 行.
NOTIC: [8] Undefined index: matches E:\www\www\tk\Common\Model\IndexModel.class.php 第 949 行.

[ 2017-10-06T09:47:42+08:00 ] 115.60.61.245 /Home/Index/commentList.html
INFO: [ app_init ] --START--
INFO: Run Behavior\BuildLiteBehavior [ RunTime:0.000000s ]
INFO: [ app_init ] --END-- [ RunTime:0.000976s ]
NOTIC: [2] preg_match(): Unknown modifier 'f' E:\www\www\main\Library\Think\Route.class.php 第 58 行.
NOTIC: [2] preg_match(): Unknown modifier 'f' E:\www\www\main\Library\Think\Route.class.php 第 58 行.
INFO: [ app_begin ] --START--
INFO: Run Behavior\ReadHtmlCacheBehavior [ RunTime:0.000000s ]
INFO: [ app_begin ] --END-- [ RunTime:0.000000s ]
NOTIC: [8] Undefined index: id E:\www\www\tk\Home\Controller\IndexController.class.php 第 1886 行.

[ 2017-10-06T09:47:46+08:00 ] 115.60.61.245 /Home/Index/saveList.html
INFO: [ app_init ] --START--
INFO: Run Behavior\BuildLiteBehavior [ RunTime:0.000000s ]
INFO: [ app_init ] --END-- [ RunTime:0.000000s ]
NOTIC: [2] preg_match(): Unknown modifier 'f' E:\www\www\main\Library\Think\Route.class.php 第 58 行.
NOTIC: [2] preg_match(): Unknown modifier 'f' E:\www\www\main\Library\Think\Route.class.php 第 58 行.
INFO: [ app_begin ] --START--
INFO: Run Behavior\ReadHtmlCacheBehavior [ RunTime:0.000976s ]
INFO: [ app_begin ] --END-- [ RunTime:0.000976s ]

[ 2017-10-06T09:47:56+08:00 ] 115.60.61.245 /Home/Index/saveDown.html
INFO: [ app_init ] --START--
INFO: Run Behavior\BuildLiteBehavior [ RunTime:0.000000s ]
INFO: [ app_init ] --END-- [ RunTime:0.000976s ]
NOTIC: [2] preg_match(): Unknown modifier 'f' E:\www\www\main\Library\Think\Route.class.php 第 58 行.
NOTIC: [2] preg_match(): Unknown modifier 'f' E:\www\www\main\Library\Think\Route.class.php 第 58 行.
INFO: [ app_begin ] --START--
INFO: Run Behavior\ReadHtmlCacheBehavior [ RunTime:0.000977s ]
INFO: [ app_begin ] --END-- [ RunTime:0.000977s ]
NOTIC: [8] Undefined variable: dataTime2 E:\www\www\tk\Home\Controller\IndexController.class.php 第 1028 行.

[ 2017-10-06T10:14:22+08:00 ] 115.60.61.245 /Home
INFO: [ app_init ] --START--
INFO: Run Behavior\BuildLiteBehavior [ RunTime:0.000000s ]
INFO: [ app_init ] --END-- [ RunTime:0.000977s ]
NOTIC: [2] preg_match(): Unknown modifier 'f' E:\www\www\main\Library\Think\Route.class.php 第 58 行.
INFO: [ app_begin ] --START--
INFO: Run Behavior\ReadHtmlCacheBehavior [ RunTime:0.000976s ]
INFO: [ app_begin ] --END-- [ RunTime:0.000976s ]

[ 2017-10-06T10:14:22+08:00 ] 115.60.61.245 /Home/Index/main.html
INFO: [ app_init ] --START--
INFO: Run Behavior\BuildLiteBehavior [ RunTime:0.000000s ]
INFO: [ app_init ] --END-- [ RunTime:0.000000s ]
NOTIC: [2] preg_match(): Unknown modifier 'f' E:\www\www\main\Library\Think\Route.class.php 第 58 行.
NOTIC: [2] preg_match(): Unknown modifier 'f' E:\www\www\main\Library\Think\Route.class.php 第 58 行.
INFO: [ app_begin ] --START--
INFO: Run Behavior\ReadHtmlCacheBehavior [ RunTime:0.000977s ]
INFO: [ app_begin ] --END-- [ RunTime:0.000977s ]
INFO: [ view_parse ] --START--
INFO: [ template_filter ] --START--
INFO: Run Behavior\ContentReplaceBehavior [ RunTime:0.000000s ]
INFO: [ template_filter ] --END-- [ RunTime:0.000000s ]
NOTIC: [8] Undefined variable: loadMode E:\www\www\tk\Runtime\Cache\Home\f0afa10c0e61a07a18e1a0a8382d8919.php 第 155 行.
NOTIC: [8] Undefined variable: useAction E:\www\www\tk\Runtime\Cache\Home\f0afa10c0e61a07a18e1a0a8382d8919.php 第 159 行.
INFO: Run Behavior\ParseTemplateBehavior [ RunTime:0.015624s ]
INFO: [ view_parse ] --END-- [ RunTime:0.015624s ]
INFO: [ view_filter ] --START--
INFO: Run Behavior\WriteHtmlCacheBehavior [ RunTime:0.000000s ]
INFO: Run Behavior\TokenBuildBehavior [ RunTime:0.003906s ]
INFO: [ view_filter ] --END-- [ RunTime:0.003906s ]
INFO: [ app_end ] --START--
INFO: Run Behavior\ShowPageTraceBehavior [ RunTime:0.000977s ]
INFO: [ app_end ] --END-- [ RunTime:0.000977s ]

[ 2017-10-06T10:14:22+08:00 ] 115.60.61.245 /Home/Index/content.html
INFO: [ app_init ] --START--
INFO: Run Behavior\BuildLiteBehavior [ RunTime:0.000000s ]
INFO: [ app_init ] --END-- [ RunTime:0.000000s ]
NOTIC: [2] preg_match(): Unknown modifier 'f' E:\www\www\main\Library\Think\Route.class.php 第 58 行.
NOTIC: [2] preg_match(): Unknown modifier 'f' E:\www\www\main\Library\Think\Route.class.php 第 58 行.
INFO: [ app_begin ] --START--
INFO: Run Behavior\ReadHtmlCacheBehavior [ RunTime:0.000976s ]
INFO: [ app_begin ] --END-- [ RunTime:0.000976s ]
INFO: [ view_parse ] --START--
INFO: [ template_filter ] --START--
INFO: Run Behavior\ContentReplaceBehavior [ RunTime:0.000000s ]
INFO: [ template_filter ] --END-- [ RunTime:0.000000s ]
INFO: Run Behavior\ParseTemplateBehavior [ RunTime:0.010742s ]
INFO: [ view_parse ] --END-- [ RunTime:0.010742s ]
INFO: [ view_filter ] --START--
INFO: Run Behavior\WriteHtmlCacheBehavior [ RunTime:0.000976s ]
INFO: Run Behavior\TokenBuildBehavior [ RunTime:0.000977s ]
INFO: [ view_filter ] --END-- [ RunTime:0.001953s ]
INFO: [ app_end ] --START--
INFO: Run Behavior\ShowPageTraceBehavior [ RunTime:0.000976s ]
INFO: [ app_end ] --END-- [ RunTime:0.000976s ]

[ 2017-10-06T10:14:22+08:00 ] 115.60.61.245 /Home/Index/getDocList.html
INFO: [ app_init ] --START--
INFO: Run Behavior\BuildLiteBehavior [ RunTime:0.000000s ]
INFO: [ app_init ] --END-- [ RunTime:0.000000s ]
NOTIC: [2] preg_match(): Unknown modifier 'f' E:\www\www\main\Library\Think\Route.class.php 第 58 行.
NOTIC: [2] preg_match(): Unknown modifier 'f' E:\www\www\main\Library\Think\Route.class.php 第 58 行.
INFO: [ app_begin ] --START--
INFO: Run Behavior\ReadHtmlCacheBehavior [ RunTime:0.000977s ]
INFO: [ app_begin ] --END-- [ RunTime:0.000977s ]
NOTIC: [8] Undefined index: tid E:\www\www\tk\Home\Controller\IndexController.class.php 第 1594 行.
NOTIC: [8] Undefined index: area E:\www\www\tk\Home\Controller\IndexController.class.php 第 1595 行.
NOTIC: [8] Undefined index: page E:\www\www\tk\Home\Controller\IndexController.class.php 第 1597 行.
NOTIC: [8] Undefined index: grade E:\www\www\tk\Home\Controller\IndexController.class.php 第 1599 行.
NOTIC: [8] Undefined index: key E:\www\www\tk\Home\Controller\IndexController.class.php 第 1600 行.
NOTIC: [8] Undefined index: oldkey E:\www\www\tk\Home\Controller\IndexController.class.php 第 1601 行.
NOTIC: [2] assert(): Assertion failed E:\www\www\tk\Common\Tool\coreseek\api\sphinxapi.php 第 707 行.

[ 2017-10-06T10:14:28+08:00 ] 115.60.61.245 /Home/Index/zuJuan.html
INFO: [ app_init ] --START--
INFO: Run Behavior\BuildLiteBehavior [ RunTime:0.000000s ]
INFO: [ app_init ] --END-- [ RunTime:0.000977s ]
NOTIC: [2] preg_match(): Unknown modifier 'f' E:\www\www\main\Library\Think\Route.class.php 第 58 行.
NOTIC: [2] preg_match(): Unknown modifier 'f' E:\www\www\main\Library\Think\Route.class.php 第 58 行.
INFO: [ app_begin ] --START--
INFO: Run Behavior\ReadHtmlCacheBehavior [ RunTime:0.000976s ]
INFO: [ app_begin ] --END-- [ RunTime:0.000976s ]
NOTIC: [2] preg_replace(): No ending delimiter '/' found E:\www\www\tk\Common\Model\ApiDbModel.class.php 第 196 行.
INFO: [ view_parse ] --START--
INFO: [ template_filter ] --START--
INFO: Run Behavior\ContentReplaceBehavior [ RunTime:0.000000s ]
INFO: [ template_filter ] --END-- [ RunTime:0.000000s ]
INFO: Run Behavior\ParseTemplateBehavior [ RunTime:0.008788s ]
INFO: [ view_parse ] --END-- [ RunTime:0.008788s ]
INFO: [ view_filter ] --START--
INFO: Run Behavior\WriteHtmlCacheBehavior [ RunTime:0.000000s ]
INFO: Run Behavior\TokenBuildBehavior [ RunTime:0.003906s ]
INFO: [ view_filter ] --END-- [ RunTime:0.003906s ]
INFO: [ app_end ] --START--
INFO: Run Behavior\ShowPageTraceBehavior [ RunTime:0.000976s ]
INFO: [ app_end ] --END-- [ RunTime:0.000976s ]

[ 2017-10-06T10:14:28+08:00 ] 115.60.61.245 /Home/Index/getZjTestById.html
INFO: [ app_init ] --START--
INFO: Run Behavior\BuildLiteBehavior [ RunTime:0.000000s ]
INFO: [ app_init ] --END-- [ RunTime:0.000000s ]
NOTIC: [2] preg_match(): Unknown modifier 'f' E:\www\www\main\Library\Think\Route.class.php 第 58 行.
NOTIC: [2] preg_match(): Unknown modifier 'f' E:\www\www\main\Library\Think\Route.class.php 第 58 行.
INFO: [ app_begin ] --START--
INFO: Run Behavior\ReadHtmlCacheBehavior [ RunTime:0.000000s ]
INFO: [ app_begin ] --END-- [ RunTime:0.000000s ]
NOTIC: [8] Undefined index: testfilter E:\www\www\tk\Common\Model\IndexModel.class.php 第 153 行.
NOTIC: [8] Undefined index: AatTestStyle E:\www\www\tk\Common\Model\IndexModel.class.php 第 267 行.
NOTIC: [8] Undefined index: subjectname E:\www\www\tk\Common\Model\IndexModel.class.php 第 983 行.
NOTIC: [8] Undefined index: specialname E:\www\www\tk\Common\Model\IndexModel.class.php 第 984 行.
NOTIC: [8] Undefined index: klnameonly E:\www\www\tk\Common\Model\IndexModel.class.php 第 985 行.
NOTIC: [8] Undefined index: klnameall E:\www\www\tk\Common\Model\IndexModel.class.php 第 985 行.
NOTIC: [8] Undefined index: kllist E:\www\www\tk\Common\Model\IndexModel.class.php 第 985 行.
NOTIC: [8] Undefined index: chaptername E:\www\www\tk\Common\Model\IndexModel.class.php 第 989 行.
NOTIC: [8] Undefined index: gradename E:\www\www\tk\Common\Model\IndexModel.class.php 第 993 行.
NOTIC: [8] Undefined index: IfDoc E:\www\www\tk\Doc\Model\HandleWordModel.class.php 第 1694 行.
NOTIC: [8] Undefined index: IfDoc E:\www\www\tk\Doc\Model\HandleWordModel.class.php 第 1694 行.
NOTIC: [8] Undefined index: IfDoc E:\www\www\tk\Doc\Model\HandleWordModel.class.php 第 1694 行.
NOTIC: [8] Undefined index: IfDoc E:\www\www\tk\Doc\Model\HandleWordModel.class.php 第 1694 行.
NOTIC: [8] Undefined index: IfDoc E:\www\www\tk\Doc\Model\HandleWordModel.class.php 第 1694 行.
NOTIC: [8] Undefined index: IfDoc E:\www\www\tk\Doc\Model\HandleWordModel.class.php 第 1694 行.
NOTIC: [8] Undefined index: IfDoc E:\www\www\tk\Doc\Model\HandleWordModel.class.php 第 1694 行.
NOTIC: [8] Undefined index: IfDoc E:\www\www\tk\Doc\Model\HandleWordModel.class.php 第 1694 行.
NOTIC: [8] Undefined index: IfDoc E:\www\www\tk\Doc\Model\HandleWordModel.class.php 第 1694 行.
NOTIC: [8] Undefined index: IfDoc E:\www\www\tk\Doc\Model\HandleWordModel.class.php 第 1694 行.
NOTIC: [8] Undefined index: IfDoc E:\www\www\tk\Doc\Model\HandleWordModel.class.php 第 1694 行.
NOTIC: [8] Undefined index: IfDoc E:\www\www\tk\Doc\Model\HandleWordModel.class.php 第 1694 行.
NOTIC: [8] Undefined index: IfDoc E:\www\www\tk\Doc\Model\HandleWordModel.class.php 第 1694 行.
NOTIC: [8] Undefined index: IfDoc E:\www\www\tk\Doc\Model\HandleWordModel.class.php 第 1694 行.
NOTIC: [8] Undefined index: IfDoc E:\www\www\tk\Doc\Model\HandleWordModel.class.php 第 1694 行.
NOTIC: [8] Undefined index: IfDoc E:\www\www\tk\Doc\Model\HandleWordModel.class.php 第 1694 行.
NOTIC: [8] Undefined index: IfDoc E:\www\www\tk\Doc\Model\HandleWordModel.class.php 第 1694 行.
NOTIC: [8] Undefined index: IfDoc E:\www\www\tk\Doc\Model\HandleWordModel.class.php 第 1694 行.
NOTIC: [8] Undefined index: IfDoc E:\www\www\tk\Doc\Model\HandleWordModel.class.php 第 1694 行.
NOTIC: [8] Undefined index: IfDoc E:\www\www\tk\Doc\Model\HandleWordModel.class.php 第 1694 行.
NOTIC: [8] Undefined index: IfDoc E:\www\www\tk\Doc\Model\HandleWordModel.class.php 第 1694 行.
NOTIC: [8] Undefined index: IfDoc E:\www\www\tk\Doc\Model\HandleWordModel.class.php 第 1694 行.
NOTIC: [8] Undefined index: IfDoc E:\www\www\tk\Doc\Model\HandleWordModel.class.php 第 1694 行.
NOTIC: [8] Undefined index: IfDoc E:\www\www\tk\Doc\Model\HandleWordModel.class.php 第 1694 行.
NOTIC: [8] Undefined index: c E:\www\www\tk\Test\Model\TestRealQueryModel.class.php 第 315 行.
NOTIC: [8] Undefined index: TestID E:\www\www\tk\Test\Model\TestRealQueryModel.class.php 第 322 行.
NOTIC: [8] Undefined index: c E:\www\www\tk\Test\Model\TestRealQueryModel.class.php 第 340 行.
NOTIC: [8] Undefined index: c E:\www\www\tk\Test\Model\TestRealQueryModel.class.php 第 418 行.

[ 2017-10-06T15:54:32+08:00 ] 119.181.243.80 /Home.html
INFO: [ app_init ] --START--
INFO: Run Behavior\BuildLiteBehavior [ RunTime:0.000000s ]
INFO: [ app_init ] --END-- [ RunTime:0.000000s ]
NOTIC: [2] preg_match(): Unknown modifier 'f' E:\www\www\main\Library\Think\Route.class.php 第 58 行.
INFO: [ app_begin ] --START--
INFO: Run Behavior\ReadHtmlCacheBehavior [ RunTime:0.000977s ]
INFO: [ app_begin ] --END-- [ RunTime:0.000977s ]

