[ 2017-10-20T13:28:17+08:00 ] 127.0.0.1 /Home
INFO: [ app_init ] --START--
INFO: Run Behavior\BuildLiteBehavior [ RunTime:0.000010s ]
INFO: [ app_init ] --END-- [ RunTime:0.000047s ]
NOTIC: [2] preg_match(): Unknown modifier 'f' E:\web\www\main\Library\Think\Route.class.php 第 58 行.
INFO: [ app_begin ] --START--
INFO: Run Behavior\ReadHtmlCacheBehavior [ RunTime:0.000674s ]
INFO: [ app_begin ] --END-- [ RunTime:0.000718s ]

[ 2017-10-20T13:28:17+08:00 ] 127.0.0.1 /Home/Index/main.html
INFO: [ app_init ] --START--
INFO: Run Behavior\BuildLiteBehavior [ RunTime:0.000010s ]
INFO: [ app_init ] --END-- [ RunTime:0.000046s ]
NOTIC: [2] preg_match(): Unknown modifier 'f' E:\web\www\main\Library\Think\Route.class.php 第 58 行.
NOTIC: [2] preg_match(): Unknown modifier 'f' E:\web\www\main\Library\Think\Route.class.php 第 58 行.
INFO: [ app_begin ] --START--
INFO: Run Behavior\ReadHtmlCacheBehavior [ RunTime:0.000525s ]
INFO: [ app_begin ] --END-- [ RunTime:0.000560s ]
INFO: [ view_parse ] --START--
INFO: [ template_filter ] --START--
INFO: Run Behavior\ContentReplaceBehavior [ RunTime:0.000201s ]
INFO: [ template_filter ] --END-- [ RunTime:0.000256s ]
NOTIC: [8] Undefined variable: loadMode E:\web\www\tk\Runtime\Cache\Home\f0afa10c0e61a07a18e1a0a8382d8919.php 第 155 行.
NOTIC: [8] Undefined variable: useAction E:\web\www\tk\Runtime\Cache\Home\f0afa10c0e61a07a18e1a0a8382d8919.php 第 159 行.
INFO: Run Behavior\ParseTemplateBehavior [ RunTime:0.020046s ]
INFO: [ view_parse ] --END-- [ RunTime:0.020112s ]
INFO: [ view_filter ] --START--
INFO: Run Behavior\WriteHtmlCacheBehavior [ RunTime:0.000710s ]
INFO: Run Behavior\TokenBuildBehavior [ RunTime:0.003237s ]
INFO: [ view_filter ] --END-- [ RunTime:0.004069s ]
INFO: [ app_end ] --START--
INFO: Run Behavior\ShowPageTraceBehavior [ RunTime:0.000844s ]
INFO: [ app_end ] --END-- [ RunTime:0.000915s ]

[ 2017-10-20T13:28:17+08:00 ] 127.0.0.1 /Home/Index/content.html
INFO: [ app_init ] --START--
INFO: Run Behavior\BuildLiteBehavior [ RunTime:0.000015s ]
INFO: [ app_init ] --END-- [ RunTime:0.000063s ]
NOTIC: [2] preg_match(): Unknown modifier 'f' E:\web\www\main\Library\Think\Route.class.php 第 58 行.
NOTIC: [2] preg_match(): Unknown modifier 'f' E:\web\www\main\Library\Think\Route.class.php 第 58 行.
INFO: [ app_begin ] --START--
INFO: Run Behavior\ReadHtmlCacheBehavior [ RunTime:0.000766s ]
INFO: [ app_begin ] --END-- [ RunTime:0.000832s ]
INFO: [ view_parse ] --START--
INFO: [ template_filter ] --START--
INFO: Run Behavior\ContentReplaceBehavior [ RunTime:0.000091s ]
INFO: [ template_filter ] --END-- [ RunTime:0.000159s ]
INFO: Run Behavior\ParseTemplateBehavior [ RunTime:0.015095s ]
INFO: [ view_parse ] --END-- [ RunTime:0.015175s ]
INFO: [ view_filter ] --START--
INFO: Run Behavior\WriteHtmlCacheBehavior [ RunTime:0.000787s ]
INFO: Run Behavior\TokenBuildBehavior [ RunTime:0.001207s ]
INFO: [ view_filter ] --END-- [ RunTime:0.002073s ]
INFO: [ app_end ] --START--
INFO: Run Behavior\ShowPageTraceBehavior [ RunTime:0.000621s ]
INFO: [ app_end ] --END-- [ RunTime:0.000660s ]

[ 2017-10-20T13:28:17+08:00 ] 127.0.0.1 /Home/Index/getDocList.html
INFO: [ app_init ] --START--
INFO: Run Behavior\BuildLiteBehavior [ RunTime:0.000012s ]
INFO: [ app_init ] --END-- [ RunTime:0.000052s ]
NOTIC: [2] preg_match(): Unknown modifier 'f' E:\web\www\main\Library\Think\Route.class.php 第 58 行.
NOTIC: [2] preg_match(): Unknown modifier 'f' E:\web\www\main\Library\Think\Route.class.php 第 58 行.
INFO: [ app_begin ] --START--
INFO: Run Behavior\ReadHtmlCacheBehavior [ RunTime:0.000608s ]
INFO: [ app_begin ] --END-- [ RunTime:0.000655s ]
NOTIC: [8] Undefined index: tid E:\web\www\tk\Home\Controller\IndexController.class.php 第 1596 行.
NOTIC: [8] Undefined index: area E:\web\www\tk\Home\Controller\IndexController.class.php 第 1597 行.
NOTIC: [8] Undefined index: page E:\web\www\tk\Home\Controller\IndexController.class.php 第 1599 行.
NOTIC: [8] Undefined index: grade E:\web\www\tk\Home\Controller\IndexController.class.php 第 1601 行.
NOTIC: [8] Undefined index: key E:\web\www\tk\Home\Controller\IndexController.class.php 第 1602 行.
NOTIC: [8] Undefined index: oldkey E:\web\www\tk\Home\Controller\IndexController.class.php 第 1603 行.
NOTIC: [2] assert(): Assertion failed E:\web\www\tk\Common\Tool\coreseek\api\sphinxapi.php 第 707 行.

[ 2017-10-20T13:28:19+08:00 ] 127.0.0.1 /Home/Index/loginOut.html
INFO: [ app_init ] --START--
INFO: Run Behavior\BuildLiteBehavior [ RunTime:0.000010s ]
INFO: [ app_init ] --END-- [ RunTime:0.000046s ]
NOTIC: [2] preg_match(): Unknown modifier 'f' E:\web\www\main\Library\Think\Route.class.php 第 58 行.
NOTIC: [2] preg_match(): Unknown modifier 'f' E:\web\www\main\Library\Think\Route.class.php 第 58 行.
INFO: [ app_begin ] --START--
INFO: Run Behavior\ReadHtmlCacheBehavior [ RunTime:0.000560s ]
INFO: [ app_begin ] --END-- [ RunTime:0.000600s ]
NOTIC: [8] Undefined offset: 1 E:\web\www\tk\Common\Controller\CommonController.class.php 第 323 行.
NOTIC: [8] Undefined offset: 2 E:\web\www\tk\Common\Controller\CommonController.class.php 第 323 行.
NOTIC: [8] Undefined offset: 1 E:\web\www\tk\Common\Controller\CommonController.class.php 第 334 行.
NOTIC: [8] Undefined offset: 2 E:\web\www\tk\Common\Controller\CommonController.class.php 第 334 行.
NOTIC: [8] Undefined offset: 1 E:\web\www\tk\Common\Controller\CommonController.class.php 第 330 行.
NOTIC: [8] Undefined offset: 2 E:\web\www\tk\Common\Controller\CommonController.class.php 第 330 行.
NOTIC: [8] Undefined offset: 1 E:\web\www\tk\Common\Controller\CommonController.class.php 第 327 行.
NOTIC: [8] Undefined offset: 2 E:\web\www\tk\Common\Controller\CommonController.class.php 第 327 行.

